0.06,4212054
0.06,4016576
0.06,3961292
0.06,3959236
0.06,3931503
0.06,3774657
0.06,3755346
0.06,3734877
0.06,3730429
0.07,3548680
0.07,3528144
0.07,3466635
0.07,3409030
0.07,3362117
0.07,3169415
0.07,3113012
0.07,3111637
0.07,2972990
0.07,2847306
0.07,2819649
0.07,2774980
0.07,2744715
0.07,2736481
0.08,2704296
0.08,2589972
0.08,2587279
0.08,2559422
0.08,2349602
0.08,2289111
0.08,2261454
0.08,2248460
0.08,2240142
0.08,2171903
0.08,2087219
0.08,2082965
0.08,2069638
0.08,2040748
0.08,2025072
0.08,2003762
