0.00,4841138
0.01,4755319
0.01,4516659
0.01,4507814
0.01,4500741
0.01,4485817
0.01,4481837
0.01,4300287
0.01,4262363
0.01,4101349
0.01,4075068
0.01,4054044
0.01,4037039
0.01,3932391
0.01,3835456
0.01,3788669
0.01,3772421
0.01,3756690
0.01,3560700
0.01,3465808
0.01,3344724
0.01,3271770
0.01,3231862
0.01,3057613
0.01,2940462
0.01,2916018
0.01,2827011
0.01,2813871
0.02,2786850
0.02,2764747
0.02,2678784
0.02,2672072
0.02,2669294
0.02,2591199
0.02,2578922
0.02,2557285
0.02,2535433
0.03,2492634
0.03,2471722
0.03,2321337
0.03,2214004
0.03,2129224
0.03,2127789
0.03,2087078
0.03,2044279
0.03,2044279
0.04,2039905
0.04,2003762
0.07,2003762
