0.06,4143923
0.06,4118561
0.06,4110113
0.06,3984016
0.06,3962473
0.06,3821626
0.06,3819743
0.06,3794961
0.06,3784443
0.06,3544852
0.06,3185428
0.06,3177447
0.06,3139845
0.07,3128635
0.07,3107085
0.07,3100679
0.07,2937820
0.07,2916664
0.07,2900185
0.07,2740217
0.07,2697159
0.07,2694494
0.07,2652957
0.07,2638850
0.07,2615061
0.07,2563430
0.07,2498864
0.07,2384350
0.07,2354498
0.07,2323044
0.08,2323044
0.08,2317188
0.08,2146754
0.08,2123146
0.08,2066327
0.08,2065361
0.08,2062634
0.08,2054980
0.08,2041837
0.08,2031422
0.08,2031422
0.10,2023778
0.15,2017702
0.15,2003762
