0.06,4611260
0.06,4553324
0.06,4353813
0.06,4343276
0.06,4215671
0.06,3957967
0.06,3884797
0.06,3830570
0.06,3652483
0.06,3632095
0.06,3614459
0.06,3456861
0.06,3358973
0.07,3312186
0.07,3252532
0.07,3202301
0.07,3202301
0.07,3180730
0.07,3145503
0.07,2884737
0.07,2592704
0.07,2576871
0.07,2487186
0.07,2470946
0.07,2231856
0.08,2155341
0.08,2155341
0.08,2104843
0.08,2097854
0.08,2085941
0.08,2082500
0.08,2080084
0.08,2073492
0.08,2070202
0.08,2065948
0.09,2063663
0.09,2053247
0.09,2045785
0.09,2033436
0.09,2017702
0.09,2003762
