0.06,4043503
0.06,4043503
0.06,3986610
0.06,3519877
0.06,3496967
0.06,3463827
0.06,3268671
0.06,3213825
0.06,3129303
0.06,2968253
0.06,2852648
0.06,2796364
0.06,2755652
0.07,2747334
0.07,2716406
0.07,2619883
0.07,2570968
0.07,2569593
0.07,2497808
0.07,2411802
0.08,2410367
0.08,2362681
0.08,2346441
0.08,2333114
0.08,2296553
0.08,2253754
0.08,2204796
0.08,2149794
0.08,2137306
0.08,2126891
0.08,2082384
0.08,2066144
0.08,2042057
0.09,2031422
0.09,2031422
0.12,2023778
0.16,2016321
0.16,2003762
0.16,2003762
