0.06,5341770
0.06,5302345
0.06,4913242
0.06,4891226
0.06,4664719
0.06,4454695
0.07,4298968
0.07,4207259
0.07,3950192
0.07,3517003
0.07,3375778
0.07,3287307
0.07,3240829
0.07,3218914
0.07,3133726
0.07,3039004
0.07,3029702
0.07,3003314
0.07,2993654
0.07,2992995
0.08,2882051
0.08,2874191
0.08,2843289
0.08,2820465
0.08,2772130
0.08,2757536
0.08,2656273
0.08,2516703
0.08,2474941
0.08,2463589
0.08,2385892
0.08,2317922
0.08,2315998
0.08,2282113
0.08,2234410
0.08,2191179
0.08,2171254
0.08,2148379
0.08,2135123
0.09,2127183
0.09,2042417
0.09,2041761
0.09,2037508
0.09,2037508
0.09,2034413
0.09,2023778
0.18,2016321
0.19,2003762
