0.06,4056260
0.06,4052074
0.06,4040945
0.06,3896514
0.06,3874675
0.06,3736960
0.07,3723893
0.07,3507798
0.07,3472092
0.07,3464241
0.07,3436584
0.07,3380923
0.07,3367930
0.07,3312462
0.07,3309551
0.07,3299042
0.07,3134591
0.07,3039866
0.07,2718631
0.07,2666788
0.07,2648290
0.08,2473753
0.08,2435175
0.08,2421086
0.08,2325485
0.08,2253182
0.08,2247244
0.08,2223775
0.08,2175460
0.08,2152585
0.08,2123648
0.08,2113233
0.08,2110910
0.09,2093073
0.09,2049140
0.09,2046681
0.09,2034193
0.09,2034193
0.09,2023778
0.23,2003762
