0.06,5742515
0.07,5673011
0.07,5634517
0.07,5410955
0.07,4987100
0.07,4899457
0.07,4636415
0.07,4631593
0.07,4614118
0.07,4607005
0.07,4600253
0.07,4222749
0.07,3982750
0.07,3950902
0.07,3521350
0.07,3351733
0.07,3224273
0.07,3051514
0.07,2827022
0.08,2817621
0.08,2785649
0.08,2704960
0.08,2601991
0.08,2541237
0.08,2507424
0.08,2484772
0.08,2459632
0.08,2444097
0.08,2398054
0.08,2363075
0.08,2344045
0.08,2320507
0.08,2250854
0.08,2241168
0.09,2237426
0.09,2233080
0.09,2225276
0.09,2215691
0.09,2208387
0.09,2179450
0.09,2115530
0.09,2065031
0.09,2041684
0.09,2039224
0.09,2026737
0.09,2016321
0.09,2003762
