0.06,5138028
0.06,5007463
0.06,4902157
0.06,4841949
0.06,4841829
0.06,4715069
0.06,4651256
0.06,4514568
0.06,4433726
0.06,4341162
0.06,4236603
0.06,4057569
0.06,3950591
0.06,3947300
0.06,3635864
0.07,3616138
0.07,3441706
0.07,3190124
0.07,3014692
0.07,2578449
0.07,2377660
0.07,2371107
0.07,2340632
0.08,2322173
0.08,2294938
0.08,2265483
0.08,2258531
0.08,2221291
0.08,2210876
0.08,2179396
0.08,2164432
0.08,2154317
0.08,2146182
0.08,2145296
0.08,2141554
0.08,2107288
0.09,2052532
0.09,2034193
0.09,2034193
0.09,2023778
0.09,2023778
0.16,2016321
0.16,2016321
0.16,2003762
