0.00,2336135
0.01,2306569
0.01,2275888
0.01,2271765
0.01,2200009
0.01,2173913
0.01,2167623
0.01,2105991
0.01,2081394
0.01,2073489
0.01,2036507
0.01,2029454
0.01,2028144
0.01,2020673
0.01,2019577
0.01,2019540
0.01,1988688
0.01,1987414
0.01,1986374
0.01,1970844
0.01,1880560
0.01,1856590
0.01,1854081
0.01,1830405
0.01,1828383
0.02,1816912
0.02,1802258
0.02,1799071
0.02,1760384
0.02,1751724
0.02,1720252
0.02,1713290
0.02,1711074
0.02,1637880
0.02,1636349
0.02,1632524
0.02,1628246
0.02,1625072
0.02,1622859
0.02,1609315
0.02,1595421
0.02,1573542
0.02,1553820
0.02,1541919
0.02,1521404
0.02,1511891
0.02,1506423
0.02,1488898
0.02,1460950
0.02,1457143
0.02,1447521
0.02,1440036
0.03,1437645
0.03,1413347
0.03,1409240
0.03,1300960
0.03,1300918
0.03,1297817
0.03,1297748
0.03,1295549
0.03,1268547
0.03,1266766
0.03,1247227
0.03,1234783
0.03,1232022
0.03,1191425
0.03,1172484
0.03,1149257
0.03,1147354
0.03,1139315
0.03,1134753
0.03,1124556
0.04,1119212
0.04,1112131
0.04,1090454
0.04,1070614
0.04,1063897
0.04,1047673
0.04,1045472
0.04,1036699
0.04,1025373
0.04,1006955
0.04,989774
0.04,989750
0.04,971859
0.04,961631
0.04,956007
0.04,953774
0.05,942123
0.05,942123
0.05,940701
0.07,936304
0.07,935617
0.07,935148
0.07,932530
0.07,927387
0.07,926288
0.11,923246
0.11,923246
0.18,922556
0.18,921981
0.18,921981
0.18,916738
0.24,903357
0.24,903147
0.24,899023
0.25,898811
0.25,898630
0.27,897003
0.41,895288
0.41,895078
0.41,895078
1.00,895040
1.09,894814
1.09,894604
1.09,894604
1.66,894193
1.67,894193
6.38,894155
13.02,893533
