0.06,2753594
0.06,2730444
0.06,2681877
0.06,2669216
0.07,2654618
0.07,2645222
0.07,2637417
0.07,2603130
0.07,2584263
0.07,2579156
0.07,2561430
0.07,2517798
0.07,2507267
0.07,2503572
0.07,2474455
0.08,2473594
0.08,2416702
0.08,2382605
0.08,2228792
0.08,2167398
0.08,2148218
0.08,2114382
0.08,2113640
0.08,2112355
0.08,2070031
0.08,2067438
0.08,2037535
0.08,2032729
0.08,1998141
0.08,1942094
0.08,1883551
0.08,1881668
0.08,1875440
0.08,1856445
0.08,1843541
0.08,1831316
0.08,1799904
0.08,1789327
0.08,1784818
0.08,1775198
0.08,1770211
0.08,1727970
0.08,1722441
0.08,1716901
0.08,1666156
0.08,1631993
0.08,1628397
0.09,1626285
0.09,1623434
0.09,1615632
0.09,1564384
0.09,1528463
0.09,1500173
0.09,1499013
0.09,1482116
0.09,1464408
0.09,1458478
0.09,1437542
0.09,1437430
0.09,1420854
0.09,1420024
0.09,1418382
0.09,1406923
0.09,1405804
0.09,1379815
0.09,1362835
0.09,1293541
0.09,1292403
0.09,1287247
0.09,1280294
0.09,1271356
0.09,1247515
0.09,1198281
0.09,1188229
0.09,1187710
0.09,1182959
0.09,1182404
0.09,1168459
0.09,1152408
0.09,1152188
0.09,1148762
0.09,1122906
0.09,1119148
0.09,1108683
0.09,1101850
0.09,1092982
0.09,1092042
0.09,1088443
0.10,1072379
0.10,1055102
0.10,1053271
0.10,1014773
0.16,1013325
0.16,1012300
0.16,992730
0.16,991128
0.16,979731
0.16,976147
0.16,967061
0.30,966898
0.30,962840
0.30,957765
0.55,943584
0.55,931331
0.55,927228
0.55,915090
1.09,903829
1.70,902626
1.78,902263
1.82,899236
1.82,895578
2.20,893955
2.20,893743
2.20,893533
3.39,893533
