0.07,3030578
0.08,3029280
0.08,3008389
0.08,3000998
0.08,2978059
0.08,2913787
0.08,2902073
0.08,2895731
0.08,2856964
0.08,2838878
0.08,2825045
0.08,2791830
0.08,2788693
0.08,2714931
0.09,2635420
0.09,2584991
0.09,2515281
0.09,2467760
0.09,2459072
0.09,2430929
0.09,2416650
0.09,2412352
0.09,2412279
0.10,2407743
0.10,2354080
0.10,2333508
0.10,2330733
0.10,2329886
0.10,2285879
0.10,2256840
0.10,2229256
0.10,2184823
0.10,2118195
0.10,2116626
0.10,2107581
0.10,1951778
0.10,1951230
0.10,1931974
0.10,1872295
0.10,1869108
0.10,1856410
0.10,1852472
0.10,1851313
0.10,1851126
0.10,1824393
0.10,1824248
0.10,1809457
0.10,1806818
0.10,1792606
0.10,1758176
0.10,1747723
0.10,1733214
0.11,1720519
0.11,1682463
0.11,1654361
0.11,1654188
0.11,1639198
0.11,1615324
0.11,1599671
0.11,1592718
0.11,1545894
0.11,1545493
0.11,1541926
0.11,1540437
0.11,1529080
0.11,1496565
0.11,1487337
0.11,1486669
0.11,1477242
0.11,1465202
0.11,1436648
0.11,1423611
0.11,1417549
0.11,1404436
0.11,1399549
0.11,1395139
0.11,1337293
0.11,1337125
0.11,1331599
0.11,1326819
0.11,1321948
0.11,1292397
0.11,1289514
0.11,1289476
0.12,1266506
0.12,1266454
0.12,1250525
0.12,1250428
0.12,1244492
0.12,1230319
0.12,1225379
0.12,1211640
0.12,1192250
0.12,1173439
0.12,1170684
0.12,1166989
0.12,1162884
0.12,1132630
0.12,1119842
0.12,1103617
0.12,1099873
0.12,1091464
0.12,1057952
0.12,1048522
0.12,1036255
0.12,1036037
0.12,1033084
0.13,1031502
0.13,1030032
0.13,1023554
0.13,998261
0.20,983488
0.20,976324
0.54,966900
0.59,965643
0.59,958257
0.59,954830
0.59,938592
0.65,932557
0.94,929582
1.05,916929
1.05,912342
1.05,912177
1.42,911507
1.42,908864
1.52,907224
1.60,902077
1.78,898603
1.78,897457
2.26,897373
2.26,896822
2.52,893745
2.86,893533
