0.06,2846471
0.07,2830440
0.07,2817252
0.07,2757547
0.07,2702954
0.07,2698597
0.07,2676905
0.07,2661336
0.07,2587325
0.07,2554764
0.07,2499197
0.07,2456605
0.07,2455567
0.07,2442777
0.07,2397331
0.07,2391356
0.07,2389528
0.07,2383260
0.08,2369088
0.08,2324802
0.08,2280034
0.08,2246219
0.08,2168749
0.08,2158508
0.08,2106661
0.08,2104595
0.08,2099600
0.08,2089944
0.08,2043243
0.08,1999397
0.08,1985797
0.08,1973536
0.08,1951356
0.08,1933712
0.08,1925796
0.08,1918058
0.08,1846944
0.08,1841953
0.08,1812472
0.08,1783493
0.08,1768445
0.08,1731383
0.08,1699332
0.08,1696569
0.08,1692560
0.08,1686835
0.08,1671955
0.08,1669705
0.08,1669140
0.08,1665813
0.08,1659760
0.08,1655976
0.08,1585090
0.08,1573462
0.09,1570895
0.09,1543851
0.09,1525374
0.09,1518866
0.09,1506510
0.09,1457359
0.09,1429207
0.09,1422219
0.09,1413055
0.09,1404402
0.09,1393463
0.09,1388678
0.09,1388126
0.09,1363958
0.09,1357081
0.09,1356497
0.09,1305410
0.09,1291248
0.09,1265906
0.09,1258415
0.09,1257648
0.09,1256124
0.09,1251250
0.09,1244374
0.09,1243033
0.09,1223557
0.09,1216723
0.09,1211378
0.09,1211075
0.09,1201735
0.09,1195107
0.09,1194442
0.09,1190434
0.09,1183312
0.09,1181683
0.09,1177553
0.09,1165772
0.09,1163571
0.09,1156351
0.09,1155281
0.09,1144449
0.09,1143707
0.10,1134013
0.10,1123117
0.10,1096160
0.10,1089352
0.10,1075919
0.10,1071815
0.10,1069331
0.10,1069028
0.10,1063639
0.10,1051368
0.10,1038368
0.10,1037955
0.10,1023690
0.10,991497
0.13,988880
0.13,988223
0.19,982841
0.19,968201
0.31,967722
0.31,955520
0.31,954856
0.31,954646
0.35,944075
0.48,937107
0.62,933462
0.66,924116
0.81,920679
0.81,918042
0.81,916943
1.02,914022
1.02,906756
1.29,901560
1.29,895365
1.29,894604
2.22,894084
2.22,893533
