0.00,2365795
0.01,2364684
0.01,2335119
0.01,2333959
0.01,2333325
0.01,2302473
0.01,2276726
0.01,2241892
0.01,2238597
0.01,2235381
0.01,2226242
0.01,2209159
0.01,2187688
0.01,2123381
0.01,2110330
0.01,1993650
0.01,1948905
0.01,1937544
0.01,1915835
0.01,1905142
0.01,1897864
0.01,1853666
0.01,1834677
0.01,1833784
0.01,1832686
0.01,1820687
0.01,1805487
0.01,1790199
0.02,1785242
0.02,1738638
0.02,1704839
0.02,1678008
0.02,1670046
0.02,1663304
0.02,1648756
0.02,1641918
0.02,1629206
0.02,1626831
0.02,1545317
0.02,1535120
0.02,1521635
0.02,1517447
0.02,1514165
0.02,1497941
0.02,1476289
0.02,1424146
0.02,1414797
0.02,1391241
0.03,1382016
0.03,1371138
0.03,1362449
0.03,1351377
0.03,1350386
0.03,1339184
0.03,1297305
0.03,1294907
0.03,1283697
0.03,1275658
0.03,1272618
0.03,1271951
0.03,1259183
0.03,1248195
0.03,1246385
0.03,1238490
0.03,1207700
0.03,1159854
0.03,1156141
0.03,1136685
0.03,1120880
0.03,1105384
0.03,1100017
0.03,1094769
0.03,1061075
0.03,1057417
0.03,1019628
0.03,1000769
0.03,986117
0.03,982386
0.03,970735
0.03,968449
0.03,965967
0.04,962756
0.04,952756
0.04,930415
0.04,908823
0.04,907677
0.04,907677
0.07,902104
0.21,899130
0.63,898983
0.64,895932
1.11,895226
1.45,895040
3.39,894854
3.39,894854
3.49,894193
4.39,894155
10.36,893533
