0.06,2855725
0.07,2749206
0.07,2715011
0.07,2712982
0.07,2706439
0.07,2646987
0.07,2645538
0.07,2598465
0.07,2550410
0.07,2546577
0.07,2542185
0.07,2466388
0.07,2458627
0.07,2253522
0.07,2246457
0.07,2211384
0.07,2210248
0.07,2184236
0.08,2163568
0.08,2121233
0.08,2073954
0.08,2073051
0.08,1986691
0.08,1919586
0.08,1913728
0.08,1902385
0.08,1880719
0.08,1864799
0.08,1858909
0.08,1849432
0.08,1821180
0.08,1799553
0.08,1799468
0.08,1785521
0.08,1781808
0.08,1747892
0.08,1706686
0.08,1706507
0.08,1682435
0.08,1648077
0.09,1606777
0.09,1602529
0.09,1602024
0.09,1589771
0.09,1555561
0.09,1554232
0.09,1497621
0.09,1491794
0.09,1490528
0.09,1473257
0.09,1444547
0.09,1437610
0.09,1428696
0.09,1344544
0.09,1341211
0.09,1340509
0.09,1274930
0.09,1255344
0.09,1254789
0.09,1250040
0.09,1247136
0.09,1233773
0.09,1228576
0.09,1221252
0.09,1217217
0.09,1215797
0.09,1213524
0.09,1181668
0.09,1179112
0.09,1157692
0.09,1151406
0.09,1150995
0.10,1134429
0.10,1130183
0.10,1125313
0.10,1123895
0.10,1114200
0.10,1103312
0.10,1101726
0.10,1089651
0.10,1089651
0.10,1086024
0.10,1083841
0.10,1076449
0.10,1067232
0.10,1066488
0.10,1065638
0.10,1060374
0.10,1056036
0.10,1036248
0.10,1024108
0.10,1019151
0.10,1013979
0.10,1013484
0.11,999341
0.11,987610
0.11,987568
0.15,983581
0.15,983232
0.15,980692
0.15,980021
0.15,975245
0.15,970487
0.29,967278
0.34,953744
0.35,944300
0.46,941956
0.46,941714
0.55,937753
0.88,929929
0.89,926639
0.89,923546
0.94,923001
1.15,908477
1.25,905797
1.25,902853
1.25,899838
1.25,896941
1.99,895687
2.52,895616
2.89,895183
2.90,894084
