0.00,2405216
0.01,2376424
0.01,2331594
0.01,2308245
0.01,2280040
0.01,2275916
0.01,2257833
0.01,2231134
0.01,2229508
0.01,2211156
0.01,2130735
0.01,2084955
0.01,2078456
0.01,2033924
0.01,2033075
0.01,1975489
0.01,1960676
0.01,1930398
0.01,1930351
0.01,1905455
0.01,1868820
0.01,1867789
0.02,1856943
0.02,1845375
0.02,1838168
0.02,1806287
0.02,1797107
0.02,1777423
0.02,1752987
0.02,1628949
0.02,1624039
0.02,1623425
0.02,1616873
0.02,1605608
0.02,1525094
0.02,1503507
0.02,1462104
0.02,1461975
0.02,1456250
0.02,1395351
0.02,1383955
0.02,1383374
0.03,1353604
0.03,1352612
0.03,1333844
0.03,1333293
0.03,1313400
0.03,1308144
0.03,1307771
0.03,1295044
0.03,1282410
0.03,1207828
0.03,1202687
0.03,1192231
0.03,1175995
0.03,1171328
0.03,1143626
0.04,1140412
0.04,1139412
0.04,1135314
0.04,1124115
0.04,1118633
0.04,1111905
0.04,1111724
0.04,1090788
0.04,1076849
0.04,1054090
0.04,1052864
0.04,1051436
0.04,1049297
0.04,1045239
0.04,1038471
0.04,1014546
0.04,1010554
0.04,991578
0.04,991038
0.05,990845
0.05,984937
0.05,984890
0.05,966471
0.06,966342
0.06,957568
0.07,951171
0.07,947102
0.07,946898
0.07,923227
0.07,916783
0.07,906783
0.07,901409
0.10,901377
0.10,899679
0.19,895065
0.19,894854
0.19,894854
0.20,894604
2.69,893533
3.24,893533
