0.00,2395142
0.00,2381401
0.01,2352370
0.01,2350743
0.01,2315838
0.01,2300508
0.01,2266940
0.01,2265439
0.01,2264183
0.01,2246107
0.01,2240948
0.01,2173019
0.01,2071254
0.01,2041287
0.01,2008720
0.01,1990995
0.01,1986143
0.01,1951715
0.01,1948423
0.01,1947149
0.01,1923894
0.01,1921057
0.01,1917250
0.01,1855544
0.01,1830852
0.01,1825321
0.01,1808065
0.01,1791681
0.01,1784964
0.01,1697983
0.01,1683693
0.01,1682693
0.01,1668802
0.02,1503378
0.02,1482602
0.02,1475900
0.02,1468053
0.02,1446373
0.02,1422633
0.02,1418437
0.02,1412159
0.02,1407190
0.02,1402158
0.02,1385731
0.02,1357020
0.02,1355515
0.03,1342487
0.03,1338523
0.03,1327288
0.03,1309951
0.03,1292311
0.03,1279081
0.03,1273240
0.03,1272233
0.03,1253287
0.03,1219002
0.03,1209916
0.03,1209124
0.03,1208573
0.03,1205525
0.03,1153820
0.03,1143756
0.03,1138021
0.03,1125078
0.03,1124825
0.03,1124612
0.03,1119746
0.03,1119746
0.03,1115948
0.03,1109239
0.03,1106119
0.03,1106007
0.03,1099030
0.03,1096429
0.03,1095568
0.03,1066780
0.03,1064415
0.03,1059968
0.03,1048789
0.03,1038113
0.03,1037312
0.03,1021087
0.04,1004048
0.04,1000768
0.04,983192
0.04,976638
0.04,976628
0.04,958516
0.04,954459
0.04,952060
0.04,949468
0.04,940696
0.04,937026
0.04,930965
0.04,929529
0.04,918264
0.04,915872
0.04,911995
0.04,911995
0.09,911814
0.09,910824
0.09,904979
0.09,902693
0.17,899270
0.17,899270
0.35,898648
0.35,898438
0.36,898257
0.49,896149
0.50,896149
0.94,895078
2.44,894604
2.44,894604
3.07,894404
3.07,894193
4.31,893533
11.12,893533
