0.06,2999475
0.07,2999248
0.07,2994421
0.07,2963151
0.07,2929905
0.07,2920978
0.07,2874225
0.07,2868616
0.07,2857785
0.07,2830751
0.07,2829021
0.07,2810255
0.07,2658940
0.07,2604213
0.07,2562874
0.07,2528212
0.07,2470987
0.07,2412735
0.07,2401679
0.08,2288029
0.08,2273379
0.08,2210228
0.08,2206518
0.08,2176000
0.08,2171818
0.08,2156777
0.08,2112431
0.08,2110614
0.08,2031853
0.08,2016368
0.08,2003171
0.08,1983227
0.08,1933828
0.08,1867342
0.08,1847398
0.08,1825739
0.08,1822080
0.08,1818261
0.08,1815968
0.08,1798570
0.08,1791776
0.08,1777267
0.08,1776565
0.08,1765404
0.08,1757905
0.08,1726222
0.09,1725092
0.09,1721688
0.09,1709091
0.09,1679959
0.09,1662778
0.09,1609687
0.09,1596823
0.09,1592413
0.09,1587633
0.09,1553872
0.09,1532946
0.09,1502863
0.09,1474699
0.09,1466564
0.09,1400850
0.09,1395646
0.09,1385232
0.09,1384611
0.09,1364776
0.09,1352808
0.09,1314597
0.09,1281116
0.09,1266913
0.09,1261834
0.09,1261450
0.09,1256976
0.09,1250580
0.09,1244439
0.09,1238815
0.10,1229148
0.10,1218608
0.10,1205958
0.10,1190941
0.10,1190152
0.10,1181051
0.10,1171783
0.10,1159945
0.10,1152569
0.10,1132995
0.10,1111613
0.10,1090860
0.10,1083505
0.10,1082687
0.10,1069887
0.11,1058336
0.11,1050956
0.11,1048035
0.12,1043395
0.12,1041033
0.12,1033807
0.12,1019447
0.12,1004632
0.13,1001339
0.13,998006
0.13,993836
0.16,992391
0.16,991422
0.16,987720
0.26,986994
0.30,985975
0.30,979679
0.31,979554
0.31,978394
0.32,978230
0.32,969155
0.32,969022
0.32,959662
0.32,951413
0.32,938323
0.57,934297
0.57,933101
0.97,930311
0.97,923543
0.97,921151
0.97,916488
0.97,914287
0.98,911422
1.15,911173
1.32,910312
1.39,905284
1.41,903486
1.41,901285
1.41,901075
1.65,899503
1.87,898343
2.01,897569
2.04,895999
2.25,894365
2.25,894155
2.41,894084
3.89,893955
3.96,893745
3.96,893533
