0.00,2395288
0.01,2391993
0.01,2327686
0.01,2250788
0.01,2134109
0.01,2125706
0.01,2114247
0.01,2112210
0.01,2105760
0.01,2078700
0.01,2075805
0.01,2019944
0.01,1968576
0.01,1947801
0.01,1874105
0.01,1868002
0.01,1842122
0.01,1807063
0.01,1802112
0.01,1786540
0.01,1783488
0.01,1757584
0.01,1756426
0.02,1750481
0.02,1745551
0.02,1731672
0.02,1725771
0.02,1723470
0.02,1718868
0.02,1703030
0.02,1669018
0.02,1664757
0.02,1661224
0.02,1660228
0.02,1632233
0.02,1601870
0.02,1600628
0.02,1583725
0.02,1562567
0.02,1544585
0.03,1532145
0.03,1530674
0.03,1528478
0.03,1520038
0.03,1496787
0.03,1496159
0.03,1494061
0.03,1485602
0.03,1391525
0.03,1384707
0.03,1376778
0.03,1371827
0.03,1326051
0.03,1285414
0.03,1285132
0.03,1262451
0.03,1228524
0.03,1221144
0.03,1213379
0.03,1175588
0.03,1157570
0.03,1157549
0.03,1152619
0.03,1130845
0.03,1124700
0.03,1117326
0.03,1092507
0.03,1073531
0.03,1061600
0.03,1048802
0.04,1032191
0.04,1011005
0.04,999603
0.04,998312
0.04,991609
0.04,970601
0.04,970101
0.04,969720
0.04,969574
0.04,969038
0.04,967812
0.04,965866
0.04,962820
0.04,962502
0.05,961203
0.05,957845
0.05,953240
0.05,951625
0.05,950923
0.08,944199
0.08,943536
0.10,938368
0.10,938358
0.10,935414
0.10,933651
0.10,925982
0.12,919568
0.15,917077
0.15,917077
0.16,916796
0.21,915011
0.21,915007
0.21,914874
0.21,911541
0.38,910864
0.38,908710
0.41,908020
0.63,904593
0.63,903292
0.66,898129
0.67,897470
0.67,896149
1.16,896149
1.42,895474
1.42,895264
1.53,895226
1.63,895078
3.13,894604
8.35,893533
