0.00,2333609
0.00,2331825
0.01,2287845
0.01,2277083
0.01,2264819
0.01,2246714
0.01,2227492
0.01,2227258
0.01,2212765
0.01,2192620
0.01,2149305
0.01,2148368
0.01,2101987
0.01,2082653
0.01,2041258
0.01,2017800
0.01,2010291
0.01,2003919
0.01,1989370
0.01,1965442
0.01,1951047
0.01,1949657
0.01,1942371
0.01,1942270
0.01,1897388
0.01,1890385
0.01,1884145
0.01,1817504
0.01,1805167
0.01,1802875
0.01,1802026
0.01,1770239
0.01,1770088
0.01,1732566
0.02,1671149
0.02,1630824
0.02,1618537
0.02,1618326
0.02,1616294
0.02,1592003
0.02,1552220
0.02,1476389
0.02,1427543
0.03,1411079
0.03,1407546
0.03,1359414
0.03,1349087
0.03,1315735
0.03,1313371
0.03,1307398
0.03,1261622
0.03,1257176
0.03,1254175
0.03,1253396
0.03,1244268
0.03,1239017
0.03,1237679
0.03,1221921
0.03,1217964
0.03,1114395
0.03,1109647
0.03,1093788
0.03,1068313
0.03,1049906
0.03,1036642
0.03,1034023
0.03,1031715
0.03,1027065
0.03,1025534
0.03,1024801
0.03,1023356
0.03,1020964
0.03,1019154
0.03,1009702
0.03,996870
0.04,975986
0.04,972989
0.04,970952
0.04,939635
0.04,932216
0.04,932006
0.06,921272
0.06,920721
0.09,905550
0.20,900815
0.39,899620
0.68,899141
0.80,897265
0.80,895065
0.80,894854
2.82,894084
2.82,893533
