0.00,2350663
0.01,2345576
0.01,2322458
0.01,2314827
0.01,2313978
0.01,2302617
0.01,2261024
0.01,2220356
0.01,2210275
0.01,2201501
0.01,2197996
0.01,2165273
0.01,2160412
0.01,2155253
0.01,2147131
0.01,2127809
0.02,2125515
0.02,2093248
0.02,2090035
0.02,2054542
0.02,2045154
0.02,2044048
0.02,1969615
0.02,1924328
0.02,1895878
0.02,1892516
0.02,1891233
0.02,1874689
0.02,1847967
0.02,1828818
0.02,1820527
0.02,1793481
0.02,1793481
0.02,1787598
0.02,1774382
0.02,1760477
0.02,1747573
0.02,1717149
0.02,1708326
0.02,1598756
0.03,1598352
0.03,1592842
0.03,1558423
0.03,1553547
0.03,1553026
0.03,1525676
0.03,1521352
0.03,1479173
0.04,1462076
0.04,1458601
0.04,1448571
0.04,1440334
0.04,1404403
0.04,1401459
0.04,1399430
0.04,1390539
0.04,1384650
0.04,1380112
0.04,1346369
0.04,1343899
0.04,1335908
0.04,1330546
0.04,1304713
0.04,1292344
0.04,1256376
0.04,1253213
0.04,1236239
0.04,1228335
0.04,1224591
0.04,1224118
0.04,1217615
0.04,1188174
0.04,1180358
0.04,1152587
0.04,1144518
0.04,1127231
0.04,1098365
0.04,1097814
0.04,1093884
0.04,1093145
0.04,1087669
0.04,1087669
0.04,1084736
0.05,1084681
0.05,1081969
0.05,1081722
0.05,1029546
0.05,1012912
0.05,1012840
0.05,997264
0.05,994873
0.05,982799
0.05,982589
0.05,976437
0.06,975972
0.06,960380
0.06,959678
0.06,959631
0.08,954456
0.08,950512
0.09,949991
0.10,947514
0.12,943160
0.12,941586
0.12,939889
0.12,936064
0.13,934449
0.16,933468
0.16,924105
0.16,921031
0.16,920821
0.16,919831
0.23,916187
0.26,912336
0.31,909331
0.31,908629
0.31,906794
0.31,903460
0.67,903443
0.68,903233
0.68,902645
0.68,902123
0.68,899641
0.69,896882
0.69,896361
1.48,895288
1.48,895078
3.74,895040
5.34,894155
7.50,893533
