0.00,2376655
0.01,2320794
0.01,2246361
0.01,2245110
0.01,2197604
0.01,2173661
0.01,2119486
0.01,2110743
0.01,2078826
0.01,2073279
0.01,2007405
0.01,1959141
0.01,1933104
0.01,1919902
0.01,1919328
0.01,1857036
0.01,1850945
0.01,1847753
0.01,1822420
0.01,1813523
0.01,1812675
0.01,1794945
0.01,1766840
0.01,1759460
0.01,1754818
0.01,1753899
0.01,1741548
0.01,1714765
0.01,1703413
0.01,1677585
0.01,1676748
0.01,1664853
0.02,1643612
0.02,1624623
0.02,1605764
0.02,1603989
0.02,1576733
0.03,1570957
0.03,1564248
0.03,1560304
0.03,1527830
0.03,1517762
0.03,1499126
0.03,1485630
0.03,1481795
0.03,1480354
0.03,1403910
0.03,1388897
0.03,1385167
0.03,1341960
0.03,1313942
0.03,1305366
0.04,1299278
0.04,1281128
0.04,1275366
0.04,1270190
0.04,1250445
0.04,1242946
0.04,1239364
0.04,1237312
0.04,1230467
0.04,1229200
0.04,1214542
0.04,1197028
0.04,1119936
0.04,1118649
0.04,1099425
0.04,1093056
0.04,1087668
0.04,1086035
0.04,1078870
0.04,1077266
0.04,1058707
0.04,1057419
0.04,1050338
0.04,1049998
0.04,1049897
0.04,1047994
0.04,1029409
0.04,1027927
0.04,1023353
0.04,1021152
0.04,1020385
0.05,996866
0.05,995767
0.05,992519
0.05,985517
0.05,985237
0.05,981811
0.05,978738
0.05,962513
0.05,962320
0.06,959394
0.06,958952
0.06,955743
0.06,955743
0.06,949026
0.06,936802
0.06,920577
0.06,920365
0.07,910515
0.14,907566
0.15,902128
0.17,898129
0.18,898129
0.96,894604
1.98,893745
1.99,893533
3.29,893533
