0.07,3039733
0.07,2999382
0.07,2916045
0.07,2839342
0.07,2838650
0.07,2833190
0.08,2786041
0.08,2754201
0.08,2750629
0.08,2614137
0.08,2481348
0.08,2436220
0.08,2379008
0.08,2343227
0.08,2339911
0.08,2339720
0.08,2243350
0.08,2234805
0.08,2234445
0.09,2224557
0.09,2204805
0.09,2176198
0.09,2134308
0.09,2130904
0.09,2070895
0.09,2039607
0.09,2007230
0.09,1999358
0.09,1990620
0.09,1961776
0.09,1932024
0.09,1924128
0.09,1922932
0.09,1910241
0.09,1850521
0.09,1833782
0.09,1739819
0.09,1736725
0.09,1712647
0.09,1711586
0.09,1690767
0.09,1682457
0.09,1584719
0.09,1579490
0.10,1563213
0.10,1560272
0.10,1528160
0.10,1527121
0.10,1512840
0.10,1508874
0.10,1464337
0.10,1418292
0.10,1399456
0.10,1391707
0.10,1387668
0.10,1376868
0.10,1367968
0.10,1365257
0.10,1358300
0.10,1343795
0.10,1342800
0.10,1314169
0.10,1285989
0.10,1282282
0.10,1279038
0.10,1230204
0.10,1217258
0.10,1211532
0.10,1210278
0.10,1190054
0.10,1136356
0.10,1132697
0.10,1116275
0.10,1104610
0.11,1090513
0.11,1077646
0.11,1065483
0.11,1062771
0.11,1057401
0.12,1042854
0.12,1040340
0.12,1039069
0.12,1036837
0.12,1025439
0.12,1025351
0.12,1021620
0.12,1012956
0.12,1010134
0.12,993020
0.12,989439
0.12,984775
0.12,983757
0.12,979543
0.12,977458
0.12,969868
0.51,969782
0.55,959611
0.65,957500
0.66,950176
0.68,948101
0.78,945735
0.79,944497
0.79,935357
0.92,934842
0.92,931590
0.98,924752
0.98,924542
1.02,921627
1.02,918154
1.02,914496
1.02,912248
1.02,911693
1.02,908738
1.02,901780
1.80,898228
2.10,895908
2.10,895727
2.17,895226
2.20,895183
2.45,894365
2.54,894084
3.05,893533
3.05,893533
