0.06,3225975
0.07,3213542
0.07,3112102
0.07,3078102
0.07,3044449
0.07,3032010
0.07,3013570
0.07,2992976
0.07,2946236
0.07,2945441
0.07,2866769
0.07,2865066
0.07,2820925
0.07,2805128
0.07,2797343
0.07,2793747
0.07,2673821
0.07,2666346
0.07,2579586
0.07,2549257
0.07,2533349
0.08,2530445
0.08,2491890
0.08,2483498
0.08,2465875
0.08,2460474
0.08,2435445
0.08,2381326
0.08,2370880
0.08,2358100
0.08,2302273
0.08,2280181
0.08,2257338
0.08,2257325
0.08,2136048
0.08,2110629
0.08,2106797
0.08,2064103
0.08,2032365
0.08,1994366
0.08,1977960
0.09,1947296
0.09,1932380
0.09,1925963
0.09,1922902
0.09,1916171
0.09,1913492
0.09,1891011
0.09,1878198
0.09,1835100
0.09,1805883
0.09,1748613
0.09,1703571
0.09,1673068
0.09,1669348
0.09,1658512
0.09,1643858
0.09,1639512
0.09,1598118
0.09,1593929
0.09,1577116
0.09,1576289
0.09,1546992
0.09,1520840
0.09,1518953
0.09,1514840
0.09,1509589
0.09,1498213
0.09,1444547
0.09,1340911
0.09,1271920
0.09,1254247
0.09,1244311
0.09,1240253
0.09,1239292
0.09,1237505
0.09,1237228
0.09,1229473
0.09,1228909
0.09,1223786
0.10,1198948
0.10,1196924
0.10,1189730
0.10,1160318
0.10,1160250
0.10,1160250
0.10,1150263
0.10,1149945
0.10,1147997
0.10,1139588
0.10,1139455
0.10,1137298
0.10,1129451
0.10,1118245
0.11,1109523
0.11,1107219
0.11,1107179
0.11,1092753
0.11,1084529
0.11,1084460
0.11,1074000
0.11,1072632
0.11,1072406
0.11,1071975
0.11,1058591
0.11,1058590
0.11,1058401
0.11,1052213
0.11,1048718
0.11,1042746
0.11,1027594
0.11,1027335
0.12,1013236
0.12,1005939
0.12,994724
0.12,994543
0.12,989780
0.12,984604
0.12,984185
0.12,947014
0.38,937021
0.38,936469
0.38,929089
0.77,923078
0.98,916798
0.98,914741
1.12,914304
1.32,908934
1.32,906011
1.63,901766
1.67,899500
1.97,897313
1.97,897102
2.08,894365
2.46,894155
2.79,894084
2.79,893533
