0.00,2378485
0.01,2344444
0.01,2332379
0.01,2331842
0.01,2311148
0.01,2308394
0.01,2302125
0.01,2280968
0.01,2280076
0.01,2226585
0.01,2220597
0.01,2171941
0.01,2105736
0.01,2082491
0.01,2076488
0.01,2032818
0.01,2013863
0.01,2011939
0.01,2009386
0.01,2004407
0.01,1974603
0.01,1935973
0.01,1886657
0.01,1823736
0.01,1733664
0.01,1667950
0.01,1643457
0.01,1639774
0.01,1619013
0.02,1616193
0.02,1598187
0.02,1564874
0.02,1538262
0.02,1537196
0.02,1536974
0.02,1529330
0.02,1462507
0.02,1433373
0.02,1382239
0.02,1369859
0.02,1361579
0.02,1332969
0.02,1330583
0.02,1277355
0.03,1268172
0.03,1222879
0.03,1222606
0.03,1221179
0.03,1220204
0.03,1220204
0.03,1220191
0.03,1213703
0.03,1190765
0.03,1188900
0.03,1174867
0.03,1146167
0.03,1126826
0.03,1121856
0.03,1120397
0.03,1106348
0.03,1102798
0.03,1091959
0.03,1089358
0.03,1087143
0.03,1080699
0.03,1057636
0.03,1012545
0.03,1000146
0.03,1000094
0.03,998995
0.03,998146
0.03,991923
0.03,987414
0.03,973479
0.03,973406
0.03,967499
0.03,964165
0.04,947941
0.04,935868
0.04,935404
0.04,935356
0.04,933935
0.05,932827
0.05,929169
0.12,926116
0.13,925405
0.13,918865
0.16,916509
0.16,913916
0.19,907376
0.19,907376
0.27,903811
0.27,893743
0.27,893533
6.48,893533
