0.06,2588142
0.07,2581556
0.07,2447156
0.07,2433619
0.07,2323633
0.07,2295071
0.07,2289911
0.07,2282134
0.07,2266954
0.07,2266573
0.07,2248749
0.07,2232453
0.07,2231916
0.07,2191894
0.07,2152058
0.07,2146694
0.07,2057606
0.08,2051537
0.08,1998619
0.08,1973982
0.08,1932178
0.08,1900158
0.08,1855911
0.08,1806429
0.08,1738845
0.08,1729270
0.08,1712551
0.08,1681002
0.08,1628515
0.08,1533671
0.09,1446311
0.09,1441322
0.09,1410662
0.09,1377626
0.09,1369320
0.09,1366604
0.09,1343236
0.09,1327732
0.09,1325854
0.09,1320027
0.09,1301918
0.09,1281883
0.09,1245438
0.09,1237367
0.09,1228975
0.09,1199516
0.09,1177305
0.09,1167096
0.10,1163763
0.10,1157989
0.10,1155646
0.10,1153966
0.10,1133014
0.10,1110499
0.10,1094159
0.10,1088669
0.10,1083291
0.10,1081837
0.10,1075541
0.10,1058634
0.12,1043368
0.12,1037817
0.14,1022955
0.14,996386
0.15,995009
0.15,989727
0.15,982638
0.15,978803
0.27,966508
0.27,966290
0.27,964818
0.27,964650
0.27,962484
0.27,956363
0.41,941985
0.41,938962
0.74,928807
0.78,926807
0.78,926597
0.78,919316
0.78,913283
0.78,911653
0.78,910568
0.84,906208
1.52,905775
1.52,903383
1.52,900137
1.52,899664
1.72,898059
1.72,895591
1.97,894816
2.35,893743
3.47,893533
