0.00,2342289
0.01,2304814
0.01,2227916
0.01,2221572
0.01,2181416
0.01,2176300
0.01,2104834
0.01,2094757
0.01,2061572
0.01,2035386
0.01,1976952
0.01,1976574
0.01,1969278
0.01,1948499
0.01,1940399
0.01,1939550
0.01,1922842
0.01,1921767
0.01,1901811
0.01,1888630
0.01,1886274
0.01,1885867
0.01,1875344
0.01,1874030
0.01,1870967
0.01,1868895
0.01,1868118
0.01,1856364
0.01,1849026
0.02,1834152
0.02,1813686
0.02,1795680
0.02,1782875
0.02,1748933
0.02,1741916
0.02,1679855
0.02,1659476
0.02,1653815
0.03,1622170
0.03,1580742
0.03,1550766
0.03,1550000
0.03,1549905
0.03,1546141
0.03,1541877
0.03,1533036
0.03,1529963
0.03,1526039
0.03,1521576
0.03,1513479
0.03,1492419
0.03,1423589
0.03,1356084
0.03,1323254
0.03,1275706
0.03,1270960
0.03,1261821
0.03,1259386
0.03,1196577
0.03,1150453
0.03,1147808
0.03,1146481
0.03,1129624
0.03,1105913
0.03,1097633
0.04,1086101
0.04,1074028
0.04,1073564
0.04,1064807
0.04,1062848
0.04,1055188
0.04,1039596
0.04,1037339
0.04,1027358
0.04,1020304
0.04,1018079
0.04,971073
0.04,966179
0.04,953597
0.04,952498
0.04,950283
0.04,949852
0.04,949810
0.04,947609
0.04,945994
0.04,945837
0.04,945827
0.04,942882
0.04,942882
0.05,942330
0.05,938888
0.06,933631
0.06,931685
0.06,931637
0.06,931530
0.06,931367
0.08,919851
0.20,915741
0.22,912996
0.22,912957
0.22,912957
0.23,909653
0.23,909373
0.23,907087
0.27,905084
0.28,901874
0.28,895725
0.28,895515
0.31,895078
0.31,895078
0.43,894854
1.84,894193
2.20,893533
