0.06,2724062
0.07,2704316
0.07,2702529
0.07,2565923
0.07,2482774
0.07,2467908
0.07,2426059
0.07,2319434
0.07,2291171
0.07,2221915
0.07,2221584
0.07,2197779
0.07,2170198
0.07,2126842
0.07,2125365
0.07,2100572
0.07,2009425
0.08,2007831
0.08,1969072
0.08,1954220
0.08,1949460
0.08,1946302
0.08,1899400
0.08,1878783
0.08,1834291
0.08,1813709
0.08,1790295
0.08,1789910
0.08,1762558
0.08,1748548
0.08,1735589
0.08,1711494
0.08,1697015
0.08,1681794
0.08,1610706
0.08,1597171
0.08,1577293
0.08,1562098
0.08,1552076
0.08,1524619
0.08,1509873
0.09,1497419
0.09,1478404
0.09,1452442
0.09,1444494
0.09,1440687
0.09,1434306
0.09,1399105
0.09,1397771
0.09,1387194
0.09,1372980
0.09,1301253
0.09,1280754
0.09,1265461
0.09,1262724
0.09,1255266
0.09,1218017
0.09,1214472
0.09,1212045
0.09,1206372
0.09,1206352
0.09,1191268
0.09,1176256
0.09,1174661
0.09,1158932
0.09,1156077
0.09,1148568
0.09,1146608
0.09,1132731
0.09,1126651
0.09,1116320
0.09,1108069
0.09,1107203
0.09,1094476
0.09,1089161
0.09,1088692
0.09,1088481
0.09,1071451
0.10,1070382
0.10,1054203
0.13,1030051
0.13,1024148
0.13,1022688
0.13,1021748
0.13,1019830
0.13,1013121
0.13,1006311
0.13,1003282
0.13,985869
0.15,976220
0.18,970826
0.18,970002
0.18,961131
0.18,960400
0.29,953108
0.29,945388
0.29,929978
0.66,925182
0.77,914258
1.50,910049
1.61,909901
1.68,909881
1.75,909361
1.75,905933
1.75,905723
1.75,904630
1.75,900529
1.75,897835
2.10,897450
2.13,895913
2.76,895606
2.76,895394
2.76,894507
2.77,894406
3.05,893955
3.16,893743
3.16,893533
