0.00,2398082
0.01,2364179
0.01,2363959
0.01,2335949
0.01,2329275
0.01,2320376
0.01,2304418
0.01,2297121
0.01,2290777
0.01,2287788
0.01,2284334
0.01,2282504
0.01,2263993
0.01,2261425
0.01,2258248
0.01,2236360
0.01,2231190
0.01,2193101
0.01,2146956
0.01,2075768
0.01,2047777
0.01,2042779
0.01,2034423
0.01,1987896
0.01,1973759
0.02,1972643
0.02,1960541
0.02,1957257
0.02,1954486
0.02,1942134
0.02,1924715
0.02,1906494
0.02,1906255
0.02,1905981
0.02,1844577
0.02,1835090
0.02,1833559
0.02,1833424
0.03,1813842
0.03,1787277
0.03,1767087
0.03,1740760
0.03,1720028
0.03,1659546
0.03,1652008
0.03,1493986
0.03,1482232
0.03,1466460
0.03,1430295
0.03,1416839
0.03,1414326
0.03,1407467
0.03,1393068
0.03,1381482
0.03,1300585
0.03,1283850
0.03,1274806
0.03,1261385
0.03,1255046
0.03,1254836
0.04,1254654
0.04,1253853
0.04,1209266
0.04,1146108
0.04,1137871
0.04,1131103
0.04,1127803
0.04,1127499
0.04,1127219
0.04,1122613
0.04,1121466
0.04,1110093
0.04,1104198
0.04,1086257
0.04,1077028
0.04,1072520
0.04,1068596
0.04,1057330
0.04,1043766
0.04,1032304
0.04,1029110
0.04,1020356
0.04,1019804
0.04,1018814
0.04,1011984
0.04,1003084
0.04,992761
0.04,991775
0.04,988035
0.04,985777
0.05,982403
0.05,972335
0.05,938323
0.05,931158
0.05,929594
0.05,927979
0.05,927937
0.05,923399
0.06,921199
0.06,920989
0.07,919936
0.07,915185
0.07,912985
0.07,912774
0.07,912223
0.08,911981
0.08,907376
0.17,905765
0.17,905765
0.17,905213
0.22,905059
0.25,904140
0.25,903670
0.25,902371
0.25,902160
0.28,898630
0.32,894406
0.32,894193
0.32,894193
5.26,894155
7.51,893533
