0.06,2609392
0.06,2567237
0.06,2535504
0.06,2492886
0.06,2432561
0.06,2420742
0.06,2419978
0.06,2391471
0.06,2390736
0.06,2390358
0.06,2382678
0.07,2375241
0.07,2345924
0.07,2291150
0.07,2233222
0.07,2223272
0.07,2211912
0.07,2145317
0.07,2116798
0.07,2041473
0.07,2039634
0.07,1987141
0.07,1943024
0.07,1942478
0.07,1906160
0.07,1904168
0.07,1902935
0.07,1897776
0.08,1893054
0.08,1862381
0.08,1838557
0.08,1815985
0.08,1808672
0.08,1760891
0.08,1759317
0.08,1752569
0.08,1743578
0.08,1715037
0.08,1708446
0.08,1652539
0.08,1620809
0.08,1614747
0.08,1602334
0.08,1567366
0.08,1547508
0.08,1515907
0.08,1508731
0.08,1498881
0.08,1498122
0.08,1474592
0.08,1379493
0.08,1364441
0.08,1322436
0.09,1311886
0.09,1300246
0.09,1267225
0.09,1263320
0.09,1250109
0.09,1226559
0.09,1221990
0.09,1165658
0.09,1162267
0.09,1143381
0.09,1109153
0.09,1108306
0.09,1078612
0.09,1078402
0.09,1074210
0.09,1063454
0.09,1063423
0.09,1057335
0.09,1054734
0.09,1053119
0.09,1046336
0.09,1044877
0.09,1006861
0.09,989369
0.10,962510
0.15,959673
0.47,957553
0.53,956744
0.53,947581
0.53,944469
0.53,934723
0.77,932751
0.77,931556
0.89,930961
0.89,923529
0.98,909527
0.98,906740
1.58,903296
1.58,903084
1.58,900784
1.64,900017
1.64,896359
2.01,894604
2.33,893533
