0.00,2403859
0.01,2400807
0.01,2399180
0.01,2397181
0.01,2396089
0.01,2394254
0.01,2393165
0.01,2346660
0.01,2317950
0.01,2315738
0.01,2281796
0.01,2278052
0.01,2277960
0.01,2252210
0.01,2215225
0.01,2206469
0.01,2205941
0.01,2175276
0.01,2143472
0.01,2124881
0.01,2095188
0.01,2075179
0.01,2024155
0.01,2023903
0.01,2019843
0.01,1986614
0.01,1973798
0.02,1973691
0.02,1972376
0.02,1958809
0.02,1937812
0.02,1834177
0.02,1792214
0.02,1790713
0.02,1773909
0.02,1726771
0.02,1702219
0.02,1691448
0.03,1670516
0.03,1638178
0.03,1638150
0.03,1631434
0.03,1619400
0.03,1613338
0.03,1611908
0.03,1607299
0.03,1599691
0.03,1592201
0.03,1584821
0.03,1567953
0.03,1558873
0.03,1545175
0.03,1544430
0.03,1453891
0.03,1449370
0.03,1396242
0.03,1395476
0.03,1330596
0.03,1290379
0.03,1244811
0.03,1244776
0.03,1231444
0.03,1222950
0.03,1222669
0.03,1211763
0.03,1200801
0.03,1195740
0.03,1177677
0.03,1170890
0.03,1163696
0.03,1155889
0.03,1147451
0.03,1135080
0.03,1045007
0.04,1036084
0.04,1027691
0.04,1009954
0.04,987054
0.04,984481
0.04,977647
0.04,976326
0.04,974516
0.04,974335
0.04,973633
0.04,970520
0.04,970375
0.04,957765
0.04,947765
0.05,945305
0.05,942397
0.05,934447
0.05,934447
0.05,933180
0.05,932970
0.05,928432
0.05,919069
0.06,918272
0.06,915468
0.06,915036
0.06,908887
0.08,906413
0.13,905558
0.13,903357
0.13,903147
0.15,902284
0.15,900963
0.15,900753
0.15,894604
0.73,893533
