0.06,2763874
0.06,2757487
0.06,2747877
0.06,2710851
0.06,2701092
0.06,2662557
0.06,2661014
0.07,2656080
0.07,2644135
0.07,2561159
0.07,2490039
0.07,2479360
0.07,2414938
0.07,2369250
0.07,2302842
0.07,2285008
0.07,2259918
0.07,2232878
0.07,2147995
0.07,2144689
0.07,2120781
0.07,2093557
0.07,2083388
0.08,1982099
0.08,1943788
0.08,1935931
0.08,1924686
0.08,1893275
0.08,1890502
0.08,1890396
0.08,1877944
0.08,1867406
0.08,1858569
0.08,1852397
0.08,1814599
0.08,1814478
0.08,1812562
0.08,1795249
0.08,1794259
0.08,1752776
0.08,1752190
0.08,1739269
0.08,1724412
0.08,1679746
0.08,1679436
0.08,1643387
0.08,1616031
0.08,1604901
0.08,1590024
0.08,1587668
0.08,1586501
0.08,1439814
0.08,1416228
0.08,1385475
0.08,1376050
0.08,1372144
0.09,1352719
0.09,1317507
0.09,1273502
0.09,1254556
0.09,1249942
0.09,1247122
0.09,1246624
0.09,1232073
0.09,1217620
0.09,1198644
0.09,1198644
0.09,1198478
0.09,1156685
0.09,1149783
0.09,1122099
0.09,1117574
0.09,1115138
0.09,1099014
0.10,1094410
0.10,1080621
0.10,1076288
0.10,1076231
0.10,1066290
0.10,1039663
0.10,1036927
0.10,1027508
0.10,1024070
0.12,1015371
0.13,1014093
0.13,1002292
0.19,988163
0.19,976743
0.19,975718
0.22,964056
0.22,955689
0.22,944365
0.22,944365
0.47,938958
0.84,938619
0.84,924227
0.84,923804
0.84,923378
0.95,910394
0.95,907180
1.55,906064
1.55,905854
1.60,903899
1.60,899141
2.03,898104
2.33,896449
2.39,895944
2.40,894842
2.60,893745
2.76,893533
3.02,893533
