0.06,2805852
0.07,2783798
0.07,2777863
0.07,2774790
0.07,2747388
0.07,2706671
0.07,2581486
0.07,2504292
0.07,2459569
0.07,2452474
0.07,2391030
0.07,2375551
0.07,2324598
0.07,2323944
0.08,2316047
0.08,2301054
0.08,2287526
0.08,2283481
0.08,2205167
0.08,2204029
0.08,2174343
0.08,2163639
0.08,2130779
0.08,2062732
0.08,2062539
0.08,2030237
0.08,1915848
0.08,1909501
0.08,1885154
0.08,1763263
0.08,1761835
0.08,1760351
0.08,1731304
0.08,1578635
0.08,1573821
0.08,1561594
0.08,1505532
0.08,1494866
0.08,1482552
0.08,1477127
0.08,1454365
0.08,1432755
0.08,1426482
0.09,1392893
0.09,1389730
0.09,1379701
0.09,1363885
0.09,1339546
0.09,1327846
0.09,1325339
0.09,1321625
0.09,1307651
0.09,1304158
0.09,1292583
0.09,1287328
0.09,1273357
0.09,1268338
0.09,1264023
0.09,1238280
0.09,1238276
0.09,1236251
0.09,1235577
0.09,1215725
0.09,1213299
0.09,1182396
0.09,1164827
0.09,1129920
0.09,1104303
0.09,1103131
0.10,1072776
0.10,1071776
0.10,1056575
0.10,1050252
0.10,1017371
0.10,1004120
0.10,997337
0.10,981971
0.19,978980
0.19,976659
0.19,975679
0.19,972346
0.19,961484
0.19,960217
0.69,953678
0.69,949859
0.69,938679
0.69,937450
0.72,927948
0.96,921434
1.11,917354
1.11,912259
1.11,910992
1.31,905648
1.73,896802
2.18,896101
2.18,895550
2.18,895340
2.37,895026
2.50,894707
3.03,894604
3.06,894084
3.36,893955
3.36,893745
3.37,893743
3.59,893533
