0.00,221664
0.00,219512
0.01,214867
0.01,213740
0.01,213729
0.01,213140
0.01,212602
0.01,210602
0.01,209926
0.01,209780
0.01,207407
0.01,207121
0.01,206963
0.01,203992
0.01,199864
0.01,199012
0.01,197910
0.01,195978
0.01,195921
0.01,195831
0.01,195787
0.01,194034
0.01,193950
0.01,192458
0.01,192359
0.01,192289
0.01,191881
0.01,190099
0.02,189234
0.02,187441
0.02,183903
0.02,183444
0.02,179615
0.02,179584
0.02,171045
0.02,169463
0.02,167233
0.02,167176
0.02,161971
0.02,160413
0.02,159682
0.02,157582
0.02,154873
0.02,154164
0.02,154163
0.02,152472
0.02,151654
0.02,149661
0.02,148986
0.02,148914
0.02,148544
0.02,148299
0.03,148243
0.03,147983
0.03,146548
0.03,144577
0.03,144118
0.03,141127
0.03,139256
0.03,138678
0.03,138374
0.03,136931
0.03,127712
0.03,126868
0.03,126682
0.03,124170
0.03,122801
0.03,121858
0.03,118361
0.03,114949
0.03,114861
0.03,113974
0.03,112891
0.03,109735
0.03,109077
0.03,107234
0.03,106674
0.03,105133
0.03,103707
0.03,103560
0.03,101375
0.03,101065
0.04,100689
0.04,99485
0.04,99173
0.04,98864
0.04,98445
0.04,98237
0.04,96259
0.04,95876
0.04,95036
0.04,95027
0.04,91830
0.04,89253
0.04,88856
0.04,88712
0.04,87562
0.04,86736
0.04,86006
0.04,84772
0.04,84441
0.04,84403
0.04,83278
0.04,83008
0.04,82927
0.04,80990
0.04,80940
0.04,79768
0.04,78704
0.04,78586
0.04,78524
0.04,78512
0.04,77220
0.04,76525
0.04,76385
0.04,75722
0.04,75521
0.04,75470
0.04,74819
0.04,74769
0.04,74566
0.04,74329
0.04,74312
0.04,73704
0.04,73704
0.04,72964
0.04,71639
0.04,71337
0.04,69663
0.05,69295
0.05,68769
0.05,63680
0.05,62855
0.05,62565
0.05,61523
0.05,61492
0.05,61386
0.05,60994
0.05,60598
0.05,59555
0.05,59261
0.05,59122
0.05,59005
0.05,58580
0.06,58502
0.06,58100
0.06,57890
0.06,57440
0.06,56885
0.06,56390
0.06,55522
0.06,55471
0.06,55367
0.06,55203
0.06,54717
0.06,54705
0.07,54647
0.07,53608
0.80,53333
0.81,53040
3.90,53012
3.93,52786
18.08,52658
18.63,52656
51.61,52642
