0.08,222292
0.08,220128
0.08,213001
0.08,210336
0.08,210237
0.09,208718
0.09,206480
0.09,206321
0.09,197276
0.10,196918
0.10,196486
0.10,195843
0.10,183536
0.10,182009
0.10,180446
0.10,171013
0.10,170860
0.12,169146
0.12,167044
0.12,166718
0.12,166186
0.12,163835
0.13,163703
0.16,163392
0.16,161791
0.16,159486
0.16,157511
0.16,154645
0.16,153339
0.16,152437
0.16,143080
0.71,142396
0.71,141834
0.71,141485
0.71,140391
0.71,138483
0.71,137626
1.71,130736
1.71,129259
1.71,128950
2.92,128212
2.92,128134
4.16,128114
4.16,127601
4.17,124145
4.67,124079
4.67,123638
4.67,121138
4.72,114299
4.72,113077
4.72,112051
5.60,110920
5.60,110826
5.81,109960
6.34,109789
6.34,109129
6.34,108730
6.34,107870
6.34,106559
6.34,105021
6.81,104606
6.81,103870
6.81,103835
6.81,103701
6.81,103416
6.81,102973
6.85,100428
7.22,100204
7.22,99619
7.22,99560
7.25,97816
7.62,96291
7.75,95855
7.75,95689
7.95,94355
7.95,94346
8.08,93368
8.08,92989
8.08,91617
8.38,91371
8.46,90553
8.46,89924
8.46,89519
8.58,88758
8.65,88490
8.65,88400
8.70,87038
8.70,84999
8.70,84685
8.70,83915
9.16,83375
9.16,83155
9.16,82766
9.16,82642
9.16,81532
9.16,81444
9.16,80908
9.16,80438
9.26,80382
9.51,80003
9.51,78313
10.05,77713
10.08,76435
10.20,76338
10.20,76056
10.21,75178
10.21,74428
10.46,73763
10.46,73227
10.46,72516
10.46,72341
10.46,72339
10.46,72015
10.46,71872
10.46,71821
10.46,71698
10.46,71678
10.68,71215
10.68,70975
10.68,70668
10.68,69715
10.70,69333
10.71,69220
10.99,67724
11.16,67297
11.16,65750
11.16,65614
11.16,65208
11.48,65193
11.48,64769
11.48,64257
11.58,64130
11.58,63646
11.60,63272
11.73,62996
11.73,62882
11.89,62806
11.89,62235
11.89,62015
11.89,62010
11.89,61603
11.89,61442
12.00,61299
12.00,60981
12.00,60551
12.07,60338
12.07,60083
12.25,59643
12.25,59340
12.25,59284
12.39,58835
12.39,58630
12.39,58595
12.39,58391
12.39,58272
12.39,58045
12.39,58039
12.39,57899
12.59,57118
12.59,56633
12.90,56302
12.90,56137
12.90,54939
12.90,54840
12.90,54390
12.90,54275
13.66,54261
13.66,54226
13.67,53935
13.67,53900
13.78,53873
13.78,53733
14.26,53609
14.28,53574
14.42,53513
14.44,53108
14.56,52936
14.64,52903
14.66,52780
14.66,52672
15.50,52656
