0.00,227407
0.01,224574
0.01,224235
0.01,222202
0.01,218585
0.01,216982
0.01,213340
0.01,212595
0.01,210507
0.01,203094
0.01,202617
0.01,202540
0.01,201456
0.01,201373
0.01,198447
0.01,198024
0.01,197929
0.01,195787
0.01,193712
0.01,193522
0.01,193280
0.01,193019
0.01,188543
0.01,186630
0.01,185165
0.01,181623
0.01,180297
0.01,175137
0.01,174818
0.01,170683
0.01,164356
0.01,160293
0.02,158254
0.02,156376
0.02,156226
0.02,154004
0.02,152037
0.02,147015
0.02,146059
0.02,145188
0.02,145175
0.02,136660
0.02,136625
0.02,135035
0.02,134475
0.02,134368
0.02,133406
0.02,132341
0.02,129922
0.02,128681
0.02,128340
0.02,127865
0.03,126605
0.03,126341
0.03,125625
0.03,123723
0.03,120180
0.03,118287
0.03,117717
0.03,117510
0.03,116402
0.03,115243
0.03,114696
0.03,114378
0.03,113566
0.03,113041
0.03,112569
0.03,112296
0.03,111673
0.03,109961
0.03,109500
0.03,109108
0.03,107675
0.03,107495
0.03,105638
0.03,105463
0.03,105285
0.03,104745
0.03,104629
0.03,104507
0.03,104312
0.03,102845
0.03,102172
0.03,101831
0.03,101779
0.03,101755
0.03,101616
0.03,96897
0.03,95492
0.03,95067
0.04,94666
0.04,94573
0.04,92554
0.04,91106
0.04,90664
0.04,89409
0.04,88426
0.04,88245
0.04,87958
0.04,85527
0.04,85068
0.04,84710
0.04,83806
0.04,83512
0.04,83483
0.04,83123
0.04,82942
0.04,82942
0.04,81256
0.04,80800
0.04,80726
0.04,79816
0.04,79744
0.04,79277
0.04,75060
0.04,74928
0.04,74481
0.04,74369
0.04,73639
0.04,73394
0.04,73305
0.04,72361
0.04,71443
0.04,70534
0.04,69976
0.04,69835
0.04,68196
0.04,67824
0.04,67735
0.04,67720
0.04,67083
0.04,67036
0.04,66913
0.04,66809
0.04,66223
0.04,65970
0.04,65352
0.04,64686
0.04,63437
0.05,63218
0.05,62333
0.05,61994
0.05,60928
0.05,60444
0.05,60206
0.05,59955
0.05,59660
0.05,59580
0.05,59232
0.05,59165
0.05,59065
0.05,58970
0.05,58299
0.06,58047
0.06,58037
0.06,57897
0.06,57609
0.07,57366
0.09,56594
0.09,56362
0.10,56332
0.10,55318
0.10,54763
0.12,54415
0.12,54380
0.14,54294
0.15,54294
0.65,54064
0.67,53896
0.67,53731
0.67,53462
0.74,53377
0.98,53239
1.07,53073
3.10,52882
5.00,52879
10.66,52656
70.42,52642
72.77,52642
