0.06,207622
0.07,207571
0.07,200734
0.07,199192
0.08,193807
0.08,193707
0.08,193516
0.08,192197
0.08,190344
0.08,187477
0.08,187304
0.08,185310
0.08,184590
0.08,184477
0.08,184419
0.08,182503
0.08,181427
0.08,179281
0.08,178685
0.08,178460
0.08,172557
0.09,169120
0.09,161652
0.09,160116
0.09,154396
0.13,154010
0.13,147899
0.13,147864
0.13,145848
0.13,145284
0.19,143899
0.19,142950
0.88,140638
0.89,139751
1.91,139276
2.42,139076
2.42,138487
2.54,138285
2.83,137010
2.89,134739
2.89,134040
2.89,133629
3.24,131862
3.24,130942
3.31,127170
3.53,127041
4.35,126781
4.61,126467
4.61,124236
4.61,119237
5.26,117091
5.34,115658
5.34,115412
5.34,113455
5.64,113248
5.64,113013
6.02,112665
6.29,112406
6.29,111899
6.32,110299
6.37,110170
6.44,109812
6.44,109061
6.60,109004
6.70,108816
6.70,108298
6.70,107406
6.70,107044
6.70,106567
6.70,106112
6.81,106013
7.09,104323
7.09,104187
7.09,103914
7.32,103710
7.32,103550
7.32,103223
7.32,102935
7.32,102792
7.44,101982
7.44,101773
7.55,99961
7.65,99708
7.65,99220
7.65,98909
7.65,98738
7.82,98661
7.82,98357
7.82,97803
7.82,96075
7.82,95873
8.17,95401
8.31,95391
8.47,95361
8.49,92066
8.49,91810
8.83,91617
8.83,91372
8.83,90986
8.83,90658
8.83,90652
8.83,89453
8.83,89343
8.83,88067
8.94,87320
8.94,85291
8.94,85253
8.94,85050
8.94,85023
8.94,84137
8.94,83629
9.50,82609
9.50,81461
9.50,80459
9.77,79471
9.77,77937
9.77,76590
9.77,75734
9.77,75118
9.77,74035
9.77,73824
9.77,73183
10.75,72869
10.75,72555
10.97,72331
10.97,71535
10.97,71526
10.97,71365
11.02,70883
11.02,70772
11.02,70736
11.02,70325
11.05,70295
11.05,70259
11.05,69901
11.05,69478
11.05,69436
11.05,69321
11.29,69000
11.29,68663
11.41,68397
11.41,68332
11.57,68142
11.57,67784
11.57,66820
11.63,66804
11.75,65525
11.95,65170
11.95,64833
11.96,64520
11.96,64333
11.96,64270
12.08,63903
12.08,63709
12.08,62520
12.26,62478
12.26,61683
12.26,61392
12.38,60860
12.38,60497
12.38,60258
12.38,59536
12.56,59396
12.56,59028
12.56,58915
12.92,58032
12.92,57593
12.92,57466
12.92,57073
12.92,56765
13.05,56733
13.05,56662
13.06,56560
13.06,56345
13.55,56232
13.55,56093
13.55,55798
13.59,55675
13.59,55461
13.59,54622
13.59,54446
13.59,54411
14.18,54291
14.18,54060
14.18,54021
14.18,53869
14.37,53827
14.37,53621
14.56,53488
14.63,53388
14.91,53373
14.91,53307
14.92,53227
15.10,53225
15.10,53193
15.38,53155
15.75,53078
15.76,53030
15.76,52922
15.95,52786
16.79,52772
16.81,52772
