0.00,227296
0.01,226159
0.01,224854
0.01,224602
0.01,224468
0.01,221667
0.01,220640
0.01,219717
0.01,218965
0.01,201653
0.01,195657
0.01,195069
0.01,194948
0.01,193517
0.01,185658
0.01,184716
0.01,184290
0.01,184265
0.01,183402
0.02,183126
0.02,183118
0.02,180081
0.02,178718
0.02,177553
0.02,176630
0.02,176109
0.02,175727
0.02,174478
0.02,170162
0.02,168597
0.02,168402
0.02,166928
0.02,165200
0.02,163936
0.02,163819
0.02,163780
0.02,162046
0.02,161960
0.02,161153
0.02,157168
0.02,156578
0.02,156342
0.02,155646
0.02,155587
0.02,155526
0.02,148214
0.02,147044
0.02,145924
0.02,144363
0.03,144169
0.03,143127
0.03,142783
0.03,140374
0.03,139130
0.03,137457
0.03,136611
0.03,136376
0.03,136243
0.03,134557
0.03,133578
0.03,132315
0.03,131859
0.03,131698
0.04,131345
0.04,129600
0.04,129559
0.04,129484
0.04,127949
0.04,126263
0.04,125728
0.04,125702
0.04,121248
0.04,120772
0.04,120503
0.04,118573
0.04,118507
0.04,113981
0.04,113747
0.04,113688
0.04,113557
0.04,112331
0.04,107053
0.04,105833
0.04,105554
0.04,104883
0.04,104827
0.04,104760
0.04,103869
0.04,103628
0.04,103178
0.04,103104
0.04,102397
0.04,102251
0.04,102247
0.04,101270
0.04,100329
0.04,99759
0.04,99359
0.04,98277
0.04,98161
0.04,98004
0.04,97042
0.04,94715
0.04,93943
0.05,93933
0.05,93877
0.05,93722
0.05,92499
0.05,92203
0.05,91522
0.05,89860
0.05,89802
0.05,89429
0.05,88576
0.05,87588
0.05,86791
0.05,86747
0.05,85837
0.05,85788
0.05,85255
0.05,84630
0.05,83360
0.05,80669
0.05,80606
0.05,79947
0.05,79928
0.05,79840
0.05,79138
0.05,79066
0.05,78067
0.05,77449
0.05,77420
0.05,76278
0.05,75491
0.05,75452
0.05,75095
0.05,74520
0.05,74388
0.06,73976
0.06,73779
0.06,73244
0.06,73183
0.06,72982
0.06,72915
0.06,72529
0.06,72047
0.06,71885
0.06,71796
0.06,71723
0.06,71483
0.06,71460
0.06,71238
0.06,70802
0.06,70318
0.06,70258
0.06,69566
0.06,69501
0.06,69453
0.07,69258
0.07,68799
0.07,67870
0.07,67628
0.07,66964
0.07,66953
0.07,66128
0.07,65468
0.07,64987
0.07,64971
0.07,64807
0.07,64772
0.07,64690
0.07,64374
0.07,63619
0.07,63502
0.07,63497
0.07,63351
0.08,63270
0.08,62948
0.08,62518
0.08,61961
0.08,61753
0.08,61648
0.08,61007
0.08,60998
0.08,60567
0.08,60456
0.08,59989
0.08,59989
0.08,59057
0.08,58571
0.08,58170
0.08,58000
0.09,57912
0.09,57747
0.09,57479
0.09,55940
0.10,55799
0.10,55508
0.10,54845
0.10,54707
0.11,54493
0.13,54165
0.13,53922
0.13,53563
0.19,53482
0.51,53373
1.38,53326
1.77,53320
2.34,53190
2.41,53169
2.97,53169
2.97,52772
16.88,52642
