0.00,222390
0.01,222299
0.01,221504
0.01,216806
0.01,215673
0.01,214338
0.01,213582
0.01,205449
0.01,202048
0.01,201939
0.01,201481
0.01,200258
0.01,200096
0.01,199858
0.01,199201
0.01,198821
0.01,198023
0.01,191629
0.01,184499
0.01,184437
0.01,182053
0.01,181055
0.01,180663
0.01,179733
0.01,179509
0.02,179277
0.02,178706
0.02,172226
0.02,171486
0.02,169393
0.02,169348
0.02,167648
0.02,166818
0.02,166016
0.02,165613
0.02,165421
0.02,161904
0.02,160848
0.02,160594
0.02,159718
0.02,159582
0.02,157801
0.02,155946
0.02,154069
0.02,151418
0.02,150003
0.02,149852
0.02,149804
0.02,148930
0.02,148751
0.02,148402
0.03,147556
0.03,146733
0.03,145930
0.03,144064
0.03,141374
0.03,140372
0.03,139194
0.03,138035
0.03,135656
0.03,135369
0.03,134769
0.03,133125
0.03,132703
0.03,130507
0.03,130036
0.03,129132
0.03,128381
0.03,128105
0.03,127502
0.03,125016
0.03,123731
0.03,123539
0.04,119791
0.04,118481
0.04,117288
0.04,116407
0.04,116351
0.04,116196
0.04,115628
0.04,112982
0.04,112351
0.04,111540
0.04,109283
0.04,109231
0.04,104691
0.04,103797
0.04,103789
0.04,103646
0.04,103465
0.04,103251
0.04,103109
0.04,103036
0.04,102932
0.04,101617
0.04,100045
0.04,99460
0.04,98782
0.04,97812
0.04,97799
0.04,97332
0.04,97029
0.04,96730
0.04,95911
0.04,95463
0.04,94177
0.04,93899
0.04,93737
0.04,93113
0.04,92862
0.04,92801
0.04,92590
0.04,92247
0.04,91982
0.04,91746
0.04,91427
0.04,91171
0.04,90926
0.04,90189
0.04,90110
0.05,90051
0.05,89694
0.05,89111
0.05,88051
0.05,87484
0.05,87454
0.05,87134
0.05,85593
0.05,85211
0.05,85190
0.05,85044
0.05,83978
0.05,83785
0.05,83654
0.05,83607
0.05,82270
0.05,80710
0.05,80294
0.05,80179
0.05,79754
0.05,71104
0.05,70387
0.05,69903
0.05,69875
0.05,69662
0.05,69637
0.05,68985
0.05,66230
0.05,65717
0.05,65462
0.06,64412
0.06,64326
0.06,63311
0.06,62902
0.06,62638
0.06,62331
0.06,62172
0.06,60987
0.06,60879
0.06,60325
0.06,59833
0.06,59703
0.06,59582
0.06,58860
0.06,58794
0.06,58291
0.06,57678
0.06,57267
0.06,57110
0.06,57075
0.07,56629
0.07,56562
0.07,55538
0.07,55422
0.08,55147
0.08,55005
0.14,54905
0.14,54276
0.15,54168
0.15,54030
0.15,53413
0.24,53178
0.24,52887
0.25,52801
14.23,52772
14.24,52772
28.88,52734
28.88,52672
63.04,52642
