0.06,224564
0.06,224229
0.06,222604
0.07,214491
0.07,213010
0.07,205961
0.07,202861
0.07,202016
0.07,200407
0.07,198724
0.07,198211
0.07,196622
0.07,192549
0.08,191471
0.08,190418
0.08,189163
0.08,188704
0.08,187083
0.08,185399
0.08,178811
0.09,176285
0.09,170450
0.09,168989
0.09,158939
0.09,154615
0.10,153794
0.10,152352
0.10,151046
0.10,149939
0.10,149655
0.10,149131
0.22,144116
0.29,143271
0.91,142614
0.91,142227
0.91,142200
1.22,141187
1.22,141083
1.22,141030
1.22,136024
2.70,135002
2.70,132046
2.70,130942
2.70,130211
2.70,130069
2.70,128751
2.72,128715
2.72,128569
2.72,128113
3.93,128010
4.24,127653
4.24,126589
4.24,126414
4.24,124897
4.24,124301
4.24,124111
4.24,123139
4.44,123044
4.63,120432
4.78,117568
5.06,115534
5.33,115428
5.33,113837
5.33,112915
5.33,107506
6.42,107260
6.70,107244
6.71,107066
6.71,105387
6.72,104975
6.78,104004
6.78,102604
6.78,99055
7.21,98689
7.21,97666
7.21,97291
7.46,95736
7.46,95204
7.48,95128
7.74,94329
7.75,93969
7.75,93639
7.83,93157
7.83,92416
7.83,90588
7.89,88499
8.35,87553
8.35,87226
8.35,86782
8.36,85306
8.88,84801
8.91,84799
8.91,84762
8.91,84304
8.95,83170
8.95,80810
9.63,80304
9.63,79634
9.63,79381
9.63,78450
9.63,77426
9.93,76650
9.99,76031
10.06,75670
10.06,75050
10.41,74863
10.41,74033
10.41,73835
10.41,73538
10.41,73195
10.60,72212
10.79,71848
10.79,71623
10.79,71434
10.79,70811
10.85,70567
10.89,70303
10.89,69860
10.95,69411
10.95,68998
10.95,68694
10.95,68473
10.95,68254
10.95,67539
10.95,67423
10.95,67219
11.39,67131
11.39,66745
11.39,66246
11.39,65282
11.39,64602
11.45,64221
11.45,63411
11.45,63294
11.56,63258
11.56,63076
11.56,63046
11.76,62876
11.76,62501
11.76,62207
11.93,61983
11.93,60990
12.11,60506
12.18,59987
12.18,59916
12.18,59577
12.18,59226
12.42,59180
12.42,58798
12.58,58556
12.58,57853
12.58,57781
12.87,57597
13.04,57086
13.10,56741
13.10,56599
13.10,56241
13.10,55977
13.12,55936
13.13,55776
13.13,54996
13.13,54938
13.13,54462
13.13,54432
13.13,54342
13.72,54076
13.73,53892
13.73,53601
13.74,53601
13.74,53310
14.29,53289
14.29,53181
14.29,52672
14.29,52672
15.52,52658
15.82,52656
