0.06,173119
0.06,172759
0.06,169083
0.06,166785
0.06,166410
0.06,165796
0.07,164360
0.07,160945
0.08,156495
0.08,151813
0.08,149813
0.15,149574
0.15,148037
0.15,145947
0.46,138489
0.46,138301
2.45,136224
2.45,132807
2.60,131037
2.60,130518
2.60,130473
2.92,126384
3.86,124055
4.20,123906
4.20,123484
4.20,123318
4.20,123054
4.20,123024
4.25,121542
4.26,119428
4.97,118049
5.18,116741
5.18,116352
5.57,115357
5.69,114846
5.69,114810
5.69,111689
5.88,109100
5.91,108319
5.91,107842
6.30,106326
6.31,106265
6.38,106104
6.38,105563
6.57,104755
6.57,102894
6.57,102447
6.57,102226
6.57,102016
6.96,101976
6.96,100840
6.97,100107
6.97,99735
6.97,98032
6.97,97793
7.15,97771
7.15,97298
7.15,97220
7.15,96781
7.42,96574
7.42,96399
7.42,93943
7.97,93918
8.00,93629
8.00,93329
8.00,92174
8.00,90977
8.00,90421
8.00,89872
8.18,89652
8.18,89537
8.18,87311
8.45,87046
8.45,86860
8.45,86029
8.67,85047
8.67,83907
8.68,83727
8.72,82024
8.73,81913
8.73,80885
9.09,80567
9.12,80039
9.12,80037
9.12,79270
9.12,79209
9.12,78768
9.12,76685
9.12,76644
9.12,75387
9.69,75102
9.76,75045
9.76,74562
9.76,73647
9.86,73284
9.86,71825
9.86,71800
9.86,71780
9.86,71696
9.86,70790
10.34,70698
10.34,69996
10.42,69402
10.42,69242
10.42,69090
10.59,68107
10.59,67887
10.59,67691
10.59,67648
10.60,67313
10.60,66860
10.82,66555
10.82,66253
10.91,65574
10.91,65291
10.91,64301
11.05,62949
11.06,62893
11.06,62810
11.06,62543
11.46,62280
11.55,61593
11.55,61390
11.75,60637
11.75,59319
11.75,59002
11.77,58789
11.77,58525
11.77,57834
11.77,57643
12.24,57583
12.51,57403
12.51,56902
12.51,56779
12.51,56416
12.58,55886
12.62,55641
12.62,55546
12.62,55140
12.77,54887
12.77,54843
12.77,54756
13.16,53986
13.48,53907
13.50,53853
13.50,53837
13.89,53800
13.89,53740
13.93,53736
13.93,53724
13.97,53434
13.97,53139
13.97,52948
14.02,52848
14.02,52786
14.50,52724
14.50,52724
14.50,52642
