0.07,197167
0.08,196789
0.08,195625
0.08,192971
0.08,191932
0.09,188793
0.09,186071
0.09,183462
0.09,182349
0.09,182168
0.09,181742
0.09,181493
0.09,180942
0.09,180146
0.09,179053
0.09,179007
0.09,176635
0.09,174682
0.09,174323
0.09,174283
0.09,173575
0.09,167150
0.09,166904
0.09,163045
0.09,162390
0.11,159063
0.11,158091
0.12,157965
0.13,153755
0.24,152437
0.24,152230
0.24,148594
0.36,147561
0.36,146139
0.36,143821
1.59,143143
1.59,142167
1.88,141042
1.88,139985
1.88,138215
1.88,138062
1.91,137854
1.91,137480
1.91,136301
1.91,133653
1.91,133035
1.91,133013
3.17,131053
3.17,129126
4.16,128973
4.32,124749
4.32,124527
4.32,124445
4.32,122060
4.76,120335
4.76,118665
4.76,115449
4.82,115255
5.07,114618
5.07,114144
5.07,112907
5.62,110589
5.62,108093
6.11,108002
6.11,106814
6.11,106131
6.11,102824
6.93,101266
6.93,99059
6.93,98534
6.93,98322
6.93,98054
6.93,97444
6.93,94160
7.51,92932
7.51,92563
7.90,91721
7.90,91389
8.21,89708
8.21,88500
8.21,87145
8.22,84583
8.22,84516
8.59,84110
8.91,83672
9.12,83353
9.12,83174
9.12,82942
9.12,80166
9.12,79765
9.52,79252
9.52,77979
9.71,77291
9.71,76665
9.85,76498
10.04,75958
10.11,75696
10.11,75640
10.11,73545
10.15,73388
10.15,73320
10.15,72982
10.15,72509
10.15,70870
10.76,70029
10.76,69917
10.80,69553
10.86,69431
10.93,69287
10.93,69130
10.93,68945
10.93,68833
10.93,68287
10.93,67503
10.93,67143
10.93,66840
11.23,66543
11.23,66032
11.34,65819
11.34,65722
11.35,65199
11.42,65103
11.42,64939
11.42,64735
11.42,64695
11.42,63540
11.46,62837
11.46,62467
11.46,62256
11.46,62084
11.50,61971
11.61,61543
11.61,61345
11.61,60714
12.04,59752
12.04,59412
12.04,58668
12.04,58452
12.05,58069
12.05,57226
12.77,57208
12.77,57017
12.78,56931
12.78,56485
12.89,56394
12.89,56314
12.89,56045
12.89,55832
12.89,55453
12.89,55410
13.01,55099
13.01,55043
13.20,54955
13.55,54945
13.60,54869
13.71,54865
13.71,54796
13.82,54533
13.82,54519
13.82,54456
13.83,54162
13.84,53918
13.84,53561
14.00,53508
14.00,53446
14.00,53410
14.06,53356
14.06,53285
14.44,53276
14.64,53219
14.68,53191
14.98,53187
14.99,53115
15.15,52980
15.27,52919
15.94,52896
