0.06,194393
0.06,194118
0.06,192532
0.08,191768
0.08,190818
0.08,190581
0.08,189936
0.08,178903
0.08,178793
0.09,172359
0.09,172257
0.09,168727
0.09,168408
0.09,167905
0.09,167476
0.10,161340
0.13,160643
0.13,160085
0.14,159233
0.18,158914
0.18,157135
0.18,157119
0.18,154746
0.18,154608
0.18,152000
0.22,151975
0.24,150587
0.24,150369
0.24,150218
0.24,145673
0.24,145092
0.84,144637
1.07,139371
1.31,136818
1.94,136639
1.94,135864
1.96,133982
3.05,132393
3.05,132126
3.05,131727
3.14,130661
3.14,129983
3.14,129732
3.14,120873
4.13,118855
4.13,117776
4.53,116962
4.53,116663
5.17,115949
5.33,115714
5.33,115243
5.42,114440
5.42,113865
5.42,113864
5.50,111270
5.50,110103
5.50,108667
6.22,108127
6.23,106770
6.50,105499
6.50,103709
6.50,102834
6.87,101655
6.93,100602
6.93,100496
6.93,100449
6.93,98357
6.93,96274
6.93,94945
6.93,93898
7.63,93547
7.63,92918
7.63,92424
8.28,90902
8.28,90793
8.52,90322
8.52,89650
8.52,88855
8.54,87087
8.60,85570
8.75,84939
8.97,84659
9.10,84528
9.10,84467
9.19,84089
9.19,82563
9.20,82190
9.20,81906
9.29,81274
9.29,80778
9.29,79827
9.29,78835
9.29,78276
9.29,78197
9.39,77830
9.45,77353
9.45,76954
9.45,76721
9.45,76013
9.82,75032
9.83,75020
9.83,74419
10.06,74395
10.06,74356
10.06,74103
10.06,73498
10.06,73020
10.06,72284
10.06,72150
10.06,71928
10.21,71833
10.21,71600
10.25,71525
10.42,71042
10.72,70801
10.72,70558
10.81,70558
10.81,70349
10.81,70319
10.81,70213
10.81,69442
10.87,69416
10.88,69143
10.88,68882
10.93,68868
10.93,68479
10.93,67790
10.93,66233
11.01,66081
11.01,65769
11.24,64595
11.62,64505
11.65,64179
11.72,64156
11.75,64137
11.75,63572
11.75,62845
11.87,62383
11.87,61931
11.87,61838
12.12,61685
12.12,61654
12.12,61200
12.12,60751
12.12,60730
12.12,60531
12.12,59974
12.12,59854
12.12,59041
12.12,58442
12.12,58228
12.12,57916
12.12,57744
12.58,57639
12.58,57174
12.87,57113
12.88,57075
12.88,56508
12.88,56212
12.88,56026
12.93,55746
13.11,55634
13.30,55557
13.30,55264
13.30,55149
13.67,54931
13.67,54899
13.67,54792
13.67,54787
13.67,54685
13.70,54485
13.70,54482
13.78,54479
13.81,54116
13.81,53948
13.81,53833
13.91,53682
13.91,53579
14.23,53452
14.49,53398
14.60,53391
14.60,52945
15.16,52887
15.29,52724
16.22,52642
