0.06,201295
0.07,200320
0.07,197768
0.07,197007
0.07,196317
0.09,193594
0.09,192522
0.09,192121
0.09,191770
0.09,190826
0.09,188773
0.09,181597
0.09,181559
0.10,178699
0.10,177406
0.10,175826
0.10,175135
0.10,174936
0.10,174800
0.10,174654
0.10,173374
0.10,171486
0.10,168593
0.10,165191
0.10,164430
0.10,162966
0.10,157553
0.14,155924
0.14,153101
0.14,150733
0.14,149253
0.14,148439
0.14,147349
0.14,145913
0.50,144716
0.50,141798
0.61,140832
0.68,140351
0.68,138466
0.68,137115
0.68,136609
3.00,136409
3.04,133719
3.04,133644
3.04,132214
3.39,130993
3.39,127711
3.39,122801
3.39,121956
4.31,121931
4.31,121053
4.31,120969
4.96,120617
4.96,120609
5.07,120425
5.29,119656
5.32,119414
5.38,119245
5.38,114743
5.87,114110
6.15,113659
6.20,112990
6.27,112717
6.27,111999
6.27,111462
6.27,110830
6.27,107741
6.64,107501
6.68,106501
6.68,106398
6.68,105322
7.05,103098
7.05,102042
7.05,101682
7.05,99103
7.05,99034
7.05,97640
7.05,96906
7.05,95618
7.74,95279
7.84,94090
7.84,92785
8.07,92553
8.32,89889
8.33,89855
8.33,88730
8.56,88695
8.56,88300
8.56,88283
8.56,86170
8.56,85455
8.65,85178
8.76,84955
8.76,84394
8.76,84043
8.76,81697
9.22,81242
9.67,79809
9.70,78003
9.76,77314
9.78,77171
9.78,76002
10.00,75000
10.04,73657
10.04,72782
10.04,71920
10.04,71564
10.04,71517
10.04,71273
10.45,70322
10.45,70322
10.71,70075
10.71,69620
10.71,69619
10.71,69577
10.71,69253
10.71,68851
10.89,68089
10.89,67594
10.89,66577
11.45,66269
11.45,64745
11.45,64550
11.45,64407
11.45,63324
11.91,62836
11.93,62791
11.93,62221
11.93,61907
11.95,61699
11.99,61253
11.99,60443
11.99,60390
11.99,59642
11.99,59593
12.34,59568
12.34,59213
12.35,59164
12.35,58922
12.35,58474
12.48,57992
12.48,57889
12.48,57569
12.56,57490
12.73,57449
12.76,56951
12.76,56908
12.76,56858
12.76,56565
12.79,56491
12.94,56182
12.94,56133
12.94,55911
12.95,55442
13.16,55278
13.24,54771
13.37,54671
13.71,54551
13.71,54458
13.80,54071
13.80,54024
14.00,53855
14.03,53820
14.11,53553
14.16,53076
14.44,53030
14.44,53010
14.65,52963
14.65,52928
14.84,52800
15.92,52750
15.92,52750
15.93,52642
