0.00,227444
0.01,226642
0.01,222612
0.01,219201
0.01,217641
0.01,216489
0.01,207459
0.01,206655
0.01,206293
0.01,205275
0.01,204028
0.01,198108
0.01,194396
0.01,193620
0.01,193345
0.01,193306
0.01,193263
0.01,191997
0.01,191471
0.01,190154
0.01,190020
0.01,187157
0.01,180493
0.01,180220
0.01,177321
0.01,177266
0.01,176371
0.01,176202
0.01,173453
0.01,171199
0.01,170921
0.01,166792
0.02,166592
0.02,165195
0.02,165183
0.02,165159
0.02,165047
0.02,164640
0.02,162583
0.02,162428
0.02,159672
0.02,159388
0.02,158211
0.02,158154
0.02,157431
0.02,156228
0.02,154857
0.02,154772
0.02,154764
0.02,154494
0.02,154432
0.02,151424
0.02,150426
0.02,149031
0.02,148951
0.02,147634
0.02,147433
0.02,145856
0.03,144419
0.03,144270
0.03,139917
0.03,139549
0.03,136998
0.03,125690
0.03,123407
0.03,121975
0.03,121926
0.03,121923
0.03,120379
0.03,120236
0.03,117675
0.03,117385
0.03,117334
0.03,116427
0.03,115163
0.03,114796
0.03,113664
0.03,112926
0.03,111970
0.03,111232
0.03,111170
0.03,110750
0.03,106391
0.03,106110
0.03,105642
0.03,105475
0.03,104565
0.04,103733
0.04,103667
0.04,101849
0.04,101823
0.04,99598
0.04,99396
0.04,98694
0.04,97567
0.04,97247
0.04,95516
0.04,93262
0.04,93140
0.04,91190
0.04,89512
0.04,89251
0.04,88776
0.04,88347
0.04,88209
0.04,87753
0.04,87134
0.04,86798
0.04,86516
0.04,85955
0.04,85649
0.04,84480
0.04,84335
0.04,83820
0.04,82496
0.04,82446
0.04,82318
0.04,82230
0.04,82149
0.04,81980
0.04,81748
0.04,80056
0.04,79676
0.04,79111
0.04,78305
0.04,77355
0.04,77163
0.04,76531
0.04,75213
0.04,74694
0.04,74328
0.04,74137
0.04,72483
0.04,72472
0.04,71828
0.04,70663
0.04,70580
0.04,70468
0.05,70019
0.05,69855
0.05,69750
0.05,65801
0.05,65500
0.05,64260
0.05,63838
0.05,63361
0.05,62780
0.05,62332
0.05,62009
0.05,61800
0.06,61361
0.06,60624
0.06,60624
0.06,60387
0.06,60239
0.06,60203
0.06,59574
0.07,59373
0.07,59233
0.07,59193
0.07,58389
0.07,58249
0.08,58006
0.10,57547
0.10,56851
0.10,56851
0.10,56113
0.10,56007
0.10,55978
0.10,55940
0.10,55361
0.10,55141
0.10,54818
0.11,54706
0.16,54628
0.16,54566
0.22,54261
0.41,54065
0.70,53924
0.71,53402
0.71,52989
0.75,52920
3.90,52672
6.52,52658
22.88,52658
30.85,52642
