0.00,223808
0.01,219185
0.01,218280
0.01,217699
0.01,217689
0.01,216193
0.01,210062
0.01,204207
0.01,203471
0.01,203022
0.01,202840
0.01,200308
0.01,200082
0.01,200075
0.01,199630
0.01,197003
0.01,196420
0.01,195405
0.01,192207
0.01,186824
0.01,186381
0.01,184517
0.01,184290
0.01,181938
0.01,179027
0.01,178503
0.01,178456
0.01,176368
0.01,175945
0.01,175555
0.01,170412
0.01,169688
0.01,167885
0.02,167658
0.02,166172
0.02,166072
0.02,165727
0.02,161898
0.02,161882
0.02,161017
0.02,160800
0.02,160618
0.02,160347
0.02,158244
0.02,158227
0.02,157825
0.02,156319
0.02,156135
0.02,155294
0.02,155021
0.02,154725
0.02,154238
0.02,154159
0.03,153326
0.03,147923
0.03,145659
0.03,144983
0.03,144976
0.03,144784
0.03,144515
0.03,141338
0.03,140356
0.03,140180
0.03,139613
0.03,137778
0.03,133262
0.03,132374
0.03,129932
0.03,129281
0.03,128581
0.03,128421
0.03,128262
0.03,126456
0.03,122943
0.03,122530
0.03,122142
0.03,121481
0.03,121364
0.03,120227
0.03,118667
0.03,118199
0.03,117014
0.03,115962
0.03,114886
0.03,112757
0.03,112362
0.03,112129
0.03,111726
0.03,111239
0.03,110981
0.03,105906
0.03,103788
0.03,102666
0.03,102113
0.03,101702
0.03,101616
0.03,91676
0.03,91598
0.04,91324
0.04,90981
0.04,90848
0.04,90012
0.04,89907
0.04,89607
0.04,88802
0.04,88489
0.04,88202
0.04,88122
0.04,87370
0.04,87254
0.04,87040
0.04,86587
0.04,86455
0.04,85676
0.04,84941
0.04,84640
0.04,83249
0.04,83061
0.04,81425
0.04,81313
0.04,80755
0.04,80594
0.04,80506
0.04,80305
0.04,80267
0.04,79846
0.04,79763
0.04,79759
0.04,79558
0.04,79140
0.04,78838
0.04,78704
0.04,78490
0.04,77818
0.04,73099
0.04,72797
0.04,71667
0.04,70976
0.04,69302
0.04,68996
0.04,68885
0.04,68768
0.04,68641
0.04,68564
0.05,68544
0.05,68258
0.05,68219
0.05,68164
0.05,67711
0.05,67707
0.05,67347
0.05,66442
0.05,64596
0.05,64356
0.05,64265
0.05,64121
0.05,62860
0.05,62412
0.05,60643
0.05,59558
0.05,58990
0.05,58551
0.06,58304
0.06,58239
0.06,57816
0.06,57598
0.06,57598
0.06,57336
0.06,57106
0.06,56589
0.06,56402
0.06,56296
0.07,55815
0.07,55795
0.07,55455
0.07,55165
0.07,54896
0.13,54315
0.15,54127
0.16,54011
0.16,53458
0.22,53190
0.22,53190
1.73,53076
1.77,53005
2.22,52917
2.25,52898
2.26,52672
8.04,52642
