0.00,226712
0.01,218529
0.01,214147
0.01,211841
0.01,209439
0.01,198936
0.01,196049
0.01,196024
0.01,195493
0.01,193648
0.01,192790
0.01,192315
0.01,190285
0.01,190057
0.01,189073
0.01,188598
0.01,188105
0.01,187849
0.01,184905
0.01,180736
0.01,179730
0.01,179718
0.01,174535
0.01,172691
0.01,168460
0.01,168213
0.01,167617
0.01,166777
0.01,162247
0.01,161720
0.01,157360
0.01,155618
0.01,154792
0.01,153118
0.02,151450
0.02,145756
0.02,145446
0.02,143962
0.02,136015
0.02,135943
0.02,134257
0.02,130708
0.02,129489
0.02,129412
0.02,129218
0.02,127418
0.02,125414
0.02,125377
0.02,124717
0.03,123153
0.03,122187
0.03,119677
0.03,115160
0.03,114158
0.03,114099
0.03,113627
0.03,110545
0.03,109510
0.03,108865
0.03,108550
0.03,108119
0.03,107583
0.03,105923
0.03,105908
0.03,104826
0.03,104810
0.03,104798
0.03,104744
0.03,103830
0.03,103586
0.03,103270
0.03,103101
0.03,102437
0.03,100397
0.03,99720
0.03,99018
0.03,98568
0.03,97538
0.03,96855
0.03,94926
0.03,94776
0.03,94327
0.03,93750
0.03,93032
0.03,92874
0.03,92623
0.03,92144
0.03,83577
0.03,83088
0.03,83076
0.03,81216
0.03,80713
0.04,79262
0.04,79022
0.04,78632
0.04,78355
0.04,78233
0.04,77787
0.04,77589
0.04,77074
0.04,76881
0.04,76285
0.04,75907
0.04,75878
0.04,75429
0.04,75137
0.04,73077
0.04,72932
0.04,71993
0.04,71545
0.04,70429
0.04,69657
0.04,68560
0.04,68344
0.04,68164
0.04,67347
0.04,66758
0.04,66310
0.04,66186
0.04,66074
0.04,65975
0.04,65800
0.04,65010
0.04,64881
0.04,64745
0.05,64687
0.05,64674
0.05,64251
0.05,63645
0.05,63629
0.05,63374
0.05,61318
0.05,61006
0.05,60806
0.05,60252
0.05,59829
0.05,59538
0.05,59460
0.06,59427
0.06,58540
0.06,58143
0.06,58143
0.06,57678
0.07,57629
0.07,57532
0.07,56925
0.07,56811
0.07,56786
0.07,56475
0.07,56440
0.07,56010
0.07,55922
0.13,55864
0.13,55635
0.15,55607
0.15,55607
0.16,55560
0.17,55158
0.17,55061
0.17,54953
0.18,54536
0.19,54424
0.20,54386
0.20,53903
0.35,53848
0.35,53706
0.35,53541
0.35,53273
0.82,53257
1.32,53152
1.32,53012
3.24,52951
4.13,52860
7.31,52806
24.35,52786
41.00,52658
60.91,52656
143.84,52642
165.17,52642
