0.00,223307
0.00,222442
0.01,222316
0.01,214010
0.01,213236
0.01,211564
0.01,209707
0.01,204753
0.01,203725
0.01,200095
0.01,199834
0.01,199322
0.01,197249
0.01,197190
0.01,195724
0.01,194606
0.01,194001
0.01,193820
0.01,190703
0.01,186638
0.01,186210
0.01,186056
0.01,184456
0.01,181028
0.01,180065
0.01,180062
0.01,179446
0.01,177763
0.01,177322
0.01,176485
0.01,175868
0.01,171261
0.01,171257
0.01,170968
0.01,170869
0.02,164558
0.02,163993
0.02,163201
0.02,162824
0.02,159515
0.02,158258
0.02,157535
0.02,154384
0.02,145029
0.02,143978
0.02,141977
0.02,140800
0.02,140755
0.02,139947
0.02,139353
0.02,138878
0.02,137418
0.02,136729
0.02,136106
0.02,133773
0.02,133750
0.02,133465
0.02,129376
0.02,125289
0.02,123265
0.02,123133
0.02,122303
0.02,121189
0.02,120779
0.02,120559
0.02,118814
0.02,118313
0.02,118253
0.02,117318
0.02,115880
0.02,114271
0.02,114143
0.02,110935
0.03,109868
0.03,108799
0.03,106516
0.03,103530
0.03,102834
0.03,99488
0.03,99247
0.03,98127
0.03,96504
0.03,96447
0.03,90886
0.03,90808
0.03,88280
0.03,87316
0.03,87236
0.03,85944
0.03,85898
0.03,85455
0.03,85029
0.03,84363
0.03,83886
0.03,83024
0.03,82232
0.03,82205
0.04,81976
0.04,81592
0.04,81229
0.04,80503
0.04,80386
0.04,80352
0.04,80061
0.04,79496
0.04,78904
0.04,78467
0.04,78151
0.04,76657
0.04,76584
0.04,76103
0.04,76082
0.04,75173
0.04,75173
0.04,73849
0.04,73435
0.04,73337
0.04,73311
0.04,73009
0.04,72671
0.04,72218
0.04,71933
0.04,71480
0.04,70532
0.04,69941
0.04,69402
0.04,68977
0.04,67772
0.04,66402
0.04,66280
0.04,65924
0.04,65835
0.04,64869
0.04,64045
0.04,62626
0.04,62372
0.04,62206
0.04,61696
0.04,61486
0.05,59887
0.05,59835
0.05,59680
0.05,59645
0.05,59350
0.05,59062
0.05,58869
0.05,58798
0.05,58554
0.05,57954
0.05,57836
0.05,57828
0.05,57730
0.05,57569
0.05,57423
0.05,57410
0.06,56960
0.06,56921
0.06,56637
0.06,56464
0.06,55536
0.06,55536
0.07,55439
0.07,55376
0.07,55180
0.07,54779
0.09,54540
0.11,54414
0.11,54409
0.12,54388
0.12,54120
0.13,54120
0.22,53975
0.35,53875
0.49,53715
0.50,53677
0.50,53645
0.51,53151
0.51,53116
0.75,53086
4.32,52991
9.48,52887
9.50,52672
19.98,52656
142.60,52642
