0.00,219901
0.01,218207
0.01,218188
0.01,217874
0.01,217558
0.01,211690
0.01,211042
0.01,209941
0.01,208799
0.01,208626
0.01,205927
0.01,205583
0.01,194221
0.01,192048
0.01,188499
0.01,188068
0.01,187561
0.01,187056
0.01,181206
0.01,177069
0.01,175775
0.01,170053
0.01,168626
0.01,168415
0.01,166269
0.01,165913
0.01,162627
0.01,162464
0.01,162456
0.01,159105
0.01,158976
0.01,158452
0.01,156200
0.01,155535
0.01,151983
0.01,150860
0.02,146764
0.02,146216
0.02,143985
0.02,143932
0.02,143087
0.02,137074
0.02,136090
0.02,134644
0.02,132072
0.02,131899
0.02,131788
0.02,131736
0.02,130854
0.02,128881
0.02,127647
0.02,127422
0.02,127311
0.02,127273
0.02,125378
0.02,124131
0.02,123718
0.02,123400
0.03,123068
0.03,122718
0.03,121737
0.03,119722
0.03,117451
0.03,115784
0.03,110514
0.03,109169
0.03,108536
0.03,107653
0.03,107603
0.03,107392
0.03,105449
0.03,104224
0.03,102292
0.03,99285
0.03,98645
0.03,98193
0.03,97536
0.03,96348
0.03,96313
0.03,95207
0.03,94132
0.03,92908
0.03,92630
0.03,91747
0.03,91523
0.03,90278
0.03,89990
0.03,89980
0.03,89892
0.03,89388
0.03,89305
0.03,88305
0.03,87806
0.03,87527
0.03,87203
0.03,86517
0.03,85664
0.03,84481
0.03,84481
0.03,84079
0.03,84024
0.03,81786
0.03,81774
0.03,81580
0.03,81466
0.04,81040
0.04,80900
0.04,80634
0.04,80459
0.04,80421
0.04,78180
0.04,75950
0.04,74915
0.04,74523
0.04,74503
0.04,73543
0.04,73519
0.04,73417
0.04,72405
0.04,72394
0.04,72306
0.04,72258
0.04,71784
0.04,71362
0.04,71045
0.04,70689
0.04,70070
0.04,70005
0.04,70000
0.04,69962
0.04,69664
0.04,69184
0.04,68571
0.04,68138
0.04,67720
0.04,67508
0.04,66776
0.04,66147
0.04,65948
0.04,65423
0.04,65244
0.04,65115
0.04,64723
0.04,64428
0.04,64153
0.04,64065
0.05,64049
0.05,63284
0.05,62840
0.05,62738
0.05,62530
0.05,62054
0.05,61972
0.05,61271
0.05,59407
0.05,58961
0.05,58500
0.05,57883
0.05,56650
0.05,56458
0.06,55493
0.06,54971
0.10,54434
0.10,53949
0.13,53455
0.29,53123
0.30,53021
0.30,53021
2.77,52860
2.77,52860
4.25,52821
5.23,52738
5.24,52738
5.24,52656
92.88,52642
