0.06,214738
0.06,213253
0.07,212510
0.07,208296
0.07,207817
0.08,205554
0.08,205407
0.08,202081
0.08,201890
0.08,196867
0.08,189777
0.08,189729
0.08,189443
0.08,185535
0.08,185099
0.08,183984
0.08,180244
0.08,179666
0.08,176898
0.09,175245
0.09,173996
0.09,173240
0.09,167617
0.10,164962
0.13,164652
0.16,162484
0.16,161926
0.16,160950
0.16,158321
0.19,158030
0.19,157218
0.19,154631
0.19,153067
0.19,149225
0.48,145950
0.48,145333
0.48,144906
0.48,144569
1.07,144340
1.07,143991
1.07,143897
1.07,141259
2.08,137351
2.13,134190
2.13,132548
2.47,132049
2.47,132042
2.47,129606
2.49,129207
2.49,126957
2.49,125524
3.42,125444
3.42,125423
3.42,124680
3.70,124053
4.01,123699
4.22,121253
4.39,118064
4.39,116018
4.61,115958
4.61,115576
4.61,115022
5.65,114207
5.66,112342
5.66,111764
5.89,107877
5.89,107483
6.22,105101
6.22,102936
6.57,99784
6.94,99084
7.19,97546
7.19,96559
7.36,95834
7.78,95088
7.78,91982
8.13,91796
8.13,90814
8.13,90593
8.24,90405
8.24,90229
8.24,90081
8.24,90077
8.24,90017
8.24,89445
8.24,88020
8.24,87988
8.24,87838
8.24,86340
8.54,86158
8.83,85893
8.83,85588
8.83,85523
8.83,83055
9.16,82887
9.17,80237
9.17,80005
9.17,78798
9.76,78550
9.76,78426
9.90,78151
9.90,77405
9.90,74628
10.16,74512
10.16,74415
10.16,73951
10.16,73393
10.16,72918
10.16,72632
10.53,71401
10.53,70424
10.58,69972
10.58,69867
10.95,68845
10.95,68797
11.08,68109
11.08,68047
11.08,67910
11.08,67573
11.08,66854
11.08,65647
11.14,65495
11.14,64132
11.39,63904
11.50,63848
11.50,63265
11.50,62943
11.50,62760
11.77,62259
11.77,61870
11.77,61730
11.98,61413
12.10,61067
12.10,60818
12.10,60105
12.10,59867
12.16,59443
12.16,59358
12.16,58503
12.16,57936
12.69,57532
12.74,57478
12.74,57332
12.74,56902
12.85,56846
12.85,56754
12.90,56158
12.95,56131
13.01,55686
13.10,55269
13.31,55087
13.31,55052
13.31,54640
13.31,54615
13.32,54593
13.32,54543
13.32,54350
13.32,54082
13.48,54011
13.54,53981
13.77,53823
13.92,53708
13.93,53680
14.05,53637
14.45,53551
14.46,53533
14.46,53493
14.52,53325
14.52,53005
15.28,52971
15.37,52909
16.25,52766
16.25,52658
16.31,52642
