0.00,226398
0.00,225003
0.01,223414
0.01,215452
0.01,211104
0.01,210806
0.01,210478
0.01,209613
0.01,209025
0.01,209020
0.01,207795
0.01,206994
0.01,206174
0.01,206171
0.01,205362
0.01,204974
0.01,204069
0.01,201474
0.01,197857
0.01,192991
0.01,191529
0.01,191105
0.01,190636
0.01,186181
0.01,186093
0.01,184755
0.01,183774
0.01,183331
0.01,183028
0.01,182687
0.01,182678
0.01,182096
0.01,181088
0.01,171030
0.01,169801
0.01,169560
0.01,167901
0.01,167781
0.01,167670
0.01,167619
0.01,167565
0.01,166883
0.02,163877
0.02,163227
0.02,163145
0.02,162837
0.02,162651
0.02,161963
0.02,161948
0.02,161784
0.02,161650
0.02,159889
0.02,159152
0.02,157488
0.02,156500
0.02,155637
0.02,155209
0.02,154416
0.02,152544
0.02,150952
0.02,148740
0.02,148427
0.02,145620
0.02,145115
0.02,142909
0.02,142141
0.02,141776
0.03,140802
0.03,139777
0.03,137977
0.03,137884
0.03,137412
0.03,128419
0.03,127729
0.03,127145
0.03,125308
0.03,125021
0.03,124057
0.03,123519
0.03,122351
0.03,121363
0.03,121072
0.03,120477
0.03,118219
0.03,116859
0.03,116469
0.03,114691
0.03,114592
0.03,114205
0.03,113547
0.03,113353
0.03,112708
0.03,112701
0.03,111917
0.03,111320
0.03,111272
0.03,110526
0.03,110448
0.03,110359
0.03,101732
0.03,101550
0.03,101092
0.03,100976
0.03,100209
0.03,98937
0.03,98794
0.03,98213
0.03,97343
0.03,95661
0.03,95509
0.03,94851
0.03,92721
0.03,92553
0.03,92243
0.03,91162
0.03,90623
0.03,90589
0.03,89973
0.03,89152
0.03,89059
0.03,86647
0.03,86253
0.03,85443
0.03,84553
0.04,84416
0.04,84123
0.04,83859
0.04,83430
0.04,83387
0.04,83143
0.04,83020
0.04,82812
0.04,82534
0.04,81189
0.04,81092
0.04,80709
0.04,80699
0.04,80466
0.04,79553
0.04,79506
0.04,79502
0.04,79287
0.04,79207
0.04,77608
0.04,77309
0.04,76863
0.04,73708
0.04,73658
0.04,73308
0.04,72464
0.04,71986
0.04,71622
0.04,71517
0.04,71412
0.04,71277
0.04,71045
0.04,69890
0.04,69701
0.04,69152
0.04,69062
0.04,68879
0.04,68063
0.04,67885
0.04,67265
0.04,66840
0.04,65417
0.05,65290
0.05,65122
0.05,64342
0.05,64332
0.05,63701
0.05,63648
0.05,63409
0.05,63078
0.05,62911
0.05,62458
0.05,62278
0.05,62201
0.05,62055
0.05,61760
0.05,61652
0.05,61583
0.05,60145
0.05,60009
0.05,59531
0.05,59430
0.06,59000
0.06,58709
0.06,57200
0.06,57200
0.06,56377
0.10,55997
0.10,55954
0.10,55814
0.10,55753
0.10,55199
0.16,55025
0.16,54397
0.16,54103
0.20,53984
0.20,53912
0.20,53732
0.25,53377
0.25,53235
0.25,53070
0.25,52801
8.94,52801
11.37,52772
32.78,52658
58.03,52656
224.66,52642
