0.00,227434
0.01,227023
0.01,222510
0.01,214328
0.01,214324
0.01,214130
0.01,211926
0.01,205347
0.01,204517
0.01,199173
0.01,196866
0.01,196523
0.01,193821
0.01,193574
0.01,192611
0.01,185668
0.01,183308
0.01,181912
0.01,180611
0.01,178866
0.01,175274
0.01,174941
0.01,173657
0.01,173426
0.01,172787
0.01,169146
0.01,168579
0.01,167738
0.01,167579
0.01,164496
0.01,158513
0.01,156908
0.01,155845
0.01,151615
0.02,151106
0.02,150991
0.02,150987
0.02,150256
0.02,145922
0.02,143281
0.02,142961
0.02,141935
0.02,141792
0.02,139146
0.02,138985
0.02,137542
0.02,135559
0.02,135209
0.02,133502
0.02,132913
0.02,131334
0.02,130571
0.02,130571
0.02,129853
0.02,129685
0.02,128777
0.02,127449
0.02,125455
0.02,124055
0.02,123957
0.02,122999
0.02,122237
0.02,122031
0.02,121909
0.03,119790
0.03,119589
0.03,119315
0.03,118377
0.03,115571
0.03,115272
0.03,113831
0.03,113590
0.03,113029
0.03,111578
0.03,110118
0.03,109355
0.03,109341
0.03,108581
0.03,105213
0.03,104578
0.03,104230
0.03,104146
0.03,102836
0.03,102491
0.03,102106
0.03,102007
0.03,98998
0.03,98515
0.03,97776
0.03,97300
0.04,96971
0.04,93969
0.04,93431
0.04,92515
0.04,91456
0.04,90259
0.04,89300
0.04,88933
0.04,88404
0.04,87945
0.04,86679
0.04,85833
0.04,85809
0.04,85277
0.04,84252
0.04,83685
0.04,82830
0.04,80899
0.04,77376
0.04,76808
0.04,75802
0.04,75708
0.04,75487
0.04,75294
0.04,74661
0.04,74609
0.04,74184
0.04,74064
0.04,73876
0.04,72865
0.04,71828
0.04,71556
0.04,71217
0.04,71026
0.04,70996
0.04,70893
0.04,70608
0.04,70050
0.04,69503
0.04,67568
0.04,62399
0.04,62112
0.04,61814
0.04,60235
0.05,59595
0.05,58964
0.05,58718
0.05,58332
0.05,58096
0.05,58006
0.05,57827
0.05,57811
0.05,57701
0.05,57680
0.05,57637
0.05,57595
0.05,57327
0.05,56924
0.05,56706
0.05,56701
0.05,56593
0.05,56586
0.05,56393
0.06,56106
0.06,55238
0.06,54755
0.07,54487
0.27,54474
0.29,53539
0.37,53423
0.38,52957
0.40,52672
4.35,52658
77.08,52642
