0.06,223273
0.06,220197
0.06,218676
0.06,217369
0.06,216804
0.07,216672
0.07,209562
0.07,208362
0.07,206861
0.07,206278
0.07,206209
0.07,205679
0.07,203122
0.07,199429
0.08,197364
0.08,195977
0.08,195089
0.08,194309
0.08,189521
0.08,186900
0.08,186876
0.08,186572
0.08,184829
0.08,181574
0.08,180841
0.08,180714
0.09,179513
0.09,177919
0.09,170430
0.09,162457
0.09,161473
0.09,160051
0.09,159661
0.09,156029
0.09,155708
0.09,154964
0.15,152999
0.30,151372
0.49,151218
0.49,150846
0.49,149242
0.74,149110
0.76,148765
0.76,145457
0.76,145265
0.76,145265
0.78,144445
1.75,144323
1.75,139994
1.75,137928
2.68,137410
2.78,136296
2.79,133947
2.97,132627
2.98,131943
3.12,131156
3.33,130863
3.62,128426
3.62,127662
3.77,125554
3.77,125406
3.77,125161
4.00,124735
4.00,122920
4.49,121162
4.56,121161
4.56,121099
4.56,117822
4.56,117143
4.56,115957
4.56,115060
4.56,114098
4.56,113782
5.47,113699
5.47,113329
5.47,111499
5.47,111291
6.02,110909
6.02,110583
6.35,110082
6.35,109876
6.35,109036
6.38,107476
6.38,107370
6.66,107289
6.78,104922
6.82,104765
6.82,103819
6.82,102915
6.96,102455
6.96,102062
7.23,101016
7.33,100942
7.36,100720
7.36,100378
7.36,100224
7.36,99202
7.36,98817
7.36,98747
7.61,97810
7.61,96446
7.64,96286
7.64,94866
7.76,93441
7.76,92720
8.05,90304
8.05,87865
8.61,87467
8.61,86507
8.61,84942
9.05,84364
9.05,80963
9.40,80041
9.40,80005
9.40,79868
9.40,78948
9.40,78844
9.45,77300
9.45,76783
9.45,76768
9.72,74651
10.09,74335
10.24,73930
10.24,73172
10.25,73096
10.25,73015
10.25,71817
10.43,70777
10.43,70320
10.43,70313
10.43,69971
10.43,69853
10.43,69303
10.43,68543
10.92,68085
10.95,67739
10.95,67663
10.95,67597
10.98,67561
10.98,67515
10.98,66806
10.98,66592
11.20,66556
11.20,65499
11.37,64979
11.37,64710
11.37,64600
11.37,64492
11.37,64280
11.37,64138
11.37,63389
11.57,62793
11.86,62716
11.86,62614
11.86,62170
11.86,61243
11.86,60797
11.86,60592
11.86,60313
12.07,60036
12.07,59904
12.07,59415
12.07,59348
12.26,58634
12.26,57772
12.26,57662
12.26,57565
12.96,57228
12.96,57207
12.96,56945
12.96,56823
12.96,56800
12.97,56661
12.97,56382
12.97,55991
12.97,55632
12.99,55600
13.24,55501
13.24,55413
13.33,55355
13.33,55279
13.41,54991
13.41,54522
13.41,54411
13.41,54191
13.75,54055
13.75,54055
13.75,53959
13.75,53397
14.17,53166
14.17,52780
14.17,52753
15.59,52658
15.62,52658
15.76,52642
