0.07,208100
0.07,207457
0.07,207381
0.07,202221
0.07,201353
0.08,200685
0.08,194677
0.08,192546
0.08,191335
0.08,190989
0.08,185715
0.08,185571
0.08,184749
0.08,184570
0.09,178723
0.09,178385
0.09,178101
0.09,177849
0.09,174904
0.09,172929
0.09,169669
0.09,168472
0.09,165678
0.09,163937
0.09,160649
0.09,159509
0.09,159506
0.09,156653
0.09,156303
0.10,154186
0.10,153773
0.13,151779
0.13,147240
0.36,146816
0.36,139983
0.36,139956
0.36,137375
1.90,136256
2.72,135392
2.72,134792
2.72,134722
2.72,134510
2.86,131401
2.86,128020
2.86,126824
2.86,126595
3.48,124314
3.48,122959
3.75,122722
3.75,122276
3.75,121131
3.75,120948
3.75,120899
3.75,118908
5.17,118242
5.17,118189
5.17,117431
5.54,117230
5.54,113715
5.54,112369
5.54,109227
6.16,105940
6.22,105470
6.22,105251
6.49,104695
6.54,104617
6.54,104215
6.54,103351
6.54,99527
6.79,98550
6.93,97121
7.06,95084
7.15,93515
7.15,93134
7.15,91796
7.48,91024
7.83,90534
7.83,89111
8.21,88787
8.33,88631
8.49,87292
8.49,86601
8.49,85153
8.82,85062
8.82,84898
8.82,84039
8.82,83467
8.82,83456
8.82,83242
8.97,83173
8.97,82418
8.97,82251
8.97,81504
8.97,81314
9.03,81175
9.03,81082
9.19,80988
9.19,79580
9.31,78922
9.31,77494
9.31,76387
9.31,76174
9.31,76011
9.73,75322
9.73,75291
10.07,74722
10.07,74080
10.07,73117
10.07,72951
10.07,72761
10.07,71955
10.07,71451
10.07,70900
10.23,70702
10.29,70685
10.29,70675
10.50,70550
10.50,69104
10.50,67988
10.50,67811
10.50,67364
10.50,67344
10.50,67010
10.93,66425
10.93,66047
10.93,65320
10.93,64658
10.93,64616
11.27,64551
11.27,63012
11.40,62767
11.57,61942
11.57,61736
11.57,60286
11.84,59612
11.84,59147
11.84,59062
12.00,58706
12.00,58289
12.38,57888
12.38,56889
12.90,56733
12.97,56525
12.97,56282
12.97,56099
12.97,55860
12.97,55251
12.97,54275
12.97,53916
13.73,53847
13.81,53838
13.81,53570
13.87,53547
13.87,53536
14.09,53474
14.09,53458
14.33,53455
14.34,53402
14.54,53188
14.54,53188
14.54,53127
14.55,52786
15.04,52738
15.44,52656
