0.00,222705
0.00,216305
0.01,215992
0.01,214109
0.01,212382
0.01,206572
0.01,206053
0.01,202152
0.01,199890
0.01,197937
0.01,190883
0.01,187470
0.01,176967
0.01,176435
0.01,176195
0.01,173200
0.01,173199
0.01,172675
0.01,170936
0.01,170079
0.01,168329
0.01,168284
0.01,166690
0.01,162899
0.01,161703
0.01,161373
0.02,161122
0.02,160517
0.02,157130
0.02,154847
0.02,154665
0.02,153083
0.02,150911
0.02,145785
0.02,145293
0.02,145284
0.02,141732
0.02,139933
0.02,139316
0.02,138928
0.02,137942
0.02,137779
0.02,137126
0.02,136808
0.02,135902
0.02,135293
0.02,132200
0.02,131823
0.02,130870
0.02,129042
0.02,125809
0.03,123669
0.03,122595
0.03,121941
0.03,120972
0.03,117606
0.03,117235
0.03,116611
0.03,114135
0.03,113909
0.03,113749
0.03,110887
0.03,110853
0.03,109210
0.03,108432
0.03,107308
0.03,106009
0.03,105951
0.03,105612
0.03,104951
0.03,104825
0.03,103672
0.03,103318
0.03,102787
0.03,102535
0.04,101901
0.04,100656
0.04,100405
0.04,99318
0.04,98747
0.04,95121
0.04,94412
0.04,91159
0.04,90458
0.04,90297
0.04,90183
0.04,89345
0.04,89321
0.04,87710
0.04,87190
0.04,86756
0.04,86660
0.04,85913
0.04,82504
0.04,81530
0.04,80159
0.04,79454
0.04,78982
0.04,78746
0.04,77787
0.04,77129
0.04,76975
0.04,76517
0.04,74285
0.04,73360
0.04,73278
0.04,73026
0.04,71889
0.04,71234
0.04,71021
0.04,70997
0.04,70114
0.04,69881
0.04,65716
0.05,65546
0.05,65155
0.05,64665
0.05,64247
0.05,63415
0.05,61822
0.05,61579
0.05,61319
0.05,60836
0.05,60792
0.05,60739
0.05,60739
0.05,60583
0.05,60137
0.05,59026
0.05,59004
0.05,58900
0.05,58302
0.06,58190
0.06,57832
0.06,57673
0.06,57585
0.07,57522
0.07,57376
0.07,57287
0.08,56625
0.08,56348
0.11,56226
0.13,56134
0.13,56029
0.13,56013
0.13,55805
0.13,55615
0.13,55093
0.15,55084
0.15,54585
0.15,54394
0.20,54370
0.20,54160
0.20,53328
0.23,53137
1.55,53111
2.80,53062
3.22,53005
4.92,52989
5.76,52957
5.86,52847
6.72,52772
19.81,52642
