0.06,216223
0.07,208551
0.07,204730
0.07,201423
0.07,196924
0.07,193117
0.07,192402
0.07,189444
0.07,189069
0.07,188025
0.07,182663
0.07,182062
0.07,178882
0.07,177246
0.08,172823
0.08,172743
0.09,171035
0.09,169482
0.09,166675
0.11,166381
0.11,166344
0.11,165711
0.11,162442
0.11,159672
0.13,159555
0.16,156845
0.16,155827
0.27,151001
0.27,149440
0.29,148052
0.82,142604
0.82,137278
0.82,136514
0.82,133542
0.82,133177
0.82,131066
0.82,130236
2.58,128846
2.58,128553
2.58,127828
2.58,124664
2.58,122633
4.26,120645
4.78,119646
4.78,117845
4.78,114468
5.27,112894
5.27,111920
5.27,111551
5.27,111438
5.27,110201
5.80,109322
5.81,108155
6.01,107698
6.01,107521
6.01,106109
6.01,106091
6.01,102172
6.81,101766
6.81,100839
6.88,100582
7.19,100546
7.19,98900
7.19,98701
7.46,98157
7.46,98007
7.48,97458
7.48,96303
7.48,96167
7.61,95768
7.81,95300
7.81,94623
7.81,93820
8.08,91693
8.08,91423
8.24,90004
8.25,89945
8.25,88764
8.25,87956
8.25,87824
8.54,86261
8.54,86129
8.70,85699
8.70,84670
8.70,84622
8.83,83644
8.84,83502
8.84,83172
8.84,82218
8.84,81773
9.28,81304
9.53,80479
9.64,80458
9.71,78691
9.71,78543
9.84,78161
9.86,77893
9.86,77545
9.90,76438
9.93,75909
9.93,75528
9.93,74699
10.09,72422
10.53,71338
10.53,71235
10.53,71210
10.55,71142
10.56,70619
10.56,70243
10.63,69732
10.63,69201
10.63,68332
10.65,67707
10.75,67266
10.75,66630
10.75,66630
10.75,66222
11.16,65974
11.16,65516
11.16,65514
11.16,65467
11.34,65353
11.34,65342
11.34,65217
11.34,64584
11.34,64249
11.40,63475
11.40,63025
11.77,62629
11.77,62146
11.77,62130
11.77,61972
11.77,61478
11.77,60568
11.77,60082
12.14,59756
12.21,59341
12.28,59078
12.31,58972
12.31,58218
12.42,57758
12.45,57705
12.45,57504
12.45,57294
12.45,57288
12.70,57170
12.70,57138
12.70,56754
12.87,56521
12.87,56351
12.87,55192
12.87,54833
12.87,54794
13.25,54650
13.25,54573
13.25,54430
13.34,54177
13.64,53851
13.65,53796
13.65,53783
13.65,53778
13.65,53743
13.65,53635
13.99,53545
13.99,53278
14.25,53186
14.25,53007
14.25,52972
14.26,52864
14.64,52847
14.64,52656
14.65,52656
