0.06,221877
0.06,221370
0.06,218978
0.06,214993
0.06,214810
0.06,214538
0.07,210860
0.07,207567
0.07,206327
0.07,205627
0.07,204265
0.07,201238
0.07,191725
0.07,189141
0.07,187139
0.08,186015
0.08,185089
0.08,183317
0.08,176287
0.08,175647
0.09,175520
0.09,174803
0.09,170516
0.09,170307
0.09,169734
0.10,168173
0.10,167948
0.10,165880
0.10,165353
0.10,163532
0.10,162884
0.10,160178
0.12,159933
0.12,157468
0.12,155865
0.12,155862
0.12,154823
0.18,154148
0.18,153443
0.19,152009
0.19,150687
0.19,146952
0.19,144736
0.19,143924
0.19,143560
0.19,135758
0.19,133471
0.19,133135
2.42,131448
2.42,130618
3.53,129072
3.53,126669
3.95,125359
3.95,123105
3.95,121210
4.06,120014
4.61,117718
4.61,116035
5.10,115055
5.10,113901
5.10,113552
5.39,110235
5.86,108758
5.86,106025
6.06,104937
6.06,104905
6.06,100119
6.56,97908
6.56,96745
6.56,96554
7.08,92745
7.45,87602
8.17,87524
8.17,85717
8.17,85193
8.42,83685
8.77,83576
8.90,83349
8.90,82190
9.09,81972
9.09,81593
9.09,81180
9.09,81080
9.14,81025
9.14,80983
9.14,80476
9.14,79990
9.14,79875
9.14,79159
9.14,78786
9.24,78725
9.24,78447
9.24,77779
9.24,77381
9.49,77211
9.49,77189
9.49,76921
9.49,76820
9.59,76675
9.61,75771
9.68,75631
9.68,75449
9.69,74534
9.83,74040
9.94,73894
9.94,72352
9.94,71365
9.94,70921
9.94,70354
10.25,69900
10.25,69805
10.34,69725
10.34,69720
10.55,69589
10.55,69505
10.55,69482
10.55,68916
10.66,68766
10.66,68432
10.66,68174
10.66,68145
10.66,67586
10.66,67078
10.66,66354
10.66,66244
10.69,66162
10.69,65900
10.96,65889
10.96,65042
10.96,64708
11.02,64295
11.03,63820
11.03,63494
11.32,62808
11.32,62431
11.32,61665
11.35,61416
11.35,60768
11.68,60652
11.68,60291
11.68,59681
11.68,59345
11.68,59224
11.85,58166
12.07,57611
12.07,57552
12.07,57412
12.07,56935
12.07,56401
12.61,56081
12.61,55721
12.85,55353
12.85,55263
12.85,54002
13.08,53915
13.08,53852
13.41,53670
13.41,53611
13.41,53611
13.48,53589
13.56,53501
13.56,53501
13.56,53471
13.61,53335
14.34,53213
14.43,52899
14.60,52734
14.60,52672
14.96,52642
