0.06,535030
0.07,534501
0.07,530142
0.07,528315
0.07,523331
0.07,521757
0.07,520246
0.07,518515
0.07,518515
0.08,517724
0.08,517313
0.08,516809
0.08,500790
0.08,497932
0.08,494229
0.08,485155
0.08,482575
0.08,480478
0.08,476569
0.08,475171
0.08,474139
0.08,469709
0.08,468214
0.08,468107
0.08,466961
0.08,466712
0.08,466296
0.08,465674
0.08,465318
0.08,463717
0.08,456845
0.08,450778
0.08,446305
0.08,445456
0.08,445346
0.08,444538
0.08,444317
0.08,444209
0.08,441898
0.08,436323
0.08,435113
0.09,432796
0.09,429264
0.09,428127
0.09,427292
0.09,426498
0.09,417936
0.09,414723
0.09,413998
0.09,413102
0.09,408500
0.18,407401
0.18,406550
0.18,404182
0.19,402077
0.19,400725
0.19,392420
0.19,391706
0.23,388777
0.23,385885
0.23,384950
0.23,380473
0.23,379886
0.23,378125
0.93,375062
0.93,372103
1.25,370030
1.52,363970
1.52,363508
2.05,361637
2.20,360271
2.20,350525
2.20,347736
3.78,347421
3.78,345369
3.78,345282
3.78,343626
3.78,343406
3.78,339896
3.78,338984
4.25,335482
4.25,332102
4.25,326444
4.81,324430
5.09,323822
5.09,321200
5.09,320868
5.09,315236
5.09,313012
6.13,306016
6.37,305134
6.38,300200
6.40,299627
6.40,293070
6.40,292015
6.40,291859
6.40,291030
7.06,290126
7.06,287474
7.06,287411
7.06,285163
7.06,283859
7.06,282285
7.27,281957
7.27,280160
7.27,276910
7.27,274772
7.27,274319
7.27,272389
7.27,270501
7.27,269954
7.27,269622
7.27,268693
7.27,267752
7.27,267424
7.56,267026
8.11,266153
8.37,265957
8.56,265625
8.56,265487
8.61,265077
8.71,262418
8.74,256397
8.74,255629
8.74,255474
8.74,254807
8.74,253242
8.74,252803
8.74,252341
8.84,251157
9.00,246618
9.00,244880
9.01,243318
9.32,241841
9.32,237975
9.32,231995
10.00,231628
10.08,226683
10.08,225716
10.22,224479
10.22,222988
10.22,222217
10.22,221948
10.22,221813
10.22,221758
10.27,220617
10.27,220051
10.27,219598
10.49,217623
10.49,216609
10.49,216011
10.49,213399
10.49,213352
10.92,212479
10.92,209310
10.92,208072
10.92,207603
10.96,207195
10.96,204947
10.96,203559
10.96,198701
11.07,196130
11.07,195202
11.07,194238
11.07,193500
11.07,192283
11.79,192089
11.79,189243
11.79,189233
11.79,188203
11.79,187358
11.79,187285
11.95,186846
11.95,184252
11.95,183114
11.95,180297
11.95,179532
12.65,172278
12.65,172091
12.86,169408
12.86,168762
13.23,168585
13.23,166525
13.23,165978
13.23,164613
13.23,163713
13.42,163130
13.42,162106
13.42,156545
13.53,156467
13.53,156161
13.53,154667
13.53,153998
13.53,150893
13.53,150651
13.54,150012
13.54,149834
13.86,149157
13.86,147671
14.22,147047
14.22,142900
14.22,142462
14.22,142390
14.22,141258
14.22,140839
14.45,140726
14.45,140348
14.45,140120
14.45,140083
14.45,138183
14.65,137716
14.65,136453
14.65,136233
14.65,135770
14.65,135206
15.20,135184
15.21,133379
15.21,132354
15.21,132189
15.21,131425
15.21,131208
15.21,130473
15.21,130085
15.65,129057
15.65,127504
16.05,127066
16.05,126865
16.05,125786
16.05,125316
16.05,124889
16.05,124443
16.05,124202
16.15,124143
16.15,122859
16.19,122534
16.19,122161
16.19,120807
16.40,120748
16.40,120669
16.40,120521
16.64,120079
16.64,119690
16.64,119454
16.64,119115
17.03,119087
17.04,119064
17.04,118595
17.16,117850
17.16,117771
17.17,117751
17.26,116367
17.29,115603
17.29,115250
17.29,114974
17.29,114511
17.29,113453
17.29,112895
17.42,112776
17.42,112495
17.63,112117
17.63,111967
17.63,111951
17.67,111101
17.67,110703
17.79,110419
17.79,110353
17.79,110345
17.79,109712
17.79,109415
17.79,109374
17.79,109284
17.79,108995
17.79,108632
17.80,108488
17.80,108275
18.28,108082
18.99,107925
18.99,107564
18.99,107537
18.99,107525
18.99,106757
18.99,106130
19.98,106106
19.98,105914
19.98,105879
20.19,105763
20.30,105365
20.79,105334
20.83,105088
20.83,104722
20.83,104531
20.84,104334
20.92,104288
20.92,104098
20.97,103906
20.98,103328
21.23,102787
21.30,102154
21.31,101952
21.31,101889
21.45,101543
22.52,101525
22.52,101491
23.68,101415
23.68,101378
23.68,101370
