0.06,502412
0.06,498431
0.06,498056
0.06,497569
0.06,495416
0.06,489804
0.07,489327
0.07,488889
0.07,476544
0.07,476231
0.07,472786
0.07,472209
0.07,467991
0.07,464457
0.08,464356
0.08,463954
0.08,462641
0.08,462379
0.08,459493
0.08,448298
0.08,441281
0.08,439654
0.08,432498
0.08,429499
0.08,429425
0.08,428129
0.08,420382
0.08,417303
0.08,414803
0.09,409536
0.09,408225
0.09,408224
0.09,407442
0.09,406762
0.09,406027
0.09,404679
0.14,398689
0.15,398642
0.15,395375
0.15,394782
0.15,394359
0.15,392509
0.15,392245
0.16,391855
0.16,389419
0.16,389295
0.16,388966
0.16,383897
0.16,382078
0.25,377835
0.25,377136
0.25,367470
0.25,366949
0.53,363240
2.10,361773
2.38,358072
2.38,356272
2.45,353651
3.00,348459
3.00,347718
3.02,347681
3.55,342143
3.55,341540
3.55,339681
3.55,339200
3.55,336795
3.87,334973
3.87,331009
4.36,330489
4.42,328979
4.42,328696
4.42,327298
4.73,325253
4.73,325176
4.73,322824
4.73,322824
4.73,321649
4.81,321281
4.81,319665
4.81,315697
4.81,313794
5.90,310694
5.93,308545
5.94,303600
5.94,302544
5.94,301627
6.45,298698
6.45,298504
6.45,297358
6.45,295326
6.52,293330
6.52,292207
6.52,291551
6.52,290276
6.52,290165
6.75,286478
6.75,285686
6.75,284013
6.75,282405
6.75,281110
6.75,280326
7.27,277993
7.66,274420
7.66,273158
7.66,268791
7.66,268678
8.16,266796
8.16,266284
8.16,265377
8.16,265364
8.16,264537
8.16,263880
8.16,262204
8.16,261880
8.39,261186
8.39,259953
8.39,259404
8.39,259001
8.39,256166
9.01,255435
9.01,253833
9.01,253613
9.01,253326
9.01,253211
9.02,253183
9.02,253055
9.02,253015
9.02,252561
9.20,252452
9.20,251076
9.20,249910
9.42,248677
9.44,247917
9.53,247461
9.53,247350
9.53,242460
9.53,241272
9.53,235687
9.53,227817
9.86,227576
9.86,226914
9.90,226707
9.90,226030
9.90,224939
9.90,224895
10.00,223646
10.00,223518
10.12,222421
10.12,222238
10.56,221955
10.56,221042
10.56,218744
10.67,218304
10.67,217751
10.67,216912
10.67,215361
10.67,215166
10.67,214043
10.89,213399
10.89,213314
10.89,213038
10.89,212229
10.89,210862
10.89,210635
10.89,210520
10.89,210480
11.13,209995
11.13,209736
11.28,208493
11.33,208284
11.33,205395
11.33,205074
11.33,203134
11.33,200860
11.33,200389
11.33,200192
11.33,200047
11.33,199338
11.33,198511
11.33,198172
11.33,196934
11.56,196800
11.56,196776
11.56,196673
11.56,194022
11.56,193924
11.56,193185
11.56,192947
11.56,191915
11.56,191801
11.56,189615
11.56,188976
11.93,188047
11.93,186864
11.94,185239
11.94,185037
11.94,184992
11.94,184498
12.13,184495
12.60,184437
12.60,184348
12.64,182062
12.64,181942
12.64,180065
12.64,179534
12.64,179534
12.64,179255
12.64,178930
12.64,177415
12.64,175277
12.65,174887
12.65,174489
12.76,174244
12.76,173552
12.94,172577
12.94,172558
12.94,172006
12.94,169818
12.94,169066
12.94,169047
12.94,169000
12.98,166839
12.99,166236
12.99,166124
12.99,165378
12.99,162926
12.99,161367
12.99,161153
13.48,160884
13.48,160734
13.49,157909
13.49,156681
13.50,156562
13.50,156506
13.50,156300
13.50,156224
13.92,155927
13.92,155687
13.92,155242
13.92,154073
13.97,153932
13.97,153829
13.97,153404
13.97,153106
13.97,152920
13.97,152882
13.97,151717
13.97,151630
13.97,150362
13.97,149921
14.07,149424
14.07,146998
14.07,146851
14.07,146129
14.07,145106
14.07,144034
14.63,141404
14.64,140143
14.64,139922
14.64,138968
14.64,138590
14.95,138252
14.95,137819
15.02,137340
15.02,136843
15.10,136501
15.10,135828
15.10,134979
15.24,134800
15.43,133962
15.43,133840
15.43,133529
15.43,133502
15.52,133017
15.52,132241
15.52,130809
15.58,130431
15.58,130314
15.58,129557
15.59,129238
15.59,127817
15.59,127809
15.59,127707
15.59,127531
15.59,127093
15.59,126915
15.60,125881
15.60,125117
15.60,124030
16.65,123774
16.65,123722
16.65,123118
16.65,122519
16.65,122490
16.65,122297
16.65,121837
16.65,121802
16.65,120724
16.65,120555
16.65,118203
16.66,117638
16.95,117617
16.98,117604
16.98,117106
16.98,116765
16.99,116149
17.19,114673
17.19,114241
17.36,114160
17.50,113019
17.50,112547
17.50,111901
17.51,111893
17.77,110794
17.77,110767
17.77,110542
17.80,110292
18.40,109445
18.40,108236
18.60,108082
18.63,108018
18.81,107542
18.81,106827
18.81,106156
18.81,105942
18.81,105772
18.82,105321
18.94,105208
19.01,104986
19.17,104247
19.18,104205
19.19,104057
19.19,103872
19.19,103724
19.38,102525
19.38,102525
19.84,102171
19.84,101989
20.82,101938
20.83,101825
20.83,101798
20.83,101594
20.83,101558
21.16,101286
21.16,100800
21.57,100725
23.07,100717
