0.07,530175
0.08,529848
0.08,525075
0.08,523266
0.08,522989
0.09,521146
0.09,520733
0.09,519467
0.09,517771
0.09,514277
0.09,510241
0.09,507749
0.09,505172
0.09,493531
0.09,489316
0.09,487398
0.09,487296
0.10,486524
0.10,482243
0.10,482143
0.10,481085
0.10,479956
0.10,479220
0.10,473128
0.10,467813
0.10,464721
0.10,463593
0.10,462374
0.10,451884
0.10,448312
0.10,447354
0.11,446119
0.11,437244
0.11,432935
0.11,431403
0.11,429525
0.11,429251
0.11,425315
0.11,423088
0.11,422456
0.11,420458
0.11,419838
0.13,416299
0.13,407342
0.15,406569
0.15,403120
0.15,399675
0.15,399278
0.15,395730
0.24,392316
0.24,386467
0.24,381464
0.24,378959
0.74,368759
0.74,366218
0.74,362677
2.14,360562
2.14,359017
2.14,354149
2.14,350578
2.14,348083
3.10,348081
3.10,343209
3.10,337745
3.10,335535
3.10,331502
3.77,328887
3.77,323663
3.77,320567
5.09,317791
5.41,314851
5.41,314555
5.41,313663
5.41,313521
5.58,312123
5.58,311034
5.78,310795
5.78,310451
5.78,309332
5.78,308557
6.18,307849
6.18,306979
6.18,304031
6.40,301653
6.40,296619
6.40,290281
6.40,289782
6.40,288864
6.40,288125
6.40,284701
6.40,283844
6.40,282820
6.40,282558
6.40,281916
6.40,278542
6.40,277969
6.40,277395
7.51,273796
7.51,272734
8.31,272107
8.31,271203
8.31,271125
8.31,266595
8.49,263349
8.49,261277
8.49,255183
8.49,253013
8.49,249757
9.05,247922
9.05,247411
9.10,245537
9.10,245344
9.10,244974
9.10,242955
9.38,241748
9.65,239840
9.65,237044
9.65,236598
9.65,234585
9.65,232276
9.65,231855
9.65,231466
9.95,229898
10.21,227853
10.21,225489
10.21,223493
10.21,221088
10.21,221085
10.21,220962
10.48,218201
10.48,217665
10.75,217447
10.75,217218
10.75,217108
10.75,215999
10.97,215834
10.97,214468
10.97,213928
10.98,213644
11.40,213478
11.40,211841
11.40,211719
11.40,210547
11.40,210274
11.40,210111
11.48,207198
11.51,206212
11.51,204622
11.51,203515
11.51,202530
11.51,202515
11.51,201817
11.60,200383
11.60,198615
11.84,196760
11.84,196613
11.84,192288
11.84,191602
11.84,190990
11.84,188874
11.84,188585
11.84,186642
12.10,186460
12.10,186247
12.10,185590
12.10,185082
12.10,185042
12.10,181239
12.72,180586
12.72,175459
12.72,175421
12.72,173767
12.72,173687
12.72,173615
13.19,172969
13.19,172916
13.19,169709
13.19,169667
13.19,169648
13.19,164673
13.19,164663
13.32,164513
13.32,164046
13.32,163231
13.32,162185
13.32,160945
13.32,160080
13.32,158200
14.17,156556
14.17,155600
14.17,153197
14.39,152772
14.63,150997
14.63,148017
14.63,147341
14.63,146780
14.63,146602
14.63,146383
14.63,145683
14.63,145092
14.63,140598
14.63,140247
14.63,140217
14.63,139960
14.63,139610
14.64,138468
14.64,138191
15.17,137873
15.17,137488
15.32,135645
15.42,135301
15.42,135222
15.42,134392
15.42,134191
15.42,132997
15.42,132877
15.42,132800
15.42,132221
15.42,132043
15.46,131374
15.46,131061
15.46,130083
16.11,129443
16.11,129074
16.11,128693
16.11,127938
16.11,127428
16.11,126842
16.24,126490
16.24,125641
16.24,125345
16.24,125176
16.24,124711
16.24,124372
16.24,124282
16.24,124226
16.24,122182
16.24,121691
16.24,121460
16.24,120983
16.68,120583
16.68,120036
16.68,119862
16.68,119402
16.68,118874
17.21,118721
17.42,117411
17.43,117375
17.43,116574
17.77,116474
17.88,116251
17.88,115888
17.88,115455
17.88,113965
17.88,112699
17.89,112132
17.89,111945
17.89,111133
17.89,110296
17.89,110204
18.68,109941
18.68,109750
18.68,109656
18.71,109169
18.72,109164
18.72,109020
18.86,108956
18.87,108124
18.87,107840
18.87,107528
18.87,107211
18.87,107153
18.87,106688
18.87,106406
19.30,105858
19.30,105790
19.30,105714
19.30,105574
19.30,105374
19.74,105149
19.86,104871
19.86,104867
19.86,104586
19.86,104422
19.86,104396
19.86,104266
19.87,104214
19.87,103927
19.87,103501
19.87,103470
20.04,103127
20.04,102850
20.04,102797
20.04,102757
20.18,102731
20.18,102321
20.18,102094
21.07,102052
21.33,102010
21.97,101888
21.99,101576
22.01,101409
22.01,101383
22.05,101204
