0.00,599690
0.01,582861
0.01,581836
0.01,577610
0.01,577459
0.01,574921
0.01,571952
0.01,571413
0.01,570939
0.01,569569
0.01,567772
0.01,563039
0.01,561290
0.01,558334
0.01,556089
0.01,554860
0.01,554513
0.01,551815
0.01,546770
0.01,546638
0.01,541747
0.01,531388
0.01,530144
0.01,519269
0.01,519125
0.01,518503
0.01,516266
0.01,514073
0.01,513040
0.01,511559
0.01,508165
0.01,501999
0.01,494222
0.01,494218
0.01,492992
0.01,492362
0.01,491189
0.02,485519
0.02,484762
0.02,481866
0.02,475444
0.02,474114
0.02,461329
0.02,459791
0.02,453896
0.02,449242
0.02,448157
0.02,444007
0.02,435032
0.02,434036
0.02,429488
0.02,427098
0.02,426026
0.02,422411
0.02,416815
0.02,413951
0.02,412351
0.02,411917
0.02,411056
0.02,411016
0.02,406070
0.02,391988
0.03,391681
0.03,390385
0.03,389955
0.03,385310
0.03,383475
0.03,379887
0.03,378451
0.03,370314
0.03,366547
0.03,364729
0.03,364502
0.03,362312
0.03,358878
0.03,354878
0.03,354048
0.03,351186
0.03,350898
0.03,347273
0.03,343501
0.03,337541
0.03,336729
0.03,334489
0.03,331210
0.03,331078
0.03,326347
0.03,323280
0.03,320488
0.03,318703
0.03,316172
0.03,315101
0.03,314477
0.03,314244
0.03,311055
0.03,310960
0.03,297608
0.03,296903
0.03,295263
0.03,292764
0.04,289816
0.04,287461
0.04,272943
0.04,271668
0.04,271413
0.04,270478
0.04,265385
0.04,264036
0.04,263307
0.04,257911
0.04,256926
0.04,256318
0.04,256234
0.04,255585
0.04,254676
0.04,251874
0.04,250728
0.04,250475
0.04,247358
0.04,245495
0.04,240481
0.04,239423
0.04,237101
0.04,236826
0.04,236150
0.04,232746
0.04,231440
0.04,231172
0.04,228600
0.04,225376
0.04,225365
0.04,222925
0.04,222129
0.04,220351
0.04,218604
0.04,218211
0.04,214059
0.04,213232
0.04,211617
0.04,211350
0.04,211289
0.05,210674
0.05,210488
0.05,208667
0.05,208441
0.05,207116
0.05,204100
0.05,203177
0.05,202291
0.05,201168
0.05,201079
0.05,197911
0.05,197808
0.05,197330
0.05,195231
0.05,194190
0.05,193490
0.05,190050
0.05,188443
0.05,188291
0.05,186746
0.05,185859
0.05,185328
0.05,183015
0.05,182996
0.05,182712
0.05,181454
0.05,180357
0.05,180006
0.05,179809
0.05,179663
0.05,179414
0.05,179379
0.05,178922
0.05,174667
0.05,171098
0.05,170164
0.06,169768
0.06,169559
0.06,168815
0.06,168624
0.06,165504
0.06,165088
0.06,163408
0.06,162579
0.06,162499
0.06,161804
0.06,159087
0.06,158718
0.06,158065
0.06,157181
0.06,156156
0.06,155667
0.06,153510
0.06,153385
0.06,153163
0.07,152916
0.07,152597
0.07,151470
0.07,150774
0.07,150460
0.07,150238
0.07,149846
0.07,149255
0.07,147371
0.07,147180
0.07,146018
0.07,145799
0.07,144257
0.07,143688
0.07,143332
0.07,142577
0.07,141342
0.07,139836
0.07,139139
0.07,138971
0.07,137755
0.07,137148
0.08,136522
0.08,136462
0.08,134512
0.08,134397
0.08,134380
0.08,134136
0.08,134025
0.08,133884
0.08,133771
0.08,133623
0.08,132513
0.08,132426
0.08,130694
0.08,130325
0.08,129230
0.08,128378
0.08,127657
0.08,126495
0.08,125550
0.08,125523
0.09,125414
0.09,125016
0.09,124428
0.09,124172
0.09,124142
0.09,123940
0.09,123705
0.09,123178
0.09,123107
0.09,122782
0.09,122298
0.10,120580
0.10,119547
0.10,119378
0.10,119012
0.10,118691
0.11,118579
0.11,118252
0.11,118168
0.11,117732
0.11,117238
0.12,117145
0.12,116337
0.12,115600
0.12,114910
0.12,114868
0.12,114557
0.13,113923
0.13,113521
0.13,113105
0.13,112785
0.14,109791
0.14,109634
0.14,109590
0.14,109205
0.15,109012
0.15,108316
0.16,108085
0.16,107887
0.17,107792
0.18,107554
0.18,106802
0.19,106771
0.20,106759
0.22,106562
0.27,105443
0.30,104697
0.30,104393
1.27,104026
1.27,103733
1.28,103283
3.05,103249
3.05,102983
3.05,102972
3.05,102422
6.19,102355
6.20,102243
6.21,102229
10.42,101782
10.43,101341
10.43,101229
525.16,101227
525.18,101019
585.54,100856
