0.06,588051
0.06,584983
0.06,577935
0.06,575382
0.06,575136
0.06,574150
0.06,568664
0.07,565667
0.07,564043
0.07,563960
0.07,559645
0.07,558024
0.08,552166
0.08,537827
0.08,536217
0.08,533881
0.08,531444
0.08,530620
0.08,521700
0.08,508387
0.08,496072
0.08,494515
0.08,494212
0.08,484041
0.08,482479
0.08,481703
0.08,470539
0.08,469596
0.08,468190
0.08,466634
0.08,464120
0.08,459466
0.08,458749
0.08,457277
0.08,455400
0.09,454492
0.09,447007
0.09,445246
0.09,440823
0.09,439596
0.09,438743
0.09,434689
0.09,434382
0.09,432147
0.09,431424
0.09,430517
0.09,429966
0.09,421300
0.09,413431
0.09,412117
0.09,410844
0.09,409968
0.09,409942
0.09,407341
0.09,405848
0.09,404375
0.09,402014
0.09,395140
0.09,394726
0.20,390903
0.20,390118
0.20,389955
0.20,388777
0.20,385451
0.20,384987
0.20,383348
0.20,383001
0.20,382677
0.20,382570
0.20,378323
0.20,373323
0.75,372776
0.95,369504
1.72,360274
2.00,360222
2.00,359842
2.00,354111
2.00,338543
4.42,331575
4.42,326708
4.42,326208
4.94,325479
5.09,322861
5.09,322160
5.09,317452
5.09,314164
5.09,309538
5.67,307437
5.67,303463
5.67,301598
6.24,298457
6.24,294190
7.06,290134
7.23,284748
7.23,281429
7.23,278904
7.88,272227
7.88,272107
8.21,269840
8.21,268845
8.21,267974
8.21,267942
8.23,262821
8.23,262217
8.52,260633
8.52,254311
8.52,254310
8.52,253095
8.52,252208
8.52,249138
8.52,248177
8.52,247225
8.52,245315
8.52,245155
8.52,240948
8.52,240084
8.52,239796
8.52,239396
8.52,237678
8.53,237675
8.53,236745
8.53,236255
8.53,235611
9.84,232685
10.22,230637
10.22,230480
10.22,229394
10.32,227994
10.33,227624
10.54,226863
10.54,225230
10.54,224545
10.54,224280
10.54,220676
10.54,220488
10.64,220447
10.64,216370
10.64,213511
10.64,212796
10.64,211337
10.64,210066
10.64,208580
10.64,205983
11.48,205211
11.48,205072
11.48,204901
11.48,203567
11.48,202335
11.48,201814
11.80,201647
11.80,199880
11.99,199794
11.99,199214
11.99,198638
11.99,197204
11.99,195159
12.24,192188
12.24,188317
12.46,187752
12.46,187166
12.46,186475
12.46,186428
12.46,183158
12.78,181347
12.78,181251
12.78,179987
12.78,178650
12.78,178306
12.78,177871
12.78,177043
12.78,175794
12.83,174583
12.83,172842
12.83,171929
12.83,170569
12.83,166086
12.83,165759
13.37,165195
13.37,164738
13.37,164727
13.37,164668
13.37,164048
13.37,163862
13.37,162930
13.37,162185
13.37,161158
13.37,160964
14.01,160449
14.02,159373
14.02,158608
14.02,157352
14.02,157196
14.02,156102
14.22,155781
14.22,153701
14.22,152767
14.22,151590
14.22,151583
14.22,151487
14.22,151165
14.22,150335
14.22,149785
14.22,149744
14.22,147041
14.22,145911
14.22,145755
14.28,144093
14.53,142397
14.53,142149
14.53,142122
14.53,141795
14.53,139979
15.23,139605
15.23,138785
15.23,138620
15.23,135693
15.23,134977
15.23,132438
15.39,131310
15.39,129675
15.39,129362
15.39,128366
15.40,127910
16.23,127012
16.23,126989
16.23,126840
16.23,124658
16.23,123742
16.23,123574
16.23,122900
16.23,122412
16.23,122353
16.23,121353
16.23,121190
17.02,119580
17.03,118795
17.03,118792
17.03,118233
17.03,117490
17.23,117143
17.23,116625
17.23,116262
17.23,115841
17.23,115128
17.23,114982
17.23,114116
17.72,114095
17.72,113504
18.01,113473
18.01,112756
18.01,112163
18.01,112067
18.01,111814
18.25,111570
18.25,111296
18.25,111124
18.27,110674
18.28,110380
18.28,109920
18.28,109535
18.28,109195
18.48,108946
18.60,108698
18.61,108582
18.61,108315
19.02,107630
19.08,106996
19.12,106432
19.12,105930
19.12,105376
19.39,105054
19.39,104587
19.39,104392
19.61,103721
19.91,103696
19.91,103475
20.28,103435
20.28,103047
20.28,102948
20.29,102646
20.29,102320
20.31,101968
21.51,101715
21.51,101563
21.51,101394
21.51,101063
21.89,101056
21.90,100670
21.90,100643
22.51,100618
22.52,100591
22.52,100499
