0.06,589674
0.07,589303
0.07,582498
0.07,565740
0.07,565095
0.07,564573
0.07,546573
0.07,540596
0.07,540504
0.08,539552
0.08,536456
0.08,536120
0.08,535626
0.08,534115
0.08,532819
0.08,532571
0.08,532157
0.08,530196
0.08,511603
0.08,505734
0.08,504626
0.08,502906
0.08,502567
0.08,488758
0.08,481781
0.08,481536
0.08,478783
0.08,478301
0.08,473812
0.08,473248
0.08,465532
0.08,459614
0.08,458481
0.08,458120
0.08,452624
0.08,447375
0.08,446129
0.09,430410
0.09,428141
0.09,425735
0.09,425270
0.09,422431
0.09,411311
0.10,411287
0.12,408917
0.19,405828
0.24,405770
0.24,403981
0.24,402570
0.29,399696
0.39,399361
0.39,397168
0.39,396533
0.40,396421
0.44,394518
0.44,393743
0.44,392544
0.44,391147
0.44,388860
0.77,387721
0.86,387082
0.86,382406
0.86,379037
1.36,376405
1.36,372148
1.50,371695
1.61,365763
1.61,362400
1.61,362178
2.05,360489
3.01,360089
3.01,357997
3.22,355628
3.40,355502
3.40,353489
3.40,349433
3.40,344119
3.40,342587
3.86,340874
3.86,338659
4.73,337993
4.73,330415
4.73,328758
4.73,321487
5.44,316706
5.60,315140
5.60,312427
5.60,312253
5.60,312139
5.87,308641
5.94,307734
5.94,307121
5.94,306711
5.94,305789
5.94,303368
6.39,301726
6.48,299574
6.60,298784
6.60,294819
7.01,293148
7.01,291626
7.01,291493
7.01,290886
7.01,290225
7.01,285127
7.01,280425
7.01,278655
7.01,278570
7.51,277233
7.51,276787
7.81,275943
7.81,275941
7.81,274044
7.81,272786
7.81,272459
7.81,272361
7.81,270437
8.28,263382
8.28,260882
8.90,259810
9.19,258659
9.51,257839
9.71,255046
9.76,254091
9.77,253153
9.77,253081
9.77,253019
9.77,250493
9.92,247908
9.92,247005
9.98,243495
10.23,243178
10.41,240865
10.41,237207
10.41,236943
10.41,233805
10.41,233787
10.86,231555
10.86,230974
10.86,230754
10.86,222728
10.94,219931
11.10,219316
11.10,217579
11.10,215623
11.10,214470
11.12,211648
11.12,211321
11.12,210540
11.12,210287
11.12,209910
11.12,209496
11.12,208685
11.12,207568
11.79,207294
11.79,206613
11.79,198461
12.20,193974
12.61,193848
12.61,193827
12.61,191529
12.61,190959
12.61,189903
12.69,189386
12.69,188983
12.69,188972
12.69,188828
12.69,188481
12.69,183957
12.95,183281
12.95,181684
12.95,181461
12.95,179217
12.95,178865
12.95,177647
12.95,177611
12.95,173586
12.95,172307
13.77,170931
13.77,169879
14.12,169545
14.12,167278
14.12,166296
14.12,165576
14.12,164657
14.13,164345
14.13,163100
14.13,163063
14.13,162270
14.21,162042
14.21,161245
14.21,158581
14.21,158443
14.21,157994
14.22,156856
14.62,156774
14.62,155646
14.62,155632
14.62,154265
14.62,153616
14.62,153294
14.62,153060
14.69,152447
14.69,152383
14.69,151621
14.69,151588
14.69,150133
14.69,147115
14.69,146103
14.86,144051
15.74,141756
15.74,139443
15.74,139371
15.88,139254
15.88,139254
15.88,138701
15.88,137868
15.88,137741
16.20,137697
16.25,137669
16.25,134818
16.26,134355
16.26,130567
16.26,129166
16.26,128948
16.26,128118
16.26,127658
16.76,127132
16.76,126902
16.76,126834
17.01,126647
17.01,126647
17.01,126597
17.01,125844
17.01,125840
17.03,124142
17.03,123848
17.03,123822
17.43,122990
17.44,122871
17.44,121503
17.50,121018
17.51,118249
17.51,116732
18.26,116413
18.31,115818
18.31,115129
18.32,114845
18.32,113948
18.66,113920
18.68,113597
18.68,113109
18.68,112805
18.68,112618
18.68,111761
18.68,111751
18.68,111206
18.68,110879
18.68,110129
18.68,110101
18.68,109520
18.68,109308
19.12,109114
19.12,109089
19.12,108540
19.12,108121
19.12,107495
19.12,107279
19.27,107020
19.27,106580
19.27,106544
19.37,106512
19.37,106502
19.37,106455
20.01,105901
20.11,105705
20.11,105456
20.11,105411
20.14,105391
20.14,104830
20.37,104812
20.42,104424
20.42,104094
20.44,104074
20.44,104065
20.51,103979
20.51,103732
20.51,103513
21.32,103311
21.35,102404
22.15,101862
22.27,101503
22.47,101200
22.47,101004
22.47,100873
22.97,100847
23.30,100838
24.89,100790
24.96,100646
25.11,100619
25.24,100619
