0.00,597748
0.01,597006
0.01,592525
0.01,587286
0.01,584575
0.01,584421
0.01,582237
0.01,581055
0.01,570445
0.01,569532
0.01,566701
0.01,566567
0.01,563764
0.01,563086
0.01,562544
0.01,561295
0.01,558161
0.01,551427
0.01,551026
0.01,543780
0.01,539266
0.01,538959
0.01,537139
0.01,535619
0.01,532575
0.02,528256
0.02,520910
0.02,520499
0.02,514986
0.02,506300
0.02,500506
0.02,497696
0.02,481377
0.02,478280
0.02,477278
0.02,474634
0.02,459882
0.02,458858
0.02,458849
0.02,449222
0.02,448690
0.02,441232
0.02,440675
0.02,440299
0.02,439749
0.02,435159
0.02,434882
0.02,433764
0.02,431368
0.02,425879
0.02,424680
0.02,424368
0.02,420128
0.02,420087
0.02,417365
0.02,415006
0.02,401381
0.02,388791
0.02,382934
0.02,370341
0.02,370123
0.02,368999
0.02,367618
0.02,361143
0.02,359859
0.02,359287
0.03,358404
0.03,358244
0.03,356662
0.03,353350
0.03,353324
0.03,352827
0.03,351919
0.03,350667
0.03,350482
0.03,348190
0.03,346606
0.03,345384
0.03,344079
0.03,343853
0.03,343802
0.03,342933
0.03,341920
0.03,340101
0.03,328779
0.03,327682
0.04,322524
0.04,322089
0.04,321233
0.04,319738
0.04,317837
0.04,316636
0.04,315643
0.04,315430
0.04,311025
0.04,308005
0.04,306961
0.04,306637
0.04,302340
0.04,301224
0.04,300934
0.04,300119
0.04,296895
0.04,296507
0.04,292430
0.04,291403
0.04,290665
0.04,283042
0.04,279511
0.04,277023
0.04,273405
0.04,270796
0.04,270608
0.04,270175
0.04,267666
0.04,265622
0.04,262887
0.04,259712
0.04,258424
0.04,258143
0.04,256538
0.04,254263
0.04,248645
0.04,243228
0.04,241161
0.04,241062
0.04,236262
0.04,234952
0.04,233568
0.04,233126
0.04,232704
0.04,228221
0.04,226468
0.04,224659
0.04,223416
0.04,222575
0.04,222571
0.04,217917
0.04,216604
0.04,215969
0.05,214692
0.05,212870
0.05,211466
0.05,211265
0.05,211226
0.05,208424
0.05,208352
0.05,207398
0.05,205528
0.05,204676
0.05,204566
0.05,203425
0.05,203089
0.05,202089
0.05,201102
0.05,200781
0.05,200588
0.05,200429
0.05,199953
0.05,197442
0.05,196156
0.05,191043
0.05,190262
0.05,187959
0.05,186337
0.05,185766
0.05,185630
0.05,185169
0.05,184563
0.05,183597
0.05,182136
0.05,181393
0.05,179035
0.05,178795
0.05,171523
0.05,171145
0.05,168899
0.05,168245
0.05,168201
0.05,164596
0.05,164552
0.05,162311
0.05,162280
0.05,159060
0.05,158171
0.06,156620
0.06,156527
0.06,153680
0.06,153200
0.06,153109
0.06,147568
0.06,145733
0.06,144303
0.06,144217
0.06,142999
0.06,142876
0.06,142363
0.06,142336
0.06,141370
0.06,140244
0.06,139530
0.06,138364
0.06,138206
0.06,137783
0.07,137360
0.07,135464
0.07,135297
0.07,133531
0.07,132532
0.07,131729
0.07,130006
0.07,129469
0.07,129287
0.07,129287
0.07,126340
0.07,125985
0.07,125893
0.07,125836
0.07,124741
0.07,124702
0.08,124630
0.08,124102
0.08,124076
0.08,123101
0.08,122959
0.08,122035
0.08,121783
0.08,120476
0.08,120006
0.08,118758
0.09,118041
0.09,116313
0.09,116120
0.09,115621
0.09,115044
0.09,113330
0.10,112961
0.10,112668
0.10,112595
0.11,112056
0.11,111989
0.11,111561
0.11,111376
0.12,111270
0.12,111026
0.12,110796
0.12,110655
0.13,110146
0.19,109926
0.20,109704
0.25,109504
0.26,109420
0.26,108381
0.26,108080
0.26,107889
0.27,107855
0.36,107855
0.36,107855
0.42,107815
0.47,106866
0.48,106427
0.48,106392
0.49,106171
0.49,106094
0.51,105921
0.61,105602
0.61,105543
0.62,104718
0.62,104272
0.62,104126
0.63,103939
0.63,103282
6.00,103277
6.01,103047
9.73,103011
11.52,102465
11.52,102465
11.62,102420
32.36,102308
32.37,101755
93.98,101748
111.56,101573
122.19,101410
165.33,101052
165.33,101038
165.34,101002
414.73,100604
414.73,100460
