0.00,590832
0.01,589684
0.01,589359
0.01,585015
0.01,584127
0.01,578889
0.01,578104
0.01,576690
0.01,572741
0.01,566331
0.01,564636
0.01,564549
0.01,559351
0.01,558367
0.01,555583
0.01,550256
0.01,541618
0.01,533536
0.01,529513
0.01,529299
0.01,526457
0.01,523365
0.01,520721
0.01,518029
0.01,515879
0.01,503607
0.01,503520
0.01,501765
0.01,499787
0.01,498036
0.01,497959
0.01,496139
0.01,478867
0.01,478815
0.02,477785
0.02,473463
0.02,473204
0.02,467242
0.02,464331
0.02,459884
0.02,459154
0.02,457920
0.02,452439
0.02,448634
0.02,432378
0.02,427539
0.02,427346
0.02,427249
0.02,427140
0.02,421231
0.02,418355
0.02,418175
0.02,417026
0.02,415730
0.02,413190
0.02,408966
0.02,401709
0.02,400150
0.02,399523
0.02,397031
0.02,394456
0.02,390741
0.02,390098
0.02,390057
0.02,389438
0.02,386892
0.02,386851
0.03,385761
0.03,377983
0.03,377979
0.03,375876
0.03,373045
0.03,367054
0.03,357594
0.03,357505
0.03,355976
0.03,355552
0.03,345693
0.03,332337
0.03,331949
0.03,331782
0.03,330650
0.03,330592
0.03,329961
0.03,327623
0.03,321961
0.03,321553
0.03,321481
0.03,318970
0.03,318292
0.03,315376
0.03,315123
0.03,313911
0.03,313894
0.03,309753
0.03,308520
0.03,305602
0.03,304210
0.03,302830
0.03,301699
0.03,301277
0.03,299457
0.03,298387
0.03,298304
0.03,295730
0.03,295448
0.03,292895
0.03,291026
0.03,285931
0.04,285621
0.04,281409
0.04,281237
0.04,279301
0.04,279090
0.04,275564
0.04,273624
0.04,270466
0.04,270463
0.04,270149
0.04,269194
0.04,267483
0.04,265087
0.04,262278
0.04,261124
0.04,260489
0.04,254154
0.04,253941
0.04,253108
0.04,250078
0.04,247977
0.04,247218
0.04,236790
0.04,236784
0.04,232507
0.04,232505
0.04,232092
0.04,231167
0.04,230903
0.04,229036
0.04,227078
0.04,226986
0.04,226285
0.04,226020
0.05,224590
0.05,223375
0.05,223316
0.05,222525
0.05,222184
0.05,220089
0.05,218244
0.05,216876
0.05,215552
0.05,211657
0.05,211332
0.05,208397
0.05,207334
0.05,206431
0.05,205492
0.05,205303
0.05,205256
0.05,204826
0.05,202651
0.05,202553
0.05,199617
0.05,195661
0.05,195600
0.05,195462
0.05,194853
0.05,193633
0.05,193485
0.05,190328
0.05,181965
0.05,180943
0.05,180761
0.05,180107
0.05,179846
0.05,179332
0.05,177897
0.05,177611
0.05,177374
0.05,174698
0.06,173964
0.06,171734
0.06,171694
0.06,171629
0.06,169995
0.06,169531
0.06,168134
0.06,167899
0.06,166364
0.06,166274
0.06,164722
0.06,163405
0.06,162549
0.06,161963
0.06,160419
0.06,160415
0.06,160279
0.06,159700
0.06,159479
0.06,157038
0.06,156487
0.06,156394
0.06,156304
0.06,156241
0.06,155035
0.06,154815
0.07,154468
0.07,154047
0.07,153026
0.07,152841
0.07,151680
0.07,151029
0.07,150273
0.07,150208
0.07,150054
0.07,149653
0.07,147815
0.07,146653
0.07,144698
0.07,143884
0.07,143754
0.07,142507
0.07,142136
0.07,141638
0.07,141043
0.07,140270
0.07,140016
0.08,139181
0.08,139040
0.08,138673
0.08,138430
0.08,136087
0.08,134116
0.08,133820
0.08,131344
0.08,131080
0.08,130915
0.08,130473
0.08,128668
0.08,128211
0.08,127973
0.09,127736
0.09,126627
0.09,126029
0.09,125944
0.09,125714
0.09,125532
0.09,125218
0.10,124443
0.10,123191
0.10,123155
0.10,122496
0.10,122482
0.10,122115
0.10,120828
0.10,120772
0.11,120006
0.11,119857
0.11,118699
0.11,117214
0.11,117153
0.12,116600
0.12,115151
0.12,115109
0.12,114724
0.12,114706
0.13,114518
0.13,113303
0.13,112751
0.13,112576
0.13,112151
0.14,111744
0.14,111597
0.15,111445
0.15,111369
0.19,110552
0.19,110502
0.20,110372
0.20,108983
0.20,107637
0.21,107114
0.23,106892
0.23,106892
0.30,106745
0.31,106518
0.31,105865
0.52,105750
0.52,105750
0.52,105166
0.54,105135
0.54,104983
0.59,103937
0.60,103707
2.54,102690
5.66,102635
12.03,101721
33.05,101678
33.06,100678
33.08,100460
