0.00,600922
0.01,597892
0.01,597646
0.01,594953
0.01,594673
0.01,588418
0.01,585235
0.01,584718
0.01,575064
0.01,572773
0.01,569226
0.01,566531
0.01,563607
0.01,557019
0.01,556361
0.01,551220
0.01,547158
0.01,539630
0.01,533372
0.01,532818
0.01,528454
0.01,528246
0.01,526551
0.01,525281
0.01,524319
0.01,519361
0.01,519039
0.01,517356
0.01,516929
0.01,511570
0.01,506459
0.02,500419
0.02,500404
0.02,499668
0.02,499120
0.02,497028
0.02,496964
0.02,496935
0.02,496543
0.02,494773
0.02,494372
0.02,493192
0.02,493177
0.02,491829
0.02,487843
0.02,486832
0.02,486568
0.02,484363
0.02,484346
0.02,484248
0.02,473141
0.02,463268
0.02,459291
0.02,457217
0.02,455512
0.02,450312
0.02,448128
0.02,439277
0.02,438832
0.02,435221
0.02,432799
0.02,432654
0.03,432651
0.03,428866
0.03,423741
0.03,422130
0.03,417923
0.03,414621
0.03,414517
0.03,410889
0.03,408362
0.03,398507
0.03,381452
0.03,375565
0.03,375458
0.03,373001
0.03,370748
0.03,367610
0.03,365898
0.03,361290
0.03,360535
0.03,358280
0.03,354981
0.03,354475
0.03,353999
0.03,345228
0.03,340920
0.03,340872
0.03,340016
0.03,339088
0.03,338261
0.03,337862
0.03,330849
0.03,327356
0.03,326702
0.03,322533
0.03,322304
0.03,317835
0.03,317732
0.03,317710
0.03,317110
0.03,313397
0.03,311597
0.03,311140
0.03,308819
0.03,308599
0.04,305343
0.04,303148
0.04,300970
0.04,299648
0.04,298692
0.04,297656
0.04,295377
0.04,295224
0.04,294138
0.04,293809
0.04,290961
0.04,285803
0.04,283943
0.04,282822
0.04,282793
0.04,275838
0.04,275271
0.04,274791
0.04,271870
0.04,270563
0.04,269760
0.04,269128
0.04,266397
0.04,263274
0.04,263265
0.04,262058
0.04,261031
0.04,257510
0.04,256305
0.04,252779
0.04,248078
0.04,247943
0.04,247890
0.04,245709
0.04,245435
0.04,241235
0.04,240071
0.04,238273
0.04,237040
0.04,234603
0.04,232510
0.04,231069
0.04,230487
0.04,228375
0.04,228101
0.04,225955
0.04,224570
0.04,222531
0.04,221543
0.04,215859
0.04,215076
0.04,214581
0.04,213541
0.04,213169
0.04,206468
0.04,204319
0.05,202974
0.05,201630
0.05,200135
0.05,199093
0.05,198148
0.05,197706
0.05,196354
0.05,194285
0.05,193921
0.05,193543
0.05,193330
0.05,192840
0.05,190384
0.05,190332
0.05,190057
0.05,189713
0.05,188473
0.05,187106
0.05,185167
0.05,185137
0.05,184899
0.05,184478
0.05,183562
0.05,182171
0.05,181319
0.05,181035
0.05,179431
0.05,179050
0.05,177718
0.05,175251
0.05,174929
0.05,173078
0.05,172187
0.05,171484
0.05,171441
0.06,170714
0.06,165768
0.06,162188
0.06,161161
0.06,160914
0.06,160654
0.06,156087
0.06,155657
0.06,154993
0.06,154737
0.06,153704
0.06,153674
0.06,153628
0.06,153627
0.06,153182
0.06,151670
0.06,151148
0.06,148497
0.06,148255
0.06,147511
0.06,147073
0.06,146913
0.06,145944
0.06,144222
0.06,144181
0.06,143959
0.07,140846
0.07,139052
0.07,137315
0.07,135619
0.07,135234
0.07,135206
0.07,135104
0.07,133152
0.07,133003
0.07,132955
0.07,131463
0.07,131358
0.07,128783
0.07,128676
0.07,123758
0.07,122509
0.07,121405
0.07,120035
0.07,117903
0.07,117812
0.08,117811
0.08,117389
0.08,116471
0.08,115494
0.08,114475
0.08,114087
0.08,113434
0.08,112661
0.09,112604
0.09,112257
0.09,111148
0.09,111096
0.10,109812
0.10,109186
0.12,109007
0.12,108438
0.12,107742
0.12,107551
0.19,107551
0.36,105357
1.29,103861
1.36,103428
4.39,103031
4.39,102909
4.40,102365
11.44,102027
20.96,101804
21.01,101712
78.21,101523
119.80,101024
119.81,100932
