0.00,600843
0.01,595818
0.01,591747
0.01,591022
0.01,583000
0.01,578962
0.01,576866
0.01,574525
0.01,570349
0.01,558063
0.01,557352
0.01,555910
0.01,554042
0.01,551283
0.01,547679
0.01,535317
0.01,535111
0.01,533232
0.01,531616
0.01,527525
0.01,525856
0.01,525838
0.01,524930
0.01,524929
0.01,521501
0.01,520733
0.01,512970
0.01,510383
0.01,503566
0.01,502124
0.01,500661
0.01,499752
0.01,499283
0.02,495481
0.02,495215
0.02,493090
0.02,486131
0.02,485165
0.02,480783
0.02,480357
0.02,479856
0.02,474737
0.02,474136
0.02,473955
0.02,473695
0.02,473470
0.02,472367
0.02,470160
0.02,470123
0.02,469512
0.02,468003
0.02,466892
0.02,466293
0.02,463936
0.02,461496
0.02,461466
0.02,455917
0.02,452200
0.02,448677
0.02,448602
0.02,448294
0.02,444597
0.02,436027
0.02,435064
0.02,432904
0.02,432306
0.02,432193
0.02,425281
0.02,419538
0.02,419450
0.02,418330
0.02,412026
0.02,407789
0.03,407511
0.03,403055
0.03,402740
0.03,395423
0.03,392985
0.03,391777
0.03,390901
0.03,390652
0.03,389819
0.03,389367
0.03,388127
0.03,387700
0.03,387530
0.03,387447
0.03,387300
0.03,387071
0.03,385874
0.03,383620
0.03,381759
0.03,381389
0.03,380521
0.03,375176
0.03,370333
0.03,367179
0.03,367061
0.03,362872
0.03,362663
0.03,357278
0.03,355945
0.03,355637
0.03,347428
0.03,343621
0.03,342689
0.03,338469
0.03,331965
0.03,329341
0.04,325535
0.04,323325
0.04,321809
0.04,317013
0.04,316999
0.04,316582
0.04,315198
0.04,315164
0.04,312599
0.04,307749
0.04,304373
0.04,299763
0.04,296935
0.04,296744
0.04,295919
0.04,295176
0.04,291796
0.04,287110
0.04,286990
0.04,286089
0.04,285038
0.04,282616
0.04,280775
0.04,278809
0.04,277589
0.04,277473
0.04,277213
0.04,273851
0.04,273048
0.04,269337
0.04,269088
0.04,267720
0.04,265855
0.04,265786
0.04,265533
0.04,264724
0.04,264398
0.04,264372
0.04,263887
0.04,263737
0.04,259043
0.04,258872
0.04,257753
0.04,256555
0.04,255364
0.04,253044
0.04,250403
0.04,245973
0.04,244782
0.04,243248
0.04,241216
0.04,240868
0.04,239774
0.04,238160
0.04,237995
0.04,236724
0.04,235630
0.04,230015
0.04,226933
0.04,226519
0.04,223083
0.04,222898
0.05,221600
0.05,220300
0.05,220144
0.05,219850
0.05,218371
0.05,216504
0.05,215924
0.05,213851
0.05,210068
0.05,209846
0.05,209802
0.05,209664
0.05,208036
0.05,204799
0.05,203353
0.05,203161
0.05,201641
0.05,201263
0.05,201195
0.05,199097
0.05,191405
0.05,190475
0.05,190213
0.05,189922
0.05,189459
0.05,185771
0.05,185660
0.05,184731
0.05,183571
0.05,182593
0.05,181755
0.05,181170
0.05,179957
0.05,179917
0.05,178101
0.05,176486
0.05,175774
0.05,175154
0.05,175113
0.06,172753
0.06,172244
0.06,172105
0.06,170887
0.06,169604
0.06,169534
0.06,156909
0.06,156242
0.06,156240
0.06,155535
0.06,152696
0.06,151248
0.06,151105
0.06,149867
0.06,149105
0.06,148507
0.06,148468
0.06,148281
0.06,147821
0.06,145907
0.06,145661
0.07,145310
0.07,145099
0.07,144720
0.07,143565
0.07,142387
0.07,141135
0.07,140149
0.07,139417
0.07,139157
0.07,138381
0.07,137462
0.07,136595
0.07,134912
0.07,134690
0.07,134312
0.07,134125
0.07,133986
0.07,132770
0.07,132752
0.07,132714
0.07,131180
0.08,131146
0.08,130887
0.08,130744
0.08,126334
0.08,125073
0.08,123362
0.08,123077
0.08,122703
0.08,122553
0.08,122509
0.08,122383
0.08,121712
0.08,121145
0.09,121145
0.09,119719
0.09,119483
0.09,118972
0.10,117735
0.10,116249
0.11,113862
0.11,113522
0.11,113374
0.11,112160
0.11,112130
0.11,111768
0.12,111700
0.12,111323
0.12,111272
0.12,109580
0.12,109358
0.12,108374
0.12,108151
0.12,108121
0.12,108085
0.13,107874
0.14,106656
0.16,106481
0.30,106467
0.46,105891
0.47,105799
0.48,105550
0.48,105550
0.55,105118
0.56,104625
0.91,104555
0.91,104194
0.92,104109
0.92,103887
0.92,102833
0.92,102124
11.00,101984
11.01,101984
22.82,101837
22.83,101807
22.85,101794
23.26,101604
23.27,101570
25.61,101500
25.62,101145
57.69,101037
57.71,100985
57.71,100949
380.92,100683
