0.06,518050
0.07,515887
0.07,509566
0.07,507965
0.09,506412
0.09,505494
0.09,498804
0.09,495970
0.09,494998
0.09,492531
0.09,488646
0.09,486372
0.09,482189
0.09,482167
0.09,481705
0.09,480524
0.09,479816
0.09,478769
0.09,477588
0.09,474009
0.09,472345
0.09,469304
0.09,462798
0.09,462667
0.09,462283
0.09,453150
0.09,448567
0.09,448496
0.09,444887
0.09,440140
0.09,433628
0.11,413425
0.11,409557
0.14,409214
0.14,396335
0.21,394086
0.21,391440
0.33,389069
0.61,388318
0.61,387236
0.69,385753
0.69,380597
0.69,378728
0.69,377975
0.92,375676
0.92,373790
0.95,368035
0.95,364341
0.95,363698
0.95,363694
2.11,363452
2.11,361111
2.81,360833
2.81,360781
2.81,360720
2.96,359139
2.96,353265
3.17,351633
3.17,350252
3.17,348364
3.17,344779
3.17,344250
3.37,343618
3.37,343537
3.37,343030
3.37,337109
3.37,336208
3.37,334451
4.59,329467
5.08,324986
5.41,321280
5.41,319040
5.41,316581
5.41,316088
5.75,311366
6.04,310465
6.04,309534
6.04,308514
6.04,306342
6.04,305379
6.04,302039
6.04,300766
6.04,298835
7.00,298015
7.00,294260
7.00,288331
7.55,288187
7.55,285132
7.55,283591
7.55,280282
7.55,273344
7.55,268932
7.55,262840
7.55,258931
9.24,258785
9.24,258625
9.24,252598
9.24,247427
9.24,246613
9.24,245725
9.24,241259
10.40,237252
10.40,236875
10.40,235846
10.40,235715
10.40,234559
10.40,234222
10.40,233673
10.40,230628
10.71,230521
10.71,229371
10.91,228024
10.91,227646
10.96,227110
10.96,223354
10.96,220682
10.96,220636
10.96,218085
10.96,217609
10.96,215219
11.09,212867
11.09,212398
11.09,211744
11.09,206892
11.09,206846
11.10,206229
11.10,205906
11.64,205084
11.66,204921
11.66,204020
11.66,203850
11.66,202847
11.75,199768
12.16,198564
12.33,196793
12.33,194183
12.33,190879
12.49,189482
12.49,188560
12.52,188352
12.52,187837
12.56,186416
12.56,185570
12.56,185489
12.56,185159
12.56,184951
12.92,184044
12.92,182734
12.93,180840
12.93,180278
13.25,178170
13.25,177534
13.25,176800
13.25,176347
13.31,175238
13.56,175209
13.56,173512
13.56,172176
13.65,171731
13.65,170304
13.76,169948
13.76,169477
13.76,169345
13.91,168759
13.91,168173
13.91,167988
13.94,167233
14.09,165238
14.09,164329
14.22,160259
14.22,155628
14.22,154313
14.22,153281
14.22,152664
14.22,152362
14.22,151454
14.72,150556
14.72,150145
14.90,149172
15.18,148933
15.18,148897
15.18,148173
15.18,148084
15.19,145765
15.19,145238
15.19,144010
15.19,143301
15.45,143006
15.45,142837
15.51,142749
15.53,142638
15.53,142388
15.53,141537
15.53,141027
15.53,140854
15.53,140339
15.53,139868
15.53,139759
15.53,139753
15.60,136969
15.60,136293
15.60,136169
15.99,135106
15.99,134864
15.99,133911
15.99,133616
16.34,131781
16.34,131718
16.38,131698
16.55,131088
16.55,130287
16.55,129643
16.55,129463
16.56,127952
16.58,127417
16.68,126836
16.68,126469
16.68,126115
16.68,126018
16.68,125945
16.68,125311
16.69,125270
16.69,123533
16.69,123055
16.69,122504
16.70,121799
16.70,121268
17.27,121232
17.27,120941
17.27,120743
17.27,120568
17.27,120145
17.55,119813
17.55,119109
17.55,118320
17.87,117941
17.87,117764
17.87,117367
18.07,117159
18.07,117129
18.16,116645
18.16,116345
18.16,115762
18.16,115707
18.16,115147
18.17,115051
18.17,113710
18.17,113530
18.17,113333
18.30,113166
18.30,112989
18.30,112461
18.30,111789
18.30,111766
18.31,111458
18.31,110404
18.31,110334
18.33,108998
18.34,108973
18.73,108822
18.74,108709
19.13,108304
19.13,107174
19.13,107097
20.13,106744
20.13,106556
20.13,106463
20.13,105888
20.23,105701
20.23,105609
20.40,105130
20.41,104747
20.41,104425
20.41,103229
20.70,103109
21.30,102932
21.37,102709
21.37,102569
21.37,102550
21.49,102499
21.49,101843
21.49,101769
21.49,101346
21.50,101338
22.69,101036
22.70,100861
23.80,100856
23.99,100720
24.25,100651
24.35,100591
24.36,100526
24.85,100499
