0.07,576934
0.08,575726
0.08,567722
0.08,564999
0.08,564758
0.08,561705
0.08,549993
0.08,546157
0.08,536117
0.08,531048
0.08,519770
0.08,512832
0.08,510713
0.08,508000
0.08,507276
0.08,507188
0.08,505035
0.08,503766
0.08,492745
0.08,492521
0.08,490311
0.09,484239
0.09,484054
0.10,481164
0.10,466795
0.10,463467
0.10,452810
0.10,451708
0.10,451263
0.10,450261
0.10,449950
0.10,449296
0.10,443929
0.10,438957
0.10,437146
0.10,437006
0.10,436442
0.10,430019
0.10,429056
0.10,427957
0.10,424426
0.10,422859
0.10,421084
0.10,415503
0.10,412716
0.16,401171
0.20,395802
0.21,395324
0.21,395118
0.21,392901
0.21,378682
0.37,378470
0.37,377667
0.37,376966
0.37,373222
0.86,370513
0.86,369607
1.31,369484
1.35,367704
1.64,364415
2.44,363049
2.75,356377
2.75,354506
2.75,353265
3.25,345050
3.26,344725
3.37,339497
3.37,337651
3.37,336603
3.70,336254
3.76,336183
4.26,333040
4.74,330955
5.07,328649
5.11,326253
5.11,324310
5.11,324061
5.11,322300
5.11,321770
5.11,320599
5.11,313953
5.24,312907
5.44,309615
5.44,309099
5.44,308757
5.44,308507
5.44,305809
6.03,305731
6.03,299543
6.20,296353
6.72,292053
6.72,291504
6.72,290283
6.72,287021
6.72,285945
7.18,284084
7.18,283130
7.18,280273
7.18,278229
7.18,275168
7.19,273589
7.19,270299
8.08,270118
8.08,268020
8.08,266090
8.17,265723
8.17,263805
8.48,263226
8.48,262724
8.48,262212
8.48,259406
8.48,255232
8.48,253235
8.75,252739
8.75,252674
8.75,252294
8.75,251819
8.75,251610
8.75,246292
8.99,244909
8.99,244817
8.99,244412
8.99,244270
9.12,243447
9.19,241044
9.19,239879
9.19,239304
9.19,238620
9.19,233631
9.86,233399
9.86,232417
9.86,227010
9.86,226283
9.86,225083
9.86,221352
10.50,220830
10.50,220269
10.67,218670
10.67,218389
10.68,218309
10.83,217733
10.83,215531
10.83,209898
10.92,209194
10.92,207933
10.92,207128
11.24,205275
11.43,203586
11.64,202102
11.64,201444
11.65,201435
11.76,201339
11.79,200325
11.79,199996
11.89,199914
11.89,199808
11.89,199056
11.89,196785
11.91,194045
11.91,188183
11.94,186684
12.14,182013
12.25,180052
12.57,179196
12.57,177067
12.57,176509
12.57,176347
12.57,175195
12.57,174241
12.57,173873
12.65,173782
12.66,173477
12.86,172838
12.92,172610
12.96,172306
12.99,171858
13.00,170185
13.00,169969
13.00,169577
13.00,169313
13.00,168433
13.00,166736
13.00,165843
13.20,164080
13.20,163762
13.20,163615
13.20,162879
13.20,158589
13.27,158353
13.27,157226
13.27,152820
13.27,151476
13.43,151474
13.43,151087
13.89,150333
13.90,149019
14.66,148796
14.66,146484
14.66,143691
14.66,143400
14.86,143110
14.97,142409
14.97,141506
15.14,140554
15.35,140275
15.47,137844
15.47,137217
15.47,136547
15.47,135661
15.47,135418
15.47,134928
15.49,133881
15.49,133627
15.49,133478
15.49,132168
15.49,131659
15.49,131359
15.49,131239
15.49,130536
15.49,129564
15.49,129155
15.49,129006
15.50,128876
15.75,128725
16.40,128479
16.41,127823
16.41,125512
16.41,125498
16.41,125338
16.41,124948
16.41,124644
16.41,124493
16.41,124417
16.57,123870
16.57,123698
16.57,123368
16.57,122884
16.57,122781
16.57,122011
16.57,121052
17.15,120996
17.16,120952
17.16,120939
17.16,118727
17.16,118097
17.17,117421
17.17,116875
17.17,116501
17.17,115456
17.17,114634
17.17,113480
17.43,112847
17.44,112541
17.87,111995
17.98,111825
17.99,111637
17.99,111472
17.99,111355
18.22,111199
18.22,110503
18.46,110193
18.46,109746
18.65,109709
18.65,109378
18.65,109198
18.65,109027
18.65,108341
18.66,107920
18.66,107846
18.66,107808
18.66,107135
18.91,106932
18.91,106785
19.03,105973
19.03,105364
19.63,104937
19.63,104910
19.71,104429
19.71,104386
19.71,103894
19.71,103418
20.04,102887
21.15,102615
21.16,102439
21.25,102308
21.38,102239
21.38,102085
21.38,102077
21.38,101994
22.02,101664
22.03,101626
23.09,101585
23.20,101385
