0.06,609698
0.06,605498
0.07,605271
0.07,597718
0.07,591747
0.07,585916
0.07,574341
0.07,567843
0.07,563642
0.07,560360
0.07,558725
0.07,554730
0.07,552913
0.07,544157
0.08,536284
0.08,531178
0.08,529383
0.08,523024
0.08,515696
0.08,514765
0.08,507957
0.08,506370
0.08,505185
0.08,489610
0.08,488224
0.08,482824
0.08,482562
0.08,481620
0.08,480524
0.08,477698
0.08,475157
0.08,467470
0.09,464723
0.09,458053
0.09,456408
0.09,454535
0.09,447114
0.09,440433
0.09,438986
0.09,434651
0.09,434218
0.09,433817
0.09,431858
0.09,429623
0.09,427310
0.09,426832
0.09,426541
0.09,424670
0.09,420658
0.10,415691
0.10,413764
0.10,404479
0.10,401381
0.10,400517
0.10,397630
0.10,395191
0.10,394849
0.10,394297
0.10,393232
0.34,392935
0.34,391371
0.34,387973
0.39,387929
0.44,383366
0.44,379381
0.58,379064
0.70,378496
0.94,377794
0.94,377562
0.94,375048
0.94,373273
0.94,370215
0.94,365634
2.09,362639
2.09,354820
2.09,343802
2.09,342165
2.09,335467
3.84,335040
4.24,332617
4.24,332387
4.51,326910
4.51,326712
4.51,325797
4.51,324134
4.64,322653
4.64,321507
5.48,320323
5.64,317206
5.64,316758
5.72,315998
5.89,309419
5.90,306462
5.90,305254
6.32,303151
6.41,302902
6.41,297415
6.41,296537
7.05,293994
7.05,293175
7.05,289380
7.05,288361
7.05,283196
7.05,278487
7.84,277415
7.84,277370
7.84,276078
7.84,275673
7.84,274743
7.84,271033
7.84,270210
7.84,269400
8.24,268933
8.24,266138
8.24,265220
8.24,264507
8.77,263896
8.77,263330
8.77,262711
8.77,260072
8.88,257665
8.93,257330
9.03,251656
9.03,249719
9.03,249479
9.44,248966
9.44,244903
9.44,242707
9.44,240848
9.49,237521
9.49,237098
9.49,233743
9.49,233656
9.82,233593
9.82,232708
9.82,230667
9.82,229521
9.82,228343
9.95,227431
9.95,227099
9.95,223707
9.95,220358
9.95,220242
9.95,219499
9.95,218973
10.20,218188
10.20,216827
10.20,216434
10.62,216424
10.62,216137
10.62,215066
10.62,210428
10.62,209958
10.62,205634
10.81,205414
10.81,204299
10.81,203006
10.81,202460
10.81,201708
10.81,200703
10.81,198682
10.81,194763
10.81,194456
10.81,193906
10.81,193198
10.81,192898
11.72,191930
11.72,188919
11.72,188429
11.72,187323
11.72,186783
12.21,185619
12.21,185270
12.39,184605
12.39,182936
12.39,181982
12.39,181042
12.80,180750
12.80,180364
12.83,180224
12.83,179752
12.83,179562
12.88,176968
12.94,176411
12.94,175372
12.94,175025
12.94,174086
12.94,173706
12.94,172598
12.94,172188
12.94,170621
12.94,169728
12.99,167941
12.99,166731
12.99,166667
13.23,166217
13.25,165063
13.32,161742
13.32,161032
13.54,159792
13.54,159574
13.54,159066
13.54,158946
13.55,156399
13.67,156332
13.67,156257
13.67,155122
13.68,152456
13.68,151721
13.68,151262
13.68,150997
13.82,149653
13.82,148798
13.82,148391
13.82,148107
13.82,145739
14.41,145455
14.41,144980
14.56,142540
14.56,141953
14.56,141528
14.68,140064
14.73,139857
14.80,139483
14.80,138535
15.14,137856
15.14,137220
15.14,134560
15.28,134376
15.28,133305
15.28,133010
15.45,132833
15.45,131916
15.45,131351
15.45,130058
15.45,129651
15.45,128999
15.54,127962
15.54,127203
15.54,126184
15.54,126146
15.54,125475
15.54,124414
15.54,124242
16.61,124054
16.61,123792
16.61,121340
16.61,121288
16.69,120838
16.69,120655
16.69,120287
16.69,119003
16.69,118682
16.71,118560
16.87,117817
16.87,117583
16.87,116762
16.87,116386
16.87,116270
17.10,115712
17.10,115590
17.10,114647
17.10,114391
17.10,114333
17.15,114050
17.50,113966
17.50,113930
17.50,113518
17.50,112546
17.50,112501
17.60,112089
17.60,111786
17.85,111259
17.85,111038
17.85,110401
17.85,110400
17.85,110285
18.00,109546
18.00,109362
18.01,109057
18.01,108335
18.37,108300
18.37,107938
18.37,107923
18.37,107423
18.41,106168
18.47,105532
18.47,104750
18.86,104384
18.86,104092
18.86,103625
19.79,103495
19.80,103443
19.80,102992
19.80,102990
20.22,102789
20.22,102580
20.23,102489
20.26,102157
20.86,101946
20.87,101895
20.95,101740
21.33,101445
21.65,101416
21.81,101186
22.39,101069
23.27,100929
24.31,100929
