0.06,534782
0.07,528587
0.07,527060
0.07,520770
0.07,515331
0.07,514927
0.07,514892
0.07,509447
0.07,509053
0.07,504170
0.07,497453
0.07,496976
0.07,487983
0.07,483719
0.08,483394
0.08,483227
0.08,482702
0.09,473465
0.09,472359
0.09,471571
0.09,471122
0.09,470471
0.09,465482
0.09,464864
0.09,463682
0.09,462927
0.09,460115
0.09,459587
0.09,457419
0.09,453407
0.09,452381
0.09,446773
0.09,441519
0.09,439659
0.09,436238
0.09,436009
0.09,435577
0.09,428936
0.09,427779
0.09,423167
0.09,413683
0.09,407508
0.09,403119
0.09,392579
0.09,388681
0.09,387553
0.09,383425
0.09,378022
0.09,377471
0.09,374926
1.57,373060
1.57,372710
1.57,371666
1.57,371282
1.97,370196
2.26,363412
2.26,358185
2.26,357586
2.50,349738
2.50,342631
2.50,342208
2.50,340715
2.50,332887
2.96,332035
2.96,331428
4.72,327159
5.10,326335
5.16,321552
5.16,316344
5.16,315131
5.16,314081
5.16,312814
5.16,312043
5.66,308804
5.66,308076
5.66,307035
5.66,306883
6.14,306644
6.14,306048
6.54,303081
6.54,302626
6.54,299483
6.54,295033
6.54,293719
6.54,293210
6.54,291611
6.54,291498
6.54,291196
6.54,287665
6.54,286934
6.54,285234
6.62,284993
7.19,283415
7.20,282793
7.21,282005
7.74,281357
7.75,275730
7.75,272598
7.75,271644
7.92,271519
7.92,271476
7.92,270187
7.92,268374
7.92,261907
7.92,260691
7.92,259981
7.92,258064
7.92,257413
7.92,257343
8.60,257139
8.82,254967
8.82,254333
8.98,252836
8.98,252575
9.02,250886
9.02,250700
9.24,249210
9.24,249164
9.24,248699
9.24,247916
9.48,247680
9.51,246884
9.51,245713
9.76,245140
9.76,244939
9.76,241793
9.76,240814
9.76,240303
9.76,239005
9.76,235835
9.76,235319
9.76,234137
9.84,233278
9.84,233264
9.84,233049
10.06,231970
10.06,231154
10.06,230159
10.06,229764
10.06,229610
10.06,229346
10.19,228819
10.19,228140
10.32,227858
10.32,227263
10.32,224317
10.32,223640
10.32,222609
10.32,221587
10.38,219735
10.38,219398
10.85,219060
10.85,217437
10.85,216505
10.85,214999
10.85,213830
10.93,211545
11.09,211455
11.09,209969
11.09,209775
11.09,209254
11.22,207780
11.22,207297
11.27,206942
11.44,205237
11.44,204367
11.44,203513
11.44,202257
11.44,202170
11.44,202099
11.44,201434
11.44,200207
11.44,196846
11.71,195550
11.71,193881
11.71,191055
11.71,190498
11.71,190201
11.71,188515
11.92,187096
11.92,186820
11.92,182984
12.38,182647
12.38,182147
12.38,181669
12.73,180635
12.73,180131
12.73,178836
12.73,178616
12.74,178093
12.74,177448
12.74,177010
12.75,176583
12.75,175135
12.75,173884
12.75,172691
12.75,172488
12.76,171739
12.84,171162
12.84,171156
12.84,170765
12.84,170765
12.98,170320
12.98,169646
13.26,168970
13.26,168625
13.26,167133
13.26,165510
13.46,164642
13.46,164583
13.46,164418
13.46,163838
13.46,163235
13.46,163059
13.46,162116
13.46,161519
13.46,161007
13.73,159241
13.81,156127
13.81,156043
13.86,153699
13.86,152295
13.86,150214
13.86,150108
13.86,149335
13.86,148535
13.86,146252
13.86,146037
13.86,144670
13.86,144375
14.64,144048
14.64,143740
14.64,143543
14.64,143480
14.64,141933
14.64,139775
14.76,139697
14.84,139586
14.84,138913
14.84,138622
14.84,137309
14.84,136060
14.85,135280
14.85,135130
14.85,133476
15.65,133330
15.65,131352
15.65,131247
15.65,130032
15.65,129752
15.85,128686
15.85,128136
15.99,127527
15.99,127108
15.99,126550
15.99,126415
15.99,125813
15.99,125196
15.99,125150
15.99,125136
15.99,125065
15.99,123715
15.99,123157
15.99,121214
16.21,121073
16.21,120658
16.21,118721
16.21,118713
17.17,118655
17.17,118303
17.18,118183
17.18,117917
17.18,117901
17.18,117104
17.18,116886
17.18,116020
17.18,115468
17.29,114958
17.29,114321
17.29,112858
17.29,112450
17.29,112054
17.29,111315
17.29,111212
17.95,110894
17.95,110855
17.96,110562
17.96,109643
17.96,109361
17.96,108727
17.96,108577
18.15,108433
18.15,107590
18.15,107422
18.15,107370
18.85,106192
18.96,106020
18.96,104928
19.72,104793
19.72,104228
19.73,104096
19.73,103837
19.74,103805
19.74,103465
20.11,103256
20.11,102364
20.90,102075
20.90,102064
20.90,102037
20.94,101950
21.04,101926
21.05,101855
21.56,101843
21.68,101833
21.70,101702
21.70,101569
21.72,101567
21.72,101540
21.87,101480
21.90,101428
21.90,101369
21.91,101239
21.91,101111
21.91,101111
21.92,100919
21.96,100830
22.02,100727
22.06,100653
22.07,100581
23.25,100546
23.26,100433
