0.06,567016
0.07,561483
0.07,559850
0.07,555769
0.07,551306
0.07,541300
0.07,538772
0.07,537673
0.07,526795
0.07,525834
0.07,525187
0.07,524011
0.07,517624
0.08,515773
0.08,515634
0.08,499684
0.08,499445
0.08,494020
0.08,493689
0.08,491157
0.08,482903
0.08,480782
0.08,477893
0.08,476834
0.08,476752
0.08,467853
0.09,458627
0.09,456431
0.09,456166
0.09,455952
0.09,453534
0.09,448590
0.09,448323
0.09,446372
0.09,446298
0.09,445047
0.09,442948
0.09,441147
0.09,440137
0.09,436472
0.09,434655
0.09,433138
0.09,429721
0.09,428432
0.09,422434
0.09,421883
0.09,420204
0.09,420075
0.13,410672
0.13,406014
0.13,405516
0.13,404660
0.13,401057
0.13,399924
0.13,393541
0.13,392250
0.13,390674
0.15,390633
0.15,386803
0.15,384727
0.15,379868
0.52,376533
0.52,368179
0.52,364545
0.52,364260
0.52,360665
0.52,357900
0.52,354865
1.88,354746
1.89,350577
1.89,348060
1.89,341883
1.89,337176
1.89,336467
4.20,333226
4.86,332995
4.86,331205
4.86,328353
4.86,328165
4.88,327781
4.88,327216
4.92,326468
5.26,324326
5.46,321263
5.46,313336
5.96,312005
5.96,309511
6.08,307953
6.08,305897
6.17,304885
6.17,300305
6.17,298308
6.34,294150
6.34,293227
6.35,292111
6.35,290047
6.64,288319
6.64,287496
6.64,286878
6.64,285764
6.64,283492
7.38,282034
7.38,281668
7.38,279155
7.96,278621
7.96,278206
8.17,276273
8.22,275533
8.30,275225
8.30,274204
8.30,273142
8.30,273059
8.30,268001
8.30,262808
8.30,261525
8.30,261333
8.30,258109
8.30,257771
8.30,257697
8.64,257345
8.93,256183
8.93,246036
8.93,243636
8.93,239340
8.93,236652
8.93,236434
9.28,231693
9.77,230281
9.77,228686
9.96,227690
9.96,227601
10.05,227384
10.05,227311
10.05,226478
10.16,225666
10.17,219218
10.42,219045
10.43,218918
10.43,217643
10.43,215142
10.43,214791
10.43,213296
10.79,213071
10.88,212879
10.88,212631
10.88,211054
10.88,204809
11.29,203906
11.29,202516
11.58,201003
11.58,199455
11.58,196837
11.80,195980
11.80,194669
11.80,193369
11.80,191092
11.83,188607
11.83,188328
12.24,185725
12.24,182224
12.24,181868
12.24,180860
12.24,179909
12.24,179795
12.24,179669
12.24,176625
12.24,176593
12.24,176238
12.52,175869
12.52,175494
12.52,173665
13.26,173211
13.26,173182
13.31,171393
13.33,170738
13.33,169915
13.33,169303
13.33,166895
13.33,166815
13.33,165790
13.33,164263
13.33,163888
13.33,163787
13.33,163685
13.34,161569
13.34,160203
13.38,159836
13.47,158510
13.47,157925
13.79,157589
13.80,157490
13.88,156093
13.88,156084
13.88,153785
13.88,152339
13.88,151920
14.44,151323
14.44,151007
14.44,149923
14.44,149689
14.44,148203
14.57,146034
14.57,145741
14.57,145660
14.57,145382
14.57,144877
14.57,144666
14.57,143714
14.57,143594
14.58,142528
14.89,142164
14.89,142129
14.89,141661
14.89,141459
14.99,141290
14.99,139304
14.99,138411
14.99,138141
15.19,138058
15.19,137806
15.20,137188
15.20,136596
15.20,136493
15.20,136228
15.20,135870
15.20,135594
15.20,135192
15.20,134150
15.65,132767
15.97,130797
15.98,130781
15.98,129337
15.98,128973
15.98,128714
15.98,127340
15.98,127098
15.98,126659
16.14,125413
16.14,124121
16.14,123214
16.14,122563
16.14,122112
16.14,121670
16.14,121660
16.14,120834
16.91,120538
16.92,120290
16.92,120012
16.95,119624
16.95,118871
16.95,118809
16.95,118665
16.95,115093
16.95,115065
16.95,114202
16.96,114184
17.72,113772
17.72,113008
17.72,112692
17.72,112556
17.72,111755
17.72,111693
17.94,111504
17.95,110717
17.97,110628
18.00,110503
18.00,110482
18.00,110180
18.00,109541
18.00,108923
18.00,108114
18.01,107590
18.48,107555
18.48,106918
18.48,106813
18.48,106812
19.38,106631
19.38,106475
19.38,106233
19.40,105833
19.40,105105
19.40,104896
19.40,104814
19.42,104669
19.42,104606
19.42,104012
19.43,103558
19.43,103043
19.43,103008
19.92,102939
20.21,102551
20.30,102525
20.30,102451
20.30,102280
21.49,101851
21.49,101675
21.51,101494
21.51,101494
21.52,101327
22.13,101296
22.13,101146
22.33,101030
22.33,100917
23.19,100898
23.26,100871
23.36,100863
24.89,100837
