0.07,551864
0.07,551755
0.07,543874
0.07,538628
0.07,537824
0.08,532786
0.08,530257
0.08,523871
0.08,522837
0.08,522514
0.08,520725
0.08,519609
0.08,517169
0.08,514393
0.09,510917
0.09,510887
0.09,500201
0.09,494193
0.09,492133
0.09,491900
0.09,489512
0.09,480798
0.09,477048
0.09,474610
0.09,469303
0.09,465933
0.09,460172
0.09,455333
0.10,452725
0.10,445061
0.10,441987
0.10,440932
0.10,439146
0.10,433299
0.10,427058
0.10,422906
0.10,421647
0.10,419784
0.11,414616
0.15,414314
0.15,412809
0.15,412562
0.15,411772
0.15,406680
0.15,405604
0.15,400605
0.15,392830
0.33,392395
0.40,392085
0.49,390127
0.49,389680
0.58,386028
0.58,377565
0.58,373356
0.58,372789
0.58,368113
1.38,367343
1.38,365310
1.38,363685
1.79,346670
2.63,345823
3.55,343690
3.69,342062
3.76,331279
3.76,326291
3.76,325951
4.63,323520
4.88,321955
4.88,317735
4.88,316979
4.88,314090
4.88,313840
4.88,312911
4.88,311589
4.88,311057
5.27,309245
5.27,306138
5.27,306074
6.33,304881
6.42,303120
6.42,297107
6.42,296518
6.42,296310
6.42,292333
6.42,290970
6.42,288967
6.42,286893
6.42,286787
6.42,280869
7.51,278430
7.51,277507
7.51,274910
7.51,270071
8.19,269685
8.19,268875
8.20,267297
8.20,265666
8.33,263290
8.33,263107
8.33,257278
8.54,257001
8.54,254723
8.54,251973
9.06,248653
9.06,248089
9.06,246827
9.06,244376
9.06,241225
9.06,239604
9.06,239261
9.55,238969
9.56,235328
9.56,234233
9.56,233028
9.56,231118
9.79,223129
9.97,222341
10.17,221949
10.17,220022
10.23,220017
10.23,219624
10.23,219154
10.58,216958
10.90,216707
10.90,216189
10.90,213951
10.90,213535
10.90,211923
10.90,211026
11.03,210175
11.03,209627
11.03,209571
11.11,208379
11.11,207712
11.12,207691
11.12,205236
11.12,204428
11.12,203475
11.12,203181
11.12,200360
11.12,197618
11.12,197027
11.12,192552
11.38,191964
11.38,191364
11.93,191188
11.93,190934
11.93,190177
11.93,187715
11.99,187705
12.00,185985
12.10,182474
12.10,182399
12.10,180950
12.10,180827
12.10,180057
12.35,178392
12.35,177849
12.51,176839
12.51,176334
12.51,176116
12.51,176017
12.51,175605
12.51,173331
12.51,173256
12.51,172744
12.77,171601
12.77,169706
12.77,168745
12.98,166729
13.09,165404
13.31,164680
13.32,164563
13.35,163632
13.35,162355
13.35,161925
13.35,161338
13.35,159630
13.36,159456
13.36,158931
13.36,158652
13.36,158047
13.36,158022
13.51,157280
13.54,155973
13.81,155613
13.82,155228
13.82,153740
13.82,151784
13.82,151030
13.83,150970
13.83,150801
13.83,150314
13.83,150166
13.83,148039
13.83,147781
13.83,147413
14.31,146610
14.39,145993
14.39,145297
14.39,145052
14.39,144642
14.39,143750
14.70,143134
14.70,142869
14.70,142032
14.70,140071
14.70,140039
14.71,138487
14.71,137139
14.71,136220
15.00,136085
15.00,135985
15.00,135082
15.00,134086
15.19,132547
15.19,132372
15.19,131838
15.19,131434
15.19,130924
15.19,130560
15.20,130280
15.20,130253
15.20,129119
15.20,126302
15.64,125780
15.64,125608
15.65,125469
15.65,122646
15.65,122383
15.65,122356
15.65,122157
16.15,122140
16.15,121251
16.23,121024
16.23,119718
16.23,119578
16.59,119180
16.59,118190
16.59,117877
16.59,117820
16.59,117308
16.63,117027
16.63,116913
16.64,116706
16.64,116669
16.64,116253
16.64,116215
16.65,116213
16.75,116154
16.92,116136
16.92,115853
16.92,115827
16.92,115770
16.92,115562
16.92,115046
16.92,114716
16.92,113950
16.93,113615
17.12,113461
17.12,113151
17.12,112977
17.12,112797
17.12,112793
17.12,112639
17.13,111908
17.13,111771
17.13,111739
17.13,110820
17.13,110310
17.13,109911
17.62,109773
18.21,109317
18.21,109032
18.21,108845
18.22,108648
18.22,108513
18.49,107984
18.51,107937
18.52,107336
18.52,106961
18.52,106937
18.53,106435
18.66,106077
18.66,105699
18.97,105687
18.97,105171
18.97,104730
19.08,104684
19.08,104674
19.09,104446
19.09,104392
19.09,104271
19.09,104156
19.09,104109
19.10,103899
19.14,103858
19.56,103788
19.62,103211
19.62,103165
19.63,103152
19.63,103116
19.63,102874
19.66,102451
20.26,102344
20.26,102163
20.26,102061
20.27,101884
20.32,101724
20.32,101338
21.08,101169
21.42,101085
21.42,101054
21.43,101020
21.70,100988
22.20,100845
22.57,100826
23.13,100731
23.95,100699
24.09,100654
24.18,100646
24.19,100626
24.19,100619
