0.06,558389
0.07,554428
0.07,539671
0.07,539182
0.07,536410
0.07,534317
0.07,533601
0.07,532072
0.07,530923
0.07,529294
0.07,528511
0.07,519021
0.07,518829
0.07,517483
0.07,514895
0.07,514360
0.07,514105
0.07,513653
0.08,511647
0.08,507581
0.08,495724
0.08,493731
0.08,493349
0.09,483293
0.09,482318
0.09,471365
0.09,466669
0.09,466012
0.09,464989
0.09,461684
0.10,461183
0.10,458612
0.10,449783
0.10,445102
0.10,435364
0.10,434776
0.12,434518
0.12,433185
0.12,428244
0.12,426849
0.12,419074
0.13,415969
0.13,414048
0.13,412488
0.13,408251
0.13,407172
0.13,406301
0.13,402853
0.13,399733
0.20,397039
0.20,396510
0.20,395489
0.20,394632
0.31,394172
0.31,392037
0.31,387922
0.31,385980
0.32,385455
0.45,373584
0.45,371275
0.45,370571
0.74,366202
2.49,365321
2.50,364030
2.50,363411
2.50,358533
2.50,352726
2.50,349109
2.68,347314
2.68,344147
2.68,342418
2.68,342308
2.68,340698
2.68,340226
2.68,336401
2.68,335524
3.58,334428
3.58,333563
3.58,332265
3.58,332079
3.58,323573
3.58,322367
4.55,319955
4.55,319695
4.55,312031
5.52,310892
5.52,310646
5.85,310379
5.85,310091
5.85,307348
5.85,303901
5.85,302250
5.85,301938
5.85,299015
5.85,297764
5.85,295823
5.85,294998
5.85,294689
6.50,293999
6.50,293351
6.50,290419
6.50,289755
7.01,286181
7.01,283916
7.01,283525
7.01,277726
7.44,276534
7.44,275357
7.44,273253
7.44,271557
7.47,271068
7.47,267850
7.47,266514
7.47,261784
7.67,256823
7.67,255027
8.25,253808
8.58,253508
8.58,249062
8.58,247225
8.58,243600
8.58,242148
8.58,241009
8.58,240090
8.66,238675
9.18,233302
9.18,231985
9.18,230872
9.18,228948
9.18,225460
9.88,224938
9.88,223603
9.90,223544
9.90,222570
9.90,220867
9.90,219635
9.90,218564
9.90,218106
9.90,216020
9.90,213033
9.90,212170
9.90,211855
9.90,206161
9.90,205773
10.61,201078
11.17,199076
11.17,197448
11.17,195877
11.28,194911
11.28,193787
11.41,193389
11.41,192909
11.83,189373
11.83,187431
11.91,184824
12.10,182854
12.10,181902
12.10,181084
12.10,179855
12.10,179850
12.10,179593
12.24,179487
12.24,178874
12.35,178251
12.40,178002
12.40,177482
12.40,177264
12.41,176823
12.41,175847
12.63,172781
12.63,170797
12.84,170132
12.84,169531
12.84,168339
12.84,166777
12.84,166774
12.84,165880
12.85,165289
12.85,164901
12.85,164292
12.85,164232
12.85,162968
12.85,162620
12.85,161912
12.85,161372
12.85,160408
12.85,160395
12.85,160360
12.85,159593
12.85,159241
12.85,157112
12.85,155349
13.77,154692
13.77,154638
13.77,153036
13.77,151281
13.77,150537
13.80,150415
13.93,149977
14.02,148511
14.02,148050
14.02,147211
14.02,146814
14.04,146506
14.04,146466
14.04,146410
14.04,145454
14.04,144310
14.04,143938
14.04,143701
14.04,143517
14.04,141503
14.34,140170
14.46,139842
14.74,138341
14.74,137857
14.74,137055
15.02,136780
15.02,136762
15.03,136604
15.03,135722
15.03,135193
15.03,135146
15.03,134485
15.18,134146
15.18,134104
15.18,133726
15.18,133704
15.18,131713
15.18,131498
15.18,130377
15.26,130072
15.26,129888
15.26,129159
15.26,128747
15.32,128454
15.32,127378
15.32,126268
15.32,126103
15.32,125081
15.32,123658
15.60,123603
15.60,123577
15.60,123194
15.60,122384
15.73,122008
15.73,121379
15.73,121141
15.73,120536
16.31,120444
16.31,119372
16.31,119360
16.31,118800
16.31,118190
16.31,118113
16.31,117675
16.62,117357
16.63,117337
16.63,116064
16.91,115903
16.91,115786
16.92,115298
16.92,114965
17.04,114461
17.04,114456
17.04,114305
17.32,114106
17.32,113658
17.32,113283
17.32,113216
17.32,112340
17.32,112303
17.32,111889
17.32,111283
17.32,110787
17.39,110675
17.39,109946
17.39,109286
17.39,109161
17.67,108046
17.67,107512
17.67,106147
18.80,105835
18.82,105189
18.96,105067
18.96,104874
18.96,104708
18.96,104563
19.38,104446
19.38,104318
19.39,104130
19.39,103673
19.39,103627
19.39,103032
19.39,102915
19.65,102867
20.18,102867
20.21,102768
20.29,102425
20.30,102417
20.30,102249
20.34,102040
20.34,101832
20.34,101740
20.35,101447
20.35,101062
22.48,100980
22.50,100914
22.50,100719
22.63,100711
