0.00,600871
0.01,600802
0.01,600378
0.01,598092
0.01,597962
0.01,581850
0.01,579225
0.01,576265
0.01,569350
0.01,564245
0.01,545613
0.01,542995
0.01,540403
0.01,537401
0.01,530057
0.01,526177
0.01,506352
0.01,506019
0.01,501640
0.01,500990
0.01,495878
0.01,495549
0.01,494209
0.01,477867
0.01,476202
0.01,475251
0.02,471384
0.02,470471
0.02,469472
0.02,468288
0.02,464807
0.02,463785
0.02,457438
0.02,457224
0.02,457204
0.02,455807
0.02,454567
0.02,452296
0.02,451661
0.02,450201
0.02,447970
0.02,447903
0.02,447721
0.02,446324
0.02,436364
0.02,435914
0.02,435141
0.02,434703
0.02,433548
0.02,432472
0.02,430645
0.02,426900
0.02,425200
0.02,419338
0.02,410188
0.02,404266
0.02,402967
0.03,402570
0.03,402381
0.03,400285
0.03,396958
0.03,396450
0.03,395820
0.03,390554
0.03,384264
0.03,383798
0.03,383188
0.03,380818
0.03,374823
0.03,371363
0.03,369819
0.03,369579
0.03,368077
0.03,367858
0.03,366289
0.03,365475
0.03,365094
0.03,362739
0.03,357716
0.03,356140
0.03,354580
0.03,353481
0.03,351059
0.04,350392
0.04,349653
0.04,349590
0.04,346448
0.04,343569
0.04,343509
0.04,333536
0.04,332430
0.04,331477
0.04,330822
0.04,328154
0.04,327109
0.04,326183
0.04,324821
0.04,323548
0.04,319473
0.04,316369
0.04,314384
0.04,312104
0.04,308712
0.04,306752
0.04,298183
0.04,290450
0.04,290332
0.04,288551
0.04,288496
0.04,287279
0.04,284893
0.04,284567
0.04,283910
0.04,276234
0.04,272708
0.04,272658
0.04,272533
0.04,268379
0.04,268179
0.04,268115
0.04,267514
0.04,264254
0.04,263390
0.04,262213
0.04,255923
0.04,248362
0.04,245654
0.04,243191
0.04,242828
0.04,242251
0.04,237118
0.04,236823
0.04,234489
0.04,230886
0.04,225329
0.04,224987
0.04,224826
0.04,222545
0.04,221788
0.04,219434
0.04,218560
0.04,213033
0.04,211597
0.04,211035
0.04,210275
0.04,209272
0.04,209214
0.04,206120
0.04,203598
0.05,201117
0.05,199983
0.05,199755
0.05,199725
0.05,196979
0.05,194815
0.05,191610
0.05,190481
0.05,189697
0.05,189116
0.05,185307
0.05,184338
0.05,182832
0.05,181129
0.05,179159
0.05,176877
0.05,175898
0.05,174841
0.05,174404
0.05,174328
0.05,174258
0.05,172933
0.05,171875
0.05,171608
0.05,171112
0.05,170960
0.05,168964
0.05,167946
0.05,167904
0.05,167394
0.05,167314
0.05,167305
0.05,165293
0.05,163460
0.05,161757
0.05,159988
0.05,159080
0.06,158088
0.06,157990
0.06,157621
0.06,157467
0.06,156839
0.06,155717
0.06,154237
0.06,152655
0.06,151716
0.06,151560
0.06,150275
0.06,150056
0.06,148794
0.06,148481
0.06,148222
0.06,147946
0.06,147928
0.07,147357
0.07,146769
0.07,146758
0.07,146542
0.07,144870
0.07,143390
0.07,142931
0.07,142118
0.07,141987
0.07,141455
0.07,140969
0.07,140529
0.07,137023
0.07,136037
0.07,135875
0.07,135322
0.07,135175
0.07,134802
0.07,134162
0.07,134041
0.07,131511
0.07,131232
0.08,131148
0.08,130545
0.08,130249
0.08,129991
0.08,129458
0.08,129204
0.08,127099
0.08,126906
0.08,126856
0.09,126498
0.09,124971
0.09,123213
0.09,122809
0.09,122364
0.09,122250
0.09,122213
0.09,121699
0.10,121621
0.10,121461
0.10,121205
0.10,120558
0.10,119118
0.10,119045
0.10,118876
0.11,118591
0.11,118298
0.11,118184
0.11,117702
0.11,116702
0.11,116375
0.12,115153
0.12,114230
0.13,113748
0.13,113572
0.14,112910
0.15,112880
0.15,112667
0.15,112272
0.15,112150
0.15,112146
0.17,111388
0.19,111203
0.23,110933
0.23,110676
0.24,110127
0.24,109928
0.25,109375
0.25,109210
0.25,108691
0.30,108568
0.31,108098
0.32,108035
0.33,107845
0.34,107808
0.35,107252
0.55,107155
0.55,106714
0.56,106231
0.56,106040
0.56,105794
0.56,105572
0.56,105086
0.57,105072
0.57,105038
0.58,104845
0.58,104705
3.10,104668
3.10,103996
4.32,103688
4.32,102711
4.33,102469
9.26,102294
9.88,101878
16.14,101869
16.14,101869
21.92,101850
21.93,101815
38.50,101461
38.58,101083
38.59,101053
38.60,101040
38.76,100856
