0.00,599942
0.01,597927
0.01,590285
0.01,581750
0.01,569593
0.01,569545
0.01,563624
0.01,559851
0.01,557879
0.01,551550
0.01,550285
0.01,546319
0.01,542311
0.01,533992
0.01,530301
0.01,527728
0.01,526492
0.01,515583
0.01,507697
0.02,501989
0.02,500865
0.02,496658
0.02,496380
0.02,495147
0.02,487220
0.02,486728
0.02,482851
0.02,480170
0.02,473786
0.02,467019
0.02,465735
0.02,462951
0.02,461699
0.02,460558
0.02,459171
0.02,458999
0.02,453243
0.02,445872
0.02,438700
0.02,428663
0.02,428492
0.02,428449
0.02,427835
0.02,423320
0.02,421282
0.02,420408
0.02,418969
0.02,410972
0.02,404725
0.02,400254
0.02,396927
0.02,396913
0.02,396651
0.02,394285
0.02,392391
0.02,392082
0.03,383107
0.03,382140
0.03,380634
0.03,380299
0.03,377666
0.03,377387
0.03,368709
0.03,367956
0.03,361763
0.03,355498
0.03,349803
0.03,345319
0.03,342685
0.03,340221
0.03,338514
0.03,337966
0.03,337195
0.03,336962
0.03,334016
0.03,332618
0.03,330888
0.03,326653
0.03,323837
0.03,319347
0.03,316168
0.03,314824
0.03,313522
0.03,312996
0.03,311667
0.03,311293
0.03,311269
0.03,310362
0.03,307501
0.03,306966
0.04,306920
0.04,303278
0.04,303277
0.04,301597
0.04,301194
0.04,300822
0.04,300103
0.04,299487
0.04,296447
0.04,293977
0.04,293905
0.04,292149
0.04,292108
0.04,291193
0.04,289988
0.04,289433
0.04,285992
0.04,282947
0.04,279847
0.04,278640
0.04,270838
0.04,270157
0.04,269140
0.04,268459
0.04,263852
0.04,263779
0.04,263625
0.04,263188
0.04,262734
0.04,262097
0.04,261965
0.04,260646
0.04,259882
0.04,254129
0.04,252953
0.04,251161
0.04,250954
0.04,247524
0.04,247356
0.04,244207
0.04,242094
0.04,239953
0.04,238627
0.04,237596
0.04,237165
0.04,237152
0.04,235927
0.04,230505
0.04,230349
0.04,229915
0.04,227640
0.04,226132
0.04,224178
0.04,222800
0.04,220718
0.04,220171
0.04,218662
0.05,216516
0.05,216160
0.05,213740
0.05,207840
0.05,206905
0.05,205786
0.05,204691
0.05,204048
0.05,203275
0.05,202001
0.05,201661
0.05,199666
0.05,197586
0.05,194886
0.05,194575
0.05,193207
0.05,192831
0.05,192597
0.05,192280
0.05,191955
0.05,189328
0.05,182840
0.05,181339
0.05,181301
0.05,181006
0.05,180411
0.05,180388
0.05,179835
0.05,179493
0.05,179128
0.05,177147
0.05,175810
0.05,171608
0.05,171456
0.05,171163
0.05,170680
0.05,169706
0.05,169405
0.05,168091
0.05,166453
0.05,164965
0.06,163802
0.06,163617
0.06,163012
0.06,160367
0.06,159910
0.06,157245
0.06,155170
0.06,154963
0.06,154781
0.06,153014
0.06,150708
0.06,150131
0.06,149319
0.06,149282
0.06,148870
0.06,148423
0.06,146771
0.06,141217
0.06,141016
0.07,140467
0.07,139716
0.07,139175
0.07,138956
0.07,138394
0.07,138317
0.07,137463
0.07,135535
0.07,134080
0.07,133774
0.07,133092
0.07,132879
0.07,132653
0.07,131688
0.07,130847
0.07,130473
0.08,129167
0.08,128769
0.08,128734
0.08,128151
0.08,127214
0.08,127131
0.08,124002
0.08,123972
0.08,123111
0.08,122591
0.08,121898
0.08,120900
0.08,120874
0.09,120644
0.09,118347
0.09,117672
0.09,116848
0.09,116718
0.09,116641
0.09,116399
0.09,115554
0.10,115511
0.10,114309
0.10,113795
0.10,113713
0.10,112853
0.10,112791
0.10,112728
0.11,112041
0.12,110974
0.12,110799
0.14,110452
0.14,109826
0.15,108934
0.20,108854
0.20,108580
0.20,108489
0.20,107005
0.21,106112
0.21,105921
0.21,105601
0.22,105355
0.29,104473
0.31,104443
0.31,104429
0.37,104222
0.38,103903
1.89,103215
1.89,103180
1.90,103063
1.91,103063
3.71,102800
3.71,102773
3.72,102607
3.73,102593
9.34,102473
29.96,102414
29.97,102053
35.50,101659
35.51,101508
39.74,100988
136.77,100943
136.77,100943
224.45,100893
