0.00,599173
0.01,594997
0.01,591127
0.01,588944
0.01,578283
0.01,576742
0.01,561860
0.01,561533
0.01,554430
0.01,553308
0.01,549055
0.01,545978
0.01,539211
0.01,530237
0.01,529491
0.01,522859
0.01,518989
0.01,507131
0.01,494298
0.01,486822
0.01,484346
0.01,479575
0.01,473947
0.01,470320
0.01,468375
0.01,455600
0.02,452958
0.02,452189
0.02,450027
0.02,444691
0.02,432618
0.02,430174
0.02,426198
0.02,426140
0.02,425576
0.02,416029
0.02,414868
0.02,410687
0.02,410658
0.02,409437
0.02,409401
0.02,409197
0.02,406010
0.02,400262
0.02,396879
0.02,393945
0.02,381278
0.02,380585
0.02,376671
0.02,376115
0.02,374504
0.02,372209
0.02,366561
0.02,366056
0.02,355503
0.03,352028
0.03,349282
0.03,349189
0.03,349137
0.03,341153
0.03,340806
0.03,336543
0.03,333571
0.03,332547
0.03,332469
0.03,331289
0.03,322809
0.03,322615
0.03,322538
0.03,322454
0.03,321723
0.03,320156
0.03,319349
0.03,319002
0.03,318833
0.03,318152
0.03,316867
0.03,314332
0.03,313876
0.03,313054
0.03,306762
0.03,306706
0.03,306324
0.03,305194
0.04,302485
0.04,301888
0.04,300356
0.04,299270
0.04,293315
0.04,289572
0.04,288527
0.04,287958
0.04,287695
0.04,280356
0.04,278308
0.04,273431
0.04,270909
0.04,269516
0.04,269447
0.04,267400
0.04,266241
0.04,266210
0.04,260736
0.04,259278
0.04,255777
0.04,255450
0.04,254318
0.04,254048
0.04,253820
0.04,252315
0.04,251495
0.04,251236
0.04,250507
0.04,248293
0.04,247935
0.04,245262
0.04,244734
0.04,242849
0.04,242790
0.04,239623
0.04,237745
0.04,237660
0.04,234867
0.04,234019
0.04,230855
0.04,225681
0.04,222204
0.04,221911
0.04,221680
0.04,219580
0.04,216045
0.04,215444
0.05,214613
0.05,213486
0.05,213325
0.05,212751
0.05,211207
0.05,210796
0.05,210558
0.05,210215
0.05,208897
0.05,207252
0.05,206826
0.05,205750
0.05,205348
0.05,201885
0.05,201885
0.05,200466
0.05,200105
0.05,199975
0.05,199877
0.05,199803
0.05,199737
0.05,198923
0.05,198393
0.05,198148
0.05,195232
0.05,193301
0.05,191933
0.05,189427
0.05,186731
0.05,186673
0.05,186461
0.05,185189
0.05,181992
0.05,179246
0.05,179198
0.05,179097
0.05,178702
0.05,176629
0.05,175458
0.05,174649
0.05,174388
0.05,174315
0.05,172755
0.05,172681
0.06,172614
0.06,171505
0.06,171340
0.06,166602
0.06,165590
0.06,165332
0.06,163462
0.06,160523
0.06,160435
0.06,160381
0.06,160146
0.06,159389
0.06,158389
0.06,157347
0.06,155056
0.06,150852
0.06,150536
0.06,150263
0.06,150021
0.06,148739
0.06,148291
0.06,148187
0.06,147044
0.06,146724
0.06,144298
0.06,143763
0.07,143668
0.07,143282
0.07,143263
0.07,143068
0.07,142711
0.07,142688
0.07,142460
0.07,141323
0.07,139705
0.07,139594
0.07,139363
0.07,139165
0.07,138690
0.07,137729
0.07,137676
0.07,137041
0.07,133975
0.07,133677
0.07,132204
0.07,132202
0.07,129835
0.07,129321
0.08,129264
0.08,128993
0.08,128863
0.08,128751
0.08,128501
0.08,128346
0.08,126328
0.08,124918
0.08,124575
0.08,123871
0.08,123525
0.08,123259
0.09,122575
0.09,122118
0.09,121954
0.09,121288
0.09,121247
0.09,118974
0.09,118644
0.09,118135
0.09,118044
0.09,115343
0.09,115249
0.10,114272
0.10,113772
0.11,113009
0.11,112762
0.12,112621
0.12,112561
0.12,112352
0.13,110473
0.13,109132
0.15,108910
0.21,108841
0.21,108697
0.21,107808
0.23,105691
0.46,105488
0.46,105487
0.46,105036
0.47,103186
0.48,103150
3.28,103116
3.29,103004
3.30,102027
3.31,102013
5.27,101942
5.27,101942
5.27,101757
5.27,101355
61.73,101350
61.74,101255
168.45,101239
258.92,100840
258.92,100840
258.94,100749
538.47,100672
