0.06,7051449
0.06,7046614
0.06,7045995
0.06,7022721
0.06,7017586
0.06,6993683
0.06,6719976
0.07,6715486
0.07,6713159
0.07,6708131
0.07,6620310
0.07,6617370
0.07,6605386
0.07,6535290
0.07,6319675
0.07,6311822
0.07,6303305
0.07,6300471
0.07,6154776
0.07,6152282
0.07,6094991
0.07,6080260
0.07,6061460
0.07,6040427
0.07,5993180
0.07,5944623
0.08,5940830
0.08,5915646
0.08,5884978
0.08,5855123
0.08,5758268
0.08,5754791
0.08,5721929
0.08,5667570
0.08,5641734
0.08,5544954
0.08,5522344
0.08,5485921
0.08,5477394
0.08,5476688
0.08,5452572
0.08,5426134
0.08,5380791
0.08,5323939
0.08,5312646
0.08,5054003
0.08,4992302
0.08,4885658
0.08,4822948
0.08,4821724
0.08,4820693
0.08,4820046
0.08,4813798
0.08,4805389
0.08,4683648
0.08,4397301
0.08,4377504
0.08,4351914
0.08,4335709
0.08,4291355
0.08,4286414
0.08,4120172
0.08,4107548
0.08,4036375
0.08,3916843
0.08,3906646
0.08,3865657
0.08,3827615
0.08,3781703
0.08,3778386
0.08,3746771
0.08,3743106
0.09,3662136
0.09,3584926
0.09,3549532
0.09,3451416
0.09,3450803
0.09,3389034
0.09,3388123
0.09,3364002
0.09,3352634
0.09,3349874
0.09,3324087
0.09,3319424
0.09,3316717
0.09,3314832
0.09,3306931
0.09,3266214
0.09,3252340
0.09,3207346
0.09,3190125
0.09,3180374
0.09,3166651
0.09,3139062
0.09,3126385
0.09,3125994
0.09,3121052
0.09,3118623
0.09,3113975
0.09,3075371
0.09,3055316
0.09,3054806
0.09,2955827
0.09,2954360
0.09,2945219
0.09,2930549
0.09,2930504
0.09,2914473
0.09,2666527
0.09,2478739
0.09,2461470
0.09,2450515
0.09,2446714
0.09,2443009
0.09,2439259
0.09,2435001
0.09,2425352
0.09,2422323
0.09,2363779
0.09,2356201
0.09,2352032
0.10,2344187
0.10,2336182
0.10,2331919
0.10,2309705
0.10,2309511
0.10,2306650
0.10,2302853
0.10,2255254
0.10,2240291
0.10,2235992
0.10,2225520
0.10,2198606
0.10,2181471
0.10,2179578
0.10,2177112
0.10,2152985
0.10,2102935
0.10,2095785
0.10,2091590
0.10,2090188
0.11,2078667
0.11,2060838
0.11,2041083
0.11,2031292
0.11,2028218
0.11,2024890
0.12,2023180
0.12,2020584
0.12,2007199
0.12,1998971
0.12,1997797
0.12,1980305
0.12,1953727
0.13,1950964
0.13,1938614
0.13,1938424
0.13,1938346
0.13,1936863
0.13,1935009
0.13,1930927
0.13,1928777
0.15,1913198
0.15,1906178
0.15,1902004
0.15,1893384
0.15,1889893
0.15,1888199
0.15,1878324
0.15,1854039
0.15,1842822
0.15,1833458
0.34,1821246
0.34,1812862
0.34,1808494
0.34,1807480
0.34,1807199
0.36,1797141
0.36,1797139
0.36,1788318
0.36,1775201
0.40,1773350
0.41,1758935
0.41,1739668
0.48,1735418
0.83,1714240
1.10,1703346
1.10,1699460
1.39,1694472
1.39,1682681
1.39,1677770
1.39,1671148
1.39,1658379
1.39,1652762
2.28,1651027
2.28,1631542
2.28,1623454
2.28,1619133
2.46,1613423
2.47,1612804
2.50,1609538
2.51,1608680
2.53,1600653
2.53,1599727
2.53,1597016
2.54,1596923
2.54,1595871
2.54,1595342
2.88,1589262
3.10,1585919
3.11,1585433
3.11,1581625
3.31,1577094
3.31,1574456
3.31,1573224
3.31,1568706
3.95,1568223
3.95,1566261
4.05,1565829
4.40,1564308
4.40,1561389
5.28,1559516
5.49,1559360
5.52,1558480
5.54,1556292
5.55,1556292
5.55,1555060
6.10,1555060
