0.06,7621073
0.07,7611346
0.07,7537930
0.07,7486374
0.07,7332693
0.07,7325912
0.07,7245828
0.07,7074590
0.07,7061163
0.07,7002211
0.07,6802139
0.07,6778370
0.07,6716868
0.07,6694166
0.07,6593340
0.07,6510661
0.07,6269868
0.07,6260311
0.08,6241754
0.08,6239185
0.08,6177760
0.08,6118091
0.08,6110098
0.08,5820585
0.08,5749676
0.08,5709020
0.08,5604293
0.08,5600933
0.08,5523789
0.08,5512790
0.08,5497158
0.08,5392841
0.08,5387167
0.08,5376083
0.08,5321794
0.08,5305769
0.08,5289875
0.08,5282625
0.08,5265315
0.08,5263102
0.08,5178176
0.08,5137995
0.08,5114374
0.09,5036250
0.09,5027162
0.09,4967951
0.09,4889018
0.09,4833931
0.09,4828404
0.09,4828197
0.09,4798606
0.09,4761059
0.09,4628768
0.09,4598728
0.09,4596792
0.09,4519324
0.09,4412405
0.09,4321881
0.09,4277959
0.09,4190636
0.09,4158639
0.09,4155893
0.09,4140342
0.09,4139880
0.09,4120035
0.09,4098931
0.09,4054803
0.09,4052429
0.09,4030337
0.09,3981013
0.09,3972517
0.09,3960835
0.09,3865494
0.10,3816630
0.10,3791392
0.10,3756593
0.10,3753205
0.10,3739403
0.10,3736760
0.10,3728586
0.10,3710446
0.10,3708859
0.10,3673775
0.10,3643169
0.10,3625220
0.10,3617408
0.10,3608440
0.10,3559164
0.10,3558306
0.10,3554750
0.10,3544566
0.10,3542840
0.10,3536667
0.10,3521276
0.10,3354391
0.10,3349831
0.10,3329516
0.10,3315174
0.10,3312274
0.10,3290739
0.10,3285005
0.10,3254031
0.10,3245534
0.10,3230372
0.10,3210917
0.10,3196290
0.10,3193067
0.10,3162409
0.10,3130881
0.10,3118099
0.10,3114348
0.10,3096122
0.10,3041152
0.10,3032206
0.10,3027131
0.10,3019753
0.10,2997656
0.10,2995538
0.10,2983423
0.10,2857120
0.10,2731923
0.10,2705474
0.10,2672000
0.10,2650776
0.10,2637339
0.10,2622423
0.10,2601209
0.11,2589818
0.11,2586567
0.11,2585044
0.11,2529935
0.11,2516499
0.11,2511191
0.11,2509751
0.11,2476838
0.11,2447629
0.11,2428361
0.11,2422059
0.11,2397356
0.11,2387661
0.11,2387160
0.11,2386781
0.11,2383763
0.11,2372788
0.11,2339309
0.11,2312969
0.11,2294732
0.11,2291735
0.11,2284322
0.11,2275447
0.11,2270498
0.11,2270314
0.11,2252589
0.11,2245095
0.11,2239888
0.11,2234760
0.11,2221295
0.11,2220902
0.11,2195770
0.11,2182974
0.11,2103978
0.11,2097217
0.11,2045078
0.12,2037590
0.12,2026272
0.12,2010015
0.12,1988835
0.12,1985945
0.12,1957423
0.12,1955615
0.12,1948235
0.12,1923769
0.12,1911312
0.12,1901592
0.13,1882609
0.13,1864810
0.13,1853038
0.13,1843690
0.13,1836026
0.13,1816697
0.13,1816209
0.13,1806272
0.13,1806088
0.14,1789837
0.14,1787763
0.14,1787572
0.14,1783196
0.14,1778428
0.37,1767344
0.77,1763667
1.08,1762102
1.08,1755999
1.08,1751329
1.08,1748241
1.08,1745048
1.08,1738992
1.08,1728977
1.16,1726389
1.16,1705193
1.16,1703014
1.37,1702744
1.50,1694420
1.50,1681779
1.70,1677282
1.70,1662326
1.70,1659325
1.70,1655231
1.88,1652388
1.88,1648701
1.88,1647444
2.15,1641515
2.16,1635740
2.16,1635201
2.16,1635054
2.18,1629176
2.18,1629153
2.18,1623149
2.18,1618624
2.19,1613257
2.19,1611849
2.19,1608718
2.75,1597577
2.77,1596795
3.00,1593580
3.00,1592173
3.12,1591720
3.15,1589279
3.15,1587422
3.41,1587355
3.41,1581987
4.21,1581323
4.21,1581242
4.21,1579404
4.22,1574865
4.22,1573562
4.27,1571651
4.27,1569217
4.53,1564164
4.53,1559456
4.53,1559111
4.53,1558248
4.53,1558248
5.35,1558105
5.49,1557523
5.49,1555923
5.82,1555702
5.90,1555060
