0.00,7708869
0.01,7708099
0.01,7689786
0.01,7591240
0.01,7576374
0.01,7575145
0.01,7476568
0.01,7418503
0.01,7417099
0.01,7172963
0.01,7029191
0.01,6988296
0.01,6962157
0.01,6937802
0.01,6932808
0.01,6899036
0.01,6817046
0.01,6555464
0.01,6536027
0.01,6479604
0.01,6473257
0.01,6470658
0.01,6305728
0.01,6224499
0.01,6208850
0.01,5967320
0.01,5960567
0.01,5959205
0.01,5797418
0.01,5779310
0.01,5778492
0.01,5697238
0.01,5694349
0.01,5662918
0.01,5559298
0.01,5524210
0.01,5514111
0.01,5480407
0.01,5460646
0.01,5405036
0.01,5399063
0.01,5348744
0.01,5340565
0.01,5144444
0.01,5078928
0.01,5078249
0.01,5011126
0.01,5010144
0.02,5002509
0.02,4972931
0.02,4934717
0.02,4918481
0.02,4906317
0.02,4906135
0.02,4871623
0.02,4855347
0.02,4843196
0.02,4832104
0.02,4811574
0.02,4798590
0.02,4766628
0.02,4761716
0.02,4761577
0.02,4756572
0.02,4656920
0.02,4651443
0.02,4646999
0.02,4615700
0.02,4610645
0.02,4608034
0.02,4605158
0.02,4582894
0.02,4574586
0.02,4470476
0.02,4406535
0.02,4352565
0.02,4342294
0.02,4340492
0.02,4337884
0.02,4321901
0.02,4305739
0.02,4277495
0.02,4249434
0.02,4239406
0.02,4192107
0.02,4189786
0.02,4188424
0.02,4187625
0.02,4175852
0.02,4111874
0.02,4023895
0.02,4022415
0.02,4021991
0.02,3923816
0.03,3835064
0.03,3834550
0.03,3810917
0.03,3810077
0.03,3793971
0.03,3704719
0.03,3702076
0.03,3648104
0.03,3641828
0.03,3634928
0.03,3629338
0.03,3588641
0.03,3576007
0.03,3572230
0.03,3529483
0.03,3520573
0.03,3513343
0.03,3508298
0.03,3490593
0.03,3475570
0.03,3473234
0.03,3390169
0.03,3386750
0.03,3332822
0.03,3320331
0.03,3286158
0.03,3240254
0.03,3196813
0.03,3195771
0.03,3116465
0.03,3116224
0.03,3084261
0.03,3069041
0.03,3050547
0.03,3044411
0.03,3038546
0.03,3034727
0.03,3033914
0.03,3010209
0.03,3009957
0.03,2989083
0.03,2987988
0.03,2931929
0.03,2928289
0.03,2918589
0.03,2915984
0.03,2903349
0.03,2897936
0.03,2890267
0.03,2873492
0.03,2859264
0.03,2826711
0.03,2810881
0.03,2790890
0.03,2786476
0.03,2739557
0.03,2719372
0.03,2699751
0.03,2692639
0.03,2691845
0.03,2685579
0.03,2677902
0.03,2672093
0.03,2656245
0.03,2656094
0.03,2634077
0.03,2616958
0.03,2616441
0.03,2615829
0.03,2614976
0.03,2598843
0.04,2597639
0.04,2588717
0.04,2565061
0.04,2563056
0.04,2543879
0.04,2536905
0.04,2525479
0.04,2463258
0.04,2424651
0.04,2418314
0.04,2408352
0.04,2397213
0.04,2342069
0.04,2341143
0.04,2317797
0.04,2292727
0.04,2285471
0.04,2259612
0.04,2243798
0.04,2243335
0.04,2228905
0.04,2221029
0.04,2185984
0.04,2183428
0.04,2177723
0.04,2150210
0.04,2146372
0.04,2145188
0.05,2131296
0.05,2118507
0.05,2112447
0.05,2111998
0.05,2102537
0.05,2099910
0.05,2097477
0.05,2094980
0.05,2093700
0.05,2092094
0.05,2090115
0.05,2086401
0.05,2052810
0.05,2052415
0.05,2052075
0.05,2037836
0.05,2037322
0.05,2019720
0.05,2018356
0.05,2010396
0.05,2004698
0.05,1882882
0.06,1878610
0.06,1876046
0.06,1862651
0.06,1849616
0.06,1832662
0.06,1822634
0.06,1784499
0.06,1767803
0.06,1766355
0.06,1756766
0.06,1716320
0.07,1716081
0.07,1714106
0.07,1711945
0.07,1694546
0.07,1693055
0.07,1667239
0.07,1663919
0.08,1660323
0.08,1654332
0.08,1632275
0.09,1622345
0.21,1607924
0.21,1606735
0.22,1599096
0.22,1595232
0.23,1595232
0.77,1593731
1.87,1591804
1.88,1585813
2.20,1574731
3.29,1567947
4.00,1558107
155.57,1555060
