0.00,7749662
0.01,7748646
0.01,7745970
0.01,7742390
0.01,7741690
0.01,7641141
0.01,7602616
0.01,7586426
0.01,7405870
0.01,7332453
0.01,7306233
0.01,7276686
0.01,7232363
0.01,7199890
0.01,7147828
0.01,7101061
0.01,7097146
0.01,7087241
0.01,7048356
0.01,6859185
0.01,6820567
0.01,6793334
0.01,6780695
0.01,6760834
0.01,6746411
0.01,6745038
0.01,6727514
0.01,6710769
0.01,6707335
0.01,6704899
0.01,6698642
0.01,6654133
0.01,6601739
0.01,6575003
0.01,6489192
0.01,6438617
0.01,6424165
0.01,6414258
0.01,6379174
0.01,6376126
0.01,6372682
0.01,6353467
0.01,6324055
0.01,6276005
0.01,6273807
0.01,6269389
0.01,5981821
0.01,5979725
0.01,5979667
0.01,5977706
0.01,5914406
0.01,5911848
0.01,5891472
0.02,5888961
0.02,5811091
0.02,5801359
0.02,5667636
0.02,5667133
0.02,5618410
0.02,5612544
0.02,5588231
0.02,5503726
0.02,5468528
0.02,5390299
0.02,5367075
0.02,5362945
0.02,5245121
0.02,5242305
0.02,5237152
0.02,5228486
0.02,5227186
0.02,5223144
0.02,5215825
0.02,5180293
0.02,5089663
0.02,5004903
0.02,4988564
0.02,4839796
0.02,4804503
0.02,4804404
0.02,4571716
0.02,4430957
0.02,4423916
0.02,4412916
0.02,4243943
0.02,4240957
0.02,4232447
0.02,4215468
0.02,4202070
0.02,4195368
0.02,4183904
0.02,4178138
0.02,4147246
0.02,4146447
0.02,4131135
0.02,4127658
0.02,4035021
0.02,4026093
0.02,3997452
0.02,3992579
0.02,3991278
0.02,3991013
0.02,3987467
0.02,3979774
0.02,3925205
0.02,3849570
0.03,3849141
0.03,3848727
0.03,3811685
0.03,3788982
0.03,3779076
0.03,3768979
0.03,3767674
0.03,3754919
0.03,3727051
0.03,3710372
0.03,3699533
0.03,3697294
0.03,3664816
0.03,3662508
0.03,3658514
0.03,3646031
0.03,3639866
0.03,3634186
0.03,3619702
0.03,3418686
0.03,3411444
0.03,3338915
0.03,3338149
0.03,3311434
0.03,3303112
0.03,3299001
0.03,3287628
0.03,3239574
0.03,3235020
0.03,3226175
0.03,3195804
0.03,3191603
0.03,3143417
0.03,3130635
0.03,3077953
0.03,3063712
0.03,3056267
0.03,2974293
0.03,2910084
0.03,2909273
0.03,2892439
0.03,2866922
0.03,2865061
0.03,2862445
0.03,2862343
0.03,2831625
0.03,2822212
0.03,2821541
0.03,2817202
0.03,2812219
0.03,2805503
0.04,2804104
0.04,2803124
0.04,2793964
0.04,2777627
0.04,2746757
0.04,2738998
0.04,2711288
0.04,2700932
0.04,2690406
0.04,2688330
0.04,2684067
0.04,2683084
0.04,2677689
0.04,2675372
0.04,2674055
0.04,2661030
0.04,2660814
0.04,2660080
0.04,2650867
0.04,2644044
0.04,2632454
0.04,2620351
0.04,2568349
0.04,2527665
0.04,2520409
0.04,2509048
0.04,2508594
0.04,2493156
0.04,2485422
0.04,2478065
0.04,2442082
0.04,2410649
0.04,2402854
0.04,2402345
0.04,2391347
0.04,2386967
0.05,2370508
0.05,2370398
0.05,2361293
0.05,2359503
0.05,2322958
0.05,2207887
0.05,2202741
0.05,2190650
0.05,2184929
0.05,2153317
0.05,2141051
0.05,2121908
0.05,2102644
0.05,2062019
0.05,2058220
0.05,2050963
0.05,2042467
0.05,2036668
0.05,2035919
0.05,2034002
0.05,2024365
0.05,2020115
0.05,2018182
0.05,2016406
0.05,1994398
0.05,1988496
0.05,1988496
0.05,1978953
0.05,1970110
0.05,1962703
0.05,1953290
0.06,1905561
0.06,1894375
0.06,1888312
0.06,1876374
0.06,1873168
0.06,1856174
0.06,1855533
0.06,1852654
0.06,1833281
0.06,1833248
0.06,1781093
0.07,1768441
0.07,1760649
0.07,1743536
0.07,1740977
0.07,1738292
0.07,1721766
0.08,1717143
0.09,1699488
0.12,1689129
0.13,1687212
0.16,1662408
0.16,1647737
0.17,1628768
0.17,1621612
0.30,1621477
0.30,1621196
0.30,1617454
0.30,1617318
0.31,1617127
0.31,1612559
0.31,1612111
0.42,1609611
0.79,1589352
0.79,1584645
0.79,1583502
1.28,1578675
1.29,1576981
3.32,1575027
3.33,1563707
3.33,1563065
13.17,1562703
14.16,1562563
14.19,1559516
22.55,1558248
40.66,1557618
50.34,1555060
