0.00,7490408
0.00,7445899
0.01,7435957
0.01,7433171
0.01,7420622
0.01,7361429
0.01,7347736
0.01,7338658
0.01,7337978
0.01,7187704
0.01,7016387
0.01,7012171
0.01,6989846
0.01,6963243
0.01,6934098
0.01,6896520
0.01,6864793
0.01,6816902
0.01,6806975
0.01,6712285
0.01,6711566
0.01,6575090
0.01,6527795
0.01,6525208
0.01,6397825
0.01,6307898
0.01,6306066
0.01,6239677
0.01,6238307
0.01,6228097
0.01,6189033
0.01,6173158
0.01,6070115
0.01,6064054
0.01,6061317
0.01,6018233
0.01,6011245
0.01,6010486
0.02,5981919
0.02,5972615
0.02,5938149
0.02,5749900
0.02,5735587
0.02,5687061
0.02,5678337
0.02,5676251
0.02,5668120
0.02,5649093
0.02,5632384
0.02,5626920
0.02,5620669
0.02,5591381
0.02,5558666
0.02,5555258
0.02,5544537
0.02,5508177
0.02,5447967
0.02,5391471
0.02,5386916
0.02,5299369
0.02,5297170
0.02,5255512
0.02,5201471
0.02,5162902
0.02,5146474
0.02,5113448
0.02,5108777
0.02,5062712
0.02,4984642
0.02,4895778
0.02,4888820
0.02,4875489
0.02,4850274
0.02,4839803
0.02,4740277
0.02,4705395
0.02,4670623
0.02,4466735
0.02,4447139
0.02,4432367
0.03,4220543
0.03,4160023
0.03,4151212
0.03,3980459
0.03,3953072
0.03,3935853
0.03,3925474
0.03,3919303
0.03,3904181
0.03,3900982
0.03,3900247
0.03,3896125
0.03,3819969
0.03,3803099
0.03,3781167
0.03,3767487
0.03,3758767
0.03,3750461
0.03,3738717
0.04,3738140
0.04,3671440
0.04,3669106
0.04,3662515
0.04,3625811
0.04,3606921
0.04,3563812
0.04,3466700
0.04,3440215
0.04,3414013
0.04,3410195
0.04,3406593
0.04,3403025
0.04,3397015
0.04,3393947
0.04,3386973
0.04,3385741
0.04,3279104
0.04,3276021
0.04,3275216
0.04,3240569
0.04,3223799
0.04,3196271
0.04,3141714
0.04,3112626
0.04,3102993
0.04,3067811
0.04,3020122
0.04,3010068
0.04,2990160
0.04,2981850
0.04,2972635
0.05,2972036
0.05,2935564
0.05,2931740
0.05,2813353
0.05,2648428
0.05,2631653
0.05,2616547
0.05,2602022
0.05,2602009
0.05,2538040
0.05,2512583
0.05,2512367
0.05,2505164
0.05,2502440
0.05,2498785
0.05,2489411
0.05,2469358
0.05,2433814
0.05,2429093
0.05,2426200
0.05,2421544
0.05,2392957
0.05,2383900
0.05,2379919
0.05,2337618
0.05,2320344
0.05,2256918
0.05,2249879
0.05,2248961
0.05,2225497
0.05,2218965
0.05,2214450
0.05,2211531
0.05,2201329
0.05,2160884
0.05,2139424
0.06,2129494
0.06,2124101
0.06,2123789
0.06,2123712
0.06,2123523
0.06,2120585
0.06,2106895
0.06,2093537
0.06,2071277
0.06,2065411
0.06,2045392
0.06,2039854
0.06,2014805
0.06,2005078
0.06,2004687
0.06,1986739
0.07,1985722
0.07,1982671
0.07,1977816
0.07,1965381
0.07,1964923
0.07,1964923
0.08,1964616
0.08,1959835
0.08,1954662
0.08,1932220
0.08,1898241
0.09,1891945
0.09,1885557
0.09,1871870
0.09,1871293
0.09,1861410
0.09,1841638
0.09,1748313
0.09,1733843
0.10,1729317
0.10,1719624
0.10,1719454
0.10,1705053
0.10,1703136
0.11,1697769
0.11,1697583
0.11,1692485
0.11,1666999
0.11,1666358
0.11,1665495
0.12,1665416
0.12,1665200
0.13,1654083
0.30,1643311
0.30,1629345
0.30,1619263
0.31,1610450
0.31,1602975
0.31,1572543
0.32,1567836
0.35,1567497
0.82,1563127
0.82,1561527
0.83,1560664
1.43,1558887
1.43,1558248
21.92,1558107
217.09,1555060
