0.00,7714419
0.00,7713443
0.01,7621053
0.01,7614076
0.01,7434190
0.01,7417364
0.01,7377435
0.01,7248652
0.01,7242651
0.01,7149782
0.01,7058514
0.01,7028010
0.01,7024711
0.01,7024243
0.01,6984213
0.01,6949485
0.01,6937170
0.01,6935828
0.01,6934537
0.01,6932564
0.01,6924515
0.01,6887866
0.01,6870870
0.01,6754193
0.01,6742640
0.01,6711770
0.01,6711230
0.01,6708019
0.01,6703771
0.01,6685177
0.01,6585163
0.01,6537076
0.01,6248655
0.01,6242303
0.01,6117859
0.01,6105247
0.01,6105218
0.01,6085428
0.01,5904002
0.01,5851892
0.01,5851687
0.01,5715352
0.01,5701715
0.01,5492310
0.01,5488535
0.01,5367463
0.01,5366789
0.01,5346185
0.01,5298752
0.01,5297448
0.01,5295494
0.01,5277690
0.01,5275972
0.01,5275873
0.02,5140979
0.02,5087638
0.02,5073005
0.02,4979358
0.02,4811969
0.02,4561444
0.02,4512106
0.02,4497411
0.02,4460354
0.02,4326307
0.02,4300075
0.02,4246766
0.02,4172058
0.02,4166614
0.02,4086901
0.02,4079848
0.02,4068987
0.02,4065473
0.02,4063519
0.02,4063519
0.02,4051262
0.02,4048385
0.02,4042605
0.02,4025313
0.02,4005278
0.02,3922249
0.02,3849708
0.02,3843346
0.02,3841761
0.02,3835224
0.02,3813744
0.02,3803950
0.03,3678623
0.03,3666595
0.03,3664805
0.03,3547592
0.03,3530986
0.03,3524118
0.03,3523163
0.03,3519578
0.03,3442042
0.03,3441518
0.03,3437142
0.03,3434758
0.03,3421551
0.03,3417275
0.03,3414754
0.03,3412123
0.03,3313961
0.03,3302254
0.03,3270384
0.03,3242726
0.03,3234068
0.03,3232664
0.03,3230216
0.03,3199803
0.03,3112294
0.03,3066010
0.03,3064511
0.03,3058328
0.03,3049464
0.03,3001392
0.03,2999070
0.03,2984035
0.03,2980095
0.03,2979915
0.03,2962842
0.03,2945749
0.03,2940056
0.03,2934271
0.03,2907858
0.03,2906579
0.03,2889733
0.03,2864942
0.03,2839634
0.03,2819734
0.03,2810588
0.03,2786862
0.03,2779866
0.04,2778768
0.04,2772777
0.04,2754698
0.04,2750421
0.04,2743658
0.04,2718154
0.04,2710190
0.04,2686762
0.04,2681767
0.04,2681035
0.04,2670590
0.04,2660498
0.04,2644572
0.04,2615141
0.04,2614539
0.04,2595617
0.04,2565548
0.04,2562966
0.04,2542351
0.04,2539269
0.04,2490065
0.04,2489322
0.04,2474897
0.04,2469579
0.04,2419066
0.04,2418675
0.04,2417731
0.04,2411880
0.04,2411596
0.04,2401925
0.04,2396799
0.04,2395339
0.04,2386295
0.04,2385336
0.04,2378071
0.05,2356320
0.05,2352823
0.05,2351591
0.05,2351460
0.05,2348599
0.05,2335617
0.05,2140135
0.05,2120362
0.05,2099352
0.05,2096321
0.05,2058310
0.05,2055862
0.05,2046407
0.05,1999646
0.05,1999646
0.05,1998863
0.05,1983013
0.05,1965886
0.05,1960032
0.05,1955413
0.06,1954543
0.06,1913347
0.06,1897003
0.06,1892319
0.06,1891861
0.06,1873517
0.06,1841307
0.06,1836782
0.06,1835177
0.06,1819851
0.06,1812653
0.06,1763064
0.07,1755015
0.07,1714879
0.07,1707055
0.08,1701949
0.08,1700214
0.09,1685746
0.11,1677198
0.11,1676784
0.11,1670702
0.11,1670560
0.11,1668553
0.11,1668427
0.11,1662836
0.11,1659691
0.11,1647754
0.12,1645221
0.12,1645221
0.12,1629765
0.12,1628712
0.13,1615230
0.16,1609566
0.19,1600191
0.19,1600191
0.19,1595665
0.62,1580738
0.62,1576030
3.54,1573181
5.53,1567072
5.95,1558107
19.11,1556977
19.11,1555060
