0.00,7667916
0.01,7639105
0.01,7638376
0.01,7603863
0.01,7487235
0.01,7484488
0.01,7481056
0.01,7312892
0.01,7227150
0.01,7173921
0.01,7076816
0.01,7069937
0.01,7052024
0.01,6996992
0.01,6854712
0.01,6836815
0.01,6780817
0.01,6679597
0.01,6675575
0.01,6661668
0.01,6660886
0.01,6629541
0.01,6579741
0.01,6573559
0.01,6542010
0.01,6527187
0.01,6515275
0.01,6472785
0.01,6448944
0.01,6443073
0.01,6435514
0.01,6420463
0.01,6378211
0.01,6362746
0.01,6316815
0.01,6224974
0.01,6224578
0.01,6166907
0.01,6164460
0.01,6139533
0.01,6119982
0.01,6104728
0.01,6094649
0.01,6073665
0.01,6072864
0.01,6017328
0.01,6010925
0.01,6006471
0.01,5933272
0.01,5898337
0.01,5842275
0.02,5822380
0.02,5784982
0.02,5726214
0.02,5720733
0.02,5626491
0.02,5614901
0.02,5514689
0.02,5513891
0.02,5396092
0.02,5386231
0.02,5370225
0.02,5369649
0.02,5367774
0.02,5364173
0.02,5344008
0.02,5342960
0.02,5232958
0.02,5187602
0.02,5164658
0.02,5126769
0.02,5117564
0.02,5026978
0.02,5024888
0.02,4832517
0.02,4830982
0.02,4828148
0.02,4646184
0.02,4556857
0.02,4513043
0.02,4512236
0.02,4490778
0.02,4453981
0.02,4416964
0.02,4374204
0.02,4305807
0.02,4293907
0.02,4288164
0.02,4287144
0.02,4284256
0.02,4274491
0.02,4273457
0.02,4252279
0.02,4241298
0.02,4199524
0.02,4193647
0.02,4166172
0.02,4111614
0.02,4111451
0.03,3933476
0.03,3928786
0.03,3910238
0.03,3904930
0.03,3867651
0.03,3858447
0.03,3774828
0.03,3774477
0.03,3732985
0.03,3731547
0.03,3717104
0.03,3712926
0.03,3685951
0.03,3671483
0.03,3666162
0.03,3663958
0.03,3606823
0.03,3597385
0.03,3581936
0.03,3576745
0.03,3525193
0.03,3517014
0.03,3464728
0.03,3452623
0.03,3410816
0.03,3406927
0.03,3401134
0.03,3388259
0.03,3322208
0.03,3291503
0.03,3283776
0.03,3273126
0.03,3177599
0.03,3175709
0.03,3105172
0.03,3101988
0.03,3101872
0.03,3056584
0.03,2970325
0.03,2946499
0.03,2900618
0.03,2895870
0.03,2884911
0.03,2820520
0.03,2794831
0.03,2755734
0.03,2754846
0.03,2748314
0.03,2699861
0.03,2678576
0.03,2677432
0.03,2671660
0.03,2667197
0.03,2664544
0.04,2616601
0.04,2591846
0.04,2583975
0.04,2573078
0.04,2558347
0.04,2542761
0.04,2517133
0.04,2512993
0.04,2512978
0.04,2501240
0.04,2499323
0.04,2498707
0.04,2419784
0.04,2415170
0.04,2414713
0.04,2410366
0.04,2388976
0.04,2387736
0.04,2379294
0.04,2341027
0.04,2336320
0.04,2323884
0.04,2303514
0.04,2276581
0.04,2273145
0.04,2256178
0.04,2242041
0.04,2237523
0.04,2193522
0.04,2178868
0.04,2161798
0.04,2155576
0.05,2150875
0.05,2129245
0.05,2114507
0.05,2082687
0.05,2073165
0.05,2069633
0.05,2062227
0.05,2060678
0.05,2052149
0.05,2030233
0.05,2022287
0.05,1996345
0.05,1973788
0.05,1958081
0.05,1935115
0.05,1905551
0.05,1853721
0.06,1848416
0.06,1823051
0.06,1818342
0.06,1793273
0.06,1776085
0.06,1774099
0.06,1729989
0.06,1721928
0.06,1697001
0.06,1694042
0.07,1684547
0.07,1677847
0.07,1667491
0.07,1664458
0.08,1655881
0.08,1653499
0.08,1596137
0.08,1588828
0.08,1586424
0.08,1585078
0.08,1580370
0.08,1577257
0.09,1571202
0.33,1560805
1.42,1559516
36.64,1557618
78.29,1555060
