0.06,7039304
0.06,6951100
0.06,6878707
0.06,6830850
0.06,6828925
0.06,6785362
0.06,6648061
0.07,6602268
0.07,6597335
0.07,6431136
0.07,6428411
0.07,6417579
0.07,6388750
0.07,6384534
0.07,6368113
0.07,6330728
0.07,6329568
0.07,6181347
0.07,6156315
0.07,6129944
0.07,5991468
0.07,5968200
0.08,5907884
0.08,5866461
0.08,5864049
0.08,5810991
0.08,5807458
0.08,5806386
0.08,5801633
0.08,5769779
0.08,5760904
0.08,5743311
0.08,5725620
0.08,5667073
0.08,5484911
0.08,5384436
0.08,5213845
0.08,5208689
0.08,4895518
0.08,4842093
0.08,4794678
0.08,4772604
0.08,4725587
0.08,4701855
0.08,4655369
0.08,4570552
0.08,4557052
0.08,4449330
0.08,4389649
0.08,4370782
0.08,4369139
0.08,4368851
0.08,4356546
0.08,4293843
0.08,4293712
0.08,4272879
0.08,4223160
0.08,4202931
0.08,4199852
0.08,4187803
0.08,4187571
0.08,4157211
0.08,4140278
0.08,4029078
0.08,4023587
0.08,4016951
0.08,3958290
0.09,3912492
0.09,3878395
0.09,3798894
0.09,3781775
0.09,3758396
0.09,3697946
0.09,3652776
0.09,3641958
0.09,3636386
0.09,3623430
0.09,3618073
0.09,3602845
0.09,3583554
0.09,3570610
0.09,3569225
0.09,3535020
0.09,3467827
0.09,3452298
0.09,3449915
0.09,3435349
0.09,3430465
0.09,3422976
0.09,3422325
0.09,3397118
0.09,3367955
0.09,3293596
0.09,3190811
0.09,3190464
0.09,3179455
0.09,3175448
0.09,3164646
0.09,3150739
0.09,3145119
0.09,3121604
0.09,3119087
0.09,3092714
0.09,3071832
0.09,3064831
0.09,3062693
0.09,3059652
0.09,3045282
0.09,3018038
0.09,3005400
0.09,2975848
0.09,2973321
0.09,2973139
0.09,2969024
0.09,2968983
0.09,2914097
0.10,2792268
0.10,2786540
0.10,2726118
0.10,2711946
0.10,2620509
0.10,2609598
0.10,2595710
0.10,2594613
0.10,2588398
0.10,2580282
0.10,2548193
0.10,2514863
0.10,2490400
0.10,2488354
0.10,2407604
0.10,2404006
0.10,2393048
0.10,2354690
0.10,2349323
0.10,2347837
0.10,2342050
0.10,2336195
0.10,2334206
0.10,2311517
0.10,2311115
0.10,2308324
0.10,2303827
0.10,2298447
0.10,2286431
0.10,2283841
0.10,2274443
0.11,2271691
0.11,2268079
0.11,2262772
0.11,2253982
0.11,2246815
0.11,2245952
0.11,2196396
0.11,2195782
0.11,2182577
0.11,2162130
0.11,2161781
0.11,2154011
0.11,2141995
0.11,2135211
0.11,2128562
0.11,2108211
0.12,2101219
0.12,2091028
0.12,2089968
0.12,2079562
0.12,2076923
0.12,2052044
0.12,2021359
0.12,1993196
0.12,1991658
0.13,1985219
0.13,1963064
0.13,1959767
0.14,1952932
0.14,1951826
0.14,1951694
0.14,1951495
0.14,1940741
0.14,1938430
0.15,1937362
0.15,1931386
0.15,1929537
0.15,1924666
0.15,1912133
0.15,1902888
0.16,1884727
0.19,1875256
0.19,1872678
0.19,1868346
0.19,1857195
0.23,1855950
0.23,1854718
0.23,1853847
0.23,1850796
0.23,1849196
0.23,1843048
0.23,1833635
0.23,1780428
0.23,1773577
0.23,1762854
0.63,1756157
0.63,1731115
0.94,1714190
0.94,1704071
0.94,1685910
0.94,1684447
2.01,1683680
2.02,1667907
2.37,1662792
2.37,1659055
2.37,1658378
2.37,1654009
2.37,1651606
2.40,1640322
2.40,1632623
2.65,1629116
2.65,1623277
2.65,1621677
2.66,1620270
2.88,1616382
2.91,1609573
2.91,1606547
2.91,1601046
2.91,1600851
2.91,1600635
2.96,1591421
2.99,1591255
3.07,1587277
3.07,1586981
3.38,1583597
3.38,1581725
3.38,1580050
3.39,1572387
3.39,1567471
4.87,1567426
4.89,1567407
4.90,1565258
4.90,1563341
5.05,1562579
5.18,1561278
5.18,1560046
6.97,1558748
7.01,1558248
7.12,1558107
7.19,1557443
7.19,1555060
