0.00,7727649
0.01,7428497
0.01,7421384
0.01,7289823
0.01,7238108
0.01,7222085
0.01,7039849
0.01,6852360
0.01,6804827
0.01,6762599
0.01,6736561
0.01,6406915
0.01,6305638
0.01,6286721
0.01,6173481
0.01,6171089
0.01,6122953
0.01,6122035
0.01,6083781
0.01,6065713
0.01,6028831
0.01,6017751
0.01,6000174
0.01,5943191
0.01,5905140
0.01,5893480
0.01,5889286
0.01,5881447
0.01,5819896
0.01,5777062
0.01,5745773
0.01,5732126
0.01,5731545
0.01,5643950
0.01,5609642
0.01,5597910
0.01,5584682
0.01,5503818
0.01,5503666
0.01,5496456
0.01,5410695
0.02,5408317
0.02,5400088
0.02,5346853
0.02,5290341
0.02,5283582
0.02,5279755
0.02,5250392
0.02,5218237
0.02,5159108
0.02,5120420
0.02,5074404
0.02,5061749
0.02,5056721
0.02,5034706
0.02,4984162
0.02,4939333
0.02,4884473
0.02,4855530
0.02,4843648
0.02,4838403
0.02,4780627
0.02,4724158
0.02,4718934
0.02,4718288
0.02,4668196
0.02,4615846
0.02,4612182
0.02,4611918
0.02,4577444
0.02,4571978
0.02,4494617
0.02,4474528
0.02,4460608
0.02,4453595
0.02,4340603
0.02,4335711
0.02,4311961
0.02,4279359
0.02,4233730
0.02,4224657
0.02,4211218
0.02,4209856
0.02,4147152
0.02,4138268
0.03,4132671
0.03,4129710
0.03,4119789
0.03,4079373
0.03,4077317
0.03,4072424
0.03,4063789
0.03,4021748
0.03,3985932
0.03,3980103
0.03,3932284
0.03,3925269
0.03,3887341
0.03,3880660
0.03,3749488
0.03,3638092
0.03,3602915
0.03,3591459
0.03,3591305
0.03,3576756
0.03,3570845
0.03,3569885
0.03,3569346
0.03,3566080
0.03,3558989
0.03,3552437
0.03,3539946
0.03,3525648
0.03,3449748
0.03,3448228
0.03,3447800
0.03,3410353
0.03,3384008
0.03,3379526
0.03,3372256
0.03,3334234
0.03,3295584
0.03,3279049
0.03,3277899
0.03,3275233
0.03,3273227
0.03,3260030
0.03,3245926
0.03,3241836
0.03,3233766
0.03,3231405
0.03,3225927
0.03,3205923
0.03,3191840
0.03,3173778
0.03,3164062
0.03,3159895
0.03,3139996
0.03,3117597
0.03,3098224
0.03,3094008
0.03,3078167
0.03,3075460
0.03,3066486
0.03,3034056
0.03,3031840
0.03,3024731
0.04,2960638
0.04,2926751
0.04,2912752
0.04,2899602
0.04,2880497
0.04,2878153
0.04,2877286
0.04,2874885
0.04,2761535
0.04,2705223
0.04,2696862
0.04,2685568
0.04,2683071
0.04,2609196
0.04,2555720
0.04,2504949
0.04,2473150
0.04,2455225
0.04,2451484
0.04,2433531
0.04,2424937
0.04,2404717
0.04,2401880
0.04,2395913
0.04,2392273
0.04,2373709
0.04,2369344
0.04,2315595
0.04,2295118
0.04,2287617
0.04,2284525
0.04,2274750
0.04,2210809
0.04,2207262
0.05,2182539
0.05,2175520
0.05,2169801
0.05,2169801
0.05,2099078
0.05,2098759
0.05,2094750
0.05,2090141
0.05,2089271
0.05,2072685
0.05,2069882
0.05,2066948
0.05,2063813
0.05,2044701
0.05,2006566
0.05,2000011
0.05,1999554
0.05,1987548
0.05,1974793
0.05,1951953
0.05,1920589
0.05,1916914
0.05,1904933
0.06,1893663
0.06,1883413
0.06,1870824
0.06,1869493
0.06,1863049
0.06,1861457
0.06,1861377
0.06,1858840
0.06,1856854
0.06,1851992
0.06,1847683
0.06,1817879
0.06,1813523
0.06,1802800
0.06,1799533
0.06,1735350
0.06,1727938
0.06,1705653
0.06,1703531
0.06,1695012
0.07,1694666
0.07,1693419
0.07,1657428
0.07,1656014
0.08,1653096
0.08,1637241
0.16,1625896
0.16,1623338
0.16,1620653
0.17,1612592
0.17,1608271
0.92,1601987
0.92,1599203
0.92,1599203
1.85,1597570
1.85,1588628
1.85,1575796
1.86,1573789
1.86,1567492
1.86,1567492
4.46,1563862
4.51,1561122
27.68,1558107
32.48,1557618
111.37,1555702
111.37,1555060
