0.00,7688498
0.01,7688154
0.01,7612351
0.01,7610845
0.01,7523684
0.01,7484715
0.01,7399263
0.01,7360508
0.01,7337503
0.01,7330700
0.01,7318897
0.01,7309330
0.01,7262597
0.01,7257701
0.01,7208074
0.01,7202634
0.01,7157717
0.01,7154450
0.01,7153649
0.01,6823514
0.01,6811391
0.01,6788697
0.01,6730153
0.01,6641965
0.01,6616329
0.01,6504318
0.01,6482085
0.01,6441372
0.01,6227016
0.01,6153528
0.01,6151695
0.01,6063305
0.01,5984612
0.01,5981573
0.01,5855376
0.01,5844781
0.01,5844522
0.01,5841955
0.01,5812214
0.01,5764169
0.01,5754362
0.01,5677566
0.01,5676786
0.01,5673546
0.01,5666620
0.01,5657740
0.01,5637974
0.01,5613248
0.01,5479259
0.01,5448836
0.01,5444085
0.02,5442052
0.02,5426636
0.02,5426539
0.02,5389210
0.02,5260487
0.02,5249194
0.02,5245199
0.02,5226629
0.02,5180965
0.02,5122205
0.02,5009471
0.02,5008056
0.02,4951184
0.02,4757033
0.02,4740426
0.02,4730919
0.02,4722350
0.02,4720702
0.02,4525126
0.02,4494310
0.02,4463669
0.02,4435352
0.02,4427781
0.02,4427487
0.02,4371037
0.02,4370553
0.02,4368939
0.02,4285199
0.02,4267590
0.02,4172164
0.02,4166790
0.02,4166194
0.02,4143666
0.02,4098220
0.02,4096041
0.02,4067105
0.02,4060311
0.02,3987634
0.02,3979852
0.02,3968143
0.02,3869662
0.02,3799414
0.02,3794853
0.02,3756067
0.02,3532165
0.02,3527099
0.02,3431191
0.02,3410860
0.02,3407990
0.03,3402142
0.03,3382252
0.03,3347334
0.03,3342359
0.03,3339146
0.03,3244447
0.03,3238427
0.03,3228268
0.03,3227750
0.03,3131598
0.03,3119369
0.03,3118360
0.03,3102708
0.03,3042910
0.03,3017570
0.03,2942700
0.03,2935282
0.03,2931641
0.03,2922528
0.03,2922288
0.03,2890954
0.03,2840522
0.03,2838262
0.03,2836090
0.03,2823375
0.03,2814823
0.03,2808047
0.03,2782921
0.03,2778406
0.03,2740284
0.03,2737799
0.03,2645001
0.03,2639600
0.03,2620416
0.03,2590678
0.03,2582781
0.03,2570068
0.03,2508399
0.03,2501531
0.03,2500946
0.03,2491268
0.03,2483638
0.03,2475683
0.03,2469457
0.03,2462688
0.03,2447650
0.03,2447220
0.03,2446734
0.03,2443465
0.03,2432968
0.03,2425221
0.03,2399315
0.03,2364621
0.03,2362670
0.03,2356216
0.03,2355259
0.03,2329143
0.03,2311312
0.04,2288187
0.04,2281326
0.04,2272323
0.04,2269852
0.04,2229636
0.04,2226076
0.04,2224973
0.04,2118856
0.04,2116729
0.04,2112662
0.04,2107514
0.04,2102068
0.04,2101677
0.04,2097296
0.04,2089343
0.04,2083401
0.04,2082650
0.04,1979445
0.04,1979205
0.04,1979129
0.04,1966912
0.05,1966050
0.05,1941326
0.05,1934975
0.05,1932916
0.05,1903177
0.05,1902432
0.05,1901011
0.05,1895905
0.05,1888703
0.05,1887527
0.05,1886309
0.05,1857757
0.05,1853559
0.05,1849696
0.05,1841927
0.05,1803743
0.05,1800958
0.05,1793744
0.05,1785894
0.05,1778432
0.05,1778238
0.05,1776088
0.05,1771661
0.05,1766160
0.06,1766160
0.06,1764377
0.06,1759754
0.06,1722868
0.06,1717312
0.06,1701986
0.07,1694955
0.07,1693220
0.07,1682888
0.07,1676591
0.07,1670531
0.08,1665874
0.08,1651407
0.08,1648303
0.09,1640479
0.18,1632592
0.18,1627418
0.19,1611622
0.19,1611174
0.19,1604018
0.20,1596876
0.20,1593816
0.21,1592279
0.37,1586774
0.41,1574629
0.42,1573987
0.43,1567977
0.77,1560046
23.77,1558107
27.27,1555060
