0.06,7985513
0.06,7897754
0.07,7883682
0.07,7816665
0.07,7765583
0.07,7674862
0.07,7673562
0.07,7672311
0.07,7672272
0.07,7626684
0.07,7542135
0.07,7345909
0.07,7328747
0.07,7167654
0.07,7155370
0.07,7155162
0.07,7138446
0.07,7116123
0.07,7094949
0.07,6786097
0.08,6757245
0.08,6743755
0.08,6674967
0.08,6605018
0.08,6518225
0.08,6369657
0.08,6361584
0.08,6341480
0.08,6280319
0.08,6278468
0.08,6261969
0.08,6187624
0.08,6179365
0.08,6172902
0.08,6158739
0.08,6140016
0.08,5901530
0.08,5763112
0.08,5651044
0.08,5609724
0.08,5412405
0.08,5403902
0.08,5379734
0.08,5324354
0.08,5245419
0.08,5186658
0.08,5067499
0.08,5066072
0.08,4998385
0.08,4972200
0.08,4916733
0.08,4915451
0.08,4820324
0.08,4795704
0.08,4766868
0.08,4751290
0.08,4747929
0.08,4613637
0.09,4609522
0.09,4593613
0.09,4566881
0.09,4510600
0.09,4504399
0.09,4501855
0.09,4500870
0.09,4458567
0.09,4453860
0.09,4308759
0.09,4294733
0.09,4260317
0.09,4250521
0.09,4249457
0.09,4235480
0.09,4215862
0.09,4178102
0.09,4140887
0.09,4010874
0.09,4006595
0.09,4005212
0.09,3967496
0.09,3771089
0.09,3739686
0.09,3735250
0.09,3715230
0.09,3714497
0.09,3694544
0.09,3678701
0.09,3638795
0.09,3617758
0.09,3566343
0.09,3552860
0.09,3548503
0.09,3548194
0.09,3543384
0.09,3543217
0.09,3518039
0.09,3500235
0.09,3499111
0.09,3475861
0.09,3468727
0.09,3459116
0.09,3456396
0.09,3439709
0.09,3417796
0.09,3413868
0.09,3401420
0.09,3379579
0.09,3366092
0.09,3341378
0.09,3281970
0.10,3274717
0.10,3274014
0.10,3253233
0.10,3235481
0.10,3233019
0.10,3219089
0.10,3149822
0.10,3140925
0.10,3120784
0.10,3087197
0.10,3083126
0.10,3078390
0.10,3067090
0.10,3015767
0.10,2943488
0.10,2939890
0.10,2926173
0.10,2903096
0.10,2901195
0.10,2896678
0.10,2896484
0.10,2885491
0.10,2883321
0.10,2879167
0.10,2860395
0.10,2854338
0.10,2843788
0.10,2842374
0.10,2811484
0.10,2806724
0.10,2788603
0.10,2651827
0.11,2646845
0.11,2601108
0.11,2567207
0.11,2560540
0.11,2374470
0.11,2341760
0.11,2337265
0.11,2336984
0.11,2321387
0.11,2295552
0.11,2291711
0.11,2290434
0.11,2288601
0.11,2278746
0.11,2271582
0.11,2264618
0.11,2264522
0.11,2258859
0.11,2255479
0.11,2254747
0.11,2252802
0.11,2245758
0.11,2237334
0.12,2197632
0.12,2179233
0.12,2130337
0.12,2115384
0.12,2096076
0.12,2065917
0.12,2054114
0.12,2026458
0.12,2022245
0.12,2017537
0.12,1986027
0.13,1983740
0.13,1980125
0.13,1969015
0.13,1966105
0.13,1923757
0.13,1911919
0.15,1907904
0.15,1904635
0.15,1893466
0.15,1884170
0.19,1879891
0.19,1864677
0.19,1843862
0.19,1843742
0.19,1838596
0.19,1837664
0.24,1834401
0.28,1832749
0.28,1823251
0.28,1823144
0.28,1817701
0.28,1808723
0.28,1806530
0.31,1797671
0.31,1793845
0.31,1792757
0.31,1791525
0.72,1786818
0.85,1769132
0.85,1765089
0.92,1760411
0.93,1752431
1.10,1749706
1.10,1748991
1.28,1741229
1.28,1731291
1.31,1729342
1.31,1719012
1.31,1713267
1.31,1712052
1.73,1709776
1.73,1708914
1.80,1707788
1.80,1700118
1.80,1699451
1.80,1698282
1.80,1691579
1.99,1690744
1.99,1689127
1.99,1687695
1.99,1686332
1.99,1685418
2.00,1677760
2.00,1675082
2.02,1674262
2.02,1662424
2.02,1661028
2.06,1659246
2.06,1653668
2.07,1642151
2.07,1634368
2.25,1630149
2.49,1629884
2.49,1629445
2.49,1627588
2.50,1627548
2.54,1625115
2.54,1624629
2.54,1618919
2.68,1613428
2.74,1609957
2.74,1605248
2.90,1595922
2.90,1594322
2.90,1592536
3.34,1583155
3.40,1582144
3.61,1579654
3.62,1575212
3.62,1572809
4.15,1565471
4.80,1562906
5.16,1560722
5.16,1560641
5.16,1558259
5.16,1557618
5.64,1557443
5.64,1555060
6.87,1555060
