0.06,7907998
0.07,7661787
0.07,7656380
0.07,7646245
0.07,7603009
0.07,7530289
0.07,7508923
0.07,7491129
0.07,7392218
0.07,7193252
0.07,7134990
0.07,7129996
0.07,7104286
0.07,7065167
0.07,7046698
0.07,7020429
0.07,7011059
0.07,6906118
0.07,6839746
0.07,6691687
0.07,6628981
0.07,6535031
0.07,6437059
0.08,6400420
0.08,6300411
0.08,6299936
0.08,6287477
0.08,6281891
0.08,6147706
0.08,6087048
0.08,5977739
0.08,5975072
0.08,5924581
0.08,5917737
0.08,5905209
0.08,5865752
0.08,5865436
0.08,5852062
0.08,5841561
0.08,5753935
0.08,5752414
0.08,5735252
0.08,5713446
0.09,5444973
0.09,5443575
0.09,5442589
0.09,5407739
0.09,5404805
0.09,5364773
0.09,5302755
0.09,5293845
0.09,5225962
0.09,5133101
0.09,5093099
0.09,5072453
0.09,5068062
0.09,4991606
0.09,4945943
0.09,4942697
0.09,4920320
0.09,4789807
0.09,4782118
0.09,4735472
0.09,4725954
0.09,4725783
0.09,4716677
0.09,4715682
0.09,4494760
0.09,4403106
0.09,4399602
0.09,4390016
0.09,4389634
0.09,4353379
0.09,4322741
0.09,4264649
0.09,4258892
0.10,4239707
0.10,4211574
0.10,4205508
0.10,4194302
0.10,4175942
0.10,4158799
0.10,4152079
0.10,4141719
0.10,4098048
0.10,4087282
0.10,4080611
0.10,4049445
0.10,4012861
0.10,3954590
0.10,3862528
0.10,3861219
0.10,3840875
0.10,3804818
0.10,3776723
0.10,3716163
0.10,3433284
0.10,3372570
0.10,3295007
0.10,3275849
0.10,3246649
0.10,3163822
0.10,3156957
0.10,3156876
0.10,3154835
0.10,3129453
0.10,3116034
0.10,3107806
0.10,3040721
0.10,2983422
0.10,2981707
0.10,2934004
0.10,2931202
0.10,2850824
0.10,2849652
0.10,2828395
0.10,2823433
0.10,2822746
0.10,2783227
0.10,2740365
0.10,2735513
0.10,2733616
0.10,2724212
0.10,2723014
0.10,2709360
0.10,2709065
0.10,2705530
0.10,2688107
0.11,2674805
0.11,2672890
0.11,2670379
0.11,2670379
0.11,2634914
0.11,2587261
0.11,2563148
0.11,2562855
0.11,2548165
0.11,2534345
0.11,2479972
0.11,2454907
0.11,2437645
0.11,2434965
0.11,2427441
0.11,2406261
0.11,2401116
0.11,2372602
0.11,2312278
0.11,2311938
0.11,2302249
0.11,2280775
0.11,2279768
0.11,2255370
0.11,2242666
0.11,2239895
0.11,2239039
0.12,2232814
0.12,2232003
0.12,2226790
0.12,2222030
0.12,2201684
0.12,2183038
0.12,2161788
0.12,2156028
0.12,2124526
0.12,2086390
0.12,2039798
0.12,2038932
0.12,2003224
0.13,1991638
0.13,1977381
0.13,1948911
0.13,1948693
0.14,1935269
0.14,1930673
0.14,1921104
0.16,1920576
0.16,1920169
0.16,1913791
0.16,1913757
0.20,1910566
0.20,1906818
0.20,1905910
0.20,1902506
0.20,1902130
0.20,1893834
0.20,1891947
0.21,1879746
0.21,1869192
0.21,1854071
0.24,1852595
0.24,1838252
0.24,1836739
0.24,1835342
0.24,1828804
0.24,1817100
0.24,1815892
0.24,1809909
0.38,1806144
0.44,1804870
0.44,1802414
0.44,1796959
0.44,1789833
0.44,1780466
0.45,1772949
0.45,1755237
0.45,1733479
0.69,1724598
0.69,1722928
0.69,1722628
0.69,1722413
0.69,1713944
0.69,1712458
0.69,1712074
1.20,1708568
1.20,1699847
1.20,1686249
1.23,1681934
1.23,1676974
1.23,1670881
1.23,1669593
1.23,1667338
1.71,1664101
1.71,1662501
1.71,1652681
1.97,1652144
1.97,1648614
1.98,1628045
1.98,1627584
2.29,1624500
2.29,1623462
2.29,1619510
2.29,1618278
2.29,1616332
2.50,1610055
2.51,1609095
2.59,1605128
2.79,1603792
2.88,1603628
2.88,1597772
2.92,1596364
3.04,1587825
3.04,1586962
3.04,1581061
3.33,1581007
3.46,1580080
3.49,1575006
3.49,1571729
4.21,1566536
4.36,1565137
4.40,1563912
4.70,1562344
4.70,1561481
4.92,1561322
4.99,1560982
4.99,1560119
4.99,1559480
5.00,1559111
5.17,1558968
5.18,1558326
5.18,1555923
5.53,1555060
