0.00,7558256
0.01,7508270
0.01,7506876
0.01,7500792
0.01,7477986
0.01,7438182
0.01,7390876
0.01,7369238
0.01,7365361
0.01,7333227
0.01,7262434
0.01,7241813
0.01,7092257
0.01,7023961
0.01,6978415
0.01,6963009
0.01,6920278
0.01,6890621
0.01,6702170
0.01,6675214
0.01,6672933
0.01,6605098
0.01,6404371
0.01,6390691
0.01,6333552
0.01,6294329
0.01,6219206
0.01,6109718
0.01,6109147
0.01,6103145
0.01,6064124
0.01,5873239
0.01,5863111
0.01,5801743
0.01,5777540
0.01,5751086
0.01,5745609
0.01,5737856
0.01,5612472
0.01,5596712
0.01,5594999
0.01,5546038
0.01,5513269
0.01,5475566
0.01,5300201
0.01,5289563
0.01,5260816
0.02,5148664
0.02,5127872
0.02,5119626
0.02,5117956
0.02,5036021
0.02,4928112
0.02,4898748
0.02,4893725
0.02,4882837
0.02,4876504
0.02,4819214
0.02,4803289
0.02,4436492
0.02,4407835
0.02,4403449
0.02,4383804
0.02,4369943
0.02,4312835
0.02,4294780
0.02,4263091
0.02,4248184
0.02,4239227
0.02,4220689
0.02,4180336
0.02,4176920
0.02,4137700
0.02,4125207
0.02,4124368
0.02,4108901
0.02,4099098
0.02,4036255
0.02,3901939
0.02,3861504
0.02,3859430
0.02,3847123
0.02,3840715
0.02,3778190
0.02,3770655
0.02,3770648
0.02,3757102
0.02,3742790
0.02,3723569
0.02,3637248
0.02,3615801
0.02,3573960
0.02,3561889
0.02,3559324
0.02,3510933
0.02,3501642
0.03,3440655
0.03,3438808
0.03,3246774
0.03,3225362
0.03,3214071
0.03,3200161
0.03,3185715
0.03,3154042
0.03,3126274
0.03,3076272
0.03,3054176
0.03,3044978
0.03,2970585
0.03,2953023
0.03,2941131
0.03,2940567
0.03,2938348
0.03,2846166
0.03,2837152
0.03,2836729
0.03,2830726
0.03,2827006
0.03,2800647
0.03,2791186
0.03,2778440
0.03,2766841
0.03,2723916
0.03,2662682
0.03,2647198
0.03,2551095
0.03,2505263
0.03,2504638
0.03,2504035
0.03,2502563
0.03,2485669
0.03,2485040
0.03,2402242
0.03,2397844
0.03,2389282
0.03,2373288
0.03,2338479
0.03,2330189
0.03,2313317
0.03,2275566
0.04,2212837
0.04,2202499
0.04,2191776
0.04,2186812
0.04,2167556
0.04,2145179
0.04,2133517
0.04,2129282
0.04,2127523
0.04,2123531
0.04,2093306
0.04,2091659
0.04,2091472
0.04,2089897
0.04,2077587
0.04,2057793
0.04,2043109
0.04,2039904
0.04,2037974
0.04,2037818
0.04,2037636
0.04,1987918
0.05,1986482
0.05,1981801
0.05,1970725
0.05,1950043
0.05,1948253
0.05,1940566
0.05,1934560
0.05,1933800
0.05,1930648
0.05,1915704
0.05,1878850
0.05,1872777
0.05,1863502
0.05,1859030
0.05,1846857
0.05,1846727
0.05,1842295
0.05,1825304
0.06,1803247
0.06,1739533
0.06,1738731
0.06,1686258
0.06,1683648
0.07,1675892
0.07,1656068
0.07,1655205
0.07,1650025
0.07,1649414
0.07,1648368
0.07,1638857
0.07,1635301
0.08,1633314
0.08,1630911
0.08,1611989
0.08,1608107
0.08,1607761
0.37,1607016
0.37,1597860
0.46,1597832
0.49,1597832
0.58,1595934
0.58,1592374
0.74,1574106
0.75,1567420
0.75,1564501
3.78,1564133
3.78,1562216
3.79,1555060
