0.00,7749453
0.01,7749296
0.01,7731298
0.01,7677093
0.01,7669781
0.01,7571687
0.01,7417361
0.01,7398173
0.01,7228668
0.01,7228323
0.01,7076826
0.01,6920435
0.01,6908835
0.01,6891568
0.01,6871553
0.01,6793712
0.01,6785062
0.01,6750448
0.01,6736035
0.01,6569416
0.01,6561119
0.01,6550819
0.01,6471970
0.01,6183452
0.01,6151256
0.01,6067481
0.01,6004060
0.01,5984289
0.01,5951676
0.01,5906655
0.01,5876646
0.01,5790542
0.01,5787093
0.01,5730253
0.01,5719947
0.01,5598757
0.01,5597944
0.01,5499958
0.01,5497926
0.01,5448613
0.01,5447788
0.01,5427524
0.01,5406156
0.01,5313245
0.01,5246269
0.01,5176920
0.01,5167694
0.01,5145658
0.01,5136112
0.02,5113270
0.02,5108761
0.02,5056309
0.02,5052830
0.02,5051335
0.02,5027397
0.02,5024761
0.02,5005132
0.02,4954270
0.02,4795245
0.02,4666264
0.02,4657057
0.02,4640620
0.02,4639980
0.02,4631488
0.02,4582403
0.02,4580945
0.02,4568266
0.02,4517207
0.02,4510618
0.02,4510065
0.02,4479952
0.02,4452974
0.02,4420471
0.02,4407444
0.02,4391933
0.02,4345370
0.02,4325784
0.02,4317818
0.02,4297479
0.02,4275229
0.02,4220155
0.02,4214144
0.02,4151672
0.02,4143193
0.02,4134391
0.02,4131659
0.02,3999988
0.02,3950053
0.02,3948294
0.02,3884950
0.02,3884103
0.02,3879387
0.02,3760884
0.02,3673601
0.02,3662410
0.02,3646649
0.02,3583808
0.02,3577592
0.02,3576360
0.02,3572966
0.02,3505778
0.03,3502138
0.03,3390039
0.03,3376688
0.03,3362807
0.03,3327739
0.03,3313983
0.03,3312478
0.03,3311882
0.03,3307751
0.03,3301343
0.03,3295707
0.03,3270434
0.03,3251972
0.03,3249539
0.03,3221897
0.03,3132530
0.03,3120647
0.03,3120115
0.03,3059886
0.03,3054787
0.03,3046776
0.03,2974799
0.03,2973413
0.03,2949776
0.03,2900802
0.03,2875559
0.03,2866819
0.03,2858415
0.03,2852411
0.03,2841450
0.03,2795375
0.03,2792760
0.03,2790233
0.03,2781785
0.03,2763975
0.03,2756244
0.03,2756165
0.03,2755820
0.03,2747987
0.03,2703512
0.03,2656706
0.03,2649551
0.03,2646395
0.03,2592638
0.03,2586842
0.03,2582712
0.03,2566708
0.03,2530458
0.03,2520658
0.03,2516195
0.03,2510942
0.04,2470321
0.04,2450624
0.04,2432849
0.04,2429215
0.04,2424438
0.04,2338615
0.04,2329466
0.04,2325490
0.04,2323476
0.04,2308341
0.04,2286171
0.04,2259430
0.04,2243392
0.04,2216452
0.04,2178415
0.04,2173333
0.04,2171925
0.04,2169817
0.04,2168042
0.04,2161277
0.04,2160699
0.04,2150743
0.04,2146851
0.04,2146395
0.04,2141256
0.04,2102426
0.04,2025760
0.04,2020889
0.04,2017569
0.04,2017492
0.04,1989471
0.04,1975988
0.04,1974935
0.05,1973330
0.05,1969773
0.05,1935507
0.05,1927563
0.05,1926017
0.05,1889131
0.05,1874900
0.05,1844039
0.05,1815102
0.05,1812561
0.05,1793121
0.05,1785079
0.05,1781054
0.05,1780463
0.06,1774744
0.06,1762478
0.06,1751108
0.06,1701448
0.06,1685296
0.06,1674216
0.06,1674216
0.06,1673601
0.06,1665763
0.06,1658734
0.06,1656998
0.07,1649889
0.07,1635422
0.07,1632647
0.07,1627020
0.08,1623460
0.39,1620139
0.61,1619381
0.61,1618783
0.62,1615758
0.72,1615587
1.00,1613487
1.00,1613303
1.01,1612931
1.01,1612483
1.01,1607489
1.01,1602314
1.78,1589473
1.96,1576255
2.65,1575651
4.62,1569182
4.62,1567175
4.72,1565170
4.72,1563049
4.73,1562703
8.75,1560805
8.77,1560021
8.77,1560021
8.78,1557618
11.45,1555060
