0.00,7652589
0.01,7645450
0.01,7642162
0.01,7632889
0.01,7599724
0.01,7578041
0.01,7479495
0.01,7478204
0.01,7465302
0.01,7448742
0.01,7440853
0.01,7384816
0.01,7354798
0.01,7080447
0.01,6943673
0.01,6892149
0.01,6890589
0.01,6826302
0.01,6809162
0.01,6717416
0.01,6666214
0.01,6656510
0.01,6648628
0.01,6592431
0.01,6580104
0.01,6555557
0.01,6548510
0.01,6379788
0.01,6294762
0.01,6289095
0.01,6285628
0.01,6279942
0.01,6265755
0.01,6258975
0.01,6201738
0.01,6191811
0.01,6185199
0.01,6095453
0.01,6094084
0.01,6089628
0.01,6082229
0.01,6079224
0.01,6006476
0.01,6001483
0.01,5960794
0.01,5959565
0.01,5874810
0.01,5838200
0.01,5832331
0.01,5777190
0.01,5719341
0.01,5717807
0.01,5568380
0.01,5550626
0.01,5547532
0.01,5467099
0.01,5454351
0.01,5446302
0.01,5425239
0.01,5352374
0.01,5338436
0.02,5268615
0.02,5252071
0.02,5224249
0.02,5147712
0.02,5142779
0.02,5104075
0.02,5066385
0.02,5062912
0.02,5060510
0.02,5049219
0.02,5034541
0.02,5025161
0.02,5018896
0.02,4939930
0.02,4933322
0.02,4886956
0.02,4852728
0.02,4829256
0.02,4808890
0.02,4808664
0.02,4801650
0.02,4793214
0.02,4789949
0.02,4768428
0.02,4753719
0.02,4732444
0.02,4708052
0.02,4672991
0.02,4379706
0.02,4332153
0.02,4289740
0.02,4054596
0.02,4039369
0.02,4039238
0.02,4018086
0.02,4007715
0.02,3999442
0.02,3950763
0.02,3884263
0.02,3824050
0.02,3816781
0.02,3814491
0.02,3814395
0.02,3793196
0.02,3755446
0.02,3754297
0.02,3735665
0.02,3624414
0.02,3622622
0.02,3616705
0.02,3598330
0.02,3589182
0.02,3564887
0.03,3509897
0.03,3509027
0.03,3508278
0.03,3499717
0.03,3486328
0.03,3483352
0.03,3483200
0.03,3481173
0.03,3475276
0.03,3473162
0.03,3443707
0.03,3414771
0.03,3383496
0.03,3340088
0.03,3305244
0.03,3299737
0.03,3293363
0.03,3292981
0.03,3286148
0.03,3284100
0.03,3283242
0.03,3279986
0.03,3223174
0.03,3221081
0.03,3220423
0.03,3214919
0.03,3212143
0.03,3211457
0.03,3184334
0.03,3175094
0.03,3168353
0.03,3163472
0.03,3155460
0.03,3137596
0.03,3133363
0.03,3112160
0.03,3056784
0.03,2939932
0.03,2931972
0.03,2926567
0.03,2910421
0.03,2907877
0.03,2884924
0.03,2878650
0.03,2862847
0.03,2832130
0.03,2820724
0.03,2816419
0.03,2794866
0.03,2790498
0.03,2778469
0.03,2767963
0.03,2716660
0.04,2711107
0.04,2705050
0.04,2677992
0.04,2676078
0.04,2667739
0.04,2665603
0.04,2663356
0.04,2661608
0.04,2649913
0.04,2633020
0.04,2621730
0.04,2610918
0.04,2607259
0.04,2603627
0.04,2591840
0.04,2581861
0.04,2570821
0.04,2568496
0.04,2567376
0.04,2520038
0.04,2517094
0.04,2439909
0.04,2434612
0.04,2416357
0.04,2413137
0.04,2412825
0.04,2411932
0.04,2297807
0.04,2289115
0.04,2284127
0.04,2270199
0.04,2260638
0.04,2260121
0.04,2242008
0.04,2241792
0.04,2201299
0.05,2173284
0.05,2168056
0.05,2157724
0.05,2157082
0.05,2140961
0.05,2131828
0.05,2130438
0.05,2129162
0.05,2127603
0.05,2108681
0.05,2098845
0.05,1875276
0.05,1861647
0.05,1853518
0.05,1840692
0.05,1835420
0.05,1835226
0.05,1835145
0.05,1811396
0.05,1774680
0.05,1767871
0.05,1755126
0.05,1752271
0.05,1729170
0.05,1725055
0.05,1716959
0.05,1708439
0.06,1696410
0.06,1695638
0.06,1694854
0.06,1691267
0.07,1687628
0.07,1683701
0.08,1673387
0.08,1663457
0.19,1660094
0.20,1659812
0.22,1651074
0.22,1646625
0.23,1643356
0.23,1632396
0.23,1630491
0.24,1622851
0.24,1618988
0.31,1615975
0.34,1610497
0.34,1610023
0.34,1609764
0.34,1609070
0.34,1600709
0.34,1578950
0.34,1576943
0.34,1575890
0.34,1574156
0.34,1567470
0.35,1563021
4.10,1562563
10.21,1559516
28.02,1558248
28.17,1557618
116.97,1555060
