0.06,6699364
0.06,6699223
0.06,6685939
0.07,6649643
0.07,6593023
0.07,6344500
0.07,6154775
0.07,6101717
0.07,6081386
0.07,6004370
0.07,5983168
0.07,5964522
0.07,5961883
0.07,5909866
0.07,5904184
0.07,5795028
0.07,5794408
0.07,5620525
0.08,5592526
0.08,5529913
0.08,5523227
0.08,5481249
0.08,5479037
0.08,5392462
0.08,5289502
0.08,5283521
0.08,5281987
0.08,5281097
0.08,5280418
0.08,5246957
0.08,5235720
0.08,5143612
0.08,5072308
0.08,5012498
0.08,4993652
0.08,4975989
0.08,4937199
0.08,4921369
0.08,4915354
0.08,4851211
0.08,4838300
0.08,4838300
0.08,4838196
0.08,4742681
0.08,4678478
0.08,4641357
0.08,4546591
0.08,4530444
0.08,4486984
0.09,4406692
0.09,4401365
0.09,4401341
0.09,4397122
0.09,4303032
0.09,4276566
0.09,4242763
0.09,4146738
0.09,4110566
0.09,4105256
0.09,4096450
0.09,4065332
0.09,4054413
0.09,4046696
0.09,4028565
0.09,4016957
0.09,4016758
0.09,3956072
0.09,3936872
0.09,3833773
0.09,3796085
0.09,3787564
0.09,3786948
0.09,3771264
0.09,3768297
0.09,3696927
0.09,3640447
0.09,3639428
0.09,3607507
0.09,3570298
0.09,3569754
0.09,3508178
0.09,3486174
0.09,3485421
0.09,3468169
0.09,3449347
0.09,3422469
0.09,3385791
0.09,3371115
0.09,3369894
0.09,3361977
0.09,3334684
0.09,3282922
0.09,3273295
0.09,3235363
0.10,3033275
0.10,3002697
0.10,2995448
0.10,2992496
0.10,2992162
0.10,2987219
0.10,2979939
0.10,2967856
0.10,2964954
0.10,2955051
0.10,2955006
0.10,2941592
0.10,2927826
0.10,2912179
0.10,2891477
0.10,2890830
0.10,2881097
0.10,2867982
0.10,2867263
0.10,2860418
0.10,2847829
0.10,2838164
0.10,2819522
0.10,2811480
0.10,2746436
0.10,2746274
0.10,2740797
0.10,2740166
0.10,2733104
0.10,2730038
0.10,2555059
0.10,2554726
0.10,2545627
0.10,2525235
0.11,2501176
0.11,2462615
0.11,2455404
0.11,2437848
0.11,2430579
0.11,2415297
0.11,2407628
0.11,2403623
0.11,2401176
0.11,2400756
0.11,2391890
0.11,2391023
0.11,2379968
0.11,2367964
0.11,2360560
0.11,2356118
0.11,2346841
0.11,2298881
0.11,2287943
0.11,2286121
0.11,2266629
0.11,2245029
0.11,2229484
0.11,2223478
0.12,2189829
0.12,2189169
0.12,2185882
0.12,2174033
0.12,2172678
0.12,2165628
0.12,2162654
0.12,2129026
0.12,2123820
0.12,2120165
0.12,2075780
0.12,2073645
0.12,2073488
0.13,2057293
0.13,2051518
0.13,2042680
0.13,2039497
0.13,2038181
0.13,2015464
0.13,2010319
0.13,2005783
0.13,1984299
0.13,1982196
0.13,1979166
0.13,1977275
0.13,1965792
0.13,1961540
0.15,1938874
0.15,1934305
0.15,1929942
0.15,1923697
0.15,1914593
0.15,1905701
0.15,1904248
0.15,1900848
0.15,1895592
0.15,1885041
0.15,1876752
0.15,1861001
0.15,1850707
0.15,1849358
0.21,1837002
0.21,1825225
0.21,1818417
0.22,1805236
0.22,1802036
0.22,1801201
0.23,1800098
0.37,1788205
0.45,1783934
0.45,1781927
0.45,1772972
0.45,1757699
0.63,1751979
0.63,1751264
0.63,1750684
0.78,1749976
0.78,1745117
0.78,1744629
0.78,1738681
0.99,1737581
0.99,1733212
1.24,1727729
1.28,1712997
1.28,1711296
1.41,1709735
1.41,1709385
1.41,1707443
1.50,1702684
1.50,1698628
1.50,1695554
1.69,1695170
1.78,1689698
1.78,1671120
1.91,1663086
2.14,1663064
2.14,1657219
2.14,1655900
2.14,1653893
2.14,1648550
2.77,1647128
2.77,1646863
2.77,1646125
2.77,1646124
2.83,1645792
2.83,1639182
2.83,1635256
2.83,1629550
2.83,1625663
2.83,1624533
3.11,1623730
3.11,1623055
3.13,1617728
3.13,1612421
3.13,1611342
3.13,1606242
3.13,1606141
3.13,1606141
3.13,1594241
3.16,1591127
3.16,1589894
3.51,1589339
3.69,1587332
3.74,1578319
3.74,1577177
3.74,1576314
3.74,1570887
3.74,1566832
4.28,1565840
4.29,1561313
5.14,1560070
5.14,1559207
5.46,1558565
6.81,1557618
6.86,1555702
7.04,1555060
