0.06,7805939
0.06,7805347
0.06,7520230
0.06,7517154
0.06,7417810
0.06,7394269
0.06,7388214
0.06,7377979
0.06,7355020
0.06,7336310
0.06,7306923
0.07,7180589
0.07,7131321
0.07,7118369
0.07,7019503
0.07,6983362
0.07,6939367
0.07,6850642
0.07,6825831
0.07,6819652
0.07,6768079
0.07,6722036
0.07,6663567
0.07,6591872
0.07,6587872
0.07,6556577
0.07,6404718
0.07,6386823
0.07,6285670
0.07,6213612
0.07,6174052
0.08,6138571
0.08,6026215
0.08,5963380
0.08,5963055
0.08,5944735
0.08,5935303
0.08,5829563
0.08,5772883
0.08,5758767
0.08,5463480
0.08,5447514
0.08,5345860
0.08,5343935
0.08,5254187
0.08,5252888
0.08,5064291
0.08,5058705
0.08,5028538
0.08,4968951
0.08,4937659
0.08,4936053
0.08,4901949
0.08,4892884
0.08,4870631
0.08,4866505
0.08,4715870
0.08,4544744
0.08,4534690
0.08,4529786
0.08,4523375
0.08,4500611
0.08,4453406
0.08,4443977
0.08,4419418
0.08,4416287
0.08,4408788
0.08,4390396
0.08,4384156
0.08,4361806
0.08,4349356
0.08,4321949
0.08,4309738
0.08,4188831
0.08,4146163
0.08,4132576
0.08,4051036
0.08,3950700
0.08,3922221
0.08,3917878
0.08,3915345
0.09,3899867
0.09,3891137
0.09,3863976
0.09,3770866
0.09,3756439
0.09,3743724
0.09,3721588
0.09,3714016
0.09,3648320
0.09,3590295
0.09,3576554
0.09,3502810
0.09,3461097
0.09,3451157
0.09,3417347
0.09,3395774
0.09,3370012
0.09,3361708
0.09,3339506
0.09,3315762
0.09,3297522
0.09,3244132
0.09,3222570
0.09,3222452
0.09,3185357
0.09,3153949
0.09,3144321
0.09,3127527
0.09,3107563
0.09,3097114
0.09,3059251
0.09,3045862
0.09,3024205
0.09,2993878
0.09,2988775
0.09,2960963
0.09,2956570
0.09,2932570
0.09,2898041
0.09,2886417
0.09,2883441
0.09,2880187
0.09,2871565
0.09,2817965
0.09,2815686
0.09,2815595
0.09,2812079
0.09,2807569
0.09,2795729
0.09,2780996
0.10,2763001
0.10,2717625
0.10,2710400
0.10,2708751
0.10,2695447
0.10,2692664
0.10,2649770
0.10,2543803
0.10,2517463
0.10,2501323
0.10,2498864
0.10,2475298
0.10,2453218
0.10,2444824
0.10,2439157
0.10,2415742
0.10,2379193
0.10,2359157
0.10,2357030
0.10,2329580
0.10,2317771
0.10,2290823
0.10,2283290
0.10,2271557
0.10,2252246
0.10,2229373
0.10,2229248
0.10,2165534
0.10,2165257
0.10,2165096
0.10,2163123
0.11,2162132
0.11,2145009
0.11,2142558
0.11,2140908
0.11,2130974
0.11,2120076
0.11,2118888
0.11,2116586
0.11,2111796
0.12,2105928
0.12,2074929
0.12,2070272
0.12,2069353
0.12,2062111
0.12,2053174
0.12,2037207
0.12,2032404
0.12,2027338
0.12,2024377
0.12,2021454
0.12,2007467
0.12,1984284
0.12,1949675
0.12,1947760
0.12,1939863
0.12,1932780
0.13,1931892
0.13,1929495
0.13,1919475
0.13,1901475
0.13,1901438
0.14,1892764
0.14,1885389
0.14,1875976
0.14,1866406
0.15,1856363
0.17,1854956
0.17,1848721
0.17,1840127
0.17,1837390
0.17,1828948
0.17,1810026
0.17,1806495
0.26,1800717
0.45,1800138
0.45,1798640
0.45,1776994
0.45,1769938
0.46,1763985
0.46,1763216
0.46,1762641
0.46,1758484
0.79,1751275
0.79,1748105
0.79,1735939
0.79,1725004
0.79,1719914
0.98,1718933
0.98,1718807
0.98,1717114
1.04,1712098
1.04,1711879
1.04,1708943
1.04,1705181
1.04,1704039
1.04,1698365
1.36,1691300
1.36,1689378
1.36,1683762
1.36,1679074
1.36,1660817
1.77,1660811
1.77,1655787
1.86,1653075
1.86,1647227
1.86,1646514
1.86,1642093
1.86,1636339
2.08,1635300
2.30,1633354
2.31,1627421
2.32,1621746
2.43,1620199
2.43,1614042
2.43,1609517
2.61,1605870
2.61,1604081
2.61,1603465
2.61,1603381
2.61,1601832
2.70,1598217
2.70,1596131
2.94,1595910
2.94,1593483
2.95,1585642
2.95,1574322
2.95,1567167
3.12,1558209
3.12,1556934
5.35,1555702
5.41,1555060
