0.06,7844150
0.07,7828663
0.07,7713764
0.07,7643658
0.07,7602798
0.07,7585561
0.07,7541329
0.07,7458584
0.07,7449544
0.07,7109894
0.07,7039310
0.07,7011400
0.07,6913750
0.07,6736125
0.07,6725731
0.07,6718073
0.08,6716887
0.08,6701479
0.08,6683392
0.08,6678889
0.08,6674139
0.08,6638225
0.08,6598212
0.08,6597341
0.08,6423981
0.08,6361559
0.08,6297497
0.08,6268756
0.08,6249894
0.08,6232315
0.08,6223236
0.08,6169617
0.08,6116559
0.08,6011593
0.08,5961622
0.08,5919810
0.08,5907344
0.08,5880236
0.09,5792125
0.09,5786506
0.09,5739516
0.09,5677154
0.09,5638483
0.09,5612795
0.09,5569385
0.09,5540699
0.09,5493369
0.09,5392502
0.09,5281405
0.09,5236649
0.09,5133730
0.09,5105238
0.09,5104375
0.09,5103400
0.09,5099388
0.09,5086270
0.09,5081450
0.09,5041680
0.09,5004819
0.09,4973060
0.09,4898631
0.09,4811703
0.09,4810931
0.09,4789746
0.09,4758952
0.09,4757863
0.09,4720094
0.09,4690481
0.09,4681799
0.09,4611949
0.09,4605106
0.09,4561228
0.09,4558612
0.09,4414226
0.09,4409187
0.09,4371637
0.09,4347208
0.09,4327079
0.09,4140987
0.09,4133407
0.09,4048399
0.09,4039631
0.09,4023963
0.09,3944210
0.09,3939327
0.09,3899405
0.10,3802469
0.10,3787264
0.10,3785112
0.10,3784478
0.10,3762532
0.10,3729808
0.10,3729715
0.10,3727128
0.10,3726712
0.10,3625556
0.10,3579008
0.10,3568844
0.10,3555098
0.10,3549114
0.10,3548849
0.10,3544029
0.10,3540869
0.10,3531849
0.10,3528297
0.10,3527336
0.10,3493262
0.10,3492783
0.10,3484441
0.10,3484309
0.10,3464713
0.10,3450179
0.10,3427495
0.10,3386325
0.10,3232536
0.10,3215065
0.10,3149195
0.10,3148621
0.10,3147737
0.10,3134416
0.10,3132101
0.10,3020521
0.10,3009210
0.10,3006289
0.10,2999058
0.10,2995173
0.10,2947877
0.10,2945632
0.10,2939902
0.10,2938375
0.10,2919876
0.10,2918780
0.10,2908823
0.10,2858690
0.10,2845606
0.10,2836830
0.10,2822327
0.10,2784254
0.10,2779025
0.10,2734863
0.10,2730541
0.10,2714760
0.10,2694825
0.10,2684071
0.10,2674519
0.10,2660440
0.10,2638976
0.10,2637570
0.11,2631324
0.11,2593327
0.11,2550456
0.11,2539142
0.11,2507251
0.11,2493700
0.11,2479145
0.11,2438819
0.11,2428379
0.11,2396475
0.11,2367903
0.11,2363210
0.11,2347935
0.11,2344947
0.11,2342978
0.11,2335340
0.11,2327548
0.11,2321539
0.12,2304948
0.12,2298328
0.12,2297419
0.12,2290891
0.12,2279202
0.12,2267134
0.12,2266300
0.12,2234971
0.12,2225424
0.12,2204913
0.13,2195777
0.13,2195333
0.13,2172655
0.13,2164191
0.13,2158285
0.13,2156576
0.13,2150204
0.13,2146340
0.14,2141458
0.14,2109610
0.14,2090525
0.14,2085713
0.14,2078657
0.14,2078282
0.14,2073478
0.14,2069044
0.14,2065849
0.14,2052357
0.15,2049353
0.15,2032891
0.15,2027370
0.15,2022726
0.15,2020445
0.15,2018031
0.15,2012524
0.15,1995163
0.16,1986831
0.16,1959228
0.16,1925088
0.16,1910173
0.16,1903182
0.16,1875405
0.16,1874626
0.16,1873067
0.16,1857667
0.17,1856588
0.19,1853490
0.19,1852453
0.19,1846547
0.21,1837015
0.21,1818569
0.21,1811523
0.21,1803734
0.38,1792395
0.38,1791030
0.38,1786512
0.38,1777532
0.38,1767173
0.38,1766849
0.59,1761575
0.59,1751443
0.59,1749238
0.80,1740884
0.80,1718813
0.85,1717087
0.85,1711763
0.85,1694387
0.85,1689916
0.85,1677147
0.85,1674416
0.85,1674346
0.85,1662755
1.68,1659995
1.69,1658100
1.69,1655921
1.69,1648890
1.69,1641165
2.21,1636825
2.30,1636357
2.30,1634532
2.30,1632932
2.33,1630906
2.34,1628770
2.34,1624400
2.34,1624400
2.35,1620176
2.37,1617633
2.39,1613843
2.39,1613843
2.39,1608738
2.96,1602331
2.96,1598743
2.96,1596340
2.98,1596033
3.26,1595104
3.27,1593779
3.27,1593779
3.40,1585297
3.40,1583296
3.40,1582377
3.41,1579603
3.52,1576508
3.54,1575612
3.54,1573209
3.54,1570034
3.54,1568293
3.54,1565374
3.56,1565288
5.87,1564789
