0.06,7323893
0.07,7317935
0.07,7316252
0.07,7311321
0.07,7119387
0.07,7095847
0.07,7092712
0.07,7080236
0.07,7049539
0.07,6957387
0.07,6957335
0.07,6838478
0.07,6780440
0.07,6747442
0.07,6700057
0.07,6698299
0.07,6568738
0.07,6558568
0.07,6335871
0.07,6298098
0.08,6175363
0.08,6174820
0.08,6113399
0.08,6036424
0.08,6012467
0.08,5882090
0.08,5835542
0.08,5696009
0.08,5695909
0.08,5612708
0.08,5587854
0.08,5524113
0.08,5428538
0.08,5422836
0.08,5418630
0.08,5393972
0.08,5393052
0.08,5270540
0.08,5266744
0.08,5262379
0.08,5239593
0.08,5208389
0.08,5176786
0.08,5166717
0.08,5144835
0.08,5094805
0.08,4915267
0.08,4906145
0.09,4903814
0.09,4900115
0.09,4860549
0.09,4849999
0.09,4848220
0.09,4815464
0.09,4760960
0.09,4683089
0.09,4674789
0.09,4647447
0.09,4644333
0.09,4602811
0.09,4602811
0.09,4600560
0.09,4570005
0.09,4529027
0.09,4523739
0.09,4482182
0.09,4459078
0.09,4449304
0.09,4372420
0.09,4294036
0.09,4208291
0.09,4111468
0.09,4094446
0.09,4090536
0.09,4086751
0.09,4074340
0.09,4049326
0.09,4008368
0.09,3987130
0.09,3932878
0.09,3889985
0.09,3855399
0.09,3839688
0.09,3824268
0.09,3799437
0.09,3760364
0.10,3750136
0.10,3743688
0.10,3736554
0.10,3641025
0.10,3624858
0.10,3584943
0.10,3578052
0.10,3575008
0.10,3526274
0.10,3525595
0.10,3523529
0.10,3487866
0.10,3486590
0.10,3482755
0.10,3433079
0.10,3427615
0.10,3243551
0.10,3225222
0.10,3171525
0.10,3147814
0.10,3146599
0.10,3131567
0.10,3116666
0.10,3068639
0.10,3055244
0.10,3052000
0.10,3030546
0.10,3015683
0.10,3008186
0.10,3002039
0.10,2998543
0.10,2998040
0.10,2989683
0.10,2968896
0.10,2959105
0.10,2949039
0.10,2942457
0.10,2937057
0.10,2933267
0.10,2918874
0.10,2873258
0.10,2870370
0.10,2843646
0.10,2841600
0.10,2834299
0.11,2765690
0.11,2762450
0.11,2756813
0.11,2730479
0.11,2717411
0.11,2698336
0.11,2678735
0.11,2575263
0.11,2569995
0.11,2561928
0.11,2553640
0.11,2489458
0.11,2484973
0.11,2452309
0.11,2444979
0.11,2439867
0.11,2432711
0.11,2346639
0.11,2344988
0.11,2339458
0.11,2328908
0.11,2280186
0.11,2275980
0.11,2239427
0.11,2228153
0.11,2213368
0.12,2207945
0.12,2206106
0.12,2205323
0.12,2195654
0.12,2189503
0.12,2176802
0.12,2176520
0.12,2173902
0.12,2162142
0.12,2152251
0.12,2151894
0.12,2144281
0.12,2138452
0.12,2136107
0.12,2128484
0.12,2126118
0.12,2125861
0.12,2105370
0.12,2080982
0.12,2042311
0.13,2013740
0.13,2002172
0.13,2001370
0.13,1999956
0.13,1990663
0.13,1963829
0.13,1958357
0.13,1957071
0.13,1954304
0.13,1941645
0.13,1933958
0.14,1918388
0.14,1915596
0.14,1895342
0.15,1892331
0.15,1876613
0.15,1868455
0.15,1866046
0.18,1851461
0.18,1831900
0.18,1827755
0.18,1806346
0.31,1800511
0.41,1786348
0.47,1773212
0.47,1765418
0.47,1759963
0.47,1749633
0.47,1746511
0.47,1725722
0.47,1713667
1.23,1713560
1.28,1706483
1.28,1702747
1.28,1699675
1.30,1695576
1.30,1695230
1.30,1682698
1.30,1681098
1.46,1669931
1.46,1662939
1.61,1662016
1.61,1647642
1.61,1644011
1.61,1640287
1.61,1640228
1.61,1638668
1.61,1635680
1.85,1635567
1.85,1627153
1.90,1624811
1.90,1621946
1.90,1616964
2.02,1613003
2.02,1598058
2.54,1593156
2.70,1590363
2.72,1589345
3.27,1582372
3.27,1581488
3.55,1581334
3.55,1580347
3.55,1579014
3.55,1575151
3.55,1570045
3.56,1568414
3.57,1563423
4.11,1556934
4.57,1555702
5.27,1555060
