0.00,7705506
0.00,7682034
0.01,7551299
0.01,7539159
0.01,7538093
0.01,7465773
0.01,7434958
0.01,7426478
0.01,7330339
0.01,7287859
0.01,7275385
0.01,7194795
0.01,7091234
0.01,6925649
0.01,6921739
0.01,6867323
0.01,6857151
0.01,6850857
0.01,6849504
0.01,6847456
0.01,6795605
0.01,6688481
0.01,6494866
0.01,6452319
0.01,6259421
0.01,6256625
0.01,6239450
0.01,6228204
0.01,6116414
0.01,6108328
0.01,5983636
0.01,5947473
0.01,5945082
0.01,5847102
0.01,5839960
0.01,5836158
0.01,5791461
0.01,5758281
0.01,5683391
0.01,5650039
0.01,5636493
0.01,5591468
0.01,5555927
0.02,5538696
0.02,5521761
0.02,5513533
0.02,5487348
0.02,5470217
0.02,5455596
0.02,5433704
0.02,5413048
0.02,5322743
0.02,5322324
0.02,5322161
0.02,5223162
0.02,5215302
0.02,5213995
0.02,5202135
0.02,5164105
0.02,5162341
0.02,5117338
0.02,5114243
0.02,5110265
0.02,5086905
0.02,5059414
0.02,5059314
0.02,5052096
0.02,4993030
0.02,4981024
0.02,4953923
0.02,4910494
0.02,4905023
0.02,4886598
0.02,4797811
0.02,4794323
0.02,4771694
0.02,4748337
0.02,4595266
0.02,4565530
0.02,4512273
0.02,4370187
0.02,4356851
0.02,4353791
0.02,4341686
0.02,4323610
0.02,4309856
0.02,4242520
0.02,4219066
0.02,4124292
0.02,4093599
0.02,4085775
0.02,4085370
0.02,4084618
0.02,4046557
0.03,4046481
0.03,4020518
0.03,3951473
0.03,3906990
0.03,3893373
0.03,3872113
0.03,3842719
0.03,3818986
0.03,3815781
0.03,3798445
0.03,3798062
0.03,3790711
0.03,3790351
0.03,3789105
0.03,3753918
0.03,3747567
0.03,3718868
0.03,3698318
0.03,3688718
0.03,3637330
0.03,3538918
0.03,3535480
0.03,3535272
0.03,3451832
0.03,3445206
0.03,3435370
0.03,3432209
0.03,3402608
0.03,3400604
0.03,3398578
0.03,3356255
0.03,3354367
0.03,3309970
0.03,3129423
0.03,3121989
0.03,3118644
0.03,3009749
0.03,3006822
0.03,2968720
0.03,2966654
0.03,2950296
0.03,2938630
0.03,2924748
0.03,2914080
0.03,2906483
0.03,2850513
0.03,2842372
0.03,2835903
0.03,2811528
0.03,2788521
0.03,2780460
0.03,2753868
0.03,2735765
0.03,2726290
0.03,2709386
0.03,2620547
0.04,2617470
0.04,2606838
0.04,2593993
0.04,2583023
0.04,2579949
0.04,2556246
0.04,2540248
0.04,2538463
0.04,2520445
0.04,2517452
0.04,2508697
0.04,2490441
0.04,2447243
0.04,2433531
0.04,2424827
0.04,2423118
0.04,2408158
0.04,2398709
0.04,2389641
0.04,2374063
0.04,2371068
0.04,2359095
0.04,2323556
0.04,2320633
0.04,2319113
0.04,2287651
0.04,2257661
0.05,2253636
0.05,2245880
0.05,2232650
0.05,2227171
0.05,2213689
0.05,2209548
0.05,2203757
0.05,2191881
0.05,2186356
0.05,2148223
0.05,2128403
0.05,2127599
0.05,2106831
0.05,2105555
0.05,2066845
0.05,2019533
0.05,2011633
0.05,2011330
0.05,1979251
0.05,1971459
0.05,1925343
0.05,1909345
0.05,1901398
0.05,1900449
0.05,1899008
0.05,1876817
0.05,1875174
0.06,1872437
0.06,1870870
0.06,1867771
0.06,1865271
0.06,1849186
0.06,1842554
0.06,1836927
0.06,1836556
0.06,1832209
0.06,1829941
0.06,1820312
0.06,1819889
0.06,1777767
0.06,1773516
0.07,1770690
0.07,1770612
0.07,1755561
0.07,1751866
0.07,1751681
0.08,1751310
0.08,1749393
0.08,1737441
0.09,1720782
0.09,1690967
0.09,1687040
0.09,1685741
0.09,1685334
0.10,1679727
0.11,1669003
0.13,1667463
0.13,1666287
0.13,1666287
0.14,1664405
0.14,1660541
0.14,1644783
0.14,1643420
0.14,1640536
0.15,1618924
0.19,1613056
0.20,1610002
0.20,1603316
0.20,1600160
0.40,1579498
0.61,1570888
0.61,1570249
2.06,1569217
2.06,1564510
16.26,1561449
16.27,1559532
21.91,1559516
26.95,1559516
83.42,1557618
90.31,1555060
