0.06,7051294
0.07,6931271
0.07,6752401
0.07,6616724
0.07,6525199
0.07,6469969
0.07,6466508
0.07,6378515
0.07,6366734
0.07,6363378
0.07,6304939
0.07,6301317
0.07,6288163
0.07,6205397
0.07,6202492
0.07,6185440
0.07,6067660
0.07,6018415
0.07,5918075
0.07,5857281
0.08,5795117
0.08,5793865
0.08,5729586
0.08,5724156
0.08,5638146
0.08,5632581
0.08,5629041
0.08,5616427
0.08,5604693
0.08,5502815
0.08,5462750
0.08,5451709
0.08,5392929
0.08,5370913
0.08,5117521
0.08,4967841
0.08,4816064
0.08,4810089
0.08,4797419
0.08,4783611
0.08,4765438
0.08,4740295
0.08,4732927
0.08,4702605
0.08,4691532
0.08,4647235
0.08,4634060
0.08,4626929
0.09,4602668
0.09,4490208
0.09,4464689
0.09,4433536
0.09,4433335
0.09,4431833
0.09,4309396
0.09,4237791
0.09,4096526
0.09,4090349
0.09,4085651
0.09,3966003
0.09,3948662
0.09,3928240
0.09,3926761
0.09,3916409
0.09,3910536
0.09,3903560
0.09,3895728
0.09,3893463
0.09,3824100
0.09,3813297
0.09,3797688
0.09,3733012
0.09,3574534
0.09,3568338
0.09,3528867
0.09,3518402
0.09,3515404
0.09,3503933
0.09,3499620
0.09,3484762
0.09,3473376
0.09,3418389
0.09,3417569
0.09,3376814
0.09,3373701
0.09,3357489
0.09,3354948
0.09,3314242
0.09,3305710
0.09,3304889
0.09,3190478
0.09,3189668
0.10,3177415
0.10,3172027
0.10,3129679
0.10,3116278
0.10,3110888
0.10,3077481
0.10,3039722
0.10,3034302
0.10,3020123
0.10,3000814
0.10,2985056
0.10,2912527
0.10,2907745
0.10,2867193
0.10,2850021
0.10,2799745
0.10,2768532
0.10,2747075
0.10,2737163
0.10,2731225
0.10,2720838
0.10,2696523
0.10,2669865
0.10,2620506
0.10,2609017
0.10,2589154
0.10,2567818
0.10,2564455
0.10,2548218
0.10,2545519
0.10,2545372
0.10,2519017
0.10,2509007
0.10,2441699
0.10,2440485
0.10,2434487
0.10,2426943
0.10,2421903
0.10,2409121
0.10,2400868
0.10,2358978
0.10,2358978
0.10,2346874
0.10,2333786
0.11,2306905
0.11,2304903
0.11,2264762
0.11,2262989
0.11,2242058
0.11,2219982
0.11,2215132
0.11,2214609
0.11,2207492
0.11,2178820
0.11,2171659
0.11,2164062
0.11,2157320
0.12,2157081
0.12,2136725
0.12,2104352
0.13,2102623
0.13,2102375
0.13,2102180
0.13,2101307
0.13,2047678
0.13,2019511
0.13,2002557
0.13,1991824
0.13,1987107
0.13,1985922
0.13,1985618
0.14,1958214
0.14,1948459
0.15,1944852
0.15,1938518
0.15,1922864
0.15,1918687
0.15,1910962
0.15,1897903
0.15,1878936
0.15,1862880
0.15,1856013
0.15,1850742
0.20,1841661
0.22,1839845
0.30,1836632
0.30,1813743
0.30,1803603
0.41,1801316
0.60,1796475
0.60,1792548
0.60,1789842
0.67,1786817
0.67,1772645
0.68,1769322
0.68,1759207
0.85,1730228
0.85,1723618
0.85,1720632
1.06,1716552
1.26,1714696
1.44,1706672
1.44,1701304
1.58,1689697
1.58,1689325
1.58,1683330
1.58,1682337
1.58,1679777
1.59,1672424
1.83,1664207
1.83,1661181
1.83,1659487
1.83,1658522
1.83,1656593
2.10,1656242
2.10,1656089
2.10,1653707
2.20,1652700
2.20,1652067
2.20,1647663
2.20,1645922
2.20,1628512
2.69,1624555
2.70,1624115
2.70,1619418
2.70,1614140
2.79,1612170
3.05,1607058
3.06,1605059
3.06,1602549
3.06,1602237
3.06,1599185
3.06,1592551
3.06,1592471
3.57,1591020
3.69,1585500
3.70,1583292
3.77,1581961
3.77,1577006
3.93,1572995
3.93,1572683
4.36,1570347
4.37,1564250
4.37,1561131
4.37,1560976
5.14,1560968
5.17,1560885
5.17,1558968
5.18,1558105
5.18,1555702
5.18,1555060
