0.00,7559348
0.00,7535876
0.01,7377639
0.01,7292670
0.01,7270706
0.01,7267274
0.01,7257300
0.01,6955651
0.01,6882070
0.01,6828594
0.01,6808550
0.01,6697925
0.01,6680284
0.01,6634587
0.01,6594485
0.01,6590669
0.01,6584929
0.01,6544279
0.01,6538543
0.01,6522925
0.01,6448091
0.01,6434754
0.01,6414285
0.01,6390557
0.01,6332302
0.01,6215642
0.01,6146596
0.01,6130762
0.01,6056186
0.01,5997111
0.01,5971955
0.01,5933805
0.01,5875107
0.01,5853479
0.01,5853141
0.01,5746462
0.01,5611170
0.01,5586053
0.01,5468776
0.01,5448751
0.01,5444821
0.01,5419873
0.01,5182642
0.01,5150672
0.01,5145348
0.01,5137954
0.01,5098020
0.01,4901624
0.01,4863841
0.01,4859964
0.01,4845640
0.02,4831439
0.02,4810909
0.02,4741246
0.02,4712510
0.02,4666768
0.02,4621122
0.02,4619408
0.02,4618724
0.02,4583951
0.02,4529449
0.02,4450868
0.02,4398431
0.02,4381190
0.02,4257130
0.02,4213553
0.02,3989312
0.02,3945405
0.02,3888278
0.02,3864306
0.02,3859560
0.02,3847803
0.02,3770306
0.02,3768636
0.02,3751196
0.02,3709790
0.02,3678399
0.02,3574152
0.02,3549013
0.02,3546845
0.02,3525055
0.02,3510120
0.02,3504766
0.02,3486559
0.02,3461270
0.02,3455217
0.02,3451410
0.02,3393423
0.02,3388067
0.02,3378564
0.02,3348991
0.02,3220229
0.02,3212215
0.02,3208261
0.02,3207663
0.02,3201277
0.02,3168286
0.02,3111727
0.03,3109538
0.03,3108142
0.03,3093622
0.03,3076195
0.03,3069794
0.03,3069190
0.03,3066805
0.03,3056582
0.03,3051627
0.03,3030126
0.03,3019485
0.03,2997735
0.03,2965295
0.03,2960174
0.03,2956133
0.03,2940222
0.03,2936153
0.03,2929896
0.03,2927848
0.03,2927651
0.03,2927394
0.03,2896166
0.03,2891560
0.03,2880095
0.03,2879880
0.03,2873630
0.03,2856914
0.03,2847379
0.03,2806501
0.03,2777796
0.03,2772178
0.03,2768044
0.03,2752027
0.03,2747475
0.03,2705182
0.03,2701466
0.03,2679099
0.03,2646877
0.03,2636850
0.03,2626128
0.03,2560811
0.03,2551166
0.03,2528104
0.03,2524288
0.03,2521906
0.03,2499979
0.03,2490594
0.03,2481463
0.03,2475287
0.03,2416762
0.04,2411446
0.04,2396439
0.04,2386883
0.04,2375711
0.04,2360724
0.04,2330460
0.04,2327927
0.04,2319505
0.04,2281721
0.04,2277215
0.04,2266139
0.04,2249429
0.04,2207332
0.04,2206100
0.04,2156849
0.04,2089947
0.04,2084170
0.04,2074667
0.04,2062277
0.04,2049840
0.04,2043153
0.04,2035891
0.05,2016710
0.05,2015714
0.05,2004966
0.05,1991767
0.05,1983406
0.05,1981399
0.05,1957206
0.05,1950246
0.05,1948456
0.05,1942150
0.05,1909830
0.05,1895363
0.05,1871418
0.05,1868358
0.06,1867983
0.06,1842041
0.06,1840717
0.06,1826590
0.06,1825727
0.06,1819276
0.06,1813829
0.06,1808977
0.06,1797308
0.07,1796565
0.07,1789329
0.07,1788607
0.07,1768641
0.07,1757118
0.07,1751864
0.08,1735728
0.08,1721422
0.09,1711729
0.09,1667656
0.10,1657726
0.16,1657578
0.18,1655589
0.34,1654956
0.34,1649202
0.34,1647665
0.34,1646829
0.34,1640532
0.35,1632171
0.35,1630164
0.50,1605182
0.50,1602156
0.50,1597449
0.51,1590293
0.72,1584882
0.89,1575663
0.89,1575022
1.58,1567836
9.16,1567061
9.48,1565594
10.91,1564789
11.57,1559516
15.18,1558593
15.18,1558107
15.94,1555060
