0.06,7544532
0.07,7515124
0.07,7500382
0.07,7394500
0.07,7332300
0.07,7242439
0.07,7229025
0.07,7096487
0.07,7028303
0.07,6958048
0.07,6948778
0.07,6924120
0.07,6861585
0.08,6696856
0.08,6689988
0.08,6641333
0.08,6639452
0.08,6566388
0.08,6546723
0.08,6519188
0.08,6518427
0.08,6518353
0.08,6406378
0.08,6375151
0.08,6327878
0.09,6230992
0.09,6182544
0.09,6181556
0.09,6142570
0.09,6015654
0.09,6004688
0.09,5975386
0.09,5973061
0.09,5959820
0.09,5952826
0.09,5908207
0.09,5904707
0.09,5878869
0.09,5874593
0.09,5841368
0.09,5643031
0.09,5641774
0.09,5511654
0.09,5407847
0.09,5128234
0.09,4957888
0.09,4912426
0.09,4909970
0.09,4893772
0.09,4892630
0.09,4888347
0.09,4868242
0.09,4843696
0.09,4819041
0.09,4816478
0.09,4810476
0.09,4801946
0.09,4782756
0.09,4757744
0.09,4750228
0.10,4667558
0.10,4240441
0.10,4177652
0.10,4168286
0.10,4161131
0.10,4151676
0.10,4129943
0.10,4107929
0.10,4072005
0.10,4025696
0.10,4020286
0.10,4019537
0.10,4015687
0.10,3998075
0.10,3994406
0.10,3917406
0.10,3868376
0.10,3851599
0.10,3848780
0.10,3826911
0.10,3814233
0.10,3807846
0.10,3800391
0.10,3793729
0.10,3793528
0.10,3766241
0.10,3763257
0.10,3758478
0.10,3748149
0.10,3733322
0.10,3685099
0.10,3675668
0.10,3664817
0.10,3647434
0.10,3632849
0.10,3626753
0.10,3616339
0.10,3458758
0.10,3451025
0.10,3446830
0.10,3435801
0.10,3398731
0.10,3391497
0.10,3371021
0.10,3369713
0.11,3248764
0.11,3163084
0.11,3150292
0.11,3142533
0.11,3052598
0.11,3045774
0.11,3041117
0.11,3017454
0.11,2996881
0.11,2992957
0.11,2991018
0.11,2985840
0.11,2985511
0.11,2983375
0.11,2930874
0.11,2913077
0.11,2856392
0.11,2849834
0.11,2786104
0.11,2784037
0.11,2780736
0.11,2780303
0.11,2774439
0.11,2767911
0.11,2729349
0.11,2710735
0.11,2694411
0.11,2668764
0.11,2663812
0.11,2633873
0.11,2619603
0.11,2615868
0.11,2605749
0.11,2601013
0.11,2594957
0.11,2572073
0.11,2569951
0.12,2557669
0.12,2549604
0.12,2543278
0.12,2533813
0.12,2472590
0.12,2457873
0.12,2431108
0.12,2386800
0.12,2386464
0.12,2384721
0.12,2377945
0.12,2374510
0.12,2374051
0.12,2365962
0.12,2356762
0.12,2350149
0.13,2349871
0.13,2335259
0.13,2306775
0.13,2296845
0.13,2291963
0.13,2272191
0.13,2261193
0.13,2256579
0.13,2249640
0.13,2242927
0.13,2237582
0.13,2231899
0.13,2229274
0.14,2226317
0.14,2211509
0.14,2200036
0.14,2196224
0.14,2183311
0.14,2180852
0.14,2180636
0.14,2169998
0.14,2164519
0.14,2163021
0.14,2144391
0.14,2137847
0.14,2137654
0.14,2132705
0.14,2117623
0.14,2105033
0.14,2095877
0.14,2091723
0.15,2090046
0.15,2076391
0.15,2067477
0.15,2039809
0.15,2039472
0.15,2029166
0.15,2018677
0.15,2012797
0.16,2008485
0.16,2007934
0.16,1990420
0.16,1981789
0.16,1960124
0.16,1959572
0.16,1956464
0.16,1950677
0.16,1947992
0.16,1944563
0.17,1940744
0.17,1929855
0.17,1928985
0.17,1917047
0.17,1900375
0.17,1893974
0.17,1886717
0.17,1886317
0.17,1885445
0.17,1865485
0.17,1851024
0.17,1820576
0.27,1802916
0.27,1797014
0.62,1793910
0.63,1792306
0.63,1781583
0.82,1776112
0.82,1770586
1.00,1763332
1.00,1759926
1.00,1749456
1.00,1744408
1.02,1742164
1.02,1741912
1.14,1736801
1.14,1735378
1.45,1730587
1.46,1721836
1.66,1721669
1.80,1717679
1.80,1708698
1.80,1697975
1.80,1696553
1.86,1696464
1.88,1693392
1.88,1689178
2.09,1684610
2.18,1682765
2.29,1677509
2.29,1662784
2.29,1662654
2.30,1654982
2.31,1648602
2.44,1648495
2.44,1642994
2.44,1639299
2.44,1635522
2.44,1632217
2.44,1630609
2.45,1629259
2.46,1625831
2.92,1622636
2.92,1621460
2.92,1609354
3.05,1605897
3.05,1596121
3.06,1588533
3.27,1586250
3.38,1584883
3.55,1581528
3.55,1571347
4.08,1569847
4.14,1562026
4.14,1560884
4.57,1560515
4.65,1559787
4.65,1558924
4.65,1555702
4.84,1555060
