0.06,7376555
0.06,7371135
0.06,7323907
0.06,7065379
0.06,7026112
0.07,7023665
0.07,7023485
0.07,7023102
0.07,6844962
0.07,6775433
0.07,6697371
0.07,6664189
0.07,6645970
0.07,6558851
0.07,6450627
0.07,6432548
0.07,6397853
0.08,6386884
0.08,6344229
0.08,6339604
0.08,6322424
0.08,6297307
0.08,6204547
0.08,6200160
0.08,6019245
0.08,5918436
0.08,5850790
0.08,5829678
0.08,5828166
0.08,5782416
0.08,5747702
0.08,5739548
0.08,5627677
0.08,5617392
0.08,5582202
0.08,5433786
0.08,5418032
0.08,5345725
0.08,5307617
0.08,5290721
0.08,5277964
0.08,5228577
0.08,5174780
0.08,5172813
0.08,5146765
0.08,5075740
0.08,5021483
0.08,4961315
0.08,4902353
0.08,4784552
0.08,4746424
0.08,4713506
0.08,4690112
0.08,4669177
0.08,4639766
0.08,4636696
0.08,4622984
0.08,4617321
0.08,4601197
0.08,4595063
0.08,4582300
0.08,4554991
0.09,4543620
0.09,4543413
0.09,4541068
0.09,4446350
0.09,4274054
0.09,4203353
0.09,4195005
0.09,4182383
0.09,4170909
0.09,4135598
0.09,4114808
0.09,4108856
0.09,4104688
0.09,4076956
0.09,4071751
0.09,3919773
0.09,3872101
0.09,3870082
0.09,3814525
0.09,3770330
0.09,3768106
0.09,3737192
0.09,3728525
0.09,3684521
0.09,3642300
0.09,3634363
0.09,3619641
0.09,3604735
0.09,3556531
0.09,3529786
0.09,3509991
0.09,3506781
0.09,3505934
0.09,3499034
0.09,3433828
0.09,3400132
0.09,3273410
0.09,3253065
0.09,3237693
0.09,3231774
0.09,3221801
0.09,3218818
0.09,3209927
0.09,3206221
0.09,3199481
0.09,3195803
0.09,3167444
0.09,3153439
0.09,3151642
0.09,3125955
0.09,3123501
0.09,3120194
0.09,3119747
0.09,3106519
0.09,3102682
0.09,3097942
0.09,3096635
0.09,3064299
0.09,3034063
0.09,3024341
0.10,3018216
0.10,3016888
0.10,3010304
0.10,2999914
0.10,2970973
0.10,2965278
0.10,2938634
0.10,2937549
0.10,2932819
0.10,2892619
0.10,2890977
0.10,2883612
0.10,2881312
0.10,2880053
0.10,2878444
0.10,2853555
0.10,2846388
0.10,2839269
0.10,2830419
0.10,2827815
0.10,2754713
0.10,2748956
0.10,2727176
0.10,2726710
0.10,2689442
0.10,2674763
0.10,2652376
0.10,2645966
0.10,2644754
0.10,2637828
0.10,2620484
0.10,2606169
0.10,2605048
0.10,2585289
0.10,2552495
0.10,2530404
0.10,2525897
0.10,2519440
0.10,2511942
0.10,2305212
0.10,2286807
0.10,2286218
0.11,2284042
0.11,2278884
0.11,2278583
0.11,2275582
0.11,2263476
0.11,2257398
0.11,2252071
0.11,2232582
0.11,2204081
0.11,2198304
0.11,2192432
0.11,2191614
0.11,2190872
0.11,2182860
0.11,2167019
0.11,2166472
0.11,2165953
0.11,2156107
0.11,2132676
0.11,2117350
0.11,2113395
0.11,2106936
0.11,2094796
0.11,2075161
0.11,2064647
0.11,2048929
0.11,2033906
0.11,2031739
0.11,2023218
0.11,2008825
0.11,2000413
0.12,1993449
0.12,1991141
0.12,1987358
0.12,1979003
0.12,1971698
0.12,1970836
0.12,1946502
0.12,1943411
0.12,1927294
0.12,1919394
0.12,1916781
0.12,1912057
0.12,1907139
0.12,1896415
0.12,1888506
0.12,1886512
0.12,1873821
0.14,1871048
0.14,1865315
0.14,1863861
0.15,1849874
0.15,1833972
0.19,1828154
0.19,1820322
0.19,1819157
0.30,1808982
0.30,1805426
0.30,1798995
0.30,1798176
0.30,1795789
0.30,1791701
0.41,1791300
0.41,1788414
0.42,1786775
0.42,1785361
0.42,1783143
0.43,1777222
0.43,1767478
0.43,1762168
0.81,1760860
0.81,1760848
0.82,1753803
0.82,1747079
0.82,1741502
1.10,1735871
1.11,1735150
1.12,1730365
1.12,1723693
1.12,1709058
1.12,1704349
1.40,1693711
1.40,1688818
1.40,1670987
1.40,1670199
1.40,1665835
1.40,1662821
1.71,1656892
1.71,1655590
1.71,1650409
1.71,1646965
1.71,1646590
1.71,1639294
1.99,1634604
1.99,1629896
1.99,1619989
1.99,1602687
1.99,1601200
1.99,1599657
2.97,1597875
2.97,1595453
2.97,1593445
2.97,1583931
2.97,1583292
3.25,1578751
3.25,1576846
3.26,1575265
3.26,1572213
3.48,1571372
3.77,1570930
3.78,1567427
3.78,1566939
4.06,1564846
4.12,1563315
4.12,1562083
4.17,1558480
4.72,1557523
4.78,1555702
5.33,1555060
