0.00,4578100
0.00,4507900
0.00,4484050
0.00,4434926
0.00,4391584
0.00,4221551
0.01,4176670
0.01,3934718
0.01,3931226
0.01,3847560
0.01,3829129
0.01,3701377
0.01,3678741
0.01,3506165
0.01,3221112
0.01,3215412
0.01,3202890
0.01,3202720
0.01,3117946
0.01,3110887
0.01,3109874
0.01,2917073
0.01,2862055
0.01,2799086
0.01,2774002
0.01,2468380
0.01,2467238
0.01,2457927
0.01,2441438
0.01,2435656
0.01,2421102
0.01,2414770
0.01,2356853
0.01,2264862
0.01,2156129
0.01,2136314
0.01,2118921
0.01,2090427
0.01,2082602
0.02,2079422
0.02,2034632
0.02,2032417
0.02,2024090
0.02,2022718
0.02,2014952
0.02,1999447
0.02,1675796
0.02,1666903
0.02,1662161
0.02,1616876
0.02,1606473
0.02,1589253
0.02,1577711
0.02,1528441
0.02,1518137
0.02,1443615
0.02,1437604
0.03,1435967
0.03,1428449
0.03,1426588
0.03,1410605
0.04,1403386
0.04,1401832
0.08,1400045
0.16,1395980
