0.00,4527496
0.00,4515849
0.00,4484001
0.01,4363744
0.01,4322306
0.01,4304282
0.01,4094967
0.01,3935376
0.01,3916007
0.01,3690751
0.01,3679077
0.01,3507576
0.01,3476426
0.01,3456302
0.01,3453032
0.01,3445668
0.01,3434117
0.01,3422304
0.01,3399337
0.01,3392729
0.01,3379010
0.01,3331684
0.01,3325120
0.01,3313326
0.01,3302438
0.01,3212285
0.01,2880131
0.01,2804607
0.01,2705281
0.01,2584420
0.01,2561971
0.01,2559715
0.01,2449899
0.01,2400509
0.01,2399356
0.02,2383373
0.02,2382662
0.02,2380867
0.02,2369923
0.02,2368765
0.02,2326752
0.02,2139420
0.02,2137540
0.02,2132956
0.02,2131720
0.02,2109152
0.02,2102371
0.02,1943383
0.02,1607596
0.02,1599732
0.02,1596198
0.02,1521677
0.02,1475080
0.02,1474608
0.02,1472872
0.02,1423603
0.03,1419962
0.03,1419746
0.07,1399000
0.07,1397686
0.07,1396549
0.07,1395980
