0.06,3598823
0.07,2818880
0.07,2792714
0.07,2769873
0.07,2763012
0.07,2713771
0.07,2612504
0.07,2240910
0.07,2218327
0.07,2181561
0.07,2180827
0.08,2178179
0.08,2146920
0.08,2127472
0.08,2114654
0.08,2082234
0.08,2011795
0.08,2002522
0.08,1990744
0.08,1968538
0.08,1917670
0.08,1741957
0.08,1731796
0.08,1705117
0.08,1693976
0.08,1692221
0.09,1668560
0.09,1638968
0.09,1636604
0.09,1628243
0.09,1567460
0.09,1566182
0.09,1557882
0.09,1547909
0.09,1541594
0.09,1532854
0.09,1530035
0.09,1527677
0.09,1522888
0.09,1503680
0.09,1494837
0.09,1494419
0.09,1489787
0.09,1488338
0.09,1486422
0.10,1478670
0.10,1468936
0.10,1468173
0.10,1455869
0.10,1446604
0.10,1441546
0.11,1439877
0.11,1437144
0.11,1436130
0.11,1427062
0.16,1426049
0.16,1426049
0.22,1424605
0.23,1423034
0.25,1421537
0.29,1416822
0.39,1415687
0.43,1411047
0.58,1408494
0.67,1408406
0.67,1400723
1.04,1399404
1.25,1398280
1.37,1396549
1.50,1395980
