0.00,4464811
0.00,4427556
0.00,4067433
0.01,3995698
0.01,3986110
0.01,3982937
0.01,3978385
0.01,3972065
0.01,3958521
0.01,3907265
0.01,3842452
0.01,3832290
0.01,3831062
0.01,3818109
0.01,3786635
0.01,3761950
0.01,3752342
0.01,3269867
0.01,3241371
0.01,3221653
0.01,3216152
0.01,3215137
0.01,3202740
0.01,3028928
0.01,3023838
0.01,2973067
0.01,2971904
0.01,2971424
0.01,2655386
0.01,2655107
0.01,2582517
0.01,2342396
0.01,2338106
0.01,2303982
0.01,2286553
0.01,2280369
0.01,2131960
0.01,2131440
0.01,2118433
0.01,2111856
0.01,2108862
0.01,2094040
0.01,2071410
0.01,2045876
0.01,2036645
0.01,2023588
0.01,1865520
0.01,1851470
0.02,1833473
0.02,1817391
0.02,1784545
0.02,1776322
0.02,1775294
0.02,1760740
0.02,1759034
0.02,1745340
0.02,1741309
0.02,1594972
0.02,1593418
0.02,1577945
0.02,1577060
0.02,1502492
0.02,1499291
0.02,1497200
0.02,1489033
0.02,1486977
0.02,1471314
0.02,1470369
0.02,1418462
0.02,1408489
0.03,1407366
0.03,1405066
0.03,1401860
0.03,1397117
0.03,1395980
