0.00,4204440
0.00,4117360
0.00,4092663
0.01,4079496
0.01,4052548
0.01,4051660
0.01,4050772
0.01,3888314
0.01,3878472
0.01,3872873
0.01,3829248
0.01,3774444
0.01,3770779
0.01,3738480
0.01,3662956
0.01,3641797
0.01,3632390
0.01,3529651
0.01,3385233
0.01,3377700
0.01,3346753
0.01,3340078
0.01,3337587
0.01,3333218
0.01,3296641
0.01,2932755
0.01,2932027
0.01,2931991
0.01,2911820
0.01,2838833
0.01,2803386
0.01,2802669
0.01,2778890
0.01,2735318
0.01,2731780
0.01,2710255
0.01,2706582
0.01,2706365
0.01,2574347
0.01,2554629
0.01,2548374
0.01,2374565
0.01,2342556
0.01,2299227
0.01,2273783
0.01,2162852
0.01,2149924
0.01,2149277
0.01,2089684
0.01,2055585
0.01,1939742
0.02,1936678
0.02,1932267
0.02,1890949
0.02,1879553
0.02,1878772
0.02,1778810
0.02,1775108
0.02,1768293
0.02,1762673
0.02,1748509
0.02,1744161
0.02,1738954
0.02,1561201
0.02,1531806
0.02,1530653
0.02,1499642
0.02,1493739
0.03,1492416
0.03,1490607
0.03,1426142
0.03,1419900
0.03,1403850
0.03,1403850
0.10,1403444
0.10,1402307
0.10,1395980
