0.06,5078952
0.06,4898467
0.06,4728826
0.06,4711778
0.06,4697802
0.06,4696424
0.06,4318123
0.06,4310623
0.06,4305280
0.06,4303765
0.06,4045677
0.06,3919226
0.07,3909381
0.07,3878338
0.07,3861489
0.07,3852078
0.07,3814113
0.07,3725670
0.07,3721802
0.07,3672885
0.07,3668307
0.07,3666549
0.07,3639627
0.07,3627602
0.07,3396677
0.07,3389434
0.07,3371820
0.07,3368545
0.07,3362443
0.07,3330919
0.07,3259537
0.07,3244766
0.08,3242291
0.08,3239708
0.08,3238306
0.08,3179036
0.08,3065857
0.08,3064904
0.08,3049945
0.08,2942572
0.08,2683460
0.08,2661918
0.08,2653777
0.08,2249869
0.08,2127778
0.08,2084752
0.08,2073788
0.08,2069009
0.08,2060870
0.08,2045914
0.08,2042176
0.08,2006691
0.08,2001337
0.08,1985203
0.08,1974203
0.08,1955728
0.08,1937613
0.08,1931402
0.08,1894860
0.08,1868853
0.08,1860132
0.09,1834407
0.09,1832665
0.09,1822071
0.09,1799075
0.09,1794741
0.09,1791719
0.09,1784171
0.09,1766076
0.09,1758231
0.09,1756782
0.09,1738689
0.09,1735233
0.09,1732396
0.09,1726073
0.09,1721569
0.09,1572712
0.09,1572260
0.09,1556237
0.09,1538692
0.09,1536071
0.09,1513887
0.09,1510617
0.09,1491128
0.09,1486138
0.09,1482046
0.09,1465892
0.09,1462275
0.09,1452941
0.09,1440933
0.14,1433194
0.15,1430581
0.15,1428346
0.15,1426046
0.15,1419155
0.18,1416922
0.18,1407577
0.37,1401599
0.88,1400723
1.00,1400614
1.00,1400045
1.10,1397117
1.24,1396549
1.53,1395980
