0.06,4480282
0.06,4380985
0.06,4370702
0.06,4343397
0.06,4158668
0.06,3880642
0.06,3876722
0.06,3873954
0.06,3866287
0.06,3840011
0.06,3834945
0.06,3735719
0.06,3703671
0.07,3648585
0.07,3620507
0.07,3577030
0.07,3561548
0.07,3545465
0.07,3494006
0.07,3489869
0.07,3489201
0.07,3476191
0.07,3448627
0.07,3448601
0.07,3442656
0.07,3394291
0.07,3341440
0.07,3340851
0.07,3163097
0.07,2781566
0.07,2779830
0.08,2765949
0.08,2749722
0.08,2745577
0.08,2736679
0.08,2705438
0.08,2693898
0.08,2670873
0.08,2577564
0.08,2575833
0.08,2230003
0.08,2219421
0.08,2209178
0.08,2115019
0.08,2064130
0.08,2061922
0.08,2036144
0.08,2033119
0.08,2021437
0.08,1995448
0.08,1988626
0.08,1977856
0.08,1975696
0.08,1850062
0.08,1782532
0.08,1753260
0.08,1740644
0.08,1740020
0.08,1731822
0.08,1728488
0.08,1722431
0.08,1693030
0.08,1664785
0.08,1656130
0.09,1618067
0.09,1616430
0.09,1605391
0.09,1568668
0.09,1567108
0.09,1530084
0.09,1525789
0.09,1519411
0.09,1512361
0.09,1504093
0.09,1498975
0.10,1498079
0.10,1491219
0.10,1487610
0.10,1479171
0.10,1478357
0.10,1462559
0.10,1459741
0.11,1456607
0.11,1446191
0.11,1439495
0.11,1436350
0.13,1435296
0.13,1435180
0.13,1433448
0.18,1423023
0.18,1421249
0.28,1414316
0.33,1410245
0.33,1405176
0.42,1398280
0.71,1397117
1.23,1395980
