0.00,4473076
0.00,4417468
0.00,4394454
0.00,4392099
0.01,4363940
0.01,4280816
0.01,3906998
0.01,3819924
0.01,3814507
0.01,3805331
0.01,3799081
0.01,3791483
0.01,3779911
0.01,3694733
0.01,3652723
0.01,3645598
0.01,3430526
0.01,3262563
0.01,3186150
0.01,3142920
0.01,3107028
0.01,3096816
0.01,2890574
0.01,2889307
0.01,2877183
0.01,2868683
0.01,2860056
0.01,2842816
0.01,2809488
0.01,2793505
0.01,2790135
0.01,2784790
0.01,2778611
0.01,2773767
0.01,2771905
0.01,2416691
0.01,2383042
0.01,2365822
0.01,2360231
0.01,2355070
0.01,2355069
0.01,2353679
0.01,2352217
0.01,2348514
0.01,2317060
0.01,2305152
0.01,2302705
0.01,2286722
0.01,2197266
0.02,2158410
0.02,2158375
0.02,2035023
0.02,2028661
0.02,1989309
0.02,1923113
0.02,1921770
0.02,1909559
0.02,1904244
0.02,1904137
0.02,1899015
0.02,1879601
0.02,1874557
0.02,1864907
0.02,1855557
0.02,1838906
0.02,1838070
0.02,1837099
0.02,1833007
0.02,1832414
0.02,1832303
0.02,1691118
0.02,1560225
0.02,1557407
0.02,1555218
0.02,1553900
0.02,1552168
0.02,1516247
0.02,1512157
0.03,1487160
0.03,1484367
0.03,1476833
0.03,1472763
0.03,1462459
0.03,1461186
0.03,1459860
0.03,1450498
0.03,1446129
0.03,1441253
0.03,1434245
0.03,1430153
0.03,1429584
0.05,1413213
0.05,1411817
0.05,1404873
0.05,1404873
0.05,1395980
