0.00,4558999
0.00,4496493
0.00,4416708
0.00,4378580
0.01,4373960
0.01,4361933
0.01,4358441
0.01,4357052
0.01,3976233
0.01,3947334
0.01,3800936
0.01,3579961
0.01,3556372
0.01,3531242
0.01,3299774
0.01,3299669
0.01,3256979
0.01,3256117
0.01,3172993
0.01,3127677
0.01,2917209
0.01,2913742
0.01,2908602
0.01,2901345
0.01,2901201
0.01,2901149
0.01,2875731
0.01,2864645
0.01,2837346
0.01,2815770
0.01,2780027
0.01,2774938
0.01,2662648
0.01,2660736
0.01,2658099
0.01,2655684
0.01,2609831
0.01,2604380
0.01,2574020
0.01,2548900
0.01,2548343
0.01,2270746
0.01,2255717
0.02,2198495
0.02,2182447
0.02,2172547
0.02,2169465
0.02,2068385
0.02,2066710
0.02,2064371
0.02,1956623
0.02,1948666
0.02,1938031
0.02,1930674
0.02,1930423
0.02,1922485
0.02,1921558
0.02,1907247
0.02,1899920
0.02,1837245
0.02,1730961
0.02,1710296
0.02,1706812
0.02,1698800
0.02,1696752
0.02,1695807
0.02,1684224
0.02,1679941
0.02,1672922
0.02,1672896
0.02,1565220
0.02,1561458
0.02,1551356
0.02,1501943
0.02,1500617
0.02,1498827
0.02,1498827
0.02,1496527
0.02,1490835
0.03,1474853
0.03,1465960
0.03,1461217
0.03,1453269
0.03,1404000
0.11,1395980
