0.06,4352666
0.07,4338082
0.07,4322911
0.07,4265724
0.07,4262947
0.07,4257625
0.07,4190500
0.07,4146721
0.07,4142952
0.07,3997695
0.07,3650522
0.07,3627847
0.07,3388959
0.07,3293676
0.07,3293601
0.07,3272156
0.07,3270324
0.07,3213002
0.08,3178043
0.08,3144664
0.08,3140203
0.08,2947977
0.08,2860902
0.08,2860444
0.08,2849572
0.08,2848681
0.08,2802495
0.08,2792403
0.08,2637878
0.08,2630693
0.08,2529073
0.08,2489165
0.08,2457746
0.08,2432133
0.08,2404530
0.08,2358245
0.08,2352857
0.08,2330494
0.08,2320575
0.08,2230338
0.09,2226925
0.09,2226618
0.09,2215457
0.09,2212757
0.09,2208200
0.09,2200454
0.09,2197812
0.09,1798040
0.09,1778569
0.09,1766025
0.09,1763500
0.09,1748709
0.09,1745833
0.09,1728914
0.09,1720814
0.09,1702392
0.09,1698451
0.09,1698254
0.09,1675427
0.09,1662773
0.09,1584684
0.09,1581456
0.09,1578175
0.09,1567871
0.10,1533910
0.10,1511686
0.10,1495900
0.10,1467560
0.10,1461554
0.10,1453002
0.10,1445848
0.12,1439980
0.13,1436271
0.15,1435996
0.16,1420085
0.16,1412221
0.64,1408516
0.64,1404441
0.88,1402884
1.11,1402883
1.15,1401425
1.20,1400072
1.22,1399973
1.22,1399404
1.35,1395980
