0.00,4368048
0.00,4259217
0.01,4244016
0.01,4086599
0.01,4059167
0.01,4042269
0.01,4040045
0.01,3600771
0.01,3367634
0.01,3347644
0.01,2980734
0.01,2946373
0.01,2737926
0.01,2735133
0.01,2730920
0.01,2687216
0.01,2662031
0.01,2634929
0.01,2619051
0.01,2597604
0.01,2561286
0.01,2490289
0.01,2483823
0.01,2355038
0.01,2329273
0.01,2327762
0.01,2295641
0.01,2295517
0.01,2278280
0.01,2277373
0.01,2275966
0.01,2274147
0.01,2246581
0.01,2207697
0.01,2189995
0.01,2177810
0.01,2173203
0.01,2068512
0.01,2068328
0.01,2044454
0.02,2029190
0.02,2025418
0.02,2024861
0.02,1892278
0.02,1838424
0.02,1835555
0.02,1821124
0.02,1783932
0.02,1772697
0.02,1764907
0.02,1756067
0.02,1753597
0.02,1746841
0.02,1642714
0.02,1642714
0.03,1641095
0.03,1553230
0.03,1513138
0.03,1479382
0.03,1463399
0.03,1458655
0.03,1455693
0.03,1449145
0.03,1445880
0.03,1439065
0.03,1437928
0.04,1433649
0.11,1430720
0.11,1429584
0.13,1427145
0.13,1411162
0.17,1408767
0.18,1404000
0.19,1402307
0.21,1395980
