0.00,4204440
0.01,4095609
0.01,4090990
0.01,4087093
0.01,3937775
0.01,3872805
0.01,3850811
0.01,3795167
0.01,3716944
0.01,3484226
0.01,3471349
0.01,3417190
0.01,3402493
0.01,3053893
0.01,3001878
0.01,2990710
0.01,2871527
0.01,2760902
0.01,2695093
0.01,2694956
0.01,2683474
0.01,2672396
0.01,2634226
0.01,2632260
0.01,2627450
0.01,2622917
0.01,2359668
0.01,2358401
0.01,2347747
0.01,2321740
0.01,2315998
0.02,2307948
0.02,2303127
0.02,2277080
0.02,2273656
0.02,2269401
0.02,2150738
0.02,2135214
0.02,1824789
0.02,1742775
0.02,1728611
0.02,1726245
0.02,1719448
0.02,1718976
0.02,1710708
0.02,1692905
0.02,1603786
0.02,1597801
0.02,1597493
0.02,1592812
0.02,1552720
0.02,1540948
0.02,1537036
0.02,1526833
0.02,1525096
0.03,1523829
0.03,1523195
0.03,1521922
0.03,1514405
0.03,1509844
0.03,1476931
0.03,1475070
0.03,1459087
0.03,1450194
0.03,1450194
0.04,1448880
0.04,1448212
0.04,1433451
0.04,1432128
0.04,1431442
0.04,1427297
0.04,1425533
0.04,1419800
0.05,1414707
0.05,1412975
0.05,1411421
0.06,1408322
0.06,1403065
0.06,1401751
0.06,1401182
0.06,1400045
0.09,1397117
0.09,1395980
