0.06,3910533
0.06,3842471
0.06,3708027
0.06,3693666
0.06,3630311
0.07,3623692
0.07,3206510
0.07,3184671
0.07,3180055
0.07,3175133
0.07,3153912
0.07,3152029
0.07,3151228
0.07,3103031
0.07,3047759
0.07,3036162
0.07,3028559
0.07,3023564
0.08,2909383
0.08,2904657
0.08,2878352
0.08,2858224
0.08,2829011
0.08,2821303
0.08,2810752
0.08,2774771
0.08,2753342
0.08,2744821
0.08,2743566
0.08,2742243
0.08,2718972
0.08,2690922
0.08,2663002
0.08,2604667
0.08,2602671
0.08,2489550
0.08,2437339
0.08,2433913
0.08,2414432
0.08,2394234
0.08,2370859
0.09,2040359
0.09,1931929
0.09,1888880
0.09,1887438
0.09,1838260
0.09,1827972
0.09,1813811
0.09,1802609
0.09,1786329
0.09,1781142
0.09,1759399
0.09,1693822
0.09,1659527
0.09,1654452
0.09,1650057
0.09,1575488
0.09,1574050
0.09,1574009
0.09,1573562
0.09,1480367
0.09,1468291
0.09,1453670
0.09,1448148
0.09,1443030
0.09,1443004
0.09,1441169
0.09,1438370
0.09,1421925
0.09,1420268
0.09,1415900
0.25,1411817
0.25,1410693
0.45,1410512
0.45,1405884
0.45,1404569
0.87,1404160
0.87,1399417
0.88,1399404
1.06,1395980
