0.06,4253734
0.07,4170850
0.07,4167634
0.07,4147384
0.07,4145930
0.07,4136702
0.07,4127013
0.07,4095702
0.07,4085679
0.07,4079896
0.07,4076970
0.07,4074408
0.07,3894546
0.07,3783939
0.07,3430303
0.07,3422440
0.08,3305215
0.08,3231451
0.08,3202035
0.08,3200666
0.08,3095255
0.08,3066898
0.08,2817238
0.08,2790964
0.08,2771249
0.08,2758495
0.08,2486300
0.08,2481584
0.08,2475177
0.08,2465564
0.08,2464785
0.08,2456513
0.08,2413041
0.08,2410139
0.08,2390683
0.08,2385087
0.08,1956277
0.08,1951284
0.08,1951071
0.08,1949696
0.08,1943585
0.09,1937558
0.09,1935479
0.09,1926989
0.09,1923452
0.09,1922291
0.09,1913060
0.09,1905241
0.09,1648948
0.09,1647632
0.09,1647128
0.09,1631604
0.09,1629803
0.09,1612264
0.09,1566921
0.09,1556228
0.09,1519329
0.09,1517029
0.09,1508438
0.10,1483523
0.10,1476147
0.10,1467545
0.10,1464695
0.10,1462607
0.10,1444058
0.11,1433287
0.11,1428567
0.12,1427645
0.15,1426390
0.15,1414455
0.40,1408108
0.64,1401303
0.67,1399986
0.87,1396549
1.45,1395980
1.63,1395980
