0.06,3900032
0.06,3812845
0.06,3772998
0.06,3748050
0.06,3695948
0.06,3676777
0.06,3661610
0.06,3656825
0.06,3572424
0.06,3569833
0.07,3243834
0.07,3242684
0.07,3230085
0.07,3217911
0.07,3215264
0.07,3137277
0.07,3132948
0.07,3132654
0.07,3132168
0.07,3126831
0.07,3079240
0.07,2753302
0.07,2752628
0.07,2717011
0.07,2651534
0.07,2580221
0.07,2579447
0.08,2554464
0.08,2552297
0.08,2410026
0.08,2403374
0.08,2339023
0.08,2311739
0.08,2293092
0.08,2272996
0.08,2268280
0.08,2266158
0.08,2265357
0.08,2242855
0.08,2239618
0.08,2202509
0.08,2197139
0.08,2196132
0.08,2172762
0.08,2154373
0.08,2104987
0.08,2101044
0.08,2049631
0.08,2044646
0.08,2040501
0.08,1619444
0.08,1584467
0.08,1576623
0.08,1564677
0.09,1559088
0.09,1547234
0.09,1521246
0.09,1515004
0.09,1513896
0.09,1509326
0.09,1504896
0.09,1498487
0.09,1484188
0.09,1472743
0.09,1471964
0.09,1458205
0.09,1441593
0.09,1439758
0.10,1435381
0.10,1426782
0.10,1424481
0.11,1424363
0.11,1422129
0.13,1416803
0.25,1414976
0.25,1408385
0.65,1407604
0.77,1406176
0.88,1399986
1.18,1398280
1.18,1397686
1.18,1396549
1.18,1395980
