0.00,4376100
0.00,4366512
0.00,4301749
0.00,4260480
0.00,4249407
0.00,4218560
0.01,4034984
0.01,4032912
0.01,4030682
0.01,4022496
0.01,4020001
0.01,3693182
0.01,3692931
0.01,3671691
0.01,3614469
0.01,3597209
0.01,3561765
0.01,3561247
0.01,3474807
0.01,3438233
0.01,3397590
0.01,3378863
0.01,3359408
0.01,3348152
0.01,3279554
0.01,3254670
0.01,3245366
0.01,3242174
0.01,3239544
0.01,3235596
0.01,3230807
0.01,3212564
0.01,3204172
0.01,3195421
0.01,3162252
0.01,3098556
0.01,2888540
0.01,2874369
0.01,2779520
0.01,2764095
0.01,2749336
0.01,2707326
0.01,2697381
0.01,2522188
0.01,2442121
0.01,2442062
0.01,2437706
0.01,2437113
0.01,2372243
0.02,2354517
0.02,2354308
0.02,2308065
0.02,2300531
0.02,2261180
0.02,2223435
0.02,2221068
0.02,1891617
0.02,1666382
0.02,1665850
0.02,1664905
0.02,1639543
0.02,1602518
0.02,1599254
0.02,1594385
0.02,1457250
0.02,1456510
0.02,1452440
0.02,1445431
0.03,1444862
0.03,1439550
0.04,1434928
0.04,1432011
0.04,1429799
0.04,1427499
0.04,1419551
0.05,1408743
0.05,1404000
0.10,1402876
0.10,1402307
0.12,1401425
0.12,1396549
0.12,1395980
