0.06,4327115
0.06,4277769
0.06,4125153
0.06,3975337
0.06,3965030
0.06,3937865
0.06,3865231
0.06,3828195
0.06,3800931
0.06,3796966
0.06,3778264
0.06,3776500
0.07,3773454
0.07,3758335
0.07,3703974
0.07,3693849
0.07,3692239
0.07,3492190
0.07,3425431
0.07,3422154
0.07,3415799
0.07,3392727
0.07,3174316
0.07,2843522
0.07,2832783
0.07,2817224
0.07,2807622
0.07,2807474
0.07,2805014
0.08,2774401
0.08,2773718
0.08,2762803
0.08,2398169
0.08,2391607
0.08,2386444
0.08,2385608
0.08,2312110
0.08,2305236
0.08,1960247
0.08,1945505
0.08,1945139
0.08,1943122
0.08,1926571
0.08,1925831
0.08,1912651
0.08,1901804
0.08,1892348
0.08,1884640
0.08,1884342
0.08,1855658
0.08,1820134
0.08,1817289
0.08,1798861
0.09,1778717
0.09,1775306
0.09,1772449
0.09,1754290
0.09,1749110
0.09,1739523
0.09,1738974
0.09,1733785
0.09,1714644
0.09,1676403
0.09,1649309
0.09,1617657
0.09,1609833
0.09,1603561
0.09,1595277
0.09,1587688
0.09,1578120
0.09,1575884
0.09,1554576
0.09,1547760
0.09,1527819
0.09,1519765
0.09,1513470
0.09,1501878
0.09,1496759
0.09,1478450
0.09,1463687
0.09,1455740
0.09,1448945
0.10,1437667
0.10,1430844
0.20,1430197
0.20,1428352
0.20,1419973
0.20,1418082
0.37,1413567
0.39,1411259
0.42,1410668
0.42,1408446
0.49,1403509
0.73,1402817
1.04,1400045
1.20,1395980
1.20,1395980
