0.00,4495702
0.00,4484225
0.00,4387731
0.01,4130617
0.01,4126861
0.01,3637581
0.01,3637441
0.01,3637089
0.01,3581244
0.01,3334814
0.01,3331549
0.01,3328818
0.01,3139939
0.01,2770144
0.01,2761963
0.01,2730779
0.01,2633872
0.01,2624063
0.01,2616167
0.01,2595062
0.01,2584047
0.01,2569845
0.01,2407386
0.01,2387664
0.01,2370658
0.01,2350677
0.01,2341725
0.01,2338693
0.01,2335409
0.01,2163363
0.01,2154847
0.01,2152666
0.01,2149437
0.01,2099054
0.01,2047299
0.01,1999899
0.01,1926490
0.02,1916152
0.02,1915740
0.02,1908206
0.02,1882895
0.02,1880773
0.02,1874573
0.02,1821798
0.02,1814831
0.02,1743746
0.02,1740651
0.02,1722007
0.02,1719560
0.02,1716156
0.02,1672826
0.02,1671571
0.02,1671067
0.02,1641242
0.02,1635317
0.02,1633016
0.02,1633016
0.02,1632634
0.02,1620232
0.02,1607876
0.02,1602891
0.03,1463894
0.03,1461138
0.03,1456262
0.03,1448398
0.03,1442419
0.03,1439550
0.07,1433649
0.07,1400045
0.08,1395980
