0.06,4338651
0.06,4305463
0.06,4267124
0.06,4259146
0.06,4080241
0.06,4079889
0.06,4045066
0.06,4040301
0.06,4023821
0.06,4017633
0.06,3981220
0.06,3979526
0.06,3972661
0.06,3956182
0.06,3915592
0.07,3863100
0.07,3854974
0.07,3854213
0.07,3674054
0.07,3653279
0.07,3635665
0.07,3629563
0.07,3415432
0.07,3389359
0.07,3385558
0.07,3372669
0.07,3320784
0.07,3319144
0.07,3075875
0.07,3020639
0.07,3007596
0.07,3007042
0.07,2981427
0.07,2974763
0.07,2969249
0.07,2649896
0.08,2627929
0.08,2623995
0.08,2447553
0.08,2038268
0.08,2003845
0.08,1989597
0.08,1987050
0.08,1942395
0.08,1928378
0.08,1881270
0.08,1869603
0.08,1866282
0.08,1865113
0.08,1863835
0.08,1837173
0.08,1811264
0.08,1800237
0.08,1799210
0.08,1796603
0.08,1700946
0.08,1693412
0.08,1693008
0.09,1686320
0.09,1686287
0.09,1669607
0.09,1654134
0.09,1644291
0.09,1625393
0.09,1624008
0.09,1618649
0.09,1609303
0.09,1590217
0.09,1578193
0.09,1573339
0.09,1563811
0.09,1561827
0.09,1560185
0.09,1560059
0.09,1559606
0.09,1559309
0.09,1529584
0.09,1524408
0.09,1522546
0.09,1518748
0.09,1506491
0.09,1505628
0.10,1464081
0.10,1459373
0.10,1459274
0.10,1442355
0.10,1438915
0.11,1432162
0.11,1426429
0.11,1426016
0.11,1421881
0.21,1413990
0.37,1413714
0.58,1404752
0.58,1398849
0.83,1398280
1.30,1397117
1.30,1395980
