0.00,4562501
0.00,4508693
0.00,4358647
0.01,3967195
0.01,3920756
0.01,3814159
0.01,3805666
0.01,3756502
0.01,3700893
0.01,3696326
0.01,3485910
0.01,3478603
0.01,3471183
0.01,3441898
0.01,3287374
0.01,3068019
0.01,3051366
0.01,2965172
0.01,2945014
0.01,2827756
0.01,2776731
0.01,2767230
0.01,2750123
0.01,2738261
0.01,2567218
0.01,2560096
0.01,2556292
0.01,2539452
0.01,2524707
0.01,2474749
0.01,2434951
0.01,2432300
0.01,2402506
0.01,2401487
0.01,2391324
0.01,2387520
0.01,2385106
0.01,2380202
0.01,2377360
0.02,2351284
0.02,2314613
0.02,2301381
0.02,2292541
0.02,2283364
0.02,2250581
0.02,2247048
0.02,2243785
0.02,2241469
0.02,2094440
0.02,2088495
0.02,2079880
0.02,2074262
0.02,1918943
0.02,1912701
0.02,1903326
0.02,1900345
0.02,1897752
0.02,1891161
0.02,1886375
0.02,1601633
0.02,1593695
0.02,1592293
0.02,1592293
0.02,1491026
0.02,1489164
0.02,1487841
0.02,1471858
0.03,1457835
0.03,1451824
0.03,1446947
0.03,1440890
0.03,1438135
0.03,1432093
0.03,1428001
0.03,1427168
0.03,1424255
0.03,1420608
0.04,1419190
0.04,1411895
0.04,1405884
0.04,1404569
0.04,1404000
0.05,1397117
0.05,1395980
