0.06,4347053
0.06,4345050
0.06,4299733
0.06,4271791
0.06,4185061
0.06,4072047
0.06,4069630
0.06,4064684
0.06,4058020
0.06,3844292
0.06,3827591
0.06,3510033
0.07,3453692
0.07,3452277
0.07,3427171
0.07,3375425
0.07,3356460
0.07,3352037
0.07,3312141
0.07,3227865
0.07,3222664
0.07,2876057
0.07,2873483
0.07,2861416
0.07,2818086
0.07,2779230
0.07,2773531
0.07,2766284
0.07,2762254
0.08,2739174
0.08,2734542
0.08,2729283
0.08,2694144
0.08,2678337
0.08,2537837
0.08,2530291
0.08,2498606
0.08,2497873
0.08,2408657
0.08,2405469
0.08,2384411
0.08,2383883
0.08,2380537
0.08,2370088
0.08,2352941
0.08,2340062
0.08,2336524
0.08,2327651
0.08,2239219
0.08,2232498
0.08,2228840
0.08,2223902
0.08,2184427
0.08,2056133
0.08,2037812
0.08,2027593
0.08,1992825
0.08,1909513
0.08,1893756
0.08,1867871
0.08,1844111
0.08,1842936
0.08,1811184
0.08,1809690
0.08,1808138
0.09,1787291
0.09,1785059
0.09,1779314
0.09,1749813
0.09,1736389
0.09,1730771
0.09,1730771
0.09,1713112
0.09,1696002
0.09,1690308
0.09,1681239
0.09,1669811
0.09,1661920
0.09,1656526
0.09,1653320
0.09,1608547
0.09,1603016
0.09,1581791
0.09,1566912
0.09,1552855
0.09,1541041
0.09,1538782
0.09,1508410
0.09,1504768
0.09,1471034
0.09,1464277
0.09,1452304
0.09,1451735
0.10,1444368
0.10,1443460
0.10,1443434
0.10,1442320
0.11,1436994
0.16,1433288
0.16,1431419
0.24,1428461
0.24,1419205
0.24,1416971
0.34,1411541
0.43,1411001
0.48,1409339
0.73,1408318
0.74,1404895
1.08,1402884
1.08,1402315
1.11,1402168
1.11,1401599
1.12,1400072
1.12,1395980
