0.00,4582346
0.00,4499604
0.00,4482054
0.01,4213579
0.01,4196793
0.01,4191566
0.01,4085282
0.01,4011474
0.01,4011262
0.01,3782368
0.01,3775171
0.01,3748149
0.01,3743029
0.01,3692902
0.01,3603613
0.01,3442602
0.01,3434436
0.01,3434026
0.01,3428462
0.01,3381105
0.01,3378321
0.01,3337847
0.01,3271269
0.01,3270558
0.01,3269947
0.01,3245293
0.01,3237954
0.01,3054967
0.01,3047696
0.01,2983453
0.01,2965056
0.01,2964643
0.01,2957719
0.01,2951516
0.01,2856062
0.01,2849592
0.01,2835269
0.01,2825205
0.01,2817247
0.01,2439609
0.01,2423955
0.01,2406087
0.01,2393398
0.01,2072410
0.01,2035530
0.01,2014530
0.01,2011678
0.01,2011665
0.02,1998858
0.02,1980509
0.02,1917732
0.02,1906718
0.02,1896439
0.02,1891538
0.02,1878530
0.02,1875909
0.02,1872124
0.02,1871124
0.02,1866597
0.02,1865078
0.02,1849977
0.02,1786281
0.02,1780321
0.02,1742021
0.02,1735265
0.02,1704898
0.02,1704853
0.02,1672079
0.02,1665154
0.02,1642572
0.02,1641912
0.02,1637010
0.02,1629091
0.02,1623580
0.02,1616783
0.02,1616531
0.03,1576439
0.03,1568721
0.03,1559417
0.03,1532697
0.03,1529635
0.04,1526515
0.04,1460203
0.05,1456938
0.05,1450123
0.05,1407322
0.07,1406238
0.07,1402168
0.07,1396549
0.07,1395980
