0.06,4536306
0.06,4497949
0.06,4164911
0.06,4123380
0.07,3755813
0.07,3592477
0.07,3570550
0.07,3562737
0.07,3547539
0.07,3545830
0.07,3412453
0.07,3411569
0.07,3405717
0.07,3320827
0.07,3313528
0.07,3290738
0.07,3285113
0.07,3245725
0.07,3224487
0.07,3219876
0.07,3213075
0.07,3151617
0.08,3147904
0.08,2815571
0.08,2694399
0.08,2654597
0.08,2641873
0.08,2638645
0.08,2626772
0.08,2577040
0.08,2552065
0.08,2532940
0.08,2198082
0.08,2167169
0.08,2153201
0.08,2100373
0.08,2083693
0.08,2082748
0.08,2080928
0.08,2034075
0.08,2031268
0.08,2023917
0.08,2011785
0.08,2008520
0.08,2001226
0.08,1995662
0.08,1983321
0.08,1973702
0.08,1970240
0.08,1966995
0.08,1956420
0.08,1945031
0.09,1790150
0.09,1784538
0.09,1780290
0.09,1768265
0.09,1765755
0.09,1740318
0.09,1723541
0.09,1723343
0.09,1684091
0.09,1679876
0.09,1678699
0.09,1671356
0.09,1667201
0.09,1659798
0.09,1657798
0.09,1654999
0.09,1635519
0.09,1605043
0.09,1600531
0.09,1581499
0.09,1569975
0.09,1561939
0.09,1561435
0.09,1559626
0.09,1543936
0.09,1543714
0.09,1541267
0.09,1501096
0.09,1500702
0.09,1500662
0.09,1494420
0.09,1493567
0.09,1480136
0.09,1471546
0.11,1465991
0.11,1462096
0.11,1455894
0.11,1444352
0.11,1439475
0.13,1435736
0.13,1434404
0.15,1425614
0.15,1420898
0.21,1415909
0.21,1410290
0.34,1409941
0.34,1408804
0.54,1408330
0.54,1404050
0.84,1400072
0.94,1399973
0.97,1399404
0.97,1398280
1.01,1397686
1.01,1396549
1.01,1396549
1.53,1395980
