0.06,3978001
0.06,3961353
0.06,3960600
0.06,3921058
0.06,3840299
0.06,3829896
0.06,3781027
0.06,3754825
0.06,3748138
0.06,3715019
0.06,3704926
0.06,3594594
0.06,3542900
0.06,3493345
0.06,3462648
0.06,3456792
0.07,3440809
0.07,3439084
0.07,3434954
0.07,3395554
0.07,3356900
0.07,2987062
0.07,2936895
0.07,2917563
0.07,2843498
0.07,2548919
0.07,2502811
0.07,2279071
0.07,2274328
0.07,2269104
0.07,2256830
0.07,2244119
0.07,2223127
0.07,2182353
0.07,2179469
0.07,2129837
0.08,2061317
0.08,2055916
0.08,2055361
0.08,1952122
0.08,1931177
0.08,1899281
0.08,1890050
0.08,1853862
0.08,1837974
0.08,1836648
0.08,1823280
0.08,1772125
0.08,1769657
0.08,1764344
0.08,1757645
0.08,1735645
0.08,1719735
0.08,1718137
0.08,1716416
0.08,1705107
0.08,1683987
0.08,1654555
0.08,1643842
0.08,1638107
0.08,1633085
0.08,1632609
0.08,1630373
0.08,1608625
0.08,1605720
0.08,1588648
0.08,1587894
0.08,1559554
0.08,1540981
0.08,1537091
0.08,1536882
0.09,1523596
0.09,1522492
0.09,1516386
0.09,1512893
0.09,1496910
0.09,1491395
0.09,1490862
0.09,1477196
0.09,1463617
0.09,1456822
0.09,1446684
0.09,1445947
0.10,1443363
0.10,1442217
0.10,1440980
0.10,1440749
0.11,1439750
0.11,1421128
0.11,1419509
0.11,1415417
0.33,1412758
0.41,1410693
0.58,1407258
0.61,1405586
0.79,1403509
0.82,1400614
0.82,1400045
1.21,1398280
1.22,1397117
1.22,1395980
