0.01,6965154
0.01,6957744
0.01,6947483
0.01,6936777
0.01,6925294
0.01,6905815
0.01,6902358
0.01,6900957
0.01,6868507
0.01,6861869
0.01,6831239
0.01,6752617
0.01,6752613
0.01,6750457
0.01,6744519
0.01,6744034
0.01,6718652
0.01,6712962
0.01,6699397
0.01,6661401
0.02,6620943
0.02,6537533
0.02,6516148
0.02,6505309
0.02,6480820
0.02,6477992
0.02,6467179
0.02,6455239
0.02,6453503
0.02,6447106
0.02,6447085
0.02,6440789
0.02,6435657
0.02,6428570
0.02,6415359
0.02,6409958
0.02,6406381
0.02,6404880
0.02,6377994
0.02,6372668
0.02,6370152
0.02,6368910
0.02,6365581
0.02,6365024
0.02,6356634
0.02,6347727
0.02,6346386
0.02,6297135
0.02,6294072
0.02,6289429
0.02,6262202
0.02,6260859
0.02,6259728
0.02,6259539
0.02,6256282
0.02,6253685
0.03,6237901
0.03,6229902
0.03,6214540
0.03,6209645
0.03,6199047
0.03,6197582
0.03,6147495
0.03,6141421
0.03,6131814
0.03,6131444
0.03,6120077
0.03,6118731
0.03,6116350
0.03,6115509
0.03,6086047
0.03,6082140
0.03,6081025
0.03,6079660
0.03,5994535
0.03,5993613
0.03,5986897
0.03,5971610
0.03,5967786
0.03,5960320
0.03,5944166
0.04,5939240
0.04,5886301
0.04,5885133
0.04,5877767
0.04,5875079
0.04,5870203
0.04,5869223
0.04,5866042
0.04,5856291
0.04,5853956
0.04,5820987
0.04,5807756
0.04,5805069
0.04,5804904
0.04,5795449
0.04,5794108
0.04,5792241
0.04,5755578
0.04,5755542
0.04,5724642
0.04,5723508
0.04,5721247
0.04,5711614
0.04,5701047
0.04,5700505
0.04,5695006
0.04,5650149
0.04,5623058
0.04,5621523
0.04,5621003
0.04,5591942
0.04,5591817
0.04,5587304
0.04,5584291
0.04,5584000
0.04,5581212
0.04,5580815
0.04,5577577
0.04,5574091
0.04,5563590
0.04,5559852
0.04,5547748
0.04,5545715
0.04,5545648
0.04,5544028
0.04,5543336
0.04,5520832
0.05,5519489
0.05,5515326
0.05,5510937
0.05,5481939
0.05,5459177
0.05,5454534
0.05,5453022
0.05,5419197
0.05,5418407
0.05,5417672
0.05,5416801
0.05,5412210
0.05,5411386
0.05,5293441
0.05,5275981
0.05,5271372
0.05,5260040
0.05,5259507
0.05,5252043
0.05,5230742
0.05,5230223
0.05,5225898
0.05,5222166
0.05,5219268
0.05,5215485
0.05,5213353
0.05,5209952
0.05,5157103
0.05,5155447
0.05,5155131
0.05,5134566
0.05,5128239
0.05,5126851
0.05,5126316
0.05,5122187
0.05,5120997
0.05,5114907
0.05,5114582
0.05,5106028
0.05,5105115
0.05,5099784
0.05,5098253
0.05,5097929
0.05,5091332
0.05,5089227
0.05,5088811
0.05,5088512
0.05,5066133
0.05,5033201
0.05,5018222
0.06,4989217
0.06,4989080
0.06,4984877
0.06,4968555
0.06,4966302
0.06,4964244
0.06,4963021
0.06,4961664
0.06,4960979
0.06,4959838
0.06,4950913
0.06,4949683
0.06,4949302
0.06,4936397
0.06,4933541
0.06,4930228
0.06,4907604
0.06,4870687
0.06,4869492
0.06,4865212
0.06,4842428
0.06,4842216
0.06,4840532
0.06,4838262
0.06,4818002
0.06,4817086
0.06,4795576
0.06,4794723
0.06,4789592
0.06,4775080
0.06,4765251
0.06,4763797
0.06,4695526
0.06,4694916
0.06,4685944
0.06,4559399
0.06,4547313
0.06,4516679
0.06,4513262
0.06,4490542
0.06,4461876
0.06,4394422
0.06,4386829
0.06,4371915
0.06,4361861
0.06,4340300
0.06,4334456
0.06,4332502
0.06,4323967
0.06,4320735
0.06,4319172
0.06,4239198
0.06,4235157
0.06,4235113
0.06,4231620
0.07,4231328
0.07,4224427
0.07,4192350
0.07,4159259
0.07,4072360
0.07,4069907
0.07,4066600
0.07,4064040
0.07,4062803
0.07,4060927
0.07,4053596
0.07,4051140
0.07,4050438
0.07,4014830
0.07,4013442
0.07,4013064
0.07,4012879
0.07,4012702
0.07,3998588
0.07,3997227
0.07,3989713
0.07,3987500
0.07,3987073
0.07,3986925
0.07,3985719
0.07,3985626
0.07,3980505
0.07,3978552
0.07,3978369
0.08,3967269
0.08,3963517
0.08,3956417
0.08,3954908
0.08,3954850
0.08,3952474
0.08,3942394
0.08,3940551
0.08,3929401
0.08,3919742
0.08,3912384
0.08,3910189
0.08,3909594
0.08,3908935
0.08,3900240
0.08,3891441
0.08,3885706
0.08,3876082
0.08,3870289
0.08,3869971
0.08,3856578
0.08,3837909
0.08,3824753
0.08,3812380
0.08,3812034
0.08,3786055
0.08,3785883
0.08,3785397
0.08,3783174
0.08,3778752
0.08,3765475
0.08,3760604
0.08,3757961
0.08,3756641
0.08,3752750
0.08,3744751
0.08,3744281
0.08,3743891
0.08,3719754
0.08,3711937
0.08,3696777
0.08,3692080
0.08,3689047
0.08,3655826
0.08,3655525
0.08,3654461
0.08,3653659
0.08,3652474
0.08,3652198
0.08,3650550
0.08,3649484
0.08,3648403
0.08,3606927
0.08,3596270
0.08,3592345
0.09,3561816
0.09,3561475
0.09,3559673
0.09,3553392
0.09,3539187
0.09,3537494
0.09,3535731
0.09,3481932
0.09,3466529
0.09,3465972
0.09,3457671
0.09,3455866
0.09,3454647
0.09,3447400
0.09,3446636
0.09,3436159
0.09,3415716
0.09,3415675
0.09,3415611
0.09,3414809
0.09,3413347
0.09,3384959
0.09,3380900
0.09,3357152
0.09,3346110
0.09,3344851
0.09,3337576
0.09,3324830
0.09,3322391
0.09,3321798
0.09,3321780
0.09,3321197
0.09,3314470
0.09,3308903
0.09,3303311
0.09,3294796
0.09,3179720
0.09,3176949
0.10,3128768
0.10,3127891
0.10,3124590
0.10,3123857
0.10,3118586
0.10,3115176
0.10,3053354
0.10,3049592
0.10,2973629
0.10,2973613
0.10,2971557
0.10,2969167
0.10,2967102
0.10,2966298
0.10,2965833
0.10,2964150
0.10,2954557
0.10,2954130
0.10,2933732
0.10,2906762
0.10,2885761
0.10,2882518
0.10,2882181
0.10,2875957
0.10,2865034
0.10,2862785
0.10,2861158
0.10,2859296
0.10,2856986
0.10,2856696
0.10,2852965
0.10,2847523
0.10,2841903
0.10,2841464
0.10,2839964
0.11,2839881
0.11,2838434
0.11,2837563
0.11,2837489
0.11,2837079
0.11,2836888
0.11,2832378
0.11,2831535
0.11,2831352
0.11,2825507
0.11,2823525
0.11,2822072
0.11,2818873
0.11,2817876
0.11,2817205
0.11,2816879
0.11,2815417
0.11,2811906
0.11,2778525
0.11,2776828
0.11,2768417
0.11,2768404
0.11,2768364
0.11,2767071
0.11,2766446
0.11,2750658
0.11,2749895
0.11,2749759
0.11,2744877
0.11,2729104
0.11,2727077
0.11,2723434
0.11,2723249
0.11,2702623
0.12,2695624
0.12,2694197
0.12,2687414
0.12,2661841
0.12,2661249
0.12,2652079
0.12,2641584
0.12,2641380
0.12,2640196
0.12,2637410
0.12,2637384
0.12,2637098
0.12,2637085
0.12,2632231
0.12,2632194
0.12,2597462
0.12,2596996
0.12,2595471
0.12,2594639
0.12,2594533
0.12,2591127
0.12,2581564
0.12,2579794
0.12,2578627
0.12,2528608
0.12,2526522
0.12,2526319
0.12,2514194
0.12,2513241
0.12,2501593
0.13,2497025
0.13,2490543
0.13,2490286
0.13,2489999
0.13,2488699
0.13,2464990
0.13,2462204
0.13,2455144
0.13,2453435
0.13,2452466
0.13,2451864
0.13,2440443
0.13,2439955
0.13,2439231
0.13,2437686
0.13,2406637
0.13,2402847
0.13,2402699
0.13,2402526
0.13,2400221
0.13,2400051
0.13,2389306
0.13,2388866
0.13,2387151
0.13,2384346
0.13,2374981
0.13,2369709
0.13,2367596
0.14,2362138
0.14,2351301
0.14,2351145
0.14,2346958
0.14,2343265
0.14,2340766
0.14,2333215
0.14,2333131
0.14,2308802
0.14,2308438
0.14,2305889
0.14,2305113
0.14,2304908
0.14,2297204
0.14,2296564
0.14,2294583
0.14,2294056
0.14,2293129
0.14,2291425
0.14,2291360
0.14,2290323
0.14,2283520
0.14,2282947
0.14,2281874
0.14,2278085
0.14,2277423
0.14,2276338
0.14,2276176
0.14,2274979
0.14,2271284
0.14,2270915
0.14,2229357
0.15,2229069
0.15,2228695
0.15,2227183
0.15,2215770
0.15,2206642
0.15,2205538
0.15,2203847
0.15,2200448
0.15,2195369
0.15,2193095
0.15,2192916
0.15,2186488
0.15,2184843
0.15,2184348
0.15,2158679
0.15,2157167
0.15,2154682
0.15,2123463
0.15,2121548
0.15,2105438
0.15,2104711
0.16,2099330
0.16,2099179
0.16,2098613
0.16,2098479
0.16,2097827
0.16,2089623
0.16,2086643
0.16,2084530
0.16,2084077
0.16,2081089
0.16,2079676
0.16,2007320
0.16,2006465
0.16,2006256
0.16,2004897
0.16,1999682
0.16,1999366
0.16,1996955
0.16,1996264
0.16,1994634
0.17,1993504
0.17,1990716
0.17,1990468
0.17,1990002
0.17,1988378
0.17,1975778
0.17,1975738
0.17,1967861
0.17,1955833
0.17,1947569
0.17,1947566
0.17,1946195
0.17,1945910
0.17,1851862
0.17,1850836
0.18,1848147
0.18,1840097
0.18,1839385
0.18,1832644
0.18,1813494
0.18,1808917
0.18,1807790
0.18,1805150
0.18,1804449
0.18,1796095
0.18,1795852
0.18,1791803
0.18,1790568
0.18,1775126
0.18,1774539
0.18,1772313
0.18,1771902
0.19,1769722
0.19,1769068
0.19,1767761
0.19,1766983
0.19,1763593
0.19,1762391
0.19,1760015
0.19,1758743
0.20,1757387
0.20,1756627
0.20,1724820
0.20,1719915
0.20,1719640
0.20,1719408
0.20,1717134
0.20,1715989
0.21,1713763
0.21,1713749
0.22,1712743
0.22,1711755
0.22,1704121
0.22,1703163
0.22,1686535
0.22,1683488
0.22,1679771
0.22,1678437
0.22,1677767
0.22,1673686
0.22,1672727
0.22,1672097
0.23,1671637
0.23,1671022
0.23,1670103
0.23,1670066
0.23,1669288
0.23,1669104
0.23,1665371
0.23,1661702
0.23,1661649
0.23,1632316
0.23,1629658
0.23,1629210
0.23,1629006
0.23,1589968
0.24,1589465
0.24,1589118
0.24,1579131
0.24,1578735
0.24,1578158
0.24,1577745
0.24,1577517
0.24,1577030
0.24,1576693
0.24,1573486
0.24,1567725
0.24,1567024
0.24,1559031
0.25,1558675
0.25,1550425
0.25,1548713
0.25,1547850
0.25,1547660
0.25,1542047
0.25,1490832
0.25,1482206
0.25,1480277
0.25,1479036
0.25,1478271
0.25,1477728
0.26,1473470
0.26,1468939
0.26,1466868
0.26,1465403
0.26,1460573
0.26,1459274
0.26,1459193
0.27,1457549
0.27,1457440
0.27,1453258
0.27,1453060
0.27,1452067
0.27,1449014
0.27,1447384
0.27,1447177
0.27,1447158
0.27,1446828
0.27,1445587
0.27,1444422
0.27,1442981
0.28,1441253
0.28,1441028
0.28,1440481
0.28,1439229
0.28,1437908
0.28,1437081
0.28,1436924
0.28,1436623
0.29,1428355
0.29,1428170
0.29,1420286
0.29,1419856
0.29,1419467
0.29,1419372
0.29,1410470
0.29,1410320
0.30,1409246
0.30,1408721
0.30,1405699
0.30,1403160
0.30,1401818
0.30,1401651
0.30,1401448
0.30,1400276
0.30,1400253
0.31,1396317
0.31,1391802
0.31,1388665
0.31,1386965
0.31,1385454
0.31,1384682
0.31,1384325
0.31,1381583
0.31,1381178
0.31,1380049
0.31,1377786
0.31,1352571
0.31,1350120
0.31,1349366
0.31,1349251
0.31,1346505
0.32,1345478
0.32,1344887
0.32,1335901
0.32,1334969
0.32,1334034
0.32,1333278
0.32,1331966
0.32,1331441
0.32,1330356
0.32,1329119
0.33,1327479
0.33,1326408
0.33,1324553
0.33,1322829
0.33,1311773
0.33,1305413
0.33,1304004
0.33,1302447
0.33,1301803
0.33,1300998
0.33,1294148
0.34,1263642
0.34,1262769
0.34,1260498
0.34,1258220
0.34,1257423
0.34,1257073
0.35,1254608
0.35,1254546
0.35,1247110
0.35,1241545
0.35,1240709
0.35,1240265
0.35,1238907
0.35,1213699
0.35,1212871
0.36,1211539
0.36,1210863
0.36,1210386
0.36,1208578
0.36,1195997
0.36,1195778
0.36,1195351
0.37,1193971
0.37,1192104
0.37,1188519
0.37,1186501
0.37,1185907
0.38,1185885
0.38,1182691
0.38,1182108
0.38,1182099
0.39,1173004
0.39,1172178
0.39,1161605
0.39,1161226
0.39,1160832
0.40,1160329
0.40,1153070
0.40,1152621
0.41,1151581
0.41,1143041
0.41,1142546
0.41,1142220
0.41,1142046
0.41,1141715
0.41,1140696
0.42,1140144
0.42,1138730
0.42,1137928
0.42,1136634
0.42,1136377
0.42,1119057
0.43,1116838
0.43,1116835
0.44,1116387
0.45,1114537
0.45,1110724
0.45,1110240
0.45,1108257
0.46,1107558
0.46,1106058
0.46,1104587
0.46,1103901
0.46,1102929
0.46,1093914
0.46,1092770
0.47,1092322
0.47,1084638
0.47,1083994
0.47,1083098
0.47,1082942
0.47,1079986
0.47,1078907
0.48,1078306
0.48,1076837
0.48,1076417
0.49,1076000
0.49,1072967
0.49,1072871
0.49,1072461
0.49,1065950
0.50,1064880
0.50,1063710
0.51,1062650
0.51,1056745
0.51,1056036
0.51,1048109
0.51,1048087
0.52,1046241
0.52,1045425
0.52,1045231
0.52,1045187
0.52,1043149
0.53,1043109
0.53,1043088
0.54,1042680
0.54,1042300
0.54,1041706
0.54,1041442
0.55,1040621
0.55,1040045
0.55,1039759
0.55,1039356
0.57,1039285
0.58,1039195
0.58,1036229
0.58,1034124
0.58,1032467
0.58,1031525
0.59,1031066
0.59,1030406
0.59,1017712
0.59,1014031
0.60,1008409
0.60,1007855
0.61,985697
0.61,984006
0.61,983806
0.61,982543
0.61,981048
0.62,980240
0.62,970762
0.62,957187
0.63,957107
0.63,955739
0.63,955178
0.63,955149
0.63,950253
0.63,949465
0.64,949240
0.65,948966
0.65,948832
0.65,948621
0.66,948573
0.66,946880
0.66,945893
0.67,945011
0.67,939975
0.67,938990
0.67,938072
0.68,937454
0.68,937445
0.68,935205
0.69,920210
0.69,920181
0.69,920163
0.70,918716
0.70,915419
0.71,915149
0.71,915141
0.71,915126
0.72,913356
0.72,912846
0.72,912797
0.73,911798
0.74,911411
0.75,911239
0.75,911044
0.75,910346
0.75,905188
0.75,904202
0.75,903592
0.76,903096
0.76,902629
0.77,901106
0.77,900981
0.77,900538
0.77,898925
0.78,898586
0.78,898556
0.79,898246
0.79,896976
0.79,896234
0.80,894759
0.80,893923
0.81,893107
0.81,892199
0.82,891165
0.82,884223
0.82,883757
0.83,854210
0.83,853786
0.83,852266
0.84,851369
0.84,848884
0.85,848874
0.85,847832
0.85,841336
0.86,840587
0.86,837326
0.87,835808
0.87,833972
0.88,832603
0.89,831855
0.90,825670
0.90,825591
0.91,825321
0.91,824775
0.92,824757
0.92,824720
0.92,823986
0.94,822809
0.94,822521
0.94,822521
0.94,820602
0.94,820388
0.97,818823
0.97,818231
0.98,817871
0.98,817039
0.98,816859
1.00,816262
1.00,815317
1.02,815254
1.02,811697
1.03,811692
1.03,811234
1.03,807007
1.04,806719
1.04,806648
1.05,805044
1.05,804536
1.05,803641
1.06,802858
1.06,802742
1.09,802703
1.09,800572
1.09,800428
1.10,799842
1.10,798620
1.10,783845
1.11,782827
1.11,782756
1.12,782030
1.14,779658
1.16,778910
1.16,778472
1.17,778236
1.17,778146
1.17,772186
1.18,754389
1.18,754366
1.19,753118
1.21,751814
1.21,751645
1.21,746061
1.23,745570
1.23,745382
1.24,744597
1.25,743840
1.25,743285
1.25,743276
1.26,742323
1.29,741534
1.29,741339
1.30,738249
1.32,737088
1.34,736477
1.35,736000
1.35,734567
1.37,734545
1.38,734261
1.39,734012
1.42,733898
1.44,733896
1.45,731629
1.46,731572
1.47,731521
1.48,731261
1.52,731029
1.52,730462
1.55,722389
1.56,722388
1.56,720554
1.57,718948
1.57,718784
1.63,718305
1.63,717738
1.64,717334
1.66,713179
1.71,712503
1.72,712114
1.78,711093
1.82,711022
1.86,708078
1.89,707409
1.90,707010
1.93,706841
1.94,702420
2.01,702027
2.01,700876
2.04,699741
2.11,699205
2.25,699043
2.28,697732
2.31,697685
2.50,697513
2.65,697452
2.77,697300
2.86,697162
2.88,696839
2.88,696793
3.04,696391
3.08,696371
3.11,696195
3.21,695913
3.24,695891
3.40,695846
6.75,695337
6.84,692852
6.89,691661
7.04,691517
7.24,690580
7.39,690503
7.43,689160
7.51,688767
7.82,688630
7.89,688484
7.99,687692
8.23,687662
8.29,686971
8.43,686218
10.50,684135
10.60,683260
10.60,681128
10.65,680745
10.87,680284
11.22,679756
15.52,678914
15.68,678632
15.88,677962
127.92,677821
128.13,676853
133.20,676368
133.41,676087
133.51,675932
133.70,675483
133.77,675055
134.09,674850
143.97,674672
156.32,673727
156.33,672929
156.37,671353
156.46,671204
156.61,670602
156.61,670537
156.85,668950
156.93,668419
159.16,666447
