0.00,6994600
0.01,6973690
0.01,6961344
0.01,6961024
0.01,6960313
0.01,6956595
0.01,6873440
0.01,6870531
0.01,6865632
0.01,6841037
0.01,6839139
0.01,6791034
0.01,6790570
0.01,6786869
0.01,6781797
0.01,6713878
0.02,6711294
0.02,6709860
0.02,6693889
0.02,6692318
0.02,6672916
0.02,6609481
0.02,6609403
0.02,6601273
0.02,6595333
0.02,6585119
0.02,6559040
0.02,6520216
0.02,6519370
0.02,6515803
0.02,6470198
0.02,6460554
0.02,6423639
0.02,6421595
0.02,6410180
0.02,6408811
0.02,6407552
0.02,6399130
0.02,6398690
0.02,6397516
0.02,6397443
0.02,6396732
0.02,6372947
0.02,6358254
0.02,6341393
0.02,6340461
0.02,6330672
0.02,6321996
0.02,6306290
0.02,6297760
0.03,6280734
0.03,6280250
0.03,6279189
0.03,6278277
0.03,6267499
0.03,6266032
0.03,6261440
0.03,6249864
0.03,6225779
0.03,6223972
0.03,6217289
0.03,6217190
0.03,6213025
0.03,6192553
0.03,6185342
0.03,6180385
0.03,6169833
0.03,6169649
0.03,6169584
0.03,6164375
0.04,6161369
0.04,6120378
0.04,6115770
0.04,6108760
0.04,6108601
0.04,6108301
0.04,6101567
0.04,6094551
0.04,6092168
0.04,6037118
0.04,5919557
0.04,5913158
0.04,5912289
0.04,5909722
0.04,5896497
0.04,5874211
0.04,5843524
0.04,5817640
0.04,5815285
0.04,5810219
0.04,5808651
0.04,5807000
0.04,5799865
0.04,5795924
0.04,5773949
0.04,5772276
0.04,5764792
0.04,5759185
0.04,5756991
0.04,5756271
0.04,5755437
0.04,5754214
0.04,5749915
0.04,5693871
0.04,5691705
0.04,5689669
0.04,5688111
0.04,5677692
0.04,5669050
0.04,5652273
0.04,5650965
0.04,5618885
0.05,5613789
0.05,5611164
0.05,5599983
0.05,5589940
0.05,5589756
0.05,5584837
0.05,5546714
0.05,5543989
0.05,5492898
0.05,5476063
0.05,5460406
0.05,5446374
0.05,5433268
0.05,5433124
0.05,5424586
0.05,5421846
0.05,5417600
0.05,5413974
0.05,5411525
0.05,5410453
0.05,5401711
0.05,5369843
0.05,5357006
0.05,5349036
0.05,5334639
0.05,5324865
0.05,5313146
0.05,5248953
0.05,5240988
0.05,5191697
0.05,5191333
0.05,5181663
0.05,5178651
0.05,5122626
0.05,5117537
0.05,5105743
0.05,5101526
0.05,5097194
0.05,5076807
0.05,5075522
0.06,5062157
0.06,5061413
0.06,5059481
0.06,5040768
0.06,5018686
0.06,5018637
0.06,5018425
0.06,5001942
0.06,4965836
0.06,4961958
0.06,4950157
0.06,4943160
0.06,4942841
0.06,4941914
0.06,4797521
0.06,4772748
0.06,4766649
0.06,4765451
0.06,4762017
0.06,4745953
0.06,4741529
0.06,4741069
0.06,4740229
0.06,4735877
0.06,4735213
0.06,4730867
0.06,4722623
0.06,4715342
0.06,4694334
0.06,4693781
0.06,4680822
0.06,4640952
0.06,4639124
0.06,4544591
0.06,4532202
0.06,4532109
0.06,4531298
0.06,4526261
0.06,4521465
0.06,4514658
0.06,4501692
0.06,4501455
0.06,4500300
0.06,4495018
0.06,4469066
0.06,4464178
0.06,4452089
0.07,4451251
0.07,4449526
0.07,4445379
0.07,4443298
0.07,4438255
0.07,4438188
0.07,4437260
0.07,4436374
0.07,4436058
0.07,4424863
0.07,4404800
0.07,4394884
0.07,4373371
0.07,4370677
0.07,4369984
0.07,4369961
0.07,4368753
0.07,4366628
0.07,4351769
0.07,4290495
0.07,4281136
0.07,4277735
0.07,4257477
0.07,4256376
0.07,4254995
0.07,4253665
0.07,4249852
0.07,4244377
0.07,4243605
0.07,4237769
0.07,4218531
0.07,4217908
0.07,4215417
0.07,4211917
0.07,4210767
0.07,4181469
0.07,4176162
0.07,4158204
0.07,4157991
0.07,4154189
0.07,4053868
0.07,4050612
0.07,4050369
0.07,4045371
0.07,4045146
0.07,4031079
0.07,4030985
0.07,4020924
0.07,3999747
0.07,3998299
0.07,3996877
0.07,3996418
0.07,3995152
0.07,3994685
0.07,3992270
0.08,3989228
0.08,3988283
0.08,3986195
0.08,3984323
0.08,3983182
0.08,3980701
0.08,3980481
0.08,3880126
0.08,3871745
0.08,3870853
0.08,3869784
0.08,3869590
0.08,3841127
0.08,3835820
0.08,3835226
0.08,3819165
0.08,3747384
0.08,3734701
0.08,3734276
0.08,3663948
0.08,3661698
0.08,3661452
0.08,3645611
0.08,3622726
0.08,3621971
0.08,3620016
0.08,3619830
0.08,3618019
0.08,3612972
0.08,3583703
0.08,3578410
0.08,3574226
0.08,3572713
0.08,3567641
0.08,3566314
0.08,3558627
0.08,3553519
0.08,3549352
0.08,3535016
0.08,3533566
0.08,3532373
0.08,3531797
0.08,3524406
0.08,3523911
0.08,3512961
0.08,3511083
0.08,3510073
0.09,3509650
0.09,3493995
0.09,3479323
0.09,3473669
0.09,3473044
0.09,3472886
0.09,3428311
0.09,3427844
0.09,3427815
0.09,3426962
0.09,3423080
0.09,3421974
0.09,3385790
0.09,3385752
0.09,3367299
0.09,3365939
0.09,3365609
0.09,3363799
0.09,3363699
0.09,3362364
0.09,3340636
0.09,3340303
0.09,3339319
0.09,3312355
0.09,3303421
0.09,3300508
0.09,3300364
0.09,3299912
0.09,3290340
0.09,3277308
0.09,3276325
0.09,3274367
0.09,3269675
0.09,3266868
0.09,3265600
0.09,3262441
0.09,3256662
0.09,3253897
0.09,3250304
0.09,3241763
0.09,3238843
0.09,3226997
0.09,3221681
0.09,3216611
0.09,3204918
0.09,3204908
0.09,3204490
0.09,3117743
0.09,3116540
0.09,3113679
0.10,3113018
0.10,3112662
0.10,3108974
0.10,3108641
0.10,3107318
0.10,3106714
0.10,3106281
0.10,3082549
0.10,3082140
0.10,3078535
0.10,3078255
0.10,3077251
0.10,3075546
0.10,3073768
0.10,3071319
0.10,3066778
0.10,3066308
0.10,3063815
0.10,3062739
0.10,3047204
0.10,3046673
0.10,3042444
0.10,3040152
0.10,3040063
0.10,3038571
0.10,3037684
0.10,3037189
0.10,3035920
0.10,3005380
0.10,3003550
0.10,2996305
0.10,2993869
0.11,2990363
0.11,2988567
0.11,2973678
0.11,2972272
0.11,2972204
0.11,2971860
0.11,2969338
0.11,2966222
0.11,2965274
0.11,2960665
0.11,2958823
0.11,2958292
0.11,2951337
0.11,2949767
0.11,2949045
0.11,2945252
0.11,2944596
0.11,2942884
0.11,2939595
0.11,2939442
0.11,2926852
0.11,2920072
0.11,2915703
0.11,2911629
0.11,2888149
0.11,2887328
0.11,2886103
0.12,2834925
0.12,2833342
0.12,2829628
0.12,2828638
0.12,2819081
0.12,2815165
0.12,2806613
0.12,2806322
0.12,2805187
0.12,2805176
0.12,2804011
0.12,2803990
0.12,2797206
0.12,2793386
0.12,2793218
0.12,2788027
0.12,2759805
0.12,2758799
0.12,2752651
0.12,2752565
0.12,2749976
0.12,2749417
0.12,2748037
0.12,2747979
0.12,2746598
0.12,2745183
0.12,2743530
0.12,2742636
0.12,2742131
0.13,2705668
0.13,2701680
0.13,2699395
0.13,2697301
0.13,2696339
0.13,2673142
0.13,2630269
0.13,2630017
0.13,2629945
0.13,2628977
0.13,2628013
0.13,2626154
0.13,2625913
0.13,2622537
0.13,2613032
0.13,2607328
0.13,2584145
0.13,2581967
0.13,2576685
0.13,2556202
0.13,2552595
0.13,2552528
0.13,2547851
0.13,2543556
0.13,2540071
0.13,2539887
0.13,2537090
0.13,2536998
0.13,2532945
0.13,2531010
0.13,2513238
0.13,2491384
0.13,2485623
0.13,2483058
0.14,2482810
0.14,2481965
0.14,2481271
0.14,2480539
0.14,2479180
0.14,2466625
0.14,2452060
0.14,2451941
0.14,2450114
0.14,2440007
0.14,2438809
0.14,2437931
0.14,2437531
0.14,2436531
0.14,2434762
0.14,2432766
0.14,2432029
0.14,2431252
0.14,2426942
0.14,2425981
0.14,2424208
0.14,2422728
0.14,2413947
0.14,2407146
0.14,2398304
0.14,2393138
0.14,2391988
0.14,2343878
0.14,2341607
0.14,2338365
0.14,2331502
0.14,2331199
0.14,2263112
0.14,2258920
0.14,2258579
0.14,2256613
0.15,2256607
0.15,2256411
0.15,2224623
0.15,2223401
0.15,2222288
0.15,2219045
0.15,2218511
0.15,2188966
0.15,2185848
0.15,2184266
0.15,2183347
0.15,2181328
0.15,2178548
0.15,2175593
0.15,2175327
0.15,2174828
0.15,2172947
0.15,2164269
0.15,2164185
0.15,2163590
0.15,2163070
0.15,2162343
0.15,2156366
0.15,2156177
0.15,2152310
0.16,2152167
0.16,2114699
0.16,2113265
0.16,2109785
0.16,2103377
0.16,2101370
0.16,2095685
0.16,2095559
0.16,2095102
0.16,2092907
0.16,2092541
0.16,2091087
0.16,2090738
0.16,2085763
0.16,2084394
0.16,2083221
0.16,2082649
0.16,2082609
0.16,2081244
0.16,2073741
0.17,2072834
0.17,2072787
0.17,2068289
0.17,2063655
0.17,2063490
0.17,2063196
0.17,2061541
0.17,2060652
0.17,2060220
0.17,2056792
0.17,2056511
0.17,2045628
0.17,2045113
0.17,1977859
0.17,1977053
0.17,1974637
0.18,1974604
0.18,1971061
0.18,1970015
0.18,1967530
0.18,1967100
0.18,1965954
0.18,1963198
0.18,1962454
0.18,1958643
0.18,1955499
0.18,1954671
0.18,1954266
0.18,1953683
0.18,1949729
0.18,1948570
0.18,1948152
0.18,1934668
0.18,1932455
0.18,1932428
0.18,1932313
0.18,1931934
0.18,1927643
0.18,1926658
0.18,1917169
0.18,1916911
0.18,1898151
0.19,1843160
0.19,1842913
0.19,1842856
0.19,1840296
0.19,1839155
0.19,1834450
0.19,1833268
0.19,1827664
0.19,1826774
0.19,1814302
0.19,1813818
0.19,1808087
0.19,1806941
0.19,1804608
0.19,1803603
0.20,1796503
0.20,1770968
0.20,1768385
0.20,1765416
0.20,1754268
0.20,1739582
0.20,1732268
0.21,1731611
0.21,1731415
0.21,1729415
0.21,1727945
0.21,1721286
0.21,1720011
0.21,1718960
0.21,1718276
0.21,1717845
0.21,1717309
0.21,1716420
0.21,1710071
0.22,1704593
0.22,1704442
0.22,1663079
0.22,1662081
0.22,1661855
0.22,1660045
0.22,1656078
0.23,1653569
0.23,1650401
0.23,1637875
0.23,1636251
0.23,1635554
0.23,1635435
0.23,1634532
0.23,1634470
0.23,1630218
0.23,1628459
0.23,1626434
0.23,1621310
0.23,1619624
0.23,1619035
0.23,1593073
0.23,1591920
0.23,1591768
0.23,1588024
0.23,1586748
0.24,1586594
0.24,1584442
0.24,1584138
0.24,1583134
0.24,1582610
0.24,1580462
0.24,1575310
0.24,1568028
0.24,1564876
0.24,1557090
0.24,1556362
0.24,1556201
0.24,1555451
0.24,1555383
0.25,1554894
0.25,1554772
0.25,1528131
0.25,1525338
0.25,1522973
0.25,1521786
0.25,1518336
0.26,1516003
0.26,1513278
0.26,1510133
0.26,1508249
0.26,1508115
0.26,1507656
0.26,1507427
0.26,1507401
0.26,1504602
0.26,1504306
0.26,1501083
0.26,1496657
0.26,1496590
0.26,1496165
0.26,1482383
0.27,1476591
0.27,1474534
0.27,1472926
0.27,1470498
0.27,1469886
0.27,1469147
0.27,1468939
0.27,1468569
0.27,1467807
0.27,1464120
0.27,1463106
0.28,1461137
0.28,1460514
0.28,1460277
0.28,1458548
0.28,1458389
0.28,1457352
0.28,1456527
0.28,1452907
0.28,1452293
0.28,1450217
0.28,1447051
0.29,1446331
0.29,1442147
0.29,1440577
0.29,1425532
0.29,1421742
0.29,1420824
0.29,1399299
0.29,1399284
0.29,1399207
0.29,1397850
0.29,1397270
0.29,1384845
0.30,1381293
0.30,1380731
0.30,1379737
0.30,1379428
0.30,1377690
0.30,1376540
0.30,1351399
0.31,1344632
0.31,1337720
0.31,1336857
0.31,1336317
0.31,1336099
0.31,1335351
0.31,1319609
0.32,1319243
0.32,1310774
0.32,1309776
0.32,1309305
0.32,1303697
0.32,1296118
0.32,1295618
0.32,1293680
0.33,1293036
0.33,1292988
0.33,1285459
0.33,1285041
0.33,1284249
0.33,1282296
0.33,1263241
0.33,1263037
0.33,1262055
0.34,1261572
0.34,1254557
0.34,1253472
0.34,1252221
0.34,1252211
0.34,1252098
0.34,1251999
0.35,1251437
0.35,1250000
0.35,1249711
0.35,1249025
0.36,1248613
0.36,1247734
0.36,1246497
0.36,1246483
0.36,1242251
0.36,1239676
0.37,1239355
0.37,1239206
0.37,1239177
0.37,1238272
0.37,1237429
0.37,1237282
0.37,1237237
0.38,1235107
0.38,1232263
0.38,1192791
0.38,1190520
0.38,1187118
0.38,1186784
0.38,1186557
0.38,1184606
0.38,1183335
0.38,1174658
0.38,1174461
0.38,1174080
0.38,1172236
0.39,1170645
0.39,1168866
0.39,1168651
0.40,1159653
0.40,1159515
0.40,1153223
0.40,1153004
0.41,1152573
0.41,1151222
0.41,1151021
0.41,1150565
0.41,1150520
0.41,1150308
0.42,1148037
0.42,1147600
0.42,1146574
0.42,1143823
0.42,1139659
0.42,1139342
0.43,1138019
0.43,1125115
0.43,1122399
0.43,1121777
0.43,1121424
0.44,1121365
0.44,1108025
0.44,1105647
0.44,1103941
0.44,1101711
0.44,1101057
0.44,1100710
0.45,1099746
0.45,1098085
0.45,1097861
0.45,1095731
0.45,1095729
0.45,1094984
0.45,1083316
0.45,1082063
0.46,1073513
0.46,1072997
0.46,1068969
0.46,1067743
0.46,1067433
0.46,1065940
0.47,1065790
0.47,1063751
0.47,1063258
0.48,1062501
0.48,1062324
0.48,1061548
0.48,1061216
0.48,1042205
0.49,1041831
0.49,1041639
0.49,1040907
0.49,1036175
0.49,1028285
0.49,1028083
0.50,1024637
0.50,1024558
0.50,1024244
0.51,1023241
0.51,1021878
0.51,1020478
0.51,1017027
0.52,1016429
0.52,1015783
0.52,1009157
0.53,1006108
0.53,1005487
0.53,1004176
0.53,1002607
0.54,1002231
0.54,1001019
0.54,1000534
0.54,1000390
0.55,1000370
0.55,999668
0.55,991350
0.55,991343
0.55,990890
0.55,990144
0.55,989797
0.56,989069
0.56,988068
0.56,977321
0.56,977107
0.56,975283
0.57,975033
0.57,974533
0.58,973020
0.58,970922
0.58,970436
0.58,945910
0.59,942800
0.60,942750
0.60,941004
0.61,933048
0.61,932755
0.61,932429
0.61,917359
0.61,914267
0.62,913571
0.62,913394
0.62,913304
0.63,908732
0.63,908167
0.64,906107
0.64,905973
0.64,905664
0.65,904359
0.65,896870
0.66,895541
0.67,893793
0.67,893603
0.67,891961
0.67,891690
0.68,889737
0.68,888424
0.68,888291
0.68,887959
0.68,868971
0.69,868816
0.69,868549
0.70,867634
0.71,867594
0.71,867420
0.71,865595
0.72,865516
0.72,863112
0.72,862898
0.73,862704
0.74,860873
0.74,860346
0.74,859916
0.76,856442
0.77,855684
0.77,855644
0.77,854898
0.77,854618
0.77,854335
0.77,854237
0.78,853794
0.78,852207
0.78,851071
0.78,848406
0.79,834173
0.79,828019
0.80,826965
0.80,825998
0.81,825658
0.81,821787
0.81,820770
0.81,820613
0.81,816990
0.82,815760
0.82,810578
0.82,809897
0.84,809522
0.85,808568
0.85,805430
0.87,800899
0.88,799513
0.88,797524
0.90,797146
0.90,795480
0.90,795078
0.91,790884
0.91,789997
0.92,788340
0.92,788136
0.92,787498
0.93,785709
0.93,784050
0.94,783793
0.95,783598
0.95,777774
0.95,777521
0.95,777503
0.98,776767
0.98,774946
0.98,774805
0.99,774499
0.99,774362
1.02,773006
1.03,770361
1.04,770131
1.04,760579
1.05,760096
1.06,759109
1.06,758736
1.07,758136
1.07,757008
1.08,746675
1.08,746151
1.09,745567
1.09,743756
1.11,743512
1.11,740858
1.11,736566
1.14,736022
1.15,718919
1.16,718151
1.18,717597
1.19,715838
1.19,715604
1.25,715318
1.27,714673
1.27,712689
1.28,712368
1.29,712256
1.30,712228
1.31,709284
1.31,708171
1.33,707980
1.33,707958
1.34,706948
1.34,706074
1.38,704848
1.39,704329
1.40,702690
1.42,702301
1.46,701717
1.46,701661
1.47,701145
1.47,701084
1.48,701074
1.49,700977
1.50,698419
1.53,698168
1.56,697835
1.56,696928
1.59,696386
1.67,695596
1.70,695087
1.81,695074
1.88,694419
1.89,694245
1.90,694101
2.01,693915
2.10,691358
2.20,690664
2.59,689837
2.62,688884
4.26,688557
4.26,688175
4.71,688075
4.93,687460
9.03,687135
9.15,686688
9.30,685536
9.42,684455
9.65,684287
80.07,681677
80.50,681402
90.29,680826
90.40,680647
90.49,680396
90.75,679777
176.09,679692
176.16,679440
176.17,679341
176.35,678851
269.79,675428
270.04,675419
270.09,675223
270.32,674855
270.52,674789
270.71,674274
270.90,672928
597.76,672907
597.76,672841
597.78,672358
597.81,672000
597.92,671965
597.94,671714
597.95,671696
598.00,671499
598.06,670885
598.10,670497
598.21,670129
