0.06,7047001
0.07,7029669
0.07,6988038
0.07,6981202
0.07,6963335
0.07,6961686
0.07,6950678
0.07,6938403
0.07,6935172
0.08,6930391
0.08,6930336
0.08,6929192
0.08,6871098
0.08,6870899
0.08,6832772
0.08,6825842
0.08,6825179
0.08,6821229
0.09,6820276
0.09,6815039
0.09,6808666
0.09,6767073
0.09,6742113
0.09,6739804
0.09,6733227
0.09,6733043
0.09,6721869
0.09,6721699
0.09,6713262
0.09,6704590
0.09,6679027
0.09,6664082
0.09,6657298
0.09,6646520
0.09,6645594
0.09,6643702
0.09,6642736
0.09,6606009
0.09,6576020
0.09,6574897
0.09,6572776
0.09,6564565
0.09,6562724
0.09,6540875
0.09,6527729
0.09,6523709
0.09,6512132
0.09,6511963
0.09,6474596
0.10,6472039
0.10,6336259
0.10,6325231
0.10,6302895
0.10,6302873
0.10,6294374
0.10,6260991
0.10,6249024
0.10,6246779
0.10,6240607
0.10,6225821
0.10,6221777
0.10,6218653
0.10,6196143
0.11,6193490
0.11,6187383
0.11,6185635
0.11,6184286
0.11,6179997
0.11,6153608
0.11,6139645
0.11,6135913
0.11,6128044
0.11,6127516
0.11,6123679
0.11,6121531
0.11,6120623
0.11,6120414
0.11,6092978
0.11,6077145
0.11,6066974
0.11,6041634
0.11,6041038
0.11,6039073
0.11,6035486
0.11,6006623
0.11,5997993
0.11,5990113
0.11,5970560
0.11,5961861
0.11,5945048
0.11,5937236
0.12,5932716
0.12,5916353
0.12,5900655
0.12,5892285
0.12,5866752
0.12,5862091
0.12,5858832
0.12,5827900
0.12,5820240
0.12,5816839
0.12,5806977
0.12,5801539
0.12,5795960
0.12,5774519
0.12,5772335
0.12,5760550
0.12,5758766
0.12,5733622
0.12,5707124
0.12,5694270
0.12,5685146
0.12,5685012
0.12,5673075
0.12,5601746
0.12,5597767
0.12,5594903
0.12,5594180
0.13,5589079
0.13,5588545
0.13,5586362
0.13,5581508
0.13,5579173
0.13,5576306
0.13,5571135
0.13,5544123
0.13,5540515
0.13,5531587
0.13,5527224
0.13,5512138
0.13,5485775
0.13,5425750
0.14,5407944
0.14,5387683
0.14,5383437
0.14,5371458
0.14,5366290
0.14,5363833
0.14,5359090
0.14,5337426
0.14,5333603
0.14,5308830
0.14,5302390
0.14,5300994
0.14,5299374
0.14,5260217
0.14,5248306
0.14,5247719
0.14,5219742
0.14,5218516
0.14,5213253
0.14,5206313
0.14,5200580
0.14,5149574
0.14,5078354
0.14,5076509
0.14,5071146
0.14,5063365
0.14,5058765
0.14,5051430
0.15,5048452
0.15,4976762
0.15,4975065
0.15,4973177
0.15,4971985
0.15,4962550
0.15,4957931
0.15,4953539
0.15,4950681
0.15,4937249
0.15,4905129
0.15,4905123
0.15,4889762
0.15,4888349
0.15,4884003
0.15,4862168
0.15,4846068
0.15,4833003
0.15,4832793
0.15,4825741
0.15,4816353
0.15,4808269
0.15,4781270
0.15,4778428
0.15,4777216
0.15,4768572
0.15,4646164
0.15,4635193
0.15,4634393
0.15,4627471
0.15,4509812
0.16,4500146
0.16,4494062
0.16,4489504
0.16,4480989
0.16,4429410
0.16,4344786
0.16,4331179
0.16,4327163
0.16,4325780
0.16,4322572
0.16,4322266
0.16,4321742
0.16,4319652
0.16,4319130
0.16,4249053
0.16,4248224
0.16,4247047
0.16,4240804
0.16,4225345
0.16,4222358
0.16,4220019
0.16,4219011
0.16,4215937
0.16,4209937
0.16,4206584
0.16,4203117
0.17,4184043
0.17,4183898
0.17,4178525
0.17,4170959
0.17,4168278
0.17,4157390
0.18,4147746
0.18,4147710
0.19,4147056
0.19,4144485
0.19,4139402
0.19,4125253
0.19,4121768
0.19,4107364
0.19,4097087
0.19,4095794
0.19,4093109
0.19,4089373
0.19,4088678
0.19,4078309
0.19,4077271
0.19,4076990
0.19,4076694
0.19,4070576
0.19,4068577
0.19,4067245
0.19,4050616
0.19,4044759
0.19,4043685
0.19,4041569
0.19,4041560
0.19,4041466
0.19,4038346
0.19,4037025
0.20,4023773
0.20,4008114
0.20,4006739
0.20,4004125
0.20,3998519
0.20,3996602
0.20,3989044
0.20,3983183
0.20,3961030
0.20,3957634
0.20,3955083
0.20,3954757
0.20,3949025
0.20,3938162
0.20,3930469
0.20,3922613
0.20,3869253
0.21,3860567
0.21,3856088
0.21,3846578
0.21,3846099
0.21,3845841
0.21,3841083
0.21,3834544
0.21,3832116
0.21,3827940
0.21,3823529
0.21,3823231
0.21,3820791
0.21,3811220
0.21,3804090
0.21,3802684
0.21,3799843
0.21,3780040
0.21,3778802
0.22,3753761
0.22,3751697
0.23,3751352
0.23,3744531
0.23,3731998
0.23,3728925
0.23,3722911
0.23,3709688
0.23,3675672
0.23,3675660
0.23,3675279
0.23,3671988
0.23,3671491
0.23,3669496
0.23,3669218
0.23,3664891
0.24,3661322
0.24,3660242
0.24,3655610
0.24,3652147
0.24,3624715
0.24,3621113
0.24,3611377
0.24,3596668
0.24,3592679
0.24,3592452
0.24,3588511
0.24,3583243
0.24,3576928
0.24,3572918
0.24,3572898
0.24,3559292
0.24,3552880
0.24,3548980
0.24,3548451
0.24,3533047
0.24,3521720
0.24,3521514
0.24,3521006
0.24,3514438
0.24,3509595
0.26,3507051
0.26,3488530
0.27,3473646
0.27,3471684
0.27,3457365
0.27,3451771
0.27,3419284
0.27,3405979
0.27,3397356
0.27,3394785
0.27,3390421
0.31,3390133
0.31,3389341
0.31,3388946
0.31,3388799
0.31,3381685
0.31,3376803
0.31,3376580
0.31,3362838
0.31,3360355
0.31,3355481
0.31,3322780
0.31,3321930
0.31,3306246
0.31,3260369
0.32,3256385
0.34,3247483
0.34,3236940
0.34,3235429
0.34,3227296
0.34,3227277
0.34,3214852
0.34,3205964
0.34,3203286
0.34,3191170
0.34,3182494
0.34,3182266
0.34,3175526
0.39,3166579
0.39,3159126
0.39,3155133
0.39,3151072
0.39,3147367
0.39,3146746
0.39,3146730
0.39,3146263
0.39,3134046
0.39,3125205
0.39,3122791
0.40,3108723
0.40,3076186
0.40,3068056
0.40,3055103
0.40,3041069
0.40,3040752
0.40,3026424
0.40,3025217
0.40,3022032
0.40,3015113
0.40,3012992
0.40,2984327
0.40,2982410
0.40,2978460
0.40,2955541
0.40,2954727
0.40,2940198
0.40,2938265
0.41,2930438
0.41,2929558
0.41,2922230
0.41,2920896
0.42,2862322
0.42,2861319
0.42,2854603
0.42,2854240
0.42,2853365
0.42,2852750
0.42,2851558
0.42,2851214
0.42,2848498
0.42,2848281
0.42,2844789
0.42,2839006
0.42,2817479
0.42,2808578
0.42,2802179
0.42,2801555
0.42,2800834
0.42,2800218
0.42,2795710
0.49,2793011
0.49,2791938
0.49,2759145
0.49,2750600
0.49,2749398
0.49,2743503
0.49,2741940
0.49,2736950
0.49,2731563
0.49,2731203
0.55,2718748
0.55,2717409
0.55,2686431
0.56,2678810
0.56,2677533
0.56,2676749
0.56,2673759
0.56,2670760
0.56,2656453
0.56,2653707
0.56,2639780
0.56,2638814
0.56,2634976
0.56,2624158
0.56,2620102
0.56,2619811
0.56,2618448
0.56,2615354
0.60,2604160
0.60,2567965
0.60,2566617
0.63,2537331
0.63,2535893
0.63,2531257
0.63,2529396
0.89,2528242
0.89,2525415
0.89,2524298
0.89,2514523
0.89,2514487
0.98,2513407
0.98,2510475
0.98,2506744
0.98,2499952
0.98,2497860
0.98,2496775
0.98,2491704
0.98,2465034
0.99,2462865
0.99,2457648
1.00,2452939
1.00,2444804
1.00,2439676
1.01,2434915
1.01,2428647
1.01,2426836
1.01,2422618
1.01,2422123
1.01,2403041
1.02,2395954
1.02,2393006
1.02,2379515
1.02,2374761
1.02,2369605
1.03,2365372
1.04,2323067
1.04,2315519
1.04,2298733
1.04,2298702
1.04,2293639
1.04,2287544
1.04,2282851
1.04,2279300
1.04,2279170
1.04,2274481
1.04,2268011
1.04,2265213
1.04,2264990
1.04,2264231
1.04,2260084
2.06,2256945
2.06,2255593
2.06,2251516
2.08,2228588
2.08,2226648
2.08,2226374
2.08,2226346
2.09,2225137
4.52,2223953
4.52,2217748
4.52,2215097
4.52,2209420
4.52,2209368
4.52,2199004
4.52,2187298
5.09,2186872
5.09,2186229
5.09,2184388
5.09,2157354
5.09,2156552
5.11,2156092
5.11,2153935
5.11,2146656
5.11,2146040
5.15,2138374
5.15,2135514
5.15,2134132
5.15,2127216
5.15,2125755
5.15,2125041
5.15,2125036
5.15,2116728
5.16,2106568
5.16,2103075
5.16,2100088
5.16,2099923
5.16,2098589
5.16,2079652
5.16,2078831
5.16,2077990
5.16,2076436
5.16,2071523
5.48,2069966
5.48,2063901
5.48,2063367
5.52,2061546
5.52,2061065
5.52,2059835
5.52,2056900
6.78,2054497
6.78,2051411
6.78,2049643
6.78,2047369
6.78,2041633
6.78,2032999
6.78,2028354
6.78,2028327
6.78,2027485
6.78,2020241
6.78,2014266
6.94,2011394
6.95,2009568
6.95,2007066
6.95,1992498
6.96,1984868
6.96,1984666
6.96,1981103
6.96,1975848
6.96,1973843
6.96,1971465
7.00,1971125
7.00,1963628
7.00,1958259
7.00,1957449
7.00,1956683
7.00,1955409
7.00,1954599
7.00,1943663
7.00,1936210
7.00,1935201
7.84,1934256
7.84,1928376
7.84,1919226
7.84,1912758
7.84,1909653
7.84,1908103
7.84,1903178
7.84,1893497
7.84,1893458
7.85,1888114
7.85,1887505
7.85,1886983
7.85,1880688
7.85,1872379
7.85,1871697
7.86,1853445
7.86,1845745
7.86,1843614
7.86,1842790
7.86,1840692
7.86,1840431
7.86,1840056
8.86,1837946
8.86,1834465
8.86,1824884
9.28,1824509
9.28,1819324
9.28,1801249
9.28,1800592
9.28,1798490
9.28,1794378
9.28,1785465
9.74,1777944
9.74,1777875
9.74,1775010
9.74,1773247
9.75,1771834
9.75,1769966
9.75,1766429
9.75,1765676
9.75,1765322
9.75,1764582
9.75,1763233
9.75,1755400
9.75,1755127
9.75,1752823
9.76,1749986
9.76,1748884
9.76,1742162
9.76,1726883
9.76,1726646
9.76,1726350
9.76,1722104
9.77,1720778
9.77,1716172
9.77,1711045
9.77,1707990
9.77,1702915
9.77,1700121
9.77,1699957
9.77,1696103
9.78,1696011
9.83,1693273
11.25,1673388
11.25,1668267
11.25,1665198
11.85,1665023
12.40,1665013
12.40,1637296
12.41,1636386
12.41,1620420
12.74,1617139
12.74,1616887
12.74,1616165
12.74,1615160
12.74,1613403
12.74,1613356
12.75,1608531
12.75,1606649
12.75,1602192
12.75,1601493
12.75,1592904
12.75,1591760
12.75,1588505
12.75,1582917
12.75,1582824
12.75,1582768
12.75,1570597
12.76,1568105
15.20,1565184
15.21,1561122
15.21,1558164
15.21,1555274
15.21,1553425
15.21,1548680
15.21,1546616
15.21,1542815
15.21,1537771
15.21,1535836
15.21,1534756
15.21,1525248
15.21,1503725
15.21,1500855
15.21,1500552
15.21,1500251
15.21,1494727
15.21,1494096
17.19,1490576
17.19,1487646
17.19,1486660
17.19,1486133
17.19,1485529
17.19,1485475
17.19,1484419
17.19,1482236
17.19,1481839
17.19,1476254
17.20,1475793
17.20,1473096
17.20,1471670
17.20,1471610
18.98,1465846
18.98,1465272
18.98,1464793
18.98,1462358
18.98,1458977
18.98,1458325
18.98,1455599
18.98,1454144
18.99,1452833
18.99,1451668
18.99,1451064
18.99,1447687
18.99,1441132
18.99,1439057
18.99,1438799
18.99,1438353
18.99,1430359
18.99,1427086
18.99,1426075
19.12,1423523
19.12,1421465
19.12,1412137
19.12,1411641
19.12,1407743
19.12,1401579
19.12,1401562
19.12,1395261
19.12,1394061
19.12,1393419
19.12,1392155
19.12,1385322
19.12,1384433
19.12,1383622
19.12,1380042
19.12,1377066
19.12,1376837
19.12,1375745
19.12,1373356
19.12,1371075
19.12,1368611
19.12,1364516
19.12,1364448
19.90,1363333
19.90,1362742
19.90,1362533
19.90,1356500
19.90,1354492
19.90,1354040
19.90,1353372
19.90,1346770
19.90,1342658
19.90,1338221
19.90,1337810
19.90,1336927
19.90,1336529
19.90,1336273
20.27,1322631
20.27,1315262
20.27,1307889
20.27,1307003
20.27,1296462
20.27,1292387
20.27,1289988
22.15,1287922
22.65,1286111
22.65,1283802
22.65,1283260
22.80,1273179
22.80,1272739
22.80,1271401
22.80,1271161
22.80,1270975
22.80,1270975
22.80,1268253
22.80,1258018
22.80,1257767
22.80,1257589
22.80,1256748
22.84,1253182
22.84,1249697
22.84,1247845
22.84,1245135
22.84,1245129
22.84,1240307
22.84,1236528
22.84,1234640
22.84,1229456
22.84,1220760
22.84,1217863
22.85,1217286
22.85,1216094
22.85,1216089
22.85,1215644
22.85,1214289
22.85,1213424
22.85,1209863
22.85,1209809
22.85,1207178
22.85,1206321
22.85,1205995
22.85,1202938
22.85,1201073
22.85,1200077
22.85,1199179
22.86,1197129
22.86,1192311
24.33,1191189
24.33,1189035
24.33,1186923
24.41,1182160
24.50,1177411
24.50,1176468
24.50,1170486
24.51,1167302
24.51,1164309
24.51,1161591
24.51,1156502
24.51,1156178
24.51,1142859
24.51,1140829
24.51,1139394
25.45,1132843
25.45,1130824
25.51,1130193
25.51,1129478
25.53,1127962
25.53,1125388
25.53,1124964
25.53,1124827
26.25,1124612
26.84,1121291
26.84,1120588
26.84,1119600
26.84,1118553
26.84,1116251
26.84,1115925
26.84,1115290
26.84,1115012
26.84,1113815
26.84,1113745
26.84,1113287
26.86,1112867
26.86,1112748
26.86,1112688
27.26,1102482
27.26,1099420
27.26,1096560
27.26,1095181
27.26,1094482
27.26,1094187
27.26,1093509
27.26,1093241
27.26,1091075
27.26,1089126
27.26,1086645
27.26,1086334
27.26,1084231
27.26,1081159
27.26,1079060
27.26,1077906
27.26,1072877
27.26,1068138
27.26,1066713
27.26,1060929
27.26,1059341
27.95,1058616
27.95,1052298
27.95,1050437
27.95,1049645
27.95,1049537
27.95,1048909
27.95,1048731
27.95,1047452
27.95,1045915
27.95,1042923
27.96,1042296
27.96,1041949
27.96,1041679
27.96,1041524
27.96,1041255
28.61,1040679
28.61,1039006
28.61,1032396
28.61,1029315
28.61,1026570
29.77,1024740
29.90,1024466
29.90,1022961
29.91,1022197
29.91,1018423
29.91,1016467
29.91,1013565
29.91,1012184
29.91,1010585
29.91,1009806
29.91,1008313
29.91,1007012
29.92,1000715
29.98,993427
30.37,990233
30.41,990164
30.42,989535
30.42,988862
30.42,987926
30.42,987690
30.42,983498
30.42,983117
30.43,979698
30.43,974785
30.43,973443
30.43,972836
30.43,972276
31.44,971996
31.44,971860
31.44,970423
31.44,966686
31.44,962630
33.48,962189
33.48,961113
33.48,960245
33.48,958459
33.48,957342
33.48,955668
33.48,955559
33.48,954978
33.49,954641
33.49,954413
33.49,952050
33.49,950184
33.77,949251
33.78,947664
33.78,946464
33.78,943396
33.78,942191
33.78,942082
33.78,938865
33.78,938121
33.83,937816
33.83,935322
34.12,932941
34.12,928649
34.12,926090
34.12,923328
34.12,922505
34.24,922170
34.24,921232
34.24,920808
34.24,920449
34.24,917437
34.24,916614
34.83,916126
35.52,915414
35.52,913630
35.52,912454
35.52,909531
35.52,909090
35.52,908622
35.52,908143
35.52,906821
36.04,906248
36.04,901318
36.04,901004
36.95,899942
36.98,897780
36.98,897683
36.98,894854
36.98,893757
36.98,893362
36.98,892620
36.98,891266
36.98,891189
36.98,891078
36.99,888943
36.99,879956
36.99,879825
36.99,879345
36.99,878533
36.99,877519
36.99,876631
36.99,876336
36.99,874674
36.99,872348
36.99,870301
36.99,867870
37.00,867016
37.01,866270
37.01,865628
37.01,864753
37.02,863684
37.02,860890
37.02,860556
37.04,859748
37.04,858736
37.04,857235
37.04,855857
37.04,854938
37.04,852554
37.04,852423
37.04,852070
37.04,852060
37.69,849637
37.70,848724
37.70,846974
37.70,842956
37.70,842768
37.70,842761
38.63,841225
38.63,839134
39.09,838794
39.09,837254
39.68,836414
39.68,835874
39.68,834130
39.70,832253
39.70,831024
39.70,829180
39.70,828898
39.94,828081
39.94,828033
39.94,827766
39.94,826592
39.94,825811
40.37,825425
40.38,824878
40.38,820943
41.78,820913
41.78,820378
41.78,818728
41.78,817837
41.82,817706
41.82,817155
41.82,816387
42.72,814779
42.72,811934
42.83,811934
42.83,809565
42.83,808884
42.83,806804
42.83,806573
42.83,805035
42.84,804996
42.84,804520
42.88,801495
42.88,800179
42.89,799782
42.92,799562
42.92,799230
42.92,799164
42.92,798264
43.49,797742
43.49,797571
43.50,797055
43.50,796526
43.50,796477
43.50,795053
43.64,793091
43.64,792397
43.64,791292
43.64,789190
43.69,788722
43.69,788717
44.66,786901
44.67,786314
44.67,785541
44.82,783137
44.83,782009
44.83,780164
45.08,779737
45.14,779537
45.14,778446
45.14,777693
45.15,776680
45.15,774719
45.15,774452
45.15,774381
45.15,774358
45.15,773556
45.15,770922
45.15,770870
45.15,770043
46.20,769780
46.20,769421
46.20,768730
46.21,768010
46.21,767162
46.22,767102
46.22,766203
46.22,766152
46.23,765869
46.54,765606
46.54,764011
46.55,763265
46.55,762986
46.55,762275
46.55,761789
46.55,759622
46.55,758326
46.57,757980
46.57,757397
46.57,757008
46.58,756648
46.58,755597
46.58,754940
46.58,754846
46.59,753430
46.59,752672
46.59,751518
47.90,751105
47.90,750834
47.91,749676
48.26,747504
48.26,745993
48.26,745900
48.27,745049
48.27,744716
48.27,743706
48.28,742870
48.39,742638
48.40,742418
48.40,742218
48.49,741936
48.57,739979
48.58,739830
48.58,739128
48.58,738391
48.78,737849
48.80,737373
48.80,737218
48.80,736647
48.81,736176
48.81,735251
48.81,735234
48.81,734909
48.95,733867
49.02,732909
49.02,732634
49.02,731762
49.03,731669
49.03,731580
49.03,729875
49.03,729303
49.04,728635
49.04,728056
49.04,727088
49.04,726467
49.04,725663
49.04,725185
49.06,724025
49.06,723742
49.06,723396
49.06,723390
49.07,723127
49.07,722699
49.07,722318
49.10,721529
49.10,721501
49.10,720822
49.10,719813
49.11,719362
49.13,719334
49.18,719211
49.18,718755
49.18,718324
49.19,718195
49.20,717420
51.67,717194
51.75,713878
51.76,713877
51.76,713353
51.76,712395
51.76,710913
51.76,710854
51.77,710195
51.77,709308
51.77,709262
53.90,708775
53.91,707636
53.91,707457
53.91,707404
53.91,707256
53.92,706330
53.92,706212
53.94,706011
54.03,705856
54.03,704176
54.04,704058
54.05,703986
54.05,703315
54.05,702461
54.06,701754
54.06,701440
54.06,700571
54.06,699469
54.18,699148
54.18,698984
54.18,698930
54.27,698332
54.28,698025
54.28,697430
54.28,697356
55.85,697053
56.08,696258
56.10,696206
56.23,694862
56.23,694417
56.24,694109
56.24,694091
57.42,694063
57.42,693993
58.80,693730
59.71,693572
59.71,692636
59.72,690863
60.30,690605
60.32,690547
60.39,690191
60.45,690071
60.45,689566
60.46,689466
60.46,688966
60.46,688899
60.47,688107
60.79,687085
60.83,686286
60.83,685399
60.83,685387
60.85,685226
60.85,685085
60.87,684996
60.88,684770
60.91,684711
60.91,684013
60.92,683645
61.71,683594
61.71,683504
61.72,682412
61.73,681809
62.05,680978
62.07,680717
62.08,680556
62.09,680529
62.10,680484
62.11,679890
62.13,679757
62.13,679755
62.15,678819
62.15,678618
62.17,677920
62.18,677546
64.97,677298
64.99,677098
65.01,677065
65.11,676610
65.12,676359
65.13,676345
65.13,676160
65.16,675884
65.16,675651
65.18,675562
65.22,675506
65.22,674662
65.23,673246
65.25,672975
65.25,672345
65.35,672108
65.40,671979
65.41,671479
65.43,670833
65.43,669973
65.60,669964
65.60,669755
65.62,669621
68.52,669285
69.88,669185
70.16,668788
70.16,668676
70.94,668667
70.96,668601
70.97,668573
70.99,668033
70.99,667639
71.07,667463
71.07,667215
71.08,666823
72.20,666474
72.23,666117
72.24,665962
72.24,665563
72.27,664597
72.36,663646
72.45,663372
75.23,663147
75.27,663055
75.43,662502
75.46,662481
75.47,662420
75.52,662379
76.19,662072
76.29,661673
76.59,661412
76.72,661235
76.82,661061
76.89,660873
76.90,660794
78.23,660575
80.60,660449
80.62,660410
80.65,660012
86.44,659999
86.48,659939
86.60,659895
87.78,659816
89.60,659794
