0.00,6994248
0.01,6989910
0.01,6972275
0.01,6960508
0.01,6958035
0.01,6952569
0.01,6951132
0.01,6940754
0.01,6939427
0.01,6935497
0.01,6935429
0.01,6934864
0.01,6920576
0.01,6909721
0.02,6904969
0.02,6887828
0.02,6862176
0.02,6857910
0.02,6853876
0.02,6848880
0.02,6848740
0.02,6843298
0.02,6830389
0.02,6797294
0.02,6795248
0.02,6794612
0.02,6780845
0.02,6776843
0.02,6744525
0.02,6741721
0.02,6735025
0.02,6731082
0.02,6711256
0.02,6680774
0.02,6680066
0.02,6668832
0.02,6667794
0.02,6654377
0.02,6653050
0.02,6651822
0.02,6632797
0.02,6615888
0.02,6613261
0.02,6475880
0.02,6466857
0.02,6444154
0.02,6381239
0.02,6371794
0.02,6369239
0.02,6362749
0.02,6354387
0.02,6354163
0.02,6349805
0.02,6335525
0.02,6314902
0.03,6289998
0.03,6234916
0.03,6232190
0.03,6215362
0.03,6214282
0.03,6199061
0.03,6180070
0.03,6133330
0.03,6107166
0.03,6098643
0.03,6096912
0.03,6087592
0.03,6062993
0.03,6058398
0.03,6054885
0.03,6023019
0.03,6009607
0.03,6009485
0.03,6002834
0.03,6001211
0.03,5975471
0.03,5973545
0.03,5953076
0.03,5953032
0.03,5947842
0.03,5944429
0.03,5940297
0.04,5933370
0.04,5931910
0.04,5928336
0.04,5896721
0.04,5890396
0.04,5881915
0.04,5879489
0.04,5863620
0.04,5856478
0.04,5852948
0.04,5850558
0.04,5845137
0.04,5843971
0.04,5815971
0.04,5813897
0.04,5810685
0.04,5810103
0.04,5705182
0.04,5702241
0.04,5700766
0.04,5694587
0.04,5692448
0.04,5654812
0.04,5636456
0.04,5625913
0.04,5568227
0.04,5565162
0.04,5556593
0.04,5546080
0.04,5542055
0.04,5509943
0.04,5506717
0.04,5495788
0.04,5488037
0.04,5488037
0.04,5486532
0.04,5486186
0.04,5483981
0.04,5463445
0.04,5456289
0.04,5455139
0.04,5455076
0.04,5449370
0.04,5443769
0.04,5441668
0.04,5440676
0.04,5440476
0.04,5435834
0.04,5401771
0.04,5379095
0.04,5374099
0.04,5367805
0.04,5366535
0.04,5315198
0.05,5311383
0.05,5309998
0.05,5309888
0.05,5305969
0.05,5302423
0.05,5214685
0.05,5213885
0.05,5207972
0.05,5202541
0.05,5201500
0.05,5191377
0.05,5141687
0.05,5120470
0.05,5117358
0.05,5095931
0.05,5095091
0.05,5089033
0.05,5080909
0.05,5070068
0.05,5068685
0.05,5065631
0.05,5003933
0.05,5002763
0.05,5002231
0.05,4989858
0.05,4987987
0.05,4982280
0.05,4974408
0.05,4974331
0.05,4972302
0.05,4952422
0.05,4925503
0.05,4921854
0.05,4897746
0.05,4893840
0.05,4892816
0.05,4875891
0.05,4875470
0.05,4874217
0.05,4835463
0.05,4746895
0.05,4739349
0.05,4736706
0.05,4735490
0.05,4731800
0.05,4716099
0.05,4714028
0.05,4702771
0.05,4699920
0.05,4686875
0.05,4686354
0.05,4681117
0.05,4680328
0.05,4676972
0.05,4671058
0.05,4664905
0.05,4663482
0.05,4648916
0.05,4644894
0.05,4637980
0.06,4637964
0.06,4636044
0.06,4613067
0.06,4612791
0.06,4576762
0.06,4574399
0.06,4573975
0.06,4573592
0.06,4559785
0.06,4556978
0.06,4554626
0.06,4550018
0.06,4548985
0.06,4517734
0.06,4516771
0.06,4486134
0.06,4423802
0.06,4423454
0.06,4410751
0.06,4406155
0.06,4406147
0.06,4391914
0.06,4379355
0.06,4295504
0.06,4294415
0.06,4292800
0.06,4292040
0.06,4291979
0.06,4289658
0.06,4273432
0.06,4272085
0.06,4272019
0.06,4271504
0.06,4270886
0.06,4269413
0.06,4265329
0.06,4265047
0.06,4215557
0.06,4213973
0.06,4210916
0.06,4196561
0.06,4144355
0.06,4140773
0.06,4117237
0.06,4083333
0.06,4074741
0.06,4064774
0.06,4004671
0.06,4003976
0.06,3992375
0.06,3983202
0.06,3983072
0.06,3972982
0.06,3970304
0.06,3963557
0.07,3953731
0.07,3951930
0.07,3951246
0.07,3950092
0.07,3939823
0.07,3937458
0.07,3934715
0.07,3861271
0.07,3860624
0.07,3859628
0.07,3859343
0.07,3857401
0.07,3794988
0.07,3791973
0.07,3790021
0.07,3782834
0.07,3779183
0.07,3776946
0.07,3728831
0.07,3727482
0.07,3726922
0.07,3686303
0.07,3676413
0.07,3671040
0.07,3597145
0.07,3594741
0.07,3585922
0.07,3577757
0.07,3577749
0.07,3577216
0.07,3577204
0.08,3574652
0.08,3574587
0.08,3549929
0.08,3547506
0.08,3539575
0.08,3538162
0.08,3533784
0.08,3525057
0.08,3523727
0.08,3508878
0.08,3505917
0.08,3504436
0.08,3493232
0.08,3491004
0.08,3489858
0.08,3396865
0.08,3382187
0.08,3351359
0.08,3349728
0.08,3345242
0.08,3340322
0.08,3325871
0.08,3316569
0.08,3316080
0.08,3304321
0.08,3299542
0.08,3299391
0.08,3271762
0.08,3271617
0.08,3266102
0.08,3265225
0.08,3255108
0.08,3236302
0.08,3215043
0.08,3133046
0.08,3131275
0.08,3128875
0.08,3119055
0.08,3111754
0.08,3091539
0.08,3089950
0.08,3089627
0.08,3089359
0.08,3085220
0.08,3084326
0.08,3082273
0.08,3058072
0.08,3057389
0.08,3050906
0.09,3047217
0.09,3037573
0.09,3029251
0.09,3027967
0.09,3027201
0.09,3022304
0.09,3021815
0.09,3021169
0.09,3019616
0.09,3005738
0.09,2964304
0.09,2930324
0.09,2929968
0.09,2929270
0.09,2928617
0.09,2925128
0.09,2924452
0.09,2919648
0.09,2916772
0.09,2876418
0.09,2874796
0.09,2874796
0.09,2874364
0.09,2820727
0.09,2819891
0.09,2818864
0.09,2814823
0.09,2812597
0.09,2802456
0.09,2798425
0.09,2787009
0.09,2786715
0.09,2734159
0.09,2715528
0.09,2714348
0.09,2704657
0.09,2704515
0.09,2702010
0.09,2686998
0.09,2685578
0.09,2682836
0.09,2682721
0.09,2670992
0.09,2670824
0.09,2668853
0.10,2667959
0.10,2667806
0.10,2667638
0.10,2666894
0.10,2664579
0.10,2662688
0.10,2662569
0.10,2643137
0.10,2642851
0.10,2633700
0.10,2631136
0.10,2629720
0.10,2620122
0.10,2620121
0.10,2618955
0.10,2618878
0.10,2607259
0.10,2606704
0.10,2605065
0.10,2603933
0.10,2597757
0.10,2597529
0.10,2597050
0.10,2558134
0.10,2558120
0.10,2557373
0.10,2556861
0.10,2554280
0.10,2554240
0.10,2552227
0.10,2541899
0.10,2541406
0.10,2540834
0.10,2540236
0.10,2536882
0.10,2536083
0.10,2532887
0.10,2527488
0.11,2527019
0.11,2525639
0.11,2521817
0.11,2521537
0.11,2521032
0.11,2519159
0.11,2518613
0.11,2515489
0.11,2514725
0.11,2501249
0.11,2489037
0.11,2487482
0.11,2486904
0.11,2486238
0.11,2483134
0.11,2479007
0.11,2470179
0.11,2453697
0.11,2453603
0.11,2435646
0.11,2433886
0.11,2433017
0.11,2418210
0.11,2409056
0.11,2406402
0.12,2396643
0.12,2395991
0.12,2395273
0.12,2387042
0.12,2386493
0.12,2384207
0.12,2381573
0.12,2345943
0.12,2340251
0.12,2338751
0.12,2271219
0.12,2267356
0.12,2267022
0.12,2260548
0.12,2258920
0.12,2253492
0.12,2242603
0.12,2242589
0.12,2240212
0.12,2235167
0.12,2230625
0.12,2205825
0.12,2203183
0.12,2202937
0.12,2201078
0.13,2200317
0.13,2198187
0.13,2196478
0.13,2196477
0.13,2196050
0.13,2195400
0.13,2181488
0.13,2181254
0.13,2178336
0.13,2176999
0.13,2170801
0.13,2170590
0.13,2165647
0.13,2161989
0.13,2161389
0.13,2161155
0.13,2160673
0.13,2146356
0.13,2145500
0.13,2145306
0.13,2144177
0.13,2143317
0.13,2129653
0.13,2129602
0.13,2127641
0.13,2126083
0.14,2124112
0.14,2122323
0.14,2117634
0.14,2116937
0.14,2116390
0.14,2115678
0.14,2114416
0.14,2114356
0.14,2110718
0.14,2073481
0.14,2069378
0.14,2065377
0.14,2057038
0.14,2051386
0.14,2048107
0.14,2031530
0.14,2021888
0.15,2020682
0.15,1997424
0.15,1995179
0.15,1993568
0.15,1991223
0.15,1980130
0.15,1980097
0.15,1977578
0.15,1975448
0.15,1971466
0.15,1971355
0.15,1970502
0.15,1970394
0.15,1968485
0.15,1968132
0.15,1964464
0.15,1963038
0.15,1962758
0.15,1962196
0.16,1962081
0.16,1955428
0.16,1954740
0.16,1952592
0.16,1952154
0.16,1949451
0.16,1949282
0.16,1945113
0.16,1944889
0.16,1942618
0.16,1941250
0.16,1919729
0.16,1919725
0.16,1919483
0.16,1918692
0.16,1895598
0.16,1893305
0.16,1891073
0.16,1890188
0.16,1888207
0.17,1887510
0.17,1886799
0.17,1883857
0.17,1837676
0.17,1837006
0.17,1830788
0.17,1829345
0.17,1827723
0.17,1825671
0.17,1812524
0.17,1787287
0.17,1785598
0.17,1782410
0.17,1780201
0.17,1776526
0.17,1776106
0.17,1772024
0.17,1769302
0.17,1763317
0.17,1694139
0.18,1693564
0.18,1689932
0.18,1686626
0.18,1682114
0.18,1663886
0.18,1662567
0.18,1659056
0.18,1657073
0.18,1656616
0.19,1656595
0.19,1650441
0.19,1639874
0.19,1636526
0.19,1631983
0.19,1626543
0.19,1620708
0.19,1620173
0.19,1614780
0.19,1606324
0.19,1605529
0.19,1604813
0.19,1604770
0.19,1600508
0.19,1597690
0.20,1597169
0.20,1590705
0.20,1587726
0.20,1585738
0.20,1584434
0.20,1581185
0.20,1580406
0.20,1579708
0.20,1579214
0.20,1569131
0.21,1564361
0.21,1563834
0.21,1563102
0.21,1560884
0.21,1557637
0.21,1556321
0.21,1555767
0.21,1548409
0.21,1545885
0.21,1544063
0.21,1543982
0.22,1535522
0.22,1522905
0.22,1522723
0.22,1517807
0.22,1516584
0.22,1514520
0.22,1512948
0.22,1508853
0.22,1508808
0.22,1507778
0.22,1505238
0.22,1502845
0.22,1501689
0.22,1501265
0.22,1500351
0.22,1499455
0.22,1498929
0.22,1497744
0.22,1494319
0.23,1493945
0.23,1493624
0.23,1492181
0.23,1492060
0.23,1456740
0.23,1456425
0.23,1456200
0.23,1434509
0.23,1431557
0.23,1423080
0.23,1422728
0.23,1421492
0.24,1419838
0.24,1417954
0.24,1417346
0.24,1416537
0.24,1412765
0.24,1410211
0.25,1403761
0.25,1403118
0.25,1403054
0.25,1399820
0.25,1395330
0.25,1394576
0.25,1394336
0.25,1393695
0.25,1392397
0.26,1391190
0.26,1352273
0.26,1351916
0.26,1351842
0.26,1349492
0.26,1349350
0.26,1347425
0.26,1307975
0.26,1307619
0.26,1307210
0.27,1302090
0.27,1294880
0.27,1292854
0.27,1289307
0.27,1288828
0.27,1288349
0.27,1286953
0.27,1286550
0.27,1286098
0.28,1286084
0.28,1284620
0.28,1284205
0.28,1282348
0.28,1280372
0.28,1279179
0.28,1279145
0.28,1277371
0.28,1276856
0.28,1276464
0.28,1272260
0.29,1269027
0.29,1246870
0.29,1245857
0.29,1245552
0.29,1244447
0.29,1243386
0.29,1242980
0.30,1242961
0.30,1241458
0.30,1240614
0.30,1240311
0.30,1237901
0.30,1230316
0.30,1227027
0.30,1226981
0.30,1224700
0.31,1224452
0.31,1219665
0.31,1217678
0.31,1217460
0.31,1217457
0.31,1217207
0.32,1216524
0.32,1181167
0.32,1180942
0.32,1179509
0.32,1179145
0.33,1173894
0.33,1173029
0.33,1172973
0.33,1172419
0.33,1171570
0.33,1155227
0.33,1154350
0.34,1148826
0.34,1147872
0.35,1146110
0.35,1142431
0.35,1141899
0.35,1141147
0.35,1137711
0.36,1136575
0.36,1135641
0.36,1133858
0.36,1128652
0.36,1128458
0.36,1127504
0.36,1126849
0.36,1123809
0.37,1122076
0.37,1121921
0.37,1121441
0.37,1109877
0.37,1104213
0.37,1104117
0.37,1103194
0.37,1101411
0.38,1101149
0.38,1100703
0.39,1100041
0.39,1099549
0.39,1099499
0.39,1098777
0.39,1097882
0.39,1097365
0.40,1097087
0.40,1095038
0.40,1094714
0.40,1092507
0.40,1092155
0.40,1091604
0.40,1090769
0.41,1085468
0.41,1077290
0.41,1076981
0.41,1076442
0.41,1074723
0.42,1061279
0.42,1060872
0.42,1041285
0.42,1041084
0.43,1040546
0.43,1039791
0.43,1039230
0.44,1038533
0.44,1038531
0.44,1037246
0.44,1034041
0.44,1033276
0.44,1032295
0.44,1031144
0.45,1030625
0.45,1030600
0.45,1030508
0.45,1029612
0.45,1028108
0.45,1023363
0.45,1018054
0.46,1016299
0.46,1016100
0.46,1013080
0.47,1012840
0.47,1012752
0.47,1012733
0.47,1011694
0.47,1010681
0.48,1010478
0.48,1006157
0.48,1003685
0.48,1003085
0.48,1002464
0.49,987432
0.49,987242
0.50,985462
0.50,985046
0.50,984787
0.50,984426
0.50,982516
0.51,980859
0.51,980398
0.51,980397
0.51,979857
0.52,979351
0.52,977532
0.53,977203
0.53,976567
0.53,976159
0.53,976002
0.54,975819
0.54,975150
0.54,975140
0.55,974870
0.55,971067
0.55,970899
0.55,970094
0.56,959511
0.56,959506
0.56,958802
0.56,957573
0.57,957335
0.57,954089
0.57,953696
0.57,953638
0.58,953326
0.58,953253
0.59,950323
0.59,949456
0.60,945896
0.60,943495
0.61,938190
0.61,937308
0.61,935972
0.62,935888
0.62,935317
0.62,933720
0.62,933689
0.62,931855
0.62,930930
0.63,930544
0.63,930536
0.64,930069
0.64,927619
0.64,926209
0.65,926030
0.65,925431
0.66,918153
0.67,917567
0.67,916915
0.68,898411
0.68,897417
0.69,897020
0.69,892525
0.70,892209
0.71,891580
0.72,888555
0.72,888274
0.74,887544
0.74,886723
0.74,885825
0.76,885017
0.77,883789
0.77,882979
0.77,882785
0.78,882011
0.79,877506
0.79,877036
0.79,863530
0.79,860304
0.79,860290
0.79,859708
0.82,859112
0.82,858731
0.83,857993
0.83,857369
0.84,856969
0.85,856725
0.85,856402
0.86,854383
0.87,854346
0.87,853483
0.88,853239
0.89,853172
0.90,851075
0.90,850855
0.91,850805
0.92,850381
0.92,849867
0.94,849170
0.94,845509
0.94,844543
0.95,844393
0.96,844286
0.96,844073
0.97,838772
0.98,838684
0.98,838601
0.99,833400
0.99,833342
1.00,833263
1.00,833258
1.02,823092
1.02,821179
1.02,819861
1.03,814053
1.04,813819
1.04,808613
1.05,808338
1.05,805236
1.06,804697
1.06,804207
1.07,804164
1.09,804136
1.10,803398
1.10,802704
1.11,802611
1.11,801670
1.16,793962
1.17,781112
1.17,780835
1.17,780815
1.17,778089
1.17,775040
1.26,774745
1.28,774713
1.29,774492
1.29,772282
1.29,770180
1.29,768389
1.33,767583
1.35,767497
1.35,767437
1.37,764690
1.38,763712
1.38,759010
1.40,757976
1.42,757355
1.44,756759
1.52,755406
1.55,753823
1.56,753660
1.56,753504
1.56,753241
1.58,753135
1.59,752303
1.59,751955
1.59,750942
1.61,750028
1.61,747489
1.62,747486
1.65,746960
1.65,745175
1.68,744577
1.71,744391
1.74,742824
1.78,742401
1.82,742316
1.84,741750
1.84,740880
1.85,740440
1.86,740125
1.87,733172
1.88,733047
1.90,731685
1.92,731349
1.92,730829
1.93,729809
1.98,729730
1.99,728424
2.01,728286
2.02,728006
2.02,727138
2.03,727108
2.03,725284
2.08,723763
2.11,723470
2.13,723163
2.24,718591
2.25,718385
2.26,716103
2.27,715748
2.29,714441
2.30,713981
2.36,713402
2.48,702863
2.72,702293
2.82,702192
3.12,702192
32.08,701934
32.41,701489
41.68,700752
41.71,699759
41.96,699759
42.02,699597
42.08,699241
58.97,698369
59.01,696937
59.16,696758
59.23,695506
59.36,694353
67.33,693833
67.39,693814
67.47,692820
67.61,692594
67.86,692427
67.89,691445
67.93,691276
68.00,691001
68.11,690681
68.21,690653
68.47,690546
72.52,690493
102.73,690234
104.70,686290
104.83,686053
104.92,685450
104.98,684659
104.99,684046
105.11,683905
105.30,683603
185.98,682283
186.03,682009
186.20,681178
186.24,680087
187.88,679025
187.88,677901
187.90,676803
187.97,675650
188.00,674962
188.01,674584
188.03,672789
188.12,672513
413.43,672068
413.46,671668
413.50,670923
413.61,669975
413.62,669915
413.64,668840
414.05,668765
415.46,668704
415.65,668265
415.66,667485
415.84,667316
415.86,666937
415.90,666201
416.30,665922
419.26,665847
419.31,665833
419.31,665686
419.35,665147
419.37,664636
419.52,664506
419.67,664246
419.87,663117
419.89,662954
