0.00,6991351
0.01,6948078
0.01,6929512
0.01,6892244
0.02,6891690
0.02,6891580
0.02,6874617
0.02,6837987
0.02,6826394
0.02,6809879
0.02,6808779
0.02,6803700
0.02,6792753
0.02,6792750
0.02,6791968
0.02,6777138
0.02,6776812
0.02,6767609
0.02,6739942
0.02,6730337
0.02,6725477
0.02,6721530
0.02,6714832
0.02,6683198
0.02,6666838
0.02,6661453
0.02,6660647
0.02,6653604
0.02,6540309
0.02,6533194
0.02,6523532
0.03,6496228
0.03,6482502
0.03,6463150
0.03,6449673
0.03,6445532
0.03,6434249
0.03,6412570
0.03,6406176
0.03,6400287
0.03,6396843
0.03,6396499
0.03,6390184
0.03,6382578
0.03,6368909
0.03,6352069
0.03,6350765
0.03,6348395
0.03,6336813
0.03,6323594
0.03,6249047
0.03,6247278
0.03,6235356
0.03,6191498
0.03,6188278
0.03,6179223
0.03,6169518
0.03,6158064
0.03,6156469
0.03,6131302
0.03,6109077
0.04,6109049
0.04,6107334
0.04,6106929
0.04,6106608
0.04,6066646
0.04,6063119
0.05,6059523
0.05,6056247
0.05,6055988
0.05,6054103
0.05,6029507
0.05,6017817
0.05,6017582
0.05,6012701
0.05,5976346
0.05,5976016
0.05,5970856
0.05,5939811
0.05,5929063
0.05,5925398
0.05,5866920
0.05,5864767
0.05,5853845
0.05,5830916
0.05,5830892
0.05,5826655
0.05,5821246
0.05,5818707
0.05,5818584
0.05,5810616
0.05,5791552
0.05,5786907
0.05,5766493
0.05,5766379
0.05,5765405
0.05,5748160
0.05,5740669
0.05,5740652
0.05,5738606
0.05,5735030
0.05,5720686
0.05,5710376
0.05,5707773
0.06,5706609
0.06,5706243
0.06,5705860
0.06,5696066
0.06,5647288
0.06,5647058
0.06,5641800
0.06,5641094
0.06,5625198
0.06,5614659
0.06,5596582
0.06,5575695
0.06,5542348
0.06,5538978
0.06,5533629
0.06,5528215
0.06,5455041
0.06,5446003
0.06,5432946
0.06,5429457
0.06,5428633
0.06,5425372
0.06,5391864
0.06,5389726
0.06,5383615
0.06,5357039
0.06,5355739
0.06,5251831
0.06,5239419
0.06,5238562
0.06,5236775
0.06,5221711
0.06,5192198
0.06,5188079
0.06,5180582
0.06,5178365
0.06,5171712
0.06,5153089
0.07,5134438
0.07,5133855
0.07,5126218
0.07,5116677
0.07,5113991
0.07,5113246
0.07,5110788
0.07,5100111
0.07,5097904
0.07,5097252
0.07,5096489
0.07,5090971
0.07,5089782
0.07,4996022
0.07,4995304
0.07,4988761
0.07,4987081
0.07,4979070
0.07,4977904
0.07,4961186
0.07,4960969
0.07,4958417
0.07,4942884
0.07,4939548
0.07,4917849
0.07,4888255
0.07,4844494
0.07,4838568
0.07,4838255
0.07,4832896
0.07,4818311
0.07,4817122
0.07,4816178
0.07,4813642
0.07,4811537
0.07,4810610
0.07,4808965
0.07,4808856
0.07,4803412
0.07,4796866
0.07,4745081
0.07,4739803
0.07,4739527
0.07,4736903
0.07,4736431
0.07,4736398
0.07,4728559
0.07,4728165
0.08,4727946
0.08,4709664
0.08,4705900
0.08,4703640
0.08,4700330
0.08,4699333
0.08,4688411
0.08,4688045
0.08,4666989
0.08,4666270
0.08,4665573
0.08,4662600
0.08,4659615
0.08,4651296
0.08,4634512
0.08,4607570
0.08,4602313
0.08,4584073
0.08,4582839
0.08,4552409
0.08,4545999
0.08,4545978
0.08,4544371
0.08,4544177
0.08,4539921
0.08,4539658
0.08,4535704
0.08,4533442
0.08,4533244
0.08,4532421
0.08,4531798
0.08,4530082
0.08,4487340
0.08,4459931
0.08,4458954
0.08,4453411
0.08,4452978
0.08,4449308
0.08,4448843
0.08,4444235
0.08,4442162
0.08,4441905
0.08,4440478
0.08,4440054
0.08,4439994
0.08,4437364
0.08,4436301
0.08,4356900
0.08,4278383
0.09,4269929
0.09,4266234
0.09,4261770
0.09,4258694
0.09,4256589
0.09,4256129
0.09,4250526
0.09,4202305
0.09,4170206
0.09,4169004
0.09,4153532
0.09,4152403
0.09,4151869
0.09,4149461
0.09,4148054
0.09,4147308
0.09,4098873
0.09,4091568
0.09,4091492
0.09,4090530
0.09,4051505
0.09,4038749
0.09,4035274
0.09,4035030
0.09,4023248
0.09,3995079
0.09,3970297
0.09,3969530
0.09,3964253
0.09,3963467
0.09,3963391
0.09,3949940
0.09,3948098
0.09,3946533
0.09,3946018
0.09,3943113
0.09,3939114
0.09,3933985
0.10,3933400
0.10,3932243
0.10,3911950
0.10,3901283
0.10,3900958
0.10,3899794
0.10,3872898
0.10,3871559
0.10,3867725
0.10,3865708
0.10,3842904
0.10,3842293
0.10,3838926
0.10,3837580
0.10,3837427
0.10,3837002
0.10,3836809
0.10,3822528
0.10,3752553
0.10,3752482
0.10,3751669
0.10,3749733
0.10,3747462
0.10,3741476
0.10,3705389
0.10,3705367
0.10,3703862
0.10,3702476
0.10,3702224
0.10,3700114
0.10,3694486
0.10,3694346
0.10,3691801
0.10,3688751
0.11,3678332
0.11,3677488
0.11,3668627
0.11,3665277
0.11,3664783
0.11,3664208
0.11,3663501
0.11,3655840
0.11,3653061
0.11,3627467
0.11,3626068
0.11,3622689
0.11,3620290
0.11,3614243
0.11,3612909
0.11,3611040
0.11,3608335
0.11,3608279
0.11,3598673
0.11,3592127
0.11,3592035
0.11,3590886
0.11,3590883
0.11,3582739
0.11,3574376
0.11,3571569
0.12,3554929
0.12,3431592
0.12,3426645
0.12,3426367
0.12,3415168
0.12,3414686
0.12,3401468
0.12,3398624
0.12,3385817
0.12,3373904
0.12,3371478
0.12,3369851
0.12,3361356
0.12,3360744
0.12,3357623
0.12,3356746
0.12,3352834
0.12,3345595
0.12,3345359
0.12,3337506
0.12,3308064
0.12,3306819
0.12,3289530
0.12,3286389
0.12,3286356
0.12,3284194
0.12,3282387
0.12,3281996
0.12,3281902
0.13,3281789
0.13,3281714
0.13,3276521
0.13,3276271
0.13,3242064
0.13,3241539
0.13,3230887
0.13,3227017
0.13,3212054
0.13,3211571
0.13,3210388
0.13,3210375
0.13,3208226
0.13,3205481
0.13,3204467
0.13,3195910
0.13,3191064
0.13,3066738
0.13,3000344
0.13,2999402
0.13,2988633
0.13,2987715
0.13,2987154
0.13,2986309
0.14,2985864
0.14,2983881
0.14,2971932
0.14,2970800
0.14,2969683
0.14,2969041
0.14,2968427
0.14,2967988
0.14,2967532
0.14,2960552
0.14,2960031
0.14,2956382
0.14,2954879
0.14,2948031
0.14,2936705
0.14,2934721
0.14,2919591
0.14,2915850
0.14,2914344
0.14,2911788
0.15,2905418
0.15,2904211
0.15,2901784
0.15,2901079
0.15,2901022
0.15,2899335
0.15,2889743
0.15,2888156
0.15,2886205
0.15,2868668
0.15,2863028
0.15,2862390
0.15,2862197
0.15,2861686
0.15,2861372
0.15,2861326
0.15,2860510
0.15,2858541
0.15,2857460
0.15,2855494
0.15,2854617
0.15,2850997
0.15,2849808
0.15,2849799
0.15,2848379
0.15,2844471
0.15,2838908
0.15,2838251
0.15,2825487
0.15,2825183
0.16,2823715
0.16,2767196
0.16,2766761
0.16,2764816
0.16,2761616
0.16,2761391
0.16,2760163
0.16,2758178
0.16,2749512
0.16,2708514
0.16,2703945
0.16,2703469
0.16,2700082
0.16,2665066
0.16,2663022
0.16,2611241
0.16,2610343
0.16,2608005
0.16,2605311
0.16,2605084
0.16,2603176
0.16,2602984
0.16,2597922
0.16,2594458
0.17,2591425
0.17,2590561
0.17,2569340
0.17,2568484
0.17,2567596
0.17,2566572
0.17,2544025
0.17,2543804
0.17,2540801
0.17,2539566
0.17,2534470
0.17,2533115
0.17,2530687
0.17,2527804
0.17,2526083
0.17,2525130
0.17,2524831
0.17,2478194
0.17,2478183
0.17,2465070
0.17,2463274
0.17,2461907
0.17,2460301
0.17,2459680
0.17,2437791
0.18,2436980
0.18,2436695
0.18,2384895
0.18,2377120
0.18,2358613
0.18,2352374
0.18,2350043
0.18,2349787
0.18,2348799
0.18,2332028
0.18,2330375
0.18,2330324
0.18,2330191
0.18,2329779
0.18,2327459
0.18,2327306
0.18,2327127
0.18,2323320
0.18,2319264
0.18,2319229
0.18,2308232
0.18,2300055
0.18,2298452
0.18,2296808
0.18,2296550
0.19,2294863
0.19,2292743
0.19,2291617
0.19,2289071
0.19,2288759
0.19,2288028
0.19,2285946
0.19,2284452
0.19,2256438
0.19,2256102
0.19,2253024
0.19,2252684
0.19,2245750
0.19,2241646
0.19,2240488
0.19,2239712
0.19,2238150
0.19,2236730
0.19,2236532
0.19,2223751
0.19,2217608
0.19,2216354
0.19,2214832
0.19,2210844
0.20,2203795
0.20,2197646
0.20,2195890
0.20,2195169
0.20,2194740
0.20,2191987
0.20,2190865
0.20,2163849
0.20,2160935
0.20,2158177
0.20,2141290
0.20,2141037
0.20,2139992
0.20,2139190
0.20,2136403
0.20,2135522
0.20,2122588
0.21,2118890
0.21,2118659
0.21,2108491
0.21,2108279
0.21,2107258
0.21,2074984
0.21,2073367
0.21,2070437
0.21,2069963
0.21,2063398
0.21,2052552
0.21,2049981
0.21,2001230
0.22,2000611
0.22,1928054
0.22,1927956
0.22,1927158
0.22,1926909
0.22,1894707
0.22,1894704
0.22,1883946
0.22,1880366
0.22,1877686
0.22,1877179
0.22,1875094
0.22,1862064
0.23,1853231
0.23,1852987
0.23,1838456
0.23,1838251
0.23,1837639
0.24,1836055
0.24,1835743
0.24,1835405
0.24,1835139
0.24,1832908
0.24,1830917
0.24,1829427
0.24,1828256
0.24,1826507
0.24,1815406
0.24,1811283
0.24,1774247
0.25,1771667
0.25,1770369
0.25,1768619
0.25,1767263
0.25,1751233
0.25,1750143
0.26,1748865
0.26,1739717
0.26,1692194
0.26,1689365
0.26,1688749
0.26,1687526
0.26,1686636
0.26,1684059
0.26,1682020
0.26,1679055
0.27,1677856
0.27,1677833
0.27,1677609
0.27,1677318
0.27,1673448
0.28,1671672
0.28,1671245
0.28,1670864
0.28,1664914
0.28,1664533
0.28,1654221
0.29,1647379
0.29,1643476
0.29,1633236
0.29,1625138
0.29,1625010
0.29,1616399
0.29,1607573
0.29,1604120
0.29,1603201
0.29,1602880
0.29,1602863
0.29,1602438
0.29,1601229
0.29,1599963
0.30,1597656
0.30,1597180
0.30,1596707
0.30,1596291
0.30,1596219
0.30,1590775
0.31,1590343
0.31,1588791
0.31,1587133
0.31,1583715
0.31,1582837
0.31,1582112
0.31,1579225
0.31,1578688
0.31,1578445
0.31,1578212
0.31,1577599
0.32,1576861
0.32,1571802
0.32,1563435
0.32,1563420
0.33,1563282
0.33,1562526
0.33,1546821
0.33,1543706
0.33,1543702
0.33,1542950
0.33,1541228
0.33,1539945
0.33,1530644
0.33,1528063
0.34,1522770
0.34,1522007
0.34,1521826
0.34,1520991
0.34,1520374
0.34,1519568
0.35,1519286
0.35,1519221
0.35,1518251
0.35,1518214
0.35,1517939
0.35,1517615
0.35,1516195
0.35,1514103
0.36,1508196
0.36,1506185
0.36,1505413
0.36,1502396
0.36,1491948
0.36,1490838
0.36,1489795
0.36,1481000
0.37,1480149
0.37,1479327
0.37,1479039
0.37,1476631
0.37,1473480
0.37,1471967
0.37,1448675
0.37,1448146
0.37,1444100
0.38,1425964
0.38,1425961
1.14,1424083
1.14,1423869
1.14,1423437
1.14,1421834
1.14,1421023
1.15,1417528
1.15,1417223
1.15,1416824
1.15,1412531
1.15,1411844
1.15,1405241
1.15,1401465
1.16,1386600
1.16,1386523
1.16,1385036
1.16,1383221
1.16,1383116
1.16,1383056
1.16,1382327
1.16,1381400
1.16,1374429
1.16,1374215
1.16,1373368
1.17,1372028
1.17,1371939
1.17,1371394
1.17,1368023
1.17,1367340
1.17,1365267
1.18,1364466
1.18,1364363
1.18,1364292
1.18,1363902
1.18,1356820
1.18,1343000
1.19,1342124
1.19,1341907
1.19,1341279
1.19,1339356
1.19,1338951
1.19,1336000
1.20,1334952
1.20,1331699
1.20,1330317
1.20,1327874
1.20,1283220
1.21,1282414
1.21,1281411
1.21,1277687
1.21,1276868
1.21,1274496
1.21,1273797
1.22,1273360
1.22,1273311
1.22,1257358
1.22,1256902
1.22,1256193
1.22,1253350
1.23,1253297
1.23,1253234
1.24,1235108
1.24,1233864
1.24,1233392
1.24,1233129
1.24,1232307
1.24,1225894
1.25,1224127
1.25,1223606
1.25,1223532
1.25,1223186
1.25,1221927
1.26,1221394
1.26,1221331
1.26,1218739
1.26,1201987
1.27,1201720
1.27,1199493
1.28,1198807
1.28,1197853
1.28,1194195
1.28,1189457
1.28,1188704
1.28,1188476
1.29,1185281
1.29,1182570
1.29,1181079
1.29,1180932
1.29,1180031
1.29,1179464
1.29,1179302
1.30,1178363
1.30,1178183
1.30,1169094
1.30,1168896
1.30,1165962
1.30,1165635
1.30,1164351
1.30,1163086
1.31,1163042
1.31,1162839
1.31,1162686
1.31,1162334
1.31,1161748
1.31,1159839
1.32,1159838
1.32,1145526
1.32,1145523
1.32,1145518
1.32,1143612
1.33,1142244
1.33,1138297
1.33,1137519
1.34,1135541
1.34,1134403
1.34,1133622
1.34,1118240
1.34,1117731
1.34,1114854
1.34,1114506
1.34,1114247
1.35,1113517
1.35,1103642
1.35,1092865
1.35,1090061
1.36,1089584
1.36,1089540
1.37,1089298
1.37,1084514
1.37,1083592
1.37,1077191
1.37,1077108
1.37,1076903
1.38,1076854
1.38,1076851
1.38,1075530
1.38,1075379
1.38,1074524
1.38,1074132
1.38,1072330
1.39,1070350
1.39,1070245
1.40,1069481
1.40,1067453
1.40,1067401
1.40,1065633
1.41,1065393
1.41,1059250
1.41,1058847
1.42,1058844
1.42,1058637
1.43,1058388
1.43,1057584
1.44,1056883
1.44,1056851
1.44,1054026
1.44,1053606
1.44,1051766
1.44,1045989
1.44,1028206
1.45,1027247
1.45,1026829
1.46,1026798
1.46,1026149
1.47,1026135
1.47,1025859
1.48,1025852
1.48,1025247
1.49,1025196
1.49,1023099
1.50,1022389
1.50,1016949
1.50,1016424
1.50,1015726
1.50,1015472
1.50,1011710
1.50,1008277
1.50,1004169
1.51,1003738
1.52,1002084
1.52,1002062
1.52,990720
1.52,989707
1.52,989305
1.53,983671
1.53,983249
1.53,979803
1.53,978305
1.53,977841
1.54,973259
1.54,970728
1.55,964086
1.55,960852
1.55,960768
1.55,959534
1.56,956962
1.56,956146
1.56,950192
1.57,949112
1.57,948669
1.58,947563
1.58,946605
1.58,945511
1.59,945467
1.59,945183
1.59,944699
1.59,943429
1.60,942873
1.60,942701
1.60,942307
1.61,942239
1.61,940466
1.61,940387
1.61,936814
1.62,936566
1.62,935504
1.62,933126
1.62,932121
1.63,931611
1.63,930667
1.64,929496
1.64,928732
1.64,928130
1.64,925302
1.65,925239
1.66,925233
1.66,924453
1.66,921437
1.67,920481
1.68,919385
1.68,919271
1.68,915009
1.68,914101
1.69,911874
1.69,909846
1.69,909512
1.69,909100
1.69,908275
1.70,906281
1.70,886017
1.70,884829
1.70,881643
1.70,877115
1.70,876019
1.71,875499
1.71,874472
1.73,874208
1.73,873927
1.74,873852
1.74,867225
1.75,865761
1.75,864335
1.75,863116
1.76,862730
1.76,861185
1.76,851200
1.76,849970
1.76,849402
1.77,848353
1.78,846937
1.79,846874
1.79,843179
1.80,841696
1.80,838765
1.80,836970
1.81,836553
1.81,832229
1.81,831855
1.83,828704
1.83,828700
1.83,825435
1.83,825302
1.84,823929
1.84,823242
1.85,818229
1.86,818085
1.86,818021
1.87,817184
1.87,815696
1.87,815677
1.88,814655
3.11,814090
3.13,813824
3.15,813411
3.15,813272
3.15,812430
3.16,808191
3.17,807825
3.19,806775
3.19,804843
3.19,804347
3.19,796844
3.21,795786
3.21,795646
3.22,791119
3.23,790808
3.24,790603
3.25,790222
3.26,789875
3.26,789444
3.28,788853
3.30,788762
3.32,780584
3.32,780374
3.32,780071
3.32,779031
3.33,778913
3.33,778769
3.33,777961
4.58,777279
4.59,776876
4.59,776689
4.60,775610
4.61,774607
4.62,773741
4.67,773225
4.68,770790
4.70,770002
4.72,769764
4.76,769576
4.79,769149
4.81,764331
4.82,763586
4.82,763133
4.83,756455
4.83,756453
4.85,756179
4.86,755984
4.88,753520
6.18,753517
6.18,752998
6.20,752307
6.21,751805
6.24,739939
6.26,739270
6.27,738620
6.29,737998
6.34,729375
6.34,729316
6.42,729290
6.42,729223
6.45,728582
6.46,728541
6.50,724074
6.55,724051
6.57,723270
6.58,716552
6.67,715936
6.71,715491
6.72,715330
6.76,710387
6.78,708965
6.78,707754
6.83,707615
6.89,707443
7.04,707039
7.48,706172
7.73,704661
8.22,702963
8.31,702741
8.64,698936
11.17,694735
11.49,693415
11.62,693387
11.88,693253
20.36,692534
20.57,692468
21.63,691820
21.81,691518
21.88,691342
30.78,689672
30.94,689531
31.03,688552
31.14,687364
31.70,686021
33.31,683509
33.45,682815
33.60,682388
34.20,682355
56.04,681456
56.43,680391
56.72,680378
56.76,680131
56.76,679817
59.26,678564
59.34,678322
59.40,678277
59.40,678214
59.70,677567
59.84,676945
60.00,676330
60.03,675170
60.11,674420
65.40,672262
65.67,672234
67.55,671661
78.61,670977
78.63,669665
78.84,667881
366.48,666909
366.49,666379
366.53,666103
366.58,665704
366.64,665512
367.04,665145
