0.06,6744098
0.07,6739793
0.07,6689900
0.07,6649719
0.07,6637349
0.07,6626677
0.07,6618530
0.07,6587023
0.07,6586047
0.07,6583942
0.07,6542238
0.07,6542158
0.07,6515699
0.07,6512198
0.08,6506958
0.08,6446717
0.08,6445393
0.08,6439586
0.08,6435649
0.08,6424350
0.08,6423945
0.08,6422144
0.08,6421264
0.08,6415076
0.08,6394531
0.08,6378263
0.08,6364471
0.08,6357804
0.08,6356791
0.08,6356018
0.09,6353571
0.09,6339913
0.09,6336648
0.09,6334806
0.09,6333105
0.09,6313160
0.09,6302283
0.09,6276872
0.09,6266364
0.09,6265733
0.09,6216790
0.09,6194677
0.09,6186144
0.09,6181315
0.09,6173421
0.09,6160978
0.09,6157745
0.09,6156820
0.09,6152960
0.09,6134562
0.09,6067805
0.09,6066023
0.09,6065866
0.09,6059444
0.09,6053822
0.09,6042134
0.09,6034811
0.09,6015510
0.09,5901071
0.10,5872711
0.10,5872247
0.10,5853393
0.10,5852294
0.10,5799962
0.10,5798018
0.10,5789561
0.10,5706504
0.10,5659876
0.10,5648249
0.10,5636968
0.10,5630809
0.10,5629645
0.10,5595415
0.10,5580505
0.10,5568185
0.10,5557278
0.10,5542649
0.10,5541728
0.10,5535552
0.10,5532204
0.10,5528833
0.10,5522747
0.10,5494144
0.10,5492651
0.10,5489501
0.10,5480191
0.10,5478979
0.10,5469245
0.10,5445495
0.10,5444365
0.10,5443335
0.10,5434703
0.10,5426137
0.10,5338158
0.10,5320380
0.10,5303810
0.11,5300770
0.11,5290490
0.11,5278315
0.11,5278103
0.11,5214405
0.11,5213243
0.11,5166713
0.11,5161819
0.11,5153823
0.11,5095061
0.11,5094193
0.11,5061163
0.11,5058589
0.11,5030207
0.11,5027023
0.11,5022616
0.11,4980940
0.11,4972518
0.11,4939697
0.11,4923185
0.11,4880834
0.11,4880416
0.11,4879526
0.11,4871183
0.11,4870412
0.11,4868314
0.11,4867985
0.11,4860173
0.11,4858363
0.11,4856685
0.11,4855433
0.11,4853077
0.11,4850879
0.11,4827319
0.11,4798251
0.11,4792605
0.11,4703336
0.11,4641076
0.11,4640132
0.11,4628076
0.11,4624451
0.11,4622802
0.12,4598362
0.12,4597235
0.12,4588503
0.12,4583860
0.12,4582092
0.12,4569380
0.12,4501354
0.12,4410828
0.12,4409418
0.12,4403694
0.12,4402233
0.12,4402141
0.12,4335306
0.12,4335140
0.12,4324932
0.12,4317743
0.12,4316947
0.12,4315268
0.12,4314026
0.12,4302108
0.12,4301829
0.12,4289751
0.12,4288659
0.12,4288153
0.12,4283045
0.12,4281881
0.12,4279468
0.12,4271760
0.12,4270723
0.12,4270641
0.12,4268455
0.12,4263724
0.12,4263489
0.12,4261543
0.12,4255196
0.12,4254186
0.12,4243840
0.12,4234747
0.12,4220263
0.12,4216231
0.12,4215872
0.13,4208977
0.13,4204243
0.13,4197508
0.13,4193323
0.13,4188959
0.13,4177238
0.13,4174427
0.13,4173917
0.13,4173186
0.13,4122711
0.13,4119576
0.13,4092665
0.13,4088977
0.13,4081171
0.13,4080045
0.13,4079923
0.13,4078573
0.13,4070835
0.13,4057537
0.13,4053275
0.13,4041807
0.13,4038143
0.13,4036321
0.13,4027526
0.13,4022942
0.13,3998411
0.13,3992213
0.13,3973154
0.14,3936390
0.14,3934057
0.14,3926674
0.14,3912829
0.14,3907999
0.14,3907497
0.14,3906020
0.14,3894138
0.14,3889843
0.14,3883744
0.14,3877188
0.14,3875620
0.14,3873697
0.14,3868663
0.14,3838724
0.14,3835426
0.15,3830278
0.15,3825131
0.15,3815282
0.15,3792977
0.16,3767762
0.16,3753532
0.16,3747031
0.16,3744819
0.16,3739468
0.16,3736824
0.16,3732193
0.16,3725403
0.16,3724432
0.16,3718283
0.16,3710277
0.16,3701466
0.16,3682442
0.16,3682082
0.17,3681428
0.17,3680894
0.17,3669086
0.17,3657991
0.17,3635289
0.17,3634565
0.17,3608002
0.17,3589885
0.17,3584336
0.17,3579155
0.17,3578765
0.17,3563478
0.17,3546489
0.18,3546096
0.18,3545649
0.18,3543199
0.18,3543096
0.18,3540839
0.18,3540428
0.18,3533595
0.18,3531744
0.18,3524316
0.18,3523052
0.18,3516112
0.18,3513902
0.18,3511627
0.18,3506879
0.18,3503368
0.18,3501124
0.18,3499413
0.18,3498589
0.18,3496623
0.18,3487179
0.18,3487172
0.18,3480642
0.18,3475845
0.18,3470808
0.18,3469763
0.19,3468766
0.19,3425735
0.19,3417461
0.19,3414264
0.19,3410834
0.19,3353969
0.19,3353869
0.19,3340005
0.20,3319801
0.20,3314139
0.20,3294012
0.20,3271063
0.20,3268507
0.20,3266478
0.20,3264522
0.20,3263686
0.20,3263075
0.20,3260617
0.20,3258680
0.20,3256164
0.20,3237390
0.20,3203995
0.21,3198704
0.21,3192127
0.22,3191439
0.22,3187924
0.22,3181391
0.22,3180841
0.22,3170832
0.22,3160830
0.22,3158806
0.23,3152886
0.23,3124885
0.23,3113130
0.23,3110575
0.23,3091092
0.24,3084479
0.24,3074238
0.24,3074210
0.25,3072199
0.25,3049668
0.25,3049602
0.25,3048677
0.25,3021043
0.25,3004013
0.25,2997889
0.25,2995909
0.25,2992658
0.25,2968735
0.25,2966383
0.25,2961705
0.26,2960276
0.28,2958205
0.28,2923325
0.28,2912219
0.29,2849965
0.29,2845468
0.29,2844188
0.29,2843669
0.29,2831056
0.29,2821284
0.29,2810480
0.29,2795264
0.30,2744559
0.30,2730090
0.30,2729979
0.30,2711123
0.42,2708012
0.42,2697687
0.42,2697643
0.42,2689041
0.42,2685042
0.42,2683127
0.42,2670412
0.42,2668699
0.42,2656898
0.42,2631961
0.42,2629592
0.42,2627949
0.42,2627311
0.43,2622453
0.43,2621440
0.43,2609805
0.43,2606280
0.43,2604568
0.43,2590168
0.66,2586333
0.66,2573110
0.66,2571187
0.66,2546925
0.66,2546242
0.66,2537850
0.66,2536512
0.66,2536130
0.66,2529158
0.66,2528071
0.66,2512351
0.66,2512281
0.66,2511789
0.66,2508586
0.66,2481342
0.92,2479353
0.92,2479220
0.92,2478133
1.12,2478101
1.13,2473064
1.13,2462807
1.13,2459219
1.13,2457298
1.13,2454779
1.13,2453710
1.13,2448981
1.13,2448835
1.13,2430502
1.13,2429916
1.13,2401343
1.13,2400484
1.13,2393755
1.13,2386778
1.13,2385747
1.13,2378375
1.13,2357946
1.13,2357698
1.13,2357194
1.13,2356612
1.13,2338791
1.13,2335585
1.13,2335091
1.13,2334956
2.39,2325915
2.39,2325676
2.39,2319504
2.39,2318667
2.39,2310083
3.37,2309097
3.37,2308468
3.37,2304816
3.37,2297620
3.37,2295351
3.37,2271492
3.37,2268592
3.37,2268441
3.37,2268422
3.37,2263985
3.37,2252187
3.88,2248461
3.88,2244847
3.88,2228464
3.88,2225903
3.88,2225403
3.88,2220190
3.88,2220088
3.88,2215320
3.88,2212457
4.49,2209578
4.49,2209504
4.49,2203695
4.49,2169600
4.49,2163310
4.64,2138569
4.64,2131584
4.64,2129593
4.64,2127780
4.64,2121217
4.64,2120743
4.64,2114469
4.64,2107325
4.64,2098513
4.64,2097312
4.64,2092731
4.64,2091149
4.64,2091106
4.64,2088708
4.64,2086884
4.64,2086458
4.64,2085964
4.65,2080015
4.65,2076296
4.65,2072328
4.65,2072197
4.65,2072191
4.65,2068009
5.51,2039878
5.51,2032570
5.63,2023179
5.63,2013413
5.75,2006503
5.75,2006095
5.75,2000547
5.75,1997861
5.75,1996577
7.24,1990088
7.24,1983407
7.25,1975125
7.25,1971215
7.25,1967759
7.25,1962429
7.25,1960432
7.25,1959878
7.25,1955984
7.25,1947835
7.25,1946430
7.25,1936863
7.25,1931788
8.84,1920041
8.84,1919732
8.84,1917175
8.84,1914540
8.84,1895734
8.89,1894282
8.89,1890476
8.91,1886526
8.91,1879635
8.91,1875226
8.91,1874043
8.91,1870857
8.91,1870328
8.91,1857304
8.91,1855777
8.91,1855773
8.91,1854382
8.91,1853886
8.91,1849998
8.91,1848383
8.92,1845288
8.92,1844343
8.92,1839075
8.92,1838006
8.95,1831208
8.95,1813332
10.99,1812495
11.00,1812001
11.00,1811656
11.00,1809670
11.00,1805335
11.00,1803025
11.00,1798721
11.00,1797504
11.00,1795444
11.00,1794926
11.00,1794869
11.00,1791453
11.00,1791402
11.00,1781787
11.90,1780406
11.90,1780163
11.90,1778947
11.90,1776639
11.90,1768500
11.90,1765008
11.90,1759391
11.90,1750770
11.90,1738501
11.90,1738109
12.06,1733177
12.06,1732472
12.06,1730047
12.06,1729907
12.29,1728130
12.29,1718878
12.29,1714658
12.29,1713960
12.38,1711526
12.38,1703728
12.38,1700952
12.39,1694853
12.39,1683524
12.39,1682525
12.39,1681946
12.39,1680919
12.39,1676239
12.39,1675805
12.39,1674925
12.39,1674592
12.39,1671830
12.39,1670913
12.39,1670508
12.91,1669204
12.91,1669111
12.91,1668047
12.91,1664140
12.91,1658729
12.91,1657417
12.91,1655828
12.92,1652607
12.92,1652567
12.92,1647731
12.92,1647082
12.92,1639130
12.92,1638055
12.92,1635945
12.92,1624996
12.92,1621857
12.92,1621266
12.92,1614745
12.92,1606527
12.92,1606403
12.92,1598305
12.92,1591520
12.92,1588034
12.92,1586750
12.92,1579949
15.26,1579023
15.52,1578736
15.52,1573314
15.52,1572673
15.68,1569814
15.72,1568095
15.72,1567787
15.72,1565261
15.72,1553626
15.72,1550461
15.72,1546395
15.72,1539522
15.72,1539184
15.72,1539152
15.72,1535950
15.72,1535930
15.72,1532176
15.72,1528121
15.72,1527316
16.93,1522878
16.93,1517459
16.93,1513640
16.93,1512999
16.93,1509816
16.93,1506886
16.93,1502148
16.93,1497717
16.95,1496089
16.95,1496074
16.95,1490688
16.95,1483994
16.95,1483645
16.95,1472979
16.95,1471069
16.95,1469268
16.95,1468593
16.95,1467350
16.95,1466636
16.95,1465431
16.95,1462604
16.96,1461483
16.96,1461003
17.43,1459287
17.43,1457153
17.43,1456454
17.43,1440612
17.44,1439729
17.44,1438602
17.44,1437377
17.44,1432985
17.44,1432703
17.44,1431766
17.45,1429589
17.45,1427004
17.45,1422716
18.42,1421504
18.42,1420275
18.76,1419248
18.76,1417647
18.76,1416606
18.76,1416215
18.76,1411449
18.76,1409894
18.76,1409657
18.76,1407992
18.76,1406917
18.90,1406803
18.90,1404837
18.90,1404254
18.90,1401834
18.90,1399927
18.91,1399773
18.91,1398167
19.68,1397703
19.68,1397517
19.68,1396681
19.95,1396285
19.95,1395392
19.95,1395361
19.95,1391462
19.95,1383232
19.95,1379312
19.95,1379203
19.95,1377541
19.95,1374890
19.95,1373202
19.95,1370377
19.95,1367844
19.95,1362129
19.96,1360236
19.96,1358494
20.07,1357226
20.07,1354470
20.07,1352964
20.07,1352702
20.07,1349545
20.07,1348736
20.08,1348458
20.08,1344903
20.09,1342403
20.09,1342320
20.09,1339370
20.09,1338207
20.09,1335748
20.10,1334710
20.10,1332611
20.32,1331299
20.32,1324683
20.32,1320411
20.32,1320298
20.32,1317321
20.32,1311343
20.59,1310777
20.59,1309471
20.59,1300079
20.59,1299374
20.59,1295265
20.59,1295037
21.96,1292534
22.31,1289874
22.31,1289600
22.31,1288093
22.56,1285288
22.56,1284723
22.60,1283132
22.73,1278878
22.76,1278011
22.82,1274739
22.83,1271637
22.83,1267145
22.83,1266423
22.83,1260773
22.83,1257738
22.83,1255458
22.83,1255374
22.83,1254340
22.83,1251594
22.83,1246929
22.83,1246624
22.83,1245142
22.83,1244555
22.83,1242933
22.84,1242281
22.84,1241029
22.84,1236704
22.84,1236547
22.84,1236504
22.84,1235981
23.41,1232252
23.41,1224718
23.41,1215584
23.41,1213885
23.41,1210589
23.41,1206196
23.41,1203605
23.41,1199240
24.47,1198280
24.47,1196035
24.47,1193546
24.48,1193520
24.77,1190661
24.77,1187297
24.77,1185351
24.77,1182858
24.77,1182202
24.78,1175708
24.78,1174561
24.81,1172470
24.81,1170654
24.81,1170439
24.81,1161362
26.04,1161205
26.04,1159690
26.05,1157428
26.05,1155393
26.05,1154041
26.05,1153766
26.11,1153182
26.11,1150262
26.12,1148258
26.12,1146955
26.12,1146573
26.12,1146139
26.12,1139451
26.69,1136190
26.69,1135925
26.69,1126932
27.47,1125171
27.47,1125150
27.47,1124253
27.47,1123454
27.47,1118532
27.47,1118156
27.55,1113888
27.55,1113508
27.55,1109108
27.56,1107505
27.56,1104826
27.56,1098318
27.56,1096358
27.56,1094463
27.57,1090470
28.20,1089615
28.20,1088952
28.28,1085446
28.28,1084212
28.28,1083852
28.28,1083587
28.28,1081546
28.28,1080270
28.28,1080172
28.28,1078851
28.28,1078639
28.28,1078124
28.28,1076813
28.28,1076025
28.28,1075992
28.63,1074283
28.68,1070030
28.68,1069614
28.68,1068750
28.68,1067872
28.68,1067753
28.68,1063339
28.68,1058690
28.68,1058449
28.69,1055040
28.69,1054325
28.69,1050632
28.69,1048662
28.69,1045224
28.69,1044139
30.67,1043327
30.68,1043192
30.69,1043189
30.69,1042840
30.69,1038541
30.70,1037390
30.70,1036668
30.70,1032521
30.71,1029939
30.71,1028727
30.72,1023335
30.72,1016651
31.12,1015926
31.12,1015649
31.12,1014468
31.14,1013954
31.14,1013245
31.14,1012143
31.16,1010921
31.16,1007604
31.16,1005653
31.16,1005066
31.16,1004561
31.16,1003826
31.45,1003623
31.45,1001714
31.58,1001652
31.58,1001600
31.58,1000963
31.59,999261
32.02,999124
32.02,994256
32.02,990665
32.02,989985
32.03,989206
32.07,988253
32.07,985855
32.07,983960
32.07,982880
32.07,981666
32.07,979966
32.08,979381
32.08,978679
32.08,976675
32.08,976244
32.08,973038
32.08,969590
33.46,969148
33.78,967451
33.78,964508
33.78,963173
33.78,958769
33.78,958614
33.78,955523
33.78,953759
33.78,951181
33.88,950669
33.88,950353
34.12,950277
34.12,950105
34.12,949834
34.12,946909
34.12,944152
34.12,942072
34.13,939415
34.13,938220
34.14,937274
34.15,934300
34.16,934233
34.16,931363
34.82,931145
34.82,928564
34.82,926733
34.82,922661
34.82,920650
34.83,919580
34.89,918409
34.90,917346
34.94,915388
34.94,914216
34.94,910448
34.94,908860
34.95,907141
34.95,907131
34.95,906291
34.95,905696
34.95,904741
34.95,901679
34.95,900067
34.95,900052
34.95,900042
34.96,898690
34.96,898662
34.96,898233
34.96,896492
35.97,895844
37.13,895398
37.13,895041
37.13,894815
37.14,894764
37.14,892778
37.14,892441
37.36,891554
37.36,891157
37.36,889502
37.36,889383
37.36,886355
37.36,885865
37.36,885482
37.95,885199
37.95,882153
37.95,881603
37.95,880783
37.96,879980
37.96,879545
37.96,879426
37.96,878954
37.96,876941
37.96,874590
37.96,872784
37.97,870068
37.97,869786
37.97,868512
37.97,867749
37.97,867669
37.97,866055
37.98,863928
38.05,862655
38.05,861872
38.05,860876
38.05,860794
38.05,860777
38.05,859771
38.05,858753
38.06,855842
38.23,855042
38.23,851269
38.23,851198
38.23,850489
38.23,849836
38.23,848367
38.23,847700
38.23,847589
38.24,847159
38.24,846328
38.51,845170
38.51,843694
39.14,843307
39.14,838864
39.15,836367
39.15,836343
39.15,835727
39.15,835614
39.15,834357
39.18,834190
39.18,833503
39.19,832585
39.19,832391
39.22,832101
39.22,831123
39.91,830174
39.95,830069
39.95,828988
39.97,828825
39.97,828574
39.99,826694
40.00,826417
40.02,823824
40.05,821888
40.05,820275
40.05,819340
40.06,817269
40.06,816470
40.06,815814
40.06,815245
40.77,813889
40.77,811354
40.77,811244
42.81,810294
42.81,810099
42.81,809749
42.82,809161
42.82,809155
42.82,807357
42.83,806755
42.83,805860
42.85,803198
42.85,802756
42.85,802627
43.07,801675
43.07,797972
43.08,797614
43.08,797504
43.08,796974
43.08,795161
43.08,794620
44.26,794284
44.27,793882
44.27,793740
44.27,792033
44.27,791802
44.27,790225
44.28,790207
44.28,790126
44.28,788884
44.28,788464
44.28,788024
44.28,786383
44.28,782814
44.28,781620
46.01,781173
46.01,781021
46.02,780435
46.02,778275
46.30,778026
46.30,776507
46.44,775730
46.44,775187
46.45,774321
46.45,772705
46.45,771717
46.45,771697
46.84,771037
46.84,769434
46.84,768609
46.84,767800
46.84,767509
47.07,767434
47.07,766201
47.07,765754
47.64,764993
47.95,764577
47.95,763354
47.96,763017
47.96,762166
47.96,761659
47.96,761077
47.96,760092
47.96,759169
47.96,758557
47.96,757001
47.99,756607
47.99,756184
47.99,755464
47.99,754505
47.99,754463
48.02,754078
48.04,753111
48.04,752826
48.04,752710
48.04,751719
48.04,747826
48.04,746910
48.05,745958
48.05,745583
48.05,745002
48.05,743711
48.07,743598
48.07,742872
48.85,741672
48.85,740372
48.86,737541
50.22,737288
50.22,736944
50.23,736169
50.23,735590
51.08,735364
51.08,734511
51.18,733479
51.18,733189
51.33,731639
51.34,731494
51.34,730326
51.46,729796
51.46,729599
51.46,727982
52.46,727854
52.46,727600
52.47,727526
52.47,727023
52.48,726301
52.48,724485
52.49,722559
52.49,721259
52.50,721237
52.50,720001
52.50,719776
52.94,719331
52.95,718738
52.95,718338
52.96,717651
53.10,717549
53.11,716926
53.12,716222
53.12,714483
53.12,713910
53.12,713760
53.12,713594
54.80,712936
54.80,712877
54.81,711403
54.86,710681
54.88,710050
54.89,709977
54.89,709929
54.89,709231
54.90,708932
54.90,708115
55.68,707486
55.68,706634
55.69,705970
55.76,705873
55.76,705635
56.12,704797
56.15,704493
56.22,704281
56.50,704255
56.50,703348
56.71,702640
56.83,701962
56.83,701348
56.85,701324
56.87,701069
57.59,700457
57.59,700391
57.60,700300
57.61,699372
57.62,699180
57.65,698819
57.66,698358
57.66,697414
58.14,696763
58.16,696618
58.16,696011
58.16,695245
58.16,694344
58.17,692360
58.18,692044
58.20,691644
58.20,689093
58.20,688602
58.20,688451
58.22,688087
58.22,688028
58.22,687915
58.23,686810
58.24,685504
58.80,684888
58.82,684468
58.83,684339
58.83,683596
58.85,683216
58.94,682726
58.94,682011
58.95,679665
58.97,679561
61.18,677437
61.18,675943
61.18,675843
61.19,675638
61.20,675177
61.20,675149
62.89,674812
62.90,674693
64.95,673513
64.95,673388
64.97,673205
64.98,672420
64.98,672234
65.69,671378
65.71,671352
65.74,670602
65.75,670589
65.75,670589
65.94,670419
67.23,670001
67.23,669969
67.26,669724
67.26,669446
67.60,669297
67.60,668918
67.60,668234
67.62,668039
67.67,667857
68.38,667698
68.45,667476
68.46,667191
69.37,666839
69.37,666839
69.40,666797
69.55,666774
69.58,666739
69.77,666697
69.77,666471
69.78,666268
69.78,665956
69.78,665899
69.91,665895
73.88,665809
76.82,665768
76.86,665447
77.09,665428
78.36,665165
79.49,665036
79.61,665027
79.65,664928
79.70,664923
79.77,664890
80.32,664757
83.35,664706
83.37,664680
83.89,664587
84.96,664423
85.07,664402
85.12,664381
85.73,664323
85.96,664154
86.21,664147
90.31,664046
92.32,664040
