0.00,6990891
0.01,6988067
0.01,6917171
0.01,6909481
0.01,6901707
0.01,6898202
0.01,6891376
0.01,6890674
0.01,6798735
0.01,6798541
0.01,6705133
0.01,6701465
0.01,6688620
0.01,6687384
0.01,6683089
0.01,6668946
0.01,6640730
0.01,6632834
0.01,6630135
0.01,6625762
0.01,6552518
0.01,6506995
0.01,6490242
0.01,6476387
0.01,6402156
0.02,6361797
0.02,6354406
0.02,6342259
0.02,6332427
0.02,6315584
0.02,6308770
0.02,6308735
0.02,6285106
0.02,6274820
0.02,6273821
0.02,6270822
0.02,6256477
0.02,6233183
0.02,6231669
0.02,6213111
0.02,6209795
0.02,6208986
0.02,6208647
0.02,6199638
0.02,6198262
0.02,6194162
0.02,6188931
0.02,6187345
0.02,6165998
0.02,6164503
0.02,6149560
0.02,6142933
0.02,6142876
0.02,6129334
0.02,6107315
0.02,6097991
0.02,6084510
0.02,6073115
0.02,6070484
0.02,6067529
0.02,6034569
0.02,6020882
0.02,6015904
0.02,6012800
0.02,5869526
0.03,5866454
0.03,5865958
0.03,5865393
0.03,5864761
0.03,5863475
0.03,5807940
0.03,5799532
0.03,5788935
0.03,5785150
0.03,5782477
0.03,5764184
0.03,5731214
0.03,5729858
0.03,5728739
0.03,5708672
0.03,5705472
0.03,5699839
0.03,5695152
0.03,5668413
0.03,5635848
0.03,5633226
0.03,5633056
0.03,5630540
0.03,5620960
0.03,5609932
0.03,5606775
0.03,5601887
0.03,5588693
0.03,5578266
0.03,5574160
0.03,5571042
0.03,5570665
0.03,5565288
0.03,5458569
0.03,5440210
0.03,5352664
0.04,5304513
0.04,5303083
0.04,5299365
0.04,5296161
0.04,5293610
0.04,5292664
0.04,5284596
0.04,5276161
0.04,5274121
0.04,5262742
0.04,5248581
0.04,5242648
0.04,5232557
0.04,5225802
0.04,5224833
0.04,5224650
0.04,5221762
0.04,5196786
0.04,5196212
0.04,5195320
0.04,5192177
0.04,5192134
0.04,5191423
0.04,5187211
0.04,5166609
0.04,5166597
0.04,5165343
0.04,5160588
0.04,5154333
0.04,5141269
0.04,5138898
0.04,5135903
0.04,5135509
0.04,5135331
0.04,5117771
0.04,5115814
0.04,5110925
0.04,5105520
0.04,5086778
0.04,5083788
0.04,5071142
0.04,5005517
0.04,4985504
0.05,4976352
0.05,4975887
0.05,4975204
0.05,4973692
0.05,4964570
0.05,4931698
0.05,4927226
0.05,4926257
0.05,4924569
0.05,4916063
0.05,4893590
0.05,4885936
0.05,4870008
0.05,4866066
0.05,4865704
0.05,4860448
0.05,4858760
0.05,4843610
0.05,4840517
0.05,4840454
0.05,4833032
0.05,4829472
0.05,4800163
0.05,4754375
0.05,4725466
0.05,4722871
0.05,4719835
0.05,4718232
0.05,4717179
0.05,4703468
0.05,4696374
0.05,4690224
0.05,4672680
0.05,4672378
0.05,4665058
0.05,4663510
0.05,4660755
0.05,4660000
0.05,4659350
0.05,4652422
0.05,4643843
0.05,4634001
0.05,4632825
0.05,4625252
0.05,4623867
0.05,4622538
0.05,4622495
0.05,4614593
0.05,4609945
0.05,4599379
0.05,4596154
0.05,4594525
0.05,4590166
0.05,4590018
0.05,4585856
0.05,4575734
0.05,4537351
0.06,4534311
0.06,4523217
0.06,4522012
0.06,4516149
0.06,4439626
0.06,4439150
0.06,4435005
0.06,4434786
0.06,4434023
0.06,4413315
0.06,4411111
0.06,4404089
0.06,4404072
0.06,4403780
0.06,4403461
0.06,4401145
0.06,4400940
0.06,4399009
0.06,4394998
0.06,4389102
0.06,4380112
0.06,4313008
0.06,4311164
0.06,4298103
0.06,4286370
0.06,4283086
0.06,4281223
0.06,4280809
0.06,4219249
0.06,4218309
0.06,4217667
0.06,4214530
0.06,4213844
0.06,4192049
0.06,4158675
0.06,4158629
0.06,4156593
0.06,4156080
0.06,4154033
0.06,4135427
0.06,4134469
0.06,4112426
0.06,4112398
0.06,4111774
0.06,4089631
0.06,4072616
0.06,4064649
0.06,4061357
0.06,4061240
0.06,4060512
0.06,4012111
0.06,4010318
0.06,4006099
0.06,4000965
0.06,3998102
0.07,3982968
0.07,3915083
0.07,3911529
0.07,3907344
0.07,3893564
0.07,3891363
0.07,3886941
0.07,3878678
0.07,3877234
0.07,3875459
0.07,3856610
0.07,3855371
0.07,3854693
0.07,3843882
0.07,3836473
0.07,3835724
0.07,3830585
0.07,3792954
0.07,3759340
0.07,3753629
0.07,3753542
0.07,3744355
0.07,3738467
0.07,3738378
0.07,3725677
0.07,3722689
0.07,3720745
0.07,3719418
0.07,3718251
0.07,3715397
0.07,3710570
0.07,3708297
0.07,3622920
0.07,3618060
0.07,3615917
0.07,3611204
0.07,3605527
0.07,3603468
0.07,3601820
0.07,3600527
0.07,3598460
0.07,3590019
0.07,3588597
0.07,3570450
0.07,3560508
0.07,3544070
0.07,3543486
0.07,3541068
0.07,3533863
0.07,3532967
0.07,3521489
0.07,3491789
0.07,3490690
0.07,3483522
0.08,3476915
0.08,3461807
0.08,3452739
0.08,3448252
0.08,3423301
0.08,3416846
0.08,3411671
0.08,3410601
0.08,3407393
0.08,3406413
0.08,3405032
0.08,3401829
0.08,3400907
0.08,3333340
0.08,3333081
0.08,3332891
0.08,3313084
0.08,3297122
0.08,3296798
0.08,3295645
0.08,3294738
0.08,3291390
0.08,3288755
0.08,3250190
0.08,3239097
0.08,3221978
0.08,3203754
0.08,3201704
0.08,3195115
0.08,3194968
0.08,3194296
0.08,3188819
0.08,3188602
0.08,3186058
0.08,3179736
0.08,3176768
0.08,3176252
0.08,3167789
0.08,3161043
0.08,3158518
0.08,3153654
0.09,3150711
0.09,3148893
0.09,3148321
0.09,3145858
0.09,3131043
0.09,3117869
0.09,3117589
0.09,3115646
0.09,3110698
0.09,3101604
0.09,3101392
0.09,3099301
0.09,3097548
0.09,3079447
0.09,3073265
0.09,3068621
0.09,3066993
0.09,3065473
0.09,3064226
0.09,3059507
0.09,3014880
0.09,3008963
0.09,2984934
0.09,2983609
0.09,2982853
0.09,2978703
0.09,2970922
0.09,2969502
0.09,2960427
0.09,2952484
0.09,2949160
0.09,2939148
0.09,2933336
0.09,2933245
0.09,2929520
0.09,2926875
0.10,2904995
0.10,2904273
0.10,2903670
0.10,2899302
0.10,2898498
0.10,2892532
0.10,2892151
0.10,2885169
0.10,2883626
0.10,2883179
0.10,2879389
0.10,2878234
0.10,2877000
0.10,2875851
0.10,2866105
0.10,2862993
0.10,2860210
0.10,2860205
0.10,2859265
0.10,2858614
0.10,2727688
0.10,2721607
0.10,2709196
0.10,2705211
0.10,2698161
0.10,2694891
0.10,2686750
0.10,2686703
0.10,2679702
0.10,2677755
0.10,2654591
0.10,2653457
0.11,2653080
0.11,2652251
0.11,2646137
0.11,2645862
0.11,2644922
0.11,2643588
0.11,2639099
0.11,2636239
0.11,2634958
0.11,2633988
0.11,2630546
0.11,2627457
0.11,2570166
0.11,2561667
0.11,2548158
0.11,2541554
0.11,2541346
0.11,2534259
0.11,2532603
0.11,2526986
0.11,2504011
0.11,2502436
0.11,2502366
0.11,2500650
0.11,2495991
0.11,2461190
0.11,2451963
0.11,2451611
0.11,2451581
0.11,2450971
0.11,2448514
0.11,2448266
0.11,2446857
0.11,2444164
0.11,2440545
0.11,2440143
0.11,2439609
0.11,2438185
0.12,2406521
0.12,2403313
0.12,2402188
0.12,2394916
0.12,2391635
0.12,2390349
0.12,2379345
0.12,2378556
0.12,2377604
0.12,2377594
0.12,2375777
0.12,2375217
0.12,2370864
0.12,2368900
0.12,2360607
0.12,2359351
0.12,2357645
0.12,2357472
0.12,2353788
0.12,2352110
0.12,2338899
0.12,2336806
0.12,2335923
0.12,2335707
0.12,2331554
0.12,2327468
0.12,2312101
0.12,2310862
0.12,2310467
0.12,2309495
0.12,2309135
0.12,2309130
0.12,2307936
0.12,2293323
0.12,2292104
0.12,2289486
0.12,2284674
0.12,2282312
0.13,2281929
0.13,2201083
0.13,2198281
0.13,2195909
0.13,2186108
0.13,2184809
0.13,2183808
0.13,2176995
0.13,2174992
0.13,2172894
0.13,2151556
0.13,2151433
0.13,2146894
0.13,2144596
0.13,2140822
0.13,2136367
0.13,2135969
0.13,2133346
0.13,2132466
0.13,2132460
0.14,2132447
0.14,2132011
0.14,2104217
0.14,2094985
0.14,2094579
0.14,2082310
0.14,2077267
0.14,2077263
0.14,2064120
0.14,2061843
0.14,2057949
0.14,2057764
0.14,2055566
0.14,2054752
0.14,2054098
0.14,2051460
0.14,2049767
0.14,2045361
0.14,2045122
0.14,2028600
0.14,2024142
0.14,2012832
0.14,2012376
0.14,2011805
0.14,2011644
0.14,2011586
0.14,2007601
0.14,2007354
0.14,2003177
0.14,2002548
0.14,2002545
0.14,2001988
0.15,2001618
0.15,2000753
0.15,1999478
0.15,1974694
0.15,1968993
0.15,1967632
0.15,1965546
0.15,1965243
0.15,1954720
0.15,1951819
0.15,1949831
0.15,1949382
0.15,1933921
0.15,1873952
0.15,1868566
0.15,1854968
0.15,1854441
0.16,1851004
0.16,1847801
0.16,1847704
0.16,1847537
0.16,1845657
0.16,1842305
0.16,1841784
0.16,1840666
0.16,1839552
0.16,1839458
0.16,1836609
0.16,1833795
0.16,1830947
0.16,1829729
0.16,1822957
0.16,1822239
0.16,1822226
0.16,1821850
0.17,1813465
0.17,1793791
0.17,1790273
0.17,1790156
0.17,1788374
0.17,1780983
0.17,1780747
0.17,1775404
0.17,1773962
0.17,1773936
0.17,1772913
0.17,1772525
0.17,1769589
0.17,1768654
0.17,1765560
0.17,1765422
0.17,1764841
0.17,1763502
0.17,1760084
0.18,1758658
0.18,1738570
0.18,1737391
0.18,1735890
0.18,1734493
0.18,1732896
0.18,1730676
0.18,1730490
0.18,1729497
0.18,1727022
0.18,1725456
0.19,1720305
0.19,1714451
0.19,1707628
0.19,1706634
0.19,1705176
0.19,1703916
0.19,1703885
0.19,1702282
0.19,1687013
0.19,1684085
0.19,1678881
0.19,1678045
0.19,1677756
0.19,1677686
0.19,1676213
0.19,1675552
0.19,1674677
0.20,1671929
0.20,1665428
0.20,1657841
0.20,1647931
0.20,1642409
0.20,1639168
0.20,1636373
0.20,1636356
0.20,1635786
0.20,1634193
0.20,1633306
0.20,1633093
0.20,1628540
0.20,1621344
0.20,1616249
0.20,1613562
0.21,1608662
0.21,1608500
0.21,1606788
0.21,1605318
0.21,1594309
0.21,1593808
0.21,1591715
0.21,1566848
0.21,1566056
0.22,1551756
0.22,1551204
0.22,1551112
0.22,1543691
0.22,1541918
0.22,1531559
0.22,1531438
0.22,1530624
0.22,1493847
0.22,1487130
0.22,1486812
0.22,1486241
0.22,1482713
0.22,1475245
0.22,1474534
0.23,1474527
0.23,1474419
0.23,1472026
0.23,1471427
0.23,1470625
0.23,1452114
0.23,1452013
0.23,1450707
0.23,1450361
0.23,1448019
0.24,1447581
0.24,1447423
0.24,1417333
0.24,1416045
0.24,1412494
0.24,1405041
0.24,1404882
0.24,1403586
0.24,1393399
0.24,1390187
0.24,1386542
0.25,1386434
0.25,1384435
0.25,1373935
0.25,1372578
0.25,1372246
0.25,1362641
0.25,1361089
0.25,1359034
0.25,1352692
0.25,1347239
0.26,1345649
0.26,1345610
0.26,1345337
0.26,1344968
0.26,1329750
0.26,1327984
0.26,1327209
0.26,1326775
0.26,1324829
0.26,1324047
0.26,1323751
0.27,1323222
0.27,1319846
0.27,1314232
0.27,1314081
0.27,1313541
0.27,1312733
0.27,1311083
0.27,1310817
0.28,1310719
0.28,1309656
0.28,1307793
0.28,1305501
0.28,1297977
0.28,1297721
0.28,1294055
0.28,1292912
0.28,1292314
0.28,1292008
0.28,1288758
0.29,1288386
0.29,1287867
0.29,1287473
0.29,1285190
0.29,1279646
0.30,1279619
0.30,1259426
0.30,1259358
0.30,1258033
0.30,1258022
0.30,1257700
0.30,1256491
0.30,1256350
0.31,1256293
0.31,1238203
0.31,1238134
0.31,1238120
0.31,1236799
0.31,1235083
0.32,1233957
0.32,1232914
0.32,1232461
0.32,1232182
0.32,1231622
0.32,1231243
0.32,1229371
0.32,1229168
0.32,1228467
0.33,1226375
0.33,1225743
0.33,1225573
0.33,1225568
0.33,1224396
0.34,1222905
0.34,1222699
0.34,1210693
0.34,1210204
0.34,1209569
0.35,1208567
0.35,1206342
0.35,1204467
0.35,1203652
0.35,1201810
0.35,1201574
0.36,1199972
0.36,1199693
0.36,1199417
0.36,1197676
0.36,1195590
0.36,1195368
0.36,1194472
0.36,1194442
0.37,1194327
0.37,1193490
0.37,1190322
0.37,1186208
0.37,1185448
0.37,1183133
0.37,1182928
0.38,1182776
0.38,1182381
0.38,1180717
0.38,1180309
0.38,1176829
0.38,1171994
0.38,1171174
0.39,1169898
0.39,1168558
0.39,1168107
0.39,1167221
0.39,1164451
0.39,1164212
0.39,1163786
0.39,1163228
0.40,1152676
0.40,1150909
0.40,1150089
0.41,1149473
0.41,1149397
0.41,1148829
0.41,1147301
0.41,1143580
0.41,1143566
0.41,1143068
0.41,1142760
0.41,1132168
0.42,1132108
0.42,1130733
0.42,1130679
0.42,1130200
0.42,1128918
0.42,1127868
0.43,1124609
0.43,1123353
0.43,1122501
0.43,1107558
0.43,1105665
0.43,1105532
0.44,1086817
0.44,1081767
0.44,1081678
0.44,1071103
0.45,1070424
0.46,1069860
0.46,1065914
0.46,1065523
0.47,1063842
0.47,1062281
0.47,1060317
0.47,1057903
0.48,1057649
0.48,1057261
0.48,1056176
0.48,1055384
0.48,1055213
0.48,1053568
0.49,1053518
0.49,1047276
0.49,1041283
0.49,1040938
0.49,1040715
0.49,1038113
0.49,1037750
0.49,1037748
0.50,1037158
0.51,1037062
0.51,1035779
0.51,1035758
0.51,1035234
0.51,1035212
0.51,1034529
0.52,1034208
0.52,1027408
0.52,1027288
0.52,1026162
0.52,1003465
0.53,1003197
0.53,1001976
0.54,1001661
0.54,1000953
0.54,1000799
0.54,999641
0.54,996156
0.54,995959
0.55,994744
0.55,994587
0.55,993601
0.55,989968
0.56,989001
0.57,988627
0.57,984799
0.57,984248
0.57,977222
0.58,976860
0.58,976453
0.58,976297
0.59,975701
0.59,975358
0.59,970151
0.60,970094
0.60,969500
0.61,967436
0.61,966642
0.61,946385
0.61,943096
0.62,943034
0.62,942225
0.62,941700
0.62,941389
0.62,941217
0.63,941194
0.63,940160
0.63,936527
0.64,935808
0.64,933821
0.64,933628
0.64,933518
0.65,932888
0.65,931039
0.66,930506
0.67,929195
0.67,928995
0.67,924885
0.67,924573
0.68,923912
0.68,923537
0.68,923000
0.69,922019
0.69,921233
0.70,920649
0.70,916219
0.71,915092
0.72,914365
0.73,914363
0.73,909520
0.73,906668
0.73,906041
0.73,905590
0.73,904337
0.74,903138
0.74,903055
0.74,901385
0.75,901092
0.76,900936
0.77,889361
0.77,889214
0.77,885073
0.78,883583
0.79,883020
0.79,880961
0.80,880312
0.80,879364
0.80,879177
0.81,878411
0.81,878409
0.81,878372
0.82,875940
0.82,875599
0.82,874765
0.82,874484
0.83,874349
0.84,855253
0.85,855031
0.85,854751
0.85,852457
0.86,850687
0.87,849910
0.87,849757
0.87,848580
0.87,848177
0.87,847977
0.88,847959
0.89,846188
0.89,828394
0.91,828334
0.91,828027
0.94,827755
0.94,827422
0.94,827392
0.95,825800
0.98,825060
0.99,824655
1.00,811783
1.00,811756
1.01,809085
1.02,809081
1.02,807300
1.03,804128
1.03,801960
1.03,799454
1.04,799426
1.05,797451
1.06,796824
1.08,796505
1.08,795938
1.09,794893
1.09,793814
1.11,792562
1.12,771085
1.12,768991
1.13,768299
1.14,766060
1.14,765227
1.16,762799
1.17,762544
1.18,759911
1.19,752343
1.20,751951
1.23,751685
1.24,751338
1.24,750527
1.26,749435
1.26,748935
1.27,748806
1.30,748759
1.30,740786
1.32,739707
1.34,739447
1.36,739270
1.39,733254
1.39,732564
1.40,732444
1.41,732118
1.48,731725
1.49,730293
1.52,730183
1.54,729856
1.55,729634
1.55,728932
1.55,728871
1.56,727528
1.58,727150
1.59,726548
1.60,725398
1.60,724891
1.62,724891
1.63,724249
1.67,723109
1.68,723107
1.70,722144
1.71,722144
1.76,720329
1.83,719924
1.84,718783
1.87,717969
1.89,717728
1.90,717399
2.01,715346
2.02,715240
2.04,714896
2.09,713223
2.26,710990
2.27,710391
2.35,708895
2.36,708777
2.68,708067
2.74,707536
2.95,707310
3.04,707310
3.39,706549
3.53,701288
4.01,700530
7.25,700416
7.28,700313
9.31,697876
9.38,697655
9.39,697543
9.43,697517
9.47,697266
9.51,696206
9.53,696071
9.64,695960
9.66,695861
9.91,695371
23.52,694767
23.52,692932
23.54,691344
23.58,691271
23.61,690429
23.68,689853
23.72,688265
23.74,687955
23.78,687423
23.80,686768
23.87,686553
23.91,686008
23.95,685694
23.98,685092
24.00,684903
24.01,681404
24.06,678867
24.15,678173
24.31,678112
24.78,677597
28.37,676825
28.56,676659
28.73,675939
28.85,675803
28.95,675663
29.00,674709
29.04,673868
30.66,670864
30.69,670511
30.72,669518
30.80,669200
30.86,668829
31.03,668436
31.07,668009
31.31,667705
31.44,667705
31.87,667370
31.96,665877
31.98,662945
