0.00,6993769
0.01,6982956
0.01,6959942
0.01,6929957
0.01,6924641
0.01,6917149
0.01,6911034
0.01,6910430
0.01,6909661
0.01,6907288
0.01,6904147
0.01,6902621
0.01,6855813
0.01,6855011
0.01,6854497
0.01,6853311
0.01,6847244
0.01,6843442
0.01,6805640
0.01,6804933
0.01,6803609
0.01,6801832
0.02,6798651
0.02,6784623
0.02,6748739
0.02,6672426
0.02,6653871
0.02,6605807
0.02,6599460
0.02,6584212
0.02,6442292
0.02,6435493
0.02,6435123
0.02,6367488
0.02,6364000
0.02,6355594
0.02,6214247
0.02,6210375
0.02,6163891
0.02,6146929
0.02,6141616
0.02,6134364
0.02,6131710
0.02,6130349
0.02,6118626
0.02,6108998
0.02,6105850
0.02,6097293
0.02,6097103
0.02,6073216
0.02,6025451
0.02,5998879
0.02,5998015
0.02,5996971
0.02,5996951
0.02,5994162
0.02,5986832
0.02,5985939
0.02,5933732
0.03,5918623
0.03,5906213
0.03,5897510
0.03,5875456
0.03,5874139
0.03,5871027
0.03,5869847
0.03,5867855
0.03,5846833
0.03,5826983
0.03,5824166
0.03,5674573
0.03,5670279
0.03,5662956
0.03,5662871
0.03,5651464
0.03,5648325
0.03,5646568
0.03,5568825
0.03,5556427
0.03,5551433
0.03,5510635
0.03,5509858
0.04,5508425
0.04,5496570
0.04,5461034
0.04,5431329
0.04,5428727
0.04,5428312
0.04,5423685
0.04,5421810
0.04,5405968
0.04,5401717
0.04,5398836
0.04,5392980
0.04,5383942
0.04,5372649
0.04,5372444
0.04,5372356
0.04,5364061
0.04,5344250
0.04,5308429
0.04,5307214
0.04,5276112
0.04,5275965
0.04,5269177
0.04,5267477
0.04,5266693
0.04,5265901
0.04,5261044
0.04,5251352
0.04,5235477
0.04,5231911
0.04,5229645
0.04,5225977
0.04,5223109
0.04,5223029
0.04,5178127
0.04,5164942
0.04,5147743
0.04,5134723
0.04,5114455
0.04,5105920
0.04,5105455
0.05,5094408
0.05,5093397
0.05,5072342
0.05,5068903
0.05,5060245
0.05,5054667
0.05,5054663
0.05,5040398
0.05,5033264
0.05,5032079
0.05,5025071
0.05,5021306
0.05,5020529
0.05,5015338
0.05,5011166
0.05,5010811
0.05,5009347
0.05,4995184
0.05,4991129
0.05,4990182
0.05,4973773
0.05,4949402
0.05,4946294
0.05,4943799
0.05,4942168
0.05,4936202
0.05,4936142
0.05,4932496
0.05,4929916
0.05,4920855
0.05,4917046
0.05,4903328
0.05,4900129
0.05,4848133
0.05,4807552
0.05,4807267
0.05,4807135
0.05,4769295
0.05,4765482
0.05,4754467
0.05,4750672
0.05,4749594
0.05,4742164
0.05,4714840
0.05,4693287
0.05,4691623
0.05,4684908
0.05,4679399
0.05,4677326
0.06,4670410
0.06,4669668
0.06,4653663
0.06,4638103
0.06,4609231
0.06,4594479
0.06,4585774
0.06,4558433
0.06,4557169
0.06,4555182
0.06,4552969
0.06,4550897
0.06,4542901
0.06,4506035
0.06,4493195
0.06,4492997
0.06,4376216
0.06,4360227
0.06,4297526
0.06,4283726
0.06,4283230
0.06,4261149
0.06,4260292
0.06,4259923
0.06,4259348
0.06,4225085
0.06,4200380
0.06,4195086
0.06,4182702
0.06,4177961
0.06,4175319
0.06,4174594
0.06,4173255
0.06,4097743
0.06,4095430
0.06,4089723
0.06,4089124
0.06,4086961
0.06,4084527
0.06,4000480
0.06,3992597
0.06,3980430
0.06,3976941
0.06,3914291
0.06,3881488
0.06,3881093
0.06,3873959
0.06,3861801
0.06,3847818
0.06,3847290
0.06,3842571
0.06,3839595
0.06,3826693
0.07,3808193
0.07,3803980
0.07,3800318
0.07,3791441
0.07,3779131
0.07,3774194
0.07,3769947
0.07,3767283
0.07,3765135
0.07,3757695
0.07,3745837
0.07,3679763
0.07,3679543
0.07,3674098
0.07,3671317
0.07,3668602
0.07,3667719
0.07,3664743
0.07,3660504
0.07,3657652
0.07,3655076
0.07,3653804
0.07,3652014
0.07,3640241
0.07,3635808
0.07,3615379
0.07,3614422
0.07,3613981
0.07,3591678
0.07,3579429
0.07,3577801
0.07,3577430
0.07,3542083
0.07,3540696
0.07,3540694
0.07,3534141
0.07,3486951
0.07,3479547
0.07,3477720
0.08,3476244
0.08,3474226
0.08,3417369
0.08,3416336
0.08,3409201
0.08,3408057
0.08,3407946
0.08,3407549
0.08,3407467
0.08,3403854
0.08,3397672
0.08,3397536
0.08,3389826
0.08,3384746
0.08,3384498
0.08,3372724
0.08,3370821
0.08,3362596
0.08,3362536
0.08,3357930
0.08,3357369
0.08,3356291
0.08,3355959
0.08,3285310
0.08,3279812
0.08,3278412
0.08,3241144
0.08,3240819
0.08,3239791
0.08,3218981
0.08,3218946
0.08,3216689
0.08,3216114
0.08,3215005
0.08,3206399
0.08,3196097
0.08,3193957
0.08,3192468
0.08,3159404
0.08,3150351
0.08,3143414
0.08,3142300
0.08,3136157
0.08,3114265
0.08,3112200
0.08,3111448
0.08,3111073
0.09,3066586
0.09,3065287
0.09,3061139
0.09,3056496
0.09,3053044
0.09,3042973
0.09,3042924
0.09,3039864
0.09,3035808
0.09,3033513
0.09,3032217
0.09,3030644
0.09,2958095
0.09,2954437
0.09,2952740
0.09,2952410
0.09,2952378
0.09,2950819
0.09,2928237
0.09,2926814
0.09,2925440
0.09,2925006
0.09,2921638
0.09,2918673
0.09,2916847
0.09,2910633
0.09,2871832
0.09,2868777
0.09,2808709
0.09,2807313
0.09,2796515
0.09,2795540
0.09,2794214
0.09,2789986
0.09,2789143
0.09,2788966
0.09,2788955
0.09,2788906
0.09,2786495
0.09,2780214
0.09,2770503
0.09,2767003
0.09,2763287
0.09,2761991
0.09,2728736
0.09,2725857
0.09,2723931
0.09,2706607
0.10,2706357
0.10,2705533
0.10,2704249
0.10,2704183
0.10,2691584
0.10,2690528
0.10,2689486
0.10,2689043
0.10,2688785
0.10,2685730
0.10,2684888
0.10,2682436
0.10,2667972
0.10,2665303
0.10,2665023
0.10,2664864
0.10,2647469
0.10,2646664
0.10,2643609
0.10,2630385
0.10,2630192
0.10,2629996
0.10,2629466
0.10,2628718
0.10,2627723
0.10,2625470
0.10,2624967
0.10,2581862
0.10,2580392
0.10,2504756
0.10,2504684
0.11,2504015
0.11,2501688
0.11,2494428
0.11,2494170
0.11,2490393
0.11,2488181
0.11,2487003
0.11,2486451
0.11,2484905
0.11,2479476
0.11,2477890
0.11,2476752
0.11,2476285
0.11,2476090
0.11,2458498
0.11,2457994
0.11,2457878
0.11,2450824
0.11,2450131
0.11,2441430
0.11,2427905
0.11,2424064
0.11,2423478
0.11,2413504
0.11,2413501
0.11,2403636
0.11,2392910
0.11,2391196
0.11,2366734
0.11,2366659
0.11,2358855
0.11,2353594
0.11,2348973
0.11,2347455
0.11,2343323
0.12,2341354
0.12,2341297
0.12,2337452
0.12,2334629
0.12,2334586
0.12,2320739
0.12,2272799
0.12,2266393
0.12,2265575
0.12,2263343
0.12,2262503
0.12,2262478
0.12,2261737
0.12,2261396
0.12,2260660
0.12,2257308
0.12,2257165
0.12,2256682
0.12,2256363
0.12,2256301
0.12,2255567
0.12,2254064
0.12,2247817
0.12,2246701
0.12,2245836
0.12,2235408
0.12,2232617
0.12,2231436
0.12,2228924
0.12,2218794
0.13,2215969
0.13,2215023
0.13,2204048
0.13,2202091
0.13,2198020
0.13,2196970
0.13,2190709
0.13,2190296
0.13,2187493
0.13,2184599
0.13,2183004
0.13,2182812
0.13,2174663
0.13,2172051
0.13,2162782
0.13,2161714
0.13,2158988
0.13,2144082
0.13,2125414
0.13,2124186
0.13,2122288
0.13,2114005
0.13,2110249
0.13,2109663
0.13,2109097
0.13,2105855
0.14,2091960
0.14,2091584
0.14,2089946
0.14,2074291
0.14,2072120
0.14,2064248
0.14,2062937
0.14,2062693
0.14,2059801
0.14,2059649
0.14,2056433
0.14,2052002
0.14,2051030
0.14,2049606
0.14,2047809
0.14,2047770
0.14,2044347
0.14,2044145
0.14,2043472
0.14,2003811
0.14,2001217
0.15,1997991
0.15,1995609
0.15,1994658
0.15,1983878
0.15,1983036
0.15,1978414
0.15,1978029
0.15,1975818
0.15,1974177
0.15,1966452
0.15,1965795
0.15,1943512
0.15,1942078
0.15,1941204
0.15,1939817
0.15,1939215
0.15,1938939
0.15,1936017
0.15,1935248
0.15,1934768
0.15,1924148
0.15,1922064
0.15,1920765
0.15,1918296
0.16,1917345
0.16,1917235
0.16,1915580
0.16,1913831
0.16,1837669
0.16,1836779
0.16,1835965
0.16,1829489
0.16,1824671
0.16,1822976
0.16,1822839
0.16,1822786
0.16,1822393
0.16,1820613
0.16,1770406
0.16,1768347
0.16,1745296
0.16,1738987
0.16,1736390
0.16,1734310
0.16,1733878
0.16,1733844
0.16,1725683
0.16,1725083
0.17,1722033
0.17,1708843
0.17,1692662
0.18,1692504
0.18,1689793
0.18,1688256
0.18,1688047
0.18,1687436
0.18,1685214
0.18,1677186
0.18,1676170
0.18,1674097
0.19,1673946
0.19,1668590
0.19,1666461
0.19,1657206
0.19,1657147
0.19,1646854
0.19,1646095
0.19,1646067
0.19,1645813
0.19,1643763
0.19,1643086
0.19,1639541
0.19,1639380
0.19,1632149
0.19,1624515
0.19,1624444
0.19,1622713
0.19,1622583
0.19,1622300
0.19,1621577
0.19,1615686
0.20,1610840
0.20,1610580
0.20,1604410
0.20,1604345
0.20,1603560
0.20,1603221
0.20,1602596
0.20,1598209
0.20,1598158
0.20,1597944
0.20,1594736
0.20,1590751
0.20,1586880
0.20,1586399
0.20,1585345
0.20,1585302
0.20,1585029
0.20,1583464
0.20,1582461
0.21,1579480
0.21,1578205
0.21,1577667
0.21,1572588
0.21,1572419
0.21,1570169
0.21,1569955
0.21,1568793
0.21,1561335
0.21,1561245
0.21,1527563
0.21,1524495
0.21,1523936
0.22,1521674
0.22,1520282
0.22,1497481
0.22,1496263
0.22,1492659
0.22,1491787
0.22,1490941
0.22,1487446
0.22,1485730
0.22,1446547
0.22,1443992
0.22,1443896
0.22,1442088
0.23,1440470
0.23,1438813
0.23,1438528
0.23,1438216
0.24,1438164
0.24,1433127
0.24,1431547
0.24,1424589
0.24,1423263
0.24,1418346
0.24,1416695
0.24,1416531
0.24,1416442
0.24,1411419
0.24,1398756
0.24,1394760
0.24,1390844
0.25,1389118
0.25,1387178
0.26,1386550
0.26,1380568
0.26,1380334
0.26,1379589
0.26,1379523
0.26,1378878
0.26,1377661
0.26,1376308
0.26,1373918
0.26,1359747
0.26,1359477
0.26,1358696
0.27,1353541
0.27,1353175
0.27,1352134
0.27,1351759
0.27,1351600
0.27,1350678
0.27,1350509
0.27,1350364
0.28,1348787
0.28,1340160
0.28,1339644
0.29,1331424
0.29,1330096
0.29,1329329
0.29,1326214
0.29,1324471
0.29,1324357
0.30,1323500
0.30,1318157
0.30,1308962
0.30,1303916
0.30,1282672
0.30,1279303
0.31,1278705
0.31,1277463
0.31,1275568
0.31,1274835
0.31,1273523
0.31,1272531
0.31,1272355
0.31,1272220
0.32,1270884
0.32,1269803
0.32,1267484
0.32,1267158
0.32,1266761
0.33,1252191
0.33,1235163
0.33,1234652
0.33,1234400
0.33,1233454
0.33,1230601
0.33,1229899
0.33,1228005
0.33,1227181
0.34,1226660
0.34,1226161
0.34,1225130
0.34,1222611
0.34,1220983
0.34,1218777
0.35,1218665
0.35,1215822
0.35,1213142
0.35,1211449
0.35,1210456
0.36,1210353
0.36,1208096
0.36,1203316
0.36,1203088
0.37,1193906
0.37,1190293
0.37,1188922
0.37,1152333
0.37,1151824
0.38,1151775
0.38,1150926
0.38,1125117
0.39,1124394
0.39,1118817
0.39,1118534
0.39,1118326
0.39,1118148
0.39,1107771
0.39,1107098
0.39,1105958
0.40,1099248
0.40,1097884
0.40,1096945
0.40,1096787
0.40,1096129
0.40,1094099
0.40,1091485
0.40,1090674
0.40,1090559
0.40,1087545
0.40,1079366
0.41,1078686
0.41,1077984
0.41,1077434
0.41,1075112
0.41,1074994
0.41,1074188
0.41,1069597
0.41,1069178
0.41,1067935
0.41,1065225
0.41,1035597
0.42,1034139
0.42,1034029
0.42,1033487
0.42,1030067
0.42,1029862
0.42,1029533
0.43,1029435
0.43,1029124
0.43,1020855
0.43,1019235
0.44,1018668
0.44,1018641
0.44,1018360
0.45,1018213
0.45,1018072
0.45,1009175
0.46,1004944
0.46,1002680
0.46,1002447
0.46,1002011
0.46,1001715
0.46,1000392
0.47,999849
0.47,999826
0.47,999823
0.48,998840
0.48,995763
0.49,993381
0.49,992749
0.49,992636
0.49,992605
0.50,988228
0.50,986340
0.50,984377
0.50,982321
0.50,977841
0.50,975235
0.50,975160
0.51,941460
0.51,940411
0.52,936829
0.52,936348
0.52,935530
0.53,934949
0.53,934854
0.53,929876
0.54,929148
0.55,927353
0.55,918175
0.55,917588
0.55,917348
0.56,915002
0.56,914650
0.56,914094
0.57,913344
0.57,913242
0.57,911594
0.58,910385
0.58,906593
0.58,906166
0.59,904186
0.59,903757
0.59,901052
0.60,900686
0.60,900616
0.60,900426
0.61,899213
0.62,898989
0.62,898795
0.63,898737
0.63,897649
0.63,897401
0.64,897400
0.64,889568
0.65,889507
0.65,886982
0.67,886196
0.67,882940
0.67,880707
0.67,880228
0.67,878747
0.68,878301
0.68,878265
0.69,876818
0.69,875654
0.70,875103
0.70,874402
0.71,874001
0.71,873384
0.71,850845
0.71,849982
0.71,844786
0.72,843104
0.73,841349
0.73,836034
0.73,835986
0.73,835023
0.74,834095
0.75,834073
0.76,833937
0.76,832204
0.76,831628
0.77,825866
0.77,824433
0.77,824412
0.79,824282
0.79,822753
0.79,822392
0.81,821168
0.81,815014
0.82,814969
0.84,811108
0.85,810439
0.85,804356
0.85,801475
0.87,800563
0.87,799234
0.87,796460
0.88,796285
0.89,795964
0.89,795780
0.90,795608
0.90,785310
0.90,785308
0.91,784820
0.92,784298
0.94,781768
0.95,781616
0.96,781352
0.96,781178
0.98,780557
0.99,780210
1.00,779432
1.01,777030
1.02,776859
1.03,774544
1.03,774409
1.03,773938
1.04,773907
1.07,773765
1.08,773234
1.08,773010
1.09,772219
1.10,772213
1.11,771468
1.11,763730
1.12,763699
1.13,763211
1.16,763026
1.16,762500
1.18,761674
1.18,760836
1.19,760781
1.19,760347
1.20,760182
1.22,760156
1.22,758427
1.22,758399
1.24,757826
1.29,757766
1.32,757148
1.34,757112
1.36,756872
1.36,756637
1.37,756021
1.38,747128
1.38,746609
1.38,746584
1.40,746474
1.42,745935
1.43,742331
1.49,737952
1.50,737874
1.52,736241
1.54,733839
1.54,729748
1.58,729385
1.63,729353
1.67,729032
1.70,729008
1.70,728673
1.70,728662
1.75,727306
1.80,727146
1.80,725800
1.81,725574
1.83,725437
1.84,725309
1.84,725017
1.84,724814
1.85,724027
1.87,721896
1.92,721522
1.93,719673
1.96,719495
2.06,719422
2.07,719372
2.09,719346
2.11,715289
2.15,714929
2.21,714907
2.25,714540
2.32,714538
2.37,713760
2.42,713690
2.42,713554
2.44,712474
2.52,712311
2.57,712093
2.63,711479
2.86,708475
2.93,708020
2.99,705999
3.06,705484
3.18,705462
3.30,705184
3.65,704852
5.12,703657
5.13,702582
5.22,701875
5.24,701636
5.38,701619
5.44,701400
5.50,701283
5.52,701283
5.69,701176
5.94,701143
6.09,701125
6.43,700672
8.24,699698
8.25,699418
8.29,699312
8.67,698838
8.68,698808
8.91,697703
9.34,697703
10.47,695878
10.63,694566
10.66,694084
10.67,693291
10.69,692426
10.84,692297
10.95,691151
11.00,690951
11.07,690583
11.35,690174
11.61,689799
11.64,689192
11.70,687980
16.11,686885
16.27,686786
19.22,686605
41.29,685007
41.45,684238
41.59,682662
41.62,682559
41.63,682337
41.81,681112
71.60,680123
71.67,679859
71.70,679666
71.75,679345
71.77,678300
71.79,677468
71.79,677458
71.83,677359
71.84,677091
71.85,675808
72.02,674657
72.02,674653
72.16,674297
72.35,674278
72.65,673452
73.00,673426
74.64,673258
74.82,672601
81.17,672297
81.45,672289
81.79,671968
86.25,671747
86.26,671466
86.27,671118
86.46,670730
86.58,670600
86.63,669108
86.80,668276
87.04,668004
87.41,667709
