0.00,6993928
0.01,6989175
0.01,6974656
0.01,6910320
0.01,6907407
0.01,6906903
0.01,6878614
0.01,6878596
0.01,6877271
0.01,6876610
0.01,6874167
0.01,6854424
0.01,6845258
0.01,6843169
0.01,6835787
0.02,6811499
0.02,6786272
0.02,6757523
0.02,6757519
0.02,6735690
0.02,6733592
0.02,6731854
0.02,6714510
0.02,6706349
0.02,6686465
0.02,6678737
0.02,6678337
0.02,6676541
0.02,6675746
0.02,6674304
0.02,6666765
0.02,6655415
0.02,6640734
0.02,6547832
0.02,6529611
0.02,6528208
0.02,6517242
0.02,6503736
0.02,6497901
0.02,6491932
0.02,6487922
0.03,6487876
0.03,6484359
0.03,6474821
0.03,6457524
0.03,6433167
0.03,6423809
0.03,6416712
0.03,6415828
0.03,6386196
0.03,6379979
0.03,6377943
0.03,6361933
0.03,6356315
0.03,6347892
0.03,6344774
0.03,6320263
0.03,6316973
0.03,6312070
0.03,6276655
0.03,6276604
0.03,6266671
0.03,6257880
0.03,6250925
0.03,6247574
0.03,6231414
0.03,6213080
0.04,6206423
0.04,6185557
0.04,6177284
0.04,6129055
0.04,6119044
0.04,6118910
0.04,6113966
0.04,6105517
0.04,6073458
0.04,6062262
0.04,6057588
0.04,6054736
0.04,6053445
0.04,6051180
0.04,6051056
0.04,6050805
0.04,6042473
0.04,5988903
0.04,5953381
0.04,5953188
0.04,5936087
0.04,5929851
0.04,5903935
0.04,5900860
0.05,5900394
0.05,5897145
0.05,5885787
0.05,5877027
0.05,5866458
0.05,5848193
0.05,5819674
0.05,5813010
0.05,5810542
0.05,5804058
0.05,5799824
0.05,5794787
0.05,5648596
0.05,5625574
0.05,5621047
0.05,5620058
0.05,5620052
0.05,5615939
0.05,5592978
0.05,5591556
0.05,5581089
0.05,5560867
0.05,5560820
0.05,5553925
0.05,5551479
0.05,5537814
0.05,5537660
0.05,5531615
0.05,5528932
0.05,5525669
0.05,5523320
0.05,5523051
0.05,5517984
0.05,5517111
0.05,5515988
0.05,5512564
0.05,5512315
0.05,5495566
0.05,5489064
0.05,5481381
0.06,5479234
0.06,5464903
0.06,5461627
0.06,5460439
0.06,5457066
0.06,5434118
0.06,5431923
0.06,5421887
0.06,5417050
0.06,5296529
0.06,5254585
0.06,5247342
0.06,5237387
0.06,5235673
0.06,5211228
0.06,5208636
0.06,5205064
0.06,5194611
0.06,5194218
0.06,5179048
0.06,5167267
0.06,5164618
0.06,5164530
0.06,5080708
0.06,5075664
0.06,5075663
0.06,5068782
0.06,5067078
0.06,5047003
0.06,4968581
0.06,4955597
0.06,4951984
0.06,4946115
0.06,4945578
0.06,4944327
0.06,4938318
0.06,4931467
0.06,4930893
0.06,4917830
0.06,4917161
0.06,4916374
0.06,4888376
0.06,4874404
0.06,4874402
0.06,4858356
0.06,4851365
0.06,4844091
0.06,4841726
0.06,4841184
0.06,4840981
0.06,4840857
0.06,4814087
0.07,4812256
0.07,4811381
0.07,4800898
0.07,4795240
0.07,4791285
0.07,4784020
0.07,4781534
0.07,4780937
0.07,4771354
0.07,4765839
0.07,4764339
0.07,4763540
0.07,4761254
0.07,4751505
0.07,4750373
0.07,4730534
0.07,4722866
0.07,4710717
0.07,4710527
0.07,4700330
0.07,4697050
0.07,4694688
0.07,4693380
0.07,4676955
0.07,4674780
0.07,4663859
0.07,4649149
0.07,4644315
0.07,4627421
0.07,4624072
0.07,4609346
0.07,4608906
0.07,4525783
0.07,4521253
0.07,4520334
0.07,4519854
0.07,4515927
0.07,4508054
0.07,4497323
0.07,4492386
0.07,4490907
0.07,4489703
0.07,4482512
0.07,4481693
0.07,4475064
0.07,4474444
0.07,4471681
0.07,4471586
0.08,4458164
0.08,4455761
0.08,4454059
0.08,4431267
0.08,4430603
0.08,4430544
0.08,4430186
0.08,4429150
0.08,4424746
0.08,4382519
0.08,4367754
0.08,4335951
0.08,4333550
0.08,4331876
0.08,4331189
0.08,4331095
0.08,4330230
0.08,4323017
0.08,4321834
0.08,4319269
0.08,4318783
0.08,4301338
0.08,4298587
0.08,4297229
0.08,4292539
0.08,4264040
0.08,4239842
0.08,4238970
0.08,4227837
0.08,4224670
0.08,4224404
0.08,4208858
0.08,4208553
0.08,4139573
0.08,4132803
0.08,4098861
0.08,4033662
0.08,4031556
0.09,4031478
0.09,4023131
0.09,4012795
0.09,4010224
0.09,4006059
0.09,4003200
0.09,3999389
0.09,3995681
0.09,3994608
0.09,3994600
0.09,3994194
0.09,3992572
0.09,3988249
0.09,3936689
0.09,3936335
0.09,3934489
0.09,3921589
0.09,3921439
0.09,3919381
0.09,3905354
0.09,3905178
0.09,3904402
0.09,3903552
0.09,3902472
0.09,3892719
0.09,3892402
0.09,3887625
0.09,3886930
0.09,3886000
0.09,3885775
0.09,3882295
0.09,3878471
0.09,3877551
0.09,3876256
0.09,3791605
0.09,3791130
0.09,3788329
0.09,3787795
0.09,3778937
0.09,3776938
0.09,3775969
0.09,3771361
0.09,3771223
0.09,3680388
0.09,3679672
0.09,3678092
0.10,3677759
0.10,3676440
0.10,3664475
0.10,3663168
0.10,3650422
0.10,3648750
0.10,3646656
0.10,3633070
0.10,3632879
0.10,3631658
0.10,3630289
0.10,3617356
0.10,3602981
0.10,3602777
0.10,3598638
0.10,3596716
0.10,3592392
0.10,3591136
0.10,3540062
0.10,3536264
0.10,3534990
0.10,3528519
0.10,3527432
0.10,3501115
0.10,3498343
0.10,3493719
0.10,3491846
0.10,3481036
0.10,3473848
0.10,3408549
0.10,3401478
0.10,3387248
0.10,3383031
0.10,3382292
0.10,3379659
0.10,3378356
0.10,3377888
0.10,3377349
0.10,3371566
0.10,3343048
0.10,3339428
0.10,3339344
0.10,3335752
0.11,3335714
0.11,3307742
0.11,3300820
0.11,3300210
0.11,3297146
0.11,3297007
0.11,3286251
0.11,3279339
0.11,3277585
0.11,3276461
0.11,3215953
0.11,3214791
0.11,3205619
0.11,3198826
0.11,3196280
0.11,3195901
0.11,3195391
0.11,3195346
0.11,3186450
0.11,3185569
0.11,3182476
0.11,3180231
0.11,3178572
0.11,3178221
0.11,3166488
0.11,3162724
0.11,3156908
0.11,3156705
0.11,3153802
0.11,3129146
0.11,3128591
0.11,3124729
0.11,3101750
0.12,3095700
0.12,3092520
0.12,3090562
0.12,3056634
0.12,3056271
0.12,3050016
0.12,3032491
0.12,3026079
0.12,3026016
0.12,3020901
0.12,3010302
0.12,3004239
0.12,3003949
0.12,2986236
0.12,2981731
0.12,2980899
0.12,2974680
0.12,2972173
0.12,2971693
0.12,2957187
0.12,2947821
0.12,2945044
0.12,2941427
0.12,2941077
0.12,2940713
0.12,2920369
0.12,2855240
0.13,2848331
0.13,2831344
0.13,2820950
0.13,2817652
0.13,2811127
0.13,2808347
0.13,2807804
0.13,2798989
0.13,2798568
0.13,2797299
0.13,2793030
0.13,2789785
0.13,2788292
0.13,2744474
0.13,2743051
0.13,2740588
0.13,2726411
0.13,2724166
0.13,2722884
0.13,2720301
0.13,2719750
0.13,2712962
0.13,2700275
0.13,2693627
0.13,2689665
0.13,2681595
0.13,2681144
0.13,2679779
0.13,2629607
0.14,2626345
0.14,2619729
0.14,2615286
0.14,2613933
0.14,2613507
0.14,2588037
0.14,2587473
0.14,2587149
0.14,2586736
0.14,2582627
0.14,2578714
0.14,2571376
0.14,2563881
0.14,2560785
0.14,2560748
0.14,2559527
0.14,2558239
0.14,2548286
0.14,2531873
0.14,2500761
0.14,2496469
0.14,2492661
0.14,2492459
0.14,2491803
0.14,2487043
0.14,2486343
0.15,2480318
0.15,2478747
0.15,2475466
0.15,2468172
0.15,2467119
0.15,2464953
0.15,2464284
0.15,2461978
0.15,2461851
0.15,2461228
0.15,2455824
0.15,2454952
0.15,2452079
0.15,2449650
0.15,2447458
0.15,2441245
0.15,2440214
0.15,2438750
0.15,2436198
0.15,2407975
0.15,2406966
0.15,2403358
0.15,2401274
0.15,2401011
0.15,2400863
0.15,2391484
0.15,2383601
0.15,2353402
0.15,2350441
0.15,2349322
0.15,2348293
0.15,2347355
0.15,2347204
0.15,2346737
0.15,2340967
0.16,2339659
0.16,2338754
0.16,2337874
0.16,2304269
0.16,2298230
0.16,2265863
0.16,2252590
0.16,2250814
0.16,2250201
0.16,2249924
0.16,2249749
0.16,2249576
0.16,2248901
0.16,2245488
0.16,2243474
0.16,2240405
0.16,2234457
0.16,2234363
0.16,2233881
0.16,2231306
0.16,2231297
0.16,2230718
0.16,2230706
0.16,2230171
0.17,2228356
0.17,2228351
0.17,2225516
0.17,2224320
0.17,2223022
0.17,2170432
0.17,2161427
0.17,2148217
0.17,2147469
0.17,2147220
0.17,2147030
0.17,2146423
0.17,2146127
0.17,2145729
0.17,2145125
0.17,2144790
0.17,2138288
0.17,2137868
0.17,2135259
0.18,2134568
0.18,2131976
0.18,2092456
0.18,2091777
0.18,2088476
0.18,2087886
0.18,2061708
0.18,2061056
0.18,2034862
0.18,2032594
0.18,2032165
0.18,2031503
0.18,1999459
0.18,1992568
0.18,1980410
0.18,1978173
0.18,1977678
0.19,1972803
0.19,1965241
0.19,1964848
0.19,1963880
0.19,1955082
0.19,1951107
0.19,1945347
0.19,1944041
0.19,1937046
0.19,1934862
0.19,1916658
0.19,1915477
0.19,1914923
0.19,1913690
0.19,1913297
0.20,1913292
0.20,1911452
0.20,1910771
0.20,1909078
0.20,1906216
0.20,1905732
0.20,1873364
0.20,1871470
0.20,1869314
0.20,1869028
0.20,1868429
0.20,1868324
0.20,1867415
0.20,1863612
0.20,1860266
0.20,1858267
0.20,1857921
0.21,1854518
0.21,1848874
0.21,1847051
0.21,1844667
0.21,1842745
0.21,1841320
0.21,1837353
0.21,1829304
0.21,1824751
0.21,1821800
0.21,1820704
0.21,1766602
0.21,1765035
0.21,1753259
0.21,1751383
0.21,1749019
0.21,1704377
0.21,1667541
0.22,1666009
0.22,1660416
0.22,1660125
0.22,1660120
0.22,1654927
0.22,1651039
0.22,1650280
0.22,1648765
0.22,1647717
0.22,1645540
0.22,1645147
0.22,1644787
0.22,1644536
0.22,1639598
0.23,1638839
0.23,1629962
0.23,1629656
0.23,1629377
0.23,1616352
0.23,1615721
0.23,1611191
0.23,1608997
0.23,1608607
0.23,1607168
0.23,1604769
0.23,1604370
0.23,1590472
0.24,1589170
0.24,1588889
0.24,1587145
0.24,1584849
0.24,1582399
0.24,1580540
0.24,1572394
0.25,1572223
0.25,1564133
0.25,1563432
0.25,1561348
0.25,1561072
0.25,1555745
0.25,1538990
0.25,1538637
0.25,1532813
0.25,1528713
0.26,1524481
0.26,1524459
0.26,1524172
0.26,1523075
0.26,1499911
0.26,1494535
0.26,1494524
0.26,1487910
0.26,1487142
0.26,1486836
0.26,1477020
0.27,1475298
0.27,1458526
0.27,1456360
0.27,1456136
0.27,1455006
0.27,1455005
0.27,1451516
0.27,1451194
0.27,1450236
0.28,1449774
0.28,1446562
0.28,1442510
0.28,1441957
0.28,1404531
0.28,1396377
0.28,1396162
0.28,1395745
0.28,1393988
0.29,1393848
0.29,1393753
0.29,1391514
0.29,1390231
0.29,1388498
0.29,1388351
0.29,1383135
0.29,1377066
0.30,1361018
0.30,1360530
0.30,1360323
0.30,1305631
0.30,1305133
0.30,1305011
0.31,1301605
0.31,1300589
0.31,1300123
0.31,1299660
0.31,1296395
0.31,1270555
0.31,1269482
0.32,1268709
0.32,1265171
0.32,1264986
0.33,1264277
0.33,1263829
0.33,1263288
0.33,1259511
0.33,1256734
0.34,1251636
0.34,1250330
0.34,1249916
0.34,1249871
0.34,1249024
0.34,1248571
0.35,1248056
0.35,1248037
0.35,1244830
0.35,1241493
0.35,1218604
0.35,1218343
0.36,1217447
0.36,1217178
0.36,1217099
0.36,1216973
0.37,1212856
0.37,1211687
0.37,1210052
0.37,1207718
0.38,1207222
0.38,1207203
0.38,1206802
0.38,1206064
0.39,1205520
0.39,1200671
0.39,1199358
0.39,1185437
0.39,1184896
0.39,1183227
0.39,1180585
0.39,1180448
0.39,1180309
0.40,1180210
0.40,1180110
0.40,1173634
0.40,1158078
0.40,1158001
0.40,1148719
0.40,1147032
0.40,1146434
0.40,1144046
0.40,1142294
0.41,1140994
0.41,1140869
0.41,1136924
0.41,1132638
0.42,1132102
0.42,1131113
0.43,1130975
0.43,1130282
0.43,1129101
0.43,1128746
0.43,1122085
0.43,1117322
0.43,1114629
0.43,1112451
0.43,1111421
0.43,1111285
0.44,1107157
0.44,1106888
0.44,1106620
0.44,1106483
0.44,1100520
0.44,1071039
0.45,1070898
0.45,1070776
0.45,1065245
0.46,1065031
0.46,1064171
0.47,1062846
0.47,1061532
0.47,1061315
0.47,1061223
0.47,1048166
0.48,1048098
0.48,1046387
0.48,1046357
0.49,1046181
0.49,1044559
0.49,1043393
0.49,1024924
0.50,1024797
0.50,1023182
0.50,1021096
0.50,1020814
0.50,1020760
0.50,1019726
0.50,1018615
0.50,1018424
0.51,1009836
0.51,1009742
0.51,1008822
0.51,1003713
0.52,1002928
0.52,1001241
0.52,1000646
0.52,1000281
0.53,984227
0.53,983842
0.53,983696
0.53,982267
0.53,982125
0.53,982120
0.53,964721
0.53,951834
0.54,949975
0.54,948077
0.54,947032
0.54,946592
0.54,946421
0.55,945950
0.55,940038
0.56,939823
0.56,939065
0.56,937706
0.56,924478
0.57,924023
0.57,923642
0.57,922610
0.57,922476
0.58,919326
0.59,919313
0.60,919301
0.61,918383
0.61,917569
0.62,917231
0.62,914085
0.64,899926
0.65,899911
0.65,899123
0.65,899109
0.66,898022
0.67,897196
0.67,897135
0.67,896838
0.67,896609
0.67,896401
0.68,894851
0.68,893994
0.69,893290
0.69,891545
0.70,890763
0.70,890754
0.71,888785
0.71,888439
0.71,880788
0.71,880613
0.71,880586
0.71,880579
0.72,879415
0.72,878814
0.72,878751
0.72,878184
0.73,876956
0.73,876825
0.73,876295
0.74,876216
0.74,876016
0.74,876013
0.74,875454
0.74,874706
0.75,873782
0.75,873539
0.76,872447
0.77,872338
0.78,871859
0.78,871659
0.79,869826
0.80,869235
0.81,868651
0.81,868446
0.81,865553
0.81,857667
0.82,856344
0.82,856222
0.83,855777
0.83,854983
0.83,854833
0.84,854552
0.84,854181
0.84,852587
0.84,852519
0.85,852007
0.85,851974
0.86,851564
0.88,844763
0.88,844312
0.89,816118
0.89,814485
0.89,814245
0.90,813041
0.90,812916
0.92,812683
0.92,812432
0.92,812398
0.93,810769
0.95,809936
0.95,809247
0.96,808651
0.96,807238
0.97,805882
0.97,805328
0.98,805278
0.99,804816
0.99,804365
0.99,800529
1.00,800167
1.01,799496
1.01,799286
1.01,795952
1.01,785767
1.04,785460
1.05,785460
1.05,784403
1.06,784217
1.07,779531
1.08,779450
1.08,779118
1.08,778281
1.09,777647
1.09,777199
1.09,776790
1.11,776378
1.11,774530
1.11,774402
1.12,772009
1.12,771812
1.16,770386
1.18,769271
1.19,768973
1.20,768288
1.20,768261
1.22,766427
1.23,766382
1.23,766063
1.23,765667
1.25,764452
1.26,764106
1.27,763116
1.27,762277
1.27,761967
1.30,761111
1.30,760766
1.31,760721
1.31,760499
1.31,760049
1.31,759716
1.35,758905
1.36,758759
1.37,758275
1.37,758256
1.37,756899
1.39,755085
1.40,754666
1.40,753721
1.40,753598
1.43,750399
1.43,750181
1.46,749570
1.46,746308
1.47,746151
1.48,745977
1.49,745823
1.49,745780
1.49,744821
1.50,743954
1.51,743590
1.51,743137
1.53,742806
1.53,741677
1.54,741423
1.55,740234
1.55,740175
1.57,739796
1.58,739389
1.58,739225
1.59,739093
1.60,738367
1.61,738287
1.62,737479
1.64,737349
1.67,737169
1.68,735432
1.69,734942
1.70,734937
1.71,734788
1.71,733845
1.72,732402
1.74,732321
1.78,732022
1.79,731518
1.79,729468
1.81,729162
1.81,729137
1.83,727318
1.87,726716
1.88,726004
1.91,725498
1.94,725451
1.97,723552
1.97,723405
2.01,723356
2.05,723149
2.18,722685
2.21,722670
2.22,722489
2.24,722470
2.27,721722
2.33,721469
2.41,721042
2.55,721020
2.62,720995
2.77,720432
3.25,719119
4.99,718827
5.16,718034
5.26,717917
5.33,716706
5.40,714795
5.41,711515
5.70,710788
5.79,709453
6.08,708958
6.32,708518
8.54,707838
8.78,707638
8.80,706928
8.83,705252
8.85,703804
9.03,703422
9.25,703415
9.36,702069
9.64,701847
9.76,700651
9.85,700626
11.29,700438
11.31,700093
11.33,699261
11.35,699016
11.39,698735
11.58,698413
11.68,697591
11.69,697572
11.85,696578
11.97,695934
12.01,695918
12.06,695644
12.29,695081
12.65,695081
13.16,695061
14.41,694798
14.45,694307
14.46,693789
14.47,693133
14.48,693016
14.50,692959
14.54,692754
14.55,692197
14.57,691726
14.61,691694
14.61,688824
14.71,688389
14.98,688328
33.17,684793
33.56,683827
35.25,682812
35.29,682754
35.30,682461
35.35,682224
35.59,680654
35.89,680106
36.38,679903
121.54,679017
121.56,678879
121.74,677925
122.08,675395
122.08,674875
247.30,673992
247.43,673532
247.52,672715
247.54,672156
247.93,672149
248.41,672118
528.85,672081
529.05,671974
531.35,671945
585.68,671841
585.69,671564
585.76,671025
585.80,670597
585.82,669672
586.00,669570
586.36,669117
