0.07,7148501
0.07,7147724
0.08,7127977
0.08,7108536
0.08,7064100
0.08,7063302
0.08,7059381
0.08,7044491
0.08,7041533
0.08,7008771
0.08,6983473
0.08,6982352
0.08,6979858
0.09,6945661
0.09,6939403
0.09,6937093
0.09,6936915
0.09,6933432
0.09,6932446
0.09,6931390
0.09,6931098
0.09,6928845
0.09,6908257
0.09,6899590
0.09,6856976
0.10,6846413
0.10,6821254
0.10,6806804
0.10,6791072
0.10,6710192
0.10,6706136
0.10,6697771
0.10,6696683
0.10,6695901
0.10,6679049
0.10,6669989
0.10,6666770
0.10,6666114
0.10,6637401
0.10,6633791
0.10,6622604
0.10,6597749
0.10,6597407
0.10,6590778
0.10,6586362
0.10,6567581
0.10,6564257
0.10,6558576
0.10,6550494
0.11,6545240
0.11,6507089
0.11,6488641
0.11,6470068
0.11,6434655
0.11,6434598
0.11,6425715
0.11,6425206
0.11,6410209
0.11,6388237
0.11,6378136
0.11,6377378
0.11,6369257
0.11,6358125
0.11,6357818
0.11,6318443
0.11,6318195
0.11,6317225
0.11,6309170
0.11,6309118
0.11,6308637
0.11,6302791
0.11,6294818
0.11,6294318
0.11,6288760
0.11,6271903
0.11,6269921
0.11,6263398
0.11,6263113
0.11,6260154
0.11,6255965
0.11,6242958
0.11,6241725
0.11,6193194
0.11,6121167
0.11,6120163
0.11,6112393
0.11,6105247
0.11,6101520
0.11,6090290
0.12,6090098
0.12,6067525
0.12,6053805
0.12,6018195
0.12,6017976
0.12,6000997
0.12,5972914
0.12,5953181
0.12,5950984
0.12,5936496
0.12,5935199
0.12,5916166
0.12,5871810
0.12,5871265
0.12,5859727
0.12,5858609
0.12,5856847
0.12,5855535
0.12,5854557
0.12,5831120
0.12,5829920
0.12,5828439
0.12,5826806
0.12,5826576
0.12,5816861
0.12,5816681
0.12,5816146
0.12,5811130
0.12,5810484
0.12,5810006
0.12,5805273
0.12,5805081
0.12,5804405
0.12,5803215
0.12,5768284
0.12,5768052
0.12,5767595
0.12,5707594
0.12,5699642
0.12,5694973
0.13,5694243
0.13,5691782
0.13,5663641
0.13,5657632
0.13,5657489
0.13,5621216
0.13,5604659
0.13,5598971
0.13,5597498
0.13,5596222
0.13,5593768
0.13,5591311
0.13,5587504
0.13,5546881
0.13,5501779
0.13,5464174
0.13,5458826
0.13,5458281
0.13,5456846
0.13,5437306
0.13,5434963
0.13,5431102
0.13,5420069
0.13,5417928
0.14,5409101
0.14,5405712
0.14,5402956
0.14,5380443
0.14,5380403
0.14,5379842
0.14,5379254
0.14,5377143
0.14,5376211
0.14,5364711
0.14,5350692
0.14,5347015
0.14,5329335
0.14,5320884
0.14,5318822
0.14,5308328
0.14,5307201
0.14,5306408
0.14,5296001
0.14,5284912
0.14,5283112
0.15,5265682
0.15,5265324
0.15,5245923
0.15,5238566
0.15,5232213
0.15,5226311
0.15,5207892
0.15,5198916
0.15,5198197
0.15,5197280
0.15,5195635
0.15,5167179
0.15,5166721
0.15,5166622
0.15,5166074
0.15,5155714
0.15,5155602
0.15,5153166
0.15,5152891
0.15,5152419
0.15,5131037
0.15,5128713
0.15,5125091
0.15,5115414
0.15,5110379
0.15,5110367
0.15,5109711
0.15,5097506
0.16,5065693
0.16,5046237
0.16,5045919
0.16,5035071
0.16,5024264
0.16,5022955
0.16,5022810
0.16,5011824
0.16,5010748
0.16,4965431
0.16,4965417
0.16,4964969
0.16,4964024
0.16,4956383
0.16,4948720
0.16,4947704
0.16,4947628
0.16,4940168
0.16,4933338
0.16,4929265
0.16,4912219
0.16,4910378
0.16,4823925
0.16,4816488
0.16,4801677
0.16,4797502
0.16,4796096
0.16,4787589
0.16,4780145
0.16,4773398
0.16,4675996
0.16,4665575
0.16,4600062
0.16,4597997
0.17,4596206
0.17,4595008
0.17,4589891
0.17,4514668
0.17,4514269
0.17,4501367
0.17,4500728
0.17,4498439
0.17,4417253
0.17,4406474
0.17,4401448
0.17,4379724
0.17,4378923
0.17,4375243
0.17,4374255
0.17,4299277
0.17,4285060
0.17,4276413
0.17,4275151
0.17,4274969
0.17,4271424
0.17,4270423
0.17,4269950
0.17,4268591
0.17,4245593
0.17,4239988
0.17,4239581
0.17,4236466
0.17,4233424
0.17,4224520
0.18,4209255
0.18,4188033
0.18,4165874
0.18,4158436
0.18,4150273
0.18,4071388
0.18,4071360
0.18,4050529
0.18,4048276
0.18,4047249
0.18,4045257
0.18,4036553
0.18,4034333
0.18,4031023
0.18,4029533
0.18,4029438
0.18,4028553
0.18,4022514
0.18,4022506
0.18,4017287
0.18,4017029
0.18,4016541
0.18,3938473
0.19,3908701
0.19,3908110
0.19,3900183
0.19,3898832
0.19,3898539
0.19,3854011
0.19,3853301
0.19,3850802
0.19,3850253
0.19,3845474
0.19,3836582
0.19,3833650
0.19,3833132
0.19,3823117
0.19,3811420
0.19,3805344
0.19,3791713
0.19,3755623
0.19,3725897
0.20,3700531
0.20,3699288
0.20,3696995
0.20,3694534
0.20,3683338
0.20,3667308
0.20,3653259
0.20,3648003
0.20,3614687
0.20,3612090
0.20,3609129
0.20,3608771
0.20,3604390
0.20,3545881
0.20,3540129
0.20,3538015
0.20,3522585
0.20,3517260
0.20,3515362
0.20,3514459
0.20,3511546
0.20,3492351
0.20,3479074
0.20,3461608
0.21,3395008
0.21,3384879
0.21,3384257
0.21,3378469
0.21,3378429
0.21,3363261
0.21,3355798
0.21,3354420
0.21,3350097
0.21,3348183
0.21,3345645
0.21,3300822
0.21,3281900
0.21,3279583
0.22,3279176
0.22,3278966
0.22,3271140
0.22,3267471
0.22,3263506
0.22,3263406
0.22,3191676
0.22,3187509
0.22,3173564
0.22,3173281
0.22,3167515
0.25,3156278
0.25,3152920
0.25,3149998
0.25,3132238
0.28,3132032
0.28,3131564
0.28,3127553
0.28,3125381
0.28,3124797
0.28,3117589
0.28,3105537
0.28,3101077
0.28,3087480
0.28,3086100
0.28,3084230
0.28,3083348
0.28,3083036
0.28,3080823
0.28,3077691
0.28,3063448
0.28,3044729
0.28,3041646
0.28,3037162
0.28,3014659
0.28,3011385
0.28,3008304
0.29,3007492
0.29,3006851
0.29,2996912
0.29,2994788
0.29,2991893
0.29,2991691
0.29,2991575
0.29,2986140
0.29,2985656
0.29,2981832
0.29,2981725
0.29,2980540
0.29,2977728
0.29,2964762
0.29,2963278
0.29,2962166
0.29,2959666
0.29,2959239
0.29,2958465
0.29,2958040
0.29,2948176
0.29,2940742
0.29,2931479
0.29,2918134
0.30,2914694
0.30,2908776
0.30,2908328
0.30,2882496
0.30,2880756
0.30,2877279
0.30,2876570
0.30,2876302
0.30,2819290
0.30,2802319
0.32,2801753
0.32,2800881
0.32,2797486
0.40,2790185
0.41,2783257
0.41,2782996
0.41,2773809
0.41,2772700
0.41,2769522
0.41,2765908
0.46,2763462
0.46,2757706
0.46,2746835
0.46,2731440
0.46,2717037
0.46,2715091
0.46,2701775
0.46,2700268
0.46,2697977
0.47,2685025
0.47,2679460
0.47,2677507
0.47,2669932
0.47,2665988
0.47,2662302
0.49,2654725
0.49,2642134
0.49,2634070
0.49,2631777
0.50,2627711
0.50,2622516
0.51,2621539
0.52,2620827
0.52,2603696
0.52,2603380
0.52,2596033
0.66,2586392
0.66,2580201
0.66,2566972
0.66,2556582
0.66,2541673
0.66,2537050
0.79,2522971
1.10,2487432
1.10,2452548
1.10,2450570
1.10,2443027
1.10,2424284
1.10,2423220
1.10,2405115
1.10,2398380
1.10,2397105
1.10,2392632
1.10,2388168
1.10,2379081
1.11,2364585
1.11,2362764
1.11,2361362
1.11,2356289
1.11,2354128
1.11,2353971
1.46,2343858
1.46,2339342
1.46,2334686
1.46,2333009
2.11,2330972
2.11,2330662
2.11,2330116
2.11,2323508
2.11,2313093
2.11,2307184
2.11,2306061
2.11,2300436
2.11,2299895
2.11,2299731
2.11,2298336
2.11,2298069
2.11,2289393
2.12,2285970
2.12,2279654
2.12,2279631
2.12,2266056
2.12,2260073
2.12,2242333
2.12,2241937
2.23,2241805
2.23,2236143
2.23,2214016
2.23,2211914
2.23,2183362
4.33,2180717
4.33,2179365
4.33,2174467
4.33,2150400
4.33,2146205
4.37,2145570
4.37,2144438
4.37,2141959
4.37,2141145
4.37,2140864
4.37,2135549
4.37,2128551
4.37,2127416
4.37,2113741
4.37,2103952
4.37,2093673
4.38,2090019
4.38,2084739
4.38,2080266
4.38,2079297
4.38,2078642
5.06,2076414
5.71,2068848
5.71,2061931
5.71,2059765
5.71,2052865
5.72,2051768
5.72,2051418
5.79,2051331
5.79,2039066
5.79,2038660
6.73,2038113
6.73,2036901
6.73,2035874
6.73,2033400
6.73,2018771
6.73,2016071
6.73,2013323
6.73,2013175
6.84,2011298
6.84,2002574
6.84,2001770
6.84,2000097
6.84,1993664
6.85,1993289
6.85,1991596
7.40,1986522
7.40,1982258
7.40,1982257
7.40,1979470
7.40,1979131
7.40,1977708
7.40,1977130
7.40,1972623
7.40,1972492
7.40,1971693
8.42,1969409
8.42,1956760
8.42,1946614
8.42,1944465
8.42,1942238
8.42,1934900
8.42,1933760
8.42,1931123
8.42,1929710
8.42,1925725
8.42,1925391
8.42,1917504
8.42,1916336
8.42,1914669
8.42,1912231
9.26,1907206
9.26,1906401
9.26,1901847
9.26,1889691
9.26,1889673
9.26,1888239
9.26,1883248
9.26,1879016
9.26,1878741
9.26,1877274
9.26,1863364
9.26,1860748
9.26,1860162
9.26,1859202
9.26,1858843
9.27,1853948
9.27,1841558
10.72,1832084
10.72,1832071
10.73,1825816
10.73,1825681
10.73,1815745
11.96,1814350
12.18,1812774
12.18,1811499
12.18,1793474
12.18,1792436
12.18,1785695
12.18,1783973
12.18,1775638
12.19,1774107
12.19,1756401
12.19,1751956
12.19,1748909
12.19,1747246
12.19,1744709
12.19,1739206
12.19,1736486
12.19,1735358
12.19,1732671
12.19,1727309
12.19,1726338
12.19,1724513
12.19,1722979
13.11,1715831
13.11,1705836
14.40,1704574
14.40,1704149
14.40,1698548
14.40,1695476
14.40,1691952
14.40,1689948
14.40,1688446
14.40,1687878
14.40,1682000
14.40,1681868
14.40,1681658
14.40,1677035
14.41,1668913
14.41,1668433
14.41,1667140
14.41,1666431
14.41,1666276
14.41,1663759
14.41,1661746
14.41,1659418
14.41,1657184
14.41,1654604
14.41,1649044
14.41,1646169
14.41,1644293
14.41,1638110
14.41,1635958
14.42,1635222
14.42,1629194
14.42,1629125
14.42,1629009
14.42,1628305
14.42,1627550
14.42,1627050
16.32,1622764
16.32,1605978
16.32,1601892
16.32,1596372
16.32,1595178
16.32,1590868
16.32,1586869
16.32,1584161
16.32,1581882
16.32,1576573
16.32,1575776
16.32,1574819
16.32,1569681
16.32,1568841
16.32,1568222
16.32,1566433
16.32,1563750
16.32,1563553
16.32,1562609
16.32,1561886
17.44,1560296
17.44,1552981
17.45,1549848
17.45,1539984
17.66,1538965
17.87,1535972
17.87,1530969
17.89,1528929
17.89,1528418
17.89,1526717
17.89,1525366
17.89,1522966
17.89,1522005
18.38,1521970
18.38,1519347
18.38,1517006
18.38,1511599
18.39,1509774
18.39,1509625
18.39,1507946
18.39,1507100
18.39,1504479
18.39,1504183
18.39,1502267
18.39,1494966
18.39,1491833
18.39,1490339
18.39,1485969
18.39,1485102
19.42,1482144
19.42,1481646
19.42,1471571
19.42,1470595
19.42,1469031
19.42,1468515
19.42,1466911
19.43,1460574
19.43,1457895
19.43,1448759
19.43,1439468
19.43,1437532
19.43,1437147
19.43,1435846
19.44,1431664
19.44,1428159
19.44,1427648
19.45,1414855
19.45,1414705
19.45,1413155
19.45,1410391
19.45,1409276
19.45,1408922
19.47,1407997
19.47,1407451
19.47,1403249
19.47,1399875
19.48,1396896
21.46,1392893
21.47,1390892
21.48,1380983
21.48,1377692
21.50,1374900
21.59,1371695
21.59,1366795
21.59,1364352
21.59,1362102
21.59,1352841
22.92,1349130
23.10,1337550
23.10,1337381
23.10,1335229
23.10,1332150
23.10,1331065
23.10,1330800
23.10,1330711
23.10,1328595
23.41,1327952
23.41,1325587
23.41,1325326
23.41,1324471
23.41,1323078
23.73,1321732
23.73,1320391
23.73,1310557
23.73,1304630
23.73,1301282
23.73,1300722
23.73,1300150
23.73,1298763
23.73,1298414
23.73,1288323
23.73,1287801
23.73,1287423
23.73,1285288
24.12,1280841
24.12,1275464
24.13,1275131
24.13,1274811
24.13,1274720
24.16,1271058
24.16,1268651
24.17,1268205
24.17,1267532
24.17,1265302
24.17,1262733
24.17,1262532
24.17,1260458
24.17,1257348
24.18,1257126
24.18,1251108
24.18,1246547
24.18,1238712
24.19,1238293
24.19,1236904
24.19,1230765
25.12,1224380
25.12,1223487
25.12,1222262
25.12,1219158
26.23,1215199
26.23,1211325
26.23,1211185
26.25,1206891
26.25,1202474
26.25,1202107
26.26,1201532
26.26,1198337
26.26,1196365
26.26,1195554
27.64,1194873
27.68,1190916
27.69,1190843
27.69,1187339
27.69,1185843
27.69,1185823
27.69,1185259
27.69,1182803
27.69,1177139
27.69,1173194
27.69,1171281
28.62,1170678
28.62,1170253
28.62,1163397
28.62,1163256
28.63,1161742
28.63,1161522
28.63,1159714
28.63,1159234
28.63,1158044
28.63,1155024
28.63,1154430
28.63,1149442
28.63,1148703
30.22,1141788
30.22,1140768
30.22,1136346
30.22,1136072
30.22,1136015
30.22,1131839
30.22,1130199
30.27,1130119
30.27,1128846
30.28,1125567
30.28,1124978
30.28,1124738
30.28,1124563
30.28,1122890
30.28,1120214
30.28,1120171
30.28,1119087
30.44,1115449
30.44,1114493
30.44,1114181
30.45,1113448
30.45,1113284
30.45,1111414
30.45,1106637
30.45,1105497
30.45,1105102
30.45,1103909
30.45,1103884
30.45,1103825
30.51,1099720
30.51,1099427
30.51,1098176
30.52,1097967
30.52,1095440
30.52,1093114
30.52,1092252
30.52,1091340
30.52,1084488
30.52,1080758
31.12,1080538
31.12,1079817
31.12,1079602
32.05,1079077
32.06,1079050
32.06,1077849
32.26,1077149
32.27,1076844
32.27,1068297
32.28,1065498
32.68,1062957
32.71,1062200
32.71,1059555
32.71,1058318
32.71,1057316
32.71,1056881
32.71,1054894
32.71,1053182
33.65,1053048
33.65,1046704
33.65,1045513
33.65,1045241
33.66,1043240
33.66,1037132
33.93,1035138
33.94,1032994
34.16,1032401
34.18,1030869
34.18,1030549
34.18,1026393
34.18,1022486
34.18,1021594
34.18,1016865
34.59,1016833
34.82,1016480
34.83,1006490
34.84,1006072
34.84,1003858
35.18,1001748
35.18,999930
35.18,995887
35.18,995296
35.18,990105
35.18,989210
35.19,988985
35.19,985359
35.19,984854
35.19,984213
35.19,980293
35.19,979468
35.19,978704
35.19,978615
35.19,977954
35.53,975232
35.53,974144
35.53,970864
35.53,970810
35.53,962963
35.53,962127
35.53,961567
35.54,960087
35.54,959459
35.54,958453
35.54,956089
35.54,955157
35.54,953902
35.54,951557
35.54,948993
35.54,948789
35.97,946226
35.97,944997
37.74,944393
38.06,943330
38.07,942980
38.07,940986
38.07,937182
38.07,935690
38.07,934692
38.07,932266
39.55,932253
39.55,932169
39.55,932061
39.55,930173
39.55,924923
39.55,922707
39.55,922447
39.55,921928
39.55,921113
39.55,920374
39.55,920127
39.55,919511
39.58,919140
39.58,919112
39.62,917477
39.62,916770
39.62,916233
39.73,915048
39.73,914211
39.74,913040
39.74,912813
39.74,907980
39.74,906871
39.74,906598
40.03,905348
40.03,904197
40.03,899229
40.04,897884
40.04,897820
40.04,896943
40.04,895593
40.04,893463
40.04,893257
40.04,892535
40.04,892177
40.04,890524
40.04,890098
40.05,890055
40.05,888510
40.05,888234
40.06,887864
40.06,886451
40.07,886232
41.40,885512
41.41,884069
41.41,883052
41.46,882783
41.46,882462
41.46,882387
41.46,879381
41.46,879113
41.46,876985
41.46,875128
42.61,874718
43.25,868936
43.52,868883
43.53,868328
43.53,867766
44.35,864018
44.61,860277
44.64,860202
44.64,859599
44.64,858477
44.64,858022
44.64,857715
44.64,854600
44.64,854213
44.64,853666
44.64,852503
44.64,850039
44.65,848140
44.65,847006
44.65,846155
44.65,846013
44.65,845384
44.65,843008
44.66,842035
44.66,842001
44.66,841875
44.66,841318
44.66,841158
44.66,840934
46.17,840129
46.18,838956
46.18,835217
46.31,834598
46.38,834012
47.04,833585
47.04,832859
47.05,832365
47.05,831640
47.33,829205
47.33,826468
47.33,826107
47.33,825109
47.33,821976
47.33,821625
47.34,819840
47.34,819265
47.34,816927
47.34,816785
47.34,815292
47.34,814782
47.34,813463
47.34,812002
47.34,810896
47.36,810131
47.36,810020
47.36,809997
47.36,808824
47.36,807047
48.76,805786
48.76,805375
48.77,804373
48.77,803807
49.02,803776
49.02,802380
49.03,802023
49.03,801494
49.03,801475
49.03,800491
49.03,799656
49.03,798859
49.03,798858
49.04,798832
49.09,798137
49.09,797928
49.09,797130
49.09,796718
49.09,796577
49.09,794980
49.10,794899
49.10,793693
49.10,793390
49.10,792913
49.24,792796
49.24,791756
49.24,791379
49.24,790303
49.24,790301
49.24,790252
49.24,789678
49.31,789243
49.34,788315
49.34,786115
49.35,785714
49.35,784280
49.38,783733
49.38,783062
49.39,782796
49.39,782715
49.43,782009
49.43,781314
49.44,781078
49.44,780889
49.44,780463
49.44,778958
50.05,778526
50.05,777544
50.05,775621
50.06,775504
50.23,775452
50.24,774193
50.29,773807
50.29,773004
50.35,772335
50.35,770695
50.36,770467
50.54,770436
50.54,769557
50.55,769526
50.55,768434
50.55,768048
50.56,767908
51.74,766045
51.74,764792
51.74,763826
51.74,763506
51.82,762968
51.82,761022
51.83,760953
51.83,755669
51.83,755486
52.42,754890
52.42,754661
52.42,751871
52.42,750873
52.43,750205
52.44,749769
54.72,748948
54.74,748882
54.74,747991
54.76,747833
54.76,747453
54.76,747298
54.77,746980
54.77,746887
54.77,745803
54.77,742614
54.77,742281
55.19,742119
55.19,741372
55.66,739932
55.67,737869
55.67,737524
55.68,734249
55.68,734015
55.68,733108
55.90,732062
55.94,731218
55.94,731004
55.95,730945
55.96,730209
57.56,729882
57.56,729712
57.56,726779
57.56,726485
57.58,726439
57.70,725812
57.70,725527
57.70,724720
57.71,724288
57.78,724152
57.78,723770
57.89,723471
57.89,723284
57.89,723272
57.89,723251
57.89,723083
57.89,721747
57.90,720926
57.90,720681
59.18,720578
59.18,719697
59.18,718825
59.18,718283
59.44,717070
59.44,716617
59.44,715578
59.44,714754
59.46,714237
59.46,713910
59.46,713738
59.47,713341
59.47,713292
59.47,712420
59.48,712344
59.49,712232
59.49,709189
59.49,707741
59.49,706186
59.50,705179
59.58,704803
59.58,704318
59.58,702698
59.59,702577
59.65,702064
59.65,701927
61.52,701692
61.52,701293
61.53,700717
61.54,700642
61.59,699591
61.67,699377
61.68,698129
61.68,697484
61.68,697143
61.69,696919
61.75,696075
61.75,695926
61.75,694426
64.37,694225
64.38,694135
64.38,693998
64.38,693255
64.38,693235
64.39,693035
64.50,692589
64.50,692423
64.50,691935
64.51,691331
64.51,690097
66.02,690034
66.09,689337
66.10,688282
66.41,687955
66.41,687767
66.42,687688
66.44,687661
66.45,687572
66.45,687294
66.50,686244
66.50,685865
66.51,684562
66.51,683928
66.51,683621
66.52,683274
66.53,683215
66.54,681779
66.54,681463
66.55,681064
67.72,680708
67.72,680595
67.72,680562
67.82,680166
67.83,680137
67.83,680078
67.83,679895
67.83,679183
67.84,679021
67.84,678814
67.87,678764
67.88,678360
69.94,678015
69.95,677948
69.95,677808
69.99,677419
71.51,676469
71.54,676444
71.56,676244
71.64,676121
71.68,676036
71.69,675750
71.70,675415
71.71,675262
71.72,675221
71.73,675200
71.73,674370
71.76,673275
71.83,671614
71.85,671503
71.85,671209
71.86,670933
73.44,670762
73.47,670757
73.52,670504
76.93,669846
76.94,669814
76.96,669742
76.96,669310
76.97,669135
76.98,668770
77.33,668601
77.42,668231
77.44,667599
77.98,667221
77.99,666571
78.00,666248
80.24,665641
80.35,665347
80.40,665036
80.40,664575
80.41,664487
80.42,664142
80.51,663156
80.80,663152
80.83,663091
80.91,663069
80.95,662970
82.60,662853
82.75,662764
83.36,662725
84.85,662135
86.64,662079
86.65,662013
86.67,661953
86.71,661565
86.71,661390
91.40,661285
91.93,661230
92.12,661013
92.17,660753
92.20,660674
92.41,660661
92.46,660659
92.59,660593
92.78,660508
92.93,660432
92.95,660371
93.84,660208
93.98,660205
96.66,660168
100.44,660162
121.60,660140
