0.06,6931477
0.07,6926216
0.07,6833714
0.07,6727380
0.07,6726423
0.07,6712010
0.07,6681328
0.07,6653458
0.07,6641574
0.07,6631945
0.07,6623765
0.08,6564656
0.08,6546680
0.08,6543262
0.08,6537219
0.08,6535888
0.08,6495047
0.08,6474717
0.08,6470002
0.08,6468548
0.08,6439320
0.08,6418994
0.08,6415621
0.08,6372880
0.09,6350332
0.09,6342675
0.09,6327136
0.09,6310297
0.09,6303835
0.09,6238992
0.09,6176341
0.09,6174136
0.09,6170323
0.09,6158418
0.09,6151135
0.09,6148359
0.09,6147935
0.09,6145227
0.09,6073979
0.09,6073522
0.09,6056886
0.09,6049241
0.09,6039629
0.09,6013006
0.09,6006864
0.09,5994717
0.09,5971408
0.09,5965351
0.09,5963722
0.09,5954989
0.09,5954817
0.09,5927798
0.09,5877069
0.09,5865413
0.09,5861802
0.10,5835624
0.10,5831959
0.10,5828891
0.10,5814191
0.10,5797709
0.10,5787662
0.10,5782809
0.10,5773281
0.10,5768248
0.10,5751809
0.10,5733902
0.10,5718946
0.10,5716108
0.10,5712340
0.10,5712151
0.10,5711301
0.10,5710148
0.10,5703105
0.10,5700580
0.10,5692746
0.10,5692415
0.10,5691058
0.10,5685891
0.10,5684896
0.10,5657165
0.10,5654215
0.10,5646029
0.10,5637752
0.10,5600142
0.10,5596147
0.10,5595732
0.10,5586541
0.10,5565573
0.10,5550894
0.10,5550351
0.10,5549619
0.10,5532072
0.10,5530423
0.11,5517178
0.11,5501121
0.11,5497762
0.11,5487932
0.11,5465058
0.11,5463808
0.11,5463199
0.11,5458690
0.11,5458329
0.11,5451836
0.11,5424817
0.11,5420756
0.11,5389482
0.11,5363063
0.11,5353668
0.11,5348553
0.11,5346477
0.11,5344809
0.11,5234108
0.11,5230117
0.11,5214602
0.11,5155776
0.11,5152278
0.11,5144154
0.11,5141043
0.11,5119557
0.11,5106564
0.11,5103615
0.11,5082831
0.12,5079080
0.12,5066517
0.12,5058520
0.12,5042771
0.12,5028905
0.12,4969065
0.12,4935451
0.12,4869627
0.12,4864174
0.12,4863900
0.12,4863656
0.12,4860089
0.12,4858044
0.12,4787319
0.12,4715588
0.12,4711957
0.12,4699762
0.12,4693018
0.12,4685474
0.12,4685006
0.12,4681447
0.12,4666920
0.12,4664176
0.12,4662477
0.12,4661582
0.12,4644608
0.12,4526993
0.12,4523798
0.12,4517618
0.12,4512916
0.12,4511014
0.12,4503998
0.12,4501692
0.12,4500390
0.12,4487707
0.12,4487379
0.12,4486500
0.13,4478434
0.13,4470455
0.13,4466653
0.13,4390812
0.13,4387728
0.13,4363103
0.13,4354099
0.13,4353657
0.13,4346818
0.13,4324436
0.13,4323828
0.13,4248781
0.13,4232346
0.13,4221783
0.13,4199486
0.13,4198422
0.13,4197841
0.13,4191989
0.13,4191421
0.13,4173810
0.13,4159707
0.13,4159532
0.13,4147013
0.13,4143721
0.13,4142998
0.13,4142247
0.13,4124621
0.14,4124498
0.14,4116430
0.14,4072708
0.14,4072692
0.14,4059093
0.14,4054552
0.14,4054403
0.14,4049413
0.14,4045745
0.14,4042425
0.14,4036687
0.14,4005572
0.14,4004906
0.14,3999477
0.14,3988160
0.14,3987657
0.14,3983266
0.14,3981118
0.14,3980359
0.14,3961362
0.14,3958194
0.14,3955904
0.14,3946938
0.14,3941928
0.14,3934963
0.14,3911930
0.14,3897375
0.14,3896841
0.14,3890054
0.14,3888329
0.14,3886150
0.15,3885023
0.15,3885001
0.15,3881242
0.15,3881136
0.15,3871597
0.15,3867584
0.15,3862795
0.15,3862251
0.15,3860397
0.15,3857614
0.15,3814285
0.15,3809823
0.17,3800536
0.17,3796723
0.17,3795116
0.17,3792755
0.17,3792543
0.17,3791924
0.17,3791918
0.17,3738533
0.17,3736923
0.17,3735043
0.17,3734241
0.17,3734228
0.17,3644100
0.17,3635595
0.17,3623800
0.17,3620553
0.17,3619715
0.18,3601984
0.18,3580822
0.18,3575913
0.18,3569491
0.18,3567411
0.18,3557224
0.18,3556752
0.18,3541268
0.18,3521988
0.18,3519214
0.19,3518924
0.19,3518021
0.19,3512720
0.19,3507802
0.19,3507492
0.19,3507294
0.19,3503583
0.19,3498532
0.19,3492478
0.19,3490785
0.20,3465132
0.20,3464902
0.20,3461568
0.20,3461482
0.20,3460397
0.20,3459075
0.20,3454038
0.20,3427691
0.20,3427138
0.20,3425751
0.20,3417772
0.20,3414346
0.20,3398603
0.20,3396946
0.20,3396047
0.20,3382774
0.20,3382475
0.20,3377177
0.20,3372757
0.20,3369296
0.20,3368418
0.20,3364855
0.20,3364003
0.20,3363564
0.20,3343195
0.21,3341202
0.21,3340839
0.21,3339066
0.21,3274246
0.21,3274204
0.21,3261769
0.21,3252494
0.21,3251891
0.21,3250384
0.21,3249417
0.21,3237921
0.21,3236356
0.21,3227376
0.21,3226960
0.21,3224396
0.21,3223336
0.21,3223132
0.21,3203264
0.21,3201688
0.21,3192033
0.21,3190129
0.21,3184362
0.21,3175730
0.21,3175139
0.21,3175127
0.21,3165768
0.21,3165156
0.21,3164343
0.21,3161184
0.21,3157309
0.21,3113453
0.21,3103845
0.21,3077195
0.22,3070391
0.25,3055741
0.25,3050466
0.25,3050122
0.25,3049360
0.25,3043308
0.25,3042264
0.25,3039139
0.25,3006912
0.25,3005532
0.25,2998301
0.25,2997458
0.25,2996362
0.25,2994206
0.26,2972298
0.26,2971767
0.26,2971280
0.26,2968533
0.26,2966295
0.26,2955273
0.26,2944157
0.26,2940081
0.26,2936367
0.26,2928165
0.27,2915722
0.27,2909722
0.27,2902270
0.27,2899792
0.27,2897548
0.27,2896013
0.27,2895408
0.27,2894260
0.27,2893362
0.27,2892291
0.27,2881276
0.27,2874026
0.27,2853983
0.27,2853363
0.27,2851111
0.27,2848449
0.27,2842351
0.28,2837667
0.28,2832525
0.28,2832385
0.28,2825608
0.28,2799676
0.28,2786673
0.28,2746028
0.28,2745629
0.28,2742516
0.28,2738526
0.28,2737052
0.28,2735474
0.28,2723314
0.28,2720959
0.28,2698150
0.28,2696181
0.29,2691289
0.29,2677544
0.29,2669907
0.29,2664384
0.29,2643474
0.29,2642848
0.29,2607352
0.29,2600526
0.29,2596615
0.35,2595989
0.35,2588241
0.35,2587400
0.35,2586477
0.35,2566458
0.35,2533329
0.35,2517394
0.36,2510051
0.36,2503713
0.36,2492277
0.36,2477763
0.62,2454535
0.62,2448327
0.62,2409188
0.86,2408235
0.86,2406077
1.55,2404638
1.55,2403780
1.55,2401949
1.55,2397886
1.55,2385670
1.55,2376555
1.55,2376290
1.55,2366939
1.55,2365333
1.55,2364389
1.55,2360866
1.55,2360176
1.55,2359563
1.55,2348079
1.55,2347102
1.55,2339307
1.56,2333036
1.56,2324350
1.56,2320618
1.56,2318681
1.56,2310526
1.56,2309772
1.56,2307233
1.56,2306641
1.57,2306438
1.57,2301647
1.57,2296589
1.57,2292365
1.57,2291290
1.57,2290509
1.96,2289569
1.96,2285693
1.96,2281494
1.97,2265942
1.97,2261494
1.97,2260629
1.97,2259897
1.97,2256867
1.97,2254699
1.97,2254345
1.97,2249011
2.05,2234821
2.05,2231017
2.05,2219469
2.05,2218249
2.05,2199175
2.05,2191778
2.05,2187885
2.05,2187621
2.05,2185604
2.05,2180048
2.06,2179785
2.06,2177855
2.06,2171050
2.06,2170895
2.06,2169117
2.06,2168922
2.06,2165526
2.06,2163870
2.06,2160821
2.06,2152439
2.06,2118156
2.06,2116739
2.07,2113090
2.07,2112804
2.07,2112651
4.60,2111371
4.60,2110420
4.60,2105065
4.60,2099338
4.62,2093182
4.62,2091123
4.62,2084066
4.62,2083413
4.62,2077941
4.62,2077125
4.62,2053708
6.95,2053703
6.95,2044848
6.95,2031247
6.96,2029262
6.96,2028528
6.96,2021409
6.96,2021187
6.96,2020041
6.96,2018233
6.96,2017448
6.96,2013096
6.96,2003630
7.41,2003177
7.41,2000969
7.41,1998559
7.41,1996109
7.41,1992872
7.41,1991707
7.41,1984841
7.41,1967614
7.42,1966907
7.42,1960862
7.42,1960472
7.42,1960389
7.42,1957279
7.43,1933277
7.43,1932138
7.43,1928367
7.43,1926515
7.43,1922315
7.43,1920980
7.46,1917686
7.46,1909240
7.46,1908237
7.46,1900146
8.57,1887512
8.57,1878502
8.57,1876930
8.57,1870324
8.57,1864130
9.02,1853521
9.02,1852429
9.02,1844406
9.02,1844164
9.02,1843361
9.02,1840350
9.02,1835381
9.02,1832797
9.02,1828375
9.02,1827199
9.02,1823159
9.02,1819416
9.02,1817428
9.41,1815934
9.41,1815304
9.41,1814549
9.41,1809375
9.41,1797847
9.41,1793325
9.41,1791576
9.41,1788076
9.69,1781637
9.69,1776893
9.69,1776319
9.69,1765975
10.41,1764859
10.42,1764126
10.42,1744762
10.42,1744556
10.42,1733374
10.42,1730321
10.97,1728717
10.97,1723697
11.21,1719055
11.21,1714736
11.21,1702683
11.21,1701152
11.21,1698835
11.21,1698171
11.21,1697999
11.21,1697976
11.21,1697803
11.22,1693804
11.22,1685952
11.22,1679528
11.22,1674574
11.22,1673134
11.22,1671531
11.22,1664458
11.22,1664066
11.22,1661019
11.22,1659954
11.22,1659336
11.22,1655203
11.23,1654263
11.23,1653349
11.24,1650977
11.24,1650901
11.24,1641130
11.24,1641058
13.34,1639267
13.34,1638740
13.34,1635456
13.34,1634902
13.34,1634733
13.34,1632718
13.34,1632700
13.34,1625673
13.34,1624449
14.27,1623175
14.27,1622353
14.27,1621956
14.27,1620816
14.28,1619437
14.28,1617189
14.28,1617046
14.28,1616494
14.28,1609820
14.28,1607392
14.28,1607031
14.28,1604036
14.28,1599128
14.28,1597923
14.36,1593867
14.36,1589272
14.36,1586612
14.36,1570626
14.36,1570527
14.36,1567289
14.36,1567209
14.36,1562954
14.36,1562888
14.36,1562541
14.36,1562022
14.36,1561087
14.72,1560286
14.74,1560125
14.74,1560029
14.74,1557436
14.74,1552783
14.74,1551987
14.74,1551756
14.74,1549122
14.74,1548747
14.76,1548436
14.76,1535952
14.76,1532761
14.76,1532649
14.76,1530040
15.47,1526140
15.47,1524586
15.47,1520926
15.90,1520833
15.91,1517961
15.91,1517806
15.91,1517258
15.91,1516159
15.91,1504308
15.91,1503604
15.91,1503101
15.91,1495809
15.91,1495366
15.91,1485267
15.91,1484627
16.35,1481390
16.35,1480867
18.30,1478637
18.30,1478523
18.30,1477313
18.30,1466852
18.30,1464096
18.30,1463626
18.30,1460225
18.30,1460197
18.32,1443305
18.32,1437524
18.32,1437169
18.32,1424632
18.32,1422156
18.32,1422101
18.32,1418507
18.32,1414975
18.32,1411425
18.32,1408511
18.32,1408445
18.32,1406230
18.41,1396533
18.42,1396037
18.50,1395277
18.50,1395270
18.50,1394208
18.50,1390799
18.50,1390054
18.52,1385972
18.52,1384943
18.52,1381861
18.52,1380366
18.52,1379506
18.59,1379453
18.61,1375783
18.61,1375503
20.09,1375289
20.09,1374790
20.09,1370858
20.09,1365928
20.09,1365373
20.09,1363156
20.10,1362714
20.10,1361671
20.10,1360154
21.03,1359992
21.04,1355275
21.04,1353642
21.04,1352986
21.04,1342176
21.04,1336641
21.25,1333434
21.96,1330789
21.96,1326614
21.96,1326462
21.96,1325331
21.96,1323927
21.96,1320813
21.96,1318699
21.96,1317403
22.16,1313705
22.88,1313169
23.04,1296609
23.04,1296392
23.04,1295286
23.04,1294986
23.04,1290317
23.04,1290264
23.05,1286889
23.05,1281477
23.05,1277486
23.05,1275979
23.06,1274875
23.06,1274864
23.07,1272225
23.08,1270478
23.08,1264776
23.08,1263620
23.08,1262332
23.08,1260110
23.08,1259773
23.08,1257762
23.08,1256823
23.08,1251708
23.08,1250484
23.09,1250391
23.09,1250301
23.09,1249362
23.09,1248270
23.09,1245747
23.09,1243252
23.09,1242688
23.09,1241519
23.09,1240808
23.09,1240198
23.09,1240096
23.09,1240082
23.09,1235461
23.25,1233823
23.25,1231960
23.25,1230808
23.25,1229813
23.25,1229773
23.25,1227665
23.56,1224041
23.57,1219573
23.57,1214506
23.57,1212783
23.57,1212159
23.57,1206163
25.00,1205561
25.00,1204451
25.00,1202368
25.01,1193575
25.01,1190370
25.01,1187588
25.01,1185852
25.01,1184441
25.01,1184357
25.01,1175248
25.20,1171680
25.20,1171032
25.41,1168491
25.41,1163830
25.62,1162870
25.62,1161579
25.62,1156431
25.62,1155515
25.62,1153233
25.62,1150487
25.62,1150169
25.62,1149944
25.62,1149611
25.84,1146812
25.86,1144179
25.86,1143102
25.86,1141984
25.86,1134735
25.86,1131521
25.86,1129342
25.86,1129206
25.90,1128703
25.90,1127173
25.90,1126534
25.90,1120703
25.90,1118884
25.90,1115325
25.91,1115283
25.91,1113439
25.91,1112054
27.36,1107509
27.36,1106189
28.52,1105530
28.52,1102805
28.53,1101495
28.53,1094339
28.53,1085534
28.53,1085216
28.53,1085216
28.53,1081384
28.53,1079663
28.55,1078047
28.55,1077637
28.55,1077304
28.55,1076310
28.55,1072816
28.55,1061948
28.55,1061220
28.55,1060157
28.68,1059555
28.68,1059495
28.68,1058059
28.68,1054528
28.68,1054525
28.68,1053938
28.68,1052698
28.68,1052511
28.69,1051032
28.69,1047975
28.69,1047695
28.69,1047564
28.69,1045967
28.69,1045112
28.69,1044019
28.69,1042199
28.69,1038503
28.69,1035703
28.70,1033386
28.70,1032746
30.00,1032294
30.00,1030400
30.00,1025752
30.01,1023188
30.05,1022372
30.05,1021420
30.05,1019184
30.05,1015533
30.05,1009696
30.06,1007966
30.06,1006651
30.16,1006155
30.16,1002714
30.16,1000124
32.64,999782
32.64,999361
32.64,997866
32.64,996855
32.64,996565
32.64,996362
32.64,994203
32.65,994135
32.65,993844
32.65,993144
32.65,989699
32.65,988964
32.65,987962
32.78,987436
32.78,986824
32.78,984218
32.78,981736
32.78,978432
32.78,978161
32.79,978009
32.79,976799
32.79,976619
32.79,962474
32.79,961743
32.80,960910
32.80,959042
32.81,957236
34.67,957180
34.67,948395
34.88,948040
35.47,947631
35.47,946457
35.47,946375
35.47,942017
35.47,937804
35.47,936649
35.64,935123
35.68,934800
35.68,933107
35.68,931562
35.68,931188
35.69,929160
35.69,927410
36.61,925559
36.61,924328
36.61,923029
36.61,922986
36.78,922888
36.78,922771
36.78,922407
36.97,921081
36.97,920046
36.97,916328
36.97,915453
36.97,915449
36.98,915188
37.13,912833
37.13,909166
37.13,908088
37.13,906255
37.13,904642
37.13,899220
37.13,898576
37.13,897835
37.13,896003
37.13,895005
37.13,894599
37.14,893488
37.14,893472
37.14,891378
37.23,890981
38.03,889503
38.04,888482
38.04,887679
38.04,886799
38.04,886728
38.04,886559
38.07,885478
38.07,885008
38.07,883785
38.07,883370
38.07,883281
38.07,881473
38.08,881319
38.08,880632
38.10,875688
38.11,874145
38.11,874060
38.11,871484
38.11,867948
39.63,865338
39.63,864923
39.63,864718
39.63,863961
39.63,861274
39.63,860228
39.67,859747
39.67,858324
39.68,856470
39.68,856143
39.69,854790
39.69,854768
39.69,853251
39.69,853244
41.82,853171
41.82,853063
41.83,852736
41.83,851901
41.84,848091
41.84,846754
41.85,846300
41.85,846262
41.86,846069
41.86,844813
41.86,842614
41.86,842598
41.87,842202
41.87,838918
41.87,838131
41.87,837585
41.87,837259
41.90,836797
42.10,836593
42.30,836275
42.30,835494
42.31,835333
42.31,835235
42.31,834264
42.31,833530
42.70,833217
42.71,831333
42.71,831014
42.71,828173
43.39,827931
43.39,827648
43.40,827302
43.40,826714
43.41,826537
43.41,826479
43.41,825387
43.42,824832
43.42,824045
43.42,823946
43.42,823199
43.43,822954
43.56,822873
43.56,822526
43.60,822160
43.60,819991
43.60,819549
43.61,818647
44.59,818175
44.61,817549
44.61,814604
44.61,814130
44.61,813883
44.83,813634
44.93,812791
44.93,811224
44.93,810765
44.93,810570
44.93,809846
44.93,809786
44.93,809641
44.93,808780
44.94,807728
44.96,806992
44.96,806592
44.96,806126
44.97,804275
45.59,804214
45.59,802868
45.85,801251
45.85,801165
45.85,800996
45.85,800990
45.87,800949
45.87,799272
45.87,799237
45.88,798784
45.88,798782
45.89,798454
45.89,798410
45.98,796951
46.00,796857
46.05,793482
46.05,792407
46.05,791727
46.06,791623
46.06,789113
46.07,787389
46.09,786283
46.10,785847
47.11,785445
47.11,784330
47.46,784300
47.47,783280
47.70,782782
47.70,782779
47.70,779966
47.70,779247
47.71,778487
47.78,777869
47.78,777017
47.78,776893
47.78,775697
47.79,775166
47.88,774908
47.88,773710
47.88,773476
47.88,773290
47.88,772587
47.88,772286
47.89,771491
47.89,770317
47.89,769681
48.53,769522
48.77,768355
48.79,768261
48.79,766838
48.79,766795
48.79,766558
48.81,764818
48.81,763791
48.82,763485
48.82,762416
48.83,760913
48.83,760858
50.18,760596
50.19,758416
50.27,756664
50.28,756475
50.57,756459
50.57,755957
50.66,755670
50.66,755288
50.66,754286
50.66,754120
50.66,753995
50.67,753443
50.67,752244
50.68,751933
50.69,751864
50.69,750303
50.69,749515
50.75,748854
51.46,748265
51.46,747458
51.48,747257
51.48,746830
51.54,745286
51.54,743630
51.54,743088
51.54,742883
51.81,742147
51.81,742048
51.81,741589
51.82,740942
51.82,740073
51.83,739859
51.83,739348
51.83,738378
54.81,738314
54.85,738048
55.33,737008
55.33,734466
55.33,733551
55.34,733375
55.34,732834
55.34,732694
55.35,731885
55.35,729226
55.35,728864
55.36,727719
55.37,726930
55.37,725389
55.38,725250
55.38,725128
55.39,725079
55.39,724494
55.42,724048
55.45,723238
55.84,722754
55.85,721178
55.85,720460
55.86,719356
55.93,718760
55.93,718756
55.93,718619
55.93,718235
55.93,717842
55.93,717408
56.26,717156
56.27,716464
56.27,716292
56.27,715885
56.28,715475
56.28,714802
56.28,714745
56.28,714122
56.28,714089
56.29,713393
56.29,713318
56.30,712444
56.30,711943
56.31,710970
56.31,710673
56.31,710454
56.31,710446
56.32,710268
56.59,710155
56.59,709117
58.88,708157
58.89,707830
58.89,707354
58.89,707150
60.28,707084
60.28,706949
60.30,706472
60.30,706338
60.31,704473
60.31,704333
60.34,703994
60.35,703080
60.41,703080
60.43,702738
60.44,702389
60.46,702298
60.46,701676
60.57,700488
60.57,700299
60.58,699296
60.58,698351
60.66,698120
60.69,698028
60.69,697205
60.69,696936
60.70,696769
60.70,696459
60.71,696242
60.71,695721
60.71,695243
60.71,695056
60.72,694946
60.73,693912
60.75,693410
60.75,693316
60.76,692517
60.76,692271
60.77,692251
60.79,691990
60.80,691875
63.96,691753
64.01,691156
64.01,691110
64.01,691066
64.02,690727
64.02,690125
64.03,690054
64.03,689368
64.04,689080
64.05,688607
64.05,688382
64.10,688286
64.12,688198
64.13,687875
64.15,687427
64.17,687281
64.18,686904
64.18,686368
65.45,686146
65.45,685484
65.45,684939
65.46,684884
65.46,684515
65.47,683627
65.48,683420
65.49,682676
65.63,682313
65.63,682311
65.64,681613
65.68,681147
65.68,680615
65.68,680446
65.73,680374
65.76,680351
65.83,680095
65.83,679443
65.83,679016
65.84,678915
65.93,678893
66.14,678686
66.18,678665
68.60,678567
68.60,678351
69.49,678059
69.54,677913
69.63,677170
70.18,676905
70.54,676868
70.56,676607
70.60,675769
70.70,675345
70.72,675273
70.72,675121
70.86,674917
70.86,674153
70.87,674003
70.87,673827
71.00,673683
72.46,673600
72.48,673408
72.52,673121
72.57,673118
72.64,673118
72.84,672827
73.03,672668
73.08,672602
73.09,672254
73.82,672008
73.84,671987
73.84,671390
73.90,671363
73.90,671152
74.02,670464
77.02,670145
77.05,669886
77.05,669681
77.07,669478
77.09,669398
77.10,669030
77.10,668908
77.12,668732
77.28,668726
77.28,668087
77.35,667920
77.37,667881
77.48,667415
77.52,667292
77.52,667083
77.54,666867
80.17,666565
81.71,665974
82.29,665903
82.32,665844
86.46,665770
86.59,665741
87.53,665713
87.54,665650
87.54,665591
87.79,665512
87.89,665085
96.31,665081
96.45,665049
96.97,665025
97.21,664964
98.65,664961
