0.06,7151841
0.07,7105468
0.07,7105339
0.07,7103746
0.07,7081128
0.07,7080228
0.07,7079617
0.08,7060784
0.08,7047385
0.08,7026256
0.08,7024584
0.08,7024581
0.08,7021610
0.08,7016423
0.08,6999810
0.08,6982800
0.08,6969124
0.08,6871084
0.08,6867349
0.08,6866200
0.08,6864895
0.08,6848640
0.09,6846229
0.09,6843594
0.09,6835756
0.09,6822532
0.09,6809068
0.09,6779184
0.09,6729823
0.09,6728914
0.09,6726101
0.09,6712121
0.09,6688016
0.09,6670130
0.09,6647965
0.09,6609125
0.09,6606283
0.09,6605241
0.09,6605074
0.09,6603220
0.09,6595715
0.09,6595095
0.09,6563468
0.09,6541175
0.09,6534055
0.09,6514717
0.09,6507784
0.09,6506796
0.09,6504007
0.10,6484869
0.10,6482430
0.10,6481206
0.10,6470334
0.10,6421935
0.10,6420748
0.10,6420557
0.10,6416882
0.10,6386129
0.10,6342148
0.10,6282047
0.10,6245902
0.10,6182415
0.10,6177525
0.10,6164275
0.10,6163849
0.10,6162523
0.10,6150380
0.10,6142526
0.10,6135161
0.10,6128025
0.10,6115070
0.10,6112337
0.10,6109415
0.10,6108179
0.10,6091172
0.10,6075508
0.10,5990681
0.10,5989866
0.10,5987526
0.10,5974055
0.10,5953137
0.10,5952703
0.11,5939857
0.11,5935128
0.11,5927463
0.11,5911297
0.11,5891764
0.11,5888712
0.11,5885776
0.11,5882902
0.11,5880224
0.11,5878277
0.11,5863088
0.11,5854437
0.11,5853419
0.11,5824965
0.11,5819126
0.11,5802515
0.11,5782684
0.11,5771723
0.11,5769649
0.11,5751118
0.11,5748103
0.11,5747516
0.11,5735913
0.11,5727611
0.11,5724808
0.11,5703664
0.11,5699984
0.11,5696596
0.11,5695924
0.11,5695833
0.11,5693466
0.11,5673028
0.11,5663645
0.11,5662865
0.11,5586104
0.11,5585465
0.11,5581475
0.11,5562516
0.12,5538673
0.12,5530824
0.12,5528910
0.12,5528855
0.12,5524555
0.12,5468296
0.12,5418493
0.12,5400294
0.12,5395601
0.12,5389871
0.12,5387056
0.12,5378345
0.12,5367859
0.12,5342462
0.12,5320339
0.12,5312243
0.12,5311645
0.13,5301814
0.13,5300562
0.13,5274978
0.13,5271120
0.13,5270797
0.13,5267806
0.13,5262761
0.13,5247828
0.13,5244811
0.13,5218535
0.13,5217761
0.13,5205572
0.13,5203713
0.13,5202523
0.13,5192615
0.13,5189904
0.13,5180393
0.13,5178281
0.13,5175825
0.13,5174513
0.13,5169930
0.13,5167759
0.13,5159844
0.13,5098086
0.13,5077543
0.13,5072876
0.13,5069703
0.13,5066312
0.13,5060312
0.13,5060054
0.13,5020722
0.14,5017576
0.14,5013959
0.14,5006568
0.14,4996565
0.14,4985982
0.14,4891050
0.14,4890206
0.14,4890201
0.14,4884173
0.14,4882025
0.14,4874741
0.14,4873145
0.14,4862984
0.14,4862909
0.14,4852839
0.14,4799876
0.14,4790327
0.14,4773262
0.14,4762164
0.14,4752793
0.14,4746276
0.14,4746256
0.14,4744654
0.14,4697729
0.14,4697645
0.15,4674828
0.15,4674821
0.15,4674278
0.15,4666560
0.15,4660090
0.15,4633903
0.15,4623890
0.15,4601444
0.15,4597113
0.15,4596171
0.15,4568703
0.15,4567267
0.15,4566342
0.15,4565425
0.15,4565191
0.15,4559970
0.15,4549026
0.15,4546817
0.15,4546260
0.15,4543257
0.15,4535912
0.15,4526258
0.15,4524770
0.15,4514815
0.15,4495947
0.15,4487931
0.15,4487456
0.15,4480482
0.15,4436628
0.15,4433239
0.15,4433164
0.15,4426877
0.15,4425248
0.16,4419385
0.16,4404258
0.16,4386338
0.17,4380710
0.17,4374274
0.17,4373430
0.17,4371087
0.17,4334250
0.17,4334226
0.17,4303324
0.17,4299511
0.17,4291186
0.17,4287830
0.17,4281267
0.17,4280309
0.17,4276490
0.17,4271221
0.17,4262931
0.17,4253897
0.17,4247696
0.17,4247423
0.17,4221620
0.17,4213598
0.17,4208905
0.17,4200003
0.17,4196166
0.17,4190804
0.17,4186502
0.17,4180150
0.17,4169074
0.17,4120123
0.17,4119167
0.17,4117183
0.17,4114648
0.17,4099433
0.17,4073792
0.17,4070705
0.17,4066796
0.18,4066107
0.18,4038356
0.18,4033364
0.18,4026139
0.18,4022985
0.18,4012772
0.18,4009442
0.18,4007459
0.18,4007144
0.18,4003809
0.18,4003126
0.18,4001476
0.18,3998567
0.18,3991773
0.18,3991680
0.18,3973363
0.18,3970941
0.18,3961090
0.18,3959132
0.18,3939761
0.18,3939319
0.19,3934626
0.19,3933970
0.19,3929731
0.19,3909289
0.19,3907025
0.19,3897715
0.19,3897474
0.19,3892495
0.19,3880694
0.19,3880672
0.19,3872678
0.19,3866443
0.19,3865880
0.19,3858805
0.19,3858611
0.19,3844201
0.19,3837747
0.19,3799965
0.19,3797137
0.19,3791898
0.19,3790381
0.19,3786875
0.19,3782175
0.20,3781892
0.20,3754547
0.20,3747213
0.20,3738460
0.20,3734440
0.20,3734408
0.20,3730994
0.20,3730053
0.20,3717392
0.20,3714883
0.20,3713802
0.20,3711562
0.20,3704740
0.20,3703699
0.20,3700556
0.20,3691163
0.20,3686624
0.20,3680244
0.20,3679061
0.20,3678290
0.20,3672631
0.20,3660136
0.20,3658401
0.20,3650619
0.20,3649482
0.20,3648651
0.20,3647761
0.21,3646285
0.21,3643156
0.21,3635219
0.21,3622839
0.21,3622050
0.21,3619806
0.21,3598028
0.21,3591139
0.21,3586610
0.21,3586572
0.21,3580709
0.21,3579957
0.21,3577433
0.21,3575893
0.21,3572403
0.21,3557582
0.21,3555877
0.21,3544526
0.21,3541148
0.21,3533568
0.21,3516149
0.21,3510983
0.21,3480740
0.21,3475361
0.21,3472968
0.21,3467450
0.21,3447186
0.21,3442661
0.21,3439238
0.21,3438948
0.21,3437078
0.21,3423469
0.21,3413863
0.21,3412978
0.24,3409949
0.25,3406148
0.25,3397812
0.25,3371840
0.25,3366152
0.25,3359054
0.25,3358078
0.25,3353280
0.25,3345566
0.25,3343391
0.25,3325386
0.25,3322124
0.25,3318676
0.25,3297330
0.25,3293351
0.25,3288823
0.25,3284334
0.25,3281552
0.25,3272370
0.26,3179217
0.26,3170963
0.31,3170468
0.31,3157034
0.31,3152909
0.31,3152889
0.31,3141484
0.31,3139760
0.31,3138948
0.31,3125759
0.31,3118982
0.31,3116013
0.31,3112867
0.31,3108858
0.31,3104895
0.31,3104492
0.31,3099191
0.31,3097246
0.31,3086186
0.32,3085334
0.32,3081489
0.32,3074618
0.32,3072524
0.32,3058326
0.32,3057715
0.32,3057518
0.32,3055049
0.32,3054959
0.32,3049238
0.32,3044764
0.32,3036926
0.32,3019530
0.32,3013122
0.33,2983805
0.33,2982236
0.33,2964561
0.33,2953759
0.33,2951341
0.33,2951304
0.33,2946042
0.33,2940672
0.33,2940210
0.33,2939687
0.33,2923805
0.33,2907424
0.33,2898484
0.33,2894189
0.33,2887963
0.34,2880912
0.34,2880245
0.42,2877938
0.42,2870311
0.42,2869297
0.42,2857434
0.42,2855600
0.42,2849466
0.42,2849265
0.42,2818418
0.42,2795062
0.42,2790108
0.42,2790025
0.42,2780802
0.43,2766702
0.43,2764770
0.43,2747674
0.44,2734667
0.44,2725741
0.44,2721002
0.44,2720509
0.44,2717827
0.44,2709836
0.44,2706685
0.44,2654922
0.44,2649959
0.44,2642662
0.44,2639079
0.44,2632933
0.44,2631306
0.45,2626858
0.45,2617896
0.45,2617478
0.45,2607063
0.45,2601967
0.45,2595258
0.58,2584632
0.59,2584126
0.59,2569961
0.59,2561712
0.59,2553322
0.59,2551295
0.59,2551101
0.59,2539798
0.59,2539785
0.59,2531434
0.59,2529585
0.59,2527853
0.59,2506443
0.59,2502468
0.59,2496818
0.59,2494838
0.59,2492865
0.59,2492498
0.59,2484403
0.93,2463441
0.93,2462642
0.93,2452266
0.93,2451700
0.93,2449156
0.93,2447749
0.93,2447087
0.93,2425661
0.93,2423671
0.93,2413310
0.93,2413050
0.93,2407247
0.93,2376661
0.93,2374140
0.93,2358968
0.93,2355147
1.42,2340172
1.42,2331767
1.42,2331397
1.45,2327172
1.46,2315579
1.83,2315108
1.83,2311521
1.83,2289911
1.83,2289896
3.05,2287421
3.05,2272423
3.05,2265357
3.05,2263843
3.05,2263204
3.05,2261838
3.08,2253682
4.14,2251988
4.14,2251754
4.14,2251100
4.17,2249564
4.17,2249330
4.19,2248128
4.20,2246576
4.20,2245670
4.20,2244945
4.20,2244472
4.20,2243933
4.20,2239998
4.20,2237019
4.20,2236461
4.20,2233270
4.20,2232897
4.20,2232634
4.20,2231117
4.20,2222927
4.20,2218937
4.20,2213843
4.20,2213197
4.20,2212929
4.40,2212023
4.41,2210774
4.41,2200348
4.41,2195614
4.41,2191827
4.41,2186503
4.41,2186449
4.41,2185174
4.41,2183828
4.41,2178366
4.41,2175372
4.41,2173569
4.41,2171662
4.53,2165587
4.53,2164415
4.55,2154451
4.58,2146077
5.86,2133916
5.86,2133217
5.86,2132820
5.86,2129076
5.86,2128851
5.86,2128176
5.87,2125565
6.18,2119730
6.18,2119380
6.18,2115922
6.18,2114966
6.18,2071361
6.20,2058117
6.20,2057238
6.20,2056751
6.20,2048904
6.35,2048372
6.35,2047587
6.35,2041208
6.35,2041105
6.35,2040403
6.39,2037116
6.47,2028743
6.47,2020644
6.59,2020467
7.38,2020009
7.38,2019055
7.38,2017171
7.38,2016905
7.38,2015803
7.38,1995370
7.38,1982215
7.38,1978914
7.38,1978769
7.38,1976346
7.38,1966191
7.38,1962105
7.38,1938710
8.52,1935275
8.52,1927069
8.53,1924267
8.53,1922885
9.33,1921181
9.33,1920857
9.33,1914249
9.33,1909593
9.36,1907768
9.36,1905819
9.36,1905775
9.36,1904846
9.36,1902054
9.36,1896171
9.36,1895503
9.36,1893175
9.36,1889577
9.36,1888134
9.36,1886663
9.36,1886384
9.37,1885216
9.37,1883702
9.37,1883333
9.37,1882751
9.37,1877500
9.37,1873369
9.37,1870944
9.37,1848948
9.37,1844253
9.37,1840181
9.37,1836970
9.37,1834423
9.37,1834047
9.37,1834006
9.37,1833775
11.10,1831527
11.10,1830312
11.10,1826719
11.38,1820002
11.38,1814506
11.38,1814000
11.38,1807961
11.38,1807322
11.38,1802893
11.68,1802564
11.68,1801716
11.68,1796876
11.68,1793759
11.68,1793232
11.68,1793201
11.68,1791725
11.69,1790061
11.69,1787027
11.69,1780938
12.10,1779167
12.10,1770140
12.10,1766515
12.10,1764944
12.10,1764587
12.10,1759899
12.10,1754634
12.10,1747183
12.10,1746363
12.10,1733470
12.10,1733302
12.10,1727684
12.10,1723896
12.10,1720915
12.10,1717935
12.10,1712975
12.10,1711480
12.10,1706236
12.10,1702943
12.10,1701496
12.11,1700027
12.11,1691590
12.12,1682291
12.12,1679219
12.12,1676266
12.12,1674823
12.12,1666303
12.12,1658625
12.12,1658432
12.12,1657749
12.12,1657736
12.12,1651104
12.12,1647420
12.12,1645214
12.12,1644514
12.12,1638209
12.74,1633168
12.74,1622608
12.74,1612973
12.74,1612515
12.74,1612173
12.74,1611641
12.74,1610281
12.74,1607749
12.77,1606477
12.77,1605377
12.77,1600054
12.77,1595500
12.78,1594801
12.78,1586143
12.79,1585219
12.86,1578668
16.10,1577849
16.11,1573549
16.11,1573514
16.11,1572425
16.11,1570088
16.11,1567860
16.11,1564819
16.11,1563721
16.11,1559249
16.11,1555283
16.11,1538857
16.11,1527800
17.17,1522696
17.17,1521944
17.18,1514448
17.18,1509858
17.18,1509218
17.74,1503989
17.78,1503810
17.78,1494945
17.78,1494658
17.78,1494607
17.78,1494193
17.78,1491826
17.78,1488320
17.78,1485971
17.79,1483470
17.79,1481319
17.79,1480580
17.80,1472560
17.80,1466625
17.81,1466207
17.81,1465742
17.81,1465020
17.81,1463909
17.81,1463663
17.81,1463597
17.81,1463586
19.31,1460334
19.31,1458698
19.31,1446328
19.31,1443732
19.31,1442538
19.31,1433694
19.31,1433078
19.31,1428805
19.31,1421772
19.31,1421605
19.31,1420222
19.39,1419545
19.39,1415515
19.39,1413462
19.61,1413259
19.61,1412678
19.62,1398435
19.62,1396256
19.62,1393628
19.62,1392019
19.62,1390828
19.62,1387380
19.62,1387224
19.62,1382366
19.62,1380542
19.62,1375642
19.62,1369136
19.62,1367943
19.62,1367547
20.66,1363014
20.66,1361500
20.66,1359656
20.66,1358649
20.66,1357344
21.71,1354524
21.71,1352970
21.74,1351655
21.74,1351289
21.74,1347969
21.74,1346050
21.74,1340489
21.76,1340290
21.76,1336270
21.76,1334877
21.77,1334438
21.77,1327758
21.77,1324919
21.79,1316637
21.79,1315406
21.79,1314685
21.91,1312717
21.91,1311335
21.91,1310569
21.91,1309412
21.91,1302854
21.91,1302734
21.91,1301253
21.91,1300788
21.91,1299657
21.91,1299240
21.91,1295841
22.86,1291704
22.86,1289622
22.86,1289400
22.86,1287250
22.86,1287020
22.88,1285332
22.88,1284908
22.88,1283637
22.88,1282080
22.89,1278067
22.89,1273850
22.89,1272864
24.61,1272587
24.61,1270338
24.61,1269059
24.61,1268110
24.61,1267703
24.61,1266462
24.63,1265735
24.63,1262041
24.63,1256819
24.64,1254868
24.64,1254805
24.64,1250263
24.64,1242367
24.64,1239948
24.64,1238917
24.64,1235131
24.64,1234369
24.64,1234074
24.64,1233335
24.64,1231421
24.65,1231262
24.65,1229857
24.65,1228920
24.65,1228071
24.65,1228000
24.65,1223308
26.18,1207772
26.18,1204778
26.18,1200189
26.19,1200105
27.81,1196756
27.82,1195793
27.83,1192904
27.93,1192559
27.93,1164176
28.79,1162057
28.79,1161744
28.79,1160005
28.80,1157485
28.81,1155490
28.81,1155436
28.81,1153251
28.82,1150762
28.82,1149691
28.82,1147851
28.82,1145673
28.82,1144426
28.82,1139601
28.84,1139280
28.84,1133017
28.84,1132973
28.85,1132269
28.85,1127478
29.56,1124885
29.56,1124492
29.56,1120934
29.57,1120647
29.57,1118347
29.57,1117456
29.57,1117284
29.57,1115329
29.57,1113663
29.57,1112691
29.57,1111609
29.57,1110557
29.61,1110480
29.61,1109142
29.61,1109063
29.61,1105313
29.61,1105011
29.61,1103682
29.61,1102704
29.61,1101650
29.61,1101315
29.61,1099801
29.63,1099116
29.63,1095785
29.63,1093644
29.64,1091836
29.64,1087630
30.67,1086381
30.67,1084465
30.67,1079326
30.76,1079196
30.81,1074176
30.81,1073109
30.82,1072586
30.82,1070609
31.42,1068464
31.43,1063529
31.43,1062791
31.49,1059838
31.49,1056891
31.49,1055056
31.67,1053273
31.67,1053161
31.67,1052480
31.67,1052313
31.67,1051914
31.67,1049950
31.83,1047948
31.83,1046434
31.83,1044855
32.00,1042868
32.00,1042739
32.00,1039125
32.00,1037969
32.01,1036498
32.02,1034797
32.02,1034125
32.03,1033837
32.03,1032669
32.06,1031601
32.07,1031235
32.07,1029827
32.07,1029720
32.07,1026237
32.07,1025294
32.07,1024870
32.07,1024012
32.07,1023359
32.07,1022562
32.08,1022530
32.08,1022161
32.25,1021280
32.25,1021248
32.25,1020323
32.45,1019912
32.68,1019445
32.68,1017840
32.68,1017341
32.68,1015451
32.68,1014660
32.68,1014467
32.69,1013771
32.69,1009007
32.71,1006554
32.71,1005811
32.71,1001760
32.71,1000601
32.71,999060
32.71,998252
32.76,997394
32.76,997330
32.76,996530
32.76,992537
32.76,991608
32.76,991367
32.76,990368
32.76,985627
32.76,984943
32.76,979519
32.77,979031
34.23,976590
34.23,976577
34.23,975928
34.23,974808
34.23,974235
34.23,974221
34.45,972950
34.45,971942
34.45,969330
34.45,969254
34.45,966101
34.46,963955
34.47,963948
34.57,962889
34.57,961600
34.57,957707
34.57,955886
34.57,954593
34.57,953053
34.57,952314
36.96,950802
36.96,949666
36.96,949186
36.96,948546
36.96,948419
36.96,947253
36.96,944514
36.96,940556
36.96,938051
36.96,936685
36.96,934265
36.96,927275
36.96,926648
37.69,924317
37.69,923755
37.79,923639
37.82,923327
37.82,922042
37.82,921659
37.86,919893
37.86,918792
37.86,918208
38.20,917248
38.20,917055
38.22,916995
38.23,914723
38.23,913869
38.23,912788
38.24,911658
38.24,910039
38.26,906991
38.26,906438
38.66,902107
38.66,898559
38.66,893551
38.66,893434
38.66,893066
38.67,892283
38.67,890174
38.67,889781
38.67,889420
38.67,888779
38.67,888035
38.67,887801
38.73,886810
38.73,885792
38.73,885122
38.73,885032
38.74,880494
38.74,878877
38.74,875761
38.74,871163
39.12,868398
39.12,868369
39.12,866454
39.12,866373
39.12,866126
39.12,864440
39.12,862770
39.12,861791
39.12,861252
39.13,860670
39.13,860380
39.13,860357
39.13,860190
39.13,860039
39.15,856878
39.15,856406
39.18,854354
39.18,853611
40.45,850440
40.45,849087
40.46,848804
40.46,846859
40.46,846495
40.46,845977
42.35,844566
42.37,844469
42.37,842143
42.37,841225
42.37,840898
43.13,840005
43.13,836576
43.13,835355
43.13,832708
43.13,832020
43.15,830655
43.15,830336
43.15,830274
43.15,830137
43.15,830108
43.15,829742
43.15,828392
43.15,828317
43.16,827626
43.16,827594
43.16,826693
44.20,825965
44.20,824997
44.20,822795
44.20,821806
44.20,819909
44.21,819002
44.21,815426
44.26,812702
44.79,812614
44.79,812153
44.79,811093
44.79,810554
44.80,809209
44.80,808319
44.80,808071
45.00,807921
45.19,804627
45.19,803750
45.19,803745
46.16,803570
46.16,803527
46.16,803356
46.16,802303
46.19,801265
46.19,799258
46.19,796884
46.19,796033
46.23,795762
46.25,795241
46.25,794768
46.25,793280
46.25,791138
46.26,790572
46.57,790044
46.57,789361
46.58,787865
46.58,786612
46.58,786099
46.58,785764
46.67,785396
48.08,783620
48.08,783478
48.08,783151
48.09,782864
48.09,782858
48.09,781943
48.48,781743
48.48,781661
48.48,781580
48.49,780472
48.49,779965
48.49,779824
48.50,779075
48.50,778786
48.50,778106
48.50,778105
48.50,776698
48.50,776203
48.51,775955
48.53,775390
49.57,774988
49.57,774700
49.58,774175
49.58,773688
49.58,772388
49.58,772379
49.58,771774
49.58,771342
50.06,770681
50.06,770397
50.06,769282
50.06,768812
50.06,768729
50.07,768545
50.07,767052
50.08,765925
50.10,765330
50.11,762949
50.11,762359
50.11,761449
50.11,759275
50.12,758037
50.13,757934
50.14,757242
50.15,755331
50.15,755230
50.17,754579
50.27,753470
50.62,751604
50.62,751323
50.62,751129
50.67,750539
50.67,750471
50.68,750218
50.68,749726
50.68,749416
50.76,748937
50.76,747114
50.76,745996
51.45,745246
51.45,745243
51.45,744283
51.98,743624
51.98,743615
51.98,742480
51.98,742451
51.99,742297
51.99,741096
51.99,741029
51.99,740858
52.00,740796
52.00,740427
52.01,740077
52.01,740002
52.06,739305
52.07,738286
52.75,738223
52.75,737530
52.75,737362
52.75,734578
52.79,733181
52.79,732418
53.16,731417
53.17,730990
53.17,730176
53.19,727403
53.19,726780
53.19,726324
53.19,725799
53.19,725523
54.09,724794
54.09,723801
54.10,722038
54.13,722004
54.13,718288
55.48,717612
55.49,715786
55.49,715732
56.26,715159
56.63,715130
56.63,714234
56.63,713940
57.01,713536
57.15,713359
57.15,711248
57.16,710757
57.18,709914
57.18,709678
57.20,708986
57.20,708815
57.20,708809
57.21,707371
57.22,706533
57.26,706346
57.26,706307
57.63,704335
57.63,703549
57.65,703039
57.66,701695
57.67,700459
57.67,700193
57.67,699597
58.13,698697
58.13,698546
58.91,698410
58.91,698335
59.28,698096
59.28,697900
59.28,697058
59.32,696805
59.32,696771
59.32,695117
59.32,694430
59.33,693146
59.33,692992
59.37,692871
59.37,692838
59.39,692708
59.39,692345
59.39,691053
59.40,690884
60.28,690598
60.30,690208
60.68,690017
60.68,689604
61.89,688733
62.14,688604
62.15,688263
62.16,687419
62.16,687323
62.17,686893
62.18,685350
62.40,685022
62.40,684838
62.42,684320
62.42,684270
62.43,684063
62.43,684008
62.43,683830
62.43,683524
62.44,683442
62.44,682385
62.45,682171
62.48,681981
62.48,681821
62.49,681649
62.49,681298
62.50,681194
62.51,680246
62.51,679608
64.80,679326
64.81,679277
64.81,679240
64.82,678406
64.83,678293
64.85,678043
64.85,677477
64.88,677207
64.89,676811
64.91,676796
64.93,676599
65.50,675960
65.51,675794
66.80,675778
66.81,675545
66.90,675263
68.15,675167
68.20,674485
68.21,674414
68.21,673863
69.11,673768
69.12,673616
69.12,673535
69.14,673256
69.15,672518
69.20,672361
69.21,672243
69.34,671921
69.34,671863
69.43,671750
69.46,671663
69.47,671475
69.61,671245
69.61,671069
69.61,670805
69.62,670600
69.64,670303
69.64,669565
69.65,669550
69.65,669121
69.78,667103
69.78,666666
75.55,666375
75.58,666342
75.74,666150
75.75,666110
75.77,665724
75.87,665692
75.90,665592
75.94,665515
77.00,665447
77.02,665271
77.04,665205
77.06,665077
77.07,665028
77.08,664639
77.11,664314
77.11,663447
77.12,663370
77.36,662911
77.36,662794
78.21,662695
78.30,662684
79.56,662109
79.76,661554
79.86,661269
80.03,661204
81.28,661148
81.29,661120
81.30,661087
81.33,660925
81.37,660547
81.93,660019
85.62,659950
86.48,659946
86.55,659913
86.81,659866
86.82,659394
87.10,659350
87.42,659288
89.19,659266
89.39,659237
91.61,659227
91.65,659133
93.98,659071
98.28,659071
