0.06,7346804
0.07,7346502
0.08,7320267
0.08,7315499
0.08,7308959
0.08,7272457
0.08,7244104
0.08,7242749
0.09,7241712
0.09,7240985
0.09,7212294
0.09,7211947
0.09,7210705
0.09,7207088
0.09,7196055
0.09,7186085
0.09,7183338
0.09,7180827
0.09,7146605
0.09,7137819
0.09,7134511
0.09,7127056
0.09,7115632
0.09,7093255
0.09,7092188
0.09,7091996
0.09,7087862
0.09,7044305
0.09,7041391
0.09,7041319
0.09,7036753
0.09,6988483
0.09,6987469
0.09,6980128
0.09,6977916
0.09,6961112
0.09,6956859
0.10,6950107
0.10,6896749
0.10,6895560
0.10,6893522
0.10,6888872
0.10,6874505
0.10,6855070
0.10,6843006
0.10,6831484
0.10,6815527
0.10,6809557
0.10,6805282
0.10,6804735
0.10,6797182
0.10,6794848
0.10,6794674
0.10,6761705
0.10,6734556
0.10,6715092
0.10,6680460
0.10,6618034
0.10,6614827
0.10,6601635
0.10,6576376
0.10,6561269
0.10,6559674
0.10,6554755
0.10,6537375
0.10,6495238
0.11,6485074
0.11,6476399
0.11,6474893
0.11,6474156
0.11,6470831
0.11,6467077
0.11,6466767
0.11,6460922
0.11,6418214
0.11,6336850
0.11,6335960
0.11,6331898
0.11,6330529
0.11,6324671
0.11,6313144
0.11,6309614
0.11,6307901
0.11,6307526
0.11,6302705
0.11,6294979
0.11,6291961
0.11,6235997
0.11,6235615
0.11,6235059
0.11,6213825
0.11,6203736
0.11,6195490
0.11,6195287
0.11,6194806
0.11,6180140
0.11,6167021
0.11,6158312
0.11,6151261
0.11,6147674
0.11,6147306
0.11,6143561
0.11,6141378
0.11,6118174
0.11,6106075
0.11,6097306
0.11,6096734
0.11,6092487
0.12,6087783
0.12,6084991
0.12,6046907
0.12,6031232
0.12,6030037
0.12,6027351
0.12,6001552
0.12,6000801
0.12,5994694
0.12,5987206
0.12,5984782
0.12,5983325
0.12,5978561
0.12,5974153
0.12,5971856
0.12,5946442
0.12,5857613
0.12,5852351
0.12,5845387
0.12,5840874
0.12,5832387
0.12,5814494
0.12,5810307
0.12,5797112
0.12,5792827
0.12,5787680
0.12,5772589
0.12,5771301
0.12,5770453
0.12,5763152
0.12,5751559
0.12,5750975
0.12,5743096
0.12,5723968
0.12,5694033
0.12,5687994
0.12,5643382
0.12,5639642
0.12,5636604
0.12,5634909
0.12,5572588
0.13,5567283
0.13,5552355
0.13,5551084
0.13,5538276
0.13,5537491
0.13,5535421
0.13,5532182
0.13,5532077
0.13,5487156
0.13,5484606
0.13,5484444
0.13,5478108
0.13,5476623
0.13,5463532
0.13,5451531
0.13,5439967
0.13,5435223
0.13,5433866
0.13,5432263
0.13,5425852
0.13,5388275
0.13,5384635
0.13,5381164
0.13,5379418
0.13,5370072
0.13,5291310
0.13,5286969
0.13,5284467
0.13,5258210
0.13,5226732
0.13,5225861
0.13,5220262
0.13,5218525
0.13,5211254
0.13,5209690
0.14,5205577
0.14,5202813
0.14,5202243
0.14,5181144
0.14,5178996
0.14,5178493
0.14,5175203
0.14,5164092
0.14,5161954
0.14,5149671
0.14,5085480
0.14,5083718
0.14,5074202
0.14,5068922
0.14,5045839
0.14,5037252
0.14,4918572
0.14,4912722
0.14,4907829
0.14,4901904
0.14,4898645
0.14,4896882
0.14,4890812
0.14,4886100
0.14,4884324
0.14,4865412
0.14,4856538
0.14,4844233
0.14,4843694
0.14,4843020
0.14,4842481
0.14,4826651
0.14,4813819
0.14,4807349
0.14,4774281
0.14,4772318
0.14,4772009
0.15,4771061
0.15,4768939
0.15,4743911
0.15,4739083
0.15,4733916
0.15,4732499
0.15,4721386
0.15,4715027
0.15,4713921
0.15,4712353
0.15,4707104
0.15,4704331
0.15,4686502
0.15,4686083
0.15,4668877
0.15,4668533
0.15,4665875
0.15,4618968
0.15,4612787
0.15,4594323
0.15,4588712
0.15,4580100
0.15,4578356
0.15,4575943
0.15,4574873
0.15,4516472
0.15,4497708
0.15,4485515
0.15,4471692
0.15,4470583
0.15,4467101
0.15,4466578
0.15,4462418
0.15,4433199
0.15,4428314
0.15,4418360
0.15,4417233
0.15,4415169
0.15,4412388
0.15,4411642
0.16,4410382
0.16,4380066
0.16,4379526
0.16,4368932
0.16,4359522
0.16,4343682
0.16,4323657
0.16,4322437
0.16,4312683
0.16,4308954
0.16,4264044
0.16,4263812
0.16,4250533
0.16,4246478
0.16,4244409
0.16,4242598
0.16,4241453
0.16,4238433
0.16,4211115
0.16,4210862
0.16,4208391
0.16,4123921
0.16,4116999
0.16,4110748
0.16,4102323
0.16,4088274
0.16,4056702
0.16,4056356
0.16,4055304
0.17,4000034
0.17,3987494
0.17,3980518
0.17,3918866
0.17,3910159
0.17,3903760
0.17,3895962
0.17,3885895
0.17,3851810
0.17,3849124
0.17,3843447
0.17,3827330
0.17,3823254
0.17,3818991
0.17,3817766
0.17,3815629
0.17,3810477
0.17,3809669
0.17,3804487
0.17,3801957
0.17,3790984
0.17,3790786
0.17,3789076
0.17,3785722
0.17,3774623
0.17,3773407
0.17,3770578
0.17,3768190
0.17,3758413
0.17,3747910
0.17,3743963
0.17,3742554
0.17,3738428
0.17,3738094
0.17,3735042
0.17,3728015
0.17,3726271
0.18,3694959
0.19,3685410
0.19,3680223
0.19,3679058
0.19,3678796
0.19,3675753
0.19,3665689
0.19,3655430
0.19,3651885
0.19,3649884
0.19,3649284
0.19,3645795
0.19,3642834
0.19,3638642
0.19,3636615
0.19,3621705
0.20,3616992
0.20,3602219
0.20,3573499
0.20,3570597
0.20,3564967
0.20,3563711
0.20,3561508
0.20,3558209
0.20,3539326
0.20,3529175
0.20,3517845
0.20,3512284
0.20,3511774
0.21,3497636
0.21,3497397
0.21,3493771
0.21,3491373
0.21,3491076
0.21,3490577
0.21,3483147
0.21,3476846
0.21,3468434
0.21,3460845
0.21,3460523
0.21,3454965
0.21,3448659
0.21,3446507
0.21,3441290
0.21,3439407
0.21,3431928
0.21,3431386
0.21,3431085
0.21,3429426
0.21,3427543
0.21,3426279
0.21,3425957
0.21,3424047
0.21,3410066
0.21,3409954
0.21,3401139
0.21,3400451
0.21,3398705
0.21,3373498
0.21,3373428
0.21,3372855
0.21,3369750
0.21,3363228
0.21,3336939
0.21,3328060
0.21,3327807
0.21,3325207
0.21,3316975
0.21,3291705
0.21,3291336
0.21,3283312
0.21,3252978
0.21,3247590
0.22,3245406
0.22,3220687
0.22,3215825
0.23,3205501
0.23,3199418
0.23,3198594
0.23,3185257
0.23,3182780
0.23,3182242
0.23,3179091
0.23,3177102
0.24,3169610
0.24,3153705
0.24,3146658
0.24,3128494
0.24,3123620
0.25,3117477
0.25,3109892
0.25,3103999
0.25,3098691
0.25,3093019
0.25,3071185
0.27,3064247
0.27,3063713
0.27,3055535
0.27,3047727
0.29,3047022
0.29,3046776
0.29,3044936
0.29,3037370
0.29,3036429
0.29,3030370
0.29,3025993
0.29,3022648
0.29,3017480
0.29,3008277
0.30,3004194
0.30,2993977
0.30,2985375
0.30,2978601
0.30,2964586
0.30,2963103
0.30,2958589
0.31,2956983
0.31,2949032
0.31,2939668
0.31,2930099
0.31,2929007
0.31,2928551
0.31,2916303
0.31,2908625
0.31,2894731
0.31,2890004
0.31,2889071
0.33,2886599
0.33,2881465
0.33,2874948
0.33,2873381
0.33,2873303
0.33,2872203
0.33,2866876
0.33,2866475
0.33,2860294
0.33,2859220
0.33,2856997
0.33,2851675
0.33,2845530
0.34,2842407
0.34,2829767
0.34,2827669
0.34,2807004
0.37,2793624
0.37,2793266
0.38,2791202
0.38,2787878
0.43,2786883
0.43,2785755
0.43,2782278
0.43,2779919
0.43,2765019
0.43,2762827
0.43,2762789
0.43,2762713
0.43,2761586
0.43,2757113
0.43,2755385
0.43,2751770
0.43,2749953
0.43,2747005
0.43,2744278
0.43,2743312
0.43,2742800
0.44,2739856
0.44,2732056
0.44,2731681
0.44,2729116
0.44,2722559
0.44,2722132
0.44,2718054
0.44,2713083
0.44,2712893
0.44,2712503
0.44,2710765
0.44,2710628
0.44,2709999
0.55,2709877
0.55,2700768
0.55,2698940
0.55,2696786
0.60,2685714
0.60,2685707
0.60,2676877
0.60,2659332
0.60,2654453
0.60,2653920
0.60,2651940
0.60,2648750
0.60,2645204
0.60,2642844
0.60,2632801
0.68,2599674
0.68,2585969
0.82,2554501
0.82,2552993
0.84,2549402
0.84,2547833
0.84,2538908
0.84,2534322
0.84,2533256
0.85,2532292
0.85,2522488
0.85,2517599
0.85,2509846
0.85,2503872
0.85,2496288
0.85,2495541
0.85,2493878
0.85,2491096
0.85,2490686
0.85,2476871
0.87,2449147
0.87,2432982
0.87,2432423
0.87,2430950
0.87,2428864
0.87,2422750
0.87,2419769
0.90,2413045
1.21,2410475
1.21,2409343
1.21,2406803
1.21,2406124
1.21,2391598
1.27,2367868
1.28,2353807
1.28,2347778
1.67,2338518
1.67,2338464
1.67,2329345
1.67,2327846
1.79,2326134
1.79,2324643
1.79,2322090
1.79,2312069
1.79,2308887
1.79,2300444
1.79,2297405
1.79,2288192
1.79,2284493
3.64,2280842
3.64,2279120
3.64,2271830
3.64,2271345
3.64,2241513
3.64,2238108
4.43,2227680
4.43,2226759
4.44,2220154
4.44,2216464
4.44,2210121
4.44,2208512
4.44,2206129
4.44,2202945
4.44,2201994
4.44,2194503
4.44,2185668
4.44,2183132
4.66,2175638
4.66,2171135
4.76,2169817
4.76,2168108
4.81,2167406
4.81,2163031
4.81,2161527
4.81,2158748
4.81,2154244
4.81,2152478
4.81,2151318
4.94,2147828
4.94,2146104
4.94,2135881
4.96,2130327
4.96,2126433
5.65,2122700
5.65,2122648
5.65,2116958
5.66,2111679
5.66,2111021
5.66,2110416
5.66,2098876
5.66,2092737
5.66,2092516
5.66,2092133
5.66,2091429
5.66,2088429
5.66,2085862
5.66,2085338
5.66,2085300
6.75,2081264
6.75,2075936
6.75,2070483
6.75,2068372
6.75,2053917
6.75,2051300
6.75,2034894
6.75,2033054
6.75,2031985
6.75,2022220
6.75,2016554
6.75,2016406
6.75,2014864
6.76,2005878
6.99,2003835
6.99,1997312
6.99,1992576
6.99,1991209
6.99,1988162
6.99,1987654
6.99,1980278
6.99,1972558
6.99,1969257
7.16,1964217
7.16,1961964
7.16,1961959
7.16,1960997
7.16,1954547
7.16,1951371
7.16,1940385
7.16,1940209
7.16,1937927
7.16,1937371
7.16,1936990
7.16,1936273
7.16,1933041
7.16,1930811
7.16,1927278
8.94,1909081
9.47,1894982
9.47,1892277
9.47,1885889
9.65,1883702
9.65,1882935
9.67,1877028
9.67,1875797
9.67,1873325
9.67,1868917
9.67,1868239
9.67,1865261
9.67,1863199
10.30,1861711
10.30,1859309
10.30,1854715
10.30,1854559
10.30,1854232
10.30,1852906
10.30,1850938
10.30,1849284
10.35,1841173
10.35,1838766
10.35,1838396
10.78,1836756
10.78,1834669
10.78,1833920
10.78,1833074
10.78,1829584
11.06,1829145
11.07,1828385
11.07,1828326
11.07,1825625
11.07,1825248
11.22,1823341
11.22,1821842
11.22,1818297
11.26,1818033
11.34,1803469
11.34,1802809
11.34,1802134
11.34,1801226
11.34,1798891
11.62,1796354
11.62,1792794
11.62,1792026
11.62,1786249
11.62,1782151
11.62,1780708
11.62,1777303
11.62,1772717
11.62,1770930
11.62,1769931
11.76,1769107
11.84,1764280
11.84,1762380
11.84,1760088
11.84,1756813
11.85,1754153
11.86,1749288
12.04,1743098
12.04,1742236
12.04,1741197
12.04,1723083
12.04,1720709
12.83,1719582
12.83,1719133
12.83,1717548
12.83,1705355
12.83,1684897
12.83,1682825
12.83,1682577
12.83,1682095
12.83,1681530
12.83,1678022
12.83,1676267
12.83,1675144
12.83,1659897
12.83,1659365
12.83,1658709
12.83,1656832
12.84,1656185
12.84,1652196
13.21,1652118
13.21,1646998
13.76,1646385
13.76,1645710
13.77,1642336
13.77,1640478
14.98,1639250
14.98,1637915
14.98,1631267
14.98,1619591
14.98,1615305
15.53,1608831
15.53,1608082
15.54,1604565
15.54,1599434
15.54,1588120
15.54,1587407
15.54,1573792
15.54,1573674
15.54,1570845
15.54,1565157
15.55,1559470
15.55,1548024
16.81,1546568
16.81,1543979
16.81,1538688
16.85,1537607
16.85,1536621
16.85,1534691
16.98,1533769
16.98,1532736
16.98,1531619
16.98,1529996
16.98,1525992
16.98,1523554
17.15,1523549
17.15,1521629
17.15,1519352
17.15,1516746
17.15,1510705
17.15,1510492
17.15,1510152
17.15,1509373
17.15,1506470
17.15,1499657
17.15,1488572
17.15,1488244
17.19,1483874
17.20,1480420
17.20,1480020
17.27,1477430
17.27,1475354
17.27,1475142
17.27,1474835
17.28,1469383
17.29,1468234
17.29,1466734
17.29,1462968
17.29,1458573
17.79,1455133
17.79,1446867
17.79,1446085
17.79,1440516
17.79,1438005
17.79,1432685
17.79,1430927
17.79,1428741
17.79,1428606
17.79,1419441
17.79,1417537
17.79,1416505
17.79,1415467
17.80,1414971
17.90,1411116
17.90,1404062
20.74,1400841
20.75,1399873
20.75,1398263
20.75,1397641
20.75,1393750
20.75,1393023
20.75,1391938
20.75,1390141
20.75,1389746
20.75,1381822
20.83,1373689
20.83,1373088
20.83,1369161
20.83,1368018
20.84,1364844
20.84,1357124
20.84,1355880
20.84,1355232
20.84,1355005
20.84,1350914
21.44,1341947
21.44,1340609
21.44,1332839
21.44,1331287
21.44,1329864
21.44,1328272
21.57,1327731
21.57,1324444
21.57,1323612
21.57,1322088
21.57,1321814
21.57,1320704
21.57,1320241
21.57,1318982
21.57,1316534
23.30,1314640
23.30,1313904
23.30,1313886
23.30,1313868
23.31,1311477
23.39,1306139
23.39,1304641
23.39,1304612
23.39,1304175
24.02,1298324
24.02,1298259
24.36,1297517
24.36,1296213
24.36,1295685
24.36,1291112
24.36,1289644
24.36,1289105
24.36,1287189
24.36,1287087
24.39,1286334
24.39,1286256
24.39,1277286
24.39,1276516
24.39,1273965
24.40,1272470
24.40,1269168
24.45,1267072
24.51,1266407
24.77,1263972
24.77,1263633
25.04,1258373
25.17,1251735
25.17,1251425
25.21,1250633
25.21,1250605
25.21,1250381
25.21,1246959
25.21,1243234
25.21,1237927
25.21,1235728
25.21,1233543
25.21,1232712
25.21,1231995
25.21,1231798
25.21,1228027
25.21,1227089
25.21,1227031
25.21,1225329
25.21,1214869
26.00,1213543
26.00,1213535
26.00,1212577
26.00,1212566
26.00,1212557
26.00,1212413
26.00,1208859
26.01,1208637
26.01,1206964
26.24,1205111
26.25,1203049
26.25,1200339
26.25,1198825
26.25,1196786
26.30,1194642
26.47,1184536
26.47,1183605
26.47,1180531
26.47,1179453
26.47,1179035
26.47,1170933
26.49,1168716
26.49,1166102
26.49,1165535
26.49,1162090
27.42,1161276
27.42,1159042
27.65,1158542
27.66,1150491
27.66,1149529
27.66,1149087
27.66,1149071
29.39,1144059
29.39,1141812
29.39,1136160
29.39,1128520
29.39,1127519
29.39,1126775
29.39,1124827
29.39,1123516
29.39,1122686
29.39,1121735
29.39,1116569
29.39,1116515
29.39,1113772
29.39,1109277
29.39,1108976
29.39,1105731
29.43,1105585
29.43,1105019
29.44,1103052
29.44,1102581
29.44,1101231
29.44,1096766
29.44,1092983
29.44,1091826
29.44,1090977
29.44,1089470
31.06,1086447
31.06,1080268
31.06,1079096
31.06,1078505
31.13,1078475
31.13,1076132
32.09,1075936
32.09,1075319
32.09,1071511
32.09,1069396
32.10,1068120
32.25,1065923
32.25,1065616
32.25,1061927
32.29,1061788
32.29,1061700
32.29,1057762
32.66,1057081
32.66,1056748
32.66,1056517
32.66,1055798
32.66,1055792
32.66,1055687
32.66,1054577
32.67,1054571
32.67,1054148
32.68,1054139
32.68,1053416
32.68,1052870
32.68,1050414
32.68,1048974
32.82,1048018
32.82,1047910
32.83,1047788
32.83,1045355
32.83,1041158
32.83,1039173
32.83,1038082
32.83,1034108
32.84,1033287
32.84,1033059
32.84,1030805
32.84,1028810
32.84,1026880
32.84,1025359
32.84,1025291
32.84,1024478
32.84,1022827
32.84,1021116
32.84,1020672
32.84,1018978
32.84,1018869
32.84,1018641
32.84,1018558
32.86,1018547
32.86,1018363
32.86,1012288
32.86,1010289
32.86,1009487
32.86,1008946
32.86,1004834
32.86,1002716
32.86,1002275
32.86,1002141
32.86,997935
33.35,997155
33.35,991045
33.35,989712
33.35,988765
33.35,987638
33.36,987486
33.36,986410
33.36,985900
33.36,985736
33.36,984596
33.36,983708
33.36,981690
34.66,981688
34.66,980772
34.66,980065
34.66,979571
34.86,977165
34.89,976901
34.89,975958
34.89,975888
34.89,975198
34.89,974038
34.89,972674
34.96,967259
34.96,966792
34.96,965633
34.96,964870
34.96,964744
34.96,959909
34.97,956836
34.97,956615
34.97,955984
34.97,953317
35.07,952773
35.07,950956
35.07,950128
35.07,948040
35.07,946465
35.12,946367
35.12,945627
35.12,943990
35.12,939214
35.12,938367
35.12,937605
35.30,937421
35.32,936318
35.32,936215
35.32,930992
35.32,929325
35.32,928988
35.32,926692
35.33,925820
35.33,924537
35.33,924394
35.33,917720
35.33,912776
35.34,908462
35.34,907346
35.34,904836
35.34,904061
35.34,903245
35.34,900409
35.34,899525
35.35,897237
35.35,897032
35.35,896363
35.35,894725
35.35,892058
35.35,891415
35.36,889867
39.17,883271
39.17,882151
39.17,882145
39.18,881967
39.20,881281
39.20,878290
39.46,876332
39.46,872398
39.46,872237
39.47,871375
39.47,870354
39.47,868817
39.47,867835
39.47,865528
39.47,865116
41.19,862877
42.07,861864
42.08,861397
42.08,861286
42.08,861089
42.08,860551
42.08,859696
42.08,859673
42.09,859620
42.09,856410
42.09,855555
42.09,855184
42.10,850292
42.10,845622
42.11,845325
42.11,845201
42.37,843112
42.37,842138
42.37,842056
42.37,841632
42.37,839941
42.38,839918
42.38,835763
42.57,834401
42.57,833524
42.58,833305
42.78,831503
43.10,829927
43.10,829869
43.10,828490
43.10,825789
43.10,824513
43.11,823868
45.19,823256
45.19,822253
45.19,822170
45.19,819771
45.28,819180
45.28,814953
45.28,814255
45.28,813977
45.49,813602
45.49,813046
45.49,812705
45.49,812210
45.50,812060
45.50,811974
45.50,810531
45.50,810390
45.58,809696
45.58,808835
45.58,808666
45.59,808565
45.59,808415
45.59,802963
45.59,801971
45.68,800627
45.68,800426
45.69,800043
45.69,799745
45.69,798389
45.69,794998
45.69,794686
45.70,794469
45.70,793879
45.70,792553
45.70,792483
45.70,792072
45.70,791190
45.71,790880
45.72,790538
47.50,789978
47.50,787147
47.50,787000
47.50,786971
47.51,786090
47.51,785947
47.51,785361
48.74,785005
48.74,782815
48.89,782425
48.89,778339
48.89,777665
48.90,776372
48.90,776365
48.90,776302
48.91,774575
48.91,774295
48.91,773921
48.91,773514
48.93,773363
48.93,771562
48.93,770095
48.99,769568
48.99,769523
48.99,769502
48.99,768767
48.99,767859
49.00,767484
49.00,763751
49.00,761867
49.04,761516
51.51,760930
51.52,760834
51.52,760193
51.52,759904
51.52,759127
51.53,759012
52.55,758390
52.56,757893
52.56,757501
52.56,757314
52.57,753089
52.57,752301
52.61,751675
52.61,750146
52.61,749751
52.62,749216
52.62,748809
52.62,747304
52.62,747255
52.62,746850
52.62,745805
52.63,744839
52.63,744509
52.63,742799
52.65,741335
52.67,741171
52.67,740579
52.67,740373
52.67,739880
52.67,739616
52.84,737534
52.86,737493
52.87,734320
52.87,733411
52.87,733404
55.35,731881
55.37,731778
55.37,731537
55.38,731004
55.38,729898
55.38,728444
55.38,726791
56.05,726724
56.05,726696
56.05,726400
56.05,726300
56.06,726271
56.06,725938
56.07,725435
56.07,725012
56.07,724996
56.07,724042
56.24,723267
56.24,721060
56.26,720951
56.26,720932
56.27,720819
56.28,720796
56.28,720661
56.29,720225
56.29,719935
56.29,719336
56.29,719145
57.96,718840
57.97,717983
57.97,717961
57.97,717514
58.02,717394
58.03,716398
58.05,716311
59.04,715975
59.04,714500
59.05,714429
59.05,713817
59.06,713287
59.06,712908
59.15,712578
60.57,712561
60.58,712415
60.59,711290
60.59,711121
60.93,710539
60.94,708828
61.03,708377
61.21,706969
61.24,706599
61.26,706450
61.28,705783
61.28,705634
61.29,705450
61.32,705212
61.32,704960
61.40,704372
61.40,704224
61.40,703886
61.42,703796
61.43,703743
61.43,703666
61.44,703107
61.62,703080
61.63,702406
61.64,702299
62.29,701945
62.32,701805
62.33,701691
62.34,701428
62.38,701086
62.38,700672
62.38,700505
62.41,699377
62.42,699140
64.07,698787
64.08,698463
64.08,697315
64.09,697191
64.24,696991
64.27,696871
64.27,695614
64.37,695165
64.37,694974
64.37,694963
64.40,694962
64.40,694939
65.45,694442
65.45,693863
65.45,693678
65.47,693591
65.47,693415
65.48,693253
65.48,692830
65.49,692705
65.51,691629
65.93,691589
65.96,691572
67.20,691355
67.22,691305
67.22,691028
67.22,690640
67.22,690624
67.25,690407
67.25,690384
67.25,690075
67.34,690068
67.35,690038
67.43,689931
67.44,689762
67.46,688933
67.86,688471
67.87,688226
67.87,688106
67.88,688017
67.88,687235
67.88,687089
67.94,686958
67.97,686636
67.98,686527
67.98,685335
67.98,685244
68.00,685072
68.07,684914
68.13,684531
68.22,683948
68.22,683837
68.35,683824
68.35,683580
68.35,683308
68.36,682956
68.73,682490
68.76,681490
68.84,681248
68.86,680896
68.86,680636
68.87,680520
68.90,680257
68.90,680237
68.91,680209
68.91,679509
68.92,679054
69.10,678570
69.11,678316
69.13,678041
69.13,678039
69.13,677959
69.14,677450
69.18,677263
69.18,677238
69.81,677206
69.82,677172
69.84,677136
69.85,677090
69.97,676801
70.68,676532
70.68,676487
70.81,676482
70.82,676443
71.26,676151
71.26,675317
77.23,675295
77.36,675055
77.36,674969
77.47,673887
77.51,673869
78.37,673763
78.44,673486
78.46,673371
78.47,673310
78.48,673063
78.52,673031
79.03,672731
79.12,672462
79.16,672245
79.41,672107
79.42,672045
80.02,671962
80.03,671809
80.04,671790
81.49,671445
83.12,671289
83.14,671174
83.32,670990
83.33,670506
83.41,670315
83.44,670286
83.48,669181
83.51,669097
87.76,669094
87.82,668964
87.87,668898
87.88,668869
87.90,668806
87.90,668745
88.08,668715
89.76,668709
98.52,668698
100.21,668499
100.47,668454
101.22,668392
101.61,668392
