0.01,6979102
0.01,6972873
0.01,6968987
0.01,6948411
0.01,6948157
0.01,6940727
0.02,6939889
0.02,6935969
0.02,6934827
0.02,6924768
0.02,6916297
0.02,6915176
0.02,6903840
0.02,6901322
0.02,6900457
0.02,6886563
0.02,6868238
0.02,6867503
0.02,6859175
0.02,6857208
0.02,6854309
0.02,6853831
0.02,6850518
0.02,6850433
0.02,6820412
0.02,6815608
0.02,6805026
0.02,6803229
0.02,6798818
0.02,6773876
0.02,6769826
0.02,6702553
0.02,6702457
0.02,6695473
0.02,6689463
0.02,6677612
0.02,6674421
0.02,6673156
0.02,6654211
0.03,6632584
0.03,6595282
0.03,6584128
0.03,6576968
0.03,6550088
0.03,6539452
0.03,6537208
0.03,6529695
0.03,6523665
0.03,6521156
0.03,6520488
0.03,6508007
0.03,6494780
0.03,6486239
0.03,6481385
0.03,6475272
0.03,6462940
0.03,6434191
0.03,6430762
0.03,6426824
0.03,6419745
0.03,6418442
0.03,6410052
0.03,6393256
0.04,6392856
0.04,6392790
0.04,6390257
0.04,6380129
0.04,6377558
0.04,6369139
0.04,6366773
0.04,6357281
0.04,6351145
0.04,6311239
0.04,6298514
0.04,6297728
0.05,6295823
0.05,6234859
0.05,6219903
0.05,6219675
0.05,6209011
0.05,6199510
0.05,6160530
0.05,6157448
0.05,6156020
0.05,6141114
0.05,6134202
0.05,6119157
0.05,6083475
0.05,6079051
0.05,6069367
0.05,6066320
0.05,6058071
0.05,6047682
0.05,6043087
0.05,6031612
0.05,6024058
0.05,6007598
0.05,6001204
0.05,5985880
0.05,5983383
0.05,5880561
0.05,5874332
0.05,5866832
0.05,5860624
0.05,5854304
0.05,5792756
0.05,5787408
0.05,5767751
0.05,5767733
0.06,5765760
0.06,5760713
0.06,5739517
0.06,5725078
0.06,5724233
0.06,5714458
0.06,5712864
0.06,5712336
0.06,5710042
0.06,5691903
0.06,5689505
0.06,5674349
0.06,5672637
0.06,5671482
0.06,5540852
0.06,5538179
0.06,5505225
0.06,5490203
0.06,5487623
0.06,5486830
0.06,5485023
0.06,5484828
0.06,5482157
0.06,5481150
0.06,5479847
0.06,5478289
0.06,5471640
0.06,5445425
0.06,5407286
0.06,5387708
0.06,5355274
0.06,5355168
0.06,5334643
0.06,5334160
0.06,5329741
0.06,5329523
0.06,5311223
0.06,5307027
0.06,5276540
0.06,5275869
0.06,5272159
0.06,5254757
0.06,5252161
0.06,5185870
0.06,5185513
0.06,5182006
0.06,5179923
0.06,5172065
0.07,5157366
0.07,5156261
0.07,5139800
0.07,5134268
0.07,5129636
0.07,5117639
0.07,5109452
0.07,5092979
0.07,5090177
0.07,5090171
0.07,5089405
0.07,5087023
0.07,5070305
0.07,5063652
0.07,5056879
0.07,5056623
0.07,5051356
0.07,5050820
0.07,5049415
0.07,5049102
0.07,5040427
0.07,4996217
0.07,4992178
0.07,4987585
0.07,4984133
0.07,4972554
0.07,4972398
0.07,4963287
0.07,4962329
0.07,4962174
0.07,4961508
0.07,4954379
0.07,4938179
0.07,4937792
0.07,4808700
0.07,4802143
0.07,4800153
0.07,4795984
0.07,4795827
0.07,4788259
0.07,4787879
0.07,4745726
0.07,4743960
0.07,4740245
0.07,4732319
0.07,4731990
0.07,4723040
0.07,4722522
0.07,4719484
0.08,4719173
0.08,4705549
0.08,4700778
0.08,4700624
0.08,4700416
0.08,4699479
0.08,4697268
0.08,4696193
0.08,4691600
0.08,4684073
0.08,4682754
0.08,4682694
0.08,4656174
0.08,4655792
0.08,4654432
0.08,4643307
0.08,4639789
0.08,4626510
0.08,4619932
0.08,4576499
0.08,4553005
0.08,4513599
0.08,4511582
0.08,4510791
0.08,4501155
0.08,4500467
0.08,4499755
0.08,4496679
0.08,4487231
0.08,4478206
0.08,4475722
0.08,4465608
0.08,4465009
0.08,4463443
0.08,4449321
0.08,4449290
0.08,4444061
0.08,4437933
0.08,4427498
0.08,4413379
0.08,4412391
0.08,4410610
0.08,4366050
0.08,4359872
0.08,4282635
0.08,4246545
0.08,4246449
0.08,4240919
0.08,4238254
0.08,4235574
0.08,4235206
0.08,4232065
0.08,4224605
0.08,4222179
0.09,4200869
0.09,4196055
0.09,4195704
0.09,4194673
0.09,4193954
0.09,4188811
0.09,4184421
0.09,4175378
0.09,4172293
0.09,4171106
0.09,4169588
0.09,4167397
0.09,4127702
0.09,4113496
0.09,4106518
0.09,4103731
0.09,4095303
0.09,4094884
0.09,4092362
0.09,4090524
0.09,3997959
0.09,3992485
0.09,3991555
0.09,3975822
0.09,3972855
0.09,3960202
0.09,3954837
0.09,3948667
0.09,3948445
0.09,3925641
0.09,3916721
0.09,3915693
0.09,3911768
0.09,3910802
0.09,3898851
0.09,3880655
0.09,3879993
0.09,3868754
0.09,3865476
0.09,3801662
0.09,3769807
0.09,3763696
0.09,3759468
0.09,3749931
0.09,3749099
0.09,3746096
0.10,3745512
0.10,3737201
0.10,3736646
0.10,3733199
0.10,3732505
0.10,3710627
0.10,3710259
0.10,3709125
0.10,3707124
0.10,3697030
0.10,3694921
0.10,3694909
0.10,3669882
0.10,3642601
0.10,3642342
0.10,3624016
0.10,3617108
0.10,3602163
0.10,3570161
0.10,3564230
0.10,3562980
0.10,3560581
0.10,3559331
0.10,3557030
0.10,3556479
0.10,3535382
0.10,3534894
0.10,3534338
0.10,3517145
0.10,3511118
0.10,3510838
0.10,3508849
0.10,3505797
0.10,3503018
0.10,3492199
0.11,3489164
0.11,3485230
0.11,3485112
0.11,3477991
0.11,3460643
0.11,3454716
0.11,3443879
0.11,3442207
0.11,3369663
0.11,3369650
0.11,3368358
0.11,3341582
0.11,3341057
0.11,3319147
0.11,3315963
0.11,3304148
0.11,3304070
0.11,3299287
0.11,3296293
0.11,3267792
0.11,3247915
0.11,3247628
0.11,3243912
0.11,3239580
0.11,3228434
0.11,3204485
0.11,3204150
0.11,3195908
0.11,3195312
0.11,3193684
0.11,3193097
0.11,3192674
0.12,3191681
0.12,3190683
0.12,3189091
0.12,3189026
0.12,3187714
0.12,3163346
0.12,3163008
0.12,3155501
0.12,3150805
0.12,3149389
0.12,3145384
0.12,3135208
0.12,3134839
0.12,3134719
0.12,3124478
0.12,3113234
0.12,3111777
0.12,3106427
0.12,3106374
0.12,3101246
0.12,3100316
0.12,3098877
0.12,3098559
0.12,3078062
0.12,3070463
0.12,3069608
0.12,3057891
0.12,3055823
0.12,3055758
0.12,3055281
0.13,2975169
0.13,2971766
0.13,2967990
0.13,2963217
0.13,2961568
0.13,2918290
0.13,2900163
0.13,2892156
0.13,2891465
0.13,2890171
0.13,2889786
0.13,2886470
0.13,2885117
0.13,2876930
0.13,2874868
0.13,2874101
0.13,2873699
0.13,2853229
0.13,2839693
0.13,2832622
0.13,2832026
0.13,2826749
0.13,2826470
0.13,2821163
0.13,2819096
0.13,2818485
0.14,2816204
0.14,2814642
0.14,2809783
0.14,2809552
0.14,2806990
0.14,2798090
0.14,2755181
0.14,2754057
0.14,2753812
0.14,2746746
0.14,2742118
0.14,2721614
0.14,2720989
0.14,2700040
0.14,2699973
0.14,2682800
0.14,2681820
0.14,2681521
0.14,2677903
0.14,2676439
0.14,2676349
0.14,2642572
0.14,2642279
0.14,2641922
0.14,2623417
0.15,2614262
0.15,2605041
0.15,2595478
0.15,2594069
0.15,2592571
0.15,2592285
0.15,2588053
0.15,2586378
0.15,2585999
0.15,2530514
0.15,2529591
0.15,2469598
0.15,2468607
0.15,2434833
0.15,2429411
0.15,2424151
0.15,2421487
0.15,2418807
0.15,2412924
0.15,2411067
0.15,2409646
0.15,2402690
0.15,2398138
0.15,2394425
0.15,2394050
0.15,2394018
0.15,2393818
0.15,2389591
0.15,2383020
0.15,2378143
0.16,2378133
0.16,2371834
0.16,2366022
0.16,2357375
0.16,2355267
0.16,2354189
0.16,2354073
0.16,2346389
0.16,2345787
0.16,2343949
0.16,2338968
0.16,2334868
0.16,2332318
0.16,2331938
0.16,2330707
0.16,2322929
0.16,2322071
0.16,2321879
0.16,2319503
0.16,2312594
0.16,2293868
0.16,2292115
0.16,2291124
0.16,2290963
0.16,2273687
0.16,2268677
0.16,2267322
0.16,2264103
0.16,2262007
0.16,2260220
0.16,2259949
0.17,2259944
0.17,2259858
0.17,2257271
0.17,2255972
0.17,2255461
0.17,2248739
0.17,2248737
0.17,2247240
0.17,2240812
0.17,2240132
0.17,2239013
0.17,2238884
0.17,2236645
0.17,2234436
0.17,2234360
0.17,2231217
0.17,2230774
0.17,2224932
0.17,2224629
0.17,2220860
0.18,2215932
0.18,2211869
0.18,2205105
0.18,2202473
0.18,2200139
0.18,2199980
0.18,2199243
0.18,2199080
0.18,2198576
0.18,2197078
0.18,2194848
0.19,2194497
0.19,2194491
0.19,2193101
0.19,2191926
0.19,2172280
0.19,2159899
0.19,2158453
0.19,2151062
0.19,2136691
0.19,2109551
0.19,2109398
0.19,2085180
0.19,2077448
0.19,2077371
0.19,2077230
0.19,2077179
0.19,2076813
0.19,2076425
0.19,2076244
0.19,2072369
0.20,2065552
0.20,2061769
0.20,2014504
0.20,2013762
0.20,2010448
0.20,2010373
0.20,2010334
0.20,2010288
0.20,2010215
0.20,2003959
0.20,2001129
0.20,1998623
0.20,1998389
0.21,1989000
0.21,1988950
0.21,1980069
0.21,1980010
0.21,1979995
0.21,1978506
0.21,1977916
0.21,1976061
0.21,1975894
0.21,1975143
0.21,1972394
0.21,1909169
0.21,1909081
0.21,1907782
0.21,1907452
0.21,1905918
0.21,1904960
0.22,1904480
0.22,1904001
0.22,1901542
0.22,1899892
0.22,1899829
0.22,1895966
0.22,1888513
0.22,1888065
0.22,1887104
0.22,1883619
0.23,1883013
0.23,1883001
0.23,1881841
0.23,1880789
0.23,1876109
0.23,1827543
0.23,1824406
0.23,1816513
0.23,1782674
0.23,1780648
0.23,1780546
0.23,1731223
0.23,1729343
0.23,1728293
0.23,1696164
0.24,1693529
0.24,1693330
0.24,1692260
0.24,1688881
0.24,1688726
0.24,1682356
0.24,1675433
0.24,1674190
0.24,1674016
0.25,1673584
0.25,1672628
0.25,1670335
0.25,1668886
0.25,1663054
0.25,1659964
0.26,1659544
0.26,1659266
0.26,1659142
0.26,1658503
0.26,1605940
0.26,1604803
0.26,1594648
0.26,1592605
0.26,1591785
0.26,1589553
0.26,1578094
0.26,1576310
0.26,1576022
0.26,1574427
0.26,1571704
0.27,1571445
0.27,1570552
0.27,1548738
0.27,1524577
0.27,1516080
0.27,1514488
0.27,1510808
0.27,1508969
0.27,1508952
0.28,1507150
0.28,1501608
0.28,1501605
0.28,1501382
0.28,1500554
0.28,1500517
0.28,1499853
0.28,1497186
0.28,1496326
0.28,1491636
0.28,1486250
0.29,1486121
0.29,1484243
0.29,1481848
0.29,1480739
0.29,1480397
0.29,1480387
0.29,1479936
0.29,1479906
0.30,1479742
0.30,1475302
0.30,1470244
0.30,1470194
0.30,1469162
0.30,1447614
0.30,1442684
0.30,1423411
0.30,1421922
0.30,1421740
0.31,1421300
0.31,1420491
0.31,1420176
0.31,1417543
0.31,1404747
0.31,1404107
0.31,1403121
0.32,1397768
0.32,1396978
0.32,1390496
0.32,1388851
0.32,1388206
0.33,1386499
0.33,1382475
0.34,1382041
0.34,1371704
0.34,1371122
0.34,1368412
0.34,1367186
0.34,1366883
0.35,1360146
0.35,1355411
0.35,1355271
0.35,1354025
0.35,1353980
0.35,1352087
0.35,1350720
0.35,1349721
0.36,1348726
0.36,1347277
0.36,1346162
0.36,1329467
0.36,1324775
0.36,1313831
0.36,1312131
0.36,1298582
0.37,1296752
0.37,1293361
0.37,1292778
0.37,1291738
0.37,1279169
0.37,1279052
0.37,1278924
0.37,1278859
0.37,1220945
0.37,1220727
0.38,1219109
0.38,1219038
0.38,1217482
0.38,1217365
0.38,1215214
0.38,1214176
0.39,1208423
0.39,1207567
0.39,1207496
0.39,1206639
0.39,1204517
0.39,1203950
0.39,1203927
0.39,1174335
0.39,1172743
0.40,1171344
0.40,1170485
0.40,1164725
0.41,1157800
0.41,1155624
0.41,1152813
0.41,1150780
0.41,1147063
0.41,1145901
0.41,1145825
0.41,1143704
0.41,1142765
0.42,1142647
0.42,1142200
0.42,1139091
0.42,1138913
0.42,1133765
0.43,1132093
0.43,1130805
0.44,1119225
0.44,1118790
0.44,1118614
0.44,1116228
0.44,1116223
0.44,1116122
0.44,1111504
0.45,1109529
0.45,1104782
0.45,1102512
0.45,1102038
0.45,1100961
0.45,1100922
0.45,1097887
0.46,1097620
0.46,1097199
0.47,1095597
0.47,1095492
0.47,1075182
0.48,1075038
0.48,1072374
0.48,1072238
0.49,1070931
0.49,1070817
0.49,1070649
0.49,1069385
0.49,1068734
0.49,1055370
0.50,1054647
0.50,1053409
0.50,1053311
0.51,1052940
0.51,1051618
0.51,1051408
0.51,1047924
0.51,1046937
0.51,1045953
0.52,1045058
0.52,1044565
0.53,1042685
0.53,1039808
0.54,1036004
0.54,1035459
0.55,1034971
0.55,1029896
0.56,1029699
0.56,1026898
0.56,1024556
0.56,1023441
0.56,1023158
0.57,1022841
0.57,1022769
0.57,1022692
0.58,1015371
0.58,1014016
0.58,1011177
0.58,1008660
0.59,1003692
0.59,1002105
0.59,1001756
0.59,995356
0.59,994861
0.59,994405
0.60,994216
0.60,993093
0.60,992368
0.60,991372
0.60,988497
0.60,987885
0.60,987515
0.61,987031
0.61,986962
0.62,984549
0.62,984545
0.62,984539
0.63,984346
0.63,983767
0.63,983684
0.63,983004
0.64,981421
0.64,975896
0.64,959036
0.65,951951
0.66,951782
0.67,950925
0.68,950908
0.68,950100
0.68,949983
0.69,948373
0.69,947212
0.69,946664
0.69,943880
0.70,942440
0.70,935460
0.71,934919
0.72,934708
0.73,931458
0.74,930957
0.74,930682
0.75,926596
0.75,926169
0.75,915077
0.75,914544
0.76,914360
0.76,912428
0.76,912192
0.76,912083
0.77,911690
0.77,911373
0.78,909840
0.78,909487
0.78,908953
0.78,907998
0.78,906917
0.78,905344
0.79,890829
0.79,890751
0.79,890479
0.79,889782
0.79,889689
0.80,889129
0.80,868245
0.80,866518
0.80,861779
0.81,861656
0.81,850814
0.81,850774
0.81,846298
0.82,845048
0.82,844399
0.82,842535
0.82,841502
0.83,840267
0.84,839687
0.84,829478
0.85,828660
0.85,828423
0.87,828182
0.87,826384
0.87,825833
0.87,822623
0.87,821765
0.88,820507
0.89,820218
0.89,819060
0.90,817813
0.90,817079
0.90,817040
0.90,817038
0.92,816967
0.92,816915
0.93,816428
0.93,814852
0.94,814028
0.94,814027
0.95,814023
0.95,809966
0.96,809534
0.97,808825
0.97,807890
0.97,807682
0.98,807187
0.98,806912
0.98,806064
0.99,805729
1.00,805133
1.00,804375
1.00,802959
1.01,802930
1.02,802639
1.02,802187
1.02,801080
1.03,801018
1.03,800566
1.04,782476
1.08,780590
1.09,780234
1.09,780152
1.10,778712
1.10,776230
1.12,771658
1.12,770808
1.12,769230
1.15,768492
1.19,768472
1.19,767734
1.19,764745
1.21,762774
1.23,762321
1.23,757139
1.24,756498
1.25,756270
1.25,754927
1.26,754336
1.27,753454
1.31,753396
1.32,752222
1.32,752039
1.35,751817
1.36,750508
1.37,742243
1.37,738211
1.38,737883
1.40,736392
1.42,736306
1.47,735568
1.48,735118
1.50,733855
1.51,733810
1.51,733631
1.51,732805
1.53,732797
1.53,731922
1.54,721959
1.55,721796
1.56,721775
1.56,721433
1.56,720559
1.65,720495
1.67,720218
1.68,718865
1.69,718719
1.69,717224
1.69,717217
1.70,717185
1.72,716656
1.73,715726
1.73,715549
1.74,715071
1.74,714952
1.83,714552
1.85,712322
1.88,711965
1.89,710636
1.90,710578
1.90,709585
1.95,709485
1.97,709329
1.99,708450
2.01,708202
2.05,707919
2.11,707888
2.14,707723
2.16,707723
2.17,703580
2.22,702979
2.22,702957
2.24,702935
2.26,702536
2.38,702492
2.39,701973
2.44,701595
2.44,701056
2.44,698362
2.47,697151
2.50,696979
2.51,696800
2.51,695005
2.55,694969
2.59,694427
2.60,694215
2.64,692831
2.64,691792
2.67,690983
2.81,688777
2.83,688488
2.85,687417
2.85,685758
2.86,684504
2.88,684341
2.88,683775
2.89,683553
2.91,683467
2.92,683126
3.04,682240
3.11,682206
3.12,682206
3.13,681715
3.14,681547
3.28,681121
3.31,681046
3.69,681032
3.70,680409
3.79,677731
3.96,677367
4.27,677334
150.28,677021
150.35,676281
150.41,676210
152.80,675930
152.82,675930
152.85,675309
152.89,675307
337.76,674908
337.84,674390
337.97,674322
338.46,673723
338.61,673405
339.25,673012
341.78,667443
341.81,667443
341.82,666131
342.26,666105
