0.06,6943447
0.07,6938415
0.07,6909950
0.07,6908544
0.07,6886229
0.07,6829862
0.07,6827930
0.07,6816443
0.07,6804334
0.07,6799141
0.07,6794698
0.08,6778553
0.08,6771250
0.08,6726730
0.08,6711737
0.08,6705087
0.08,6684433
0.08,6682856
0.08,6675687
0.08,6663559
0.08,6662410
0.08,6657420
0.08,6648996
0.08,6647318
0.08,6637092
0.08,6626151
0.08,6622272
0.09,6612354
0.09,6611131
0.09,6609204
0.09,6595993
0.09,6595549
0.09,6558527
0.09,6552118
0.09,6523625
0.09,6521116
0.09,6520598
0.09,6519825
0.09,6518497
0.09,6510328
0.09,6509589
0.09,6505176
0.09,6414228
0.09,6400880
0.09,6397691
0.09,6392171
0.09,6310616
0.09,6306865
0.09,6283258
0.09,6277089
0.09,6273614
0.09,6230479
0.09,6171617
0.09,6167371
0.09,6161940
0.09,6152879
0.09,6133264
0.09,6130595
0.10,6062296
0.10,6054217
0.10,6026381
0.10,6016837
0.10,6012657
0.10,6008890
0.10,6008033
0.10,5985372
0.10,5977562
0.10,5959800
0.10,5952744
0.10,5950932
0.10,5937083
0.10,5923647
0.10,5921339
0.10,5919712
0.10,5918884
0.10,5910607
0.10,5908171
0.10,5899555
0.10,5890550
0.10,5881857
0.10,5871920
0.10,5869781
0.10,5863059
0.10,5850929
0.10,5754060
0.11,5733850
0.11,5730024
0.11,5702648
0.11,5698293
0.11,5690193
0.11,5684947
0.11,5683552
0.11,5665041
0.11,5656195
0.11,5645851
0.11,5604708
0.11,5600948
0.11,5575073
0.11,5548566
0.11,5518135
0.11,5489157
0.11,5469107
0.11,5435191
0.11,5429634
0.11,5402856
0.11,5394977
0.11,5390442
0.11,5388681
0.11,5381419
0.11,5377799
0.11,5374645
0.11,5369930
0.11,5358273
0.11,5357395
0.11,5353053
0.11,5340142
0.11,5336380
0.11,5313527
0.11,5302392
0.11,5263510
0.11,5256517
0.11,5255254
0.12,5245258
0.12,5238709
0.12,5237404
0.12,5186654
0.12,5165636
0.12,5159187
0.12,5153523
0.12,5146920
0.12,5146506
0.12,5054848
0.12,5030447
0.12,5019727
0.12,4998464
0.12,4996360
0.12,4935357
0.12,4933209
0.12,4929917
0.12,4918118
0.12,4913368
0.12,4900764
0.12,4881872
0.12,4826918
0.12,4826681
0.12,4744734
0.12,4743953
0.12,4664424
0.12,4656981
0.12,4654035
0.12,4534388
0.13,4531442
0.13,4529526
0.13,4527564
0.13,4508764
0.13,4505390
0.13,4490474
0.13,4488983
0.13,4473878
0.13,4469046
0.13,4468386
0.13,4447685
0.13,4431208
0.13,4427573
0.13,4425340
0.13,4424431
0.13,4423016
0.13,4406389
0.13,4391348
0.13,4388943
0.13,4381123
0.13,4379725
0.13,4356816
0.13,4343220
0.13,4336615
0.13,4331204
0.13,4313125
0.13,4312498
0.13,4310139
0.13,4309115
0.13,4307619
0.13,4303309
0.13,4302055
0.13,4301113
0.13,4293056
0.13,4264965
0.13,4252038
0.14,4215339
0.14,4205688
0.14,4202507
0.14,4180591
0.14,4161924
0.14,4150617
0.14,4113350
0.14,4110918
0.14,4109689
0.14,4105730
0.14,4102536
0.14,4100660
0.14,4089447
0.14,4085770
0.14,4073359
0.14,4068967
0.14,4055374
0.14,4053664
0.14,4052860
0.14,4050692
0.14,4039327
0.14,4038571
0.14,4033439
0.14,3950175
0.15,3940003
0.15,3938599
0.15,3934910
0.15,3933691
0.15,3924539
0.15,3922946
0.15,3917599
0.15,3916093
0.15,3903794
0.15,3901869
0.17,3894751
0.17,3893183
0.17,3891634
0.17,3883766
0.17,3882302
0.17,3874178
0.17,3871965
0.17,3840800
0.17,3829772
0.17,3822931
0.17,3821027
0.17,3820746
0.17,3815278
0.17,3814710
0.17,3811492
0.17,3797181
0.17,3777835
0.17,3768185
0.18,3743856
0.19,3735804
0.19,3661824
0.19,3644582
0.19,3641852
0.19,3641013
0.19,3635117
0.19,3625934
0.19,3625218
0.20,3620287
0.20,3614779
0.20,3606561
0.20,3603320
0.20,3602384
0.20,3543613
0.20,3541011
0.20,3539596
0.20,3491855
0.20,3489893
0.20,3487077
0.20,3486852
0.20,3486485
0.20,3483954
0.20,3483723
0.20,3482890
0.20,3482691
0.20,3481605
0.20,3474514
0.20,3461379
0.20,3452361
0.20,3444283
0.20,3443504
0.20,3435439
0.20,3432073
0.20,3431701
0.21,3426765
0.21,3425265
0.21,3421431
0.21,3404890
0.21,3404359
0.21,3394279
0.21,3393713
0.21,3390110
0.22,3368038
0.22,3366387
0.22,3362973
0.22,3361680
0.22,3356009
0.22,3355402
0.23,3337869
0.24,3336123
0.24,3324152
0.24,3320549
0.24,3316766
0.24,3314070
0.24,3309311
0.24,3307141
0.24,3307086
0.24,3306607
0.24,3305489
0.24,3299031
0.24,3295401
0.25,3284789
0.25,3273352
0.25,3273050
0.25,3269793
0.25,3269772
0.25,3259256
0.25,3257628
0.25,3257145
0.25,3255082
0.25,3254798
0.25,3253456
0.25,3205069
0.25,3189689
0.25,3182126
0.25,3178343
0.25,3156190
0.25,3155693
0.25,3142306
0.25,3112959
0.25,3112852
0.25,3112800
0.26,3111954
0.27,3093631
0.27,3082112
0.27,3078273
0.27,3076635
0.28,3071845
0.28,3061221
0.31,3060903
0.31,3050569
0.31,3049437
0.31,3048654
0.31,3046207
0.31,3045975
0.31,3045883
0.32,3030721
0.32,3030362
0.32,3020265
0.32,3011678
0.32,3009373
0.32,2977377
0.32,2958692
0.32,2955947
0.32,2954900
0.32,2952486
0.32,2948742
0.32,2946152
0.32,2938775
0.32,2933639
0.32,2930491
0.32,2915642
0.32,2914419
0.32,2912776
0.32,2912213
0.32,2910778
0.32,2906253
0.34,2899323
0.34,2897140
0.34,2891535
0.34,2891107
0.34,2882929
0.34,2880907
0.35,2873767
0.35,2873613
0.35,2873378
0.35,2870467
0.35,2867783
0.35,2864178
0.35,2854901
0.35,2849413
0.35,2849304
0.35,2840858
0.35,2802477
0.35,2802020
0.35,2789974
0.35,2785773
0.35,2765533
0.35,2759885
0.35,2757876
0.35,2757171
0.35,2756096
0.35,2749804
0.35,2746528
0.36,2746453
0.36,2738157
0.36,2736881
0.36,2735310
0.36,2735226
0.36,2728102
0.36,2720562
0.36,2713912
0.36,2711559
0.37,2690408
0.37,2689676
0.37,2686094
0.37,2679024
0.37,2661828
0.37,2653476
0.37,2649988
0.37,2649549
0.37,2649331
0.37,2647751
0.37,2635981
0.37,2635807
0.37,2632195
0.37,2630991
0.37,2626261
0.37,2625063
0.37,2594870
0.37,2593754
0.37,2592375
0.37,2581754
0.37,2580217
0.37,2570450
0.37,2567741
0.40,2565836
0.40,2563636
0.40,2563017
0.40,2562425
0.40,2537669
0.40,2536642
0.40,2529287
0.40,2528436
0.40,2522535
0.40,2517780
0.40,2507651
0.40,2490748
0.40,2488181
0.40,2462523
0.40,2409918
0.40,2403233
0.40,2396939
0.40,2396771
0.91,2379686
1.47,2363965
1.47,2361813
1.49,2345040
1.49,2344672
1.49,2340829
1.49,2335045
1.49,2333090
1.49,2329355
1.49,2318747
1.49,2313817
1.49,2307357
1.49,2306325
1.49,2300541
1.49,2297624
1.75,2292066
1.75,2289797
1.75,2287712
1.75,2286172
1.75,2284309
1.75,2276401
1.75,2272985
1.75,2271933
1.75,2264750
2.68,2264281
2.68,2264241
2.68,2258447
2.69,2247373
2.69,2245017
2.69,2240468
2.69,2237190
2.69,2233909
2.70,2229018
2.70,2217756
2.70,2195016
2.70,2193472
2.70,2192661
2.88,2184761
2.88,2173601
2.88,2170225
2.88,2168143
2.88,2166642
2.88,2166298
2.88,2164671
2.89,2162266
2.89,2156303
2.89,2149128
2.89,2148461
2.89,2142949
2.89,2140224
2.89,2137014
2.89,2135109
2.89,2134130
2.89,2130716
2.89,2130416
2.89,2126243
2.89,2111969
2.89,2108689
2.89,2106829
2.89,2106153
2.89,2104727
2.89,2102772
2.89,2091843
2.89,2069685
2.89,2065392
2.91,2051830
2.91,2051488
4.49,2051028
4.49,2049706
5.31,2048896
5.31,2048621
5.31,2040893
6.45,2039959
6.45,2039028
6.45,2033691
6.45,2031009
6.45,2022461
6.45,2019397
6.45,2018120
6.45,2015409
6.45,2011506
6.45,2011000
6.46,2009076
6.46,2006065
6.46,2004867
6.46,2000177
7.27,1998327
7.34,1984860
7.34,1983672
7.34,1978685
7.34,1978558
7.34,1976628
7.34,1975996
7.35,1973950
7.55,1973630
7.55,1970618
7.55,1964477
7.55,1962369
7.55,1960113
7.68,1959834
7.68,1957471
7.68,1956724
7.68,1956083
7.68,1951193
7.69,1937414
8.19,1930848
8.19,1930274
8.19,1927884
8.19,1927305
8.20,1927227
8.21,1909187
8.21,1908130
8.21,1902525
8.21,1894211
9.73,1889611
9.73,1887799
9.73,1887751
9.73,1881885
9.73,1881672
9.90,1871980
9.90,1868940
9.90,1867723
9.90,1863084
9.91,1856253
9.91,1856213
9.91,1850968
9.92,1846869
9.92,1846862
9.92,1844931
9.92,1836665
9.92,1825388
9.92,1817126
10.33,1815741
10.33,1812007
10.35,1811252
10.35,1807857
10.35,1807713
10.35,1807002
10.35,1790783
10.35,1784099
10.36,1783497
10.37,1781772
10.37,1773837
10.37,1773025
10.37,1772231
10.37,1772079
10.37,1770903
10.37,1752488
10.37,1751574
10.37,1748870
10.86,1745667
10.86,1745132
11.19,1743429
11.19,1741743
11.20,1739557
11.20,1728524
11.20,1727782
11.20,1721882
11.20,1719630
11.20,1719120
11.20,1713189
11.20,1712013
11.20,1706192
11.20,1706080
11.20,1704864
11.20,1703240
11.20,1702535
11.34,1701252
11.34,1701107
11.34,1697132
11.34,1692510
11.34,1691793
11.35,1690162
11.35,1688736
11.35,1685988
11.35,1678130
11.35,1676152
11.82,1669420
12.04,1666452
12.04,1663327
12.04,1662628
12.04,1652790
12.04,1650007
12.04,1647105
12.04,1646069
12.04,1645636
12.04,1635134
12.20,1631988
12.20,1631485
12.20,1631447
12.21,1631227
12.21,1630628
12.21,1616523
12.21,1612549
12.21,1602345
12.22,1600824
12.22,1599608
12.22,1596081
12.22,1595911
12.23,1593174
12.23,1592784
12.23,1592619
12.23,1586209
12.23,1584531
12.23,1578999
12.23,1574320
12.25,1570787
12.25,1560079
12.25,1556536
12.25,1556288
12.25,1553694
12.25,1552102
12.27,1551114
12.27,1537643
12.27,1536971
12.27,1535765
12.27,1535453
12.27,1535211
12.27,1529852
12.27,1526790
12.27,1525364
12.27,1525231
12.27,1524669
14.47,1522068
15.23,1519520
15.23,1508842
15.24,1504170
15.24,1504163
15.24,1503619
15.24,1500694
15.24,1500679
15.24,1498032
15.24,1497704
15.24,1495248
15.24,1489868
16.16,1484101
16.16,1477928
16.16,1469428
16.16,1464963
17.63,1459146
17.63,1457082
17.63,1451295
17.63,1441589
17.63,1439677
17.63,1438003
17.63,1437867
17.63,1430672
18.01,1429810
18.29,1416158
18.29,1415562
18.29,1414256
18.29,1412703
18.29,1411661
18.29,1411057
18.29,1409757
18.30,1406143
18.31,1405795
18.31,1404348
18.31,1402693
18.54,1397354
18.54,1396866
18.55,1392449
18.55,1391847
18.55,1382995
18.55,1382901
18.55,1382191
18.55,1379889
18.55,1378951
18.57,1373970
18.57,1371573
18.57,1366293
18.57,1365054
18.57,1364397
18.57,1361386
18.57,1359737
18.57,1354733
19.14,1347905
19.15,1341661
19.15,1337251
19.15,1335710
19.15,1333973
19.16,1330571
19.16,1330414
19.16,1330406
19.49,1324670
19.49,1324355
19.49,1321538
20.10,1321407
20.16,1320201
20.16,1319735
20.16,1316434
20.16,1309598
20.16,1307608
20.17,1306213
20.23,1306060
20.23,1300956
20.23,1296372
20.23,1295899
20.23,1289501
20.23,1284922
20.23,1282811
20.23,1279414
20.23,1279146
20.23,1278454
20.23,1274456
20.23,1268483
20.23,1267564
21.22,1266694
21.24,1263797
21.24,1256456
21.24,1254787
21.24,1248360
21.24,1247885
21.24,1244394
21.25,1232338
21.25,1231833
21.25,1231303
21.25,1226733
21.25,1226623
21.25,1225181
21.25,1222535
21.25,1220475
21.25,1220064
21.25,1217948
21.26,1208724
21.26,1203468
21.26,1202394
21.38,1202229
21.38,1199463
21.38,1198178
21.38,1197152
21.38,1196140
21.38,1195849
21.38,1194936
24.13,1190593
24.13,1190091
24.30,1189542
24.30,1187586
24.30,1187359
24.30,1183856
24.30,1181085
24.30,1180729
24.30,1179480
24.30,1178324
24.30,1168656
24.30,1168417
24.30,1168393
24.30,1163799
24.30,1162779
24.30,1157935
24.30,1155257
24.30,1154147
24.30,1149478
24.30,1141384
24.31,1134225
24.31,1129803
26.11,1127417
26.11,1126105
26.11,1125770
26.11,1125644
26.11,1123611
26.11,1123393
26.11,1123106
26.11,1122719
26.11,1122296
26.11,1121404
26.11,1120239
26.12,1119533
26.56,1119289
26.56,1117937
26.56,1117894
26.56,1114478
26.56,1111699
26.82,1109431
26.82,1103419
26.82,1099523
26.86,1097527
26.86,1092985
26.86,1091203
26.86,1090935
26.86,1089144
26.86,1088632
26.86,1083124
26.86,1082133
26.86,1078152
26.87,1076377
26.87,1076105
26.87,1075648
26.87,1075595
26.87,1073722
26.87,1069898
26.87,1063770
26.88,1062841
26.88,1062360
26.88,1062291
26.88,1059797
26.89,1057053
26.98,1054785
26.98,1052826
26.99,1052772
26.99,1050074
26.99,1047555
26.99,1046894
26.99,1046535
29.02,1046281
29.02,1045677
29.03,1044855
29.03,1044435
29.03,1043345
29.06,1041080
29.06,1040087
29.15,1038284
29.15,1036899
29.15,1036214
29.15,1035008
29.15,1033995
29.16,1033162
29.24,1032200
29.24,1032134
29.32,1031389
29.32,1030305
29.32,1027941
29.32,1026237
29.32,1023831
29.32,1008743
29.39,1003222
29.39,998291
29.39,996790
29.89,995945
29.89,994976
29.89,992839
29.89,991004
29.89,990397
29.90,989606
29.94,988341
29.94,988069
29.94,986737
29.94,986227
29.94,985410
30.16,985015
30.16,981618
30.16,981274
30.65,975101
31.52,974007
31.52,966223
31.52,965618
31.52,965101
31.52,964903
31.52,963858
31.52,962773
31.90,961123
31.92,959641
31.92,958762
31.92,958496
31.92,958185
31.92,956607
31.92,955757
31.92,955165
31.92,954686
31.92,954584
31.92,953890
31.94,951703
31.94,951697
31.94,946729
33.36,943476
33.63,943335
33.63,942552
33.67,941919
33.68,941530
33.68,940276
33.68,939638
33.68,939480
33.68,938312
33.68,934044
33.68,933219
33.68,929400
33.69,929065
33.69,927944
33.69,927678
33.69,926162
33.70,922149
33.70,922029
33.70,920960
33.89,918164
33.89,917763
33.89,917117
33.90,916974
33.90,912950
33.90,911844
33.90,909358
33.90,908250
33.90,908112
33.90,907311
33.91,905505
33.91,901618
33.91,895927
33.91,894302
33.91,894269
35.44,893764
35.44,893725
35.44,893002
35.52,892014
35.52,891702
35.52,891579
35.52,891296
35.52,888978
35.52,888139
35.57,883700
35.59,882695
35.60,882022
35.60,881422
35.61,880806
35.61,880406
35.61,877559
35.61,877066
35.61,877032
35.61,876164
35.61,873892
35.61,870485
35.61,869005
35.61,868417
35.61,866877
35.62,864837
35.62,864643
35.62,863238
37.27,862377
37.27,861554
37.28,860862
37.28,860685
37.28,860664
37.28,859362
37.28,858043
37.28,856876
37.28,856620
37.28,856063
37.28,855780
37.28,853643
37.28,851841
37.29,851394
37.58,850771
37.58,850323
37.58,846149
37.59,846131
37.59,846086
37.59,845663
37.59,845649
37.59,844990
37.60,842348
37.60,842078
37.60,841169
38.00,840102
38.00,838715
38.23,838128
38.24,836674
38.24,834593
38.94,832851
38.94,831976
38.96,827957
38.96,827693
38.96,827666
38.96,827125
39.19,826265
39.19,825408
39.19,822062
39.19,821186
39.19,820771
39.19,818966
39.20,818467
39.20,818454
39.20,817963
39.20,817335
39.20,815581
39.20,814211
39.87,814141
39.88,814081
39.88,813576
39.88,813367
39.98,812145
40.01,811992
40.01,811991
40.03,811301
40.40,810990
40.41,810780
40.41,808535
40.47,806963
40.47,805317
40.47,805162
40.48,804486
40.49,804205
40.49,804018
40.49,803667
40.49,803483
40.49,803339
40.49,803246
40.50,800072
40.50,799842
40.50,799578
40.50,795098
40.59,794533
40.76,794514
40.76,791579
40.76,789797
40.76,788514
40.76,788007
40.76,787668
40.76,786472
41.78,784503
41.78,783500
41.78,783427
41.80,782448
41.80,782076
41.81,781253
41.81,779714
41.81,779707
41.81,779370
41.81,778860
41.81,778799
41.82,777883
41.82,777263
41.82,776842
41.83,776443
41.83,774600
42.31,774352
42.31,773219
42.31,772800
42.31,771748
43.09,771685
43.09,770420
43.09,770329
43.09,768830
43.09,765566
43.09,765416
43.09,764775
43.10,764516
43.10,764293
43.10,763161
43.11,763155
43.11,761244
43.11,760678
43.11,760486
43.11,759773
43.85,759761
43.85,758959
43.85,758828
44.15,758192
44.15,758105
44.30,758092
44.30,757676
44.30,757553
44.30,756087
44.33,754880
44.33,754742
44.33,754413
44.33,753561
44.33,753368
44.34,752576
44.34,752022
44.34,750871
45.20,750336
46.00,750271
46.01,748199
46.01,747379
46.83,747339
46.83,747287
46.84,746214
46.84,744872
46.84,744285
46.84,743817
46.87,743358
46.87,743165
46.88,742175
46.88,742045
46.88,741594
46.91,740024
47.84,739972
47.86,738075
47.86,736101
47.86,734782
47.86,734521
47.87,734045
47.89,733842
47.89,733740
47.90,733574
47.90,733112
47.90,732081
47.90,732023
47.91,731751
47.91,731582
47.92,731504
47.99,731285
48.01,729929
48.01,729698
48.02,727953
48.04,727843
48.04,726029
48.05,725928
48.32,725677
48.32,725476
48.32,724557
48.32,724373
48.32,724194
48.35,724148
49.90,723473
49.90,723296
49.91,722706
50.42,721969
50.44,720883
50.45,720549
50.47,719545
50.47,718163
50.48,718119
50.48,718077
50.48,717945
50.48,717672
50.48,717228
50.52,717107
50.58,716043
50.58,715939
50.59,715937
50.59,715291
50.59,714684
50.59,713850
50.59,712960
50.60,712740
50.60,711924
50.61,711369
50.61,711283
50.61,710659
50.61,710038
50.62,709951
50.62,708863
50.62,706344
51.26,705973
51.26,705966
51.27,705305
51.27,704861
51.28,704732
51.29,704226
51.29,704009
51.60,703794
51.61,703421
52.03,703280
52.03,702793
52.03,702790
52.07,701949
52.07,700906
52.17,700348
52.17,700259
52.17,699692
52.18,699105
52.19,698564
52.19,697507
52.19,697231
52.67,696614
52.67,696377
52.72,695786
52.72,695092
52.78,694986
54.49,694798
54.51,694725
54.51,694653
54.57,694042
54.58,694025
54.60,693015
54.68,691878
54.68,691609
54.70,691582
54.75,691371
54.75,690248
54.76,690238
54.77,689777
54.91,689727
54.91,689414
54.91,689007
54.91,688511
54.92,687799
54.96,687783
54.96,687184
54.97,686707
54.97,686525
54.97,685647
54.97,685193
55.77,684841
55.79,684803
56.23,684652
56.28,683695
56.29,683545
56.47,683413
56.47,683306
56.48,682746
56.48,682501
57.29,681732
57.30,681594
58.10,681194
58.11,681171
58.11,681142
58.12,680927
58.18,680809
58.22,680272
58.22,679647
58.22,679464
58.29,679338
58.29,678913
58.30,678354
58.30,678067
58.30,677784
58.31,676900
58.34,676290
58.35,676027
58.36,675908
58.37,675697
58.37,675634
58.39,675460
58.40,675213
58.40,675126
58.94,674218
58.95,673862
61.18,673784
61.18,673181
61.24,673051
62.06,672957
62.07,672896
62.07,672116
62.07,672055
62.09,671851
62.16,671684
62.17,671023
62.18,670589
62.18,670341
62.19,669174
62.21,669012
62.22,669011
62.22,668527
62.23,668512
62.35,668419
62.37,668048
62.38,667915
62.38,667808
62.39,667747
62.40,667679
62.41,667057
64.26,666707
64.26,665905
64.39,665592
64.41,665589
64.41,665214
64.41,665085
64.42,665063
64.42,664413
64.45,664241
64.49,663722
67.13,663461
67.40,663184
67.43,662701
67.44,662441
67.45,662138
68.31,661985
68.35,661539
68.37,661201
68.43,660844
68.44,660778
69.18,660594
69.24,660444
69.25,660338
69.27,660059
69.81,660002
69.84,659895
71.02,659883
71.53,659637
72.13,659611
72.21,659583
72.24,659164
73.89,658996
73.94,658912
73.97,658889
73.99,658685
74.04,658458
74.05,658392
77.25,658245
77.26,658167
77.75,657849
78.17,657785
79.12,657732
84.62,657608
88.66,657608
88.86,657587
