0.07,7085673
0.08,7054081
0.08,7044589
0.08,7042674
0.08,7035985
0.08,7028147
0.08,7007172
0.08,7003565
0.09,6985759
0.09,6982357
0.09,6922767
0.09,6899670
0.09,6899593
0.09,6896148
0.09,6854843
0.09,6853118
0.09,6845441
0.09,6837911
0.09,6780888
0.09,6771911
0.09,6771394
0.09,6769945
0.09,6764456
0.10,6746535
0.10,6714769
0.10,6712103
0.10,6706855
0.10,6704635
0.10,6701731
0.10,6689938
0.10,6686966
0.10,6682075
0.10,6677502
0.10,6673160
0.10,6640159
0.10,6632417
0.10,6632298
0.10,6631651
0.10,6596752
0.10,6594714
0.10,6584202
0.10,6552881
0.10,6547259
0.10,6512798
0.10,6484785
0.10,6465631
0.10,6440244
0.10,6417350
0.10,6416240
0.10,6397359
0.10,6397090
0.10,6396574
0.10,6383870
0.10,6381032
0.11,6373014
0.11,6367828
0.11,6361083
0.11,6351474
0.11,6348646
0.11,6345053
0.11,6302652
0.11,6277329
0.11,6274924
0.11,6263503
0.11,6234711
0.11,6224471
0.11,6199797
0.11,6192468
0.11,6173353
0.11,6171037
0.11,6157171
0.11,6145036
0.11,6139065
0.11,6123873
0.11,6107260
0.11,6094694
0.11,6084241
0.11,6083598
0.11,6072272
0.11,6049025
0.11,6038583
0.11,6035434
0.11,6019168
0.11,6009033
0.11,5986450
0.11,5976289
0.11,5924971
0.11,5922113
0.11,5920791
0.12,5915648
0.12,5911883
0.12,5892326
0.12,5885084
0.12,5884820
0.12,5833832
0.12,5709831
0.12,5705922
0.12,5705857
0.12,5705795
0.12,5647979
0.12,5637665
0.12,5608592
0.12,5605819
0.12,5572614
0.12,5562500
0.12,5558364
0.12,5552363
0.12,5548301
0.12,5545520
0.12,5530063
0.12,5518986
0.12,5485992
0.12,5481940
0.12,5480670
0.12,5475144
0.12,5462975
0.12,5455479
0.12,5455340
0.12,5417446
0.12,5414758
0.12,5396537
0.12,5385302
0.12,5361782
0.12,5359465
0.12,5334132
0.12,5328458
0.12,5324806
0.12,5315076
0.13,5304322
0.13,5296871
0.13,5295500
0.13,5294646
0.13,5286319
0.13,5281206
0.13,5279006
0.13,5275238
0.13,5275211
0.13,5247938
0.13,5237674
0.13,5237656
0.13,5232711
0.13,5201469
0.13,5201446
0.13,5192819
0.13,5141311
0.13,5140946
0.14,5140538
0.14,5135193
0.14,5117864
0.14,5108800
0.14,5095774
0.14,5090787
0.14,5006652
0.14,4981661
0.14,4973102
0.14,4973031
0.14,4970427
0.14,4965979
0.14,4963174
0.14,4962863
0.14,4954154
0.14,4944696
0.14,4941093
0.14,4940786
0.14,4936585
0.14,4918742
0.14,4854097
0.14,4849371
0.14,4837519
0.14,4836398
0.14,4818206
0.14,4816048
0.14,4814269
0.14,4811438
0.14,4794976
0.14,4749589
0.15,4714425
0.15,4698158
0.15,4673682
0.15,4606845
0.15,4604166
0.15,4597272
0.15,4567781
0.15,4545173
0.15,4538724
0.15,4534558
0.15,4534506
0.15,4506736
0.15,4506024
0.15,4505071
0.15,4478548
0.15,4476254
0.15,4474736
0.15,4457339
0.15,4457290
0.15,4454452
0.15,4453293
0.15,4443055
0.15,4431390
0.15,4423637
0.15,4409658
0.15,4408938
0.15,4400346
0.15,4399817
0.15,4398560
0.15,4398555
0.15,4383023
0.15,4375704
0.15,4373517
0.15,4373433
0.15,4364303
0.16,4332714
0.16,4330715
0.16,4325005
0.16,4322250
0.16,4319689
0.16,4319320
0.16,4295725
0.16,4290983
0.16,4274254
0.16,4268625
0.16,4267051
0.16,4252419
0.16,4249541
0.16,4231795
0.16,4226625
0.16,4191303
0.16,4188840
0.16,4188786
0.16,4186753
0.16,4182473
0.16,4181867
0.16,4177122
0.16,4176698
0.16,4145340
0.16,4127797
0.16,4122800
0.17,4078116
0.17,4074209
0.17,4073902
0.17,4072811
0.17,4068235
0.17,4052453
0.17,4052170
0.17,4051228
0.17,4049312
0.17,4048971
0.17,4030494
0.17,3973439
0.17,3955181
0.17,3952499
0.17,3936782
0.17,3926430
0.17,3920891
0.18,3917147
0.18,3916234
0.18,3914179
0.18,3909984
0.18,3900477
0.18,3891408
0.18,3888546
0.18,3888142
0.18,3881936
0.18,3880922
0.19,3879455
0.19,3879408
0.19,3874839
0.19,3873886
0.19,3864958
0.19,3864184
0.19,3862223
0.19,3857202
0.19,3848585
0.19,3841766
0.19,3840943
0.19,3838288
0.19,3832196
0.19,3753550
0.19,3753065
0.20,3750249
0.20,3746102
0.20,3744215
0.20,3740748
0.20,3734153
0.20,3732774
0.20,3728571
0.20,3719201
0.20,3710849
0.20,3710711
0.20,3697991
0.20,3689559
0.20,3676147
0.20,3675993
0.20,3664723
0.20,3662615
0.20,3659559
0.21,3657924
0.21,3650128
0.21,3649299
0.21,3649135
0.21,3647786
0.21,3638976
0.21,3605205
0.21,3585128
0.21,3584003
0.21,3576182
0.21,3567560
0.21,3566228
0.21,3560806
0.21,3538426
0.21,3536422
0.21,3529394
0.21,3524395
0.21,3520936
0.21,3518131
0.21,3512201
0.21,3511472
0.21,3511087
0.21,3504841
0.21,3466892
0.21,3453588
0.21,3441034
0.21,3440211
0.21,3431953
0.21,3423005
0.21,3422862
0.21,3395969
0.22,3389721
0.22,3384520
0.22,3371312
0.23,3368533
0.23,3362711
0.23,3361389
0.23,3355521
0.24,3350365
0.24,3350091
0.24,3343675
0.24,3328680
0.24,3324406
0.24,3324325
0.24,3300463
0.25,3300443
0.25,3297157
0.26,3288551
0.26,3274486
0.26,3272791
0.26,3271330
0.26,3264075
0.26,3261438
0.26,3250268
0.26,3223483
0.27,3211471
0.27,3201672
0.27,3199858
0.27,3198904
0.27,3198813
0.27,3180589
0.27,3179000
0.27,3154099
0.27,3137251
0.27,3130268
0.32,3128519
0.34,3117864
0.34,3105545
0.34,3101205
0.34,3072602
0.36,3058250
0.37,3055430
0.37,3052565
0.37,3025565
0.37,3022621
0.37,2969208
0.37,2967019
0.37,2957777
0.37,2956976
0.37,2944303
0.37,2941643
0.37,2940936
0.37,2935924
0.37,2923863
0.37,2890637
0.37,2889179
0.37,2886878
0.37,2886822
0.37,2878033
0.39,2877419
0.39,2870528
0.39,2870464
0.39,2865474
0.39,2854516
0.39,2848671
0.39,2848119
0.40,2835104
0.40,2833342
0.40,2830065
0.40,2825571
0.40,2824945
0.40,2812086
0.40,2805736
0.40,2801885
0.40,2799562
0.40,2796768
0.41,2793586
0.47,2777863
0.47,2775653
0.48,2769938
0.48,2769785
0.48,2769240
0.48,2726280
0.48,2725627
0.48,2723101
0.53,2721065
0.53,2710757
0.53,2705870
0.53,2705578
0.53,2701986
0.53,2695411
0.53,2687435
0.53,2678409
0.53,2677397
0.53,2664766
0.53,2661438
0.53,2648312
0.53,2647723
0.53,2633903
0.58,2630031
0.59,2624525
0.59,2608852
0.59,2598844
0.59,2596997
0.59,2562332
0.59,2554402
0.59,2551589
0.59,2548656
0.59,2547612
0.79,2526817
0.80,2524140
0.80,2521160
0.80,2513114
0.80,2490289
0.80,2490210
0.80,2467684
0.80,2462566
0.80,2454881
0.80,2449679
0.85,2448634
0.85,2427073
0.85,2426861
0.85,2424985
0.85,2421983
0.85,2419866
0.85,2391330
0.85,2386423
0.85,2381166
0.85,2373770
0.86,2372757
1.53,2362981
1.53,2356193
1.53,2355562
1.53,2355086
2.11,2354053
2.11,2344901
2.11,2334439
2.11,2331302
2.11,2330062
2.11,2327512
2.11,2318658
2.11,2313775
2.11,2312043
2.11,2302623
2.11,2301465
2.11,2301375
2.11,2291230
2.13,2285551
2.13,2283030
2.13,2281775
2.13,2278269
2.13,2278043
2.13,2277034
2.13,2266494
2.13,2265124
2.13,2236155
2.80,2214487
2.82,2212835
2.82,2211509
2.82,2211473
2.82,2207045
3.99,2206347
4.04,2204231
4.04,2203121
4.04,2201344
4.04,2198643
4.04,2187076
4.04,2175958
4.04,2162641
4.04,2143246
4.04,2142160
4.04,2138316
4.08,2136618
4.08,2136374
4.08,2131461
4.08,2129604
4.08,2127837
4.10,2082539
4.10,2080794
6.02,2077320
6.02,2075463
6.02,2072164
6.02,2065631
6.02,2063930
6.02,2060573
6.02,2057012
6.02,2055171
6.02,2041706
6.02,2040790
6.02,2039221
6.02,2038699
6.02,2034528
6.02,2028527
8.60,2028049
8.60,2027600
8.60,2022527
8.60,2013615
8.60,1995412
8.61,1993495
8.61,1992315
8.62,1987673
8.62,1986058
8.62,1985057
8.62,1981641
8.62,1972134
8.62,1972069
8.62,1939414
8.62,1926737
8.62,1926028
8.63,1924978
8.63,1919612
8.63,1913274
8.63,1911693
8.63,1910310
8.63,1898775
8.63,1881100
8.63,1880119
9.42,1879697
9.42,1878355
9.43,1862991
9.43,1856964
9.43,1853895
9.43,1853032
9.43,1843678
9.43,1839932
9.43,1835032
11.91,1826587
11.91,1822731
11.91,1822212
11.91,1817983
11.91,1813841
11.91,1785129
11.91,1784422
11.98,1784283
11.98,1779342
11.98,1777939
12.03,1776300
12.03,1773865
12.03,1773820
12.03,1773225
12.03,1771353
12.03,1770196
12.03,1762838
12.03,1762160
12.03,1761322
12.03,1760011
12.03,1734627
12.31,1733110
12.32,1733011
12.32,1732958
12.32,1730374
12.32,1728295
12.32,1721215
13.81,1720498
13.81,1719831
13.81,1716183
13.81,1715975
13.81,1715899
13.81,1715631
13.81,1715354
13.82,1709966
13.82,1707357
13.82,1704001
13.82,1702217
13.82,1701949
13.82,1698863
13.82,1694989
13.82,1691553
13.82,1690972
13.82,1688408
13.82,1687942
14.27,1687317
14.27,1682706
14.28,1682555
14.28,1681110
14.28,1680256
14.44,1679531
14.44,1675262
14.44,1674762
14.44,1672011
14.44,1668238
14.44,1662006
14.44,1657310
14.44,1657228
14.44,1654467
14.45,1643244
14.45,1640735
14.45,1629150
14.45,1628009
14.45,1619862
14.45,1619856
14.45,1616510
14.45,1612849
14.45,1612830
14.45,1609940
14.45,1606046
14.45,1601189
14.46,1599756
14.46,1593196
14.46,1591439
14.46,1591013
14.46,1588515
14.46,1583972
14.46,1576025
14.46,1573151
14.46,1573024
14.46,1568001
14.46,1567230
14.46,1562323
14.46,1554813
14.46,1547938
14.47,1545522
14.47,1545521
14.47,1542880
14.47,1540443
14.47,1538777
14.47,1538768
14.47,1535923
14.47,1535063
14.47,1533811
14.47,1529684
14.47,1515860
14.47,1514731
17.83,1513452
17.83,1511172
17.83,1510328
17.83,1507083
17.83,1497430
17.83,1490454
17.83,1485939
17.83,1485550
19.20,1476484
19.20,1474684
19.20,1473152
19.20,1473006
19.21,1472469
19.21,1469190
19.21,1467085
19.21,1464985
19.21,1462995
19.38,1460335
19.38,1457008
19.38,1455209
19.38,1453143
19.38,1445674
19.38,1443484
19.39,1442653
19.39,1431796
19.39,1427955
19.39,1426904
19.39,1424922
19.39,1424549
19.39,1421771
20.23,1409466
20.23,1405568
20.23,1405195
20.23,1403831
20.23,1403352
20.23,1401053
20.23,1400796
20.23,1396598
20.23,1394828
20.23,1392802
20.23,1387331
20.31,1384242
20.31,1383328
20.31,1380102
20.31,1378047
20.63,1376219
20.63,1376091
20.64,1368051
20.64,1367075
20.64,1366891
20.64,1361460
20.64,1360899
20.64,1354640
20.64,1353468
20.64,1353408
20.64,1348313
20.65,1347121
20.65,1346003
20.80,1344715
20.82,1338083
21.21,1331579
21.21,1328337
23.39,1327368
23.45,1321502
23.45,1320211
23.45,1319600
23.45,1317201
23.58,1316176
23.58,1313291
23.58,1313287
23.58,1313221
23.58,1311603
23.58,1310968
23.58,1306178
23.58,1305960
23.58,1298585
23.63,1297554
23.63,1296653
23.63,1296341
23.63,1295065
23.63,1294886
23.63,1294609
23.63,1294427
23.63,1292188
23.85,1290313
23.85,1288840
23.85,1286464
24.08,1284908
24.08,1278937
24.25,1270053
24.25,1263574
24.25,1259104
24.25,1256734
25.03,1254953
25.03,1253708
25.03,1252069
25.16,1245640
25.20,1243990
25.20,1241636
25.20,1241464
25.55,1241118
25.55,1239540
25.55,1237090
25.55,1236308
25.55,1233494
25.55,1232735
25.55,1232107
25.61,1232046
25.61,1229723
25.61,1229212
25.61,1227136
25.66,1226357
26.23,1226260
26.23,1224539
26.24,1224408
26.24,1224291
26.24,1218716
26.24,1218498
26.25,1214478
26.25,1214322
26.25,1207425
26.25,1206590
26.25,1203469
26.25,1198776
26.25,1197364
26.25,1190404
26.25,1190293
26.27,1190045
26.27,1189156
26.28,1185096
26.28,1179871
26.28,1177689
27.24,1165563
27.24,1164826
28.49,1163531
28.50,1161639
28.50,1160413
28.50,1149763
28.50,1149175
28.51,1145827
28.51,1144364
28.52,1143500
28.52,1143108
29.09,1142051
29.17,1137911
29.17,1136514
29.18,1135843
29.18,1134859
29.18,1134769
29.18,1133807
29.18,1133598
29.18,1132044
29.23,1131245
29.23,1120891
29.23,1120483
29.23,1118045
29.23,1116818
29.24,1115798
29.24,1114901
29.24,1113724
29.24,1111715
29.24,1106892
29.38,1106264
29.38,1101018
29.46,1091646
29.55,1085973
29.55,1085763
29.55,1079939
29.55,1079753
29.56,1078263
29.57,1077105
29.58,1076941
29.58,1071288
29.58,1068497
29.58,1066969
29.58,1066632
29.58,1060591
29.58,1060094
29.59,1060092
30.94,1058175
30.94,1055808
30.94,1046245
31.67,1046045
31.83,1045297
31.83,1044619
31.84,1040601
32.33,1038716
32.33,1038431
32.33,1037592
32.33,1034696
32.50,1019345
32.68,1018770
32.68,1017499
32.72,1017380
32.72,1016899
32.72,1012783
32.73,1011060
32.73,1010272
32.73,1006756
32.73,1000689
32.73,1000504
32.73,998183
32.73,997519
32.73,997353
32.74,996909
32.74,996818
32.74,996679
32.74,996090
32.74,992666
32.74,992415
33.38,991313
33.38,988885
33.52,984667
33.52,976846
33.52,975457
33.52,975146
33.52,974919
33.52,974790
33.52,971015
33.52,969384
33.79,968563
33.79,968195
33.79,967361
33.79,967268
33.80,966685
33.80,965654
33.80,964069
33.80,962641
33.80,961907
33.80,961739
33.80,961652
33.80,956809
33.80,956632
33.80,956139
33.80,954488
33.80,954461
33.80,954370
34.47,950084
34.47,949445
35.16,943718
35.60,940150
35.60,938039
36.80,936851
36.93,932087
36.93,929591
36.93,925092
36.93,925009
37.68,924906
37.68,922885
37.69,922371
37.69,918628
37.69,918248
37.69,917742
37.69,917734
37.69,916174
37.69,914459
37.69,913153
37.69,912223
37.69,911775
37.69,911146
37.70,908012
37.70,906917
37.70,905312
37.70,901603
37.70,900591
37.70,899915
37.70,899805
37.70,897384
37.70,897383
37.70,896720
37.70,895724
37.70,895484
37.79,894023
37.79,890301
37.79,889611
37.79,889359
38.27,888608
38.27,888377
38.42,888328
38.42,885596
38.42,884425
38.42,883963
39.44,881667
39.44,880134
39.44,878702
39.44,877133
39.44,876852
39.45,872733
39.46,869895
39.47,868923
39.47,867330
39.47,866330
39.47,866203
39.53,865409
39.53,863244
39.53,863071
39.53,861841
39.53,860630
39.54,858548
40.53,856277
40.53,855258
40.67,854394
40.67,853106
40.67,851425
40.67,850172
40.68,849707
40.71,847866
40.72,847668
40.72,847252
40.72,842839
40.72,842324
40.72,841439
40.73,841426
40.75,841128
40.75,840127
40.75,839057
40.82,837827
40.82,837820
41.04,836725
41.04,835732
41.04,834785
41.04,832568
41.04,831592
41.06,829356
42.71,829225
42.73,827860
42.73,826075
43.26,824709
43.27,824184
43.27,822029
43.27,819770
43.30,818918
43.30,817355
43.30,816502
43.31,816415
43.31,814315
43.31,814244
43.31,809273
43.31,808995
43.32,808595
43.32,808240
43.32,804993
43.32,804295
43.32,803469
43.32,803089
43.35,802157
43.35,802114
43.35,801559
43.36,799802
43.36,798345
43.36,798060
43.36,797476
43.36,797187
43.36,796340
43.37,796163
43.37,794439
44.88,793095
44.90,792934
44.90,792600
44.90,791944
44.91,790333
44.91,787066
45.91,786615
45.93,786564
45.93,785538
45.93,784959
45.93,784926
46.08,784398
46.08,784167
46.08,784099
46.09,784064
46.09,781422
46.09,779258
46.09,778806
46.09,778000
46.10,776441
46.10,771178
46.10,771160
48.57,769243
48.75,767580
48.75,767443
48.83,767242
48.83,767003
48.83,766608
48.83,765982
48.83,765768
48.83,765093
48.83,764987
48.83,764073
48.83,763865
48.84,763575
48.84,763189
48.84,757868
48.84,757158
48.84,756815
48.84,756556
49.93,756545
49.93,755583
50.26,755097
50.26,753746
50.26,752914
50.26,752420
50.26,751742
50.27,751030
50.31,750640
50.31,750577
50.31,749886
50.31,749497
50.77,749415
50.77,749267
50.77,749150
50.77,747736
51.36,747074
51.38,746097
51.38,744788
51.39,744211
51.40,743720
51.40,742539
51.43,742364
51.43,742144
51.71,741285
51.72,741013
51.72,740327
51.72,739923
51.74,739499
51.74,738248
51.74,737823
51.74,736627
51.75,735456
51.75,735304
51.75,734529
51.75,733526
53.40,732013
53.40,730924
53.40,730883
53.41,730732
53.41,730732
53.41,730568
53.42,729038
53.42,728935
53.43,728800
53.43,728384
53.43,727636
53.45,727543
53.45,726539
53.46,725868
53.49,725670
53.49,724848
53.49,723846
53.56,723748
53.57,723681
53.57,721902
53.58,721033
53.58,720509
53.58,719198
53.58,719140
53.58,718127
53.59,716542
53.59,716495
53.63,716357
53.64,715613
53.64,715479
53.64,715023
54.00,714187
54.01,713663
54.02,712560
54.16,712144
54.16,711276
54.16,710883
54.17,709074
54.18,708551
54.18,708036
54.18,706738
54.18,706106
54.19,705497
54.19,702308
54.19,702281
54.21,701280
60.03,700953
60.03,700940
60.09,699882
60.11,699512
60.12,697763
60.12,694346
60.13,693929
60.13,693589
60.14,692565
60.15,691023
61.60,690410
61.61,689896
61.61,689874
62.01,689066
62.15,688047
62.16,688024
62.16,687929
62.17,687891
62.17,687613
62.17,687469
62.19,687401
62.21,687167
62.22,687021
62.22,686958
62.22,686522
62.23,686050
62.23,685990
62.24,685415
62.53,685353
62.53,685185
62.55,685075
62.56,685047
62.58,683977
62.59,683846
62.60,683427
62.60,683400
62.63,683324
62.64,682722
62.64,682222
62.67,680236
62.67,680151
62.68,679956
62.80,679023
62.80,678716
62.80,678698
62.81,678160
62.82,678145
62.82,677621
62.89,677236
63.34,676949
63.38,676944
63.38,676908
63.39,676685
63.40,676518
63.48,675610
63.49,675332
67.70,675275
67.72,675157
67.95,674758
67.95,674755
67.98,674544
67.98,674292
67.99,674145
68.00,673545
68.63,673189
69.10,672759
69.23,672758
69.26,672530
69.26,672409
69.27,672376
69.29,671945
69.30,671395
69.30,671048
69.31,670630
69.31,670553
69.34,669705
69.46,669444
69.46,668977
69.55,668886
69.63,668629
69.64,668567
69.65,668543
69.69,668188
69.71,668131
69.71,667994
69.80,667680
69.81,667617
69.82,667526
69.85,667237
70.99,667146
71.01,666915
71.84,666592
71.92,666278
71.92,666246
71.95,666012
72.05,665374
72.09,665282
72.11,665172
72.12,665086
72.13,665053
72.14,665031
72.21,664988
72.22,664676
72.22,664614
72.23,664398
72.24,664141
75.79,663995
75.81,663873
75.97,663827
76.03,663539
76.13,662904
76.59,662466
76.60,662106
76.69,661809
76.74,661565
76.74,660896
77.95,660543
79.75,660245
79.80,660087
80.78,659824
80.90,659630
80.93,659569
81.07,659423
81.08,659135
81.29,658970
81.31,658941
81.34,658883
