0.06,6914109
0.06,6867892
0.07,6854726
0.07,6839357
0.07,6836810
0.07,6825259
0.07,6811129
0.07,6808608
0.07,6807928
0.07,6792553
0.07,6787544
0.07,6784749
0.07,6765336
0.07,6744529
0.07,6741156
0.07,6722503
0.07,6667842
0.07,6648886
0.07,6606527
0.08,6589127
0.08,6588665
0.08,6588643
0.08,6563953
0.08,6539782
0.08,6512130
0.08,6486299
0.08,6479116
0.08,6453485
0.08,6449495
0.08,6441878
0.08,6437385
0.08,6411172
0.08,6407818
0.09,6384895
0.09,6370470
0.09,6327709
0.09,6318970
0.09,6309180
0.09,6300349
0.09,6290438
0.09,6274596
0.09,6250730
0.09,6238153
0.09,6179550
0.09,6174907
0.09,6173597
0.09,6170850
0.09,6159163
0.09,6156505
0.09,6156186
0.09,6100744
0.09,6098634
0.09,6097233
0.09,6095446
0.09,6092444
0.09,6080881
0.09,6078141
0.09,6077285
0.09,6076276
0.10,6072990
0.10,6068744
0.10,6056055
0.10,6052592
0.10,6048103
0.10,6030523
0.10,5993511
0.10,5992313
0.10,5985580
0.10,5979634
0.10,5973977
0.10,5973706
0.10,5961987
0.10,5961811
0.10,5945652
0.10,5934507
0.10,5810690
0.10,5801004
0.10,5774510
0.10,5772776
0.10,5771663
0.10,5749369
0.10,5740778
0.10,5738603
0.10,5720463
0.10,5718739
0.10,5706657
0.10,5699842
0.10,5696542
0.10,5693585
0.10,5690083
0.10,5688451
0.10,5681926
0.10,5649320
0.11,5645565
0.11,5640163
0.11,5624341
0.11,5620278
0.11,5615178
0.11,5614050
0.11,5596869
0.11,5575862
0.11,5480422
0.11,5474630
0.11,5474014
0.11,5471871
0.11,5468870
0.11,5442017
0.11,5437908
0.11,5436421
0.11,5422796
0.11,5421196
0.11,5421064
0.11,5407997
0.11,5405563
0.11,5404139
0.11,5387199
0.11,5354773
0.11,5348078
0.11,5345946
0.11,5331588
0.11,5329097
0.12,5328238
0.12,5325444
0.12,5317919
0.12,5317864
0.12,5312525
0.12,5312455
0.12,5310862
0.12,5303720
0.12,5278448
0.12,5268453
0.12,5256588
0.12,5247484
0.12,5247464
0.12,5227937
0.12,5226970
0.12,5226832
0.12,5224549
0.12,5112272
0.12,5112081
0.12,5098727
0.12,5094133
0.12,5084415
0.12,5079130
0.12,5075382
0.12,4980743
0.12,4973946
0.12,4968976
0.12,4967299
0.12,4963581
0.12,4945914
0.12,4941102
0.12,4937571
0.12,4933470
0.12,4920323
0.12,4920223
0.12,4919537
0.12,4910127
0.12,4903953
0.12,4843763
0.13,4842601
0.13,4841760
0.13,4830643
0.13,4827829
0.13,4806765
0.13,4798457
0.13,4779622
0.13,4777922
0.13,4768976
0.13,4765325
0.13,4764581
0.13,4734419
0.13,4733314
0.13,4731119
0.13,4730762
0.13,4718240
0.13,4715200
0.13,4708869
0.13,4707429
0.13,4700306
0.13,4698572
0.13,4673790
0.13,4667130
0.13,4666921
0.13,4664218
0.13,4657355
0.13,4656819
0.13,4641610
0.13,4639762
0.13,4635994
0.13,4633494
0.13,4596025
0.13,4590621
0.13,4590334
0.13,4577755
0.13,4568653
0.14,4558377
0.14,4536312
0.14,4521884
0.14,4499236
0.14,4489872
0.14,4484679
0.14,4478708
0.14,4453596
0.14,4453577
0.14,4444750
0.14,4419593
0.14,4378697
0.14,4310080
0.14,4298519
0.14,4295676
0.14,4292385
0.14,4290039
0.14,4288916
0.14,4263497
0.14,4261116
0.14,4257804
0.14,4212171
0.14,4204835
0.14,4200319
0.14,4178109
0.14,4177414
0.15,4176446
0.15,4169546
0.15,4167737
0.15,4063008
0.15,4045540
0.15,4043166
0.15,4026766
0.15,4025147
0.15,4007800
0.15,4007665
0.15,4002826
0.15,4001925
0.15,4001915
0.15,3994119
0.15,3982207
0.16,3978280
0.16,3975103
0.16,3964517
0.16,3933389
0.16,3925178
0.16,3912914
0.16,3901941
0.16,3875287
0.16,3874834
0.17,3867473
0.17,3866574
0.17,3865888
0.17,3860338
0.17,3855062
0.17,3850669
0.17,3838702
0.17,3838191
0.17,3833750
0.17,3822814
0.17,3798365
0.17,3795518
0.17,3795373
0.17,3793802
0.17,3793276
0.17,3765399
0.17,3764363
0.17,3745211
0.17,3744736
0.17,3741895
0.18,3715897
0.18,3711554
0.18,3705615
0.18,3696834
0.18,3696532
0.18,3692347
0.18,3690831
0.18,3686563
0.18,3674659
0.18,3673136
0.18,3551724
0.18,3529638
0.18,3481123
0.18,3470130
0.18,3469999
0.18,3456012
0.18,3449404
0.18,3437409
0.18,3437301
0.18,3413481
0.18,3409293
0.19,3403143
0.19,3371061
0.19,3369654
0.19,3356501
0.19,3355689
0.19,3352708
0.19,3349915
0.19,3342296
0.19,3332923
0.19,3332599
0.19,3326949
0.19,3320161
0.19,3315884
0.19,3311337
0.19,3301666
0.19,3301497
0.19,3297322
0.19,3293023
0.19,3276542
0.21,3238031
0.21,3235425
0.21,3234806
0.21,3234802
0.22,3231795
0.22,3226629
0.22,3214350
0.22,3205033
0.23,3196317
0.23,3190559
0.23,3182960
0.23,3172000
0.23,3170973
0.23,3169365
0.24,3167069
0.24,3166872
0.24,3150273
0.24,3144889
0.24,3143927
0.24,3142095
0.24,3136611
0.24,3109678
0.24,3108763
0.24,3108457
0.24,3103285
0.24,3102735
0.24,3100737
0.24,3099995
0.24,3071686
0.24,3069801
0.24,3062624
0.24,3062153
0.24,3048435
0.24,3045673
0.24,3039506
0.24,3037195
0.24,3035786
0.24,2997538
0.24,2996811
0.24,2996395
0.24,2993897
0.24,2990429
0.24,2988704
0.25,2976009
0.25,2969170
0.25,2959133
0.25,2947187
0.25,2931929
0.25,2930672
0.25,2930489
0.25,2924126
0.25,2920538
0.27,2896558
0.27,2896033
0.27,2885035
0.27,2879308
0.27,2878356
0.27,2877473
0.27,2875900
0.27,2874455
0.27,2873912
0.27,2842539
0.30,2839265
0.30,2838491
0.30,2819442
0.30,2819352
0.30,2818766
0.30,2807201
0.30,2797070
0.30,2794328
0.30,2794203
0.30,2793483
0.30,2790420
0.31,2786069
0.31,2783330
0.31,2782549
0.31,2781837
0.31,2772316
0.32,2771569
0.32,2761598
0.32,2761035
0.32,2760168
0.35,2757379
0.35,2756378
0.35,2755256
0.35,2731327
0.36,2723844
0.36,2720729
0.36,2720276
0.36,2718534
0.36,2717453
0.36,2715313
0.39,2715200
0.39,2713486
0.39,2708762
0.39,2708743
0.39,2706603
0.43,2697459
0.43,2686923
0.43,2677283
0.43,2672053
0.43,2671003
0.43,2651661
0.43,2631249
0.43,2624509
0.44,2608222
0.44,2605279
0.44,2605211
0.44,2604307
0.44,2599564
0.44,2590555
0.44,2589951
0.44,2585574
0.83,2584934
0.83,2582387
0.85,2580218
0.85,2579524
0.85,2577649
0.85,2576573
0.85,2574178
0.85,2571749
0.85,2570072
0.86,2569559
0.86,2565023
0.86,2562162
0.86,2559730
0.86,2550588
0.86,2549526
0.86,2549497
0.86,2547588
0.91,2544448
0.91,2538223
0.91,2534125
0.91,2533460
0.91,2526406
0.91,2525024
0.91,2513548
0.91,2508913
0.91,2502987
0.91,2498694
0.91,2498439
0.91,2497919
0.91,2488414
0.91,2476836
0.91,2475833
0.91,2467610
0.91,2452846
0.91,2433628
0.91,2412894
0.91,2407592
0.91,2405717
0.92,2401991
0.92,2401919
0.92,2401671
0.92,2401492
0.92,2378868
0.92,2370535
1.34,2349077
1.34,2344731
1.34,2344575
1.34,2343855
1.34,2341725
1.34,2341472
1.34,2334761
1.37,2331291
1.37,2319643
1.37,2319385
1.46,2311173
1.46,2309589
1.46,2307456
1.46,2307330
1.46,2285828
2.86,2278471
2.86,2273051
2.86,2268876
2.86,2258097
2.94,2254759
2.94,2252519
2.94,2252452
2.94,2250989
2.94,2249703
2.94,2241573
2.94,2237061
2.94,2231189
2.94,2220185
2.96,2214758
2.96,2207845
2.96,2205545
2.96,2199114
3.34,2197544
3.34,2193840
3.34,2191063
3.34,2168998
3.34,2166676
3.34,2155043
3.35,2148643
3.35,2148090
3.35,2141275
3.35,2138698
3.35,2134243
5.12,2132767
5.12,2128199
5.12,2122695
5.12,2114966
5.12,2114657
5.12,2111915
5.12,2102070
5.12,2096734
5.12,2093942
5.13,2087292
5.13,2069151
5.13,2055387
5.13,2053589
5.13,2051090
5.13,2047076
5.13,2044728
5.13,2039864
5.13,2029162
5.13,2026904
5.20,2016845
5.20,2015539
5.20,2008991
5.21,2003817
5.21,2000177
6.63,1969024
8.35,1967445
8.35,1963971
8.35,1962679
8.35,1961362
8.35,1959937
8.64,1947683
8.64,1947416
8.64,1947094
8.64,1943358
8.98,1942307
8.98,1931495
8.98,1928403
9.03,1926912
9.03,1925470
9.03,1924230
9.03,1921537
9.03,1905220
9.03,1905137
9.03,1897556
9.03,1888255
9.03,1880965
9.03,1875954
9.04,1866769
9.04,1857148
9.04,1852443
9.04,1850740
9.57,1849468
9.57,1849168
9.58,1848547
9.58,1843215
9.58,1842574
9.58,1841282
9.58,1833081
9.58,1831969
10.72,1827806
10.72,1820386
10.72,1817119
10.90,1812366
10.90,1807988
10.90,1804150
10.90,1803338
10.90,1803121
10.90,1788172
10.90,1786194
10.90,1785331
10.90,1784872
10.90,1782912
10.90,1781974
10.90,1780810
10.91,1776422
12.15,1769762
12.15,1769689
12.15,1761017
12.15,1758837
12.15,1755046
12.15,1753397
12.15,1751714
12.38,1751696
12.38,1751393
12.38,1750907
12.38,1743184
12.38,1733583
12.38,1725881
12.39,1724176
12.39,1721991
12.39,1721059
12.39,1717610
12.39,1715333
12.39,1707737
12.39,1707425
12.39,1697071
12.39,1696632
12.39,1673235
14.30,1670919
14.50,1666109
14.50,1665895
14.50,1665807
14.51,1665798
14.51,1661655
14.51,1656291
15.47,1653781
15.47,1647667
15.47,1644500
15.47,1642233
15.47,1639262
15.47,1635469
15.48,1634675
15.48,1632746
15.48,1632030
15.50,1627103
15.50,1623940
15.50,1623397
15.50,1621691
15.50,1620887
15.50,1616324
15.50,1616089
15.50,1614991
15.50,1614128
15.50,1613564
15.50,1612069
15.50,1611342
15.50,1609903
15.51,1608630
15.51,1604708
15.51,1601051
15.51,1600791
15.51,1596278
15.51,1594644
15.51,1593276
15.51,1592493
15.51,1592433
15.51,1588839
15.51,1581856
15.51,1581352
15.51,1568542
16.78,1566416
16.78,1561997
16.78,1558451
16.78,1557991
16.78,1557862
16.78,1556771
16.78,1544373
16.78,1538007
18.04,1534663
18.04,1533083
18.04,1520337
18.04,1518276
18.04,1514529
18.04,1513685
18.04,1506598
18.06,1505121
18.06,1501332
19.37,1499791
19.37,1496274
19.37,1491423
19.38,1491299
19.38,1486322
19.40,1485679
19.40,1482509
19.43,1481750
19.43,1477955
19.43,1469825
19.43,1459983
19.43,1454667
19.43,1454269
19.43,1447320
19.43,1433983
19.43,1433021
19.43,1432740
19.43,1428277
19.43,1428273
19.43,1426767
19.43,1426388
19.43,1421535
19.43,1416985
20.15,1414117
20.15,1410935
20.26,1410534
20.26,1409975
20.26,1407662
20.26,1407417
20.26,1402989
20.26,1397894
20.26,1393280
20.26,1391246
20.26,1390194
20.28,1387605
20.28,1384184
20.28,1383563
20.28,1381229
20.28,1379022
20.28,1377916
20.28,1376580
20.28,1368768
22.00,1368380
22.00,1367740
22.00,1364779
22.00,1364367
22.00,1360296
22.00,1356602
22.00,1354328
23.06,1349169
23.06,1348914
23.06,1344582
23.06,1343824
23.06,1338377
23.06,1336205
23.83,1335272
23.83,1324867
23.83,1318071
23.83,1311866
23.83,1311469
23.83,1311383
23.83,1310405
23.84,1307188
23.84,1305984
23.84,1305845
23.84,1302174
23.84,1299998
23.84,1299654
24.59,1299426
24.59,1299290
24.59,1294846
24.59,1292811
24.59,1289996
24.59,1289471
24.59,1286332
24.59,1282331
24.73,1281537
24.73,1279047
24.73,1277293
24.73,1271254
24.73,1268190
24.73,1266706
24.74,1263658
24.74,1259927
24.74,1259663
24.77,1259470
24.77,1254457
24.77,1246992
24.77,1246504
24.77,1245829
26.64,1244579
26.64,1244052
26.64,1241814
26.64,1238887
26.64,1237688
26.64,1236367
26.99,1234090
26.99,1232925
26.99,1232640
26.99,1231540
26.99,1229649
27.00,1228776
27.00,1228686
27.00,1225591
27.03,1222146
27.03,1216882
27.03,1215019
27.03,1214472
27.03,1213382
27.03,1211806
27.03,1209304
27.05,1208431
27.05,1199134
27.98,1198687
27.98,1194413
27.98,1194374
27.98,1193045
27.98,1188828
27.98,1187073
27.98,1186975
27.98,1186155
27.98,1185047
27.98,1180320
27.98,1179714
28.82,1175829
28.82,1175029
28.83,1174784
28.83,1173035
28.83,1172987
28.83,1172737
28.83,1170414
28.83,1168451
28.83,1167259
28.84,1167059
28.84,1166987
28.84,1165232
28.92,1157488
28.92,1157116
28.93,1156194
28.93,1156079
28.93,1155805
28.93,1153795
28.93,1152305
28.93,1152298
28.93,1151387
28.95,1150998
28.95,1150115
28.95,1148338
28.95,1129859
28.95,1124132
28.95,1124004
28.95,1123200
28.95,1123136
28.95,1121689
28.95,1120788
28.95,1119348
28.96,1119140
28.97,1116510
28.97,1115245
28.97,1114820
28.97,1114772
28.98,1110512
28.98,1109674
28.98,1109639
28.98,1109603
28.98,1105319
28.99,1102867
29.00,1100103
30.10,1097934
30.10,1097863
30.10,1095875
30.10,1095055
30.16,1090891
31.69,1090660
31.69,1090589
31.69,1087645
31.70,1082687
31.70,1081474
31.70,1081351
31.70,1081323
31.70,1079870
31.70,1078843
32.09,1078175
32.09,1077990
32.11,1068756
32.11,1066594
32.11,1066259
32.11,1064523
32.11,1059797
32.12,1057052
32.70,1054823
32.79,1054530
32.79,1053375
32.85,1050611
32.85,1050208
32.85,1050149
32.87,1049723
32.90,1049380
32.90,1041036
32.90,1039603
32.90,1037229
32.90,1037164
32.90,1035508
32.90,1035196
32.94,1033945
32.94,1031262
32.95,1030510
32.95,1025742
32.95,1025664
32.95,1025141
32.95,1024869
32.96,1023623
32.96,1022853
32.96,1018047
32.96,1016655
34.58,1016084
34.58,1015502
34.58,1011384
34.58,1010100
34.58,1006520
34.60,1005399
34.60,1005219
34.60,1004638
34.63,1003213
34.63,1001965
34.63,1001945
34.63,1001820
34.63,1000361
34.63,997939
34.63,996308
34.95,996308
34.96,991951
34.96,991899
34.96,989223
34.96,986872
34.96,984433
34.96,982324
34.99,981881
36.59,981010
36.60,980375
36.60,978987
36.60,978784
36.60,977311
36.61,973764
36.62,972919
37.14,972528
37.14,968936
37.26,967627
37.26,967033
37.26,963602
37.66,957433
37.67,954478
37.67,954285
37.67,953393
37.67,952211
37.67,947671
37.67,947512
37.67,944678
37.68,944276
37.68,943249
38.47,940206
38.48,939410
38.49,938578
38.49,938105
38.49,937579
38.49,937337
38.49,936786
38.49,936632
38.49,935509
38.88,934816
38.88,933479
38.88,925760
38.88,925219
38.91,923516
38.91,920445
38.91,920042
38.91,919722
38.92,918323
38.92,915777
38.92,915495
38.92,914399
40.02,913359
40.02,912367
40.03,912263
40.03,909611
40.03,909200
40.03,907453
40.03,906534
40.03,906450
40.03,906339
40.03,905453
40.04,904967
40.04,899400
40.04,898637
40.04,896268
40.06,895436
40.07,895086
40.07,891900
40.07,891253
41.75,890590
41.76,890437
41.76,887595
41.76,887572
41.76,887424
41.76,886900
41.76,883251
41.76,883192
41.80,883087
41.83,881435
41.83,880994
41.83,875369
41.83,875315
41.83,874278
41.83,873124
42.24,870766
42.25,870685
42.25,870236
42.26,868109
42.26,867482
42.26,867332
42.27,866519
42.65,863957
42.65,863566
42.65,863114
42.65,862562
42.66,862104
42.66,861782
42.66,859768
42.66,859359
43.97,859286
43.97,859212
43.97,858996
44.06,857591
44.06,856740
44.06,856255
44.50,855314
44.51,854880
44.51,854840
44.51,853429
44.54,852354
44.58,850921
44.58,848259
44.60,847392
44.60,846838
44.60,845994
44.60,845498
44.68,842659
44.68,842269
44.68,840028
44.68,838805
44.69,838297
44.69,837523
44.69,835728
44.69,833900
44.69,833483
44.70,830394
44.70,830211
44.70,830145
45.70,830104
45.70,824481
45.70,822757
45.70,821948
45.70,821197
46.03,820948
46.03,820731
46.03,819871
46.03,815956
46.06,815275
46.06,814763
46.06,814272
46.06,814128
46.54,812669
46.54,811753
46.54,810403
46.54,810315
46.67,810251
46.67,810076
46.70,808843
46.70,808694
46.70,808089
46.70,807796
46.70,805368
46.71,804356
46.71,802952
46.71,802209
46.71,801802
46.71,799243
46.72,798080
46.74,797157
46.74,796885
47.13,794439
47.13,793282
47.13,791247
47.13,791016
47.13,790328
47.14,789646
47.14,789603
48.93,788573
48.93,788522
48.93,788475
48.93,787436
48.93,785033
48.93,783667
48.93,783117
48.94,782341
48.94,781842
48.94,781703
48.94,781492
48.95,781463
48.95,780090
51.66,779929
51.66,778377
51.66,776936
51.66,775617
51.66,771794
51.69,771560
52.11,770771
52.11,770697
52.12,768553
52.13,767579
52.13,766323
52.15,765634
52.16,764649
52.16,763870
52.16,763538
52.16,762692
52.17,761891
52.17,760248
52.24,759594
52.24,758960
52.24,757708
52.24,754230
52.26,753659
52.27,753078
52.28,750561
52.29,748721
52.29,748592
52.29,748328
54.09,747861
54.09,747633
54.37,746542
54.37,745667
54.38,745082
54.38,744930
54.38,744565
54.58,743982
54.58,743915
54.58,743468
54.58,743345
54.60,742651
54.60,741224
54.61,740502
54.61,739748
54.61,737078
54.62,735670
54.62,735563
54.62,735520
54.64,735400
56.28,734630
56.28,733361
56.54,732410
56.54,731491
56.55,731347
56.55,731337
56.56,730767
56.57,730717
56.57,729533
56.58,729298
56.58,729042
56.58,728969
56.59,728379
56.65,727916
56.65,727208
56.81,726890
56.85,724985
56.85,723536
56.85,723228
57.17,722157
57.17,722105
57.18,721298
57.18,719991
57.18,719182
57.18,718405
57.18,717945
57.19,717237
57.19,717171
57.19,716583
57.20,715166
57.20,714833
57.20,713734
57.20,713344
57.21,712831
57.21,712543
57.21,712346
57.21,712077
59.09,711889
59.09,711751
59.10,711388
59.10,710460
59.11,709414
59.13,708720
59.31,708407
59.32,707798
59.33,707441
59.33,706910
59.33,706850
59.34,706376
59.36,705519
62.01,705061
62.01,704860
62.02,704779
62.03,704096
62.04,703976
62.64,703542
62.65,703049
62.88,702820
62.88,702406
62.89,701094
62.89,700528
62.89,700353
62.90,699479
62.90,699366
62.90,699085
62.90,698173
62.91,697634
63.15,697473
63.18,697070
63.18,696116
63.19,694350
63.19,693925
63.19,693106
63.19,691948
63.20,691766
63.20,691615
63.20,690846
63.21,690440
63.22,690398
63.23,690192
63.24,690096
63.26,689750
63.26,689351
63.26,689325
63.29,687923
63.29,687582
63.29,687304
63.30,686985
66.23,686686
66.23,686575
66.23,686305
67.14,686291
67.14,686197
67.48,686005
67.48,684082
67.89,683855
67.89,683315
67.90,682452
67.90,681663
67.90,681481
67.91,681290
67.91,680408
67.92,679792
67.92,679745
67.92,678722
67.93,678631
67.98,678592
68.02,678571
68.38,678534
72.38,678509
72.39,678266
72.39,677106
72.40,676367
72.41,675678
72.44,675574
72.50,674954
72.50,674247
72.55,673565
72.56,673146
72.56,672754
72.56,672576
72.63,672537
73.26,672412
73.27,671708
73.27,671154
73.29,671112
73.29,670545
73.29,669862
74.31,668727
74.44,667980
74.46,667724
74.46,667674
74.51,667642
74.52,667407
74.54,667166
74.55,667143
74.61,666986
74.62,666791
74.64,666791
74.67,666674
74.67,666651
76.04,666579
76.14,666224
76.16,665867
76.29,665747
76.86,665729
76.87,665545
76.90,665163
76.91,664627
76.94,664233
79.90,664166
79.93,663890
80.33,663886
80.37,663731
80.39,663677
80.40,663677
80.42,663492
80.43,663321
80.43,663073
80.45,663033
80.48,662870
80.71,662272
80.81,662168
83.04,662040
83.05,661762
83.12,661587
83.12,661399
83.18,661285
83.19,660647
83.20,660413
83.23,660357
83.33,660288
83.35,660093
85.44,659853
86.02,659727
86.12,659611
86.57,659526
86.67,659270
87.93,659256
87.95,658714
87.97,658526
89.40,658468
89.40,658323
90.51,658280
90.51,658219
92.44,658061
92.48,658002
92.56,657923
93.61,657768
93.88,657658
93.89,657625
99.89,657617
105.41,657612
105.47,657579
105.53,657547
105.68,657518
