0.07,6899069
0.07,6885861
0.08,6884607
0.08,6879064
0.08,6815828
0.08,6798932
0.08,6763995
0.08,6758112
0.08,6749132
0.08,6704787
0.08,6616267
0.08,6608622
0.08,6608596
0.08,6603609
0.08,6603513
0.08,6594816
0.09,6591960
0.09,6568974
0.09,6560416
0.09,6537557
0.09,6524702
0.09,6520638
0.09,6505290
0.09,6500060
0.09,6496807
0.09,6490453
0.09,6489835
0.09,6486482
0.09,6481749
0.09,6478826
0.10,6405943
0.10,6399747
0.10,6396454
0.10,6394485
0.10,6392941
0.10,6384877
0.10,6371472
0.10,6367285
0.10,6365619
0.10,6362882
0.10,6360729
0.10,6354708
0.10,6349776
0.10,6348487
0.10,6343995
0.10,6341473
0.10,6333323
0.10,6320501
0.10,6316521
0.10,6303348
0.10,6299762
0.10,6299728
0.10,6291735
0.10,6271584
0.10,6271048
0.10,6255793
0.10,6254772
0.10,6254406
0.10,6250669
0.11,6239525
0.11,6236307
0.11,6225776
0.11,6221538
0.11,6209770
0.11,6177195
0.11,6176431
0.11,6169583
0.11,6169420
0.11,6165737
0.11,6160741
0.11,6159641
0.11,6158361
0.11,6140264
0.11,6134339
0.11,6102294
0.11,6057585
0.11,6053293
0.11,5996280
0.11,5988727
0.11,5986109
0.11,5975295
0.11,5973757
0.11,5944721
0.11,5939171
0.11,5915213
0.12,5905951
0.12,5892731
0.12,5884911
0.12,5872408
0.12,5849494
0.12,5836534
0.12,5828656
0.12,5823250
0.12,5781154
0.12,5771749
0.12,5765739
0.12,5764890
0.12,5764604
0.12,5754189
0.12,5753660
0.12,5748589
0.12,5741458
0.12,5718778
0.12,5706322
0.12,5689146
0.12,5681567
0.12,5681439
0.12,5677915
0.12,5648489
0.12,5646508
0.12,5640605
0.12,5636860
0.12,5636673
0.12,5636599
0.12,5621594
0.12,5620979
0.12,5614041
0.12,5610118
0.12,5608764
0.12,5542561
0.13,5530780
0.13,5526518
0.13,5526003
0.13,5521018
0.13,5508111
0.13,5505362
0.13,5504097
0.13,5496428
0.13,5494966
0.13,5479772
0.13,5477259
0.13,5476570
0.13,5454678
0.13,5429309
0.13,5427437
0.13,5420729
0.13,5418063
0.13,5386561
0.13,5370453
0.13,5354248
0.13,5347325
0.13,5328293
0.13,5317834
0.13,5269444
0.13,5260180
0.13,5249469
0.13,5191425
0.13,5191224
0.14,5155032
0.14,5147317
0.14,5141503
0.14,5137425
0.14,5089971
0.14,5089941
0.14,5084612
0.14,5080265
0.14,5080131
0.14,5080079
0.14,5064106
0.14,5049348
0.14,5048769
0.14,5048729
0.14,5046199
0.14,5028917
0.14,5026892
0.14,4960403
0.14,4950493
0.14,4937613
0.14,4904049
0.14,4902472
0.14,4893097
0.14,4868660
0.14,4865998
0.14,4865790
0.14,4865383
0.14,4840108
0.14,4808298
0.14,4803124
0.14,4800992
0.14,4791102
0.14,4790589
0.14,4766227
0.14,4760052
0.14,4757274
0.14,4750739
0.14,4740048
0.14,4737354
0.14,4736360
0.15,4711126
0.15,4706696
0.15,4704259
0.15,4698826
0.15,4695010
0.15,4692457
0.15,4677909
0.15,4675584
0.15,4674496
0.15,4672769
0.15,4644998
0.15,4610808
0.15,4589351
0.15,4526560
0.15,4520571
0.15,4514342
0.15,4502773
0.15,4501273
0.15,4501257
0.15,4464234
0.15,4455383
0.15,4453876
0.15,4450704
0.15,4448862
0.15,4442602
0.16,4432035
0.16,4429911
0.16,4422955
0.16,4421449
0.16,4412021
0.16,4409649
0.16,4406468
0.16,4390818
0.16,4341594
0.16,4338941
0.16,4329933
0.16,4321289
0.16,4321272
0.16,4314261
0.16,4311590
0.16,4311479
0.16,4292589
0.17,4177462
0.17,4131488
0.17,4125851
0.17,4125538
0.17,4125119
0.17,4120645
0.17,4120569
0.17,4113307
0.17,4112548
0.17,4110479
0.17,4108989
0.17,4094783
0.17,4088645
0.17,4064146
0.17,4031250
0.17,4031062
0.17,4030301
0.17,4027275
0.17,4026602
0.17,4026148
0.17,4025475
0.17,4024835
0.17,4015622
0.17,4015297
0.17,4010620
0.18,3959114
0.18,3955578
0.18,3948065
0.18,3935492
0.18,3931675
0.18,3924602
0.18,3921239
0.18,3917625
0.18,3903499
0.18,3902998
0.18,3897861
0.18,3897219
0.18,3885839
0.18,3882789
0.18,3874202
0.18,3870629
0.18,3866309
0.18,3845130
0.18,3840514
0.18,3822218
0.19,3769927
0.19,3769244
0.19,3757604
0.19,3755134
0.20,3740252
0.20,3738999
0.20,3733983
0.20,3733002
0.20,3724741
0.20,3724141
0.20,3713356
0.20,3712378
0.20,3712295
0.20,3710828
0.20,3700785
0.20,3690976
0.20,3689975
0.20,3687955
0.20,3687416
0.20,3682710
0.20,3665336
0.20,3662876
0.20,3657597
0.21,3655779
0.21,3613328
0.21,3596286
0.21,3594886
0.21,3592259
0.21,3591533
0.21,3587767
0.21,3585749
0.21,3585663
0.21,3584716
0.22,3581357
0.22,3569470
0.22,3569134
0.22,3566072
0.22,3552299
0.22,3549214
0.22,3548970
0.22,3548126
0.22,3524127
0.22,3523934
0.22,3518659
0.22,3515694
0.22,3515174
0.22,3513294
0.22,3509108
0.22,3508883
0.22,3502260
0.22,3486333
0.22,3479919
0.22,3478026
0.22,3474853
0.22,3466106
0.22,3451708
0.22,3451510
0.22,3441043
0.22,3427432
0.23,3424563
0.23,3423954
0.23,3417415
0.23,3411400
0.23,3409858
0.23,3399594
0.23,3388831
0.23,3383907
0.25,3382909
0.25,3380949
0.25,3380559
0.25,3378631
0.25,3377807
0.25,3353187
0.25,3342210
0.25,3334008
0.25,3325692
0.25,3325322
0.25,3319176
0.25,3317947
0.25,3303755
0.25,3298663
0.25,3289008
0.25,3288825
0.25,3283657
0.25,3281200
0.25,3279396
0.25,3243377
0.25,3243265
0.25,3238994
0.25,3237842
0.25,3220786
0.25,3220185
0.25,3215544
0.25,3204000
0.25,3203633
0.25,3176484
0.25,3172772
0.25,3169124
0.25,3159873
0.25,3159509
0.25,3156163
0.25,3139827
0.25,3138379
0.26,3083110
0.26,3079560
0.26,3077982
0.26,3048550
0.26,3048519
0.26,3045774
0.26,3040211
0.26,3030483
0.26,3023143
0.26,3018350
0.26,2994119
0.26,2989860
0.30,2985483
0.30,2982105
0.30,2970952
0.30,2968105
0.30,2962380
0.30,2958168
0.30,2951075
0.30,2950948
0.30,2938565
0.30,2926782
0.30,2897224
0.31,2872595
0.31,2871408
0.31,2868767
0.31,2867817
0.31,2858631
0.31,2856575
0.31,2855319
0.31,2853388
0.31,2834318
0.31,2832541
0.31,2820441
0.31,2820260
0.31,2817834
0.31,2811988
0.31,2804812
0.31,2804599
0.32,2799933
0.32,2799584
0.32,2792804
0.32,2786366
0.32,2781913
0.32,2777664
0.32,2777554
0.32,2775549
0.32,2756801
0.32,2751352
0.32,2735709
0.32,2717934
0.32,2715116
0.32,2715012
0.32,2701395
0.32,2674240
0.33,2669934
0.33,2669365
0.33,2668208
0.33,2666786
0.33,2666221
0.33,2664228
0.33,2642822
0.33,2638514
0.50,2612848
0.55,2609890
0.55,2608602
0.55,2604620
0.55,2597098
0.55,2596567
0.55,2586041
0.55,2567678
0.55,2562245
0.56,2559597
0.56,2558627
0.56,2541334
0.59,2541041
0.59,2535828
0.59,2534475
0.60,2534047
0.60,2507802
0.60,2503143
0.60,2499181
0.60,2498075
0.60,2496726
0.60,2496535
0.60,2469032
0.60,2468524
0.60,2453044
0.60,2447838
0.89,2441138
0.89,2430702
0.89,2428723
0.89,2423042
0.89,2415759
0.89,2414423
0.89,2411013
0.89,2405027
0.89,2404522
0.90,2390659
0.90,2385655
0.90,2378201
0.90,2376373
0.91,2373580
0.91,2365233
0.91,2348138
0.91,2341057
0.91,2325767
0.91,2321550
2.12,2314459
2.12,2313794
2.12,2312427
2.12,2311002
2.12,2307736
2.12,2306460
2.12,2299647
2.12,2297847
3.22,2285095
3.22,2276153
3.95,2271089
3.95,2269302
3.95,2264620
3.95,2258844
3.95,2254091
3.95,2250660
3.95,2245904
3.95,2239342
3.95,2218110
3.95,2217222
3.95,2216224
4.40,2209281
4.40,2206196
4.42,2204194
4.42,2203752
4.42,2201440
4.42,2181501
4.42,2181029
4.42,2166305
4.42,2164939
4.42,2164025
4.66,2162827
4.67,2162297
4.67,2161683
4.68,2148615
4.68,2144940
4.82,2134757
4.95,2130714
4.95,2130621
4.95,2110881
4.95,2106209
5.05,2104513
5.05,2103728
5.05,2102727
5.06,2084750
5.06,2075572
5.06,2075104
5.06,2067351
5.06,2065927
5.06,2061852
5.06,2059989
5.06,2059455
5.06,2053050
5.76,2052200
5.76,2049858
5.76,2046396
5.76,2044538
5.76,2042194
5.76,2029843
5.76,2026436
5.76,2021882
6.10,2006977
6.10,2003897
6.10,1998351
6.10,1995471
6.10,1993811
6.10,1992861
6.10,1989917
6.10,1989745
6.10,1987170
6.10,1985699
6.10,1984578
6.10,1983906
6.10,1963710
6.10,1960363
6.10,1959314
6.10,1950068
6.10,1947657
6.10,1938520
6.10,1931259
6.11,1930137
7.48,1928794
7.48,1926119
7.48,1925366
7.48,1925296
7.48,1910722
7.48,1910173
7.48,1908917
7.49,1908543
7.49,1907883
9.70,1900386
9.70,1900244
9.70,1894832
9.70,1887976
9.78,1873717
9.78,1872362
10.52,1866600
10.52,1865178
10.52,1862352
10.52,1855181
10.63,1846334
10.63,1846267
10.63,1845560
10.64,1843864
10.64,1842076
10.64,1832439
10.64,1828459
10.64,1821464
10.64,1821249
10.64,1820076
10.64,1802346
10.64,1797118
10.64,1793911
10.67,1789722
10.67,1788385
10.67,1787909
10.67,1786030
10.67,1784554
10.67,1780441
10.67,1779373
10.67,1776134
10.67,1774838
10.68,1774787
10.68,1771360
10.68,1769280
10.68,1767653
10.68,1765490
10.68,1763320
10.68,1755920
10.68,1753378
10.68,1752396
10.68,1750777
10.68,1749812
10.69,1748872
10.69,1747012
11.00,1745128
11.00,1742600
12.63,1742429
12.63,1740357
12.63,1737357
12.63,1737003
12.63,1728534
12.63,1725130
12.63,1722046
12.63,1720044
12.63,1719465
12.63,1706200
12.63,1704995
12.63,1703461
12.63,1703022
12.63,1700230
12.63,1699224
12.67,1693763
12.67,1691454
12.67,1691348
12.67,1691198
12.67,1690312
14.32,1690152
14.32,1687077
14.33,1684763
14.33,1683575
14.33,1681404
14.33,1678859
14.33,1667828
14.33,1664615
14.33,1662308
14.33,1662301
14.33,1656827
14.37,1656192
14.37,1653118
14.37,1647902
14.78,1646978
14.78,1646664
14.78,1645432
14.78,1634264
14.78,1633107
14.78,1633097
14.78,1628099
14.78,1627877
14.78,1625483
14.78,1622075
14.78,1599218
14.78,1595922
14.78,1591717
14.78,1586102
14.78,1582742
14.79,1576594
14.79,1570165
14.79,1547422
14.79,1544694
16.60,1543786
16.60,1541797
16.60,1540486
16.60,1539875
16.61,1536444
16.61,1533659
16.61,1532742
16.61,1531968
16.61,1531930
16.61,1531898
16.61,1530052
16.61,1521989
16.61,1518409
16.61,1515484
16.61,1503982
16.61,1494467
16.61,1492592
16.61,1489625
16.78,1487478
16.79,1487129
16.79,1484409
16.79,1483485
19.48,1481944
19.48,1480393
19.48,1477179
19.48,1476364
19.48,1475682
19.82,1472210
19.82,1470596
19.82,1466362
19.82,1466282
19.82,1464879
19.82,1459691
19.82,1459524
19.82,1452796
20.19,1444669
20.19,1440745
20.29,1439564
21.16,1436127
21.16,1430795
21.16,1424563
21.16,1424129
21.16,1417293
21.16,1416501
21.24,1413591
21.24,1413148
21.24,1413139
21.25,1410546
21.25,1408493
21.35,1403735
21.35,1396351
21.35,1396295
21.35,1394592
21.37,1392305
21.38,1390532
21.38,1389264
21.38,1382406
21.38,1377806
21.38,1376047
21.40,1374974
21.40,1374221
21.40,1367408
21.40,1366917
21.40,1362001
21.40,1360910
21.40,1360775
21.40,1359153
21.40,1359152
21.40,1356959
21.40,1356633
21.40,1355905
21.40,1353068
21.41,1351923
21.41,1350439
21.41,1338705
21.41,1327701
21.41,1326299
21.41,1323037
21.41,1322781
21.41,1321930
21.41,1315171
21.41,1311021
21.42,1308610
21.43,1305843
23.46,1304110
23.46,1301394
23.46,1300627
23.46,1298738
23.46,1296874
23.46,1295920
23.46,1294635
23.46,1294590
23.47,1292446
23.47,1288729
23.47,1285549
23.47,1285462
23.47,1277036
23.47,1275669
23.47,1274491
23.47,1274383
23.47,1273309
23.93,1272492
23.93,1270187
23.95,1264138
23.95,1263450
23.95,1263332
23.95,1255737
23.95,1248681
23.95,1245375
24.36,1243451
27.17,1240955
27.17,1239155
27.17,1237022
27.17,1236927
27.17,1236891
27.17,1236067
27.17,1232898
27.17,1232350
27.17,1226375
27.17,1225477
27.17,1223351
27.17,1223113
27.17,1221047
27.17,1217775
27.17,1214674
27.81,1212976
27.81,1212903
27.81,1208392
27.81,1207193
27.82,1205815
27.83,1205613
27.84,1201468
27.84,1197099
28.97,1197062
28.97,1187929
28.97,1186031
29.37,1184909
29.37,1184721
29.37,1184685
29.37,1183168
29.38,1174897
29.38,1174146
29.38,1173762
29.38,1167874
29.38,1164306
29.38,1162025
29.38,1160886
29.38,1160648
29.38,1158079
29.38,1156822
29.38,1151931
29.95,1148427
29.95,1146858
29.95,1146371
29.95,1145779
29.95,1145774
29.96,1141807
29.96,1138969
29.96,1137891
29.96,1137253
29.96,1136374
29.96,1134183
30.09,1134055
30.09,1133396
30.09,1128771
30.10,1126212
30.10,1125402
30.10,1121165
30.10,1120546
30.10,1120235
30.10,1117538
30.10,1117208
30.10,1112482
30.10,1109598
30.10,1108119
30.10,1107135
30.10,1105463
30.10,1105462
30.10,1103307
31.33,1101887
31.33,1101471
31.33,1101269
31.99,1098475
31.99,1095263
31.99,1094473
32.08,1094383
32.11,1090395
32.11,1089613
32.11,1082491
32.11,1081106
32.11,1080746
32.11,1078430
33.22,1075537
33.22,1075525
33.22,1073395
33.29,1071837
33.30,1071713
33.30,1069865
33.30,1066097
33.30,1062682
33.30,1058550
33.30,1056921
33.31,1056222
33.31,1048504
33.55,1048136
33.57,1043910
33.57,1039588
33.57,1036714
33.57,1036064
33.57,1031739
33.57,1029858
33.58,1029845
33.58,1028832
33.58,1026508
33.58,1024519
33.58,1022545
33.58,1020862
33.58,1020795
33.58,1017133
33.58,1016986
33.58,1014022
35.13,1013995
35.13,1013711
35.13,1011394
35.13,1011020
35.13,1009747
35.13,1007942
35.13,1007518
35.13,1006101
35.13,1006099
35.14,1004640
35.14,1004400
35.14,1001287
35.14,996047
35.15,995948
35.15,995692
35.15,994481
35.15,990215
35.15,989191
35.15,988584
35.15,987092
35.15,985498
35.15,985327
35.15,985258
35.15,984809
35.15,982981
35.15,980497
35.15,980103
35.15,975514
35.15,972550
35.15,972119
35.16,971923
35.16,971022
35.16,965531
35.16,962931
35.16,958360
35.16,956176
35.16,954162
35.16,954153
35.16,953234
35.16,951935
37.35,950364
37.36,949689
37.37,947896
37.37,947739
37.37,945963
37.37,945937
37.37,945054
37.37,944018
37.37,943210
37.37,938758
37.37,938441
37.37,936282
37.37,933779
37.37,932327
38.97,932265
40.08,929227
40.08,925687
40.08,924483
40.08,923160
40.08,922083
40.08,921949
40.08,921098
40.08,920982
40.08,920931
40.08,919095
40.09,918280
40.09,917286
40.09,917105
40.09,911957
40.10,911665
40.10,910795
40.10,908719
40.10,908387
41.94,907825
41.94,907519
41.94,907437
41.95,905110
41.95,904804
41.95,903924
41.95,903781
41.95,903459
41.95,902708
41.96,901545
41.96,901454
41.97,900486
41.97,900306
42.01,894943
42.01,892003
42.01,891818
42.01,891302
42.01,891195
42.01,889167
42.01,887611
42.02,886746
42.02,885943
42.02,885203
42.03,883633
42.03,882899
42.04,882780
42.04,879660
42.04,879432
42.04,879232
42.04,877181
42.05,876288
42.33,874566
42.33,873970
42.33,873249
42.33,872579
42.33,872032
42.33,871768
42.33,870637
42.33,869533
42.34,867540
42.35,864354
43.21,862951
43.21,862674
43.35,861815
43.35,858622
43.36,857848
43.36,857665
43.36,854982
43.36,854084
43.36,853547
43.36,852326
43.70,851049
43.71,850918
43.71,850049
43.72,849997
43.82,848815
43.82,848197
43.82,845253
44.06,845013
44.44,844651
44.44,842995
44.45,842530
44.45,842522
44.45,841688
44.45,841242
44.47,840133
44.47,839286
44.47,839274
44.47,835149
44.47,832494
44.47,830410
44.47,830200
45.35,828574
45.35,827911
45.35,827902
45.35,826612
45.36,825988
45.36,825765
45.77,824115
45.77,823884
45.81,821326
45.85,820937
45.86,820772
45.87,820361
45.87,820148
45.87,818539
46.71,818213
46.71,817558
46.71,814837
46.71,813612
46.71,813445
46.72,813130
47.11,813092
47.11,812177
47.12,812050
47.12,811994
47.12,811960
47.12,811900
47.54,810909
47.60,810501
47.61,810058
47.61,810027
47.61,809769
47.89,809598
47.90,809041
47.90,808984
47.91,808418
47.91,806053
47.91,804987
47.91,804851
47.91,804393
47.91,803833
47.91,800931
49.30,799740
49.44,799697
49.45,799489
49.46,799273
49.46,799131
49.46,799122
49.46,798041
49.46,797322
49.46,796693
49.46,796300
49.46,796105
49.47,795248
49.47,793970
49.56,793098
49.56,792607
49.56,791909
50.39,791818
50.39,791525
50.39,789907
50.39,789840
50.40,786616
50.40,784639
50.46,784568
50.46,782952
50.47,782512
50.47,781818
50.47,781497
50.48,780526
50.48,780459
50.48,779356
50.48,779287
51.44,778629
51.44,777755
51.44,776749
52.18,776481
52.18,775492
52.20,774889
52.20,774775
52.21,774318
52.21,774036
52.22,773903
52.23,773770
52.23,772852
52.23,772336
52.27,772234
52.27,772168
52.27,771419
52.27,769596
52.27,768086
52.28,764316
52.28,762710
52.28,761315
52.28,760870
52.28,760607
52.28,760013
53.97,759333
53.97,759006
53.98,757864
53.98,757024
53.99,756302
53.99,755989
53.99,755299
53.99,754952
54.00,754119
54.68,754101
54.69,753992
54.69,753783
54.69,752784
54.69,751820
54.69,749409
54.70,749260
54.71,748153
54.72,747510
54.72,746605
54.73,746219
54.73,746029
54.98,745975
54.98,745755
54.98,744939
54.98,744917
55.44,744649
55.44,744520
56.15,742455
56.16,740552
56.16,740409
56.92,739319
56.93,738845
56.94,738598
56.94,738391
57.00,737998
57.01,737701
57.01,737106
57.01,736350
57.03,734470
57.03,732631
57.04,732290
57.04,731812
57.04,731800
57.04,731755
57.05,731339
57.05,730645
57.06,730253
57.06,729296
57.06,729077
57.06,727780
57.07,727116
57.07,726707
57.07,726641
57.08,726417
57.08,725463
57.09,725442
57.09,724829
57.11,724743
57.11,724531
57.12,723666
57.12,723255
57.12,723234
57.52,720867
57.52,720593
57.52,717157
57.52,715784
57.52,715516
57.53,714862
57.57,714092
59.24,713620
59.24,712892
59.30,710858
59.30,710279
61.50,710032
61.50,709660
61.61,709211
61.66,708471
61.77,708335
61.82,706431
61.82,705321
61.83,704723
61.83,704592
61.85,704183
61.85,703402
61.85,702357
61.85,701612
62.54,701247
62.74,700892
62.75,700808
62.75,700387
62.99,699697
63.00,699665
63.00,698622
63.01,698236
63.01,697503
63.01,697362
63.01,697267
63.02,697138
63.02,696888
63.02,695086
63.04,695004
63.13,694308
63.14,693679
63.14,692592
63.14,690807
66.84,690760
66.84,690128
66.84,689969
66.84,689785
66.92,689344
66.93,689036
66.93,687892
66.95,687420
66.95,687132
66.95,686539
66.96,684978
67.01,684371
67.02,683514
67.43,683500
67.43,682906
67.43,682763
67.90,682067
67.91,681889
67.92,681682
67.93,681592
67.93,681515
67.94,681513
67.96,681226
67.99,681188
67.99,680892
67.99,680056
67.99,679800
68.01,679160
68.01,678976
68.02,678144
68.43,677549
70.96,677463
70.97,677416
70.97,677218
70.98,676608
71.01,676431
71.01,676344
72.13,676281
72.14,674799
72.38,673583
72.39,673116
72.39,672834
72.39,672550
72.40,672336
72.40,672060
72.40,671303
72.40,671177
72.41,669906
72.41,669846
72.43,669787
72.43,669368
72.44,668821
72.45,668351
72.46,668053
72.86,667952
72.86,667944
72.88,667741
80.69,667432
80.78,667057
80.78,666995
80.90,666888
80.90,666827
80.96,666142
80.96,666048
80.98,665046
80.99,664757
81.80,664702
81.81,664540
82.01,664484
83.20,664341
83.20,664281
83.35,664267
83.45,664258
83.49,664240
85.35,663958
85.37,663782
85.38,663569
89.03,663209
89.05,662798
90.05,662497
90.29,661882
90.55,661734
90.56,661674
90.59,661567
90.97,661542
91.50,661441
91.61,661428
91.64,661150
92.32,661082
92.34,661021
92.42,660926
97.96,660867
98.20,660760
110.33,660749
110.37,660727
113.03,660727
113.62,660705
