0.00,6981291
0.01,6935678
0.01,6920473
0.01,6909726
0.01,6907348
0.01,6885937
0.01,6857545
0.01,6855831
0.01,6854001
0.01,6848418
0.01,6834885
0.01,6820740
0.01,6803723
0.01,6802821
0.01,6785323
0.01,6782379
0.01,6743551
0.01,6722100
0.01,6711951
0.01,6711774
0.02,6710165
0.02,6706940
0.02,6701521
0.02,6698584
0.02,6676040
0.02,6673476
0.02,6667208
0.02,6652252
0.02,6614880
0.02,6611178
0.02,6594986
0.02,6569088
0.02,6568355
0.02,6548808
0.02,6521576
0.02,6520706
0.02,6459959
0.02,6444360
0.02,6384389
0.02,6380532
0.02,6378745
0.02,6378373
0.02,6367460
0.02,6356948
0.02,6319983
0.02,6316463
0.02,6277131
0.02,6270576
0.02,6263255
0.02,6261558
0.02,6229998
0.02,6194112
0.02,6159692
0.02,6133352
0.02,6126498
0.02,6117495
0.03,6106268
0.03,6099925
0.03,6086034
0.03,6075297
0.03,6065740
0.03,6062326
0.03,6061534
0.03,6060773
0.03,6059200
0.03,6057287
0.03,6034269
0.03,6033706
0.03,6000560
0.03,5999112
0.03,5991531
0.03,5986373
0.03,5983009
0.03,5975865
0.03,5967538
0.03,5953666
0.03,5939695
0.03,5939564
0.03,5935987
0.03,5880113
0.03,5874391
0.04,5864522
0.04,5864463
0.04,5862326
0.04,5859817
0.04,5834541
0.04,5810131
0.04,5805017
0.04,5775006
0.04,5772011
0.04,5767628
0.04,5766173
0.04,5747219
0.04,5734183
0.04,5731050
0.04,5719109
0.04,5714202
0.04,5709087
0.04,5695175
0.04,5693046
0.04,5624335
0.04,5621818
0.04,5603282
0.04,5562315
0.04,5559462
0.04,5554009
0.04,5550494
0.04,5547365
0.04,5539111
0.04,5536168
0.04,5534983
0.04,5514818
0.04,5510893
0.04,5445292
0.04,5443301
0.04,5442958
0.04,5430004
0.04,5422148
0.04,5417644
0.04,5417349
0.04,5412744
0.04,5409398
0.04,5408411
0.04,5400857
0.05,5397932
0.05,5391992
0.05,5384354
0.05,5382457
0.05,5381041
0.05,5380200
0.05,5370296
0.05,5365959
0.05,5363762
0.05,5363009
0.05,5362404
0.05,5353923
0.05,5347892
0.05,5322552
0.05,5322526
0.05,5320050
0.05,5319814
0.05,5319472
0.05,5303035
0.05,5299483
0.05,5292269
0.05,5271468
0.05,5268301
0.05,5254143
0.05,5247111
0.05,5239476
0.05,5221489
0.05,5219097
0.05,5218383
0.05,5197999
0.05,5191695
0.05,5191353
0.05,5175224
0.05,5175058
0.05,5173844
0.05,5165484
0.05,5160603
0.05,5142958
0.05,5139187
0.05,5121993
0.05,5109876
0.05,5098787
0.06,5060391
0.06,5058345
0.06,5028853
0.06,5027967
0.06,5027499
0.06,5022076
0.06,5020202
0.06,5017704
0.06,5015801
0.06,5014523
0.06,5014316
0.06,5008768
0.06,5001475
0.06,5000909
0.06,4992852
0.06,4990824
0.06,4990221
0.06,4981879
0.06,4979479
0.06,4956513
0.06,4955874
0.06,4954171
0.06,4918565
0.06,4909259
0.06,4908215
0.06,4908091
0.06,4901990
0.06,4896544
0.06,4896293
0.06,4868050
0.06,4860552
0.06,4857711
0.06,4857696
0.06,4857187
0.06,4852385
0.06,4797848
0.06,4783020
0.06,4780671
0.06,4772218
0.06,4772078
0.06,4764395
0.06,4742892
0.06,4700352
0.06,4667953
0.06,4666377
0.06,4663328
0.06,4659474
0.07,4656514
0.07,4655343
0.07,4654586
0.07,4635172
0.07,4618964
0.07,4617302
0.07,4616933
0.07,4616527
0.07,4591837
0.07,4579678
0.07,4573579
0.07,4566674
0.07,4561090
0.07,4561004
0.07,4559202
0.07,4558604
0.07,4553802
0.07,4552197
0.07,4539534
0.07,4460356
0.07,4460275
0.07,4459506
0.07,4448370
0.07,4446512
0.07,4443961
0.07,4442927
0.07,4439725
0.07,4427019
0.07,4426536
0.07,4425925
0.07,4424255
0.07,4420230
0.07,4407711
0.07,4405320
0.07,4404713
0.07,4390133
0.07,4377781
0.07,4372670
0.07,4340936
0.07,4340858
0.07,4337299
0.07,4331378
0.07,4317047
0.07,4316992
0.07,4311865
0.07,4297101
0.07,4296064
0.07,4293475
0.08,4288960
0.08,4278955
0.08,4277713
0.08,4243332
0.08,4154927
0.08,4145301
0.08,4124614
0.08,4122860
0.08,4121384
0.08,4119314
0.08,4101890
0.08,4100081
0.08,4097849
0.08,4097777
0.08,4088394
0.08,4087617
0.08,4070149
0.08,4068101
0.08,4067662
0.08,4066781
0.08,4059463
0.08,4028082
0.08,4006947
0.08,4001036
0.08,3989457
0.08,3985899
0.08,3984698
0.08,3984311
0.08,3959682
0.08,3951536
0.08,3951192
0.08,3940345
0.08,3928699
0.08,3927433
0.08,3925929
0.08,3897288
0.08,3869219
0.08,3863911
0.08,3856395
0.08,3856162
0.08,3781080
0.08,3768001
0.08,3766763
0.08,3765618
0.08,3765219
0.08,3756753
0.08,3756585
0.08,3744400
0.08,3743907
0.08,3729239
0.08,3726769
0.08,3725478
0.08,3713882
0.08,3711052
0.08,3707283
0.09,3705921
0.09,3699571
0.09,3693329
0.09,3690992
0.09,3689844
0.09,3682410
0.09,3681105
0.09,3677374
0.09,3672920
0.09,3671063
0.09,3646416
0.09,3638474
0.09,3634727
0.09,3633077
0.09,3621303
0.09,3621300
0.09,3620978
0.09,3617222
0.09,3617037
0.09,3616711
0.09,3616579
0.09,3608695
0.09,3591774
0.09,3582829
0.09,3568142
0.09,3559189
0.09,3555134
0.09,3554996
0.09,3545755
0.09,3526355
0.09,3512411
0.09,3496193
0.09,3492425
0.09,3486974
0.09,3481841
0.09,3478743
0.09,3466286
0.09,3455003
0.09,3453631
0.09,3453624
0.09,3450412
0.09,3449833
0.09,3441168
0.09,3400909
0.09,3400295
0.09,3387017
0.09,3376716
0.09,3357258
0.09,3354407
0.09,3351256
0.10,3350254
0.10,3349948
0.10,3346952
0.10,3343964
0.10,3338326
0.10,3330237
0.10,3326714
0.10,3319022
0.10,3318862
0.10,3282856
0.10,3282777
0.10,3279887
0.10,3279494
0.10,3278025
0.10,3185251
0.10,3185177
0.10,3185142
0.10,3184722
0.10,3181703
0.10,3172428
0.10,3133441
0.10,3131722
0.10,3127080
0.10,3126496
0.10,3088037
0.10,3087692
0.10,3073150
0.10,3067800
0.11,3066100
0.11,3064488
0.11,3061872
0.11,3061596
0.11,3061526
0.11,3060750
0.11,3058913
0.11,3057176
0.11,3056930
0.11,3036945
0.11,3014130
0.11,3013706
0.11,3013653
0.11,3012282
0.11,3010463
0.11,2998935
0.11,2998738
0.11,2940687
0.11,2933326
0.11,2928221
0.11,2924310
0.11,2923638
0.11,2919420
0.11,2917483
0.11,2915435
0.12,2915085
0.12,2913905
0.12,2911831
0.12,2909648
0.12,2907471
0.12,2902632
0.12,2902508
0.12,2896193
0.12,2893855
0.12,2889160
0.12,2864343
0.12,2862363
0.12,2862307
0.12,2859454
0.12,2850882
0.12,2840606
0.12,2837392
0.12,2833978
0.12,2833355
0.12,2831345
0.12,2831155
0.12,2830508
0.12,2823799
0.12,2823649
0.12,2821962
0.12,2821871
0.12,2811948
0.12,2774357
0.12,2706454
0.12,2704538
0.12,2703994
0.12,2702113
0.12,2701251
0.12,2699087
0.12,2696666
0.12,2693806
0.12,2693235
0.12,2688548
0.12,2683394
0.12,2683271
0.12,2681797
0.12,2626246
0.13,2625987
0.13,2623072
0.13,2612763
0.13,2610585
0.13,2610000
0.13,2600315
0.13,2547573
0.13,2545765
0.13,2538896
0.13,2537862
0.13,2516072
0.13,2515198
0.13,2515198
0.13,2515030
0.13,2508820
0.13,2508558
0.13,2506877
0.13,2505503
0.13,2504469
0.13,2504414
0.13,2503379
0.13,2499706
0.13,2497804
0.13,2497727
0.13,2491288
0.13,2491064
0.13,2488419
0.13,2483614
0.13,2480294
0.13,2475603
0.13,2474527
0.13,2463615
0.13,2462956
0.13,2443698
0.13,2443558
0.13,2443513
0.13,2434287
0.14,2434017
0.14,2432957
0.14,2429577
0.14,2400347
0.14,2399780
0.14,2399239
0.14,2398621
0.14,2396926
0.14,2396407
0.14,2354172
0.14,2351004
0.14,2348359
0.14,2348320
0.14,2348300
0.14,2282413
0.14,2281623
0.14,2281054
0.14,2280477
0.14,2278416
0.14,2274670
0.14,2265363
0.14,2264633
0.14,2264468
0.14,2264088
0.14,2263482
0.14,2262876
0.14,2261796
0.14,2260674
0.14,2256575
0.14,2244102
0.14,2241685
0.15,2237758
0.15,2237312
0.15,2236902
0.15,2236627
0.15,2235909
0.15,2226747
0.15,2226170
0.15,2216425
0.15,2212317
0.15,2211187
0.15,2211178
0.15,2208852
0.15,2205330
0.15,2205259
0.15,2201754
0.15,2201235
0.15,2199021
0.15,2195888
0.15,2195201
0.15,2191089
0.15,2185541
0.15,2183963
0.15,2182487
0.15,2176422
0.16,2174492
0.16,2166376
0.16,2165739
0.16,2161736
0.16,2161557
0.16,2161017
0.16,2160309
0.16,2159429
0.16,2159111
0.16,2158899
0.16,2158600
0.16,2158438
0.16,2158348
0.16,2155232
0.16,2154661
0.16,2141128
0.16,2137515
0.16,2129819
0.16,2129010
0.16,2127204
0.16,2125734
0.16,2125208
0.16,2122665
0.16,2120716
0.16,2098314
0.16,2080769
0.17,2080578
0.17,2079432
0.17,2079072
0.17,2070145
0.17,2069648
0.17,2068342
0.17,2067450
0.17,2067415
0.17,2066906
0.17,2057207
0.17,2056643
0.17,2053325
0.17,2052635
0.17,2052612
0.17,2050539
0.17,2049752
0.17,2048009
0.17,2047893
0.17,2047767
0.17,2046509
0.17,2046094
0.17,2044307
0.18,2043889
0.18,2041279
0.18,1933554
0.18,1922813
0.18,1922478
0.18,1918764
0.18,1917393
0.18,1916574
0.18,1915199
0.18,1914968
0.18,1914275
0.18,1913360
0.18,1912469
0.18,1912465
0.19,1911247
0.19,1910026
0.19,1908937
0.19,1904599
0.19,1903899
0.19,1902146
0.19,1901782
0.19,1899050
0.19,1898932
0.19,1898712
0.19,1889491
0.19,1883825
0.19,1883678
0.19,1883363
0.19,1882580
0.19,1881277
0.19,1880764
0.20,1880693
0.20,1876682
0.20,1875293
0.20,1867765
0.20,1866996
0.20,1866747
0.20,1864903
0.20,1864478
0.20,1862752
0.20,1855023
0.20,1854392
0.20,1852414
0.20,1852189
0.20,1849835
0.20,1813159
0.20,1812943
0.20,1812785
0.20,1812665
0.20,1810549
0.20,1807693
0.20,1806118
0.20,1800311
0.20,1800295
0.21,1799988
0.21,1799864
0.21,1797289
0.21,1796903
0.21,1796306
0.21,1796276
0.21,1795808
0.21,1794597
0.21,1792334
0.21,1791044
0.21,1791028
0.22,1790390
0.22,1790080
0.22,1789864
0.22,1787785
0.22,1762687
0.22,1761603
0.22,1747166
0.22,1743917
0.22,1742968
0.22,1739103
0.22,1738085
0.22,1737361
0.22,1736794
0.22,1734624
0.23,1733243
0.23,1731741
0.23,1731244
0.23,1730197
0.23,1728692
0.23,1728556
0.23,1726627
0.23,1726054
0.23,1723997
0.23,1716270
0.23,1715802
0.23,1713805
0.23,1711793
0.24,1711585
0.24,1704381
0.24,1648808
0.24,1648179
0.24,1647730
0.24,1647146
0.24,1645576
0.24,1644802
0.24,1643843
0.24,1643070
0.24,1641872
0.24,1641707
0.24,1641148
0.24,1640916
0.24,1640582
0.24,1639308
0.25,1638080
0.25,1638005
0.25,1637404
0.25,1637361
0.25,1636178
0.25,1635389
0.25,1625670
0.25,1625632
0.25,1620215
0.25,1617766
0.25,1616754
0.25,1616134
0.26,1616046
0.26,1614989
0.26,1614951
0.26,1609138
0.26,1604951
0.26,1592986
0.26,1591263
0.27,1541230
0.27,1518703
0.27,1496635
0.27,1496051
0.27,1494746
0.27,1493238
0.28,1492730
0.28,1491058
0.28,1489766
0.28,1488820
0.28,1460662
0.28,1459466
0.28,1446138
0.29,1444896
0.29,1444249
0.29,1442943
0.29,1442908
0.29,1441400
0.29,1439385
0.29,1424176
0.29,1421471
0.29,1421445
0.29,1421164
0.30,1420757
0.30,1420750
0.30,1416182
0.30,1416168
0.30,1411442
0.30,1411255
0.30,1407627
0.30,1406254
0.31,1406228
0.31,1404654
0.31,1398882
0.31,1397749
0.31,1388744
0.32,1387804
0.32,1387248
0.32,1386963
0.32,1386864
0.32,1386796
0.32,1386633
0.32,1365194
0.32,1364695
0.32,1362669
0.33,1359083
0.33,1356280
0.33,1355497
0.33,1355342
0.33,1354752
0.33,1351710
0.33,1351657
0.33,1350799
0.34,1350117
0.34,1348413
0.34,1347609
0.34,1343408
0.34,1342714
0.34,1342661
0.34,1342037
0.34,1341535
0.34,1340885
0.34,1339819
0.35,1339570
0.35,1336682
0.35,1335704
0.35,1334535
0.35,1332622
0.36,1331460
0.36,1331343
0.36,1331303
0.36,1331251
0.36,1330552
0.36,1311796
0.37,1311484
0.37,1310624
0.37,1305556
0.37,1305486
0.37,1304593
0.38,1304012
0.38,1299536
0.38,1298794
0.38,1298545
0.38,1293293
0.39,1291979
0.39,1291779
0.39,1291187
0.39,1285441
0.39,1285026
0.39,1281054
0.40,1280766
0.40,1268687
0.40,1267581
0.40,1264875
0.40,1264641
0.40,1257900
0.40,1255933
0.41,1254518
0.41,1254343
0.41,1252221
0.41,1247016
0.41,1239307
0.41,1239278
0.41,1238545
0.41,1236094
0.42,1234503
0.42,1234239
0.43,1233813
0.43,1232690
0.43,1228370
0.43,1227353
0.43,1216860
0.43,1216791
0.44,1216296
0.44,1208118
0.45,1205751
0.45,1205295
0.45,1204424
0.45,1204384
0.45,1202723
0.45,1202446
0.45,1202365
0.45,1180400
0.46,1179898
0.46,1179675
0.46,1177732
0.46,1177194
0.46,1176874
0.46,1175846
0.46,1175718
0.46,1173251
0.47,1171685
0.47,1171271
0.47,1166240
0.47,1166082
0.47,1165856
0.48,1163072
0.48,1163044
0.48,1161983
0.48,1160721
0.48,1157612
0.48,1156021
0.48,1152732
0.49,1152714
0.49,1146945
0.49,1143109
0.49,1141770
0.50,1140947
0.50,1128660
0.50,1127681
0.50,1126986
0.50,1125372
0.51,1125055
0.51,1124426
0.51,1115059
0.51,1102601
0.51,1102490
0.51,1102034
0.52,1101444
0.52,1100252
0.52,1100222
0.52,1099166
0.52,1098073
0.52,1095278
0.53,1093777
0.53,1093572
0.53,1093531
0.54,1092761
0.54,1092456
0.54,1088350
0.54,1088073
0.55,1087355
0.55,1075452
0.55,1072570
0.55,1069873
0.55,1069433
0.56,1067440
0.56,1065449
0.57,1061272
0.57,1056000
0.57,1055991
0.57,1055377
0.57,1054154
0.57,1049133
0.57,1048027
0.57,1047617
0.58,1045639
0.59,1044077
0.59,1043426
0.60,1041807
0.60,1037006
0.60,1036846
0.60,1036196
0.61,1035992
0.61,1035938
0.61,1035202
0.61,1022168
0.61,974133
0.61,973843
0.62,973724
0.62,965982
0.63,965205
0.64,964681
0.64,964504
0.64,964056
0.64,962974
0.64,949546
0.65,948968
0.65,947854
0.66,946174
0.66,944728
0.67,944275
0.68,944103
0.69,942819
0.69,931818
0.70,913316
0.70,912783
0.70,912164
0.71,911433
0.71,911311
0.72,910623
0.73,908663
0.73,905113
0.73,903335
0.74,903236
0.74,902542
0.76,902138
0.76,898682
0.76,898617
0.78,891378
0.79,891142
0.80,890211
0.81,854063
0.81,853572
0.81,848055
0.82,846795
0.82,845379
0.83,844236
0.83,843191
0.83,839920
0.84,838791
0.84,834746
0.84,832693
0.84,832429
0.86,830645
0.86,829519
0.86,829421
0.87,827256
0.87,827095
0.88,825704
0.91,825432
0.91,825260
0.91,816494
0.93,814531
0.94,813733
0.95,801308
0.97,801242
0.99,800616
1.00,800317
1.00,799955
1.01,799147
1.01,798240
1.01,797651
1.03,796042
1.04,795586
1.05,792315
1.06,792152
1.07,792085
1.07,789673
1.07,789668
1.07,787390
1.07,787114
1.07,787015
1.08,784818
1.08,784748
1.08,784217
1.09,783942
1.10,783747
1.12,782265
1.13,781289
1.13,780841
1.14,780356
1.15,780202
1.15,778071
1.16,777036
1.16,776909
1.18,775804
1.22,775463
1.24,775318
1.24,775137
1.25,774749
1.25,774213
1.27,773376
1.27,772830
1.28,772790
1.28,772203
1.28,750977
1.30,750374
1.31,745866
1.33,744527
1.33,743582
1.35,743306
1.35,743280
1.35,742897
1.40,742873
1.40,741619
1.40,732437
1.42,732039
1.44,731549
1.46,729525
1.50,728767
1.52,728232
1.52,728043
1.61,725555
1.63,725295
1.75,724526
1.78,723902
1.83,723700
1.89,723576
1.89,720844
1.89,720063
1.90,705967
1.98,705725
2.01,704414
2.31,704284
2.37,703720
2.41,700533
2.42,699540
2.42,699540
2.55,699483
2.65,699443
2.65,698427
2.66,697758
2.66,696938
2.74,695469
2.85,694166
3.04,692776
3.23,692115
3.37,692026
3.67,691969
4.03,691570
6.28,688947
6.29,688848
6.36,688461
6.37,686970
6.42,686840
6.44,686379
6.45,685209
6.75,685208
6.87,684376
7.01,684376
7.20,684345
11.45,683470
11.85,683287
12.20,682562
12.32,682145
12.38,682040
12.76,681426
16.09,681344
16.27,681092
16.32,680628
16.54,680535
16.89,680386
19.26,680321
19.36,678604
19.74,678442
21.10,678238
21.23,678092
22.68,677761
22.72,677417
32.52,674080
32.89,674049
33.16,674049
35.18,673836
168.22,671812
168.24,670620
168.30,668658
168.41,668359
168.53,667270
168.69,666871
