0.00,6983260
0.01,6970520
0.01,6965043
0.01,6964791
0.01,6960480
0.01,6960161
0.01,6949177
0.01,6861910
0.01,6861844
0.01,6833410
0.01,6829513
0.01,6812402
0.01,6811359
0.01,6805490
0.01,6802374
0.01,6790429
0.01,6750964
0.01,6737798
0.01,6736265
0.02,6727511
0.02,6722178
0.02,6722122
0.02,6721624
0.02,6718395
0.02,6682391
0.02,6567572
0.02,6563104
0.02,6562040
0.02,6560340
0.02,6536533
0.02,6525118
0.02,6515747
0.02,6504235
0.02,6490627
0.02,6489707
0.02,6478630
0.02,6459093
0.02,6450080
0.02,6430196
0.02,6426900
0.02,6420920
0.02,6348793
0.02,6344416
0.02,6324932
0.02,6271657
0.02,6250644
0.02,6225164
0.02,6216050
0.02,6195840
0.02,6186881
0.03,6159311
0.03,6159210
0.03,6155750
0.03,6155313
0.03,6155213
0.03,6119582
0.03,6119431
0.03,6118996
0.03,6097426
0.03,6069579
0.03,6004272
0.03,6004056
0.04,5959432
0.04,5958676
0.04,5951361
0.04,5948226
0.04,5947430
0.04,5947333
0.04,5919598
0.04,5917658
0.04,5912017
0.04,5900319
0.04,5892159
0.04,5891737
0.04,5884236
0.04,5864569
0.04,5850431
0.04,5850431
0.04,5831296
0.04,5830748
0.04,5828588
0.04,5821521
0.04,5737635
0.04,5701615
0.04,5697089
0.04,5692671
0.04,5692071
0.05,5689302
0.05,5686584
0.05,5686583
0.05,5675956
0.05,5673572
0.05,5671388
0.05,5670795
0.05,5659165
0.05,5645864
0.05,5645822
0.05,5615368
0.05,5499300
0.05,5495928
0.05,5495637
0.05,5495453
0.05,5494789
0.05,5493790
0.05,5490392
0.05,5461676
0.05,5457971
0.05,5456980
0.05,5451802
0.05,5449079
0.05,5447314
0.05,5423184
0.05,5409802
0.05,5387498
0.05,5387136
0.05,5384033
0.05,5381207
0.05,5356617
0.05,5345806
0.05,5288996
0.05,5285094
0.05,5280224
0.05,5274359
0.05,5262285
0.05,5261841
0.05,5260489
0.05,5258080
0.05,5247165
0.05,5238117
0.06,5231882
0.06,5222863
0.06,5108223
0.06,5107817
0.06,5106527
0.06,5106265
0.06,5079071
0.06,5074107
0.06,5061260
0.06,5058451
0.06,5028348
0.06,5007717
0.06,4969856
0.06,4969467
0.06,4969447
0.06,4967828
0.06,4913111
0.06,4907799
0.06,4907615
0.06,4884053
0.06,4872023
0.06,4801701
0.06,4793079
0.06,4789148
0.06,4787384
0.06,4787223
0.06,4777017
0.06,4768527
0.06,4718531
0.06,4667302
0.06,4662675
0.06,4642331
0.06,4605603
0.06,4601160
0.06,4580642
0.06,4575313
0.06,4572004
0.06,4571824
0.06,4571310
0.06,4570504
0.06,4566724
0.06,4566392
0.06,4561616
0.06,4530035
0.06,4529997
0.06,4529353
0.06,4522821
0.06,4516913
0.06,4509644
0.06,4496633
0.06,4473046
0.06,4472729
0.06,4448391
0.06,4437112
0.07,4437018
0.07,4411958
0.07,4395808
0.07,4391956
0.07,4387450
0.07,4387070
0.07,4385423
0.07,4382152
0.07,4374878
0.07,4372692
0.07,4363930
0.07,4362210
0.07,4360725
0.07,4359669
0.07,4356224
0.07,4336790
0.07,4330991
0.07,4302125
0.07,4301640
0.07,4299571
0.07,4288025
0.07,4286842
0.07,4284049
0.07,4276303
0.07,4276211
0.07,4274272
0.07,4273613
0.07,4272416
0.07,4270665
0.07,4256026
0.07,4255332
0.07,4251161
0.07,4237977
0.07,4198658
0.07,4168536
0.07,4166962
0.07,4165526
0.07,4164800
0.07,4164400
0.07,4127721
0.07,4123263
0.07,4121070
0.07,4120272
0.07,4117123
0.07,4109571
0.07,4055177
0.08,4054046
0.08,4053348
0.08,4045560
0.08,4043742
0.08,4043539
0.08,4042323
0.08,4034481
0.08,4027779
0.08,4022342
0.08,4010902
0.08,4005331
0.08,4004484
0.08,4004475
0.08,4004087
0.08,4003833
0.08,3993265
0.08,3988852
0.08,3938318
0.08,3922183
0.08,3921225
0.08,3917141
0.08,3915798
0.08,3909797
0.08,3908098
0.08,3889559
0.08,3886278
0.08,3883454
0.08,3882829
0.08,3882085
0.08,3830190
0.08,3795976
0.08,3794604
0.08,3794546
0.08,3793785
0.08,3739080
0.08,3738966
0.08,3731666
0.08,3731449
0.09,3719879
0.09,3716438
0.09,3709304
0.09,3698171
0.09,3692559
0.09,3675489
0.09,3675326
0.09,3613413
0.09,3599587
0.09,3594423
0.09,3592008
0.09,3589577
0.09,3589430
0.09,3578629
0.09,3575220
0.09,3573911
0.09,3563331
0.09,3561701
0.09,3559556
0.09,3558250
0.09,3553387
0.09,3551253
0.09,3547218
0.09,3509481
0.09,3507907
0.09,3506820
0.09,3506749
0.09,3502224
0.09,3500672
0.09,3500537
0.09,3493707
0.09,3493459
0.09,3435101
0.09,3431326
0.09,3431293
0.09,3421024
0.09,3419123
0.09,3417032
0.09,3408763
0.09,3399029
0.09,3398124
0.10,3395889
0.10,3393298
0.10,3382764
0.10,3381904
0.10,3379613
0.10,3377198
0.10,3376475
0.10,3374713
0.10,3366564
0.10,3364502
0.10,3358953
0.10,3355707
0.10,3234527
0.10,3234352
0.10,3227172
0.10,3215525
0.10,3213069
0.10,3207847
0.10,3175567
0.10,3175065
0.10,3166227
0.10,3164550
0.10,3158579
0.10,3147237
0.10,3141232
0.10,3136234
0.10,3123059
0.10,3107458
0.10,3103569
0.10,3100108
0.10,3100033
0.11,3098465
0.11,3098262
0.11,3096136
0.11,3096092
0.11,3094997
0.11,3088195
0.11,3055050
0.11,3041084
0.11,3040852
0.11,3040672
0.11,3032374
0.11,3024886
0.11,3021429
0.11,3021424
0.11,3013419
0.11,3012982
0.11,2950221
0.11,2942354
0.11,2916279
0.11,2890247
0.11,2889158
0.11,2880630
0.11,2862133
0.11,2845251
0.11,2842827
0.11,2839072
0.11,2836003
0.11,2835688
0.11,2825896
0.11,2825240
0.11,2824016
0.11,2819781
0.11,2819611
0.11,2818243
0.12,2811394
0.12,2797842
0.12,2793699
0.12,2780470
0.12,2780325
0.12,2774027
0.12,2771298
0.12,2757453
0.12,2756962
0.12,2756875
0.12,2755745
0.12,2754785
0.12,2753495
0.12,2748524
0.12,2748050
0.12,2741715
0.12,2741152
0.12,2737659
0.12,2736365
0.12,2735075
0.12,2682438
0.12,2679608
0.12,2676994
0.12,2673620
0.12,2671620
0.13,2671612
0.13,2671612
0.13,2671542
0.13,2671384
0.13,2671056
0.13,2669871
0.13,2654824
0.13,2651177
0.13,2647188
0.13,2644770
0.13,2639746
0.13,2639721
0.13,2639159
0.13,2621162
0.13,2619164
0.13,2614480
0.13,2602595
0.13,2600281
0.13,2593595
0.13,2588283
0.13,2587989
0.13,2584187
0.13,2582909
0.13,2557650
0.13,2557195
0.13,2555748
0.13,2555087
0.13,2538648
0.13,2536080
0.13,2534918
0.13,2521232
0.13,2451406
0.13,2440840
0.14,2440355
0.14,2440233
0.14,2440065
0.14,2439641
0.14,2439198
0.14,2436587
0.14,2435516
0.14,2435188
0.14,2424855
0.14,2412029
0.14,2409553
0.14,2394907
0.14,2374854
0.14,2374806
0.14,2373918
0.14,2373795
0.14,2372426
0.14,2372023
0.14,2369534
0.14,2369065
0.14,2366947
0.14,2364159
0.14,2360519
0.14,2346101
0.14,2344588
0.14,2343018
0.14,2342470
0.14,2334693
0.15,2333950
0.15,2332833
0.15,2331417
0.15,2327699
0.15,2306851
0.15,2256127
0.15,2255290
0.15,2252617
0.15,2250619
0.15,2241193
0.15,2240015
0.15,2237386
0.15,2229955
0.15,2227286
0.15,2226863
0.15,2224848
0.15,2221168
0.15,2217314
0.15,2216993
0.16,2215869
0.16,2215513
0.16,2214657
0.16,2208214
0.16,2208016
0.16,2171710
0.16,2167668
0.16,2163295
0.16,2141449
0.16,2140378
0.16,2138391
0.16,2136565
0.16,2132979
0.16,2132691
0.16,2131511
0.16,2130265
0.16,2127876
0.16,2126879
0.16,2125973
0.17,2124232
0.17,2124088
0.17,2122897
0.17,2122135
0.17,2121866
0.17,2121489
0.17,2120894
0.17,2120729
0.17,2119945
0.17,2119941
0.17,2119731
0.17,2118410
0.17,2025826
0.17,2019987
0.17,2018228
0.18,2014034
0.18,2009809
0.18,2009531
0.18,2002947
0.18,2002685
0.18,2001962
0.18,1999529
0.18,1995777
0.18,1992353
0.18,1990844
0.18,1990563
0.18,1989619
0.18,1988858
0.18,1988189
0.18,1987756
0.18,1984561
0.18,1977715
0.18,1977609
0.18,1976880
0.19,1976372
0.19,1956102
0.19,1948199
0.19,1946922
0.19,1946374
0.19,1945690
0.19,1945671
0.19,1941180
0.19,1939391
0.19,1934244
0.19,1873317
0.19,1870429
0.20,1870406
0.20,1866114
0.20,1865113
0.20,1864766
0.20,1863792
0.20,1855712
0.20,1855445
0.20,1854211
0.21,1852624
0.21,1852585
0.21,1844862
0.21,1844350
0.21,1842504
0.21,1840101
0.21,1839257
0.22,1833963
0.22,1832614
0.22,1827739
0.22,1822218
0.22,1819406
0.22,1818769
0.22,1815774
0.22,1808099
0.22,1805408
0.23,1801115
0.23,1799261
0.23,1796043
0.23,1795502
0.23,1795353
0.23,1771509
0.23,1771315
0.23,1770546
0.23,1768110
0.23,1767264
0.23,1766644
0.23,1766220
0.23,1765857
0.24,1763639
0.24,1761542
0.24,1760682
0.24,1745756
0.24,1744668
0.24,1742879
0.24,1738958
0.24,1738937
0.24,1738862
0.24,1737909
0.24,1736309
0.24,1736069
0.24,1729206
0.24,1727696
0.24,1725648
0.24,1725043
0.25,1724917
0.25,1658032
0.25,1655635
0.25,1655090
0.25,1654967
0.25,1599960
0.25,1597987
0.26,1597155
0.26,1592874
0.26,1592747
0.26,1592506
0.26,1591396
0.26,1591146
0.26,1588895
0.26,1567667
0.27,1565603
0.27,1558907
0.27,1546108
0.27,1545808
0.27,1543999
0.27,1542052
0.27,1540060
0.27,1538664
0.27,1536811
0.27,1535872
0.28,1534843
0.28,1497452
0.28,1497020
0.28,1488761
0.28,1488127
0.28,1487556
0.28,1487010
0.28,1477020
0.28,1476496
0.29,1472145
0.29,1470484
0.29,1468624
0.29,1462924
0.29,1461607
0.30,1459907
0.30,1458595
0.30,1455888
0.30,1453601
0.30,1448850
0.30,1440838
0.30,1440443
0.30,1439100
0.30,1439025
0.30,1438631
0.31,1437484
0.31,1433349
0.31,1403129
0.31,1400086
0.31,1398312
0.31,1397967
0.31,1397664
0.31,1395876
0.31,1394545
0.31,1394156
0.31,1392888
0.31,1390804
0.32,1389879
0.32,1389673
0.32,1388715
0.32,1385812
0.32,1348814
0.32,1345374
0.32,1341791
0.32,1340319
0.32,1340185
0.32,1340091
0.32,1338502
0.32,1336740
0.33,1334047
0.33,1333455
0.33,1333345
0.33,1324791
0.33,1323846
0.33,1323452
0.33,1323041
0.33,1322432
0.33,1321929
0.34,1320468
0.34,1320310
0.34,1317519
0.34,1317346
0.34,1317278
0.34,1317178
0.35,1311747
0.35,1309316
0.35,1308917
0.35,1308562
0.35,1307270
0.35,1306842
0.35,1297934
0.36,1296152
0.36,1295274
0.36,1295174
0.36,1294652
0.36,1294469
0.36,1294400
0.36,1294041
0.36,1293941
0.36,1289569
0.36,1289486
0.36,1281426
0.36,1279177
0.36,1278924
0.36,1278382
0.37,1277579
0.37,1275863
0.37,1275670
0.37,1273786
0.37,1271321
0.37,1270563
0.38,1268134
0.38,1267846
0.38,1266850
0.38,1263038
0.39,1258971
0.39,1256616
0.39,1254102
0.39,1254013
0.39,1253684
0.39,1252027
0.39,1251110
0.39,1250053
0.39,1249834
0.39,1245208
0.40,1241865
0.40,1233474
0.40,1231779
0.40,1231638
0.41,1230965
0.41,1230325
0.41,1229673
0.41,1225327
0.41,1220745
0.41,1220549
0.41,1220358
0.41,1219302
0.41,1219269
0.42,1218014
0.42,1212985
0.42,1211535
0.42,1200890
0.42,1199932
0.42,1199634
0.42,1199300
0.43,1197950
0.43,1197208
0.43,1196660
0.43,1195834
0.43,1195621
0.43,1193957
0.43,1192855
0.43,1192438
0.43,1184270
0.43,1183418
0.44,1181627
0.44,1181099
0.44,1179226
0.44,1174847
0.44,1174103
0.44,1172977
0.45,1172819
0.45,1171513
0.45,1168077
0.45,1160166
0.45,1159740
0.46,1157986
0.46,1151500
0.46,1150718
0.46,1150618
0.46,1149666
0.46,1136928
0.47,1136769
0.47,1136144
0.47,1114227
0.47,1112752
0.48,1111767
0.48,1110745
0.48,1100643
0.49,1100335
0.49,1100325
0.49,1098970
0.49,1098766
0.49,1097684
0.50,1097243
0.50,1096633
0.50,1096019
0.50,1095514
0.50,1095011
0.51,1094655
0.51,1094396
0.51,1093614
0.51,1093441
0.51,1086770
0.51,1086048
0.51,1083811
0.51,1083452
0.52,1083228
0.52,1080590
0.52,1079673
0.52,1076169
0.52,1075549
0.52,1075466
0.53,1075382
0.53,1074508
0.53,1069562
0.53,1062973
0.53,1056629
0.54,1051526
0.54,1048165
0.54,1047940
0.54,1034739
0.54,1032773
0.55,1031579
0.55,1031482
0.55,1030716
0.55,1030293
0.55,1029335
0.55,1028876
0.55,1028854
0.55,1025723
0.56,1025627
0.56,1025354
0.56,1025293
0.56,1025231
0.56,1018623
0.57,1018489
0.57,1018187
0.57,1012812
0.57,1012437
0.58,997942
0.58,997515
0.58,990749
0.58,990480
0.59,984230
0.59,984123
0.59,983172
0.59,973712
0.59,973712
0.60,973363
0.62,972995
0.62,969059
0.62,969008
0.63,968805
0.63,968181
0.63,960454
0.64,958823
0.64,955220
0.64,954839
0.64,952315
0.64,952169
0.65,951462
0.65,950967
0.67,950776
0.67,944274
0.68,944250
0.69,943389
0.69,943375
0.69,943164
0.70,942115
0.70,941968
0.71,940905
0.71,940290
0.71,930234
0.71,929494
0.71,929448
0.71,929323
0.71,928906
0.71,928222
0.72,928192
0.72,927362
0.73,927337
0.73,926282
0.73,923722
0.73,923474
0.73,921130
0.73,920690
0.73,920042
0.74,919310
0.74,915545
0.74,914412
0.75,914053
0.75,913451
0.75,913162
0.76,911541
0.76,907559
0.76,906196
0.76,902650
0.78,902601
0.79,899032
0.79,898879
0.80,898690
0.80,897950
0.81,897585
0.81,897275
0.81,897101
0.82,896144
0.83,894839
0.84,894702
0.84,888873
0.84,888269
0.84,876758
0.85,870978
0.85,870469
0.86,870049
0.87,869645
0.88,867671
0.88,866658
0.89,866605
0.89,866076
0.89,865486
0.89,865340
0.90,864853
0.90,864713
0.90,862820
0.90,861941
0.91,858997
0.92,856828
0.92,856797
0.93,856729
0.94,820581
0.95,817849
0.95,816951
0.95,815603
0.95,815502
0.95,814782
0.97,814197
0.97,812383
0.99,812340
1.00,811282
1.02,800776
1.04,798542
1.04,797933
1.04,797159
1.04,796591
1.06,794847
1.07,793418
1.07,792821
1.07,792701
1.07,792177
1.09,792111
1.10,789827
1.10,789213
1.11,788796
1.12,783050
1.12,782971
1.12,782116
1.13,781904
1.16,781568
1.17,780956
1.18,780933
1.19,780502
1.21,779784
1.21,778772
1.21,777487
1.23,776741
1.25,774961
1.25,774927
1.26,773956
1.26,773574
1.27,772444
1.28,768790
1.30,768340
1.31,768325
1.31,768010
1.32,767806
1.32,767640
1.35,767557
1.37,767207
1.37,766664
1.37,765077
1.38,760744
1.40,760075
1.41,748764
1.41,740913
1.41,740561
1.42,740353
1.44,737798
1.49,735993
1.50,735339
1.51,735336
1.51,733946
1.54,730215
1.54,730116
1.54,729806
1.54,729255
1.55,729224
1.55,728001
1.55,727356
1.55,726982
1.56,726768
1.57,726607
1.59,726551
1.63,726515
1.68,725659
1.69,724785
1.69,723390
1.70,723383
1.72,722550
1.73,722524
1.73,721944
1.76,718895
1.76,698573
1.77,698295
1.79,697143
1.79,696449
1.80,695287
1.82,695112
1.84,695101
1.84,694590
1.86,693568
1.87,693534
1.88,693499
1.90,692067
1.92,691807
1.95,691765
1.96,691143
1.96,689970
1.97,689175
1.98,688005
2.02,687756
2.03,687584
2.03,686460
2.05,686458
2.06,686426
2.09,684698
2.10,684665
2.15,684340
2.23,684037
2.27,683971
2.34,683800
2.38,681965
2.44,680971
2.49,679847
2.55,679527
2.57,679134
2.73,679004
2.86,678983
2.95,678961
3.11,678667
3.51,677989
3.87,677584
89.61,675265
102.03,674745
102.05,674734
102.26,673902
255.14,672782
255.36,672032
255.59,671263
255.62,671261
452.83,670842
453.03,670631
453.30,670612
453.61,670590
453.73,670590
