0.06,7192070
0.07,7169794
0.07,7134212
0.07,7100501
0.07,7098740
0.07,7096373
0.07,7094866
0.07,7085726
0.08,7082353
0.08,7074563
0.08,7049812
0.08,7049052
0.08,6918029
0.08,6917599
0.08,6841387
0.08,6753343
0.08,6700568
0.08,6516016
0.08,6512278
0.08,6489321
0.08,6485871
0.08,6449187
0.08,6432357
0.09,6431780
0.09,6424977
0.09,6420039
0.09,6380111
0.09,6346734
0.09,6346453
0.09,6346050
0.09,6327643
0.09,6312404
0.09,6305144
0.09,6233216
0.09,6230309
0.09,6228668
0.09,6212734
0.09,6210088
0.09,6185332
0.09,6173719
0.09,6155955
0.09,6137627
0.09,6134127
0.09,6133884
0.09,6115929
0.09,6114012
0.09,6109710
0.09,6107392
0.09,6097993
0.09,6084125
0.09,6082644
0.09,6063791
0.09,6062727
0.09,6062449
0.09,6050801
0.09,6026007
0.09,5969927
0.10,5969531
0.10,5965960
0.10,5946999
0.10,5942724
0.10,5929417
0.10,5924883
0.10,5833954
0.10,5788611
0.10,5772706
0.10,5763916
0.10,5760903
0.10,5755410
0.10,5750730
0.10,5740053
0.10,5735374
0.10,5729412
0.10,5722857
0.10,5720433
0.10,5712498
0.10,5703322
0.10,5690205
0.10,5657431
0.10,5638844
0.10,5630654
0.10,5630551
0.10,5612727
0.10,5612572
0.10,5602603
0.10,5601050
0.10,5594050
0.10,5574759
0.11,5571859
0.11,5566979
0.11,5540092
0.11,5523887
0.11,5523674
0.11,5522579
0.11,5519976
0.11,5519168
0.11,5509857
0.11,5490204
0.11,5472528
0.11,5471650
0.11,5470262
0.11,5467679
0.11,5451183
0.11,5425341
0.11,5411134
0.11,5411127
0.11,5312217
0.11,5309835
0.11,5309758
0.11,5306874
0.11,5303562
0.11,5303185
0.11,5301527
0.11,5295107
0.11,5274593
0.11,5263575
0.11,5257039
0.11,5252841
0.11,5247483
0.11,5225175
0.11,5161293
0.11,5154234
0.11,5153506
0.11,5150065
0.11,5117002
0.11,5088621
0.11,5064151
0.11,5058233
0.11,5050747
0.11,5050146
0.11,5041165
0.11,5018522
0.11,5013895
0.11,5001397
0.12,4991045
0.12,4990976
0.12,4985190
0.12,4970522
0.12,4969781
0.12,4964172
0.12,4945662
0.12,4935878
0.12,4932783
0.12,4931861
0.12,4929626
0.12,4920784
0.12,4920103
0.12,4919297
0.12,4916257
0.12,4907185
0.12,4906178
0.12,4906159
0.12,4901680
0.12,4896122
0.12,4889682
0.12,4889484
0.12,4861708
0.12,4858706
0.12,4849712
0.12,4822609
0.12,4820324
0.12,4811534
0.12,4806370
0.12,4797037
0.12,4789714
0.12,4785800
0.12,4774115
0.12,4768277
0.12,4763736
0.12,4758276
0.12,4757068
0.12,4756410
0.12,4748089
0.12,4747644
0.12,4747496
0.12,4746329
0.13,4744466
0.13,4710859
0.13,4632607
0.13,4614487
0.13,4614034
0.13,4590539
0.13,4589263
0.13,4587636
0.13,4577852
0.13,4576331
0.13,4566386
0.13,4561195
0.13,4559670
0.13,4557452
0.13,4546915
0.13,4546872
0.13,4542377
0.13,4541804
0.13,4537711
0.13,4533352
0.13,4528640
0.13,4526882
0.13,4494235
0.14,4487243
0.14,4472746
0.14,4451997
0.14,4428410
0.14,4427334
0.14,4419266
0.14,4307686
0.14,4294301
0.14,4293838
0.14,4277907
0.14,4267207
0.14,4256959
0.15,4253900
0.15,4246339
0.15,4239073
0.15,4238172
0.15,4237405
0.15,4209797
0.15,4209740
0.15,4204844
0.15,4201876
0.15,4196792
0.15,4195475
0.15,4195007
0.15,4193193
0.15,4184415
0.15,4174506
0.15,4165651
0.15,4153509
0.16,4091405
0.16,4050868
0.16,4047876
0.16,4013549
0.16,4002151
0.16,4002072
0.16,3989663
0.16,3973448
0.16,3973080
0.16,3965099
0.16,3958624
0.16,3952072
0.16,3945544
0.17,3942927
0.17,3939905
0.17,3934553
0.17,3918994
0.17,3917180
0.17,3917120
0.17,3911863
0.17,3904987
0.17,3904886
0.17,3902761
0.17,3899077
0.17,3893100
0.17,3891826
0.17,3880929
0.17,3880671
0.17,3879829
0.17,3869290
0.18,3842515
0.18,3841091
0.18,3837003
0.18,3823725
0.18,3769506
0.18,3768811
0.18,3762486
0.18,3761052
0.18,3755598
0.18,3748460
0.18,3742237
0.18,3717863
0.18,3715550
0.18,3713728
0.18,3713086
0.19,3680239
0.19,3677645
0.19,3667707
0.19,3665036
0.19,3662861
0.19,3658499
0.19,3639538
0.19,3631355
0.19,3627310
0.19,3607460
0.19,3606709
0.19,3599558
0.19,3594702
0.19,3585796
0.19,3584913
0.19,3571982
0.19,3567623
0.19,3557100
0.19,3525985
0.19,3525930
0.19,3517283
0.19,3497074
0.19,3492517
0.19,3482383
0.19,3477179
0.19,3474942
0.19,3470094
0.19,3444578
0.19,3424263
0.19,3416620
0.19,3415727
0.19,3415138
0.19,3393221
0.20,3389123
0.20,3378567
0.20,3373337
0.20,3367141
0.20,3358409
0.20,3356617
0.20,3348614
0.20,3346288
0.20,3344871
0.20,3341687
0.22,3332136
0.22,3331762
0.22,3326322
0.22,3325666
0.22,3324434
0.22,3323170
0.22,3322016
0.24,3304279
0.24,3284848
0.24,3271012
0.24,3270026
0.24,3269177
0.24,3264361
0.25,3222870
0.25,3221874
0.25,3204638
0.25,3182637
0.25,3175115
0.25,3166513
0.25,3149705
0.25,3138754
0.25,3136016
0.25,3135362
0.25,3132748
0.25,3109061
0.25,3101887
0.25,3101017
0.25,3096666
0.25,3096438
0.25,3081896
0.25,3059160
0.25,3031628
0.25,3028764
0.25,3028410
0.25,3015971
0.25,3011099
0.25,3006342
0.26,3001278
0.26,2983802
0.26,2978701
0.26,2973887
0.26,2969620
0.26,2964149
0.26,2958506
0.26,2958349
0.26,2958326
0.26,2954170
0.26,2953697
0.26,2940973
0.26,2939464
0.26,2918480
0.26,2915585
0.26,2897657
0.34,2864034
0.34,2850915
0.34,2845148
0.34,2840571
0.34,2812926
0.34,2806774
0.34,2800185
0.34,2797110
0.35,2789881
0.35,2784857
0.35,2778810
0.35,2775290
0.35,2764745
0.35,2748785
0.35,2738535
0.39,2732516
0.39,2725077
0.39,2717730
0.39,2709138
0.39,2692205
0.39,2686211
0.39,2679947
0.39,2654785
0.59,2654164
0.59,2647400
0.59,2645917
0.59,2638051
0.59,2630313
0.59,2623592
0.59,2613197
0.59,2602805
0.59,2597178
0.59,2583404
0.59,2581924
0.59,2578490
0.59,2573556
0.59,2561534
0.59,2559741
0.59,2551117
0.59,2531069
0.59,2525520
0.59,2523106
0.59,2521896
0.59,2521068
0.59,2520817
0.59,2519593
0.59,2517427
0.59,2510513
0.73,2499295
0.73,2486209
0.73,2479806
0.73,2478803
0.73,2473931
0.73,2473387
0.74,2465548
0.74,2462522
0.74,2453464
0.74,2451113
0.74,2450727
0.74,2449887
0.74,2447814
0.74,2436441
0.74,2435325
0.74,2427517
0.74,2427155
0.74,2420837
0.74,2420069
0.74,2416170
0.74,2415153
0.74,2410922
0.74,2410582
0.74,2409615
0.74,2407536
1.36,2405427
1.36,2405251
1.36,2404816
1.36,2404466
1.36,2400878
1.36,2382432
1.36,2355949
1.36,2350844
1.36,2348447
1.36,2345778
1.36,2338627
1.36,2337506
2.72,2336013
2.72,2334389
2.72,2332523
2.72,2329567
2.72,2310824
2.72,2310416
2.72,2297544
3.04,2286954
3.04,2277592
3.04,2267354
3.04,2249635
3.04,2248922
3.04,2248218
3.04,2238146
3.49,2231806
3.50,2218089
3.50,2217333
3.50,2214535
3.50,2214318
3.50,2203622
3.50,2188731
3.50,2183475
3.50,2173500
3.50,2156179
4.22,2155302
5.24,2154955
5.24,2146158
5.76,2139082
5.76,2134930
5.76,2131972
5.76,2131587
5.76,2122709
5.76,2122522
5.76,2121604
5.76,2119810
5.76,2117584
5.76,2116856
5.76,2114850
5.76,2114210
5.76,2112026
5.76,2110542
5.76,2106402
6.28,2102796
6.28,2102537
6.28,2101131
6.34,2100815
6.34,2096642
6.34,2087188
6.34,2087098
6.34,2084242
6.34,2079915
6.35,2075502
6.35,2075442
6.35,2066255
6.35,2066007
6.35,2063923
6.35,2063127
6.35,2055175
6.61,2053976
6.61,2053694
6.74,2053057
6.74,2051705
6.74,2043509
6.74,2043029
6.75,2035326
6.75,2029869
6.75,2012241
6.75,2006263
6.75,2003977
6.75,2001449
6.75,1991044
6.75,1988741
6.75,1978333
6.75,1973290
6.75,1969051
6.75,1964618
6.75,1963206
6.75,1955694
6.75,1947047
6.75,1946588
6.75,1945689
6.75,1944563
7.05,1942740
7.06,1942718
7.06,1939908
7.06,1937259
7.06,1933982
7.06,1933006
7.06,1932700
7.06,1932692
7.70,1929919
7.70,1927870
7.70,1924093
7.70,1923269
7.70,1921517
7.79,1913677
7.79,1909752
7.79,1902339
7.80,1890740
7.81,1887821
7.81,1885064
7.82,1878951
7.82,1877545
7.82,1877268
7.82,1869678
7.82,1866008
7.82,1850240
9.20,1848213
9.20,1847608
9.20,1847306
9.20,1846775
9.20,1846640
9.20,1841490
9.20,1820676
9.20,1819732
9.30,1819343
9.30,1817920
9.66,1816742
9.68,1813530
9.82,1807098
10.16,1805423
10.16,1791733
10.16,1789260
10.17,1785586
10.17,1771186
10.17,1770077
10.17,1764500
10.17,1764167
10.19,1761477
10.19,1759664
10.23,1751649
10.23,1743658
10.23,1723375
10.24,1722830
10.24,1708699
10.24,1708583
11.42,1703757
11.42,1703509
11.42,1703281
11.42,1703257
11.42,1688587
11.42,1686933
11.43,1685306
11.43,1679026
11.43,1673331
11.43,1667895
11.43,1657328
11.43,1657224
11.43,1654624
11.43,1646907
11.43,1641802
11.43,1637695
11.43,1636666
11.44,1630604
11.44,1630123
11.44,1619041
11.44,1618393
11.44,1616900
11.44,1616294
11.44,1612434
11.44,1611209
11.44,1611126
11.44,1610750
11.44,1607715
11.44,1603829
11.44,1602224
11.44,1600505
11.44,1600288
11.44,1598087
13.06,1589852
13.07,1585141
13.07,1580889
13.07,1580165
13.07,1576746
13.07,1575791
13.07,1575721
13.07,1572296
13.07,1572282
13.07,1568526
13.07,1567815
13.07,1565283
13.07,1560497
14.37,1559793
14.37,1558187
14.37,1555773
14.37,1554076
14.37,1553841
14.37,1552441
14.37,1546745
14.37,1538730
14.37,1531310
14.38,1531056
14.38,1525482
14.38,1519307
14.38,1514438
14.62,1513968
14.62,1513836
14.63,1507243
14.63,1503859
14.63,1503826
14.63,1499929
14.63,1498519
14.63,1497613
14.64,1491386
15.16,1491178
15.16,1480575
15.16,1479524
15.17,1478165
15.17,1477584
15.17,1475056
15.17,1472277
15.17,1471507
15.17,1471290
15.17,1471173
15.17,1469326
15.17,1462482
15.17,1462187
15.17,1459387
15.17,1458945
15.17,1458524
15.17,1457999
15.17,1457715
15.17,1456446
15.17,1454768
15.17,1453964
15.17,1453653
15.17,1452831
15.17,1451532
15.17,1450885
15.17,1450169
15.17,1437409
15.17,1434656
15.17,1430860
15.17,1429925
18.35,1429456
18.40,1427602
18.40,1426477
18.41,1424726
18.41,1417039
18.41,1412958
18.41,1412573
18.41,1410056
18.41,1401008
18.42,1400207
18.42,1399401
18.42,1398628
18.42,1396895
18.42,1395745
18.42,1394730
18.42,1392784
18.42,1387209
18.42,1385145
18.42,1384807
18.42,1384701
18.42,1380821
18.42,1380222
19.10,1378832
19.10,1377458
19.10,1374649
19.10,1374635
19.10,1374414
19.10,1373400
19.10,1372860
19.10,1363500
19.10,1360380
19.10,1359203
19.11,1358153
19.11,1356663
19.75,1353547
19.75,1352527
19.75,1351864
19.75,1349672
19.75,1349227
19.76,1348809
19.76,1340476
19.76,1339601
19.76,1338922
19.76,1334184
19.76,1332465
19.76,1329926
19.76,1329553
19.76,1319435
19.76,1318445
19.76,1317551
19.76,1315444
19.76,1313641
19.76,1312855
19.76,1312753
19.76,1300885
19.76,1299730
19.76,1297155
19.76,1295447
19.76,1293968
19.76,1292832
19.76,1291269
19.76,1291155
19.76,1287713
22.04,1283225
22.06,1282880
22.06,1279291
22.06,1279165
22.06,1278336
22.06,1277491
22.06,1277423
22.06,1270968
22.06,1270040
22.07,1269429
22.07,1266646
22.07,1263240
22.62,1251990
22.62,1250265
22.62,1247546
22.62,1241761
22.62,1235901
22.62,1233681
22.62,1231485
22.62,1225486
22.62,1224475
22.62,1224049
22.70,1223163
22.71,1220462
22.71,1220248
22.71,1215600
24.23,1214409
24.23,1214350
24.23,1213139
24.23,1208542
24.23,1205263
24.23,1203330
24.23,1199655
24.23,1197894
24.24,1196239
24.24,1191011
24.89,1190834
24.89,1190371
24.89,1189361
24.91,1186240
24.95,1185239
24.95,1182394
24.95,1179388
24.95,1176597
24.95,1175287
24.95,1173395
24.95,1171806
24.95,1168065
24.95,1164284
24.96,1163180
24.96,1161780
24.96,1159742
24.96,1157966
24.96,1156198
24.96,1154169
24.96,1152146
24.96,1150507
24.96,1145875
25.81,1141795
25.81,1137438
25.81,1135062
25.81,1132963
25.81,1126196
25.81,1125139
25.81,1123923
25.81,1121069
25.81,1108378
25.81,1107475
26.72,1101364
26.72,1092009
26.72,1089788
26.72,1089764
26.73,1085510
26.73,1084889
26.73,1080151
26.73,1074746
26.73,1073324
26.73,1072418
27.06,1069850
27.06,1069382
27.06,1069262
27.07,1068129
27.07,1066660
27.25,1063560
27.25,1063427
27.25,1063330
27.25,1060482
27.26,1060075
27.26,1059822
27.26,1059561
28.61,1057805
28.78,1051124
28.78,1049376
29.02,1047855
29.02,1047621
29.03,1046361
29.03,1045616
29.03,1043553
29.03,1043372
29.03,1042768
29.03,1042569
29.04,1042389
29.04,1040253
29.97,1036915
29.97,1036374
29.99,1036125
29.99,1032716
29.99,1032665
29.99,1031274
29.99,1031180
29.99,1030420
29.99,1027447
29.99,1025648
29.99,1023366
29.99,1022061
29.99,1019812
29.99,1016562
29.99,1012779
29.99,1010082
30.46,1008984
30.46,1008650
30.47,1005501
30.47,1005416
30.47,1004658
30.47,1002750
30.47,1002519
30.47,996683
30.47,996554
30.96,995782
30.97,994976
30.97,994768
30.97,994320
32.62,992083
32.62,990847
32.62,988514
32.62,980409
32.62,980294
32.62,979284
32.62,978331
32.62,977687
32.62,972883
33.11,972734
33.11,968167
33.11,967324
33.11,965591
33.12,963692
33.12,960051
33.12,960011
33.12,960010
33.12,959227
33.12,956726
33.12,954872
33.38,953857
33.38,953119
33.48,952476
33.48,951724
33.48,950736
33.48,950567
33.48,949739
33.48,948763
33.48,948465
33.49,946173
33.49,943246
33.49,942379
33.49,941041
33.50,939097
33.50,938515
34.64,938262
34.64,936422
34.64,933907
34.74,933806
34.74,933634
34.74,933385
34.74,932861
34.76,927182
34.78,924340
34.78,923093
34.78,922128
35.10,921536
35.10,920371
35.39,919719
35.39,918838
35.39,917299
35.39,917209
35.39,914789
35.60,913829
35.60,912591
35.60,912544
35.60,911967
35.73,910899
35.73,902351
36.06,902302
36.06,901690
36.06,901594
36.06,900511
36.07,899997
36.07,899183
36.07,892297
36.07,892110
36.08,887928
36.08,887057
36.26,885410
36.27,884484
36.27,882758
36.27,882675
36.27,878227
36.27,876632
36.30,875517
36.30,874649
36.30,871520
36.30,870069
36.30,869628
36.31,868590
36.31,868440
36.31,868264
36.31,867320
36.32,865193
36.86,862001
36.86,860983
36.86,860324
36.86,859898
36.86,858910
36.86,857730
36.86,857565
36.86,857465
36.86,857448
36.91,857067
36.91,855272
36.91,853383
36.91,852281
39.28,849621
39.28,848301
39.28,847993
39.28,847882
39.29,845231
39.34,842769
39.35,842170
39.46,842075
39.46,841834
39.46,837140
39.46,835463
39.46,834081
39.51,833479
39.51,831967
39.51,831790
39.51,830872
39.51,829505
39.52,829340
39.52,828992
39.52,827803
39.52,827147
39.59,827146
39.60,827106
39.61,827033
39.73,822617
39.74,820865
39.74,820510
39.74,819655
39.74,817618
39.76,816490
39.76,815771
39.76,815566
39.76,814524
39.76,812556
39.76,812053
39.76,811697
41.22,810637
41.22,810500
41.22,809596
41.22,808499
41.22,806210
41.22,805552
41.22,805044
41.22,804778
41.22,803632
41.24,802968
42.90,802352
42.90,802253
42.94,801198
42.96,800168
42.99,799367
42.99,799167
42.99,798649
43.51,797472
43.51,797392
43.52,796965
43.52,796574
43.55,796021
43.56,795139
44.07,794547
44.07,794038
44.11,793867
44.11,791627
44.11,791176
44.11,790055
44.11,789629
44.11,789499
44.12,788852
44.12,788750
44.12,788741
44.43,788146
44.43,785784
44.43,785770
44.43,785227
44.43,784738
44.43,783918
44.48,781266
44.48,781250
44.48,780490
44.49,780419
44.50,780139
44.50,778963
44.51,778673
44.51,777418
44.51,776843
44.51,776773
44.51,775951
44.51,775669
44.51,775636
44.52,773973
44.52,773879
44.52,770779
44.53,770685
44.53,770134
44.53,768678
44.54,768655
44.54,765974
44.54,764982
44.54,762897
44.55,762051
44.71,761383
44.71,760159
44.71,758803
44.72,758421
44.72,758375
44.72,757960
44.72,756106
45.81,753914
45.81,753717
45.81,751415
45.81,751150
45.82,750858
46.38,750357
46.55,750201
46.55,749627
46.55,749526
46.55,749155
46.55,747906
46.55,746866
47.07,744571
47.07,744519
47.07,742604
47.07,741948
47.07,741627
47.08,741416
47.08,740904
47.08,739715
47.09,739313
47.10,739192
47.10,737409
47.10,736167
47.10,734794
47.24,734333
47.24,733994
47.26,733966
47.26,731872
47.27,731743
47.28,730434
47.28,729387
47.28,729382
47.28,727465
47.28,727353
47.29,726907
47.31,726479
47.31,726054
47.31,725744
49.70,724974
49.78,724453
51.15,724377
51.16,723347
51.19,723325
51.19,723241
51.20,723055
51.24,723003
51.24,722787
51.25,722107
51.25,720853
51.25,719805
51.25,719624
51.26,718905
51.26,718425
51.26,718339
51.26,717876
51.53,717797
51.78,715301
51.78,714804
51.78,714565
51.79,714365
51.79,714318
51.81,714107
51.81,713243
51.81,712672
51.95,712410
51.96,711621
51.96,711526
51.96,711469
51.96,711239
51.97,711157
51.97,710426
52.56,710031
52.83,708174
52.83,707734
52.83,707072
52.83,706263
53.53,705684
53.54,704504
53.54,704122
54.31,702188
54.32,701325
54.95,700488
54.95,699787
54.96,698590
54.96,698408
54.97,698089
55.04,697940
55.06,697218
55.10,696042
55.10,694996
55.13,694201
55.14,693557
55.16,693293
55.17,692050
55.43,691713
55.55,690919
56.29,690903
56.31,690605
56.31,689911
56.31,689506
56.31,688130
56.31,687940
58.96,687529
58.97,687008
58.98,686740
58.98,686605
59.03,686436
59.06,686133
59.06,685944
59.06,685292
59.06,685117
59.07,685006
59.07,684854
59.17,684776
59.17,684124
59.19,683895
59.22,683786
59.22,683315
59.23,682824
59.24,682646
59.24,682382
59.25,682348
59.25,681688
59.25,679787
59.45,679525
59.46,679064
59.47,679059
59.48,679019
59.48,678751
59.54,678701
60.06,678005
60.06,677029
60.09,676917
60.12,676290
60.12,676087
60.13,676050
60.14,675794
61.09,675422
61.09,675253
61.14,674842
61.14,673503
61.15,673374
61.16,673108
62.80,673011
62.80,672983
62.81,672930
62.82,672882
62.82,672822
62.82,672754
62.83,671952
62.84,671671
62.85,671263
64.37,670863
64.39,670422
64.42,670410
64.44,669859
64.53,669421
64.58,669103
64.64,668931
64.65,668581
64.88,668496
64.88,668075
64.90,667776
65.00,667720
65.02,667610
65.03,667096
65.04,666679
65.04,666444
65.08,666305
65.08,666295
65.09,666290
65.12,665038
65.12,664971
65.12,664881
65.15,664721
65.17,664284
65.20,663934
65.20,663683
65.20,663286
65.41,662291
65.44,661768
65.44,661701
68.84,661617
68.91,661558
68.94,661298
69.79,661265
69.95,661141
69.96,660774
69.97,660717
71.15,660663
71.20,659719
79.80,659462
79.84,659211
80.06,659102
80.16,659030
80.18,658994
80.25,658910
81.27,658602
82.58,658559
83.80,658490
83.85,658469
83.87,658372
86.61,658370
89.34,658308
89.37,658247
89.45,658075
90.89,658023
91.78,658001
93.90,657994
95.18,657972
