0.00,6981977
0.01,6913788
0.01,6909538
0.01,6906266
0.01,6904041
0.01,6820954
0.01,6813927
0.01,6798249
0.01,6779275
0.01,6779243
0.01,6778619
0.01,6777852
0.01,6775313
0.01,6771934
0.01,6756674
0.02,6746975
0.02,6725478
0.02,6719890
0.02,6718383
0.02,6710799
0.02,6700292
0.02,6695500
0.02,6694647
0.02,6687396
0.02,6671939
0.02,6671657
0.02,6630058
0.02,6620517
0.02,6613150
0.02,6612982
0.02,6606380
0.02,6605893
0.02,6570207
0.02,6545519
0.02,6534791
0.02,6534037
0.02,6530837
0.02,6509121
0.02,6505209
0.02,6503582
0.02,6485166
0.03,6484818
0.03,6477041
0.03,6466532
0.03,6466440
0.03,6455185
0.03,6452240
0.03,6434631
0.03,6434626
0.03,6432672
0.03,6420405
0.03,6268971
0.03,6267914
0.03,6261161
0.03,6257146
0.03,6256239
0.03,6229552
0.03,6140609
0.03,6140409
0.03,6118391
0.03,6073693
0.03,6070240
0.03,6059760
0.04,6056795
0.04,6045576
0.04,6037265
0.04,6035979
0.04,6033038
0.04,6026871
0.04,6023940
0.04,6022554
0.04,6014945
0.04,6008407
0.04,6005855
0.04,5996999
0.04,5995583
0.04,5993811
0.04,5991130
0.04,5988420
0.04,5986490
0.04,5983649
0.04,5976709
0.04,5965495
0.04,5962631
0.05,5953003
0.05,5949912
0.05,5946510
0.05,5906565
0.05,5904193
0.05,5903961
0.05,5902851
0.05,5879028
0.05,5860092
0.05,5858323
0.05,5858002
0.05,5857019
0.05,5855141
0.05,5831675
0.05,5831180
0.05,5827804
0.05,5803746
0.05,5801676
0.05,5800371
0.05,5798981
0.05,5785690
0.05,5778936
0.05,5771446
0.05,5770790
0.05,5770312
0.05,5768912
0.05,5763984
0.05,5762715
0.05,5761922
0.05,5761335
0.05,5756090
0.05,5738299
0.05,5738145
0.05,5678437
0.05,5675324
0.05,5672974
0.05,5669847
0.05,5669099
0.05,5667532
0.05,5655102
0.05,5652224
0.05,5622356
0.06,5592206
0.06,5557255
0.06,5543255
0.06,5538186
0.06,5527077
0.06,5523438
0.06,5467188
0.06,5466252
0.06,5447816
0.06,5439728
0.06,5436011
0.06,5432644
0.06,5432349
0.06,5419283
0.06,5419280
0.06,5418266
0.06,5416495
0.06,5414901
0.06,5402667
0.06,5377873
0.06,5371973
0.06,5370339
0.06,5369565
0.06,5351563
0.06,5347539
0.06,5346502
0.06,5345629
0.06,5338397
0.06,5318100
0.06,5317926
0.06,5310523
0.06,5309586
0.06,5307748
0.06,5306698
0.06,5303852
0.06,5302782
0.06,5296679
0.06,5176434
0.06,5149516
0.06,5131637
0.06,5122363
0.06,5121396
0.06,5090308
0.06,5086668
0.06,5079902
0.06,5064790
0.06,5053881
0.06,5051071
0.06,5039311
0.06,5036415
0.06,5034853
0.06,4982598
0.06,4964239
0.07,4958072
0.07,4886757
0.07,4886005
0.07,4881896
0.07,4876718
0.07,4876421
0.07,4846602
0.07,4846323
0.07,4844532
0.07,4801533
0.07,4799578
0.07,4760878
0.07,4742234
0.07,4740890
0.07,4719809
0.07,4703175
0.07,4697991
0.07,4671873
0.07,4665553
0.07,4664839
0.07,4632530
0.07,4619779
0.07,4618316
0.07,4616636
0.07,4602892
0.07,4585015
0.07,4585002
0.07,4581852
0.07,4576170
0.07,4573481
0.07,4572690
0.07,4572204
0.07,4560942
0.07,4551177
0.07,4550687
0.07,4546937
0.07,4541347
0.07,4526085
0.07,4525529
0.07,4520507
0.07,4520066
0.07,4516647
0.07,4487222
0.07,4486411
0.07,4485441
0.07,4483469
0.07,4480830
0.07,4477678
0.07,4475654
0.08,4474101
0.08,4449514
0.08,4442918
0.08,4442909
0.08,4440061
0.08,4439450
0.08,4419635
0.08,4412775
0.08,4402653
0.08,4402236
0.08,4399216
0.08,4395692
0.08,4393129
0.08,4390035
0.08,4388052
0.08,4387419
0.08,4377332
0.08,4376168
0.08,4346921
0.08,4341567
0.08,4321418
0.08,4311162
0.08,4301658
0.08,4301217
0.08,4297454
0.08,4273414
0.08,4264923
0.08,4258484
0.08,4257596
0.08,4228991
0.08,4224971
0.08,4224907
0.08,4205635
0.08,4204973
0.08,4175220
0.08,4173082
0.09,4170799
0.09,4170270
0.09,4170138
0.09,4170006
0.09,4161260
0.09,4161257
0.09,4136365
0.09,4136024
0.09,4135660
0.09,4114539
0.09,4113402
0.09,4111760
0.09,4093287
0.09,4068749
0.09,4061874
0.09,4050473
0.09,4050186
0.09,4037316
0.09,4010323
0.09,4004672
0.09,3957918
0.09,3953666
0.09,3950860
0.09,3948192
0.09,3938726
0.09,3938427
0.09,3935983
0.09,3935538
0.09,3912304
0.09,3906809
0.09,3905241
0.09,3904365
0.10,3903579
0.10,3903331
0.10,3899723
0.10,3813096
0.10,3810311
0.10,3806380
0.10,3799549
0.10,3792751
0.10,3792037
0.10,3791020
0.10,3790812
0.10,3790576
0.10,3782602
0.10,3771210
0.10,3750482
0.10,3749537
0.10,3746259
0.10,3735608
0.10,3732414
0.10,3727191
0.10,3726876
0.10,3721967
0.11,3714687
0.11,3693813
0.11,3689992
0.11,3622923
0.11,3619823
0.11,3618517
0.11,3618501
0.11,3593453
0.11,3572761
0.11,3571578
0.11,3569364
0.11,3569344
0.11,3509663
0.11,3496103
0.11,3470686
0.11,3465557
0.11,3464572
0.11,3461451
0.11,3461129
0.11,3433996
0.12,3433262
0.12,3433248
0.12,3431351
0.12,3412735
0.12,3411259
0.12,3351599
0.12,3348961
0.12,3348489
0.12,3334208
0.12,3328240
0.12,3327851
0.12,3324368
0.12,3315708
0.12,3315050
0.12,3313411
0.12,3249370
0.12,3249033
0.12,3247901
0.12,3235888
0.12,3229755
0.12,3228016
0.12,3227426
0.12,3226110
0.12,3174673
0.12,3170166
0.12,3167840
0.13,3166686
0.13,3156116
0.13,3154381
0.13,3152892
0.13,3146825
0.13,3066939
0.13,3063455
0.13,3045186
0.13,3044630
0.13,3039409
0.13,3039399
0.13,2972273
0.13,2971961
0.13,2971695
0.13,2958757
0.13,2957562
0.14,2957121
0.14,2956669
0.14,2954126
0.14,2912078
0.14,2907718
0.14,2906257
0.14,2904654
0.14,2900552
0.14,2894248
0.14,2846215
0.14,2845434
0.14,2831331
0.14,2831275
0.14,2760628
0.14,2757274
0.14,2755217
0.14,2745509
0.14,2741315
0.14,2739619
0.14,2738276
0.14,2738005
0.14,2736410
0.14,2728922
0.15,2721956
0.15,2721654
0.15,2721015
0.15,2718916
0.15,2718310
0.15,2717713
0.15,2707227
0.15,2706795
0.15,2666733
0.15,2666444
0.15,2655240
0.15,2655135
0.15,2654919
0.15,2652132
0.15,2651314
0.15,2639462
0.15,2635510
0.15,2629196
0.15,2627149
0.15,2623996
0.15,2614142
0.16,2608189
0.16,2606122
0.16,2599223
0.16,2598544
0.16,2593914
0.16,2593332
0.16,2590373
0.16,2589985
0.16,2582832
0.16,2580284
0.16,2577164
0.16,2574680
0.16,2572937
0.16,2569828
0.16,2569466
0.16,2564740
0.16,2558471
0.16,2541882
0.16,2540570
0.16,2537008
0.16,2478994
0.16,2463494
0.16,2454235
0.16,2413790
0.16,2411609
0.16,2408552
0.16,2394476
0.16,2394272
0.16,2390145
0.16,2371735
0.16,2371361
0.16,2365090
0.16,2364752
0.17,2363329
0.17,2362076
0.17,2351726
0.17,2350568
0.17,2348415
0.17,2339374
0.17,2339011
0.17,2337248
0.17,2334370
0.17,2315509
0.17,2313754
0.17,2305839
0.17,2305046
0.17,2286223
0.17,2285849
0.17,2285638
0.17,2270337
0.17,2270118
0.17,2263798
0.17,2257217
0.17,2255619
0.17,2249057
0.17,2248215
0.17,2155771
0.17,2155068
0.17,2143190
0.17,2143105
0.18,2143099
0.18,2142869
0.18,2141097
0.18,2137281
0.18,2123677
0.18,2123230
0.18,2106114
0.18,2099136
0.18,2094347
0.18,2092941
0.18,2091619
0.18,2090429
0.18,2057953
0.18,2052572
0.18,2048745
0.18,2048230
0.18,2048155
0.18,2048043
0.18,2046561
0.18,2036564
0.18,2034953
0.18,2030551
0.18,2025479
0.18,2020254
0.18,2018415
0.19,2015917
0.19,2013022
0.19,1999410
0.19,1998799
0.19,1996566
0.19,1996323
0.19,1995589
0.19,1991114
0.19,1990416
0.19,1986786
0.19,1984383
0.19,1981117
0.19,1977844
0.19,1977719
0.19,1971347
0.20,1970669
0.20,1969368
0.20,1964870
0.20,1964121
0.20,1963071
0.20,1957669
0.20,1957627
0.20,1951513
0.20,1949373
0.20,1947506
0.20,1939102
0.20,1934944
0.20,1934624
0.20,1932842
0.20,1928031
0.20,1927369
0.20,1926636
0.21,1926159
0.21,1924693
0.21,1901321
0.21,1900722
0.21,1897141
0.21,1896808
0.21,1895241
0.21,1877948
0.21,1876139
0.21,1875913
0.21,1869818
0.21,1868331
0.21,1868038
0.21,1868011
0.21,1858475
0.22,1858339
0.22,1854278
0.22,1788099
0.22,1785006
0.22,1784724
0.22,1784471
0.22,1782555
0.22,1715289
0.22,1693429
0.22,1688302
0.22,1682914
0.22,1671886
0.22,1658680
0.22,1655483
0.23,1653971
0.23,1649346
0.23,1643293
0.23,1641328
0.23,1640319
0.23,1634165
0.23,1633715
0.23,1632643
0.23,1629769
0.23,1626257
0.23,1616214
0.23,1611860
0.23,1607446
0.23,1606980
0.23,1593831
0.23,1578005
0.23,1571198
0.23,1570766
0.24,1570732
0.24,1570330
0.24,1570245
0.24,1553812
0.24,1551457
0.24,1544133
0.24,1542896
0.24,1541721
0.24,1541495
0.24,1536785
0.24,1536441
0.25,1516440
0.25,1513407
0.25,1506428
0.25,1505733
0.25,1494860
0.25,1492982
0.25,1492568
0.25,1491809
0.25,1480405
0.25,1479677
0.25,1478772
0.26,1477957
0.26,1474872
0.26,1473218
0.26,1431329
0.26,1431184
0.26,1419744
0.26,1410771
0.26,1406253
0.26,1405155
0.26,1401112
0.27,1398986
0.27,1396911
0.27,1396632
0.27,1396453
0.27,1396362
0.27,1394023
0.27,1392471
0.27,1392418
0.27,1388648
0.27,1375321
0.27,1374227
0.27,1373293
0.27,1369483
0.28,1368628
0.28,1367441
0.28,1367313
0.28,1366588
0.28,1365687
0.28,1360843
0.29,1360193
0.29,1349388
0.29,1338783
0.29,1337780
0.29,1329825
0.29,1328811
0.29,1325330
0.29,1322964
0.29,1322883
0.29,1316706
0.29,1316678
0.29,1306815
0.30,1304829
0.30,1303509
0.30,1302971
0.30,1301824
0.30,1298009
0.30,1297582
0.30,1288041
0.30,1287306
0.30,1286022
0.30,1284833
0.30,1284224
0.31,1272433
0.31,1272289
0.31,1272113
0.31,1270944
0.31,1259843
0.31,1259747
0.31,1257980
0.31,1256320
0.31,1255946
0.31,1255132
0.32,1254228
0.32,1254060
0.32,1253475
0.32,1252837
0.32,1250639
0.32,1242270
0.32,1241246
0.32,1236978
0.32,1235549
0.32,1235393
0.32,1214333
0.32,1214274
0.33,1213326
0.33,1210961
0.33,1208782
0.33,1205334
0.33,1197745
0.33,1197249
0.33,1196748
0.34,1195180
0.34,1194786
0.34,1191861
0.34,1191472
0.34,1191250
0.34,1189473
0.34,1188921
0.34,1188602
0.34,1188558
0.35,1188017
0.35,1181531
0.35,1178151
0.35,1176601
0.35,1175945
0.35,1175357
0.35,1175326
0.35,1174787
0.35,1174260
0.35,1173475
0.36,1173006
0.36,1172704
0.36,1170595
0.37,1169621
0.37,1169203
0.37,1168792
0.37,1168489
0.37,1165427
0.37,1164946
0.37,1164586
0.37,1147272
0.37,1146360
0.37,1146048
0.37,1125473
0.37,1125466
0.38,1125448
0.38,1124827
0.38,1117909
0.39,1117516
0.39,1114032
0.39,1113558
0.39,1110195
0.39,1109656
0.39,1109620
0.40,1100796
0.40,1098800
0.40,1098545
0.40,1097970
0.40,1097632
0.41,1096489
0.41,1095530
0.41,1094492
0.41,1089650
0.41,1088355
0.42,1087882
0.42,1087799
0.42,1086877
0.42,1079935
0.42,1079243
0.42,1077512
0.42,1075754
0.43,1073423
0.43,1066465
0.43,1063514
0.43,1060266
0.43,1058582
0.44,1057764
0.44,1042717
0.44,1041293
0.45,1033367
0.45,1033350
0.45,1030379
0.45,1029896
0.45,1029425
0.45,1026456
0.45,1026455
0.45,1024610
0.46,1024212
0.46,1023982
0.46,1023405
0.46,1019783
0.47,1019704
0.47,1019493
0.47,1017614
0.47,1016615
0.48,1016328
0.48,1014996
0.48,1012695
0.48,1011114
0.49,1007689
0.49,1007099
0.49,1005761
0.49,1004929
0.50,1004851
0.50,1004249
0.51,1004213
0.51,1004178
0.52,1000429
0.52,999942
0.52,999369
0.53,999055
0.53,998474
0.53,997051
0.53,996396
0.54,995999
0.54,995772
0.54,995097
0.54,994953
0.54,994227
0.54,991431
0.55,991149
0.55,985242
0.55,984356
0.55,983050
0.56,982909
0.56,982590
0.56,979496
0.57,979384
0.57,979079
0.57,978125
0.58,978078
0.58,969949
0.58,964801
0.58,964535
0.58,963513
0.59,962832
0.59,960789
0.59,955187
0.59,954633
0.59,945387
0.59,944165
0.60,944136
0.60,943226
0.60,941560
0.61,941540
0.61,941376
0.61,940973
0.61,940823
0.61,940329
0.61,927332
0.62,927144
0.62,919920
0.62,917411
0.62,917027
0.63,915449
0.63,915325
0.63,914672
0.63,914338
0.63,914154
0.63,913321
0.63,911670
0.63,909924
0.63,907518
0.64,907236
0.64,900663
0.64,899878
0.65,899424
0.66,899408
0.66,896048
0.66,895688
0.67,895014
0.67,893773
0.67,893214
0.67,893191
0.68,888908
0.68,888503
0.68,884873
0.69,884665
0.69,883378
0.69,882091
0.69,881558
0.69,881359
0.69,879215
0.70,879109
0.70,875777
0.71,860257
0.71,859983
0.71,859823
0.73,859744
0.73,858102
0.73,857627
0.74,856641
0.74,856322
0.75,854167
0.76,854083
0.76,853811
0.77,853803
0.78,852543
0.78,850951
0.78,849873
0.78,849776
0.79,848783
0.81,848178
0.82,848001
0.82,847821
0.82,846569
0.84,846237
0.84,845951
0.85,829420
0.86,828544
0.86,827765
0.86,827225
0.88,826147
0.89,826029
0.90,825348
0.91,824898
0.91,824879
0.92,819270
0.93,819094
0.93,817447
0.93,816868
0.93,813227
0.96,812030
0.97,812014
0.99,800434
0.99,800388
1.00,800085
1.00,799511
1.02,799382
1.03,798488
1.04,795432
1.04,794831
1.05,794549
1.05,794153
1.06,793951
1.07,793485
1.07,793240
1.08,784406
1.08,784220
1.08,784166
1.09,781804
1.10,781765
1.11,781218
1.12,781213
1.12,779282
1.12,778993
1.14,778582
1.14,777646
1.15,777376
1.16,777198
1.16,776853
1.17,776600
1.20,773673
1.21,769993
1.23,769526
1.24,769325
1.27,768550
1.28,768454
1.29,767698
1.32,767228
1.32,766956
1.34,766778
1.35,766551
1.36,765989
1.36,765444
1.39,764718
1.42,760560
1.44,759986
1.45,759984
1.46,759549
1.48,759528
1.51,759433
1.54,754967
1.54,754829
1.55,754371
1.60,753488
1.66,753366
1.68,752770
1.75,752744
1.75,752699
1.81,752673
1.82,747642
1.84,747280
1.86,746867
1.90,746229
1.94,738179
2.06,737796
2.06,737710
2.22,736933
2.25,735957
2.34,735686
2.46,735502
2.57,734905
2.69,734742
2.76,733010
3.03,732957
3.09,732811
3.20,732595
3.41,732576
3.60,732301
4.04,732272
5.44,731937
5.48,731135
5.50,729790
5.51,729520
5.53,728877
5.58,728663
5.63,728300
5.65,727984
5.67,727822
5.68,727810
5.69,726134
5.72,726115
5.73,726046
5.73,725975
5.74,725498
5.78,725123
5.80,724936
5.85,724332
5.86,724182
5.91,724043
5.94,722378
5.98,722236
6.11,722181
6.21,721604
6.22,720671
6.25,720146
6.27,717840
6.34,717244
6.49,715689
6.55,715407
6.59,715203
6.66,712333
6.80,712148
6.87,711770
7.03,711744
10.11,711247
10.26,711229
10.36,710886
10.43,710185
10.57,709604
10.72,708849
13.98,708789
14.00,708613
14.00,708547
14.01,706405
14.01,706129
14.02,705779
14.02,705736
14.04,705656
14.05,705331
14.06,705126
14.09,704577
14.10,702171
14.13,698909
14.14,698359
14.15,697605
14.16,697237
14.18,696562
14.20,695951
14.23,695843
14.28,695448
14.31,695056
14.42,694559
14.42,694438
14.50,693413
14.60,693377
14.68,693002
14.73,692128
14.91,691091
14.95,690222
15.19,690080
15.32,689845
15.32,689489
15.34,688304
15.37,687328
16.79,686854
16.86,686326
16.89,685842
16.97,685817
16.98,685418
16.99,685194
17.03,684871
17.06,684731
17.10,684218
17.23,684060
17.26,684029
17.40,682731
17.42,682693
17.42,682672
17.59,682671
17.65,682660
17.83,682627
17.88,682582
17.96,681615
18.15,681065
18.33,680454
18.37,680232
18.41,679779
18.65,679508
21.01,676540
39.54,676352
39.81,675025
39.86,674927
39.90,674617
40.07,674393
40.33,674361
115.20,673308
117.24,672224
117.26,670720
117.34,670699
117.37,670547
