0.00,6967261
0.01,6950453
0.01,6909028
0.01,6902810
0.01,6858836
0.01,6855525
0.01,6855331
0.01,6843667
0.01,6841041
0.01,6840766
0.01,6834912
0.01,6828069
0.01,6826711
0.01,6821355
0.01,6819920
0.01,6805115
0.01,6803763
0.01,6802926
0.01,6780660
0.01,6777134
0.01,6766183
0.01,6763859
0.01,6760522
0.01,6755776
0.01,6755186
0.01,6743078
0.01,6743020
0.01,6726998
0.01,6719571
0.01,6706144
0.01,6701384
0.01,6700562
0.02,6676520
0.02,6670937
0.02,6667751
0.02,6658363
0.02,6625885
0.02,6618385
0.02,6617283
0.02,6611947
0.02,6556030
0.02,6533687
0.02,6531095
0.02,6523958
0.02,6514715
0.02,6488779
0.02,6482598
0.02,6482080
0.02,6473925
0.02,6454465
0.02,6451257
0.02,6398071
0.02,6325579
0.02,6315157
0.02,6299758
0.02,6298982
0.02,6298099
0.02,6293612
0.02,6292875
0.02,6292598
0.02,6277670
0.02,6246824
0.02,6246752
0.02,6243761
0.02,6237484
0.02,6236582
0.02,6235463
0.02,6232777
0.02,6229779
0.02,6229598
0.03,6222411
0.03,6213113
0.03,6187567
0.03,6186384
0.03,6183838
0.03,6182276
0.03,6156014
0.03,6155806
0.03,6149833
0.03,6149700
0.03,6148316
0.03,6132188
0.03,6118948
0.03,6118462
0.03,6105806
0.03,6050554
0.03,6050490
0.03,6050335
0.03,5982603
0.03,5981833
0.03,5979109
0.03,5978293
0.03,5933433
0.03,5761003
0.03,5759797
0.03,5755362
0.03,5751410
0.03,5696746
0.03,5693565
0.03,5693444
0.03,5684975
0.03,5679265
0.03,5674771
0.04,5674542
0.04,5655708
0.04,5646298
0.04,5639150
0.04,5617639
0.04,5617490
0.04,5603055
0.04,5602334
0.04,5597087
0.04,5589418
0.04,5535101
0.04,5534786
0.04,5534174
0.04,5523075
0.04,5518999
0.04,5509923
0.04,5506046
0.04,5448251
0.04,5436439
0.04,5435540
0.04,5430911
0.04,5430187
0.04,5424022
0.04,5391735
0.04,5388584
0.04,5388449
0.04,5385153
0.04,5380897
0.04,5369965
0.04,5355881
0.04,5352847
0.04,5352630
0.04,5329479
0.04,5326352
0.04,5274089
0.04,5251778
0.04,5245666
0.04,5244688
0.04,5233601
0.04,5233509
0.04,5233436
0.04,5232076
0.04,5227245
0.04,5226652
0.04,5130858
0.05,5122716
0.05,5092391
0.05,5072961
0.05,5069526
0.05,5069014
0.05,5058242
0.05,5056276
0.05,5034905
0.05,5029950
0.05,5025558
0.05,5021571
0.05,5020923
0.05,5015634
0.05,5009385
0.05,5009245
0.05,4998038
0.05,4988103
0.05,4977981
0.05,4971539
0.05,4969472
0.05,4960270
0.05,4959409
0.05,4948954
0.05,4928918
0.05,4900678
0.05,4899959
0.05,4881481
0.05,4880313
0.05,4877037
0.05,4874541
0.05,4872698
0.05,4868482
0.05,4865871
0.05,4719944
0.05,4662714
0.05,4661779
0.05,4658553
0.05,4650597
0.05,4650532
0.05,4625697
0.05,4611953
0.05,4579321
0.05,4565870
0.05,4565010
0.05,4558439
0.05,4558410
0.06,4558076
0.06,4555518
0.06,4550505
0.06,4511840
0.06,4488110
0.06,4457118
0.06,4449688
0.06,4446858
0.06,4440939
0.06,4374178
0.06,4372292
0.06,4372100
0.06,4368341
0.06,4366660
0.06,4362924
0.06,4350117
0.06,4347769
0.06,4343473
0.06,4328066
0.06,4327694
0.06,4319190
0.06,4307233
0.06,4292810
0.06,4283344
0.06,4261216
0.06,4250010
0.06,4250004
0.06,4248728
0.06,4246517
0.06,4233657
0.06,4233550
0.06,4232659
0.07,4219504
0.07,4205319
0.07,4204736
0.07,4204307
0.07,4182209
0.07,4177901
0.07,4064223
0.07,4063843
0.07,4061982
0.07,4059826
0.07,4057029
0.07,4047519
0.07,4046620
0.07,4045299
0.07,4039983
0.07,4039464
0.07,4038695
0.07,4038244
0.07,4030004
0.07,4029640
0.07,4024547
0.07,4021598
0.07,4017969
0.07,4014088
0.07,3989879
0.07,3971737
0.07,3951526
0.07,3950803
0.07,3902092
0.07,3901676
0.07,3898910
0.07,3898311
0.07,3895809
0.07,3895759
0.07,3895445
0.07,3885874
0.07,3871210
0.07,3866508
0.07,3850169
0.07,3840168
0.07,3835292
0.07,3834060
0.07,3833834
0.07,3832118
0.07,3826977
0.07,3826958
0.07,3815896
0.07,3788316
0.07,3784717
0.07,3784537
0.07,3783202
0.08,3777464
0.08,3775726
0.08,3769858
0.08,3769431
0.08,3769103
0.08,3767506
0.08,3766940
0.08,3763626
0.08,3632246
0.08,3578488
0.08,3578403
0.08,3575216
0.08,3575214
0.08,3570696
0.08,3569307
0.08,3566873
0.08,3566339
0.08,3564645
0.08,3559058
0.08,3558137
0.08,3553549
0.08,3553297
0.08,3529003
0.08,3415748
0.08,3413498
0.08,3412658
0.08,3411691
0.08,3409794
0.08,3409493
0.08,3408990
0.08,3403402
0.08,3401178
0.08,3387839
0.08,3385614
0.08,3364763
0.08,3363454
0.08,3363152
0.08,3361123
0.08,3357895
0.08,3356578
0.09,3348846
0.09,3348774
0.09,3346523
0.09,3330909
0.09,3330300
0.09,3325919
0.09,3324838
0.09,3324751
0.09,3306004
0.09,3304784
0.09,3303916
0.09,3299914
0.09,3299765
0.09,3296197
0.09,3292845
0.09,3291139
0.09,3264795
0.09,3262931
0.09,3260243
0.09,3257528
0.09,3252610
0.09,3251223
0.09,3251146
0.09,3250680
0.09,3250210
0.09,3247512
0.09,3245812
0.09,3244851
0.09,3237252
0.09,3185540
0.09,3184196
0.09,3183967
0.09,3174838
0.09,3172519
0.09,3170283
0.09,3168262
0.09,3159713
0.09,3147520
0.10,3144682
0.10,3144650
0.10,3144043
0.10,3143403
0.10,3141982
0.10,3140877
0.10,3116213
0.10,3105730
0.10,3080754
0.10,3075901
0.10,3072406
0.10,3052231
0.10,3048291
0.10,3045377
0.10,3039128
0.10,3037956
0.10,3025444
0.10,3017044
0.10,2987276
0.10,2986978
0.10,2985016
0.10,2971328
0.10,2970144
0.10,2899743
0.10,2899361
0.10,2871595
0.10,2868226
0.10,2864541
0.10,2853391
0.10,2849820
0.10,2849700
0.10,2849210
0.10,2848233
0.10,2847026
0.10,2845058
0.10,2844218
0.11,2834746
0.11,2833523
0.11,2832385
0.11,2829393
0.11,2824210
0.11,2763442
0.11,2759900
0.11,2757119
0.11,2757067
0.11,2754626
0.11,2750585
0.11,2750383
0.11,2741109
0.11,2740984
0.11,2737083
0.11,2714785
0.11,2709997
0.11,2707582
0.11,2706050
0.11,2704297
0.11,2702005
0.11,2700195
0.11,2698375
0.11,2697831
0.11,2695803
0.11,2694891
0.11,2692275
0.11,2686866
0.11,2671427
0.11,2668682
0.11,2668638
0.11,2668581
0.11,2662603
0.11,2656875
0.12,2646553
0.12,2646417
0.12,2642085
0.12,2640866
0.12,2639361
0.12,2636605
0.12,2632278
0.12,2585174
0.12,2548499
0.12,2548460
0.12,2542505
0.12,2541771
0.12,2538584
0.12,2538087
0.12,2519538
0.12,2514084
0.12,2511269
0.12,2503091
0.12,2489944
0.12,2489567
0.12,2489538
0.12,2483453
0.12,2482088
0.12,2481507
0.12,2458457
0.13,2458193
0.13,2457967
0.13,2430975
0.13,2430848
0.13,2429230
0.13,2428079
0.13,2388236
0.13,2387968
0.13,2384623
0.13,2368277
0.13,2368248
0.13,2366603
0.13,2359953
0.13,2353796
0.13,2346123
0.13,2345121
0.13,2344670
0.13,2343164
0.13,2342333
0.13,2342277
0.13,2336455
0.13,2321590
0.13,2303731
0.13,2303560
0.13,2303053
0.13,2302648
0.13,2302355
0.13,2300779
0.13,2298970
0.13,2298353
0.13,2295431
0.13,2294019
0.14,2287099
0.14,2284963
0.14,2275873
0.14,2256698
0.14,2256465
0.14,2252094
0.14,2250519
0.14,2223246
0.14,2223098
0.14,2221955
0.14,2221687
0.14,2221433
0.14,2218686
0.14,2218683
0.14,2218616
0.14,2209081
0.14,2206006
0.14,2205745
0.14,2205131
0.14,2204347
0.15,2203114
0.15,2175352
0.15,2174656
0.15,2163365
0.15,2161305
0.15,2113947
0.15,2110788
0.15,2109598
0.15,2107699
0.15,2107327
0.15,2107038
0.15,2103827
0.15,2075588
0.15,2073122
0.15,2072483
0.15,2070869
0.15,2047559
0.15,2047326
0.15,2043767
0.15,2042361
0.15,2037635
0.15,2036522
0.15,2034698
0.15,2032789
0.15,2030994
0.15,2029294
0.15,2028311
0.16,2026884
0.16,2023531
0.16,2023137
0.16,2005583
0.16,2004580
0.16,2004223
0.16,1993663
0.16,1993571
0.16,1990790
0.16,1990650
0.16,1990089
0.16,1989768
0.16,1982643
0.16,1979602
0.16,1969142
0.16,1953589
0.16,1949029
0.16,1934179
0.16,1934079
0.17,1933033
0.17,1933001
0.17,1931620
0.17,1929389
0.17,1929232
0.17,1928726
0.17,1927887
0.17,1927176
0.17,1924510
0.17,1922224
0.17,1917370
0.17,1916671
0.17,1906368
0.17,1906323
0.17,1906232
0.17,1902413
0.17,1899611
0.17,1899081
0.18,1898667
0.18,1897677
0.18,1896610
0.18,1841778
0.18,1840798
0.18,1840718
0.18,1840394
0.18,1837854
0.18,1801404
0.18,1800854
0.18,1799835
0.18,1798053
0.18,1796274
0.18,1795545
0.18,1785019
0.18,1782611
0.18,1781742
0.18,1776076
0.19,1776017
0.19,1775257
0.19,1774585
0.19,1773596
0.19,1752346
0.19,1752308
0.19,1750306
0.19,1748704
0.19,1745600
0.19,1739532
0.19,1738483
0.19,1737652
0.20,1731283
0.20,1731188
0.20,1728359
0.20,1727165
0.20,1726892
0.20,1726645
0.20,1679521
0.20,1678730
0.20,1676108
0.21,1676027
0.21,1675562
0.21,1673766
0.21,1673523
0.21,1673505
0.21,1672871
0.21,1672009
0.21,1671868
0.21,1670335
0.21,1656100
0.21,1652290
0.22,1644469
0.22,1582818
0.22,1582628
0.22,1580593
0.22,1580228
0.22,1580215
0.22,1579061
0.22,1577528
0.23,1577518
0.23,1575187
0.23,1574769
0.23,1573185
0.23,1569295
0.23,1564378
0.23,1564246
0.23,1556006
0.23,1555519
0.23,1555291
0.23,1548609
0.23,1545209
0.23,1544269
0.23,1544184
0.24,1542146
0.24,1541187
0.24,1539272
0.24,1537536
0.24,1537294
0.24,1537229
0.24,1537061
0.24,1534264
0.24,1533980
0.24,1532691
0.24,1532276
0.24,1530169
0.24,1529881
0.24,1495737
0.24,1492393
0.25,1491434
0.25,1487926
0.25,1483527
0.25,1483299
0.25,1480785
0.25,1477958
0.25,1475847
0.25,1466252
0.25,1464900
0.26,1455080
0.26,1454050
0.26,1452841
0.26,1442206
0.26,1441766
0.26,1441260
0.26,1440028
0.26,1438351
0.27,1436731
0.27,1436268
0.27,1434565
0.27,1434419
0.27,1433924
0.27,1433712
0.27,1433340
0.28,1432967
0.28,1432404
0.28,1432123
0.28,1431012
0.28,1430925
0.28,1430713
0.28,1430366
0.28,1425122
0.28,1423695
0.28,1423532
0.28,1423307
0.29,1421927
0.29,1418808
0.29,1417543
0.29,1416286
0.29,1416244
0.29,1409701
0.29,1408678
0.29,1406146
0.30,1405919
0.30,1405278
0.30,1403271
0.30,1403002
0.30,1402550
0.30,1401515
0.30,1397307
0.30,1397149
0.30,1395116
0.30,1393887
0.30,1392737
0.30,1391817
0.30,1391291
0.30,1374247
0.31,1373774
0.31,1370913
0.31,1370716
0.31,1368356
0.31,1368354
0.31,1366606
0.31,1366401
0.31,1365643
0.31,1365297
0.31,1348324
0.31,1348304
0.31,1346187
0.31,1345747
0.32,1344744
0.32,1344591
0.32,1337607
0.32,1336521
0.33,1333549
0.33,1333092
0.33,1333078
0.33,1329710
0.33,1329653
0.33,1329476
0.33,1328010
0.34,1325586
0.34,1323761
0.34,1321621
0.34,1321598
0.34,1321064
0.34,1321036
0.34,1320755
0.34,1309376
0.34,1304002
0.34,1303850
0.34,1274211
0.34,1262654
0.35,1261779
0.35,1259650
0.35,1259159
0.35,1256128
0.35,1254146
0.35,1253985
0.35,1253698
0.35,1250068
0.36,1249872
0.36,1249471
0.36,1248728
0.36,1248049
0.36,1247721
0.36,1246883
0.36,1246364
0.36,1246273
0.36,1237072
0.36,1233698
0.37,1232984
0.37,1231855
0.37,1226902
0.37,1226613
0.37,1225626
0.37,1218847
0.37,1171036
0.37,1168809
0.37,1168333
0.38,1155034
0.38,1153744
0.38,1142277
0.38,1139613
0.38,1135030
0.39,1134539
0.39,1132358
0.39,1129717
0.39,1124250
0.39,1124138
0.40,1121169
0.40,1116039
0.40,1115878
0.40,1114432
0.40,1114364
0.40,1113639
0.41,1112497
0.41,1105575
0.41,1105080
0.41,1104942
0.41,1104493
0.42,1102506
0.42,1085755
0.42,1085355
0.42,1083327
0.43,1083176
0.43,1081574
0.43,1080306
0.43,1080302
0.44,1073970
0.44,1073795
0.44,1073635
0.44,1072050
0.45,1070875
0.45,1066395
0.45,1065100
0.46,1064735
0.46,1064140
0.46,1060827
0.46,1057205
0.47,1049770
0.47,1049021
0.47,1043868
0.47,1041614
0.47,1040673
0.48,1033578
0.48,1033420
0.48,1033320
0.48,1032896
0.48,1032837
0.48,1029819
0.48,1027283
0.49,1027196
0.49,1026181
0.49,1023667
0.49,1023043
0.49,1021825
0.49,1021372
0.49,1014300
0.49,1008033
0.50,1007376
0.50,1005996
0.50,1005257
0.51,1002315
0.51,996597
0.51,996161
0.51,992978
0.51,990387
0.52,988503
0.52,988374
0.53,986779
0.53,983355
0.53,983250
0.53,982819
0.53,973347
0.54,970172
0.54,965954
0.54,965418
0.54,964223
0.54,964120
0.55,957901
0.55,957823
0.55,948701
0.56,948566
0.57,948144
0.57,946766
0.57,945566
0.57,945229
0.57,943315
0.57,923390
0.58,923117
0.58,921851
0.58,920822
0.58,920202
0.58,919669
0.59,919255
0.59,919130
0.59,918416
0.59,917904
0.60,916112
0.60,913121
0.60,913070
0.60,912776
0.60,911460
0.60,910856
0.61,910745
0.62,910621
0.62,908224
0.62,908206
0.62,907591
0.63,905272
0.64,905260
0.65,905021
0.65,903713
0.65,902566
0.66,900878
0.66,894202
0.66,894066
0.68,893240
0.68,893080
0.68,888761
0.69,885511
0.69,884973
0.71,884940
0.71,881352
0.72,880957
0.72,879677
0.72,879353
0.75,879294
0.76,878905
0.76,878740
0.76,878174
0.76,877611
0.76,873040
0.78,868505
0.78,867448
0.79,859100
0.80,858878
0.80,857155
0.80,853542
0.81,852365
0.82,850504
0.83,850338
0.83,849408
0.84,849408
0.85,811458
0.85,811189
0.85,807362
0.86,807065
0.87,807035
0.88,806853
0.88,798102
0.89,796008
0.89,795858
0.90,795312
0.90,793852
0.90,793569
0.90,792978
0.91,792650
0.92,791209
0.92,791207
0.93,789084
0.93,787872
0.95,787708
0.97,785336
0.98,785313
0.98,775472
0.98,775472
0.99,775248
1.00,775110
1.00,774607
1.00,773963
1.00,773426
1.04,771764
1.04,745260
1.04,745187
1.05,743991
1.08,742486
1.11,742460
1.11,741105
1.11,734217
1.12,733902
1.12,733613
1.13,733340
1.13,732580
1.16,731960
1.18,731848
1.18,731372
1.18,727853
1.19,727848
1.20,727848
1.21,727252
1.23,727101
1.23,726662
1.23,726065
1.28,725778
1.29,725433
1.29,725415
1.30,725364
1.31,725338
1.32,723307
1.38,719080
1.39,718695
1.42,718188
1.46,718136
1.48,716806
1.48,716373
1.51,715597
1.55,715415
1.56,715373
1.59,715270
1.63,715254
1.64,714921
1.68,712619
1.68,712521
1.69,712243
1.71,711184
1.78,710908
1.89,710830
1.90,710589
1.94,710567
1.96,710550
2.04,710275
2.07,701373
2.24,700993
2.31,700394
2.36,700323
2.64,700294
2.67,700233
2.90,699267
2.95,699007
3.24,698488
5.63,697372
5.68,697341
6.14,696963
6.45,696394
6.58,696284
8.23,695858
8.29,695542
8.31,693940
8.42,693414
8.48,688885
8.53,688881
8.55,688270
8.68,688063
8.79,687426
8.92,686837
8.92,686678
9.01,686614
9.03,685120
9.31,684015
14.49,681628
14.54,680998
14.84,680900
14.85,680442
14.90,679869
164.98,679674
165.05,679599
165.18,678539
165.53,678240
178.63,677326
178.94,677152
179.02,676633
179.04,675801
179.46,674807
180.99,671832
181.03,671130
181.21,670733
181.39,670079
181.69,669340
181.83,669154
181.94,668918
182.30,667573
188.15,666694
