0.06,7087652
0.07,7086304
0.07,7086194
0.07,7085335
0.07,7035351
0.07,7035198
0.08,7033907
0.08,7022129
0.08,6995732
0.08,6995725
0.08,6979685
0.08,6887092
0.08,6800587
0.08,6800530
0.08,6790667
0.08,6787079
0.08,6778575
0.08,6777195
0.08,6769371
0.09,6752797
0.09,6727466
0.09,6726786
0.09,6726570
0.09,6726333
0.09,6631852
0.09,6630937
0.09,6594848
0.09,6589559
0.09,6583928
0.09,6573912
0.09,6562018
0.09,6561748
0.09,6529955
0.09,6527407
0.09,6527314
0.09,6525774
0.09,6525593
0.09,6516365
0.09,6512567
0.09,6512534
0.09,6512513
0.09,6511095
0.09,6508866
0.09,6503108
0.09,6503078
0.09,6501614
0.09,6499182
0.09,6499109
0.09,6487775
0.09,6485157
0.09,6479326
0.10,6458726
0.10,6450253
0.10,6440352
0.10,6434134
0.10,6429235
0.10,6428515
0.10,6425179
0.10,6421095
0.10,6404577
0.10,6402795
0.10,6395896
0.10,6389402
0.10,6381559
0.10,6359929
0.10,6359203
0.10,6335438
0.10,6335076
0.10,6259116
0.10,6247694
0.10,6247407
0.10,6217389
0.10,6214098
0.10,6174964
0.10,6165819
0.10,6161005
0.10,6156405
0.10,6152623
0.10,6150745
0.10,6144336
0.10,6138250
0.10,6118480
0.10,6114468
0.10,6112004
0.10,6054752
0.11,5970806
0.11,5966261
0.11,5957944
0.11,5955516
0.11,5953009
0.11,5933787
0.11,5923049
0.11,5920069
0.11,5919269
0.11,5907005
0.11,5869550
0.11,5867403
0.11,5861543
0.11,5861010
0.11,5860396
0.11,5854587
0.11,5851343
0.11,5842793
0.11,5828332
0.11,5816349
0.11,5813508
0.11,5810883
0.11,5783034
0.11,5777490
0.11,5772574
0.11,5768150
0.11,5763935
0.11,5762085
0.11,5758822
0.11,5750553
0.11,5750104
0.11,5748914
0.11,5748104
0.12,5730822
0.12,5725450
0.12,5724707
0.12,5720816
0.12,5720753
0.12,5714498
0.12,5705677
0.12,5702459
0.12,5700879
0.12,5699742
0.12,5688158
0.12,5687030
0.12,5671828
0.12,5645266
0.12,5639579
0.12,5632531
0.12,5631432
0.12,5626575
0.12,5613023
0.12,5611576
0.12,5607833
0.12,5599759
0.12,5590058
0.12,5589426
0.12,5529575
0.12,5519673
0.12,5502979
0.12,5501568
0.12,5500385
0.12,5489263
0.12,5489060
0.12,5457228
0.12,5395355
0.12,5391125
0.12,5389412
0.12,5340886
0.12,5336607
0.12,5334807
0.12,5332019
0.13,5327210
0.13,5321177
0.13,5308264
0.13,5308199
0.13,5305276
0.13,5303258
0.13,5255518
0.13,5255417
0.13,5242285
0.13,5242179
0.13,5241814
0.13,5236551
0.13,5137478
0.13,5137378
0.13,5086569
0.13,5073095
0.13,5057307
0.13,5052966
0.13,5050292
0.13,5039983
0.13,5018308
0.13,5013614
0.13,5000018
0.13,4986939
0.13,4985500
0.13,4984360
0.13,4981755
0.13,4977561
0.13,4976846
0.13,4975954
0.13,4975876
0.13,4975676
0.13,4974359
0.13,4967304
0.13,4944746
0.13,4917236
0.14,4905229
0.14,4893865
0.14,4893608
0.14,4891982
0.14,4847151
0.14,4847097
0.14,4843394
0.14,4840858
0.14,4769370
0.14,4769025
0.14,4762630
0.14,4756321
0.14,4755373
0.14,4749302
0.14,4723514
0.14,4713790
0.14,4707575
0.14,4707020
0.14,4692264
0.14,4690626
0.14,4690587
0.14,4687995
0.14,4675011
0.14,4674242
0.14,4670948
0.14,4653993
0.14,4644305
0.14,4643736
0.14,4642718
0.15,4636519
0.15,4630218
0.15,4629220
0.15,4624270
0.15,4592082
0.15,4586710
0.15,4546100
0.15,4544362
0.15,4543651
0.15,4541949
0.15,4540573
0.15,4538387
0.15,4530207
0.15,4527120
0.15,4512662
0.15,4502075
0.15,4499292
0.15,4496243
0.15,4493346
0.15,4477256
0.15,4477060
0.15,4468706
0.15,4468106
0.15,4466046
0.15,4459927
0.15,4456046
0.15,4452726
0.15,4450788
0.15,4450378
0.15,4447521
0.15,4424355
0.15,4414433
0.15,4410772
0.15,4407167
0.15,4395600
0.16,4395504
0.16,4391014
0.16,4387210
0.16,4372887
0.16,4341530
0.16,4336462
0.16,4336101
0.16,4335829
0.16,4335321
0.16,4328451
0.16,4317879
0.16,4315601
0.16,4312662
0.16,4280307
0.16,4279137
0.16,4277112
0.16,4274686
0.16,4254689
0.16,4254482
0.16,4250682
0.16,4235822
0.16,4214913
0.16,4068291
0.16,4067145
0.16,4042197
0.16,4023603
0.16,4021004
0.16,4010518
0.16,4004568
0.16,3998587
0.16,3997658
0.16,3985526
0.16,3982122
0.16,3968991
0.16,3958733
0.16,3955040
0.16,3950338
0.16,3933076
0.16,3927179
0.16,3909533
0.16,3901558
0.18,3898277
0.18,3856992
0.18,3855267
0.18,3849830
0.18,3846586
0.18,3842946
0.18,3828083
0.18,3822079
0.18,3820107
0.18,3788438
0.19,3778495
0.19,3774816
0.19,3774282
0.19,3758417
0.19,3757207
0.19,3757099
0.20,3747120
0.20,3739459
0.20,3739295
0.20,3738941
0.20,3737456
0.20,3732115
0.20,3728524
0.20,3673949
0.20,3673057
0.20,3671704
0.20,3662778
0.20,3659661
0.20,3644484
0.20,3642019
0.20,3626984
0.20,3620901
0.20,3620351
0.20,3619380
0.20,3612908
0.20,3611203
0.20,3607945
0.20,3600426
0.21,3600142
0.21,3599332
0.21,3596110
0.21,3594128
0.21,3584288
0.21,3582389
0.21,3551750
0.22,3538614
0.22,3538560
0.22,3537832
0.22,3518402
0.22,3510180
0.22,3496525
0.22,3488188
0.22,3487318
0.22,3485918
0.22,3473402
0.22,3473342
0.22,3470186
0.22,3448431
0.22,3440477
0.22,3422752
0.22,3420876
0.22,3417114
0.22,3414449
0.22,3409312
0.22,3406570
0.22,3402609
0.22,3398477
0.22,3386528
0.23,3375973
0.23,3368772
0.23,3362641
0.24,3361312
0.24,3354586
0.25,3350747
0.25,3349450
0.25,3339979
0.25,3339344
0.25,3333738
0.25,3333603
0.25,3329577
0.25,3329259
0.25,3318380
0.25,3281063
0.25,3281057
0.25,3273499
0.25,3272605
0.25,3263333
0.25,3263165
0.25,3257132
0.25,3256142
0.25,3250114
0.25,3247889
0.25,3237971
0.25,3237457
0.25,3234072
0.25,3232386
0.25,3218985
0.25,3213992
0.25,3204880
0.27,3195265
0.27,3193147
0.27,3192116
0.27,3175542
0.27,3172555
0.27,3168699
0.31,3166806
0.31,3159149
0.31,3153135
0.31,3148442
0.31,3140741
0.31,3128808
0.31,3126703
0.31,3126405
0.31,3119262
0.31,3115246
0.31,3112046
0.31,3111886
0.31,3111830
0.31,3105445
0.31,3104907
0.31,3102739
0.31,3100259
0.31,3098726
0.31,3093347
0.31,3082597
0.31,3077521
0.31,3066930
0.31,3047819
0.31,3046268
0.31,3044809
0.31,3044485
0.31,3023733
0.31,3011564
0.32,3010519
0.32,2977988
0.32,2959674
0.32,2947982
0.33,2914455
0.33,2910144
0.33,2907677
0.33,2906542
0.33,2897831
0.33,2896517
0.33,2896285
0.33,2882758
0.33,2874219
0.34,2870567
0.34,2870341
0.34,2869119
0.34,2868368
0.34,2867578
0.34,2862291
0.34,2850102
0.34,2846697
0.34,2842881
0.34,2842215
0.34,2838605
0.34,2835433
0.34,2835395
0.34,2832444
0.34,2829473
0.34,2825894
0.34,2825309
0.34,2822460
0.34,2820185
0.34,2815249
0.34,2809184
0.34,2808337
0.34,2808099
0.34,2804078
0.34,2803989
0.34,2801556
0.34,2800883
0.45,2789740
0.45,2789103
0.45,2786137
0.45,2772041
0.45,2771656
0.45,2770216
0.45,2765634
0.45,2765252
0.45,2765019
0.45,2762284
0.45,2761838
0.45,2761068
0.45,2753358
0.45,2753117
0.45,2751071
0.45,2749797
0.45,2730553
0.45,2722739
0.45,2715493
0.60,2710435
0.60,2709400
0.60,2709398
0.61,2700527
0.62,2699296
0.62,2698240
0.62,2697673
0.62,2695011
0.62,2694016
0.62,2690767
0.63,2687726
0.63,2676176
0.63,2675841
0.67,2668292
0.67,2661493
0.67,2659534
0.67,2658177
0.67,2656231
0.67,2655121
0.67,2649843
0.67,2641135
0.67,2641068
0.67,2641056
0.68,2630062
0.68,2628448
0.68,2625842
0.68,2619787
0.68,2610213
0.68,2607178
0.68,2607089
0.68,2592512
0.68,2591622
0.68,2588116
0.68,2587997
0.68,2581881
0.68,2568409
0.68,2567936
0.68,2567930
0.68,2565242
0.68,2538443
0.68,2537446
0.68,2535965
0.68,2505610
0.68,2503499
0.68,2498889
0.68,2497075
0.68,2490092
0.68,2485524
0.68,2454036
0.68,2452725
0.68,2446159
0.69,2445143
0.69,2444521
0.69,2444448
0.70,2420019
0.70,2408479
1.16,2405194
1.16,2400829
1.16,2396990
1.19,2393160
1.19,2391925
1.19,2383542
1.19,2348632
1.19,2343794
1.19,2341575
1.19,2323633
1.19,2321507
1.19,2316592
1.19,2313072
1.19,2312589
1.94,2308068
1.94,2284144
1.94,2278555
2.43,2275319
2.43,2273538
2.43,2273034
2.70,2269805
2.73,2260587
2.73,2258472
2.73,2257632
3.15,2251115
3.15,2244655
3.15,2237791
3.15,2229942
3.15,2195779
3.15,2193385
3.16,2187650
3.94,2187465
3.94,2187001
3.94,2186687
3.94,2186056
3.95,2178082
3.95,2177362
3.95,2158596
3.95,2148659
3.95,2143104
3.95,2141712
3.96,2136694
3.96,2133624
3.96,2127738
3.96,2125956
3.96,2124544
5.00,2117300
5.00,2107803
5.02,2101878
5.02,2101507
5.02,2101036
5.02,2097966
5.02,2093504
5.02,2089252
5.02,2086541
5.02,2059397
5.02,2058922
5.02,2057661
5.02,2056978
5.02,2050349
5.89,2049940
5.89,2041369
5.89,2040971
5.89,2019821
5.89,2017634
5.90,2016810
5.90,2014742
5.90,2007656
5.90,1999896
5.91,1993697
5.91,1990073
5.91,1990071
5.91,1987193
6.08,1985827
6.08,1984405
6.32,1974276
6.32,1974126
6.32,1963471
6.32,1961748
6.35,1955242
6.35,1953936
6.35,1953457
6.35,1951742
6.35,1950192
8.28,1948452
8.28,1948151
8.28,1942425
8.28,1933858
8.28,1933673
8.28,1916536
8.28,1913226
8.28,1897372
8.79,1893194
8.79,1893168
8.80,1889609
8.80,1888814
8.80,1885348
8.80,1878711
8.80,1876798
8.80,1876440
8.80,1875428
9.04,1871209
9.04,1847913
9.04,1847876
9.04,1844639
9.54,1840441
9.54,1832932
9.54,1831936
9.54,1825099
9.54,1822387
9.92,1822160
9.92,1820145
9.92,1815473
9.92,1814819
9.92,1812407
9.92,1812394
9.92,1811620
9.92,1811351
9.92,1811257
9.92,1810930
9.92,1808673
10.40,1802138
10.40,1799508
10.40,1799451
10.40,1790814
10.40,1785223
10.41,1782417
10.41,1775674
10.42,1775657
10.44,1757333
10.44,1750688
11.92,1750436
11.92,1750226
11.92,1750128
11.96,1749549
11.96,1740404
11.96,1737312
11.96,1735954
11.96,1732994
11.96,1732989
11.96,1731120
11.96,1727713
11.97,1725835
11.97,1725736
12.00,1724214
12.11,1720071
12.11,1715871
12.11,1713438
12.11,1713275
12.11,1710036
12.11,1709274
12.11,1707470
12.13,1701938
12.13,1701133
12.13,1700798
12.13,1684456
12.13,1683383
12.14,1676178
12.14,1667661
12.48,1660505
12.48,1651993
12.48,1649705
13.16,1648611
13.16,1646601
13.77,1634007
13.77,1633089
13.77,1626187
13.77,1625082
13.92,1623041
13.92,1620616
13.92,1616115
13.92,1613793
13.92,1608825
13.92,1607062
13.92,1602474
13.92,1595612
13.92,1594494
13.92,1589268
13.92,1588370
13.92,1586317
13.93,1584942
13.93,1581978
13.93,1579953
13.93,1578448
13.93,1577412
13.93,1577151
13.93,1576192
13.93,1572168
13.93,1568557
13.93,1562909
13.93,1562380
13.93,1561263
13.93,1560562
13.93,1555641
13.95,1551475
13.95,1548429
13.95,1540709
13.98,1538616
16.46,1537591
16.46,1526896
16.46,1516882
16.46,1513897
16.46,1513806
16.46,1509902
16.47,1505471
16.47,1495343
16.47,1495237
16.47,1495232
16.47,1492230
16.47,1491227
16.47,1486005
16.47,1483080
16.47,1481777
16.56,1481193
17.37,1480029
17.37,1477135
17.37,1471652
17.37,1464448
17.37,1463051
17.37,1461969
18.15,1454568
18.35,1454079
18.35,1451394
18.35,1449716
18.35,1449172
18.35,1444039
18.35,1439130
18.35,1435506
18.35,1433887
18.35,1429549
18.35,1420158
18.35,1418447
18.35,1415679
18.35,1415613
18.37,1407163
18.37,1405120
18.37,1394286
18.37,1392437
18.37,1389655
18.37,1388122
18.37,1384912
18.72,1383697
18.72,1380645
18.72,1377639
18.72,1376714
18.72,1375301
18.77,1373090
18.77,1372636
18.78,1371905
18.78,1368393
18.80,1367381
18.80,1366846
18.80,1365340
18.83,1364508
18.83,1361221
18.83,1349796
18.83,1348842
18.83,1345610
18.83,1335955
19.44,1333397
19.44,1333045
19.44,1332868
19.44,1323131
19.44,1321893
19.44,1318678
19.44,1316084
19.44,1314486
19.44,1310829
19.44,1308018
19.44,1305620
19.44,1295090
19.44,1294310
19.44,1293488
19.44,1290359
21.89,1289473
21.89,1287677
21.89,1287058
21.89,1285171
21.89,1285078
21.89,1284229
21.89,1281858
21.89,1281853
21.89,1280046
21.89,1269944
21.89,1269439
21.89,1268675
21.89,1265102
21.89,1263993
21.89,1252171
21.90,1246131
21.90,1245473
21.90,1242053
23.54,1236864
23.54,1236420
23.54,1234416
23.84,1233050
23.84,1230745
23.84,1228596
23.84,1226989
23.84,1226214
23.84,1223234
23.84,1221380
23.84,1219644
23.84,1218333
23.84,1216646
23.93,1215942
23.93,1208022
23.93,1204760
23.94,1201672
23.94,1197076
23.94,1193566
25.20,1192802
25.24,1192118
25.24,1191777
25.24,1191581
25.24,1191270
25.24,1187845
25.24,1185063
25.24,1184568
25.24,1183039
25.24,1181218
25.24,1180128
25.25,1180083
25.25,1176806
25.25,1173084
25.25,1169566
25.63,1165827
25.63,1164497
25.64,1163299
25.64,1162810
25.64,1159031
25.72,1157307
25.72,1155039
25.72,1154990
25.72,1153927
25.72,1151112
25.72,1150195
25.73,1149566
25.73,1149071
25.73,1149024
25.73,1148140
25.73,1147321
25.77,1146242
25.77,1144573
25.77,1142180
25.77,1138900
25.77,1138359
25.77,1135284
25.77,1134407
25.79,1132162
25.79,1131660
25.81,1127959
25.81,1127683
25.81,1124171
25.81,1124008
25.81,1122845
25.81,1121797
25.81,1115467
25.83,1112704
25.83,1106910
25.83,1105682
25.83,1103273
25.83,1098050
25.83,1097982
25.83,1094967
25.83,1089886
25.83,1086279
25.84,1078961
27.14,1078065
27.14,1077060
27.14,1072719
27.14,1072165
27.14,1070721
27.15,1070345
27.15,1069357
27.15,1068894
28.85,1067390
28.86,1066576
28.86,1066562
28.86,1065667
28.86,1065155
29.24,1064608
29.24,1064397
29.24,1058077
29.29,1057323
31.16,1055125
31.16,1051201
31.19,1048311
31.19,1048218
31.19,1046378
31.20,1046324
31.20,1044699
31.20,1044697
31.20,1043450
31.20,1043184
31.20,1042363
31.20,1041368
31.20,1040510
31.20,1037855
31.20,1035542
31.20,1034838
31.20,1033648
31.21,1032839
31.54,1032315
31.54,1030860
31.54,1030638
31.54,1029608
31.60,1027447
31.60,1026331
31.60,1025840
31.72,1025235
31.72,1023054
31.72,1020598
31.72,1019655
31.72,1019062
31.72,1018305
31.73,1016638
31.75,1012242
31.75,1011444
31.75,1008309
31.75,1004045
31.75,1003974
31.75,1003330
31.76,999179
31.76,997546
31.76,996352
31.76,993340
31.89,991971
31.89,989636
31.89,988454
31.89,986162
31.89,986148
31.90,985353
31.90,983217
31.90,983169
31.90,982188
31.90,982041
31.91,981287
31.91,981195
31.91,977354
31.92,977138
32.18,976727
32.18,971678
33.67,969087
33.73,968710
33.73,968165
33.77,967448
33.77,965419
33.77,964688
33.77,962543
33.78,962017
34.06,958535
34.07,957131
34.08,954629
34.08,950615
34.08,946939
34.08,945294
34.08,945140
34.25,944934
34.25,944454
34.25,943252
34.25,940662
34.25,939019
34.25,938986
34.43,935416
34.46,935327
34.46,933687
34.46,932801
34.46,928020
34.62,927817
34.62,927444
34.62,927100
34.62,924566
34.63,923492
34.63,920781
34.63,916047
34.63,913867
34.63,912501
37.13,910385
37.13,909319
37.20,908407
37.21,906558
37.21,903659
37.21,903253
37.21,899687
37.21,897597
37.22,895525
37.22,894850
37.22,894056
37.22,893910
37.22,888922
37.23,885737
37.23,884713
37.23,883244
37.23,880894
37.32,879626
37.32,877181
37.32,876785
37.32,875362
37.32,873493
37.32,869844
37.33,866205
37.33,864840
37.33,864619
37.33,863382
37.33,860417
37.33,860241
37.33,858503
39.21,857373
39.22,854925
39.22,852082
39.22,850642
39.23,850440
39.23,850173
39.23,849393
39.23,848385
39.23,846398
39.24,846229
39.24,844533
39.24,843163
39.24,842666
39.57,840403
39.58,838782
39.92,838456
39.93,837498
39.93,836820
39.93,836562
39.93,830710
39.93,828249
39.94,826779
39.94,824559
39.94,823247
39.94,821793
39.95,821595
39.95,821013
40.01,820205
40.01,817447
40.01,816846
40.03,816638
40.03,812830
40.04,812236
40.04,812203
40.04,811267
40.04,810934
40.04,810830
40.04,808260
40.04,808180
40.05,807504
40.05,807164
40.05,805500
40.05,805141
40.05,803562
40.05,803301
43.07,802975
43.08,802081
43.08,801545
43.08,801378
43.08,801150
43.09,800269
43.21,799652
43.22,799152
43.22,796166
43.24,795839
43.25,795200
43.25,795127
43.26,793106
43.98,791331
44.02,788512
44.14,788260
44.15,787064
44.15,786636
44.15,782770
44.17,781918
44.17,780834
44.17,780435
44.19,778265
44.53,777813
44.54,777517
44.54,777146
44.55,775844
44.55,775119
44.55,774450
44.55,771282
44.55,771234
44.56,770630
44.56,769665
44.56,769308
44.56,768970
44.56,767252
44.56,766155
44.57,766080
44.57,765963
44.58,765839
48.01,765574
48.03,764701
48.03,764593
48.04,763245
48.04,763191
48.04,761880
48.04,761711
48.05,761627
48.05,760626
48.05,758356
48.05,757839
48.05,757629
48.05,756287
48.05,755451
48.05,755244
48.05,754687
48.08,754434
48.08,754374
48.08,753393
48.09,752952
48.09,752180
48.11,752173
48.11,751444
48.12,750551
48.12,750301
48.12,749576
48.26,748555
48.27,747534
48.29,745979
48.29,745389
48.29,744241
48.30,743632
48.30,742926
48.98,742622
48.98,741456
49.08,741097
49.08,740169
50.40,739610
50.40,739168
50.40,737598
50.40,736727
50.40,736564
50.44,736211
50.50,736129
50.50,736096
50.50,735607
50.51,731994
50.51,731848
50.51,731224
50.51,731029
50.73,729933
50.73,729673
50.73,729493
50.73,729281
50.74,728566
52.09,727292
52.09,726828
52.18,725873
52.18,723146
52.27,722936
52.27,722333
52.28,722166
52.28,721178
52.28,721032
52.29,720740
52.29,719994
52.29,719423
52.30,719201
52.33,718099
52.34,717951
52.34,717556
52.34,717269
52.34,717074
52.41,716893
52.42,716760
52.44,715949
52.45,714719
52.45,714585
52.45,713947
52.46,713818
53.38,711925
53.38,711923
53.40,711590
54.87,711502
54.87,711141
54.88,710618
54.88,710395
54.89,710136
54.89,710125
55.61,709731
55.77,709523
55.77,708251
55.78,707422
55.92,707297
55.92,706863
55.92,706700
55.93,706571
55.94,705610
55.94,704023
55.95,702432
55.95,701761
55.97,701692
56.01,701110
56.03,699617
56.03,698943
56.04,698748
56.04,698289
57.97,698109
57.98,698050
57.98,697598
57.99,697247
58.00,696628
58.01,696401
58.01,695842
58.02,695798
58.02,695719
58.02,695555
58.02,695534
58.02,695495
58.04,695458
59.22,695424
59.23,695217
59.25,694783
59.33,693621
59.34,692810
59.34,692671
59.35,692469
59.35,692348
59.36,691384
59.37,691373
59.38,690458
59.38,689713
60.28,688942
60.44,688394
60.46,687773
60.46,687568
60.46,686993
60.47,686040
60.48,685859
60.48,685606
60.48,685477
60.48,684681
60.48,684328
60.50,683003
61.21,682997
61.21,682366
61.22,681766
61.22,681428
61.23,681150
61.23,680777
61.98,678973
61.99,678697
61.99,677531
61.99,677468
63.04,677206
63.04,676979
63.19,676607
63.19,676511
63.26,676401
63.27,676044
63.28,675838
63.29,674965
63.30,674803
63.30,674298
63.31,673452
63.63,673189
63.65,672734
65.58,672183
65.58,671527
66.17,671284
66.17,671158
66.21,671050
66.21,670751
66.24,670749
66.25,669860
66.26,669830
66.26,669808
66.26,669777
66.29,669654
66.31,669357
66.39,668846
66.42,668451
66.45,668348
66.46,668072
66.46,668048
66.60,667966
69.96,666453
69.97,666174
69.97,665893
71.22,665769
71.24,665186
72.50,665100
72.55,665032
72.55,664971
72.60,664938
72.72,664505
72.74,664460
72.74,664150
72.75,663979
72.89,663676
72.89,663401
73.47,663065
74.33,662238
74.34,662236
74.37,661710
74.40,661605
74.42,661174
74.42,661137
74.45,661105
74.67,660733
74.70,660701
74.71,660160
74.72,659912
80.02,659868
80.02,659818
80.07,659728
80.44,659579
80.44,659519
80.57,659469
80.61,659323
80.67,659021
82.95,658946
84.27,658899
84.41,658899
84.41,658862
84.48,658856
84.98,658606
85.00,658324
85.09,658227
89.21,658068
91.68,658064
104.66,658013
