0.06,6960290
0.06,6956223
0.07,6940535
0.07,6913862
0.07,6912769
0.07,6900700
0.07,6871651
0.07,6848685
0.07,6698397
0.07,6696365
0.07,6695283
0.07,6661529
0.07,6659227
0.08,6616146
0.08,6588772
0.08,6563785
0.08,6534562
0.08,6525435
0.08,6523976
0.08,6476735
0.08,6397465
0.08,6372992
0.08,6354049
0.08,6350662
0.08,6328194
0.08,6328103
0.08,6297463
0.08,6271476
0.08,6271430
0.08,6266215
0.08,6262212
0.08,6217347
0.09,6215862
0.09,6201464
0.09,6187182
0.09,6179815
0.09,6172503
0.09,6157683
0.09,6156419
0.09,6061122
0.09,6050969
0.09,6050156
0.09,6046869
0.09,6046719
0.09,6036836
0.09,6021491
0.09,6013206
0.09,6007349
0.09,6004461
0.09,6001322
0.09,5999585
0.09,5998671
0.09,5996553
0.09,5995198
0.09,5926241
0.09,5924384
0.09,5906573
0.09,5895691
0.09,5895564
0.09,5895436
0.09,5890060
0.09,5889103
0.10,5887785
0.10,5883085
0.10,5864626
0.10,5860954
0.10,5855663
0.10,5850818
0.10,5842013
0.10,5826098
0.10,5824182
0.10,5814938
0.10,5803156
0.10,5796196
0.10,5793177
0.10,5740156
0.10,5733739
0.10,5730705
0.10,5712937
0.10,5696162
0.10,5650654
0.10,5624496
0.10,5573653
0.10,5531333
0.10,5527758
0.10,5484953
0.10,5453747
0.10,5422894
0.10,5421228
0.10,5417763
0.10,5410003
0.10,5401341
0.10,5385351
0.11,5384820
0.11,5341417
0.11,5300824
0.11,5298122
0.11,5290579
0.11,5244202
0.11,5241006
0.11,5218569
0.11,5214145
0.11,5204438
0.11,5163472
0.11,5147312
0.11,5140886
0.11,5116193
0.11,5108303
0.11,5098772
0.11,5095956
0.11,5093462
0.11,5089767
0.11,5088475
0.11,5068752
0.11,5040662
0.11,5031099
0.11,5030563
0.11,5011776
0.11,5002259
0.12,5000340
0.12,4990055
0.12,4989765
0.12,4988967
0.12,4983676
0.12,4983636
0.12,4975681
0.12,4974980
0.12,4972990
0.12,4972623
0.12,4969343
0.12,4959648
0.12,4958413
0.12,4954590
0.12,4953857
0.12,4951936
0.12,4950910
0.12,4950759
0.12,4886423
0.12,4876889
0.12,4869791
0.12,4867025
0.12,4849816
0.12,4849116
0.12,4847787
0.12,4847210
0.12,4843839
0.13,4843657
0.13,4843552
0.13,4838058
0.13,4833673
0.13,4833195
0.13,4833014
0.13,4748168
0.13,4745088
0.13,4740498
0.13,4738376
0.13,4720850
0.13,4720848
0.13,4691533
0.13,4681565
0.13,4661027
0.13,4660095
0.13,4617090
0.13,4617088
0.13,4608941
0.13,4606352
0.13,4596728
0.13,4594931
0.13,4594000
0.13,4593198
0.13,4565551
0.13,4563857
0.13,4554407
0.13,4548952
0.13,4543470
0.13,4537151
0.13,4536244
0.13,4514903
0.13,4511385
0.13,4508339
0.13,4497203
0.13,4443039
0.13,4424752
0.13,4415662
0.13,4391831
0.13,4385822
0.14,4378538
0.14,4356957
0.14,4355216
0.14,4350654
0.14,4347562
0.14,4346322
0.14,4346222
0.14,4335916
0.14,4331542
0.14,4329315
0.14,4320633
0.14,4312986
0.14,4293695
0.14,4292829
0.14,4289939
0.14,4281154
0.14,4274592
0.14,4269563
0.14,4268738
0.14,4212370
0.14,4207192
0.14,4206665
0.14,4192104
0.14,4177944
0.14,4117346
0.14,4105209
0.14,4100149
0.14,4091406
0.15,4083521
0.15,4082929
0.15,4076213
0.15,4001095
0.15,3978570
0.15,3975015
0.15,3967829
0.15,3958325
0.15,3943416
0.15,3934889
0.15,3894353
0.15,3893176
0.16,3890688
0.16,3887982
0.16,3884461
0.16,3883418
0.16,3873168
0.16,3872459
0.16,3865639
0.16,3861418
0.16,3846348
0.16,3832397
0.16,3819637
0.16,3815667
0.16,3806269
0.16,3796713
0.16,3793344
0.16,3793332
0.16,3789447
0.16,3751611
0.16,3744838
0.16,3735179
0.16,3729807
0.16,3714823
0.16,3714418
0.16,3712602
0.16,3693527
0.16,3690560
0.16,3689937
0.17,3688504
0.17,3683552
0.17,3681014
0.17,3680274
0.17,3679240
0.17,3678151
0.17,3677321
0.17,3668841
0.17,3661570
0.17,3661321
0.17,3659226
0.17,3646271
0.17,3639412
0.17,3588799
0.17,3588701
0.17,3584547
0.17,3584055
0.17,3579373
0.17,3578782
0.17,3577792
0.17,3576950
0.17,3566462
0.17,3561296
0.18,3553456
0.18,3550927
0.18,3536846
0.18,3529962
0.18,3524583
0.18,3522099
0.18,3513586
0.18,3497576
0.18,3471636
0.18,3466525
0.18,3462159
0.18,3456710
0.18,3452982
0.19,3372620
0.21,3371009
0.21,3367343
0.21,3366446
0.21,3356137
0.21,3349723
0.21,3318613
0.22,3314903
0.22,3313187
0.22,3312141
0.22,3305384
0.22,3301875
0.22,3301795
0.22,3273696
0.22,3263460
0.22,3262705
0.22,3259518
0.22,3255031
0.22,3250561
0.22,3245884
0.22,3230053
0.22,3184359
0.22,3177455
0.22,3154882
0.22,3154582
0.22,3104813
0.22,3104264
0.22,3103015
0.22,3102461
0.22,3094663
0.23,3080233
0.23,3079256
0.23,3078676
0.23,3078437
0.23,3071000
0.24,3061149
0.24,3051558
0.24,3048812
0.24,3035563
0.24,3021836
0.24,3010292
0.25,3005044
0.25,2988931
0.25,2985218
0.25,2976643
0.25,2972850
0.25,2964881
0.25,2941193
0.25,2940897
0.25,2938864
0.25,2929159
0.25,2925412
0.25,2919554
0.25,2917615
0.25,2911180
0.26,2908159
0.26,2898412
0.31,2898116
0.31,2894293
0.31,2893045
0.31,2884606
0.31,2883397
0.31,2875409
0.31,2870998
0.31,2865808
0.31,2863650
0.31,2855746
0.31,2851930
0.31,2849264
0.31,2843994
0.31,2839393
0.31,2818734
0.31,2817409
0.31,2812098
0.31,2797887
0.32,2792582
0.33,2792563
0.33,2785586
0.33,2782330
0.33,2774827
0.33,2773782
0.33,2773449
0.33,2668147
0.33,2665081
0.33,2662242
0.34,2661881
0.34,2661653
0.34,2658109
0.34,2644612
0.35,2642738
0.35,2641199
0.35,2638733
0.35,2637190
0.35,2635592
0.35,2634252
0.37,2630989
0.38,2626030
0.38,2618118
0.89,2602611
0.89,2585185
0.89,2573047
0.91,2566245
0.91,2562224
0.91,2560950
0.91,2557991
0.91,2551678
0.91,2547330
0.91,2545628
0.91,2543565
0.91,2532263
0.91,2514872
0.91,2513979
0.92,2513551
0.93,2512710
0.93,2506691
0.93,2495734
0.93,2494127
0.93,2455056
0.93,2448518
0.93,2443209
0.93,2442149
0.93,2440537
0.93,2437449
0.93,2435883
0.94,2430493
0.94,2427381
0.94,2418958
0.94,2414706
0.94,2408014
0.94,2403290
0.94,2400866
0.94,2393942
0.94,2388394
0.95,2372903
1.14,2368259
1.14,2348456
1.18,2333027
1.18,2332142
1.18,2331737
1.18,2328241
1.18,2327794
1.18,2326270
1.18,2324326
1.18,2318232
1.54,2287390
1.54,2286874
1.54,2281882
1.54,2279175
1.54,2279088
1.54,2277450
1.54,2275985
1.54,2275855
1.54,2274208
2.39,2260537
2.39,2250183
2.96,2240407
2.96,2220711
2.99,2217071
2.99,2207483
2.99,2204625
2.99,2203783
3.00,2187060
3.00,2175643
3.00,2173452
3.00,2146687
3.00,2144777
3.00,2141209
3.00,2107481
3.00,2104041
3.00,2103178
3.00,2093305
3.00,2076465
3.00,2075155
3.00,2068452
3.00,2065524
5.69,2059204
5.69,2052755
5.70,2049893
5.70,2048517
5.70,2047547
5.98,2044649
5.98,2044114
5.98,2039866
5.98,2032144
5.98,2030686
5.98,2027416
5.98,2026119
5.98,2019974
5.98,2017085
5.98,2016741
6.38,2016207
6.38,2015687
6.39,2014583
6.39,1998344
6.39,1997684
6.39,1997576
6.39,1996382
6.39,1992997
6.39,1991072
6.39,1986042
6.39,1973836
6.39,1972020
6.39,1971876
6.40,1971481
6.40,1964575
6.40,1962924
6.40,1957919
6.40,1957321
6.40,1955829
6.40,1954035
6.40,1949929
6.40,1945797
6.40,1945000
6.40,1943170
6.40,1939011
8.30,1932902
8.30,1932421
8.31,1922122
8.31,1921746
8.31,1921323
8.31,1918854
8.31,1917349
8.31,1913216
8.31,1911851
8.31,1911452
8.31,1911323
8.31,1896590
8.31,1891509
8.31,1886911
8.31,1874790
8.31,1865051
8.31,1863906
8.31,1861167
8.31,1856614
8.31,1855764
8.31,1848528
10.51,1847926
10.51,1837253
10.52,1836366
10.52,1834709
10.52,1833839
10.52,1830796
10.53,1826927
10.53,1825355
10.93,1813686
10.93,1810852
10.93,1806133
10.93,1800797
10.93,1793964
10.93,1791690
10.93,1786760
10.96,1784139
11.43,1783098
11.43,1780411
11.43,1778719
11.43,1776630
11.43,1773693
11.43,1772100
11.43,1754595
11.43,1753828
11.43,1753544
11.43,1752878
11.43,1749301
11.43,1743811
11.43,1739207
11.61,1736143
11.61,1729944
11.61,1728483
11.61,1718166
11.61,1717842
11.61,1714488
11.62,1712215
11.62,1707301
11.62,1703711
11.62,1702717
11.62,1701109
12.81,1696709
12.81,1696303
12.81,1694008
12.81,1688789
12.81,1688499
12.81,1686563
12.81,1686262
12.81,1685270
13.32,1684345
13.32,1682512
13.32,1678782
13.32,1674239
13.32,1672302
13.32,1651980
13.32,1647909
13.32,1647868
13.32,1647392
13.37,1640220
13.37,1638856
13.38,1632239
13.38,1629302
13.38,1627631
13.38,1620146
13.38,1618533
13.38,1618490
13.38,1617415
13.38,1616747
13.38,1616681
13.39,1614516
13.39,1608713
13.39,1607501
14.08,1607368
14.08,1600975
14.08,1597559
14.09,1596480
14.09,1596340
14.09,1590933
14.09,1585207
14.09,1578459
14.09,1575046
14.09,1574161
14.09,1573939
14.09,1573334
14.09,1573146
14.11,1572857
14.11,1563618
14.12,1563136
14.12,1556565
14.12,1553836
14.12,1550615
14.12,1547836
14.14,1544529
14.14,1543285
14.14,1536253
14.14,1534935
14.14,1532594
14.14,1532302
14.14,1532146
15.74,1516920
16.26,1511705
16.27,1498029
16.27,1497591
16.27,1497481
17.70,1491565
17.70,1491427
17.70,1490847
17.71,1467504
17.71,1465027
17.71,1462320
17.71,1462080
17.71,1460018
17.71,1458176
17.95,1458119
17.95,1458119
18.59,1453945
18.59,1453044
18.60,1452198
18.60,1450798
18.60,1435965
18.71,1431903
18.71,1430889
18.71,1425310
18.71,1424783
18.71,1421535
18.71,1420857
18.71,1419945
18.71,1418651
18.71,1409309
18.71,1408859
20.46,1408747
20.47,1406997
20.47,1406924
20.47,1406599
20.47,1405792
20.47,1405691
20.47,1405350
20.47,1403666
20.47,1401554
20.47,1395267
20.47,1393410
20.47,1393344
20.47,1393299
20.47,1387452
20.47,1383082
20.47,1380997
20.47,1380385
20.47,1378293
20.47,1376635
20.47,1375851
20.47,1375474
20.61,1372408
20.61,1371859
21.24,1371745
21.24,1370635
21.24,1369030
21.24,1366542
21.24,1364939
21.27,1361678
21.27,1352644
21.27,1350384
21.27,1348914
21.27,1346010
22.00,1345647
22.01,1340651
22.01,1340634
22.01,1340504
22.02,1331674
22.02,1331451
22.02,1320692
22.02,1319970
22.02,1319955
22.02,1318151
22.02,1316290
22.02,1314764
22.03,1313270
22.03,1312753
22.03,1312511
22.03,1310013
22.45,1309719
22.46,1309106
22.46,1307848
22.46,1303250
22.55,1297833
22.55,1290475
22.56,1286984
22.56,1286242
22.56,1285360
22.56,1284006
22.56,1282203
22.56,1279810
23.16,1278543
23.17,1276065
23.17,1273465
23.17,1271998
23.17,1271975
23.17,1271240
23.17,1270475
23.17,1269636
23.17,1267504
23.19,1265906
23.19,1261715
23.19,1261549
23.19,1260836
23.19,1260223
23.19,1254410
23.19,1247061
23.19,1242242
23.19,1240682
23.19,1240675
23.19,1240164
23.19,1238423
23.19,1237312
23.19,1232796
23.19,1224089
23.19,1223614
23.19,1221447
24.79,1220528
24.79,1220373
24.79,1219594
24.87,1215595
24.94,1214659
24.94,1213908
24.94,1208049
24.94,1206179
24.94,1204063
25.36,1201925
25.36,1197877
25.36,1197660
25.36,1191236
25.36,1182649
25.37,1179015
25.37,1176437
25.37,1173953
25.37,1172435
25.37,1171100
25.37,1165364
25.37,1159256
26.34,1153178
26.34,1148636
26.34,1146941
26.35,1145417
26.35,1144598
26.35,1139423
26.37,1137750
26.37,1136621
26.37,1134159
26.81,1122350
26.81,1120371
26.81,1118710
27.16,1117615
27.16,1116738
27.17,1114966
27.17,1114179
27.17,1108522
27.17,1104736
27.17,1103345
27.17,1101293
27.74,1097741
27.74,1095489
27.75,1091115
27.75,1086473
27.75,1086416
27.75,1085791
29.10,1082280
29.12,1080077
29.12,1078800
29.13,1078612
29.13,1075023
29.13,1074690
29.13,1064324
29.13,1064105
29.13,1059430
29.13,1059183
29.15,1058577
29.15,1058080
29.16,1057728
29.16,1054737
29.16,1053713
29.16,1052271
29.16,1051932
29.16,1048927
29.17,1048380
29.17,1044652
29.17,1041486
29.17,1040886
29.17,1038967
29.17,1037477
29.17,1036629
31.68,1033893
31.68,1032046
31.68,1030993
31.68,1026636
31.68,1024959
31.68,1024623
31.68,1023012
31.68,1020679
31.68,1016971
31.69,1013457
31.69,1013328
31.73,1012823
31.73,1011298
31.73,1009130
31.73,1007192
31.73,1007047
31.73,1007035
31.73,1000049
31.73,998110
31.73,994661
31.73,988557
31.73,987474
31.73,985413
31.73,985117
31.73,984762
31.73,982691
31.73,979040
31.73,978166
31.73,976100
31.73,975626
31.73,972270
31.87,969516
34.76,965675
34.76,964548
34.82,961295
34.82,960230
34.82,958521
34.82,957640
34.83,950532
35.94,950453
35.94,949033
36.03,947768
36.30,947568
36.30,946911
36.30,946777
36.30,944967
36.31,944807
36.31,944617
36.31,944483
36.31,944293
36.31,943819
36.32,942073
36.32,942045
36.32,940569
36.40,940204
36.41,937070
36.44,936958
36.44,936299
36.44,936157
36.44,934823
36.44,932943
36.44,932298
36.51,930564
36.51,930006
36.51,927461
36.51,925628
36.51,924142
36.52,920867
36.53,920725
36.53,919097
36.53,917149
36.53,916463
36.53,915086
36.53,914561
36.53,914486
37.88,913864
37.88,912915
37.88,910224
37.88,909341
37.88,908184
37.89,900188
37.90,899791
37.90,898480
37.90,895258
37.90,895159
37.90,894898
37.90,893353
37.91,891362
39.77,889579
39.77,888797
39.83,887590
39.83,887169
39.83,885391
39.83,884706
39.97,880946
40.95,880327
40.96,880275
40.97,878612
40.97,877118
40.97,876488
41.19,875589
41.19,873966
41.19,873701
41.19,871241
41.19,865950
41.19,864234
41.19,863975
41.19,857088
41.19,854895
41.19,852530
41.20,851503
41.20,850159
41.20,849497
41.20,849016
41.20,848575
41.21,847859
41.29,847402
41.29,845705
41.29,845532
41.29,845210
41.29,842459
41.29,842271
41.29,841561
41.30,840926
41.30,840202
41.30,840122
41.30,839837
41.30,838503
41.31,837576
41.31,837142
41.31,835598
41.31,833885
41.31,833654
41.31,832896
41.32,832147
41.32,831144
41.32,830030
41.32,828371
41.33,825512
41.33,824530
41.33,824271
41.33,823924
41.33,823494
41.33,823433
42.14,823201
42.15,823057
44.13,821594
44.13,821401
44.17,820943
44.17,820942
44.17,820196
44.17,818051
44.17,817583
44.70,817128
44.77,817023
44.77,815480
44.77,815351
44.78,815133
44.79,813776
44.80,813408
44.80,813010
44.80,810551
44.81,810482
44.93,809379
44.94,809332
44.94,807447
44.97,807075
44.97,806069
44.97,805591
44.97,803809
44.98,803433
44.98,803423
44.98,803058
44.98,802686
44.98,801787
44.98,800807
44.99,800103
44.99,798515
44.99,797516
45.10,796131
45.10,795138
45.10,792904
45.10,792093
45.11,791226
46.10,789594
46.10,787724
46.10,786707
46.11,784099
46.11,783906
46.11,783846
46.11,783300
46.11,781512
46.11,781021
46.11,778731
46.12,777969
46.12,777821
46.14,777422
46.14,777269
46.14,776998
46.15,776018
46.15,774553
46.15,773074
46.16,772351
46.16,771710
46.17,771660
46.23,771485
46.23,771118
49.24,770955
49.25,770716
49.25,770654
49.26,769195
49.27,768447
50.10,767810
50.10,766617
50.11,766056
50.13,765783
50.13,765016
50.13,764838
50.13,763173
50.14,761102
50.14,760283
50.14,759389
50.14,757556
50.14,757129
50.24,756115
50.24,754783
50.24,754471
50.25,751085
50.25,747265
50.25,746516
50.26,746273
51.77,745042
51.79,744429
51.80,742857
51.80,742096
51.80,742083
51.80,740544
51.81,737799
51.81,737540
51.81,737108
51.82,736780
52.41,735618
52.77,735347
52.82,734609
52.82,733640
52.83,733028
52.84,731778
52.85,731775
52.85,730649
52.85,729780
52.88,729518
52.90,729297
52.90,728695
52.91,727656
52.91,726838
52.91,726691
52.91,725841
52.91,725814
52.95,725248
54.58,724685
54.58,724302
54.58,724026
54.58,723884
54.67,722684
54.73,721794
54.94,721447
55.70,721000
55.70,720402
55.77,719637
55.78,719307
55.80,719043
55.80,717170
55.89,717118
56.00,714881
56.10,714586
56.10,713329
56.13,712360
56.13,712321
56.16,710867
56.16,710680
56.17,710042
56.17,709941
56.19,709755
56.19,709158
56.20,707717
56.50,707467
56.51,707453
56.51,706229
56.53,705977
56.84,705086
56.84,705061
56.84,704920
56.84,704347
56.85,702917
56.85,702484
56.92,702375
56.93,701670
56.93,700983
56.95,700495
59.30,699012
59.30,697987
59.30,697577
59.30,697204
59.31,696838
59.34,695287
59.35,692915
59.35,692733
59.36,692098
59.37,691962
59.37,690001
59.37,689219
59.37,688851
59.37,688324
59.37,688073
59.37,688002
59.38,687706
59.41,686901
59.60,686109
59.61,686052
59.61,685828
62.57,685587
62.58,685318
62.58,685036
63.47,683607
63.47,683142
63.48,681568
63.49,680907
63.50,680713
63.51,680523
63.51,680523
64.63,679759
64.63,679398
64.63,678884
64.65,678799
64.66,678738
64.67,678099
64.68,677648
64.69,677554
64.71,677241
64.72,677163
65.14,676878
65.14,676523
65.14,675521
65.15,675350
65.15,674665
65.15,673632
65.15,672874
65.16,672353
65.19,672041
65.20,671993
65.20,671467
65.21,671185
65.47,670971
65.47,669690
65.51,668739
65.52,668339
65.55,668082
65.56,667493
69.14,666775
69.15,666497
69.17,666383
69.19,665765
70.49,664341
70.51,663794
70.54,663343
70.56,663031
73.20,662594
73.27,662384
74.17,662240
74.43,661968
74.43,661832
75.37,661679
75.37,661366
77.74,660861
77.77,660801
79.15,660655
79.20,660564
79.26,660485
79.29,660251
79.31,660144
79.34,659999
79.35,659621
81.65,659554
81.66,659524
81.67,659395
81.77,659364
81.79,659295
82.17,658965
82.18,658653
