0.08,7096190
0.09,7094194
0.09,7088018
0.09,7087851
0.09,7024344
0.09,7016014
0.09,7015780
0.10,7015452
0.10,6987732
0.10,6963118
0.10,6962132
0.10,6953372
0.10,6916917
0.10,6910064
0.10,6896803
0.10,6894416
0.10,6876223
0.10,6821072
0.10,6775760
0.10,6747245
0.10,6743983
0.11,6706140
0.11,6697785
0.11,6684922
0.11,6648223
0.11,6644181
0.11,6634541
0.11,6554435
0.11,6540216
0.11,6510199
0.11,6509541
0.11,6492154
0.12,6475918
0.12,6464059
0.12,6461662
0.12,6461408
0.12,6443756
0.12,6417786
0.12,6417473
0.12,6412856
0.12,6406963
0.12,6377409
0.12,6248432
0.12,6236649
0.12,6233337
0.12,6217828
0.12,6213411
0.12,6209143
0.12,6200621
0.12,6189231
0.12,6188915
0.12,6182978
0.12,6179057
0.12,6177505
0.13,6169044
0.13,6166118
0.13,6162388
0.13,6155688
0.13,6153949
0.13,6152779
0.13,6102558
0.13,6100933
0.13,6100852
0.13,6002863
0.13,5982738
0.13,5975803
0.13,5938886
0.13,5927168
0.13,5923670
0.13,5923643
0.13,5923335
0.13,5919710
0.13,5917917
0.13,5903935
0.13,5903281
0.13,5902712
0.13,5901000
0.13,5898042
0.14,5882610
0.14,5882368
0.14,5817114
0.14,5790020
0.14,5782534
0.14,5767083
0.14,5765496
0.14,5761474
0.14,5752765
0.14,5699771
0.14,5686757
0.14,5655240
0.14,5632150
0.14,5608144
0.14,5606011
0.14,5593491
0.14,5586052
0.14,5550090
0.14,5529940
0.14,5516516
0.14,5499897
0.14,5494658
0.14,5487954
0.15,5474848
0.15,5472041
0.15,5455739
0.15,5447977
0.15,5434289
0.15,5434052
0.15,5397755
0.15,5380367
0.15,5372719
0.15,5351230
0.15,5338309
0.15,5327046
0.15,5321778
0.15,5239831
0.15,5227371
0.15,5219411
0.15,5217850
0.15,5215388
0.15,5188073
0.15,5187978
0.15,5185899
0.15,5179874
0.15,5176989
0.15,5176863
0.15,5173133
0.16,5171859
0.16,5152632
0.16,5142736
0.16,5137312
0.16,5127154
0.16,5124315
0.16,5118907
0.16,5118355
0.16,5113766
0.16,5111935
0.16,5106719
0.16,5088315
0.16,5086778
0.16,5072023
0.16,5056642
0.16,5049622
0.16,5045237
0.16,5035273
0.17,5007344
0.17,5005794
0.17,4983202
0.17,4983042
0.17,4978442
0.17,4897015
0.17,4873310
0.17,4872635
0.17,4871398
0.17,4861833
0.17,4859731
0.17,4787149
0.17,4763661
0.17,4760815
0.17,4760776
0.17,4750866
0.17,4743960
0.17,4714640
0.17,4698666
0.17,4695954
0.17,4691383
0.17,4672854
0.17,4671348
0.17,4660610
0.17,4656179
0.17,4654065
0.17,4637842
0.17,4612536
0.17,4558175
0.17,4541539
0.17,4519993
0.18,4487407
0.18,4418333
0.18,4405833
0.18,4403811
0.18,4393667
0.18,4393294
0.18,4383228
0.18,4380284
0.18,4379660
0.18,4368602
0.18,4361547
0.18,4358670
0.18,4357094
0.18,4331341
0.18,4298074
0.18,4290812
0.18,4254670
0.18,4254626
0.18,4252654
0.18,4252258
0.18,4242097
0.18,4239534
0.18,4238488
0.18,4236699
0.18,4229807
0.18,4224356
0.18,4215757
0.18,4213290
0.18,4210410
0.18,4210036
0.18,4209771
0.19,4206941
0.19,4188158
0.19,4184442
0.19,4179872
0.19,4179081
0.19,4171124
0.19,4170676
0.19,4164539
0.19,4160523
0.19,4147505
0.19,4106422
0.19,4105545
0.19,4102814
0.19,4080571
0.19,4075616
0.19,4075143
0.19,4074802
0.19,4069500
0.19,4069471
0.19,4066894
0.19,4064328
0.19,4061182
0.19,4057286
0.19,4055948
0.20,4048535
0.20,4043085
0.20,4043023
0.20,4040752
0.20,4036633
0.20,4009588
0.20,4005032
0.20,4002072
0.20,3982876
0.20,3979101
0.20,3958823
0.20,3927537
0.20,3925790
0.20,3923053
0.20,3920275
0.20,3916855
0.20,3885689
0.21,3880648
0.21,3880454
0.21,3879556
0.21,3858881
0.21,3854213
0.21,3851861
0.21,3828274
0.21,3825345
0.23,3816686
0.23,3788192
0.23,3787049
0.23,3785744
0.23,3780338
0.23,3778972
0.23,3775163
0.23,3774155
0.23,3774151
0.23,3772341
0.23,3752769
0.23,3742070
0.23,3740214
0.23,3737182
0.23,3723557
0.23,3720226
0.23,3717947
0.23,3717927
0.23,3717517
0.23,3716125
0.23,3713628
0.24,3711882
0.24,3700614
0.24,3693069
0.24,3692118
0.24,3689522
0.24,3688608
0.24,3683174
0.24,3680767
0.24,3679193
0.24,3605579
0.24,3587654
0.24,3584145
0.24,3584041
0.24,3581410
0.25,3521970
0.25,3518799
0.25,3518126
0.25,3516931
0.25,3515008
0.25,3514802
0.25,3506325
0.25,3503591
0.25,3490954
0.26,3489150
0.26,3465874
0.26,3463868
0.26,3459716
0.26,3457089
0.26,3435247
0.26,3430448
0.26,3412154
0.26,3410916
0.26,3400603
0.26,3396063
0.26,3394061
0.26,3393910
0.27,3392709
0.27,3391907
0.27,3390900
0.27,3385683
0.27,3373159
0.27,3371668
0.27,3365914
0.27,3363322
0.27,3361584
0.27,3351818
0.27,3350179
0.27,3349732
0.28,3343224
0.28,3322700
0.28,3316723
0.28,3314670
0.28,3313075
0.28,3300881
0.28,3299894
0.28,3297090
0.28,3275513
0.28,3267957
0.28,3264744
0.28,3259571
0.28,3255816
0.28,3232045
0.28,3225320
0.28,3218410
0.28,3213960
0.29,3207016
0.29,3206685
0.29,3194875
0.29,3178457
0.29,3160066
0.29,3136543
0.29,3133582
0.29,3123297
0.29,3109032
0.29,3108154
0.29,3093136
0.29,3085461
0.29,3082630
0.29,3077174
0.29,3075876
0.29,3039913
0.29,3037584
0.29,3035664
0.30,3032294
0.30,3032257
0.30,3015188
0.30,3012764
0.30,2994288
0.30,2985521
0.30,2978225
0.30,2971159
0.30,2965919
0.30,2958523
0.30,2941863
0.30,2939551
0.30,2933229
0.30,2931821
0.30,2930890
0.30,2930257
0.30,2924501
0.30,2923092
0.40,2922446
0.40,2920525
0.40,2917371
0.40,2902843
0.40,2900427
0.40,2900032
0.40,2896877
0.41,2893894
0.41,2886676
0.41,2876869
0.41,2846266
0.41,2843111
0.41,2840682
0.41,2839985
0.41,2831330
0.41,2828203
0.41,2823059
0.41,2814664
0.41,2812758
0.41,2804456
0.44,2781286
0.44,2768323
0.44,2764332
0.44,2762677
0.44,2760716
0.45,2756830
0.45,2754709
0.53,2734442
0.53,2723688
0.53,2723183
0.53,2719393
0.53,2718304
0.53,2718125
0.53,2717219
0.53,2717019
0.53,2716687
0.54,2715733
0.54,2712083
0.54,2710454
0.54,2701739
0.54,2694626
0.54,2693228
0.54,2687413
0.54,2686931
0.54,2685955
0.55,2685435
0.55,2674894
0.55,2674808
0.55,2661128
0.55,2660761
0.55,2648247
0.55,2647964
0.55,2593484
0.63,2591774
0.63,2591271
0.63,2590902
0.63,2590748
0.63,2579145
0.73,2547823
0.73,2545426
0.73,2529463
0.73,2529017
0.73,2526385
0.73,2521477
0.73,2519568
0.73,2519334
0.73,2515552
0.73,2505953
0.73,2496259
0.90,2495963
0.90,2494044
0.90,2492749
0.90,2491762
0.90,2480936
0.90,2473704
0.91,2470878
0.91,2468437
0.91,2459650
0.91,2454638
0.91,2436956
0.91,2418141
0.91,2416425
0.91,2413761
0.91,2398784
0.91,2393713
0.92,2369235
0.92,2365740
0.92,2364477
0.92,2361631
0.92,2359630
0.92,2358548
0.92,2358503
0.92,2353838
0.92,2353665
0.92,2346238
0.92,2331059
1.06,2319035
1.06,2307569
1.06,2301153
1.06,2301103
1.06,2301037
1.06,2293270
2.13,2290328
2.13,2289109
2.13,2288516
2.13,2288145
2.13,2258871
2.13,2258437
2.13,2258253
2.13,2253326
2.13,2239926
3.40,2224999
3.41,2224532
3.41,2224253
3.41,2212587
3.41,2211294
3.41,2210798
3.41,2210672
3.41,2209779
3.41,2207828
3.41,2205942
3.41,2194237
3.42,2192250
3.42,2191754
3.42,2189953
3.42,2188116
3.42,2185783
3.42,2183414
3.44,2182283
3.44,2180431
3.44,2179207
3.44,2179144
3.44,2177923
3.44,2175848
4.40,2173235
4.40,2168611
4.40,2168126
4.40,2167889
4.40,2166251
4.40,2165402
4.40,2160589
4.70,2159668
4.71,2153713
4.71,2152961
4.71,2150597
4.71,2150350
4.71,2144565
4.71,2140837
4.71,2139910
4.71,2139689
4.71,2138856
4.71,2132155
4.71,2131760
5.21,2119107
5.21,2115947
5.21,2101920
5.21,2101853
5.21,2100078
5.21,2097683
5.21,2089944
5.21,2085237
5.21,2084935
6.76,2083901
6.76,2082321
6.76,2080591
6.76,2079674
6.76,2074637
6.76,2073044
6.76,2072540
6.76,2071399
6.76,2070395
6.76,2063715
6.76,2058258
6.76,2056208
6.76,2052975
6.95,2052424
7.07,2051643
7.07,2046793
7.07,2045049
7.07,2037305
7.07,2036960
7.07,2034847
7.07,2016946
7.07,2012320
7.71,2003770
7.71,2001869
7.71,2001776
7.71,2000399
7.87,1999452
7.87,1997081
8.15,1990106
8.15,1988184
8.15,1983322
8.15,1980644
8.15,1971812
8.15,1971182
8.67,1963128
9.66,1954468
9.67,1949593
9.67,1945407
9.67,1927377
9.67,1920640
9.67,1920400
9.67,1915648
9.67,1912075
9.67,1909191
9.67,1907885
9.67,1907044
9.67,1900500
9.67,1893620
9.84,1884645
9.84,1881917
9.84,1875223
9.84,1870243
9.84,1870158
10.95,1866590
10.95,1859656
10.95,1859273
10.95,1858854
10.95,1857396
10.95,1856569
10.96,1850887
10.96,1849650
10.96,1849177
10.96,1846973
10.96,1845042
10.96,1844945
10.96,1842880
10.97,1838265
10.97,1838251
10.97,1835013
10.97,1833387
10.97,1832517
10.97,1825753
10.97,1818339
10.97,1817372
10.97,1817028
10.97,1807645
10.97,1802200
10.97,1801149
10.99,1795450
10.99,1793411
11.78,1790016
11.78,1788991
11.78,1785143
11.81,1778450
11.81,1770182
11.81,1769528
11.81,1753098
11.81,1751779
11.82,1746925
11.82,1745629
11.82,1736568
11.82,1734947
11.82,1730798
11.82,1730729
11.82,1724553
11.82,1722767
11.82,1721472
11.82,1720797
11.82,1719974
11.82,1713348
14.49,1708884
14.50,1703431
14.50,1701447
14.50,1695533
14.50,1694069
14.50,1691239
14.51,1688775
14.51,1687093
14.51,1685245
14.51,1679052
14.51,1675742
14.51,1670817
14.51,1659834
14.51,1655706
14.51,1653090
14.51,1652003
14.52,1651151
14.52,1650312
14.52,1645688
14.52,1642800
14.52,1642558
14.52,1639068
14.52,1638542
14.52,1634860
14.54,1634603
14.59,1633602
14.59,1632485
14.59,1625873
14.59,1625799
14.59,1614515
14.59,1612353
14.59,1608554
14.59,1603982
14.59,1603931
14.59,1603825
14.59,1603352
15.31,1599403
15.31,1597659
15.31,1597167
15.31,1594569
15.31,1592275
15.31,1590605
15.31,1585056
15.31,1583542
15.31,1581497
15.31,1574402
15.31,1573643
15.31,1567867
15.50,1561455
15.50,1559116
15.50,1553163
15.50,1547029
17.48,1532128
17.48,1531135
17.48,1530572
17.48,1529286
17.48,1525779
17.48,1517879
17.48,1514778
17.48,1514739
17.95,1513009
17.95,1511375
17.96,1510935
17.96,1501552
18.65,1498398
18.65,1498378
18.65,1496418
18.68,1495984
18.68,1494681
18.68,1489744
18.69,1487490
18.69,1483080
18.69,1471176
18.69,1468302
18.69,1452702
18.70,1451008
19.18,1448531
19.18,1446582
19.18,1445358
19.18,1444878
19.47,1443153
19.65,1435390
19.65,1434800
19.66,1431195
19.66,1430239
19.66,1428452
19.66,1426193
19.67,1420289
19.67,1417230
19.67,1411292
19.67,1406264
19.67,1402337
19.67,1399847
19.67,1396685
19.67,1396251
19.67,1383531
19.67,1380482
19.67,1377502
19.67,1370523
19.67,1369889
19.67,1368865
19.67,1354219
19.67,1353613
19.67,1353368
19.68,1348138
21.75,1346226
21.75,1345833
21.75,1344784
21.75,1340221
21.75,1339494
21.76,1337942
21.76,1335873
23.59,1330982
23.59,1330132
23.59,1328653
23.59,1326918
23.74,1326865
23.74,1324769
23.74,1324739
23.74,1322695
23.74,1321235
23.74,1319019
23.74,1313162
23.74,1303489
24.10,1298662
24.10,1295405
24.10,1295001
24.10,1291948
24.10,1281717
24.10,1281362
24.10,1278717
24.11,1275570
24.11,1274927
24.11,1272309
24.11,1271741
24.11,1270158
24.11,1268289
24.49,1264038
24.49,1263911
24.49,1258421
24.49,1252198
24.49,1251945
24.71,1250784
24.71,1246343
24.72,1245614
24.96,1245341
24.96,1244093
24.96,1243845
24.96,1234944
24.97,1233879
24.97,1229261
26.26,1228130
26.42,1224454
26.42,1222517
26.42,1221567
26.42,1220905
26.42,1219328
26.43,1218409
26.43,1217381
26.43,1215917
26.43,1214244
26.43,1212866
26.43,1210988
26.44,1210681
26.44,1210535
26.49,1204410
26.49,1203076
26.49,1201621
26.49,1201460
26.49,1199281
26.49,1194612
26.49,1193945
26.49,1193077
26.49,1192803
26.49,1192572
27.32,1190352
27.32,1187901
27.32,1187816
27.35,1179242
27.35,1178394
27.36,1178200
27.36,1175959
28.06,1162752
28.07,1158947
28.09,1151336
28.09,1150227
28.09,1146116
29.30,1142404
29.32,1130188
29.32,1129971
29.32,1129745
30.35,1127828
30.35,1125697
30.37,1120391
30.37,1118186
30.40,1116298
30.40,1112337
30.41,1110267
30.46,1105799
30.46,1102073
30.47,1101211
30.47,1100527
30.47,1100297
30.47,1096539
30.77,1094757
30.77,1094120
30.77,1091660
30.78,1091488
30.78,1090566
30.78,1088892
30.81,1086228
30.81,1084569
30.81,1083932
30.81,1083772
31.96,1079275
33.38,1073545
33.39,1073470
33.39,1073161
33.39,1071832
33.40,1070880
33.46,1069180
33.47,1065916
33.53,1063506
33.53,1062374
33.53,1060355
33.53,1058107
33.54,1056699
33.54,1051578
33.54,1050714
33.61,1048064
33.62,1042994
33.62,1042684
33.66,1036478
33.66,1035887
33.67,1034908
33.67,1027127
33.67,1027101
33.68,1025716
33.68,1025428
33.68,1019547
33.68,1017165
33.68,1014124
33.68,1013644
33.71,1013295
33.71,1013229
33.71,1010897
33.72,1009907
33.72,1008489
33.72,1006819
33.72,1006649
33.73,1004155
33.73,1002554
33.73,1001598
35.49,991305
35.49,991191
35.49,988451
35.59,980872
35.59,980233
35.59,979727
35.59,979441
35.59,979301
35.59,979275
35.59,979212
35.82,978694
35.82,977422
35.82,977291
35.82,976317
35.82,975816
35.82,975758
35.83,974664
35.83,974542
35.84,972944
35.84,971218
35.84,968948
35.84,967131
35.84,965993
35.84,964909
35.85,963728
35.85,963287
36.46,959674
36.46,954777
36.46,951867
36.47,951357
36.47,949833
36.47,949780
36.47,948981
36.47,944827
36.53,937971
36.53,937190
36.55,935167
36.55,932078
36.56,929637
36.56,925876
36.57,925684
36.57,925496
38.98,922232
38.98,920922
39.01,920518
39.47,919863
39.47,918567
39.47,918459
39.47,917225
39.47,915434
39.47,915276
39.47,910554
39.47,909278
39.47,906590
39.47,906430
39.47,905611
39.47,905016
39.48,904960
39.48,902216
39.49,900817
39.49,900645
39.49,900462
39.81,898774
41.08,897745
41.08,897525
41.08,893811
41.08,893678
41.08,892071
41.10,892038
41.10,891578
41.11,890994
41.11,890871
41.12,890047
41.12,889738
41.13,887486
41.13,887381
41.13,885756
41.13,885230
41.13,885228
41.14,884967
41.14,884432
41.14,883610
41.15,881023
41.15,880398
41.15,879260
41.15,878758
42.54,878571
42.54,878231
42.54,877505
42.54,876996
42.55,875788
42.58,872796
42.84,872422
42.91,870289
42.95,866851
42.95,865799
42.95,865301
42.95,864414
42.95,862158
42.95,861995
42.95,861582
42.96,855963
42.96,855362
42.96,853669
44.89,853530
44.90,853053
44.94,850964
44.94,849332
44.95,849315
44.95,848670
44.95,848610
44.95,847221
44.99,842072
45.01,841144
45.01,840883
45.04,839832
45.05,835725
45.05,834770
45.05,834514
45.17,834489
45.19,834383
45.19,832247
45.20,831694
45.87,831090
45.87,830213
45.88,829920
45.88,828555
47.23,826928
47.24,826901
47.24,823279
47.24,822077
47.24,821714
47.24,821237
47.24,820610
47.24,820359
47.25,819369
47.36,818949
47.36,818650
47.36,815050
47.36,814237
47.39,814090
47.64,813328
47.99,813067
47.99,812108
47.99,811787
47.99,810320
47.99,809830
48.00,809070
48.02,806874
48.02,806613
48.03,804763
48.08,803698
48.17,803320
48.17,802982
48.17,802934
49.61,802385
49.61,802111
49.63,801993
49.63,800605
49.63,798977
49.63,796454
49.63,794057
49.63,793664
49.97,793396
50.11,792914
50.17,792851
50.17,792418
50.17,792005
50.17,791518
50.17,786591
50.19,785665
50.19,784911
50.19,784869
50.21,784707
50.21,784594
50.84,784587
50.84,784584
50.85,783922
50.87,783783
50.87,781352
50.88,780423
50.88,779941
50.88,779860
50.88,779005
50.89,778566
50.89,776140
50.89,775702
50.89,774953
50.95,774389
51.01,773895
51.01,772383
51.01,771235
51.01,771221
51.05,770557
51.10,770455
51.10,769839
51.10,769605
51.10,768259
51.10,767951
51.10,767438
51.10,766935
51.15,765948
51.15,765838
52.21,765658
52.22,764787
52.22,762342
52.22,760405
52.22,759485
52.22,758633
52.22,758184
52.22,756981
52.22,754250
52.22,753407
52.25,753404
52.25,753034
52.26,752305
52.26,751528
52.26,751163
54.96,750483
54.96,749137
54.96,746936
54.96,746306
54.97,746037
54.97,744569
54.97,744246
54.98,744165
54.98,743751
54.98,742452
55.30,741370
55.31,740480
55.38,739316
55.38,738229
55.38,738208
55.38,738010
55.39,737996
55.50,737707
55.50,737456
55.51,735212
55.51,735049
55.51,734900
56.25,734123
56.27,733832
56.27,733133
57.78,732368
57.79,732290
57.80,731552
57.80,730770
57.80,730608
57.80,730396
57.80,730020
57.81,728900
57.81,728872
58.23,728842
58.24,728787
59.05,728631
59.06,728004
59.06,727949
59.07,726649
59.07,725454
59.08,725085
59.09,724758
59.51,724437
59.51,723974
59.54,723575
59.54,722765
59.54,720662
59.55,720354
59.55,719083
59.62,718884
59.62,718417
59.63,717473
59.64,716526
59.64,714817
61.85,714725
61.85,714710
61.86,714654
61.86,712371
61.86,709664
61.86,709657
61.86,708037
61.87,707978
61.91,707723
61.92,707009
61.93,706807
61.94,706734
61.94,706215
62.02,704979
62.02,704104
62.03,703605
62.04,703493
62.71,703068
63.04,702996
63.06,702670
63.07,702637
63.07,702546
63.07,702003
63.08,699964
63.08,699722
63.08,698771
63.16,698531
63.17,697535
63.17,696969
63.18,696347
63.19,695763
63.20,695634
63.20,695552
63.20,694465
63.59,694437
63.59,693311
65.22,693042
65.22,692774
65.24,692182
65.31,691570
65.31,691210
65.32,689899
65.32,689512
68.61,689240
68.61,689203
68.98,688324
68.98,688278
69.05,688001
69.22,687503
69.23,686453
69.23,686396
69.24,683818
69.24,683805
69.26,682715
69.34,682534
69.38,682376
69.46,681871
70.53,681727
70.54,681647
70.55,680897
71.09,680683
71.09,680553
71.81,680253
71.81,680097
71.83,679980
71.84,679488
71.85,679272
71.86,678979
71.87,677126
72.13,677076
72.23,676255
72.93,675322
72.94,675062
72.95,675058
72.95,674184
73.71,673648
73.71,672959
73.71,672440
73.72,672174
73.95,671333
74.14,670298
74.15,669959
74.29,669937
74.30,669542
74.30,669306
74.86,669165
75.27,668932
75.28,668567
75.30,668421
75.30,667469
75.46,667173
75.49,667155
75.50,666447
75.57,666414
75.58,665975
79.10,665946
79.49,665555
80.65,664779
80.74,664683
80.76,664510
82.98,664348
82.98,664114
83.20,663935
83.21,663601
84.27,663538
84.28,663224
84.30,663197
84.37,663032
84.46,662939
84.49,662831
85.32,662822
85.35,662663
85.36,662382
85.42,662273
85.56,662249
85.56,662205
85.58,661956
86.18,661938
86.25,661902
86.81,661644
87.06,661366
88.39,661159
88.53,661015
88.58,660936
91.46,660792
92.30,660762
92.37,660762
92.39,660701
92.42,660679
92.50,660636
93.95,660618
93.95,660515
94.17,660398
94.99,660375
95.03,660253
95.41,660244
98.04,660227
98.13,660161
98.36,660129
101.60,660122
101.88,660122
102.80,660101
103.21,660056
103.44,660056
108.32,659996
108.38,659951
108.62,659886
108.90,659886
109.12,659857
111.25,659753
112.92,659748
114.51,659687
114.59,659687
