0.07,6898621
0.08,6895458
0.08,6892200
0.08,6891771
0.08,6888216
0.08,6881883
0.08,6881824
0.08,6876792
0.08,6829066
0.08,6826584
0.08,6818650
0.08,6804019
0.08,6803231
0.08,6800381
0.08,6798352
0.08,6792637
0.08,6781165
0.09,6764869
0.09,6718611
0.09,6718489
0.09,6678681
0.09,6677742
0.09,6673933
0.09,6673692
0.09,6662294
0.09,6661568
0.09,6653837
0.10,6652007
0.10,6627016
0.10,6600156
0.10,6599669
0.10,6590682
0.10,6582249
0.10,6581026
0.10,6571186
0.10,6571019
0.10,6509917
0.10,6508847
0.10,6499461
0.10,6490818
0.10,6488666
0.10,6466951
0.10,6460717
0.10,6443432
0.10,6420262
0.10,6414299
0.10,6412740
0.10,6384543
0.10,6304749
0.10,6266177
0.10,6248436
0.10,6241388
0.10,6171424
0.10,6150541
0.10,6139602
0.10,6126248
0.10,6112475
0.10,6110076
0.10,6103598
0.11,6101707
0.11,6101262
0.11,6064199
0.11,6058407
0.11,6053886
0.11,6027738
0.11,6025501
0.11,5990174
0.11,5968661
0.11,5949226
0.11,5948408
0.11,5945392
0.11,5945352
0.11,5943216
0.11,5913944
0.11,5911719
0.11,5894089
0.11,5887820
0.11,5882887
0.11,5878922
0.11,5816556
0.11,5778546
0.11,5778097
0.11,5774219
0.11,5737051
0.11,5716968
0.11,5670235
0.12,5667026
0.12,5666208
0.12,5664663
0.12,5664420
0.12,5663510
0.12,5661825
0.12,5660969
0.12,5649032
0.12,5641678
0.12,5641138
0.12,5615833
0.12,5610825
0.12,5586790
0.12,5514062
0.12,5512040
0.12,5511829
0.12,5503244
0.12,5495064
0.12,5492274
0.12,5491680
0.12,5479234
0.12,5474106
0.12,5424477
0.12,5415821
0.13,5414587
0.13,5336627
0.13,5333488
0.13,5331907
0.13,5326547
0.13,5322291
0.13,5320388
0.13,5283104
0.13,5157369
0.13,5137786
0.13,5109457
0.13,5106125
0.13,5081001
0.13,5075016
0.13,5067568
0.13,4973725
0.13,4956281
0.13,4932848
0.13,4912295
0.13,4910106
0.13,4908526
0.13,4904002
0.14,4901668
0.14,4876391
0.14,4863139
0.14,4863082
0.14,4858638
0.14,4856083
0.14,4849305
0.14,4825818
0.14,4807310
0.14,4806233
0.14,4801730
0.14,4796369
0.14,4794303
0.14,4787225
0.14,4786000
0.15,4781244
0.15,4773830
0.15,4762014
0.15,4760740
0.15,4753974
0.15,4736844
0.15,4734369
0.15,4725255
0.15,4716278
0.15,4714414
0.15,4712863
0.15,4711204
0.15,4711136
0.15,4708147
0.15,4704884
0.15,4664374
0.15,4664094
0.15,4661651
0.15,4654891
0.15,4651814
0.15,4641586
0.15,4638013
0.15,4618804
0.15,4609740
0.15,4608858
0.15,4601193
0.15,4599753
0.15,4595330
0.15,4510182
0.15,4509794
0.15,4507623
0.15,4498279
0.15,4493338
0.15,4474221
0.15,4471853
0.15,4469632
0.15,4465732
0.15,4463526
0.15,4462438
0.15,4460610
0.16,4460037
0.16,4432636
0.16,4430369
0.16,4427640
0.16,4424012
0.16,4421951
0.16,4417338
0.16,4415741
0.16,4393295
0.16,4368151
0.16,4365055
0.16,4357438
0.16,4325177
0.16,4311128
0.16,4307562
0.16,4303599
0.16,4302841
0.16,4301199
0.16,4300930
0.16,4297468
0.16,4271200
0.16,4263661
0.16,4249955
0.16,4249737
0.16,4237121
0.16,4221662
0.17,4217672
0.17,4217164
0.17,4211849
0.17,4210245
0.17,4205581
0.17,4205503
0.17,4203545
0.17,4196686
0.17,4179308
0.17,4149971
0.17,4146880
0.17,4122686
0.17,4117433
0.17,4091630
0.17,4049090
0.17,4048377
0.17,4041753
0.17,4041636
0.17,4041088
0.17,4014717
0.17,4010325
0.17,4004064
0.17,4003922
0.17,3983613
0.17,3983031
0.17,3967242
0.17,3947451
0.17,3830597
0.17,3822471
0.18,3803280
0.18,3798253
0.18,3797670
0.18,3793249
0.18,3757367
0.18,3753853
0.18,3750829
0.18,3728953
0.19,3719822
0.19,3688321
0.19,3682648
0.19,3668399
0.19,3659359
0.19,3659015
0.19,3658904
0.19,3657980
0.19,3654123
0.19,3643397
0.19,3639308
0.19,3637133
0.19,3635919
0.19,3621834
0.19,3616669
0.19,3602630
0.19,3601818
0.19,3594807
0.19,3571000
0.19,3569630
0.19,3566779
0.20,3510835
0.20,3510819
0.20,3509253
0.20,3477475
0.20,3472984
0.20,3451719
0.20,3449246
0.20,3434424
0.20,3420699
0.20,3420664
0.20,3415739
0.20,3415219
0.20,3413841
0.20,3402261
0.20,3394699
0.20,3377814
0.20,3376959
0.20,3373443
0.20,3363590
0.21,3359170
0.21,3322715
0.21,3313848
0.21,3313124
0.21,3297366
0.21,3296834
0.21,3295137
0.21,3289165
0.21,3265912
0.21,3256462
0.21,3250910
0.21,3248086
0.21,3241707
0.22,3241424
0.22,3235514
0.22,3226344
0.22,3224186
0.22,3223095
0.22,3196124
0.22,3194148
0.22,3192019
0.22,3187684
0.22,3181058
0.22,3180439
0.22,3160091
0.22,3138072
0.22,3132876
0.22,3127502
0.22,3121725
0.22,3120039
0.22,3113208
0.22,3110531
0.22,3098871
0.22,3098141
0.22,3098136
0.22,3082665
0.22,3082635
0.22,3079753
0.22,3073424
0.22,3072589
0.22,3063630
0.22,3060638
0.22,3059584
0.22,3056828
0.22,3048857
0.22,3045655
0.22,3029051
0.22,3028726
0.22,3018173
0.22,3015601
0.23,3013838
0.26,2995776
0.26,2990371
0.26,2989352
0.26,2988481
0.26,2982564
0.26,2970453
0.26,2969612
0.26,2963634
0.26,2958238
0.27,2954351
0.28,2902152
0.28,2892195
0.28,2888042
0.28,2886837
0.28,2884709
0.28,2880386
0.28,2874653
0.29,2873056
0.29,2867784
0.29,2866598
0.29,2858141
0.29,2845954
0.29,2829516
0.29,2829286
0.29,2814577
0.29,2808933
0.29,2805554
0.29,2800506
0.30,2784402
0.30,2781898
0.30,2781842
0.30,2769882
0.32,2765235
0.32,2761765
0.32,2756413
0.32,2755371
0.32,2752479
0.32,2750443
0.32,2741460
0.32,2740829
0.32,2739259
0.32,2699669
0.32,2699523
0.32,2698789
0.32,2682187
0.32,2682058
0.32,2681165
0.32,2675167
0.32,2671961
0.32,2661767
0.32,2660043
0.32,2649071
0.33,2647813
0.33,2640696
0.33,2629432
0.33,2625955
0.33,2624111
0.33,2621942
0.33,2621080
0.35,2616682
0.36,2613169
0.36,2609427
0.36,2609314
0.36,2609239
0.36,2608811
0.36,2584250
0.36,2571736
0.37,2563184
0.37,2558661
0.37,2555591
0.37,2546755
0.37,2539784
0.96,2537957
0.96,2534284
0.96,2527527
0.96,2521175
0.96,2504338
1.01,2502652
1.01,2491172
1.01,2488075
1.01,2488024
1.01,2487700
1.01,2486002
1.01,2482132
1.01,2481913
1.01,2479458
1.01,2477996
1.01,2476430
1.01,2475799
1.01,2474859
1.01,2464199
1.20,2452524
1.20,2444702
1.21,2437490
1.21,2436945
1.21,2428786
1.21,2418664
1.21,2407912
1.21,2395385
1.21,2377139
1.21,2374027
1.21,2370957
1.22,2364070
1.22,2348437
1.22,2337004
1.22,2334852
1.22,2328681
1.22,2325272
1.22,2324101
1.22,2323841
1.22,2322700
1.22,2321446
1.22,2316882
1.22,2308788
1.22,2308014
1.22,2306336
1.22,2299597
1.22,2299311
1.22,2294666
1.22,2289214
2.55,2269321
2.55,2264677
2.59,2260095
2.67,2257006
2.67,2246029
3.13,2243160
3.13,2239678
3.13,2237105
3.13,2234431
3.13,2232913
4.08,2230745
4.08,2226893
4.83,2223601
4.83,2222832
4.83,2220367
4.83,2203358
4.84,2200251
4.84,2197867
4.84,2197269
4.84,2195052
4.84,2192997
4.84,2187836
4.84,2186720
5.53,2185459
5.53,2183589
5.53,2176016
5.85,2131524
5.85,2130348
5.85,2128982
5.85,2117806
5.85,2115981
5.85,2115815
5.85,2113888
6.30,2112226
6.30,2110614
6.30,2108733
6.30,2103935
6.30,2102535
6.30,2101816
6.31,2099591
6.31,2094981
6.31,2092597
6.31,2088725
6.31,2086769
6.31,2083162
6.32,2082632
6.32,2057822
6.32,2053582
6.32,2044512
6.36,2041719
7.10,2034333
7.19,2028424
7.19,2024918
7.55,2024914
7.55,2021683
8.43,2018931
8.43,2018156
8.43,2016729
8.43,2015598
8.43,2011333
8.54,2004379
8.54,1990135
8.54,1987097
8.54,1981477
8.54,1981294
8.54,1979514
8.54,1964907
8.54,1963717
8.54,1961923
8.54,1960794
8.54,1957248
8.55,1954362
8.55,1951500
8.55,1950917
8.55,1935799
8.77,1928111
8.77,1913650
8.77,1908042
8.77,1907752
8.77,1904469
8.77,1904185
8.77,1902669
8.78,1902107
8.78,1897151
8.78,1882658
8.78,1882568
8.78,1880679
8.78,1879129
8.78,1877755
8.78,1876792
8.78,1871625
9.04,1865243
9.04,1863042
9.14,1856283
9.14,1846473
9.15,1846345
9.15,1846283
9.15,1845928
9.15,1842581
10.06,1840030
10.07,1837806
10.07,1837670
10.07,1832423
10.07,1826710
10.09,1825570
10.09,1815778
10.09,1815558
10.09,1811758
10.09,1810285
10.37,1809343
10.37,1803801
10.37,1801517
10.37,1796589
10.37,1794671
10.37,1793672
10.37,1793637
10.37,1792864
10.37,1791084
10.37,1788757
10.39,1786433
10.39,1784929
10.39,1783680
10.39,1782653
10.39,1782034
10.39,1779953
12.22,1776849
12.22,1772655
12.22,1758281
12.38,1756728
12.38,1747047
12.38,1741789
12.38,1740694
12.38,1739924
12.38,1738216
12.38,1733535
12.38,1731250
12.38,1722038
12.38,1722021
12.39,1702911
12.39,1702866
12.39,1686785
12.40,1686288
12.40,1680731
12.40,1677096
13.60,1669899
13.60,1668572
13.60,1667631
13.60,1664041
13.60,1663421
13.60,1660951
13.60,1660580
13.67,1654389
13.69,1648165
13.70,1645636
13.70,1645619
13.70,1642637
13.70,1641515
13.87,1638300
13.87,1636162
15.34,1633897
15.37,1631064
15.37,1630277
15.37,1627107
15.56,1619343
15.56,1616627
15.69,1615613
15.69,1607828
15.81,1607021
15.81,1604954
15.81,1604935
15.81,1598178
15.82,1598132
15.82,1596770
16.19,1595168
16.19,1590106
16.19,1588812
16.19,1588312
16.19,1585161
16.19,1584150
16.19,1582541
16.19,1576760
17.53,1574767
17.53,1572104
17.53,1571963
17.53,1568830
17.54,1563385
17.54,1555792
17.54,1543326
17.55,1540372
17.55,1536982
17.56,1535733
17.68,1534535
17.68,1533386
17.68,1532522
17.69,1528374
17.69,1528320
17.69,1527912
17.69,1527592
17.69,1523259
17.69,1522660
17.69,1507287
17.69,1506390
17.69,1498585
17.69,1496241
17.70,1493916
17.70,1493387
17.70,1493190
19.68,1490598
19.69,1488507
19.69,1485384
19.70,1484440
19.70,1482398
20.28,1479950
20.28,1473904
20.28,1473264
20.28,1471759
20.29,1466666
20.29,1466640
20.29,1462850
20.31,1460450
20.45,1459511
20.45,1456264
20.45,1456107
20.45,1455935
20.45,1455020
20.45,1449405
20.45,1448907
20.45,1447944
20.45,1443132
20.45,1441792
20.45,1437542
20.45,1435291
20.45,1433202
20.45,1430478
20.45,1424368
20.46,1419216
20.46,1414924
20.46,1414816
21.01,1411725
21.01,1409166
21.01,1407764
21.01,1406992
21.01,1398561
21.02,1396284
21.02,1393027
21.02,1392046
21.02,1390398
21.02,1390189
21.02,1389611
21.02,1388570
21.02,1387013
21.02,1386325
21.15,1383767
21.16,1383565
21.16,1382802
21.17,1382624
21.18,1382554
21.18,1382092
21.18,1381925
21.18,1377271
21.19,1377117
21.19,1370321
21.19,1368717
21.19,1368443
21.19,1358849
21.20,1357738
21.20,1353312
21.20,1351066
21.39,1348217
21.39,1348087
21.39,1347936
21.41,1343438
21.41,1341478
21.41,1333374
21.41,1332515
21.41,1331843
21.41,1326335
21.41,1324540
21.41,1320268
21.41,1317818
21.41,1317427
21.41,1317089
21.41,1314159
23.72,1308292
23.72,1303881
23.72,1303467
23.72,1301138
23.72,1301065
23.72,1297275
23.72,1297068
23.72,1293287
23.72,1292873
23.72,1290616
23.72,1286435
23.72,1285654
23.72,1283868
23.73,1282827
23.73,1277916
23.73,1276834
23.73,1272732
23.73,1271340
23.73,1269262
23.74,1266984
23.74,1266345
24.19,1265022
24.19,1264258
25.27,1261438
25.27,1260915
25.27,1260728
25.27,1256666
25.27,1255909
25.27,1253835
25.28,1252454
27.01,1251880
27.01,1249564
27.01,1249481
27.08,1248223
27.24,1247161
27.24,1244673
27.24,1242995
27.24,1241097
27.24,1240870
27.24,1240271
27.24,1239287
27.24,1235507
27.25,1233205
27.25,1229463
27.25,1228297
27.27,1225138
27.46,1224637
27.46,1219924
27.54,1219770
27.54,1218809
27.54,1218448
27.54,1217885
27.54,1217744
27.54,1211782
27.54,1209406
27.54,1209026
27.54,1208841
27.54,1200744
27.54,1198359
27.55,1197755
27.58,1193165
27.58,1189590
27.58,1189193
27.59,1186750
27.59,1185834
28.45,1185385
28.45,1184367
28.45,1181222
28.45,1176440
28.45,1171385
28.46,1170504
28.46,1167993
28.46,1164803
28.46,1162967
28.46,1160405
28.46,1160173
28.46,1153579
28.46,1151991
28.46,1148276
28.46,1147021
28.48,1138301
28.48,1135327
28.49,1134313
28.49,1132117
28.49,1131077
28.49,1124144
28.50,1119489
28.50,1114526
28.50,1114257
29.63,1112598
30.49,1112305
30.80,1112097
30.80,1111499
30.83,1110825
30.83,1110753
30.83,1107784
30.83,1106678
30.83,1105681
30.83,1104388
30.83,1103880
30.83,1103292
30.83,1096975
30.83,1096090
30.83,1095029
32.38,1094617
32.44,1094163
32.44,1086683
32.44,1085553
32.44,1084166
32.44,1081688
32.44,1078739
32.55,1078616
32.57,1076818
32.57,1074662
32.57,1069225
32.57,1066107
33.71,1064619
33.71,1063845
33.71,1063841
33.72,1063553
34.39,1061153
34.42,1059581
34.42,1056495
34.42,1055877
34.42,1054553
34.42,1053933
34.42,1053453
34.42,1050697
34.46,1050599
34.46,1047288
34.46,1046614
34.46,1045358
34.46,1036571
34.46,1035408
34.46,1033156
34.55,1032861
34.55,1032589
34.62,1031240
34.62,1030651
34.62,1029303
34.62,1028947
34.62,1027565
34.62,1025329
34.62,1025249
34.63,1022285
34.63,1020732
34.63,1020523
34.63,1019547
34.63,1019504
34.63,1019429
34.63,1017174
34.63,1015270
34.63,1014775
34.63,1013220
34.63,1012435
34.63,1011593
34.63,1009704
34.65,1009020
35.44,1009013
35.46,1007955
35.46,1007797
35.46,1007377
35.46,1007064
35.46,1006410
35.48,1004146
35.48,1003301
35.48,1003298
35.48,1001315
35.48,1001118
35.48,1000574
35.48,999079
35.52,993529
35.53,990970
35.57,990359
35.69,988370
35.69,986992
35.70,985693
35.70,984306
35.70,981577
36.25,981444
36.25,976964
36.25,974598
36.34,974533
36.34,974117
36.34,969382
36.34,969357
36.75,965022
36.75,963977
36.75,963175
36.75,962820
36.97,960801
37.02,960158
37.03,959506
37.21,959231
37.22,952524
37.22,951136
37.23,950992
37.23,948141
37.39,947150
38.49,947115
38.50,946830
38.51,946259
38.52,946038
38.52,945942
38.52,945868
38.56,943128
38.56,941045
38.56,939495
38.56,939000
38.60,938080
38.60,935658
38.60,930909
38.62,930159
39.25,929980
39.25,929527
39.25,928086
39.26,926970
39.26,926387
39.26,926122
39.26,925361
39.26,922764
39.26,922601
39.26,920112
39.31,912674
39.31,912194
39.31,911075
39.31,908944
39.32,908272
39.32,908157
39.32,905220
39.32,903319
39.32,897955
39.32,897476
39.50,896525
39.51,896404
39.51,894894
39.51,891751
39.51,890738
39.59,890455
39.59,887702
39.59,886948
39.59,884620
41.21,882692
41.21,877880
41.21,876796
41.22,875999
41.22,875152
41.31,875057
41.31,871136
41.31,870910
41.31,870167
41.37,867510
41.37,867088
41.37,862696
41.37,862369
41.38,861472
41.38,861317
41.40,858450
41.40,857388
41.40,857336
41.41,856469
41.41,855733
41.41,852803
41.44,847450
41.44,846241
42.72,845388
43.78,845278
43.78,842714
43.79,840998
43.79,840586
43.79,838528
43.79,838463
43.79,837550
43.79,836169
44.77,833790
44.77,833060
44.77,832157
44.84,832065
44.85,829119
44.85,828331
46.16,828276
46.16,826957
46.16,822272
46.16,822110
46.16,821973
46.16,821951
46.18,821477
46.18,819394
46.45,819107
46.45,818235
47.03,815806
47.03,815804
47.04,815150
47.04,813335
47.04,813201
47.04,812781
47.04,812469
47.13,811760
47.13,810795
47.13,810096
47.13,809374
47.13,808021
47.14,806926
47.14,806902
47.14,806138
47.14,806075
47.14,804456
47.15,804408
47.15,804223
47.15,802430
47.15,802347
47.15,800774
47.16,800690
47.16,800043
47.17,799869
47.17,799840
47.17,799802
47.18,799171
47.19,798336
47.19,797161
47.19,794153
47.19,793825
47.38,793742
47.39,791548
47.40,788454
47.41,787957
47.41,787702
47.41,787652
47.46,787299
47.46,787118
47.46,786603
48.55,786536
48.55,785318
48.55,783467
48.55,783100
48.55,782511
48.55,782012
48.56,781964
48.56,781022
48.59,779878
48.59,779744
48.60,776376
48.60,775766
50.11,775231
50.11,774756
50.11,774440
50.11,774439
51.11,774235
51.11,772605
51.18,771409
51.40,771223
51.40,770730
51.41,768325
51.41,767205
51.41,766561
51.41,766322
51.41,765645
51.41,765394
51.42,765388
51.42,765046
51.42,764233
51.42,764019
51.42,763898
51.45,763570
51.45,763568
51.45,762990
52.22,760694
52.22,760482
52.22,758432
52.23,758398
52.24,757663
52.24,756992
52.24,756484
52.35,756287
52.35,753550
52.36,753029
52.36,752999
52.36,752884
52.36,752849
52.37,752639
52.37,751846
52.90,750127
53.08,750086
53.08,749733
53.09,749455
55.17,749073
55.17,748659
55.18,748181
55.18,748150
55.18,747936
55.18,747014
55.18,744882
55.18,744711
55.74,743794
55.76,743029
55.76,742607
56.69,742393
56.71,742133
56.71,740338
56.71,740009
56.72,739300
56.72,738193
56.72,737491
56.72,735721
56.72,734982
56.74,734642
56.74,734607
56.74,732736
56.74,731939
56.75,730989
56.76,730744
56.76,729658
56.76,726908
57.94,725577
57.94,724634
57.94,723952
57.95,723770
57.96,723713
57.96,723354
57.98,722096
57.98,722044
57.98,720887
58.00,720832
58.00,720298
58.00,719867
58.01,719715
58.02,718190
58.02,717857
58.02,717798
58.02,717444
58.04,716915
58.06,716368
58.06,715694
58.06,714740
58.06,714476
58.07,714352
58.08,714113
58.09,713317
58.77,711932
58.77,711304
58.77,711184
58.77,711062
60.23,710144
60.25,709477
60.25,709248
60.26,708721
60.28,706787
60.29,706472
60.30,706038
60.39,704427
62.02,703753
62.02,703730
62.02,703315
62.02,702905
62.03,700861
62.03,699953
62.03,699409
62.03,699346
62.03,699104
62.06,698739
62.06,698690
62.06,698485
62.08,698132
62.09,697254
62.09,697182
62.11,696834
62.12,696594
62.12,695566
62.42,695365
62.42,694913
62.42,694218
64.46,694009
64.47,693657
64.52,693519
64.52,693164
64.52,691942
64.53,691619
64.53,691559
64.54,691197
64.56,691071
64.56,690577
64.56,690171
65.02,690055
65.02,689440
65.04,688933
65.05,688544
65.05,688501
65.06,688364
65.06,688222
65.07,687951
65.07,687814
65.08,687598
65.09,687072
65.10,686603
65.12,686117
65.12,685699
65.14,685565
65.16,685454
65.16,685020
65.17,684435
65.18,684272
65.18,683705
65.18,683537
65.20,683355
66.89,683315
66.89,683254
66.90,682949
66.96,682163
66.97,681260
66.97,680990
66.97,680486
68.08,679873
68.09,678565
69.16,678331
69.16,677730
69.17,677449
69.21,677428
69.21,677161
69.21,676387
69.45,675771
69.45,675743
69.46,675105
69.46,675086
69.50,675030
69.50,674827
69.50,674139
69.50,674106
69.51,673563
69.75,673309
69.76,673106
69.84,673001
69.87,672883
70.07,672409
70.09,672403
70.38,671841
70.39,671754
70.43,670155
72.98,669405
73.01,668669
73.02,668613
73.04,668461
73.10,668277
73.10,667956
73.23,667768
73.27,667556
73.29,667442
73.30,667023
73.90,666853
81.21,666661
81.39,666645
81.40,666357
81.42,666302
81.45,666195
81.64,664026
81.75,664019
81.75,663778
81.78,663745
81.87,663690
82.23,663602
82.27,663600
82.29,663577
82.44,663509
82.45,663393
82.47,663360
82.52,663158
82.52,662992
82.53,662814
82.56,662775
82.79,662413
83.40,662270
83.41,662048
83.45,661773
87.42,661717
87.45,661685
87.48,661647
87.57,661325
88.54,660982
88.55,660702
89.10,660685
89.20,660410
89.23,660377
89.29,660106
89.30,659940
89.93,659852
89.97,659677
89.98,659396
96.38,659229
96.40,659167
96.84,659137
96.90,658934
96.95,658932
97.51,658813
97.59,658754
97.61,658685
98.19,658519
99.90,658503
102.47,658436
