0.00,6993193
0.01,6955820
0.01,6955656
0.01,6924294
0.01,6815184
0.01,6790163
0.01,6751592
0.01,6749684
0.01,6723946
0.01,6702911
0.01,6680803
0.01,6674642
0.01,6672217
0.01,6613450
0.01,6608101
0.01,6582604
0.01,6577319
0.02,6570900
0.02,6564909
0.02,6556012
0.02,6554814
0.02,6548253
0.02,6531558
0.02,6525491
0.02,6524049
0.02,6473328
0.02,6441897
0.02,6436387
0.02,6436270
0.02,6431465
0.02,6329725
0.02,6328287
0.02,6320525
0.02,6298441
0.02,6271820
0.02,6160695
0.02,6160508
0.02,6076322
0.02,6075776
0.02,6075398
0.02,6069092
0.03,6068594
0.03,6054121
0.03,6053137
0.03,6052416
0.03,6050007
0.03,6039543
0.03,6036723
0.03,6027594
0.03,6022876
0.03,6014211
0.03,6012295
0.03,5990817
0.03,5964152
0.03,5948085
0.03,5917548
0.03,5914322
0.03,5847528
0.03,5835438
0.03,5835256
0.04,5830045
0.04,5830021
0.04,5793169
0.04,5778609
0.04,5768793
0.04,5767406
0.04,5767126
0.04,5765892
0.04,5756196
0.04,5754999
0.04,5753918
0.04,5713616
0.04,5709225
0.04,5691547
0.04,5691454
0.04,5621763
0.04,5574041
0.04,5564424
0.04,5514927
0.04,5498820
0.05,5491993
0.05,5481662
0.05,5426344
0.05,5411339
0.05,5402200
0.05,5383979
0.05,5375197
0.05,5371638
0.05,5340141
0.05,5334216
0.05,5330108
0.05,5329996
0.05,5325079
0.05,5321224
0.05,5321123
0.05,5310837
0.05,5309435
0.05,5295837
0.05,5284408
0.05,5284233
0.05,5283609
0.05,5266490
0.05,5258907
0.05,5257789
0.05,5256146
0.05,5252979
0.05,5244599
0.05,5189006
0.05,5150669
0.05,5140357
0.05,5135821
0.05,5132641
0.05,5111625
0.05,5100760
0.05,5100474
0.05,5094494
0.05,5094328
0.05,5092702
0.05,5091338
0.05,5082086
0.05,5081668
0.05,5071106
0.05,5071102
0.05,5070664
0.05,5038040
0.05,5033479
0.05,5009908
0.05,5001260
0.06,4982990
0.06,4968824
0.06,4946056
0.06,4933127
0.06,4907168
0.06,4906183
0.06,4902251
0.06,4893548
0.06,4893440
0.06,4893353
0.06,4892952
0.06,4882309
0.06,4880776
0.06,4879409
0.06,4865781
0.06,4856838
0.06,4774654
0.06,4773309
0.06,4773120
0.06,4758089
0.06,4750653
0.06,4741180
0.06,4684574
0.06,4674548
0.06,4667453
0.06,4667444
0.06,4657918
0.06,4644970
0.06,4617887
0.06,4601332
0.06,4601284
0.06,4601156
0.06,4599800
0.06,4598949
0.06,4598716
0.06,4589153
0.06,4547406
0.06,4546270
0.06,4544847
0.06,4544267
0.06,4543539
0.06,4481118
0.06,4478341
0.06,4462490
0.06,4458826
0.06,4450711
0.06,4448319
0.06,4404543
0.06,4401459
0.07,4401110
0.07,4400580
0.07,4396597
0.07,4395930
0.07,4394505
0.07,4388334
0.07,4387350
0.07,4387319
0.07,4383150
0.07,4380394
0.07,4353820
0.07,4334346
0.07,4333681
0.07,4328714
0.07,4326376
0.07,4324772
0.07,4303373
0.07,4300037
0.07,4299418
0.07,4297666
0.07,4297302
0.07,4222109
0.07,4221998
0.07,4219149
0.07,4215723
0.07,4204074
0.07,4199856
0.07,4192693
0.07,4185691
0.07,4184012
0.07,4176259
0.07,4170576
0.07,4168160
0.07,4153591
0.07,4152621
0.07,4150760
0.07,4147357
0.07,4134067
0.07,4134065
0.07,4117657
0.07,4105019
0.07,4096051
0.07,4092585
0.07,4088857
0.07,4085985
0.07,4083457
0.07,4080109
0.07,4062485
0.07,3992862
0.07,3988721
0.07,3978601
0.08,3974433
0.08,3968087
0.08,3828253
0.08,3828242
0.08,3827692
0.08,3826963
0.08,3821216
0.08,3814535
0.08,3811957
0.08,3811852
0.08,3811759
0.08,3784310
0.08,3783430
0.08,3777720
0.08,3771817
0.08,3766307
0.08,3755124
0.08,3754969
0.08,3754944
0.08,3742650
0.08,3742141
0.08,3708188
0.08,3707535
0.08,3661075
0.08,3659294
0.08,3636033
0.08,3635929
0.08,3622957
0.08,3620124
0.08,3619660
0.08,3616277
0.08,3615351
0.08,3614974
0.08,3613554
0.08,3613146
0.08,3610532
0.08,3602125
0.08,3599009
0.08,3598469
0.08,3597902
0.08,3591444
0.08,3580975
0.08,3579929
0.08,3579701
0.09,3579366
0.09,3533084
0.09,3528815
0.09,3496293
0.09,3495840
0.09,3488662
0.09,3481909
0.09,3481786
0.09,3479186
0.09,3476256
0.09,3465472
0.09,3439452
0.09,3367159
0.09,3366735
0.09,3353361
0.09,3351427
0.09,3349925
0.09,3345096
0.09,3338668
0.09,3314628
0.09,3309679
0.09,3309574
0.09,3303515
0.09,3296799
0.09,3296297
0.09,3283951
0.09,3255609
0.09,3229563
0.09,3218395
0.09,3218302
0.09,3210693
0.09,3161761
0.09,3138906
0.09,3136473
0.10,3136449
0.10,3124301
0.10,3111433
0.10,3111216
0.10,3109557
0.10,3101477
0.10,3094332
0.10,3094218
0.10,3092507
0.10,3090876
0.10,3087183
0.10,3086884
0.10,3086807
0.10,3080511
0.10,3079271
0.10,3066980
0.10,3065465
0.10,3064525
0.10,3060451
0.10,3049587
0.10,3048207
0.10,3045464
0.10,3044612
0.10,3043521
0.10,3042382
0.10,3041795
0.10,3041617
0.11,3041114
0.11,3040422
0.11,3039407
0.11,3036155
0.11,3030419
0.11,3028624
0.11,3028620
0.11,3028454
0.11,3026845
0.11,3018804
0.11,2957104
0.11,2956240
0.11,2955939
0.11,2951752
0.11,2948042
0.11,2946851
0.11,2943761
0.11,2943694
0.11,2936785
0.11,2932144
0.11,2930226
0.11,2929025
0.11,2919616
0.11,2916857
0.11,2912179
0.11,2909800
0.11,2899802
0.11,2897574
0.11,2897489
0.11,2895365
0.11,2893878
0.12,2890174
0.12,2888869
0.12,2886642
0.12,2885526
0.12,2885266
0.12,2880416
0.12,2879981
0.12,2877863
0.12,2870594
0.12,2870183
0.12,2852584
0.12,2830127
0.12,2826591
0.12,2773109
0.12,2770047
0.12,2769706
0.12,2769537
0.12,2769532
0.12,2769417
0.12,2765899
0.12,2759058
0.12,2757918
0.12,2757808
0.13,2755728
0.13,2754490
0.13,2752190
0.13,2751584
0.13,2748058
0.13,2746828
0.13,2745858
0.13,2745786
0.13,2737290
0.13,2737240
0.13,2728487
0.13,2726441
0.13,2717489
0.13,2717425
0.13,2688093
0.13,2684061
0.13,2674497
0.13,2666289
0.13,2664416
0.13,2663732
0.13,2661221
0.13,2659125
0.13,2658450
0.13,2646912
0.13,2643966
0.13,2642838
0.14,2642792
0.14,2641436
0.14,2637109
0.14,2634105
0.14,2630438
0.14,2628785
0.14,2624650
0.14,2614524
0.14,2614462
0.14,2614163
0.14,2611741
0.14,2609894
0.14,2606435
0.14,2601401
0.14,2598289
0.14,2579631
0.14,2577425
0.14,2575478
0.14,2574654
0.14,2573204
0.14,2570018
0.14,2554295
0.14,2548693
0.14,2530716
0.14,2500721
0.14,2497725
0.14,2494162
0.15,2493095
0.15,2488117
0.15,2485739
0.15,2481273
0.15,2470257
0.15,2470213
0.15,2466803
0.15,2464586
0.15,2424011
0.15,2406797
0.15,2406241
0.15,2404904
0.15,2402202
0.15,2381876
0.15,2381049
0.15,2378251
0.15,2375782
0.15,2375635
0.15,2280377
0.15,2279586
0.15,2275920
0.15,2275314
0.15,2274535
0.15,2262212
0.15,2260892
0.16,2260775
0.16,2258779
0.16,2255916
0.16,2250951
0.16,2248339
0.16,2218299
0.16,2217686
0.16,2216901
0.16,2216840
0.16,2206280
0.16,2182933
0.16,2182201
0.16,2180658
0.16,2174307
0.16,2173661
0.16,2173594
0.16,2170564
0.16,2169521
0.16,2168021
0.16,2166023
0.16,2164394
0.16,2163630
0.16,2162009
0.16,2161530
0.16,2159285
0.16,2158620
0.16,2155654
0.17,2147844
0.17,2147633
0.17,2139486
0.17,2125776
0.17,2125169
0.17,2122698
0.17,2119703
0.17,2115478
0.17,2085370
0.17,2084390
0.17,2084254
0.17,2083855
0.17,2083798
0.17,2082513
0.17,2081917
0.18,2080884
0.18,2080798
0.18,2080648
0.18,2077257
0.18,2077085
0.18,2074285
0.18,2072918
0.18,2066870
0.18,2065992
0.18,2065744
0.18,2055637
0.18,2050785
0.18,2039139
0.18,2038619
0.18,2034170
0.18,2033127
0.18,2032776
0.18,2030951
0.18,2017885
0.18,2016774
0.18,2016528
0.19,2014353
0.19,2013749
0.19,2011987
0.19,2010368
0.19,2008871
0.19,2008834
0.19,2008750
0.19,2007288
0.19,2006550
0.19,1993606
0.19,1985992
0.19,1942487
0.19,1941713
0.19,1940250
0.19,1938027
0.19,1877318
0.19,1873871
0.20,1873024
0.20,1872384
0.20,1870671
0.20,1869469
0.20,1867994
0.20,1836411
0.20,1835964
0.20,1834098
0.20,1833973
0.20,1833643
0.20,1833480
0.20,1832880
0.20,1831535
0.20,1830495
0.20,1829193
0.20,1827048
0.20,1826984
0.20,1824788
0.20,1823522
0.21,1823449
0.21,1823252
0.21,1823230
0.21,1823226
0.21,1752598
0.21,1744358
0.21,1744141
0.21,1740061
0.21,1737252
0.21,1736813
0.21,1736552
0.21,1731819
0.21,1727821
0.21,1725951
0.21,1723464
0.21,1722504
0.22,1699458
0.22,1698870
0.22,1696030
0.22,1695270
0.22,1694064
0.22,1693220
0.22,1690353
0.22,1690162
0.22,1671569
0.22,1671120
0.22,1671107
0.22,1664815
0.22,1664746
0.23,1663306
0.23,1596964
0.23,1596594
0.23,1543117
0.23,1535667
0.23,1533428
0.23,1531498
0.23,1531204
0.23,1529933
0.23,1527504
0.23,1495570
0.23,1492558
0.23,1491464
0.24,1491228
0.24,1487229
0.24,1486563
0.24,1485196
0.24,1484666
0.24,1462607
0.24,1456339
0.24,1456196
0.24,1446420
0.24,1446360
0.24,1444955
0.24,1426378
0.24,1423718
0.24,1420982
0.24,1420948
0.24,1419872
0.24,1419470
0.24,1416941
0.24,1413129
0.25,1412618
0.25,1411021
0.25,1410886
0.25,1408930
0.25,1408902
0.25,1406632
0.25,1405843
0.25,1388920
0.25,1388658
0.25,1384044
0.25,1383957
0.25,1369425
0.26,1368477
0.26,1368187
0.26,1366296
0.26,1366169
0.26,1365434
0.26,1365320
0.26,1364939
0.26,1364927
0.26,1364697
0.26,1363317
0.27,1361642
0.27,1356307
0.27,1356083
0.27,1355987
0.27,1355765
0.27,1355508
0.27,1355503
0.27,1353690
0.27,1351695
0.27,1351506
0.28,1345648
0.28,1345217
0.28,1343449
0.28,1343308
0.28,1342430
0.29,1342132
0.29,1338036
0.29,1337227
0.29,1318725
0.29,1317513
0.29,1316163
0.29,1315200
0.29,1309486
0.29,1308853
0.30,1307808
0.30,1306383
0.30,1296439
0.30,1296009
0.30,1294610
0.30,1294230
0.31,1294214
0.31,1287252
0.32,1285770
0.32,1284494
0.32,1283845
0.32,1279726
0.33,1279580
0.33,1278303
0.33,1271847
0.33,1268970
0.33,1268014
0.33,1265394
0.33,1264084
0.34,1263830
0.34,1263621
0.34,1263446
0.34,1262823
0.34,1259926
0.34,1259579
0.34,1259117
0.34,1258499
0.34,1254538
0.35,1253663
0.35,1238052
0.35,1237785
0.35,1236220
0.35,1233792
0.35,1230640
0.35,1228133
0.35,1227841
0.36,1227838
0.36,1227322
0.36,1227115
0.36,1226979
0.36,1226755
0.36,1226174
0.36,1226050
0.36,1222862
0.36,1220954
0.36,1220892
0.36,1220125
0.36,1217204
0.36,1217090
0.37,1216947
0.37,1216018
0.37,1214887
0.38,1210411
0.38,1209455
0.38,1208954
0.38,1208764
0.38,1198030
0.38,1197999
0.38,1197997
0.38,1195122
0.38,1194043
0.38,1193804
0.38,1193321
0.38,1191949
0.38,1191483
0.39,1190638
0.39,1190143
0.39,1190075
0.39,1188233
0.39,1187506
0.39,1187371
0.40,1186846
0.40,1170089
0.40,1169839
0.40,1169115
0.40,1150611
0.40,1150421
0.40,1144937
0.40,1141215
0.40,1140100
0.41,1139544
0.41,1139056
0.41,1138700
0.41,1134924
0.41,1128807
0.41,1127633
0.41,1122042
0.41,1114392
0.42,1113049
0.42,1111386
0.42,1111127
0.42,1110361
0.42,1108464
0.42,1107713
0.42,1106291
0.43,1105353
0.43,1095856
0.43,1095733
0.43,1094651
0.43,1094436
0.43,1091230
0.43,1090969
0.43,1090117
0.44,1085825
0.44,1085332
0.44,1085256
0.44,1084710
0.44,1084201
0.45,1080430
0.45,1077854
0.45,1077000
0.45,1076758
0.45,1074830
0.45,1072929
0.46,1066103
0.46,1064997
0.46,1064900
0.46,1063981
0.47,1063641
0.47,1063215
0.47,1059766
0.47,1058120
0.48,1057772
0.48,1057124
0.48,1050985
0.48,1050121
0.48,1013099
0.48,1012522
0.49,1012458
0.49,1012253
0.49,1010463
0.50,1010458
0.50,1010252
0.50,1008540
0.51,1003439
0.51,1002951
0.51,1002139
0.51,1001469
0.52,1001314
0.52,1001072
0.52,1000686
0.52,998031
0.52,997118
0.52,996475
0.53,996396
0.54,996061
0.54,996032
0.54,992224
0.54,991920
0.55,991775
0.55,991026
0.55,989488
0.55,989442
0.56,988077
0.57,986870
0.57,985977
0.58,985649
0.58,983715
0.58,983467
0.58,982390
0.58,975826
0.59,972382
0.59,971627
0.59,970710
0.59,969780
0.60,969548
0.60,969003
0.61,960277
0.61,960040
0.61,959610
0.61,956880
0.62,956071
0.62,953272
0.62,950139
0.63,949450
0.64,949210
0.64,947007
0.65,940082
0.66,939558
0.66,939072
0.66,938772
0.68,937419
0.68,937401
0.68,936517
0.69,931078
0.69,929161
0.70,927941
0.71,896520
0.71,895918
0.71,895807
0.72,895678
0.72,895677
0.73,895485
0.74,894968
0.74,894941
0.74,891044
0.74,889013
0.75,888947
0.75,888107
0.77,885274
0.78,884079
0.78,883952
0.79,883897
0.79,880822
0.80,880454
0.80,871339
0.81,871260
0.81,870747
0.82,870485
0.82,870093
0.83,870048
0.84,869060
0.84,865166
0.84,865058
0.84,862976
0.86,862691
0.86,857769
0.87,857152
0.87,856426
0.87,856021
0.88,855302
0.89,854944
0.90,853676
0.90,852331
0.91,851349
0.92,850725
0.94,850474
0.94,849693
0.96,849398
0.96,849398
0.96,849233
0.97,848829
0.98,848607
0.98,846633
0.99,846204
1.00,846127
1.00,845253
1.00,844715
1.01,840665
1.01,839921
1.02,839119
1.02,838986
1.03,838920
1.03,838639
1.04,827864
1.05,824059
1.05,822752
1.06,822747
1.07,822558
1.08,817595
1.10,817549
1.11,817408
1.11,816883
1.12,810487
1.12,809732
1.14,809682
1.14,809305
1.15,807920
1.15,807162
1.15,804039
1.15,803357
1.17,787026
1.17,786985
1.17,786880
1.19,786025
1.20,785161
1.21,784183
1.22,783414
1.23,782485
1.24,782006
1.24,781673
1.25,781489
1.25,781130
1.26,781059
1.26,780784
1.27,779576
1.27,778276
1.33,777813
1.34,777543
1.34,777255
1.34,776648
1.36,776079
1.39,772634
1.40,768193
1.42,766465
1.48,765637
1.48,764000
1.49,752762
1.51,752160
1.51,751917
1.52,751499
1.55,751478
1.59,751140
1.61,750303
1.61,749561
1.64,749133
1.64,747710
1.65,747635
1.65,747046
1.67,744323
1.68,743856
1.69,743809
1.71,743592
1.77,743157
1.78,742740
1.79,739086
1.81,738754
1.84,737777
1.87,737046
1.88,736838
1.89,736275
1.90,735940
1.92,732832
1.93,732736
1.94,731749
1.97,731611
2.01,728280
2.03,727519
2.05,724601
2.10,723769
2.11,722265
2.16,721271
2.18,720661
2.18,710419
2.23,708118
2.23,708092
2.24,707672
2.25,707117
2.26,706036
2.26,705722
2.28,705291
2.43,704927
2.51,695141
2.56,694407
2.58,693380
2.64,693239
2.65,691928
2.70,687639
2.71,687423
2.71,686939
2.87,686821
2.87,686488
2.95,686312
3.25,685377
3.69,685333
3.71,685235
3.72,685052
3.90,684076
5.91,683874
5.91,682685
6.09,681718
6.18,681671
6.35,680680
6.83,680208
7.39,680208
27.68,678294
27.80,678232
28.06,677454
28.21,677408
28.26,676646
28.37,676496
28.38,676483
32.25,675465
32.28,674931
32.42,674680
32.42,674539
32.56,674105
32.81,673954
108.45,670955
108.67,669663
108.85,669163
