0.06,7307844
0.07,7215273
0.07,7193401
0.07,7181741
0.07,7168640
0.07,7166337
0.07,7164887
0.07,7146337
0.07,7102411
0.07,7085690
0.07,7072122
0.07,7062826
0.07,7023514
0.08,7021650
0.08,7007561
0.08,6990919
0.08,6970738
0.08,6966449
0.08,6955241
0.08,6950377
0.08,6920970
0.08,6910354
0.08,6902191
0.08,6897532
0.08,6897463
0.08,6892513
0.09,6891095
0.09,6889380
0.09,6873167
0.09,6873090
0.09,6864815
0.09,6860757
0.09,6860484
0.09,6849246
0.09,6848014
0.09,6844635
0.09,6818525
0.09,6818375
0.09,6800490
0.09,6798977
0.09,6795941
0.09,6787127
0.09,6774114
0.09,6772780
0.09,6741330
0.09,6736832
0.09,6728867
0.09,6728248
0.09,6706069
0.09,6649077
0.09,6629103
0.09,6617646
0.10,6558238
0.10,6552146
0.10,6551338
0.10,6549804
0.10,6544088
0.10,6504742
0.10,6502049
0.10,6499545
0.10,6482828
0.10,6482813
0.10,6408513
0.10,6406403
0.10,6390630
0.10,6388851
0.10,6264628
0.10,6258408
0.10,6258223
0.10,6235910
0.10,6221124
0.10,6211990
0.10,6163012
0.10,6139203
0.10,6135803
0.10,6124213
0.10,6109960
0.10,6097204
0.10,6090615
0.10,6090507
0.10,6069675
0.10,6042651
0.10,6003936
0.10,5999498
0.10,5992105
0.10,5967927
0.10,5960743
0.10,5953094
0.10,5936699
0.10,5916392
0.11,5911996
0.11,5909374
0.11,5899710
0.11,5884488
0.11,5880675
0.11,5878678
0.11,5878314
0.11,5876521
0.11,5869531
0.11,5830429
0.11,5817687
0.11,5799881
0.11,5797515
0.11,5796684
0.11,5793682
0.11,5724609
0.11,5716158
0.11,5648776
0.11,5646817
0.11,5617035
0.11,5616931
0.11,5602940
0.11,5601961
0.11,5592792
0.11,5569619
0.11,5568948
0.11,5552179
0.11,5550276
0.11,5550042
0.11,5540398
0.11,5536842
0.11,5531291
0.11,5530240
0.11,5523569
0.11,5522082
0.11,5482094
0.11,5479236
0.11,5476317
0.11,5452975
0.11,5438854
0.12,5428458
0.12,5420768
0.12,5415581
0.12,5411619
0.12,5371832
0.12,5368109
0.12,5367576
0.12,5367570
0.12,5316520
0.12,5244799
0.12,5243079
0.12,5226579
0.12,5216965
0.12,5215264
0.12,5173972
0.12,5150235
0.12,5120271
0.12,5106369
0.12,5102557
0.12,5090314
0.12,5089210
0.12,5001207
0.12,5000477
0.12,4992922
0.12,4987037
0.12,4982996
0.12,4981979
0.12,4972876
0.12,4972730
0.12,4972462
0.12,4971758
0.12,4953433
0.12,4950562
0.12,4949342
0.12,4940707
0.12,4939451
0.12,4935153
0.12,4898238
0.12,4898056
0.12,4893897
0.12,4888702
0.12,4878229
0.12,4873906
0.12,4871146
0.13,4821358
0.13,4758633
0.13,4755734
0.13,4718751
0.13,4710765
0.13,4710677
0.13,4665259
0.13,4664575
0.13,4658593
0.13,4652127
0.13,4627237
0.13,4622532
0.13,4620450
0.13,4617455
0.13,4615394
0.13,4614686
0.13,4611857
0.13,4600299
0.14,4592248
0.14,4584562
0.14,4563838
0.14,4562802
0.14,4559830
0.14,4551487
0.14,4551037
0.14,4550904
0.14,4535288
0.14,4534750
0.14,4528952
0.14,4507483
0.14,4488932
0.14,4472909
0.14,4457151
0.14,4446935
0.14,4431037
0.14,4429216
0.14,4426904
0.14,4414722
0.14,4391052
0.14,4305350
0.14,4302378
0.14,4300841
0.14,4300806
0.14,4291314
0.15,4282164
0.15,4280517
0.15,4241532
0.15,4200840
0.15,4198150
0.15,4197661
0.15,4196838
0.15,4195412
0.15,4194787
0.15,4183184
0.15,4177986
0.15,4177702
0.15,4164137
0.15,4150780
0.15,4129785
0.15,4125844
0.15,4122020
0.15,4119806
0.15,4117724
0.16,4103602
0.16,4101981
0.16,4100274
0.16,4098048
0.16,4093922
0.17,4091791
0.17,4074699
0.17,4068644
0.17,4065989
0.17,4058356
0.17,4054161
0.17,4048877
0.17,4048240
0.17,4040059
0.18,4039711
0.18,4029563
0.18,4021214
0.18,4020698
0.18,4018186
0.18,4017474
0.18,3994284
0.18,3963155
0.18,3956492
0.19,3908463
0.19,3906316
0.19,3896547
0.19,3888827
0.19,3884655
0.19,3852360
0.19,3835454
0.19,3814141
0.19,3811319
0.19,3811264
0.19,3796066
0.19,3792618
0.19,3776937
0.19,3776077
0.20,3721046
0.21,3717161
0.21,3695244
0.21,3689451
0.21,3687845
0.21,3636150
0.21,3628540
0.21,3623239
0.21,3615703
0.21,3612798
0.21,3605612
0.22,3605436
0.22,3604293
0.22,3603796
0.22,3587809
0.22,3586901
0.22,3559192
0.23,3556174
0.23,3554120
0.23,3548154
0.23,3541235
0.23,3485935
0.23,3484232
0.23,3480499
0.23,3469616
0.23,3466985
0.23,3436496
0.23,3434361
0.23,3427255
0.23,3425912
0.23,3394517
0.23,3383427
0.23,3382700
0.23,3382168
0.23,3368529
0.23,3368229
0.23,3344788
0.23,3329187
0.26,3308050
0.26,3302809
0.26,3301957
0.26,3294861
0.26,3293575
0.26,3278721
0.26,3275578
0.26,3262560
0.26,3261501
0.26,3255235
0.26,3252341
0.26,3246924
0.26,3242673
0.26,3240042
0.26,3235833
0.26,3233801
0.26,3217494
0.26,3200390
0.26,3165549
0.26,3163995
0.26,3148330
0.26,3129154
0.26,3125794
0.26,3076608
0.26,3075408
0.26,3074234
0.27,3074194
0.27,3074134
0.27,3067680
0.27,3066940
0.27,3036168
0.27,3030119
0.27,3021324
0.27,3021306
0.27,3021122
0.27,3010328
0.28,3001642
0.28,2999695
0.28,2985206
0.28,2965215
0.28,2962017
0.32,2959417
0.32,2959399
0.32,2954852
0.32,2926050
0.32,2924486
0.32,2924445
0.32,2923966
0.32,2916776
0.32,2911832
0.32,2911619
0.32,2910550
0.32,2903212
0.32,2898590
0.33,2898568
0.33,2894875
0.33,2889500
0.35,2881381
0.35,2880610
0.35,2877462
0.35,2871224
0.35,2871009
0.39,2870881
0.39,2870501
0.39,2855771
0.39,2848036
0.39,2840405
0.39,2839581
0.39,2817763
0.39,2814149
0.39,2811783
0.39,2811635
0.39,2806523
0.39,2803503
0.39,2794427
0.44,2792599
0.44,2790889
0.44,2790871
0.51,2786777
0.51,2781415
0.51,2776629
0.51,2775813
0.51,2773784
0.51,2772674
0.52,2762135
0.52,2760843
0.52,2755841
0.52,2753788
0.52,2747025
0.52,2746743
0.52,2737381
0.52,2733919
0.52,2733699
0.52,2726591
0.52,2725078
0.52,2722530
0.52,2716385
0.52,2705420
0.52,2702620
0.52,2693889
0.52,2686714
0.52,2682554
0.52,2677363
0.52,2660528
0.52,2657243
0.52,2654099
0.52,2645245
0.52,2642008
0.52,2633956
0.52,2627921
0.52,2627876
0.52,2627717
0.52,2625627
0.52,2617526
0.52,2610281
0.52,2589537
0.52,2588637
0.52,2584928
0.52,2584560
0.52,2570165
0.52,2564454
0.53,2552576
1.04,2548528
1.05,2541361
1.05,2538106
1.05,2537425
1.05,2530962
1.05,2530752
1.05,2530604
1.05,2504658
1.05,2501152
1.05,2494224
1.05,2486187
1.05,2477680
1.05,2475824
1.05,2474509
1.05,2472030
1.17,2468897
1.17,2468736
1.17,2463209
1.17,2457832
1.17,2452482
1.17,2432566
1.17,2424881
1.17,2419707
1.17,2413076
1.17,2401678
1.17,2399983
1.17,2397272
1.17,2396527
1.17,2393077
1.17,2387757
1.17,2386062
1.17,2385836
1.17,2380192
1.17,2373076
1.17,2368541
1.44,2366045
1.44,2364284
1.44,2361487
1.44,2359105
1.44,2355329
1.44,2321358
1.44,2315632
1.44,2313364
2.14,2298966
2.14,2298080
2.14,2298015
2.14,2292473
2.14,2289703
2.14,2282282
2.14,2269783
2.14,2269076
2.14,2254929
2.14,2248146
2.15,2244770
2.15,2233699
2.77,2220587
2.77,2219007
2.77,2218931
2.77,2213471
2.77,2209113
2.77,2206195
2.77,2195145
2.77,2192950
2.77,2190175
2.78,2183842
2.78,2171341
2.78,2170760
3.13,2170661
3.13,2163172
3.13,2156207
3.13,2154571
3.13,2153541
3.13,2150326
3.13,2148147
3.13,2147857
3.13,2142084
3.13,2137868
3.13,2136939
4.20,2129257
4.91,2126473
4.91,2101164
5.25,2096305
5.25,2077199
5.25,2076536
5.26,2072202
5.26,2072137
5.26,2066463
5.26,2064094
5.26,2058581
5.26,2058547
5.26,2058418
5.26,2058202
5.26,2057581
5.26,2056005
5.26,2015246
5.26,2014644
6.89,2013255
6.89,2010416
6.89,2008163
6.89,2001774
6.89,1993500
6.89,1990146
6.89,1984792
6.89,1983209
6.92,1981952
6.92,1978502
6.92,1977149
6.94,1974883
6.94,1974860
6.94,1970729
6.96,1970522
7.05,1964044
7.05,1959439
7.05,1956033
7.05,1955485
7.10,1946124
7.10,1945229
7.19,1921725
7.80,1921232
7.80,1920985
7.80,1920513
7.80,1916932
7.80,1916808
7.80,1913569
7.80,1912811
7.80,1912803
7.80,1908072
7.80,1903351
7.80,1902063
7.80,1900423
7.80,1884066
7.80,1883040
7.80,1878362
7.80,1871997
7.80,1868463
7.80,1865020
7.80,1864216
7.80,1847067
7.80,1838673
7.80,1830418
7.80,1825501
7.80,1814307
7.80,1809616
7.80,1794450
10.77,1792700
10.77,1792652
10.77,1786433
10.77,1783405
10.77,1782878
10.77,1772860
10.77,1772338
10.77,1763022
10.77,1760932
10.77,1759575
11.49,1759083
11.49,1758571
11.49,1756070
11.49,1755204
11.49,1755049
11.49,1753220
11.49,1753159
11.49,1753094
11.49,1752472
11.49,1749947
11.49,1744789
11.49,1742364
11.49,1741796
11.68,1739427
12.32,1738310
12.32,1732437
12.32,1722902
12.32,1722070
12.33,1720604
12.33,1720455
12.33,1720356
12.33,1709062
12.33,1708628
12.34,1703256
12.34,1698559
12.34,1696692
12.34,1695070
12.34,1691225
12.34,1687025
12.34,1684085
12.34,1673339
12.34,1670735
12.34,1668978
12.34,1665743
12.34,1660097
12.34,1659554
12.34,1658642
12.34,1658327
12.34,1651509
12.34,1647283
12.34,1639063
12.34,1634305
12.34,1634063
12.34,1633776
12.34,1633360
12.34,1627354
12.34,1624714
12.34,1623674
12.34,1623576
12.35,1622558
12.35,1618201
12.35,1616149
12.35,1610147
12.36,1606129
12.36,1604967
12.44,1602797
12.44,1599386
15.30,1595724
15.30,1593475
15.30,1591427
15.30,1584243
15.30,1579477
15.30,1576826
15.32,1572755
15.33,1563371
15.34,1557674
15.34,1551486
15.35,1545156
15.35,1542736
15.35,1536409
15.35,1533637
15.35,1533406
15.35,1530659
16.29,1528672
16.29,1524959
16.29,1524130
16.29,1522254
16.29,1521510
16.29,1517451
16.29,1517223
16.30,1516934
16.30,1515275
16.30,1514564
16.30,1514392
16.30,1509512
16.30,1508322
16.30,1506182
16.30,1501841
16.30,1501452
16.30,1496406
16.30,1489539
16.31,1477072
16.31,1476294
16.31,1475977
16.31,1473144
16.31,1472975
17.62,1472911
17.63,1469836
17.63,1469345
17.63,1468724
17.63,1455379
17.63,1454864
17.63,1447419
17.64,1442682
17.92,1423034
17.92,1417737
17.92,1414313
17.92,1413051
17.92,1405171
17.92,1404902
17.92,1403669
17.92,1401834
17.92,1401182
17.92,1395685
17.92,1390179
17.92,1389855
17.92,1389143
17.92,1385866
17.92,1379585
18.53,1371982
18.53,1371154
18.53,1367773
18.53,1365503
18.53,1362348
18.53,1362280
18.53,1359716
18.53,1358265
18.53,1358188
18.53,1358073
18.54,1357765
20.03,1354768
20.03,1351983
20.03,1351344
20.03,1345934
20.03,1345379
20.03,1344260
20.44,1342609
20.44,1341900
20.44,1339819
20.44,1336709
20.44,1336654
20.44,1335710
20.44,1334606
20.44,1334328
20.44,1329269
20.44,1325262
20.45,1322819
20.45,1322091
20.45,1313124
20.46,1311329
20.47,1310921
20.47,1308283
20.47,1308181
20.55,1307873
20.55,1306190
20.55,1299131
21.08,1297511
21.15,1286452
21.15,1282788
21.15,1278651
21.15,1278361
21.60,1277387
21.60,1275042
21.60,1274905
21.60,1274502
21.64,1272854
21.64,1271799
21.64,1271655
21.64,1269504
21.64,1268884
21.64,1265301
22.05,1262746
22.05,1262127
22.05,1256899
22.05,1246739
22.05,1241219
22.61,1232817
22.61,1231260
22.61,1231067
22.62,1224785
22.62,1224046
22.62,1223672
22.62,1220853
22.62,1220590
22.62,1219295
23.86,1215868
23.86,1212087
23.86,1211536
23.86,1210030
23.87,1206882
23.87,1204121
23.87,1203327
25.14,1198319
25.14,1196768
25.14,1193223
25.14,1183566
25.14,1183225
25.14,1183093
25.14,1176638
25.72,1175870
25.72,1171935
25.72,1161876
25.92,1161248
25.95,1161176
25.96,1156377
25.96,1155059
25.96,1154448
25.96,1148402
25.96,1143370
25.96,1141456
25.96,1140394
25.96,1139184
25.96,1138126
25.96,1138053
25.96,1136245
25.96,1136091
25.96,1133963
25.96,1132712
25.96,1131688
25.96,1126696
25.96,1125512
25.96,1125179
25.97,1125164
25.97,1125043
25.97,1122629
25.97,1117405
25.97,1117228
25.97,1116554
27.18,1114001
27.18,1112528
27.20,1110398
27.20,1107618
27.20,1107045
27.20,1106541
27.20,1104567
27.20,1104369
27.20,1102176
27.21,1101557
27.21,1100941
27.22,1099891
27.23,1098897
27.23,1097625
27.23,1092462
27.23,1092301
27.23,1091481
27.23,1086924
27.24,1086363
27.24,1086261
27.24,1085740
27.24,1075247
27.24,1075159
28.18,1074509
28.18,1072129
28.19,1071058
28.19,1070281
28.19,1070121
28.19,1068896
28.19,1067055
28.28,1063453
28.28,1063260
28.29,1056884
28.29,1055900
28.29,1052562
28.29,1052415
28.29,1049553
28.29,1047809
28.29,1046850
28.29,1044198
28.30,1043961
28.30,1043943
28.30,1043235
28.30,1038672
29.32,1037857
29.32,1037724
29.33,1037684
29.33,1036004
29.53,1035800
31.19,1035759
31.19,1035621
31.19,1033228
31.19,1033189
31.19,1031930
31.19,1029774
31.23,1029081
31.23,1029075
31.23,1028598
31.23,1027716
31.23,1027178
31.23,1023050
31.24,1022322
31.24,1017821
31.24,1016020
32.31,1014577
32.31,1013591
32.31,1012526
32.32,1011285
32.32,1010420
32.32,1004541
32.32,1002060
32.32,1001358
32.32,996929
32.33,995523
32.78,994385
32.78,993253
33.13,993110
33.13,987987
33.16,987538
33.16,985150
33.17,981417
33.17,976998
33.18,976609
33.19,974648
33.19,974017
33.19,972877
33.28,972208
33.28,972140
33.28,971172
33.29,970995
33.29,970512
33.29,969273
33.30,967831
33.30,965623
33.30,965245
33.30,962439
33.34,961938
33.34,961919
33.34,961796
33.34,961377
33.34,960402
33.34,957915
33.34,957312
33.34,954833
33.34,951633
33.34,950422
33.35,948075
33.35,946305
33.35,945768
33.35,943145
33.35,942843
33.35,940470
33.35,940426
33.36,938175
33.37,936109
33.37,935447
33.37,933066
33.37,931854
33.38,930910
33.38,930642
33.38,930616
33.38,930152
33.38,930083
33.38,929844
33.38,929802
33.39,926396
33.39,926062
33.39,925684
33.39,925481
33.39,924741
33.39,923145
33.39,921725
33.39,921712
33.39,921441
33.39,919485
33.39,918343
33.39,917515
33.39,914464
33.39,914383
33.39,911839
33.39,911374
33.40,907042
33.40,903487
33.40,901580
33.40,899612
33.40,899515
33.40,898723
33.40,897423
35.54,895393
35.54,894327
35.54,886062
35.54,884990
36.83,884935
36.84,884154
36.84,883751
37.13,879274
37.19,876940
37.19,876370
37.24,876149
37.24,875369
37.24,875364
37.24,875233
37.25,874519
37.29,873462
37.29,871965
37.29,871560
37.29,871342
37.30,868333
37.30,867969
37.30,866776
37.30,866473
37.48,865700
37.48,865593
37.48,863185
37.88,861931
37.88,860650
37.89,860304
37.89,858739
37.89,856066
37.89,853132
37.89,850672
37.89,848998
37.89,848127
37.90,848029
38.27,845823
38.27,843944
38.81,842123
38.81,839215
38.81,839080
38.81,837886
38.81,835589
38.81,834945
38.81,832674
38.81,830829
38.82,830824
38.82,830591
38.82,830533
38.82,828467
38.82,825880
38.82,823637
38.82,822945
38.82,822942
38.82,820279
38.82,818237
38.83,817612
38.83,817102
38.83,816542
38.83,815639
38.83,814473
38.83,813795
40.37,813612
40.37,813104
40.37,812949
40.46,812470
40.46,812064
40.46,811024
40.46,810329
40.47,807115
41.37,805896
41.37,803901
41.37,802320
41.37,801821
41.37,801821
41.39,801580
42.61,801282
42.61,799651
42.61,796853
42.61,796025
42.63,795196
42.65,794936
42.65,794125
42.65,793628
42.65,793577
42.65,792610
42.65,791569
42.65,788936
43.16,788292
43.16,787115
43.17,786846
43.98,783793
43.98,782198
43.98,779667
44.10,779099
44.10,778200
44.10,775980
44.11,774151
44.11,774115
44.77,772395
44.77,771953
44.77,771210
44.77,770719
44.79,770206
44.79,764737
44.84,762655
44.84,760622
44.84,760344
44.84,759837
44.85,759345
44.85,759229
44.85,757291
45.95,757081
47.29,756862
47.29,756795
47.60,756511
47.74,756459
47.74,756272
47.77,755659
47.77,755380
47.77,754131
48.30,754055
48.30,753040
48.30,752909
48.31,751350
48.31,749688
48.32,748630
48.32,747364
48.32,747040
48.60,745217
48.60,744803
49.23,743940
49.24,743743
49.24,742930
49.31,742466
49.32,742426
49.33,741797
49.33,740395
49.87,740338
49.87,739039
49.93,736510
49.94,735481
50.13,735353
50.13,735345
50.57,734122
50.63,733215
50.64,732402
50.64,732366
50.64,730730
50.64,730515
50.65,730446
50.66,730280
50.66,729963
50.66,729875
50.67,729844
50.67,727789
50.67,725780
50.67,724291
50.67,724262
50.72,723732
50.72,723679
50.72,723358
50.72,723031
51.10,722174
51.10,720410
51.23,719571
51.23,717100
51.24,716074
51.24,715470
51.24,715424
51.24,715165
51.24,714658
51.24,713345
51.25,712710
51.25,712681
51.25,712520
51.25,711285
51.26,711106
51.29,709416
53.32,708979
53.32,708237
53.32,707410
53.33,706218
53.33,705666
54.40,705141
55.55,704077
55.55,703427
55.55,702951
55.57,702718
55.57,702617
55.57,702474
56.56,702436
56.56,702135
56.56,702100
56.59,701836
57.51,701405
57.52,700629
57.52,700119
57.53,700096
57.53,699717
57.62,699709
57.62,699709
57.81,699472
57.83,698709
57.94,698251
57.96,698166
57.96,697909
57.97,696259
57.97,694150
58.09,693601
58.10,693436
58.10,692869
58.10,692857
58.11,692481
58.14,692452
58.17,692243
58.17,691972
58.17,691803
58.18,691793
58.18,691543
58.33,691209
58.34,690761
58.34,690326
58.34,690215
58.35,689796
58.35,688266
58.36,687247
58.37,687076
58.38,687026
58.38,686972
58.44,685174
60.05,685160
60.11,684995
60.13,684813
60.24,684768
60.65,684522
60.65,684076
60.67,683918
60.68,683147
60.69,683049
60.69,682693
60.69,682463
60.83,682449
60.94,682330
60.96,682057
60.96,681184
60.99,681156
61.00,680391
61.07,680175
61.10,680035
61.11,679654
61.11,679373
61.11,679218
61.15,678790
61.20,678747
61.30,677611
61.31,677360
61.33,676973
61.33,676951
61.36,675921
61.47,675819
61.71,675787
61.72,675080
61.72,675001
61.72,674255
61.77,673350
61.78,672171
61.88,671440
65.23,671427
65.23,670434
65.66,670204
65.74,669539
65.76,669042
66.34,668540
66.34,668534
66.36,667821
66.40,667697
66.43,667517
72.65,667236
72.74,667228
72.75,667052
72.80,666864
72.85,666184
72.91,666026
72.96,666006
73.07,665485
73.12,665469
73.15,665008
73.16,664947
73.19,664775
73.21,664629
73.23,664413
73.23,664125
73.57,664015
75.53,663814
75.58,663576
75.61,663515
79.34,663067
79.35,662807
79.39,662785
79.64,662762
79.67,662728
79.79,662621
79.83,662449
80.50,662383
87.36,662274
87.39,662213
91.49,662105
91.53,661978
91.72,661945
91.93,661924
97.31,661902
