0.06,7303814
0.07,7290428
0.07,7283539
0.07,7281746
0.07,7271137
0.07,7264025
0.07,7262230
0.08,7246348
0.08,7232317
0.08,7232194
0.08,7212548
0.08,7185634
0.08,7144936
0.08,7140580
0.08,7132254
0.08,7107485
0.08,7095039
0.08,7092313
0.08,7075256
0.08,7048830
0.09,7026030
0.09,7025226
0.09,7022167
0.09,7008367
0.09,6993225
0.09,6958135
0.09,6931191
0.09,6929488
0.09,6925180
0.09,6801513
0.09,6744557
0.09,6730734
0.09,6690082
0.09,6672862
0.09,6663809
0.09,6643982
0.09,6623670
0.09,6622942
0.09,6622398
0.09,6600914
0.09,6597379
0.09,6597285
0.09,6574689
0.09,6567182
0.09,6566213
0.09,6561076
0.09,6554543
0.09,6527401
0.09,6501609
0.09,6478270
0.09,6465984
0.10,6457609
0.10,6451735
0.10,6446057
0.10,6443869
0.10,6433950
0.10,6432750
0.10,6430937
0.10,6429248
0.10,6428954
0.10,6424159
0.10,6421119
0.10,6413073
0.10,6404448
0.10,6354281
0.10,6353589
0.10,6351790
0.10,6350780
0.10,6350185
0.10,6341972
0.10,6327637
0.10,6319967
0.10,6301388
0.10,6258660
0.10,6258349
0.10,6254202
0.10,6240805
0.10,6227560
0.10,6200338
0.10,6198399
0.10,6137480
0.10,6137228
0.10,6024740
0.10,6000255
0.10,5999918
0.10,5979168
0.10,5947544
0.10,5923182
0.11,5916911
0.11,5915746
0.11,5869143
0.11,5858639
0.11,5842711
0.11,5833376
0.11,5832652
0.11,5817136
0.11,5813514
0.11,5811499
0.11,5811478
0.11,5803411
0.11,5803360
0.11,5779073
0.11,5758027
0.11,5756964
0.11,5750670
0.11,5744662
0.11,5732874
0.12,5707449
0.12,5697262
0.12,5691146
0.12,5689332
0.12,5685627
0.12,5682962
0.12,5675292
0.12,5674723
0.12,5663981
0.12,5663843
0.12,5651847
0.12,5648308
0.12,5643484
0.12,5639227
0.12,5631141
0.12,5573340
0.12,5539739
0.12,5528750
0.12,5506561
0.12,5423540
0.12,5422942
0.12,5422731
0.12,5412611
0.12,5386546
0.12,5291779
0.12,5287068
0.12,5280331
0.12,5273374
0.12,5251051
0.12,5248141
0.12,5245103
0.12,5216229
0.12,5212982
0.12,5210118
0.12,5209758
0.12,5206170
0.12,5189982
0.12,5188815
0.12,5184423
0.12,5096988
0.12,5092638
0.12,5064197
0.12,5058384
0.12,5043159
0.12,5026985
0.12,4997061
0.12,4996979
0.13,4995315
0.13,4944106
0.13,4943508
0.13,4943276
0.13,4942622
0.13,4929014
0.13,4928964
0.13,4926860
0.13,4924761
0.13,4923386
0.13,4920505
0.13,4913161
0.13,4906647
0.13,4901169
0.13,4898195
0.13,4897790
0.13,4896867
0.13,4890769
0.13,4834250
0.13,4830418
0.13,4811510
0.13,4804052
0.13,4803496
0.13,4798545
0.13,4795665
0.13,4795203
0.13,4785296
0.13,4784299
0.13,4776530
0.13,4733017
0.13,4732762
0.13,4725634
0.13,4724643
0.13,4709739
0.13,4704912
0.13,4704294
0.13,4701111
0.13,4676028
0.14,4646656
0.14,4630374
0.14,4608997
0.14,4602761
0.14,4597596
0.14,4589013
0.14,4572349
0.14,4568328
0.14,4567852
0.14,4563247
0.14,4559067
0.14,4548877
0.14,4533226
0.14,4528602
0.14,4522470
0.14,4519506
0.14,4498809
0.14,4497678
0.14,4489473
0.14,4489181
0.14,4478002
0.14,4477168
0.14,4398200
0.14,4395977
0.14,4394537
0.14,4392428
0.14,4392075
0.15,4376305
0.15,4370994
0.15,4359254
0.15,4355736
0.15,4346231
0.15,4344958
0.15,4341747
0.15,4328552
0.15,4325083
0.15,4323218
0.15,4321531
0.15,4320185
0.15,4315350
0.15,4281764
0.15,4271503
0.15,4264218
0.15,4241995
0.15,4227580
0.15,4226449
0.15,4225984
0.15,4222304
0.15,4200707
0.15,4172616
0.15,4167396
0.15,4165064
0.15,4164416
0.16,4161417
0.16,4136309
0.16,4133025
0.16,4132527
0.16,4130328
0.16,4112479
0.16,4112114
0.16,4111482
0.16,4110739
0.16,4106781
0.16,4101035
0.16,4098270
0.16,4092210
0.16,4088225
0.16,4088205
0.16,4078140
0.16,4072686
0.16,4071217
0.16,4054793
0.16,4048751
0.16,4042255
0.16,4030322
0.16,4017767
0.16,4016319
0.16,3971433
0.16,3963638
0.16,3956163
0.16,3953543
0.16,3953497
0.16,3950528
0.16,3950416
0.16,3945923
0.16,3941097
0.16,3923455
0.16,3916998
0.16,3911912
0.16,3887272
0.16,3863950
0.17,3862170
0.17,3823812
0.17,3817627
0.17,3817311
0.17,3811506
0.17,3804127
0.17,3795383
0.17,3794024
0.17,3793201
0.17,3789999
0.17,3785126
0.17,3781626
0.17,3778641
0.17,3762757
0.17,3760360
0.17,3750384
0.17,3744957
0.17,3744617
0.17,3742795
0.17,3736722
0.17,3731639
0.17,3723557
0.18,3717629
0.18,3706812
0.18,3706683
0.18,3706517
0.18,3670528
0.18,3661330
0.18,3659798
0.20,3658727
0.20,3650041
0.20,3649960
0.20,3642192
0.20,3642058
0.20,3638604
0.20,3625765
0.20,3620458
0.20,3620030
0.20,3616085
0.20,3613356
0.20,3604365
0.20,3604033
0.21,3581533
0.21,3576867
0.21,3575434
0.21,3556900
0.21,3555697
0.21,3555502
0.21,3555055
0.21,3550099
0.21,3502047
0.21,3491589
0.21,3485586
0.21,3481605
0.21,3470986
0.21,3470748
0.21,3467991
0.22,3466445
0.22,3466273
0.22,3398853
0.22,3380551
0.22,3379968
0.22,3376305
0.22,3370300
0.22,3359302
0.22,3353606
0.22,3348259
0.22,3345392
0.22,3302900
0.23,3301046
0.23,3300445
0.23,3291673
0.24,3286765
0.24,3285916
0.24,3274330
0.24,3271829
0.24,3270131
0.24,3269525
0.24,3262242
0.24,3257134
0.24,3240597
0.24,3221794
0.24,3220412
0.24,3215626
0.24,3197184
0.24,3191437
0.24,3190719
0.24,3190281
0.24,3175348
0.24,3173283
0.24,3167609
0.24,3159246
0.24,3157859
0.24,3151809
0.24,3148159
0.24,3147416
0.24,3146334
0.24,3144693
0.24,3123751
0.24,3115662
0.25,3083655
0.25,3079426
0.25,3077320
0.25,3077183
0.25,3075425
0.25,3000623
0.25,2995064
0.25,2991448
0.25,2989511
0.25,2988764
0.25,2982677
0.25,2981778
0.25,2967913
0.25,2966989
0.25,2963291
0.25,2940376
0.25,2933023
0.26,2930429
0.26,2926198
0.26,2924154
0.26,2923538
0.26,2913074
0.26,2913068
0.26,2898457
0.26,2871411
0.26,2852207
0.26,2845540
0.26,2833958
0.26,2833538
0.26,2830874
0.26,2830299
0.26,2822286
0.26,2822059
0.26,2821188
0.26,2805260
0.26,2803984
0.26,2782875
0.26,2779924
0.44,2776089
0.44,2774374
0.44,2765965
0.44,2756105
0.44,2753024
0.44,2751106
0.44,2745886
0.45,2737945
0.45,2737533
0.45,2737195
0.45,2736975
0.45,2735739
0.45,2733255
0.45,2727555
0.45,2727470
0.45,2726939
0.45,2717098
0.45,2716772
0.45,2709019
0.45,2708989
0.45,2708810
0.46,2695952
0.46,2692683
0.46,2682875
0.46,2681908
0.46,2680548
0.46,2666781
0.46,2655322
0.46,2642631
0.46,2637815
0.46,2637765
0.51,2631740
0.51,2629345
0.51,2623731
0.52,2622414
0.54,2619423
0.54,2617510
0.54,2616207
0.54,2615041
0.54,2611885
0.54,2601584
0.54,2597548
0.54,2592046
0.54,2587673
0.55,2585867
0.55,2585137
0.55,2578546
0.55,2576356
0.55,2534940
0.55,2534864
0.98,2522272
0.98,2518089
0.98,2515578
0.98,2513541
0.98,2498580
0.98,2481423
0.98,2468217
0.98,2466397
0.98,2463256
0.99,2460221
0.99,2454004
1.34,2452731
1.35,2447777
1.35,2444567
1.35,2443646
1.37,2443111
1.37,2419924
1.37,2414648
1.37,2414498
1.37,2413108
1.37,2396178
1.37,2395842
1.37,2392900
1.37,2384894
1.37,2366420
1.37,2362225
1.37,2360917
1.37,2359575
1.37,2355114
1.37,2352513
1.37,2350922
1.37,2349073
1.37,2344938
1.37,2340427
1.37,2337132
1.37,2323357
1.37,2322707
1.37,2310516
1.37,2305080
1.37,2304646
1.37,2304624
1.46,2303686
1.46,2303626
1.46,2298001
1.47,2295171
1.47,2293609
1.47,2290193
1.47,2283026
1.47,2278370
1.47,2273438
1.47,2271090
1.47,2265897
1.47,2265751
1.47,2263385
1.47,2241237
1.47,2239121
1.47,2238602
1.47,2235473
1.47,2200021
1.48,2197499
1.48,2196669
1.48,2193582
1.48,2190506
1.48,2188405
3.45,2186198
3.45,2182694
3.45,2163547
3.45,2161836
3.45,2159070
3.45,2152091
3.45,2148488
3.45,2147240
3.45,2146890
3.46,2146237
3.46,2145709
3.61,2137158
3.61,2135488
3.61,2135048
3.61,2133552
3.62,2133119
3.62,2130254
3.62,2129549
3.62,2125498
3.62,2122034
3.62,2118334
3.62,2105614
3.62,2104837
3.62,2103002
3.62,2096462
3.62,2090985
3.62,2079365
3.62,2075173
3.62,2075017
3.62,2068196
4.78,2063971
6.68,2059284
6.68,2057783
6.68,2049883
6.78,2045545
6.78,2042030
6.78,2035618
6.78,2029350
6.78,2029226
6.78,2028744
6.78,2028657
6.79,2010847
6.79,2008367
6.79,1998030
6.79,1991181
6.79,1971416
7.17,1947281
7.17,1942812
7.17,1939758
7.74,1939595
7.74,1938719
7.74,1936382
7.74,1935508
7.74,1933317
7.74,1932890
7.74,1930518
7.74,1929416
7.74,1928300
8.57,1923077
8.57,1922095
8.57,1920270
8.57,1903050
8.57,1901926
8.57,1897720
8.57,1897595
8.57,1895337
8.57,1883306
8.57,1865259
8.58,1862217
8.58,1858175
8.58,1854039
8.58,1851590
9.26,1846097
9.26,1844700
9.26,1838060
9.26,1827576
9.26,1817597
9.26,1816356
9.26,1814733
9.26,1811317
9.26,1809255
9.26,1809250
9.26,1804162
9.26,1802141
9.26,1801132
9.27,1795660
9.27,1793390
9.27,1791308
9.27,1791116
9.27,1790183
9.85,1789823
9.85,1789314
9.85,1785537
9.85,1783377
9.85,1778817
9.85,1775934
9.85,1773079
9.85,1768041
9.85,1764470
9.85,1763893
9.86,1763385
9.86,1756899
9.86,1745489
9.86,1742964
11.83,1732616
11.83,1725853
11.83,1717868
11.83,1715957
11.83,1714940
11.83,1714498
11.83,1713603
11.83,1711348
11.83,1707619
11.83,1703615
11.83,1702082
11.83,1701395
11.83,1700020
11.83,1699221
11.83,1698793
11.83,1696962
11.83,1664873
11.84,1658759
12.44,1658583
12.71,1647596
12.71,1645126
12.71,1627443
12.71,1625869
12.71,1619544
12.71,1618048
12.72,1617980
12.72,1594663
12.72,1588078
12.72,1577431
13.63,1575658
13.64,1568250
13.65,1566624
13.65,1564580
13.65,1560138
13.65,1557007
13.65,1547736
15.34,1546079
15.34,1536678
16.85,1535779
16.86,1528562
16.86,1526745
16.86,1520036
16.86,1511248
16.86,1507366
16.90,1506929
16.90,1498358
16.90,1492341
16.90,1489539
16.90,1487787
16.90,1482828
17.83,1479154
18.60,1469043
18.60,1467921
18.61,1466760
18.62,1466505
18.73,1463372
18.73,1455689
18.73,1454975
18.73,1452410
18.73,1452019
18.74,1451366
18.74,1448995
18.74,1448212
18.74,1444969
18.74,1438393
18.74,1437442
18.74,1435198
18.74,1435084
18.74,1433076
18.81,1423727
18.81,1420049
18.81,1416978
18.81,1409785
18.81,1406451
18.86,1402746
18.86,1402551
19.01,1398670
19.01,1398426
19.01,1396916
19.01,1396316
19.01,1394507
19.01,1394399
19.01,1391706
19.45,1391485
19.45,1390259
19.45,1384013
19.45,1382395
19.45,1380441
19.45,1379952
19.45,1374110
19.45,1361456
19.46,1347321
19.46,1343641
19.46,1337972
19.70,1333213
20.65,1329081
21.09,1324865
21.09,1322864
21.09,1322435
21.09,1320548
21.09,1317667
21.09,1317064
21.10,1313194
21.10,1304319
21.10,1299228
21.10,1296052
21.11,1292964
21.11,1281338
21.11,1278840
21.11,1274183
21.13,1272685
21.25,1269053
21.25,1268729
21.25,1265800
21.25,1261806
21.25,1255705
21.25,1250312
21.25,1248912
21.25,1241717
21.25,1240906
21.26,1238119
21.26,1236900
21.26,1235854
21.26,1235124
21.26,1234413
21.26,1234158
21.31,1233526
21.31,1232903
21.31,1232746
21.31,1231851
21.31,1231742
21.31,1226396
21.31,1222936
21.31,1220396
21.31,1215778
25.52,1212009
25.52,1211318
25.52,1210393
25.52,1191954
25.52,1185774
25.52,1182110
25.52,1181892
25.52,1181162
25.52,1181095
25.52,1180439
25.52,1177968
25.53,1174180
25.95,1170083
25.96,1165190
25.97,1160976
25.97,1154191
25.97,1152926
25.97,1151747
25.97,1149458
25.97,1149204
25.97,1146873
25.97,1143680
25.97,1142437
25.98,1141087
25.99,1136208
25.99,1135480
25.99,1132325
26.01,1127444
26.01,1127384
26.01,1127203
26.01,1126372
26.01,1124019
26.01,1121041
26.15,1121007
26.62,1118914
26.62,1114113
26.63,1112685
26.63,1112505
26.65,1107673
26.65,1105664
26.65,1103803
26.66,1103128
26.66,1102735
26.66,1098391
26.66,1098181
26.66,1095513
26.66,1094621
27.66,1091218
27.66,1090971
27.66,1090869
27.66,1085151
27.66,1085084
27.66,1079180
28.10,1078794
28.10,1078723
28.10,1077513
28.10,1077232
28.10,1075515
28.11,1075265
28.11,1073676
28.11,1073084
28.11,1072773
28.11,1070303
28.45,1069555
28.45,1067163
28.45,1065819
28.45,1059994
28.45,1056845
28.90,1055265
28.90,1054136
28.90,1053915
28.90,1053796
28.91,1052423
28.92,1045370
28.92,1045341
28.92,1040490
28.93,1039425
28.93,1037706
28.93,1036688
29.79,1030575
29.79,1028453
29.79,1028276
29.92,1027647
29.92,1026647
29.92,1025408
29.93,1014434
29.93,1013933
29.93,1013807
29.93,1013477
29.93,1012714
29.93,1012588
30.52,1009057
30.61,1005941
30.61,1005152
30.61,1004726
30.67,1004398
30.67,1004352
30.67,1003345
30.67,1000593
30.74,999551
30.75,999369
30.75,996411
30.75,993432
30.75,993226
30.75,991861
30.75,991651
30.75,991639
30.76,988349
30.79,987297
30.79,986037
30.79,985173
30.81,983914
30.81,982340
30.81,981411
30.81,980027
30.81,978136
30.81,975055
30.81,973400
32.63,973357
32.63,970976
32.63,970657
32.63,969149
32.63,969147
32.63,969002
32.63,967743
32.63,967094
32.63,962788
32.63,961298
32.63,959274
32.63,959112
32.69,954232
34.28,953313
34.28,951487
34.28,949470
34.28,948670
34.28,948668
34.34,946147
34.34,943548
34.35,942882
34.35,941988
34.35,940881
34.35,936724
34.35,935887
34.37,933054
34.37,932736
34.37,931430
34.44,930378
34.62,926342
34.62,926040
34.62,924500
34.62,923492
34.63,920714
34.63,917349
34.94,917180
34.94,916693
34.94,916043
34.94,916008
34.94,915061
34.94,912416
35.11,912389
35.11,911350
35.11,910310
35.11,906603
35.11,905043
35.11,904102
35.12,897351
35.12,896829
35.12,895191
36.37,894333
36.37,892688
36.37,891008
36.37,890791
36.37,890272
36.38,889296
36.38,887689
36.38,886397
36.38,883179
36.39,882118
36.39,881647
36.40,881410
36.40,881099
37.30,878574
37.30,878175
37.55,877827
37.55,877575
37.55,877267
37.67,874400
37.68,873862
37.68,872390
37.68,870021
37.68,868025
37.71,867970
37.71,867655
37.71,865223
37.72,864370
37.72,863559
37.72,863511
37.72,862944
37.97,862734
38.15,862308
38.15,862267
38.15,861218
38.15,858433
38.16,857301
38.16,857283
38.16,855541
38.16,854864
38.17,854182
38.17,853901
38.17,853742
38.17,851714
38.17,850521
38.17,848864
38.17,843461
38.18,840903
38.18,839860
40.44,838824
40.44,837872
40.44,836120
41.44,835891
41.45,834853
41.45,834157
41.45,833985
41.46,833408
41.69,832414
41.70,831755
41.88,830594
41.88,830544
41.98,829114
41.98,827087
41.98,825683
41.98,820945
41.98,819704
41.98,816305
41.98,815410
41.98,814421
41.98,812972
41.98,812804
41.98,812359
41.99,811749
41.99,811025
42.80,810817
42.80,810737
42.81,809144
42.81,808970
42.81,807689
42.81,806408
42.81,805607
42.81,805311
42.81,804667
42.81,804377
42.81,803425
42.81,803030
42.81,802205
42.81,801503
42.81,799386
42.81,799380
42.82,798372
42.82,798139
42.83,798067
42.83,797699
42.83,794665
42.84,794167
42.84,792896
42.84,791013
42.84,790623
42.84,790204
42.84,790136
42.84,789435
42.85,789156
42.85,786180
42.86,784100
42.86,784034
42.86,783972
43.65,783314
43.65,783313
43.65,780742
43.65,778462
43.65,778084
44.95,777577
44.95,775421
44.95,774641
44.95,774449
44.96,773459
45.00,772833
45.00,772646
45.00,772430
45.01,771618
45.07,769589
45.10,768823
45.10,768199
45.11,767431
45.11,766619
45.11,766534
45.11,766256
45.11,766238
45.22,766111
45.22,764370
45.83,763996
45.83,763551
45.83,763487
45.83,763183
45.85,762595
45.85,762031
45.85,761505
45.85,760988
45.86,759353
45.86,758962
46.23,758552
46.23,758129
46.37,757480
46.37,756085
46.37,755850
46.37,752910
46.38,751470
46.40,751396
46.40,751389
46.40,750974
47.02,749263
47.03,748670
47.03,748515
47.03,748188
47.08,747811
47.08,747606
47.99,747478
48.22,746365
48.23,746165
48.23,744891
48.23,742485
48.24,740996
48.24,740886
49.79,740459
49.79,740324
49.79,739554
49.80,739311
49.80,739176
49.80,738720
49.95,738446
50.01,737570
50.57,735431
50.57,734790
50.60,733248
50.60,732255
50.60,732089
50.60,732020
50.60,731744
50.60,731691
50.61,731679
50.78,731309
50.79,730869
50.79,730831
50.79,730813
50.80,730685
50.80,730225
50.80,729965
50.81,729637
50.82,728777
50.82,725937
50.82,724842
50.82,723944
50.82,723831
50.84,723557
50.84,722949
51.35,722437
51.35,721031
51.35,720627
51.35,720587
51.35,719550
52.73,719345
52.74,718144
53.36,718111
53.38,717716
53.38,717645
53.38,716859
53.52,716143
53.52,715009
53.53,714997
53.53,714715
53.54,712446
53.54,711332
54.19,711172
54.19,710475
54.20,708768
54.20,707865
54.20,706322
54.21,705984
54.21,704701
54.21,703263
54.22,701964
54.22,701784
54.22,699763
54.32,699502
54.53,698887
54.53,698655
54.54,698147
54.57,697922
56.62,697511
57.47,696528
57.47,694961
57.47,693678
57.47,693057
57.57,691222
57.57,691071
57.58,690726
57.58,689810
57.59,689388
57.59,688799
57.71,688388
57.72,688129
57.72,687814
57.72,687652
57.78,686492
57.78,686445
57.79,686262
57.79,686226
57.99,686037
57.99,685812
57.99,685579
58.00,683715
58.98,683407
59.13,683232
59.25,681886
59.28,681862
59.29,681618
59.30,681558
59.61,681380
59.62,681169
59.64,681158
59.68,681005
59.68,680733
59.69,678564
59.72,677878
59.72,677703
59.72,677682
60.07,676564
60.09,676547
60.78,676223
60.85,675245
60.98,675203
60.99,675136
61.03,674891
61.12,674868
61.12,674688
61.12,674066
61.12,673689
61.14,672935
61.17,672862
61.17,672673
61.18,672615
61.25,672473
62.50,672180
62.90,671884
64.73,671689
64.75,671437
64.89,671408
64.90,670694
64.91,669932
64.91,669304
64.92,669231
64.92,669050
64.93,668973
65.05,668801
65.08,668680
65.24,668572
65.25,668470
65.27,668347
65.30,668338
65.31,667678
65.33,667509
65.35,666876
65.35,666364
65.44,665964
66.63,665860
66.65,665046
66.70,664983
66.74,664684
66.80,664528
66.84,664183
66.84,664160
67.01,664115
67.02,663803
67.04,663282
68.02,663067
68.35,662694
68.41,662508
68.44,662346
68.45,662084
69.35,661746
69.79,661550
69.81,661139
69.84,661087
69.84,660484
69.89,659808
72.53,659659
72.53,659593
72.58,659364
72.63,659198
76.15,659169
76.20,659137
76.31,659111
79.49,659033
79.50,658721
80.20,658695
80.24,658669
80.47,658511
80.50,658466
81.06,658464
88.67,658434
88.67,658412
104.86,658367
104.88,658153
