0.00,6953383
0.01,6949590
0.01,6946343
0.01,6942738
0.01,6895607
0.01,6889540
0.01,6883747
0.02,6873588
0.02,6865701
0.02,6839143
0.02,6834030
0.02,6828692
0.02,6827808
0.02,6818202
0.02,6813471
0.02,6805327
0.02,6793936
0.02,6793929
0.02,6641205
0.02,6630498
0.02,6611053
0.02,6609822
0.02,6608796
0.02,6592229
0.02,6587935
0.02,6555121
0.02,6546754
0.02,6516023
0.02,6514414
0.02,6499310
0.02,6498004
0.02,6495129
0.02,6494303
0.02,6493887
0.02,6467391
0.02,6467342
0.02,6464798
0.02,6411041
0.02,6354996
0.02,6349824
0.02,6323017
0.02,6309970
0.02,6200370
0.02,6188950
0.02,6188811
0.03,6165732
0.03,6138099
0.03,6132159
0.03,6130600
0.03,6100138
0.03,6098772
0.03,6096923
0.03,6095340
0.03,5963795
0.03,5963592
0.03,5945811
0.03,5930007
0.03,5906369
0.03,5903653
0.03,5884261
0.03,5868112
0.03,5866042
0.03,5850339
0.03,5850006
0.03,5849351
0.03,5840752
0.03,5839711
0.03,5825883
0.04,5819595
0.04,5817973
0.04,5817862
0.04,5760910
0.04,5759205
0.04,5749426
0.04,5736136
0.04,5731088
0.04,5728016
0.04,5629879
0.04,5627125
0.04,5609954
0.04,5598686
0.04,5597647
0.04,5597201
0.04,5590728
0.04,5586070
0.04,5583652
0.04,5580869
0.04,5577403
0.04,5576137
0.04,5572219
0.04,5570402
0.04,5568543
0.04,5562928
0.04,5559550
0.04,5491457
0.04,5489476
0.04,5464344
0.04,5462739
0.04,5458028
0.04,5447959
0.04,5434463
0.04,5434461
0.04,5433363
0.04,5427635
0.04,5427251
0.04,5398111
0.04,5396554
0.04,5358794
0.04,5358006
0.04,5355696
0.04,5349353
0.04,5346630
0.04,5332252
0.04,5318439
0.04,5315701
0.04,5304632
0.04,5304479
0.04,5289696
0.04,5283026
0.04,5278956
0.04,5270063
0.04,5269642
0.04,5245244
0.05,5230410
0.05,5215707
0.05,5213696
0.05,5210769
0.05,5197171
0.05,5189047
0.05,5180507
0.05,5168931
0.05,5168065
0.05,5164360
0.05,5162547
0.05,5161834
0.05,5154907
0.05,5151331
0.05,5144621
0.05,5143191
0.05,5139920
0.05,5139664
0.05,5131377
0.05,5128317
0.05,5124422
0.05,5123596
0.05,5118337
0.05,5115343
0.05,5098446
0.05,5097098
0.05,5082232
0.05,5080670
0.05,5074086
0.05,5073118
0.05,5073039
0.05,5072785
0.05,5062763
0.05,5060164
0.05,5057636
0.05,5051446
0.05,5051120
0.05,5046897
0.05,5020960
0.05,5016032
0.05,5012281
0.05,5007796
0.05,5007049
0.05,5006784
0.05,4996307
0.05,4988868
0.05,4988210
0.05,4978962
0.05,4972485
0.05,4968461
0.05,4962122
0.05,4961980
0.05,4960587
0.05,4935329
0.05,4934166
0.05,4891885
0.05,4891745
0.05,4803946
0.05,4803093
0.05,4794515
0.05,4747647
0.05,4746385
0.06,4746337
0.06,4743403
0.06,4625114
0.06,4610532
0.06,4588175
0.06,4580793
0.06,4564744
0.06,4558865
0.06,4556770
0.06,4555111
0.06,4554421
0.06,4553735
0.06,4551984
0.06,4523429
0.06,4522783
0.06,4522304
0.06,4515003
0.06,4506332
0.06,4462290
0.06,4442066
0.06,4404989
0.06,4402956
0.06,4400603
0.06,4372668
0.06,4372651
0.06,4371362
0.06,4364329
0.06,4350822
0.06,4350822
0.06,4350592
0.06,4345060
0.06,4324639
0.06,4324520
0.06,4324336
0.06,4323241
0.06,4316409
0.06,4315785
0.06,4310498
0.06,4309923
0.06,4299550
0.06,4297357
0.06,4296667
0.06,4295416
0.06,4294437
0.06,4275360
0.06,4268517
0.06,4267164
0.06,4266075
0.06,4264129
0.06,4260568
0.06,4227449
0.06,4168477
0.06,4162174
0.06,4160626
0.06,4140807
0.06,4140297
0.06,4122027
0.06,4116600
0.06,4114188
0.06,4100203
0.07,4089337
0.07,4074797
0.07,4074253
0.07,4073047
0.07,4067052
0.07,4064506
0.07,4063241
0.07,4062767
0.07,4056454
0.07,4050473
0.07,4041955
0.07,4037378
0.07,4033960
0.07,4031030
0.07,4015799
0.07,4009677
0.07,4007956
0.07,4007923
0.07,4006343
0.07,4004499
0.07,4002904
0.07,3989702
0.07,3989319
0.07,3988162
0.07,3984914
0.07,3984898
0.07,3974881
0.07,3971420
0.07,3970868
0.07,3962017
0.07,3960610
0.07,3950082
0.07,3947440
0.07,3863341
0.07,3847478
0.07,3847000
0.07,3829087
0.07,3822948
0.07,3737557
0.07,3719401
0.07,3719162
0.07,3714197
0.07,3713727
0.07,3689105
0.07,3679480
0.07,3677780
0.07,3674481
0.07,3643563
0.07,3638269
0.07,3634432
0.07,3628019
0.07,3624700
0.07,3618312
0.07,3568783
0.07,3568271
0.07,3567555
0.07,3559606
0.08,3558432
0.08,3557680
0.08,3556182
0.08,3555781
0.08,3546702
0.08,3546219
0.08,3546070
0.08,3543273
0.08,3520570
0.08,3519954
0.08,3519094
0.08,3518877
0.08,3516520
0.08,3512781
0.08,3512314
0.08,3511646
0.08,3481868
0.08,3471351
0.08,3469708
0.08,3468727
0.08,3467786
0.08,3459409
0.08,3459012
0.08,3456833
0.08,3455231
0.08,3451063
0.08,3449468
0.08,3448924
0.08,3444612
0.08,3435112
0.08,3434136
0.08,3432158
0.08,3429474
0.08,3429340
0.08,3428783
0.08,3428661
0.08,3427704
0.08,3426850
0.08,3418285
0.08,3407859
0.08,3404519
0.08,3404221
0.08,3403308
0.08,3402501
0.09,3400806
0.09,3400586
0.09,3399346
0.09,3397575
0.09,3397212
0.09,3324267
0.09,3319617
0.09,3305395
0.09,3293501
0.09,3292771
0.09,3271888
0.09,3268661
0.09,3263102
0.09,3255792
0.09,3250327
0.09,3248485
0.09,3246748
0.09,3246716
0.09,3222201
0.09,3221336
0.09,3206423
0.09,3164724
0.09,3156691
0.09,3121484
0.09,3121387
0.09,3115666
0.09,3114219
0.09,3093917
0.09,3093916
0.09,3080226
0.09,3078578
0.09,3078509
0.09,3070050
0.09,3064476
0.09,3063991
0.09,3063061
0.09,3058158
0.09,3055722
0.09,3054715
0.10,3051720
0.10,3051513
0.10,3041568
0.10,3037358
0.10,3036995
0.10,3034366
0.10,3033017
0.10,3030654
0.10,3030100
0.10,3014597
0.10,3014343
0.10,3012680
0.10,3009971
0.10,3007474
0.10,3005797
0.10,3002188
0.10,2989226
0.10,2977343
0.10,2974890
0.10,2966591
0.10,2965645
0.10,2964336
0.10,2963473
0.10,2963329
0.10,2962780
0.10,2959950
0.10,2959156
0.10,2958270
0.10,2933634
0.10,2925674
0.10,2858699
0.10,2855939
0.10,2850502
0.10,2850501
0.10,2849113
0.10,2848832
0.10,2848373
0.11,2830315
0.11,2828229
0.11,2803040
0.11,2802311
0.11,2797230
0.11,2795080
0.11,2786975
0.11,2786593
0.11,2786322
0.11,2782290
0.11,2760016
0.11,2759067
0.11,2751503
0.11,2736062
0.11,2734222
0.11,2726087
0.11,2720970
0.11,2717203
0.11,2716117
0.11,2711262
0.11,2709598
0.11,2708693
0.11,2702757
0.11,2697020
0.11,2695090
0.11,2685020
0.12,2672724
0.12,2672142
0.12,2666275
0.12,2636389
0.12,2614840
0.12,2613979
0.12,2610649
0.12,2606125
0.12,2606089
0.12,2605121
0.12,2604747
0.12,2601746
0.12,2599811
0.12,2599369
0.12,2598858
0.12,2596348
0.12,2593685
0.12,2589175
0.12,2583395
0.12,2582827
0.12,2578329
0.12,2571016
0.12,2567840
0.12,2567683
0.12,2564802
0.12,2564708
0.12,2561821
0.12,2559155
0.12,2555559
0.12,2554382
0.12,2554156
0.12,2554011
0.13,2544719
0.13,2531507
0.13,2531368
0.13,2530169
0.13,2529842
0.13,2528722
0.13,2526533
0.13,2525723
0.13,2515676
0.13,2510718
0.13,2509854
0.13,2508606
0.13,2498589
0.13,2497000
0.13,2496706
0.13,2490696
0.13,2488951
0.13,2487339
0.13,2486871
0.13,2486656
0.13,2434823
0.13,2433727
0.13,2427142
0.13,2425928
0.13,2423866
0.13,2423304
0.13,2419194
0.13,2417114
0.13,2406685
0.13,2405535
0.13,2400562
0.13,2398173
0.13,2396549
0.13,2393759
0.13,2393731
0.13,2393342
0.13,2377870
0.13,2376277
0.14,2375997
0.14,2375366
0.14,2351249
0.14,2349628
0.14,2349253
0.14,2347197
0.14,2345194
0.14,2345052
0.14,2343285
0.14,2343258
0.14,2342081
0.14,2342030
0.14,2328771
0.14,2323306
0.14,2322465
0.14,2321515
0.14,2319599
0.14,2318299
0.14,2317606
0.15,2311087
0.15,2309290
0.15,2308779
0.15,2305710
0.15,2303887
0.15,2301901
0.15,2300208
0.15,2296078
0.15,2294376
0.15,2291676
0.15,2288858
0.15,2250851
0.15,2250581
0.15,2247824
0.15,2244245
0.15,2243656
0.15,2242558
0.15,2241574
0.15,2239681
0.16,2238868
0.16,2236737
0.16,2236110
0.16,2235113
0.16,2235107
0.16,2233839
0.16,2233504
0.16,2231192
0.16,2223011
0.16,2222698
0.16,2215514
0.16,2214836
0.16,2205231
0.17,2205140
0.17,2200543
0.17,2195676
0.17,2194568
0.17,2194407
0.17,2193767
0.17,2191956
0.17,2191605
0.17,2188311
0.17,2186911
0.17,2186803
0.18,2181422
0.18,2178260
0.18,2169915
0.18,2152981
0.18,2143902
0.18,2143658
0.18,2140733
0.18,2138738
0.18,2137012
0.18,2104544
0.18,2101479
0.18,2100040
0.18,2099335
0.18,2094515
0.18,2062334
0.18,2059968
0.18,2055850
0.18,2054683
0.18,2052096
0.18,2050541
0.18,2049076
0.18,2046392
0.19,2045246
0.19,2045198
0.19,2042234
0.19,2041942
0.19,2038312
0.19,2032683
0.19,2005781
0.19,2004240
0.19,2000363
0.19,2000338
0.19,2000069
0.19,1998636
0.19,1998556
0.19,1947903
0.19,1942308
0.19,1935104
0.19,1934967
0.20,1931252
0.20,1930726
0.20,1929511
0.20,1929107
0.20,1927979
0.20,1925674
0.20,1923282
0.20,1922897
0.20,1918868
0.20,1903357
0.20,1902898
0.20,1900008
0.20,1899086
0.20,1898099
0.20,1896850
0.20,1893551
0.20,1890242
0.21,1889329
0.21,1889229
0.21,1884731
0.21,1883958
0.21,1883147
0.21,1882931
0.21,1842636
0.21,1827217
0.21,1827107
0.21,1804997
0.21,1751699
0.22,1734430
0.22,1732299
0.22,1731096
0.22,1730710
0.22,1728111
0.22,1726250
0.22,1724460
0.22,1724329
0.22,1714294
0.22,1713022
0.22,1706780
0.22,1706699
0.22,1706530
0.22,1681239
0.23,1680164
0.23,1679836
0.23,1670455
0.23,1668773
0.23,1667424
0.23,1666179
0.23,1664146
0.23,1663468
0.23,1662013
0.23,1661475
0.23,1661340
0.23,1661116
0.24,1660873
0.24,1658063
0.24,1657873
0.24,1586708
0.24,1586700
0.24,1586582
0.24,1585862
0.24,1580310
0.24,1579862
0.24,1579522
0.24,1577057
0.24,1576392
0.24,1576357
0.25,1561339
0.25,1559341
0.25,1559131
0.25,1553396
0.25,1552995
0.25,1552629
0.25,1551692
0.25,1549266
0.25,1546842
0.25,1546814
0.25,1545342
0.25,1544533
0.25,1542751
0.25,1541594
0.25,1539964
0.26,1537168
0.26,1535319
0.26,1498709
0.26,1498053
0.26,1498037
0.26,1493615
0.26,1488573
0.26,1485302
0.26,1484537
0.26,1484436
0.26,1484401
0.26,1483995
0.27,1483578
0.27,1482958
0.27,1482039
0.27,1481263
0.27,1480369
0.27,1471155
0.27,1469453
0.27,1468893
0.27,1468471
0.27,1464441
0.28,1463953
0.28,1462977
0.28,1447207
0.28,1447187
0.28,1445342
0.28,1439477
0.29,1438581
0.29,1438540
0.29,1434669
0.29,1433617
0.29,1433414
0.29,1430996
0.29,1430386
0.30,1412323
0.30,1412307
0.30,1408766
0.30,1407745
0.30,1405926
0.30,1405747
0.30,1404612
0.30,1404105
0.30,1400555
0.30,1398891
0.30,1398485
0.30,1397915
0.31,1397433
0.31,1393476
0.31,1393198
0.31,1388540
0.31,1387998
0.31,1384225
0.31,1380047
0.31,1368493
0.31,1367951
0.32,1366075
0.32,1365926
0.32,1365392
0.32,1350917
0.32,1349276
0.32,1345031
0.32,1344751
0.33,1344316
0.33,1343419
0.33,1340389
0.33,1328907
0.33,1328850
0.34,1299961
0.34,1295105
0.34,1292505
0.34,1285944
0.34,1285211
0.34,1281866
0.34,1280764
0.34,1279918
0.34,1279882
0.35,1279532
0.35,1277876
0.35,1274606
0.35,1273905
0.36,1273341
0.36,1272841
0.36,1272763
0.36,1270069
0.36,1269465
0.36,1258603
0.37,1257097
0.37,1257085
0.37,1255155
0.38,1254445
0.38,1242186
0.38,1235233
0.38,1235030
0.38,1232777
0.38,1231448
0.38,1230814
0.38,1226882
0.38,1216309
0.38,1214265
0.39,1212467
0.39,1211291
0.39,1210374
0.40,1209380
0.40,1209022
0.40,1208311
0.40,1208299
0.40,1206360
0.40,1205998
0.40,1205452
0.40,1199367
0.41,1181136
0.41,1179352
0.41,1179100
0.41,1179063
0.41,1178247
0.41,1175964
0.42,1175018
0.42,1174721
0.42,1174711
0.43,1174047
0.43,1173871
0.43,1173126
0.43,1172621
0.43,1171949
0.43,1168390
0.43,1163630
0.43,1163307
0.44,1144685
0.44,1141322
0.44,1141251
0.45,1140371
0.45,1135252
0.45,1133890
0.45,1133391
0.45,1132326
0.46,1130365
0.46,1130014
0.46,1123904
0.46,1121212
0.46,1117811
0.47,1117677
0.47,1117516
0.47,1117473
0.47,1115765
0.48,1114862
0.48,1114224
0.48,1113755
0.48,1106181
0.49,1105371
0.49,1105209
0.49,1105146
0.49,1104762
0.50,1099507
0.50,1098949
0.50,1096266
0.50,1094272
0.51,1092542
0.52,1092321
0.52,1072362
0.52,1071910
0.53,1071751
0.53,1071549
0.54,1053044
0.54,1050097
0.54,1049868
0.54,1048810
0.54,1048767
0.54,1045845
0.55,1042773
0.55,1026149
0.55,1025568
0.55,1021932
0.56,1021853
0.57,1021374
0.57,1021331
0.57,1018742
0.58,1017690
0.58,1014232
0.58,992959
0.58,988970
0.60,987895
0.60,985637
0.60,983949
0.60,980081
0.60,953266
0.60,953121
0.61,952615
0.61,951461
0.61,950610
0.62,934190
0.62,934078
0.62,933495
0.62,932111
0.62,923177
0.63,903024
0.63,898278
0.64,896989
0.64,896906
0.64,896788
0.65,896068
0.65,895289
0.65,894923
0.66,893458
0.66,891333
0.67,890441
0.67,852096
0.68,850972
0.68,850922
0.70,849761
0.71,848282
0.71,848079
0.71,846710
0.73,846342
0.73,844828
0.75,844808
0.77,843915
0.77,842955
0.78,841856
0.79,841474
0.80,841254
0.80,834422
0.80,834235
0.81,832926
0.81,828084
0.82,827011
0.82,826953
0.82,824598
0.83,823154
0.83,822994
0.84,822750
0.84,812738
0.85,811353
0.85,811301
0.85,811294
0.86,811157
0.87,809846
0.89,809705
0.89,808808
0.89,808533
0.90,802654
0.90,801888
0.90,801843
0.90,801696
0.91,801320
0.91,801307
0.91,800913
0.92,800640
0.93,791600
0.93,790298
0.93,789957
0.94,789552
0.94,783539
0.95,783424
0.96,783392
0.97,783294
0.98,780715
0.99,779914
0.99,779637
1.01,779093
1.02,778993
1.03,778527
1.04,775522
1.04,775486
1.05,773950
1.06,773215
1.06,772472
1.08,771364
1.10,769183
1.10,768912
1.11,768533
1.13,768481
1.14,767858
1.14,767845
1.15,767514
1.16,767398
1.17,765982
1.18,762993
1.18,762939
1.19,762929
1.20,762512
1.21,761119
1.22,760830
1.24,759614
1.28,759271
1.29,759158
1.33,757215
1.33,757129
1.34,756583
1.38,756532
1.41,756002
1.42,755345
1.43,750498
1.43,749983
1.46,749312
1.48,749047
1.49,748516
1.50,747897
1.52,747868
1.53,747253
1.57,747033
1.59,746727
1.59,746671
1.60,746419
1.61,741082
1.73,740514
1.79,739930
1.80,739104
1.84,738619
1.86,736814
1.89,736597
1.92,734721
1.92,733553
2.02,733301
2.10,733270
2.24,732599
2.46,732589
2.53,732490
2.56,732001
2.59,731351
2.60,730202
2.63,729651
2.64,728490
2.71,727572
2.76,725087
2.79,722567
2.96,721935
2.96,721612
3.02,721433
3.02,720694
3.07,720611
3.36,711130
4.44,710688
4.53,710260
4.58,710215
4.60,709449
4.70,709167
4.73,708715
4.87,707448
4.93,706127
4.94,705972
5.35,705726
6.83,705274
6.90,705244
7.06,705039
7.26,704877
7.71,704503
7.81,704276
11.55,703516
11.68,703508
11.70,703366
12.09,702751
14.26,702700
14.26,702604
14.32,702543
14.36,702386
14.60,701617
15.00,700228
18.41,699518
18.55,699447
18.62,699089
18.71,698622
18.71,697954
18.94,697159
19.22,697094
24.99,696928
25.10,695583
25.24,694617
25.30,694378
25.49,694249
25.52,694202
33.91,693722
34.09,693287
55.55,692594
57.36,692432
57.43,692411
57.48,692167
57.54,692132
57.60,692132
57.60,691829
57.73,691372
58.04,690959
58.09,690920
58.27,690877
58.36,690342
58.47,689521
58.60,688052
59.04,687674
59.05,687106
59.35,686995
61.72,685972
62.05,685972
177.63,685326
177.97,684672
178.03,684485
184.43,679620
184.48,678236
184.59,678230
184.65,678185
184.68,677931
184.73,677835
184.85,677660
184.93,677601
184.97,676555
185.13,675926
185.45,675660
185.59,674585
185.77,674489
186.05,674383
186.25,674293
186.56,672295
186.85,671328
