0.06,7305139
0.06,7265308
0.06,7158186
0.07,7112398
0.07,7096921
0.07,7048159
0.07,7026365
0.07,7021332
0.07,6998298
0.07,6993491
0.07,6993329
0.07,6965635
0.07,6958035
0.07,6954575
0.07,6942739
0.07,6937284
0.07,6922511
0.07,6919698
0.07,6903876
0.07,6902256
0.07,6891912
0.07,6857702
0.08,6854841
0.08,6854748
0.08,6839914
0.08,6818962
0.08,6813566
0.08,6801594
0.08,6800946
0.08,6790711
0.08,6787160
0.08,6781758
0.08,6721683
0.08,6721359
0.09,6715529
0.09,6621494
0.09,6611531
0.09,6600445
0.09,6599800
0.09,6592983
0.09,6573102
0.09,6560267
0.09,6551130
0.09,6545495
0.09,6543528
0.09,6479473
0.09,6462450
0.09,6450486
0.09,6328999
0.09,6324512
0.09,6301730
0.09,6288470
0.09,6271622
0.09,6268593
0.09,6254118
0.09,6248109
0.09,6214100
0.09,6208998
0.09,6203528
0.09,6195890
0.09,6169339
0.10,6100830
0.10,6021365
0.10,6011834
0.10,6010980
0.10,6009028
0.10,5994784
0.10,5985506
0.10,5981955
0.10,5951372
0.10,5934339
0.10,5928741
0.10,5912412
0.10,5905050
0.10,5895907
0.10,5883911
0.10,5878564
0.10,5878223
0.10,5868206
0.10,5860605
0.10,5818735
0.10,5806708
0.11,5803669
0.11,5696440
0.11,5673735
0.11,5619610
0.11,5619327
0.11,5595667
0.11,5592840
0.11,5591382
0.11,5588560
0.11,5559676
0.11,5524350
0.11,5521029
0.11,5517250
0.11,5511260
0.11,5457668
0.11,5456280
0.11,5450118
0.11,5448218
0.11,5446432
0.11,5446292
0.11,5437152
0.11,5435924
0.11,5429425
0.11,5292380
0.11,5288262
0.11,5258444
0.11,5238589
0.11,5238451
0.11,5238104
0.11,5234550
0.11,5226531
0.11,5222522
0.11,5217452
0.11,5216023
0.11,5215124
0.11,5213665
0.11,5173219
0.11,5163061
0.11,5159189
0.12,5139802
0.12,5121345
0.12,5091753
0.12,5088993
0.12,5084061
0.12,5083661
0.12,5069518
0.12,5065070
0.12,5062468
0.12,5062119
0.12,5056906
0.12,5047480
0.12,5041054
0.12,5037195
0.12,5028786
0.12,5028346
0.12,5024539
0.12,5018654
0.12,5015537
0.12,5014637
0.12,4995066
0.12,4994999
0.12,4993521
0.12,4992139
0.12,4992119
0.12,4991164
0.12,4990578
0.13,4956380
0.13,4955806
0.13,4949964
0.13,4943489
0.13,4942687
0.13,4941394
0.13,4940649
0.13,4940630
0.13,4929479
0.13,4918588
0.13,4907559
0.13,4904337
0.13,4904103
0.13,4902929
0.13,4894563
0.13,4846329
0.13,4843155
0.13,4821142
0.13,4820121
0.13,4817686
0.13,4817276
0.14,4816215
0.14,4776369
0.14,4762674
0.14,4755431
0.14,4754703
0.14,4706374
0.14,4685278
0.14,4684387
0.14,4657105
0.14,4651424
0.14,4651151
0.14,4651053
0.14,4647100
0.14,4643261
0.14,4628126
0.14,4610875
0.14,4565625
0.14,4563120
0.14,4555079
0.14,4534518
0.15,4515694
0.15,4501019
0.15,4498402
0.15,4495553
0.15,4489168
0.15,4478276
0.15,4470449
0.15,4462796
0.15,4461194
0.15,4460321
0.15,4457765
0.15,4436856
0.15,4388510
0.15,4385212
0.15,4384966
0.15,4379433
0.15,4360028
0.15,4359915
0.15,4357567
0.15,4352553
0.15,4349770
0.15,4347230
0.15,4339632
0.15,4336268
0.15,4254285
0.16,4249431
0.16,4241213
0.16,4240589
0.16,4239385
0.16,4228144
0.16,4196039
0.16,4188458
0.16,4175657
0.16,4164076
0.16,4155210
0.16,4116615
0.16,4102450
0.16,4097724
0.16,4085115
0.16,4080666
0.16,4028275
0.16,4018535
0.16,4016930
0.16,4016751
0.16,4016392
0.16,4013987
0.16,4011535
0.16,4010042
0.16,3992242
0.16,3987477
0.16,3977387
0.16,3972578
0.16,3970640
0.16,3963269
0.16,3957028
0.16,3956234
0.16,3953274
0.16,3949689
0.16,3946602
0.16,3935262
0.16,3915677
0.16,3906174
0.16,3878577
0.16,3875302
0.16,3875089
0.16,3874615
0.16,3811713
0.16,3808951
0.16,3795853
0.16,3794878
0.16,3764159
0.16,3762094
0.17,3750346
0.17,3746689
0.17,3739457
0.17,3731463
0.17,3730593
0.17,3724924
0.17,3724552
0.17,3717666
0.17,3714905
0.17,3711262
0.18,3706982
0.18,3697766
0.18,3696823
0.18,3695041
0.18,3687819
0.18,3687791
0.18,3683742
0.18,3653518
0.18,3639712
0.18,3635407
0.18,3634248
0.18,3625089
0.18,3606721
0.18,3604171
0.18,3602596
0.18,3601197
0.18,3599212
0.18,3598349
0.19,3594949
0.19,3585009
0.19,3574930
0.19,3568818
0.19,3562365
0.19,3560992
0.20,3554761
0.20,3535204
0.20,3521872
0.20,3520449
0.20,3520071
0.20,3519190
0.20,3501936
0.20,3500162
0.20,3491164
0.20,3485409
0.20,3461721
0.20,3444910
0.20,3444905
0.20,3440520
0.20,3427490
0.20,3425205
0.20,3423075
0.20,3409190
0.20,3393905
0.20,3390182
0.20,3378414
0.20,3375027
0.20,3374355
0.20,3371228
0.20,3358653
0.20,3351949
0.20,3346838
0.20,3340439
0.20,3326446
0.20,3324546
0.20,3255612
0.20,3252163
0.20,3243719
0.20,3243533
0.20,3235241
0.21,3231083
0.21,3201665
0.21,3192956
0.21,3190034
0.21,3171179
0.21,3169069
0.21,3168472
0.21,3168149
0.21,3165410
0.21,3160324
0.21,3147740
0.21,3141343
0.21,3140325
0.21,3125079
0.21,3116627
0.21,3115104
0.21,3112543
0.21,3108107
0.21,3104735
0.21,3102202
0.21,3097939
0.21,3097853
0.21,3095648
0.21,3095039
0.21,3083515
0.21,3081612
0.22,3043304
0.22,3040551
0.22,3033513
0.22,3027538
0.22,3009429
0.22,3007589
0.26,3006444
0.26,3005381
0.26,3000239
0.26,2998183
0.26,2997602
0.26,2996952
0.26,2990816
0.26,2984752
0.26,2975224
0.26,2968301
0.26,2964687
0.26,2963905
0.26,2960008
0.36,2955606
0.36,2933844
0.36,2933618
0.37,2933467
0.37,2929664
0.37,2922539
0.37,2920200
0.37,2916557
0.37,2912794
0.37,2899710
0.37,2891459
0.37,2827741
0.37,2827189
0.37,2826855
0.38,2826116
0.40,2825167
0.40,2810564
0.40,2808357
0.40,2803725
0.40,2792661
0.40,2792085
0.40,2782176
0.40,2781181
0.40,2778320
0.40,2765664
0.40,2764240
0.40,2759510
0.40,2752836
0.41,2749927
0.41,2731222
0.41,2727775
0.41,2726616
0.41,2686652
0.42,2674622
0.42,2670323
0.42,2668582
0.42,2655312
0.42,2646782
0.42,2646648
0.42,2646410
0.42,2640122
0.42,2629271
0.42,2627089
0.42,2626680
0.42,2625084
0.42,2620297
0.42,2619941
0.42,2618720
0.54,2586333
0.54,2583881
0.54,2580303
0.54,2577226
0.54,2573438
0.67,2573130
0.68,2572822
0.68,2562957
0.68,2562795
0.68,2562359
0.68,2541563
0.68,2540923
0.68,2540277
0.68,2539910
0.68,2536047
0.68,2502998
0.68,2499854
0.68,2490267
0.68,2481957
0.68,2479759
0.68,2476316
0.68,2470082
0.68,2469731
0.68,2460643
0.68,2447744
0.68,2446991
0.68,2445325
0.68,2444754
0.84,2416795
0.84,2406291
0.84,2403096
0.84,2399784
0.84,2399526
0.84,2393281
0.85,2390761
0.85,2389205
0.88,2387712
0.88,2385107
0.88,2382229
0.88,2381472
0.88,2381002
1.50,2380404
1.50,2372087
1.50,2371833
1.50,2369517
1.50,2363947
1.50,2362772
1.50,2339385
1.50,2331129
1.50,2329638
1.50,2323407
1.50,2320880
1.50,2315596
1.50,2312632
2.93,2312563
2.93,2311717
2.93,2311711
2.93,2281424
2.94,2269713
2.94,2265339
2.94,2258979
2.94,2258542
2.94,2249651
3.83,2249179
3.83,2245665
3.83,2238077
3.83,2236404
3.83,2206650
3.88,2204083
3.88,2203636
3.88,2200858
4.07,2199765
4.07,2196220
4.07,2195358
4.07,2191839
4.07,2188783
4.08,2188751
4.08,2184893
4.08,2182333
4.08,2180837
4.08,2172942
4.09,2158344
4.09,2151488
4.09,2148576
4.09,2146215
4.09,2122489
5.96,2115620
5.96,2108380
5.96,2104734
5.96,2098254
5.96,2095973
5.96,2091181
5.96,2090823
5.96,2079014
5.96,2079002
5.96,2073376
5.96,2072644
5.96,2069730
5.96,2069595
5.96,2067466
5.96,2066613
5.96,2066114
5.96,2059757
5.96,2056224
5.96,2054167
5.96,2046567
5.96,2046304
5.96,2045389
5.96,2035057
5.96,2026538
5.96,2026119
5.96,2013642
5.96,2011086
5.97,2008944
5.97,2006562
6.83,2006372
6.83,1998503
6.83,1992456
6.83,1990910
6.83,1986057
6.83,1984835
7.12,1978498
7.12,1978246
7.12,1978134
7.12,1976825
8.31,1971649
8.31,1957206
8.31,1950231
8.31,1949974
8.31,1945088
8.32,1944036
8.32,1935466
8.32,1922299
8.32,1917622
8.32,1914996
8.36,1908267
8.36,1907134
9.17,1904159
9.56,1892764
9.57,1880475
9.57,1864311
9.57,1861830
10.18,1861373
10.18,1851729
10.18,1851699
10.19,1851329
10.19,1848159
10.19,1847418
10.19,1844932
10.19,1836269
10.19,1835284
10.19,1832582
10.19,1825758
10.19,1823899
10.22,1823316
10.22,1807059
11.28,1805961
11.28,1804321
11.36,1797329
11.36,1793155
11.36,1785006
11.36,1784461
11.36,1783891
11.36,1780595
11.36,1779964
11.36,1779925
11.37,1778511
11.37,1778197
11.39,1777780
11.39,1770974
11.39,1770309
11.39,1768558
11.39,1765055
11.39,1761953
11.39,1760327
11.39,1758577
11.39,1757465
11.39,1757094
11.39,1757064
11.39,1749519
11.39,1748328
11.42,1745875
11.42,1745057
11.42,1744962
11.42,1738043
11.43,1733338
11.43,1729340
11.43,1722568
11.43,1717979
11.43,1715846
11.43,1714121
11.43,1709711
11.44,1703942
11.44,1699281
11.44,1692095
11.44,1690445
11.44,1684444
11.44,1684314
12.18,1679375
12.18,1676483
12.18,1672389
13.56,1671374
13.56,1668299
14.34,1665286
14.34,1659449
14.34,1648255
14.34,1643774
14.34,1634757
14.34,1634158
14.34,1629807
14.34,1624729
14.34,1622698
14.34,1613923
14.34,1613896
14.34,1607035
14.34,1606857
14.34,1605473
14.34,1599535
14.34,1598482
14.35,1597882
14.35,1597821
14.35,1595699
14.35,1590855
15.81,1588403
16.86,1585885
16.86,1572617
16.86,1572274
16.86,1571482
16.86,1567415
16.86,1559799
16.86,1559514
17.61,1557792
17.61,1557514
17.61,1557466
17.61,1552814
17.88,1549882
17.88,1549275
17.96,1546428
17.96,1540610
17.96,1540217
17.96,1538454
17.96,1537385
17.96,1527467
17.96,1517281
17.97,1511820
17.97,1509479
17.97,1509449
17.97,1508322
17.97,1508273
17.97,1500402
17.97,1496234
17.97,1494252
17.97,1489532
17.97,1488625
17.97,1487991
17.98,1483378
17.98,1480223
17.98,1479610
17.98,1477820
17.98,1474459
17.98,1471708
18.09,1470428
18.09,1463780
18.09,1463302
18.09,1457193
18.09,1452727
18.09,1452300
18.09,1439893
18.09,1438113
18.92,1434974
18.92,1434446
18.92,1427962
19.15,1417945
20.07,1412104
20.07,1401436
20.08,1400160
20.08,1397148
20.08,1394665
20.08,1393646
20.08,1392224
20.08,1390743
20.08,1390242
20.09,1387652
20.09,1382030
20.09,1381813
21.47,1370539
21.48,1362316
21.48,1360939
21.48,1357105
21.48,1356365
21.48,1353044
21.48,1349648
21.48,1348292
21.48,1346130
21.48,1342457
21.48,1340183
21.48,1340014
21.48,1339295
21.48,1336409
21.48,1333030
21.48,1329503
21.48,1329491
21.48,1325733
21.48,1323299
21.48,1323222
21.56,1320657
21.56,1318807
22.95,1316899
22.95,1316362
22.95,1314655
22.95,1312230
22.95,1308328
22.95,1303234
22.95,1302386
23.28,1301905
23.28,1299162
23.30,1295791
23.30,1285960
23.30,1283692
23.32,1282604
23.34,1281903
23.34,1280522
23.34,1279949
23.34,1277870
23.34,1274393
23.34,1272766
23.34,1272546
23.34,1272419
23.34,1264524
23.34,1264189
23.34,1261217
23.34,1260551
23.34,1254891
23.35,1251809
23.35,1246640
25.07,1245759
25.07,1243773
25.07,1239775
25.07,1237395
25.23,1237033
25.23,1236138
25.23,1235150
25.23,1233529
25.63,1231891
25.63,1229617
25.63,1229613
25.63,1229366
25.63,1228515
25.63,1228088
25.63,1222950
25.63,1218088
25.63,1217755
25.63,1212446
25.63,1212108
25.76,1211582
25.76,1209018
25.76,1207370
25.76,1204230
25.76,1193858
25.77,1193785
25.77,1193656
25.77,1192575
25.77,1191611
25.81,1191458
25.81,1189846
25.81,1189687
25.81,1189664
25.81,1189319
26.73,1189238
26.73,1189171
26.73,1189143
26.73,1187300
26.73,1183794
26.73,1182996
26.73,1179893
26.74,1179388
26.74,1177867
26.74,1174073
26.74,1173842
26.74,1172933
26.74,1171872
26.74,1169208
26.74,1169018
26.75,1168285
26.75,1165044
26.75,1164618
27.54,1161020
27.54,1160636
27.54,1159145
27.54,1158115
27.54,1154281
27.54,1154215
27.55,1153398
27.55,1152625
27.55,1151335
27.55,1147623
27.55,1145358
27.57,1142805
27.57,1141595
27.57,1137538
27.57,1137485
27.57,1135973
27.58,1131878
27.58,1131229
27.58,1125953
27.59,1124463
27.59,1124300
28.48,1121083
30.09,1118993
30.10,1115407
30.10,1112016
30.10,1111214
30.10,1103940
30.10,1103725
30.10,1099507
30.10,1098883
30.10,1096702
30.84,1096572
30.90,1095706
30.90,1094020
31.15,1093379
31.15,1092911
31.15,1092893
31.15,1092272
31.15,1091913
31.15,1091443
31.15,1083931
31.15,1079741
31.15,1077163
31.15,1076062
31.15,1075942
31.15,1072640
31.16,1069766
31.16,1069207
31.59,1069170
31.59,1066350
31.59,1066230
31.60,1057623
31.60,1056742
31.60,1056689
31.60,1054317
31.60,1054187
31.60,1049855
31.60,1048798
31.60,1045261
31.62,1044178
31.62,1043355
31.63,1041153
31.63,1040296
31.64,1039043
31.64,1035268
31.65,1032422
32.45,1029038
32.45,1022533
32.45,1022486
32.45,1020397
32.45,1020042
32.45,1019659
32.46,1019094
32.46,1018972
32.46,1017724
32.46,1013494
32.46,1013472
32.47,1010123
32.47,1003871
32.47,1003757
32.47,1002473
32.47,1000434
32.47,999574
32.47,998695
32.47,998358
32.47,997937
32.99,996422
33.00,995447
33.00,987970
33.00,987643
33.01,981283
33.02,980223
33.02,979609
33.02,979152
33.02,976544
33.02,976193
33.02,970635
33.02,970540
33.03,968054
36.24,966724
36.30,966657
36.30,965686
36.30,964481
36.30,964225
36.30,956697
36.30,954107
36.31,953677
36.32,953516
36.40,953295
36.40,952145
36.41,947858
36.41,946526
36.41,945780
36.42,945373
36.43,943865
36.65,942645
36.65,938771
37.02,937999
37.04,937295
37.04,935662
37.05,935599
37.05,934874
37.05,934293
37.05,933132
37.05,931984
37.05,926892
37.05,925463
37.05,925312
37.05,924865
37.05,924446
37.05,923867
37.05,921320
37.06,918351
37.10,918183
37.10,918145
37.10,917844
37.11,915651
37.11,914081
37.11,913589
37.12,912747
37.12,912648
37.12,910759
37.12,910479
37.12,910358
37.12,910202
37.12,906487
37.12,903235
37.12,902130
37.61,901998
37.61,900708
37.61,898585
37.61,897985
37.61,896647
37.61,896448
37.61,895830
37.62,893904
38.23,892271
38.23,889667
38.38,886900
38.38,883299
38.38,882553
38.38,882016
38.39,881477
38.39,880937
38.39,880114
38.39,879547
38.39,874875
38.39,873125
38.40,869075
38.40,868993
38.40,865222
38.40,864623
38.40,863126
38.40,861973
38.40,860902
42.00,860871
42.01,860386
42.01,859883
42.03,859678
42.03,859499
42.04,859204
42.04,858901
42.04,857770
42.04,848903
42.17,845878
42.18,844875
42.18,844777
42.18,843934
42.20,842301
42.20,841746
42.20,839807
42.38,837412
42.38,837260
42.38,836200
42.38,835237
44.98,833754
44.98,833364
44.98,833263
44.98,831999
44.98,830864
45.31,829864
45.45,829254
45.45,829044
45.45,827762
45.46,826741
45.46,825116
45.46,825108
45.46,824125
45.46,823950
45.51,823727
45.51,820147
45.51,816492
45.56,815315
45.57,815307
45.57,815188
45.57,814136
45.57,814060
45.57,812073
45.57,809742
45.59,809541
45.59,809435
45.60,808961
45.60,808652
45.60,806722
45.60,806447
45.60,804018
45.61,803796
45.61,799656
45.61,797573
45.61,796745
45.61,796296
45.62,794652
45.62,792150
45.62,789370
45.62,788665
45.63,788339
45.63,787593
45.63,787115
45.63,786863
45.63,786664
45.64,786341
45.64,786090
45.64,785834
45.65,785420
45.65,783398
45.65,782346
45.65,782342
45.65,782094
45.65,781374
45.66,779388
45.66,779256
45.66,778065
48.49,777548
48.49,775844
48.50,774664
48.50,772469
48.50,771805
48.51,771593
48.51,771588
48.52,771580
48.52,771348
48.52,770782
50.84,768616
50.84,767134
50.84,766170
50.85,765705
50.85,764181
50.85,764105
50.86,763248
50.88,762562
50.99,762229
50.99,761654
50.99,760726
51.00,760572
51.01,760140
51.01,759817
51.01,758471
51.01,756009
51.01,755862
51.01,755322
51.02,754201
51.02,753497
51.19,752814
51.19,752655
51.19,751956
51.19,751764
51.19,751273
51.22,751206
51.70,751063
51.70,750134
51.71,749466
51.72,749195
51.73,748711
51.73,748574
51.74,747989
51.74,747957
51.74,747352
51.74,746714
51.74,746361
51.74,745412
51.75,742942
51.86,742565
53.66,742427
53.66,741993
53.66,741799
53.66,740277
53.66,737961
53.67,737210
53.73,733772
53.73,732911
53.74,731760
53.74,731190
53.74,729846
53.75,729358
53.75,727803
53.76,726621
53.84,726001
53.85,722284
53.90,722189
53.91,722088
53.92,721500
53.92,721211
53.93,720950
56.14,720681
56.15,720034
56.15,719972
56.15,717930
56.16,717134
56.17,716112
56.17,712700
56.27,712019
57.91,711072
57.92,710907
57.92,708649
57.94,708374
57.94,707671
57.94,707087
58.02,706115
58.03,705408
58.03,703745
58.04,703199
58.04,703089
58.04,702596
59.58,702592
59.59,701937
59.61,701512
59.65,701363
59.65,700964
59.69,700799
59.69,700659
59.69,700385
59.69,699593
59.69,696836
59.70,696135
59.86,696013
59.86,694757
59.87,694256
59.87,693957
61.86,693891
61.92,693489
62.11,692691
62.11,692078
62.41,691824
62.45,691135
62.46,689991
62.47,689665
62.49,689421
62.49,689319
62.51,689237
62.67,689008
62.69,687465
62.70,687270
63.29,686996
63.29,685841
63.30,685421
63.31,684710
63.31,684278
63.31,684268
63.49,683994
63.54,683599
63.60,681506
63.62,681346
66.65,680690
66.68,680397
66.68,680109
66.72,679053
67.58,678917
67.58,678868
67.58,677813
67.59,677356
67.60,676428
67.61,676367
67.69,676056
67.77,675575
67.77,675228
67.77,674978
69.95,673691
70.02,673577
70.05,672884
70.06,672770
70.11,672414
70.13,672160
70.13,672071
70.15,671817
70.15,671781
70.15,671722
70.22,671492
70.23,671137
70.25,671104
70.26,670706
71.03,670565
71.04,670536
71.04,670514
71.07,670411
71.14,670360
71.16,670201
71.17,669904
71.20,669823
71.21,669374
71.24,669206
71.30,668226
71.31,668206
71.31,667548
76.27,667448
76.28,667356
76.29,666989
76.38,666974
76.43,666924
76.47,666801
76.67,666454
76.77,665932
76.90,665805
76.90,665676
76.91,665149
76.94,665049
78.55,664990
78.60,664394
78.60,664320
78.61,664259
78.64,663970
80.11,663641
80.21,663599
81.56,663481
81.57,663421
81.67,663385
81.75,663357
81.80,663141
81.81,662957
81.81,662955
81.96,662886
82.81,662693
82.87,662679
82.88,662622
82.88,662589
82.89,662529
82.90,662521
86.10,662421
90.74,662289
90.87,662286
90.92,662256
90.97,662253
90.99,662238
91.32,662153
91.48,662110
91.63,662081
92.60,662062
92.72,662034
92.76,662005
93.81,661947
94.40,661947
94.43,661914
103.39,661908
110.58,661908
