0.06,7182524
0.06,7146121
0.07,7097632
0.07,7091948
0.07,7054184
0.07,7040529
0.07,6974889
0.07,6958879
0.07,6951543
0.07,6949381
0.07,6934957
0.07,6934850
0.07,6933609
0.07,6930525
0.07,6925991
0.07,6867181
0.07,6863868
0.07,6818474
0.07,6807957
0.08,6794475
0.08,6780852
0.08,6779652
0.08,6776757
0.08,6750517
0.08,6745717
0.08,6722229
0.08,6696536
0.08,6696535
0.08,6696467
0.08,6696052
0.08,6695647
0.08,6693657
0.08,6693606
0.08,6686288
0.08,6685418
0.08,6675316
0.08,6646984
0.08,6630748
0.08,6627652
0.08,6623123
0.08,6595152
0.08,6581682
0.08,6581197
0.08,6578709
0.08,6572320
0.08,6567137
0.08,6561209
0.09,6553660
0.09,6546901
0.09,6534756
0.09,6498550
0.09,6481876
0.09,6480655
0.09,6477681
0.09,6477494
0.09,6452635
0.09,6440418
0.09,6415822
0.09,6415666
0.09,6415568
0.09,6414534
0.09,6407846
0.09,6407673
0.09,6383955
0.09,6368939
0.09,6307886
0.09,6291957
0.09,6279763
0.09,6269512
0.09,6178779
0.09,6174713
0.09,6172741
0.09,6167254
0.09,6165277
0.09,6075041
0.09,6072435
0.10,6053958
0.10,6023218
0.10,6019535
0.10,6019105
0.10,6018334
0.10,6015441
0.10,6014780
0.10,6004529
0.10,5972124
0.10,5962667
0.10,5944960
0.10,5943933
0.10,5940958
0.10,5920796
0.10,5893088
0.10,5871949
0.10,5814340
0.10,5812458
0.10,5795944
0.10,5785357
0.10,5784821
0.10,5782935
0.10,5771950
0.10,5771870
0.10,5771131
0.10,5769526
0.10,5763436
0.10,5762235
0.10,5754460
0.10,5754379
0.10,5740181
0.10,5717417
0.10,5626701
0.10,5605505
0.10,5598572
0.10,5582606
0.10,5532021
0.10,5531480
0.10,5508770
0.10,5503520
0.10,5501787
0.10,5501760
0.10,5493835
0.10,5488236
0.11,5355570
0.11,5355208
0.11,5345985
0.11,5342345
0.11,5339170
0.11,5292106
0.11,5276938
0.11,5274991
0.11,5247346
0.11,5245335
0.11,5216035
0.11,5183585
0.11,5139892
0.11,5138042
0.11,5137675
0.11,5137624
0.11,5130013
0.11,5080796
0.11,5077103
0.11,5067877
0.11,5063833
0.11,5062864
0.11,5059028
0.11,5052907
0.11,5050371
0.11,5043420
0.11,5042950
0.11,5017228
0.11,5016354
0.11,5015890
0.11,5011980
0.11,4981695
0.11,4979214
0.12,4970637
0.12,4964566
0.12,4960709
0.12,4960242
0.12,4955526
0.12,4937696
0.12,4937062
0.12,4907930
0.12,4902341
0.12,4901909
0.12,4872620
0.12,4864068
0.12,4863907
0.12,4863536
0.12,4860543
0.12,4858718
0.12,4772980
0.12,4750285
0.12,4742967
0.12,4738495
0.12,4733536
0.12,4733242
0.12,4710747
0.12,4684483
0.12,4681938
0.12,4681615
0.12,4676888
0.12,4669505
0.12,4655269
0.12,4653577
0.12,4625227
0.12,4624646
0.12,4594618
0.13,4591905
0.13,4488384
0.13,4488276
0.13,4483891
0.13,4430535
0.13,4427551
0.13,4419010
0.13,4415543
0.13,4406073
0.13,4401865
0.13,4399339
0.13,4399221
0.13,4398950
0.13,4391433
0.13,4383075
0.13,4379755
0.13,4377869
0.13,4364447
0.13,4341401
0.13,4336929
0.13,4336031
0.13,4335275
0.14,4330598
0.14,4324986
0.14,4307994
0.14,4298886
0.14,4274894
0.14,4270269
0.14,4270010
0.14,4260748
0.14,4256775
0.14,4248824
0.14,4245909
0.14,4243005
0.14,4201303
0.14,4171776
0.14,4149740
0.14,4147931
0.14,4145297
0.14,4139900
0.14,4135215
0.15,4123313
0.15,4111722
0.15,4004540
0.15,4000601
0.15,3987617
0.15,3952422
0.15,3932488
0.15,3904194
0.15,3897211
0.15,3868054
0.15,3865366
0.15,3838144
0.15,3838051
0.15,3832754
0.15,3828499
0.15,3826523
0.15,3826328
0.15,3815173
0.15,3814687
0.15,3808982
0.15,3804781
0.15,3804574
0.15,3800559
0.15,3800039
0.15,3796231
0.15,3789836
0.15,3783235
0.15,3780928
0.15,3780627
0.15,3777844
0.15,3765044
0.15,3740751
0.15,3737049
0.15,3732853
0.16,3732569
0.16,3731904
0.16,3730776
0.16,3729104
0.16,3725915
0.16,3720304
0.16,3702054
0.16,3696708
0.16,3695138
0.16,3693037
0.16,3685608
0.16,3677310
0.16,3666291
0.16,3659949
0.16,3657528
0.16,3654485
0.16,3648165
0.16,3621859
0.16,3614829
0.16,3612053
0.16,3611852
0.16,3611077
0.16,3590025
0.16,3588038
0.16,3587522
0.16,3586455
0.17,3565624
0.18,3559376
0.18,3530916
0.18,3524966
0.18,3522467
0.18,3507256
0.18,3506625
0.18,3504515
0.18,3504007
0.18,3471158
0.18,3465521
0.18,3459443
0.18,3454276
0.18,3443262
0.19,3443120
0.21,3435019
0.21,3434839
0.21,3428608
0.22,3420713
0.22,3419815
0.22,3415997
0.22,3401158
0.22,3390092
0.22,3371735
0.22,3369626
0.22,3360639
0.22,3348269
0.22,3346214
0.22,3319135
0.22,3309172
0.22,3303786
0.22,3301716
0.23,3291885
0.23,3284426
0.23,3279617
0.24,3249744
0.24,3249504
0.24,3246832
0.24,3235252
0.24,3234403
0.24,3209998
0.24,3200603
0.24,3165096
0.24,3159137
0.24,3147997
0.25,3145229
0.25,3112738
0.25,3095347
0.25,3091701
0.25,3091486
0.25,3018368
0.25,3005622
0.25,3003052
0.25,3001208
0.25,3000255
0.25,2996417
0.25,2986265
0.25,2982669
0.25,2981804
0.25,2981072
0.25,2980257
0.25,2974361
0.25,2962087
0.25,2959663
0.25,2923300
0.25,2922705
0.25,2919398
0.25,2913966
0.25,2904681
0.25,2901838
0.25,2900857
0.25,2900585
0.25,2893690
0.25,2879620
0.25,2876813
0.27,2860296
0.27,2848068
0.27,2832880
0.27,2812276
0.27,2800954
0.28,2800947
0.28,2797197
0.28,2780241
0.28,2780151
0.28,2775455
0.28,2775022
0.28,2772873
0.28,2763622
0.28,2763008
0.28,2753420
0.28,2752381
0.28,2724258
0.29,2718985
0.30,2714606
0.30,2709204
0.30,2707574
0.31,2707153
0.31,2671407
0.31,2645247
0.31,2645229
0.31,2644396
0.31,2642503
0.31,2641629
0.31,2635072
0.31,2633977
0.31,2633182
0.31,2632721
0.31,2627626
0.31,2622863
0.44,2615704
0.44,2608566
0.44,2606218
0.45,2603839
0.45,2601006
0.50,2597362
0.50,2594616
0.50,2590232
0.50,2590199
0.50,2590032
0.50,2587994
0.50,2583120
0.50,2580872
0.55,2574018
0.56,2549466
0.56,2545891
0.71,2545851
0.71,2537512
0.71,2517202
0.71,2516689
0.71,2507100
0.71,2506450
1.13,2501392
1.14,2496774
1.14,2476918
1.14,2471365
1.14,2470973
1.14,2468416
1.14,2467567
1.14,2465649
1.14,2465586
1.14,2461837
1.14,2461730
1.35,2458189
1.35,2450087
1.35,2447867
1.35,2447300
1.35,2446219
1.35,2444802
1.35,2442546
1.35,2442086
1.35,2426055
1.35,2417510
1.35,2410248
1.35,2390507
1.35,2383269
1.35,2371441
1.35,2370205
1.35,2369394
1.35,2367880
1.35,2359592
1.35,2356987
1.35,2356422
1.35,2352495
1.75,2338637
1.75,2333493
1.77,2323249
1.83,2323128
1.83,2312569
1.83,2303258
1.83,2301964
1.83,2298385
1.83,2298254
1.84,2292815
1.84,2288194
1.84,2284289
1.84,2281545
1.90,2250337
1.90,2249525
1.90,2249092
1.90,2244717
1.90,2236949
1.91,2233692
1.91,2224462
1.91,2222140
1.91,2218377
1.91,2213380
1.91,2210896
1.91,2206299
1.91,2206127
1.91,2198941
1.91,2196397
3.25,2195688
3.25,2195143
3.29,2188762
3.29,2171901
3.29,2171790
3.29,2164435
3.29,2163041
3.29,2156043
3.29,2152369
3.29,2150160
3.30,2140709
4.08,2137801
4.19,2131992
4.19,2126305
4.19,2120232
4.19,2116441
4.45,2114849
4.45,2112381
4.45,2110328
4.45,2108865
4.45,2106699
4.46,2106670
4.46,2099937
4.46,2096238
4.46,2095301
4.46,2085659
4.46,2084523
6.22,2083453
6.75,2081759
6.80,2080501
6.80,2076802
6.80,2072070
6.80,2069289
6.80,2065493
6.80,2063236
6.80,2061919
6.80,2061592
6.90,2058982
6.90,2058980
6.90,2056961
6.90,2040772
6.90,2040756
6.90,2034263
6.90,2033908
6.90,2033284
6.90,2031872
6.90,2029545
6.90,2028545
6.90,2028271
6.90,2027652
6.90,2023559
6.91,2022425
6.91,2016906
7.24,2012935
7.25,1997660
7.25,1995778
7.50,1994770
7.50,1992863
7.50,1992838
7.87,1990833
7.87,1987448
8.10,1985208
8.10,1984966
8.10,1983461
8.11,1982236
8.11,1979858
8.11,1973703
8.11,1972902
8.11,1971460
8.27,1967105
8.27,1966237
8.27,1964977
8.27,1964588
8.28,1948959
8.28,1945183
8.28,1941719
8.28,1941055
8.95,1940204
8.96,1926758
8.96,1920890
8.96,1911333
8.96,1903054
8.96,1903038
8.96,1902774
8.96,1901135
8.96,1900322
8.96,1893855
8.96,1886939
8.96,1885505
8.96,1885470
8.96,1883805
8.96,1882127
8.96,1882003
8.96,1881687
8.96,1874983
8.96,1874198
9.66,1873317
9.66,1863026
9.66,1845779
9.66,1841053
9.66,1840796
9.66,1839795
9.66,1837668
9.66,1837145
9.66,1834471
9.66,1833315
9.66,1831526
9.87,1831408
9.87,1823836
9.87,1819517
9.87,1818153
9.87,1814384
9.87,1809915
9.87,1807194
9.87,1798702
9.87,1794922
9.87,1792901
9.87,1790119
10.32,1780104
10.32,1777727
10.76,1776755
10.76,1776157
10.77,1771956
10.77,1763925
11.07,1763883
11.07,1761502
11.07,1759918
11.07,1758622
11.07,1745924
11.07,1743314
11.08,1741880
11.08,1734072
11.08,1729440
11.08,1729261
11.08,1728482
11.08,1725599
11.09,1716383
11.09,1716099
11.09,1712015
11.09,1707547
11.09,1702810
11.09,1693540
12.09,1693313
12.09,1686766
12.09,1686750
12.09,1674968
12.09,1674855
12.09,1673833
12.09,1665661
12.37,1664333
12.40,1662815
12.40,1659972
12.40,1659347
12.40,1651641
12.40,1650725
12.40,1649367
12.40,1646772
12.40,1645514
12.40,1645457
12.40,1630851
12.40,1629619
12.40,1628091
13.37,1624939
13.37,1619461
13.37,1619008
13.37,1618710
13.37,1603351
13.64,1602798
13.64,1599932
13.64,1596839
13.64,1596450
13.64,1588693
13.77,1582930
13.77,1582457
13.77,1578289
13.78,1578092
13.78,1575403
13.78,1574124
13.78,1573379
13.78,1564439
14.01,1559169
14.01,1559033
14.02,1557242
14.02,1553656
14.02,1552013
14.91,1551644
14.91,1550698
14.91,1538629
14.91,1536847
15.60,1531917
15.60,1525305
15.60,1522715
15.60,1522389
15.61,1516164
15.61,1515365
15.61,1515223
15.61,1505065
15.64,1502225
15.64,1501860
15.64,1498922
15.64,1497812
15.64,1496399
15.66,1496182
15.66,1494091
15.66,1490514
15.66,1488521
15.66,1487689
15.67,1486133
15.67,1485780
15.67,1475524
15.67,1473444
15.67,1471869
15.67,1471274
15.67,1469499
15.67,1468466
15.67,1464971
17.57,1464324
17.57,1454948
17.57,1454008
17.87,1452478
17.87,1452029
17.90,1451567
17.90,1447884
17.90,1442676
18.10,1441703
18.10,1440884
18.10,1439456
18.10,1436311
18.10,1426655
18.10,1423361
18.10,1414587
18.10,1412827
18.10,1387930
18.79,1385755
18.79,1385287
18.79,1383900
18.79,1372423
18.79,1368784
18.79,1364338
18.79,1364100
18.79,1364044
18.79,1353751
18.79,1349149
18.79,1349115
18.79,1346417
18.79,1345171
18.79,1334901
18.79,1334866
18.79,1331422
19.95,1322679
19.95,1319790
19.97,1311611
19.97,1308500
20.13,1303704
20.22,1303636
20.23,1303101
20.23,1297661
20.23,1296776
20.23,1296535
20.23,1295981
20.23,1295944
20.23,1295272
20.23,1291018
20.23,1285104
20.23,1284558
21.73,1276117
21.73,1273216
21.73,1272789
21.73,1266120
21.75,1265326
22.46,1264980
22.46,1264366
22.46,1263572
22.46,1251086
23.82,1250414
23.82,1246623
23.82,1246573
23.82,1246020
23.82,1239989
23.82,1233780
23.82,1233682
23.82,1233670
23.82,1233153
24.08,1226824
24.08,1226011
24.08,1222945
24.08,1222327
24.08,1222029
24.08,1220481
24.08,1219488
24.08,1219247
24.11,1214506
24.11,1209991
24.38,1207435
24.38,1206928
24.38,1198821
24.38,1195532
24.39,1194500
24.39,1189316
24.43,1188312
24.43,1186585
24.43,1186491
24.43,1183807
24.52,1182796
24.52,1181001
24.52,1180085
24.52,1177276
24.52,1173566
24.52,1173232
24.52,1167827
24.52,1165689
24.56,1164389
24.56,1162561
24.63,1159363
24.63,1158608
24.67,1155202
24.68,1148670
24.69,1146838
24.71,1142185
24.71,1141677
24.72,1136836
24.72,1131995
25.77,1131462
25.79,1129984
25.80,1129079
25.86,1123875
25.88,1119946
25.88,1117306
25.88,1114181
25.88,1111960
25.88,1108905
25.88,1108848
25.88,1107488
25.88,1107241
25.88,1103797
25.90,1094900
25.90,1094111
26.18,1093822
26.84,1090336
26.84,1087592
27.30,1087524
27.30,1087223
27.30,1086187
27.30,1085730
27.30,1085675
27.30,1082652
27.30,1079178
27.30,1076324
27.30,1075091
27.30,1074541
27.43,1071389
27.43,1070848
27.43,1066706
27.46,1063459
27.46,1062778
27.46,1061107
27.46,1060433
27.58,1059854
27.58,1057664
27.58,1057417
27.59,1055677
27.59,1055431
27.59,1055023
27.59,1053658
28.10,1052502
28.31,1051743
28.31,1051115
28.31,1049439
28.31,1047905
29.72,1047675
29.72,1046512
29.72,1045288
29.72,1041309
29.72,1040101
29.72,1038998
29.73,1038641
29.73,1037689
29.99,1034694
29.99,1033435
29.99,1025308
29.99,1024220
29.99,1023144
29.99,1020190
29.99,1020121
29.99,1019337
29.99,1018337
29.99,1016635
29.99,1016167
29.99,1016113
29.99,1015091
30.00,1013851
30.07,1013177
30.07,1009170
30.07,1005360
30.07,1002181
30.07,999090
31.13,997930
31.13,991562
31.14,990535
31.14,990418
31.17,985275
31.17,984953
31.17,983973
31.17,983045
31.17,981235
31.17,975145
31.17,975035
31.17,974475
31.18,971127
31.18,970747
31.18,970567
31.18,970461
33.41,969489
33.41,966997
33.41,965913
33.41,965822
33.48,964950
33.52,964440
33.52,964099
33.52,962908
33.53,962662
33.54,960559
33.54,960550
33.62,960199
33.63,959873
33.63,957550
33.64,952635
33.65,951637
33.65,951472
33.65,951274
33.65,950210
33.66,947941
34.11,943524
34.11,943105
34.11,942940
34.11,941406
34.43,940202
34.43,934791
34.43,928560
34.43,927203
34.43,923878
34.43,918156
34.43,916727
34.43,916645
34.43,915985
34.43,915621
34.43,913010
34.43,911613
34.44,911528
34.44,910277
34.44,909142
34.44,908924
35.34,905880
35.34,903484
35.34,903188
35.35,900530
36.49,900424
36.49,898060
36.49,897092
36.65,894463
36.65,894005
37.00,893812
37.08,893576
37.08,893214
37.08,892286
37.12,889960
37.12,889215
37.12,888773
37.12,887691
37.13,887581
37.13,884787
37.13,883091
37.14,882093
37.14,880769
37.14,878827
37.14,877889
37.14,877333
37.15,876191
37.15,875261
37.15,875105
37.15,874809
37.17,874466
37.17,873214
37.19,871855
37.19,870367
37.19,868834
37.20,868827
37.20,868646
37.20,866502
37.20,861136
37.20,857428
37.20,857136
37.20,856553
37.74,855407
37.74,853543
37.74,851543
37.75,851426
37.75,851423
37.75,850629
37.75,847674
37.76,844318
37.76,843091
38.64,842218
38.64,841076
38.64,840694
38.64,838640
38.64,838345
38.64,837956
38.64,837896
38.64,834082
38.64,833817
38.64,832706
38.64,832328
40.05,828412
40.05,828178
40.05,828109
40.05,824054
40.05,823899
40.05,821894
40.05,820199
40.05,818935
40.05,818243
40.05,814195
40.06,811556
42.89,811380
42.89,809967
42.93,809942
42.93,806261
42.95,805789
42.96,805567
42.96,805481
42.96,804619
42.96,802309
42.96,800909
42.97,800573
42.98,800345
43.01,799931
43.01,799453
43.01,798786
43.01,798291
43.01,796945
43.01,795811
43.01,794577
43.02,793068
43.02,792721
43.89,790520
44.13,789641
44.13,788729
44.13,787343
44.13,786553
44.32,785789
44.32,779021
44.32,778379
44.33,778122
44.33,776945
44.33,775813
44.33,775445
44.33,773376
44.36,773042
44.64,772591
44.65,771007
44.65,770833
44.65,769704
44.65,767824
44.65,766377
44.65,765111
44.66,765030
44.66,762515
44.66,761848
44.67,760323
44.67,760255
44.68,759682
44.69,758385
44.69,756159
44.69,754909
44.69,754515
44.70,753526
47.24,753396
47.24,752975
47.40,752789
47.40,752573
47.40,752100
47.40,750801
47.42,748786
47.42,748428
47.42,748402
47.42,748159
47.42,747043
47.47,746710
47.48,743671
47.52,743594
47.52,743009
47.53,742340
47.53,741308
47.53,740688
47.57,740143
47.57,738040
47.63,737070
47.78,736984
47.78,736392
49.05,735786
49.05,735255
49.06,735093
49.06,734156
49.07,733978
49.07,733542
49.07,733438
49.41,732531
49.42,730123
49.42,729782
49.43,729385
49.44,729032
49.44,728874
49.46,726760
49.46,726427
49.46,725352
49.47,725064
49.48,725045
49.48,724916
49.49,723546
49.49,723385
49.49,721421
49.49,721414
49.51,721346
49.51,720699
49.52,720429
49.52,720177
49.52,719787
49.52,719417
49.52,719358
49.64,719283
49.91,719184
50.56,719172
50.66,718870
50.66,718613
50.80,718090
50.80,716952
50.81,716096
50.81,714584
50.81,713698
50.81,713040
50.83,712809
50.84,711710
50.85,711186
51.04,711170
51.05,709120
51.05,708351
51.06,708314
51.47,708301
51.47,707775
51.47,707730
51.48,707286
51.59,707055
51.59,706934
51.61,706607
51.62,706214
51.72,705642
51.73,704623
51.73,703952
51.73,703934
51.73,702983
51.73,702530
51.74,702311
51.76,701743
51.88,701428
53.03,700757
53.04,700754
53.04,700121
53.04,700092
53.05,700072
53.05,698819
53.23,697411
53.57,695872
53.58,695793
53.58,694844
53.68,694137
53.69,693591
53.70,693005
53.70,692357
53.71,692313
53.71,691155
53.71,690622
53.72,690048
56.64,688485
56.65,688249
56.66,687402
56.67,687231
56.68,687102
56.76,686838
57.10,686531
57.10,686459
57.13,686218
57.13,684921
57.13,684890
57.14,684067
57.14,683879
60.57,683367
60.67,683334
61.02,683218
61.15,682455
61.17,682397
61.19,681798
61.19,681278
61.19,680915
61.21,680906
61.21,680734
61.67,680556
61.78,680405
61.94,680011
61.95,679991
62.14,679081
62.14,678877
62.15,678197
62.17,677692
62.23,677471
62.26,677416
62.69,677365
62.69,676141
62.70,675880
63.71,675766
63.83,675203
63.86,674646
63.86,673936
63.88,673219
63.90,673111
63.91,671857
63.92,671791
63.93,671449
64.84,671374
64.84,671019
64.88,670976
64.90,670839
64.91,670207
65.09,669997
67.30,669889
67.31,669548
67.38,669273
67.93,669256
67.93,668647
68.20,668312
68.25,667797
68.41,667632
68.43,667361
70.03,667202
70.10,666950
70.10,666931
70.11,666725
70.12,666719
70.14,666657
70.17,666609
70.18,666530
70.18,665916
70.73,665744
70.73,665345
70.74,665284
70.90,665262
70.92,664725
70.94,664601
70.94,664074
70.99,663961
71.01,663930
71.30,663543
71.35,663514
71.36,663454
71.39,663410
71.41,663410
71.44,663163
71.68,663162
71.70,663121
71.72,663088
71.72,662926
71.75,662546
71.75,662183
74.35,662046
74.37,661646
74.38,661474
74.40,661367
82.24,661252
82.54,661187
82.56,661158
82.71,661051
83.12,661051
88.45,661051
88.67,661051
91.02,661022
