0.00,6993655
0.01,6993529
0.01,6987823
0.01,6985235
0.01,6981934
0.01,6980763
0.01,6975685
0.01,6973937
0.01,6941675
0.01,6919143
0.01,6903701
0.01,6900086
0.01,6870968
0.01,6870334
0.01,6850757
0.01,6831719
0.01,6792770
0.01,6788860
0.01,6700469
0.02,6699416
0.02,6691768
0.02,6688030
0.02,6632333
0.02,6506068
0.02,6502325
0.02,6500084
0.02,6490462
0.02,6490385
0.02,6489981
0.02,6489696
0.02,6489608
0.02,6459716
0.02,6455309
0.02,6420992
0.02,6419841
0.02,6413242
0.02,6279657
0.02,6278488
0.02,6248561
0.02,6240750
0.02,6237444
0.02,6237337
0.02,6236861
0.02,6158654
0.02,6157876
0.02,6146577
0.02,6142694
0.02,6142570
0.02,6134427
0.02,6119707
0.02,6117623
0.02,6115798
0.02,6102752
0.02,6100914
0.02,6079323
0.02,6073887
0.02,6050362
0.02,6049893
0.02,6045667
0.02,5943905
0.02,5930112
0.03,5917939
0.03,5914650
0.03,5905489
0.03,5898957
0.03,5872547
0.03,5870671
0.03,5869642
0.03,5868565
0.03,5865796
0.03,5861949
0.03,5835960
0.03,5834454
0.04,5829322
0.04,5743673
0.04,5741263
0.04,5740770
0.04,5738471
0.04,5735321
0.04,5734375
0.04,5705669
0.04,5701376
0.04,5700227
0.04,5682214
0.04,5655554
0.04,5646934
0.04,5621298
0.04,5562622
0.04,5561440
0.04,5561186
0.04,5551922
0.04,5550395
0.04,5543918
0.04,5525472
0.04,5519992
0.05,5518256
0.05,5479161
0.05,5475465
0.05,5466159
0.05,5462097
0.05,5446489
0.05,5423446
0.05,5418230
0.05,5387536
0.05,5387334
0.05,5384613
0.05,5382156
0.05,5350637
0.05,5350476
0.05,5343569
0.05,5341140
0.05,5329007
0.05,5319863
0.05,5309928
0.05,5309487
0.05,5290723
0.05,5271656
0.05,5271424
0.05,5269803
0.05,5269624
0.05,5258606
0.05,5222434
0.05,5217002
0.05,5216958
0.05,5216201
0.05,5200716
0.05,5198923
0.05,5188393
0.05,5178550
0.05,5176787
0.05,5175686
0.05,5172818
0.05,5167936
0.05,5138592
0.05,5132396
0.05,5125524
0.05,5124858
0.05,5124033
0.05,5110611
0.05,5108969
0.05,5106664
0.06,5106122
0.06,5061575
0.06,5051520
0.06,5048812
0.06,5030625
0.06,5029324
0.06,5026596
0.06,5026584
0.06,5021968
0.06,5019082
0.06,5017434
0.06,5014700
0.06,5009189
0.06,5006745
0.06,4986222
0.06,4958276
0.06,4945693
0.06,4942160
0.06,4940817
0.06,4940574
0.06,4939594
0.06,4931648
0.06,4924469
0.06,4923025
0.06,4920907
0.06,4918707
0.06,4907255
0.06,4907243
0.06,4907220
0.06,4901620
0.06,4901420
0.06,4898164
0.06,4886750
0.06,4874446
0.06,4872740
0.06,4872190
0.06,4871634
0.06,4866857
0.06,4865652
0.06,4864737
0.06,4863728
0.06,4798061
0.06,4797208
0.06,4796074
0.06,4766242
0.06,4760237
0.06,4739028
0.06,4735255
0.06,4730495
0.06,4713755
0.06,4651062
0.06,4616547
0.06,4615115
0.06,4613616
0.06,4602179
0.06,4591620
0.06,4590832
0.07,4588966
0.07,4588156
0.07,4585969
0.07,4559572
0.07,4558817
0.07,4557301
0.07,4523076
0.07,4496700
0.07,4491086
0.07,4484076
0.07,4477548
0.07,4474140
0.07,4433983
0.07,4433264
0.07,4426690
0.07,4426461
0.07,4424812
0.07,4424679
0.07,4424514
0.07,4423950
0.07,4417142
0.07,4413119
0.07,4410868
0.07,4330770
0.07,4325435
0.07,4320813
0.07,4304706
0.07,4301917
0.07,4298668
0.07,4296402
0.07,4282030
0.07,4269699
0.07,4267121
0.07,4266933
0.07,4263653
0.07,4263497
0.07,4174068
0.07,4171839
0.07,4165608
0.07,4163137
0.07,4160729
0.07,4156921
0.08,4156877
0.08,4148488
0.08,4144184
0.08,4124296
0.08,4123667
0.08,4120810
0.08,4108799
0.08,4107730
0.08,4102626
0.08,4097330
0.08,4071409
0.08,4071347
0.08,4067474
0.08,4064344
0.08,4059243
0.08,4056502
0.08,4046406
0.08,4045646
0.08,4032610
0.08,4020876
0.08,4017086
0.08,4014890
0.08,4012077
0.08,4010542
0.08,3991532
0.08,3988402
0.08,3976223
0.08,3968604
0.08,3964085
0.08,3960331
0.08,3960310
0.08,3955852
0.08,3923618
0.08,3923142
0.08,3889096
0.08,3888476
0.08,3875745
0.08,3874175
0.08,3872134
0.08,3869280
0.08,3852955
0.08,3850964
0.09,3850953
0.09,3841679
0.09,3833029
0.09,3813498
0.09,3811195
0.09,3781879
0.09,3779251
0.09,3775405
0.09,3773959
0.09,3728138
0.09,3723212
0.09,3719879
0.09,3718178
0.09,3705154
0.09,3688437
0.09,3686465
0.09,3686086
0.09,3683869
0.09,3683228
0.09,3683064
0.09,3681468
0.09,3673841
0.09,3673250
0.09,3670373
0.09,3667703
0.09,3663900
0.09,3654261
0.09,3648313
0.09,3643488
0.09,3643103
0.09,3619376
0.09,3612098
0.09,3611870
0.09,3608329
0.09,3593703
0.09,3593262
0.10,3590791
0.10,3586250
0.10,3583601
0.10,3577550
0.10,3575505
0.10,3559301
0.10,3558872
0.10,3556883
0.10,3548298
0.10,3546961
0.10,3545213
0.10,3544512
0.10,3539444
0.10,3535792
0.10,3535660
0.10,3534563
0.10,3534531
0.10,3534458
0.10,3531767
0.10,3490803
0.10,3490440
0.10,3490198
0.10,3411663
0.10,3410844
0.10,3407414
0.10,3406683
0.10,3393980
0.10,3392221
0.10,3391899
0.10,3391883
0.10,3391025
0.10,3390370
0.10,3387096
0.10,3384661
0.10,3384141
0.10,3383454
0.11,3372684
0.11,3369140
0.11,3368760
0.11,3367542
0.11,3366382
0.11,3241382
0.11,3197338
0.11,3197145
0.11,3120049
0.11,3094475
0.11,3094068
0.11,3092622
0.11,3092604
0.11,3088912
0.11,3064351
0.11,3059420
0.11,3056957
0.11,3054958
0.11,3054761
0.11,3045802
0.11,3045632
0.11,3040358
0.11,3034517
0.11,3030919
0.11,3028633
0.11,3021945
0.11,3015732
0.11,3015654
0.11,3012856
0.11,2988901
0.11,2988455
0.11,2986977
0.11,2986939
0.12,2983490
0.12,2981055
0.12,2972983
0.12,2972076
0.12,2970874
0.12,2966810
0.12,2966257
0.12,2960509
0.12,2960297
0.12,2959975
0.12,2958621
0.12,2958597
0.12,2956607
0.12,2956514
0.12,2947459
0.12,2940831
0.12,2940684
0.12,2937856
0.12,2898145
0.12,2887612
0.12,2883014
0.12,2881775
0.12,2878638
0.12,2878398
0.12,2875908
0.13,2863768
0.13,2832704
0.13,2830440
0.13,2829463
0.13,2822052
0.13,2820794
0.13,2820692
0.13,2814479
0.13,2790362
0.13,2778159
0.13,2756717
0.13,2752471
0.13,2750494
0.13,2749315
0.13,2748250
0.13,2745990
0.13,2708729
0.13,2704647
0.13,2704081
0.13,2701691
0.13,2701277
0.13,2700889
0.13,2700496
0.13,2695661
0.13,2675588
0.13,2650761
0.13,2649218
0.13,2649047
0.13,2648919
0.13,2641911
0.13,2603599
0.13,2589394
0.13,2588573
0.13,2586068
0.13,2584969
0.14,2584517
0.14,2539732
0.14,2534015
0.14,2533569
0.14,2531667
0.14,2531571
0.14,2529260
0.14,2528245
0.14,2528243
0.14,2524212
0.14,2522005
0.14,2513999
0.14,2512428
0.14,2510430
0.14,2444807
0.14,2437534
0.14,2437513
0.14,2437100
0.14,2436067
0.14,2423885
0.14,2423512
0.14,2410560
0.14,2408973
0.14,2408965
0.14,2393882
0.14,2393482
0.14,2389328
0.14,2360576
0.14,2357308
0.14,2356649
0.14,2352144
0.14,2349317
0.14,2343904
0.15,2342122
0.15,2321958
0.15,2320845
0.15,2320663
0.15,2317769
0.15,2316771
0.15,2314446
0.15,2300328
0.15,2296261
0.15,2295766
0.15,2294007
0.15,2293925
0.15,2289903
0.15,2285600
0.15,2284938
0.15,2284157
0.15,2280959
0.15,2280529
0.15,2278316
0.15,2276105
0.15,2267845
0.15,2256998
0.15,2246251
0.15,2234543
0.15,2234380
0.15,2226058
0.15,2225476
0.15,2219569
0.16,2218347
0.16,2214984
0.16,2213985
0.16,2212497
0.16,2209488
0.16,2208806
0.16,2208679
0.16,2208335
0.16,2208075
0.16,2198462
0.16,2165128
0.16,2164111
0.16,2160776
0.16,2157677
0.16,2157321
0.16,2148765
0.16,2148479
0.16,2148095
0.16,2147101
0.16,2130955
0.16,2124188
0.16,2123069
0.17,2102742
0.17,2102343
0.17,2100037
0.17,2098075
0.17,2097190
0.17,2096684
0.17,2091976
0.17,2085159
0.17,2085088
0.17,2084454
0.17,2084406
0.17,2083855
0.17,2079190
0.17,2077228
0.17,2075430
0.18,2061414
0.18,2041968
0.18,2041500
0.18,2037492
0.18,2037394
0.18,2033239
0.18,2031747
0.18,2026723
0.18,2026361
0.18,2025164
0.18,2024312
0.18,1998299
0.18,1996845
0.18,1994952
0.18,1990291
0.18,1990084
0.18,1987050
0.18,1981430
0.19,1978985
0.19,1970821
0.19,1969496
0.19,1969374
0.19,1966149
0.19,1964927
0.19,1949401
0.19,1947987
0.19,1947987
0.19,1946038
0.19,1944604
0.19,1940629
0.19,1940463
0.19,1940154
0.19,1939856
0.19,1938830
0.19,1938578
0.19,1938323
0.19,1934770
0.20,1918595
0.20,1914419
0.20,1913606
0.20,1912239
0.20,1911918
0.20,1911378
0.20,1903742
0.20,1902674
0.20,1898326
0.20,1886479
0.20,1880056
0.20,1878336
0.20,1878264
0.20,1878197
0.20,1853693
0.20,1815476
0.21,1811594
0.21,1804486
0.21,1803827
0.21,1803196
0.21,1802916
0.21,1800595
0.21,1797194
0.21,1794374
0.21,1793309
0.21,1789872
0.21,1787985
0.21,1786992
0.22,1786844
0.22,1773525
0.22,1772953
0.22,1772832
0.22,1772288
0.22,1768984
0.22,1759527
0.22,1750464
0.22,1749213
0.22,1748527
0.22,1748177
0.22,1747062
0.22,1744927
0.23,1744592
0.23,1744461
0.23,1743336
0.23,1740857
0.23,1740566
0.23,1739712
0.23,1736137
0.23,1734931
0.23,1733843
0.23,1722294
0.23,1720813
0.23,1720072
0.23,1719059
0.23,1719055
0.23,1712275
0.23,1712174
0.24,1710120
0.24,1708734
0.24,1708716
0.24,1704673
0.24,1703990
0.24,1698273
0.24,1690064
0.24,1689741
0.24,1689046
0.24,1688761
0.25,1687662
0.25,1687455
0.25,1687052
0.25,1686798
0.25,1685562
0.25,1682965
0.25,1665289
0.25,1660772
0.25,1660704
0.25,1638875
0.25,1638466
0.25,1638245
0.26,1637366
0.26,1633682
0.26,1633544
0.26,1624539
0.26,1623716
0.26,1615511
0.26,1613733
0.26,1611246
0.26,1610249
0.26,1541403
0.27,1539167
0.27,1538574
0.28,1537533
0.28,1535530
0.28,1509320
0.28,1505576
0.28,1497510
0.28,1495253
0.28,1485941
0.29,1482470
0.29,1441913
0.29,1436282
0.29,1433586
0.29,1423168
0.29,1423036
0.29,1422975
0.29,1422429
0.30,1422057
0.30,1388680
0.30,1387733
0.31,1387406
0.31,1384024
0.31,1378613
0.31,1375695
0.31,1374988
0.31,1372515
0.31,1371914
0.31,1371679
0.31,1367794
0.31,1366840
0.32,1361011
0.32,1360467
0.32,1355960
0.32,1349885
0.32,1347036
0.32,1345546
0.32,1344215
0.32,1336114
0.33,1335797
0.33,1335559
0.33,1334241
0.33,1331627
0.33,1331548
0.33,1331370
0.33,1331322
0.33,1330009
0.34,1329810
0.34,1329652
0.34,1327661
0.34,1326505
0.34,1325569
0.34,1324799
0.34,1324764
0.35,1322818
0.35,1322530
0.35,1322169
0.35,1317761
0.35,1317442
0.35,1312642
0.35,1308818
0.36,1308621
0.36,1297305
0.36,1296903
0.36,1296600
0.36,1289262
0.36,1289250
0.37,1282020
0.37,1276030
0.37,1264273
0.37,1260456
0.37,1260257
0.37,1258490
0.38,1256254
0.38,1255458
0.38,1254232
0.38,1253885
0.38,1252520
0.38,1251759
0.38,1250164
0.38,1248883
0.38,1247272
0.38,1245945
0.39,1243136
0.39,1242766
0.39,1241437
0.39,1237103
0.39,1234141
0.39,1234095
0.40,1226363
0.40,1223825
0.40,1208218
0.40,1203429
0.40,1202002
0.40,1176454
0.40,1175997
0.40,1175574
0.40,1162080
0.40,1159163
0.40,1157399
0.41,1152700
0.41,1150883
0.41,1144962
0.41,1144774
0.41,1142891
0.42,1137795
0.42,1136028
0.42,1132868
0.42,1130818
0.42,1130810
0.42,1129971
0.42,1127903
0.43,1127895
0.43,1127728
0.43,1127291
0.43,1124334
0.44,1124019
0.44,1123866
0.44,1122956
0.44,1122359
0.44,1122024
0.45,1118472
0.45,1118388
0.45,1116895
0.45,1116049
0.46,1115705
0.46,1114680
0.46,1114227
0.47,1113969
0.47,1113655
0.47,1113437
0.47,1111340
0.47,1110318
0.47,1108352
0.47,1108217
0.48,1107630
0.48,1106455
0.49,1105361
0.49,1105238
0.50,1105042
0.50,1104502
0.50,1104493
0.50,1104454
0.50,1103980
0.50,1100541
0.50,1100504
0.51,1099950
0.51,1099668
0.52,1099590
0.52,1097177
0.52,1094125
0.52,1092003
0.52,1091391
0.53,1090604
0.53,1089809
0.53,1089575
0.53,1088705
0.53,1088704
0.53,1088524
0.53,1088415
0.53,1087971
0.54,1087878
0.54,1086256
0.54,1078642
0.54,1078201
0.54,1078170
0.54,1077996
0.54,1063774
0.54,1063610
0.55,1063232
0.55,1008010
0.56,1008002
0.56,1004121
0.56,1003702
0.57,1001961
0.57,996027
0.57,990033
0.57,989636
0.58,989546
0.58,988652
0.59,987364
0.59,987303
0.59,985168
0.59,984854
0.59,982477
0.60,979287
0.60,978659
0.60,978489
0.60,977356
0.60,976880
0.60,975412
0.60,974946
0.60,957800
0.61,957735
0.61,954549
0.61,954191
0.62,953615
0.62,948830
0.62,948651
0.62,948621
0.62,945916
0.62,945908
0.63,942668
0.63,942122
0.63,939274
0.64,936889
0.64,934041
0.65,933845
0.65,933827
0.65,933471
0.66,931889
0.67,931517
0.67,931487
0.67,931327
0.67,930844
0.67,929091
0.67,923255
0.68,922977
0.70,921400
0.70,920300
0.70,919480
0.71,916435
0.71,908971
0.71,907561
0.71,906098
0.72,905943
0.72,902993
0.72,900804
0.73,900470
0.73,896977
0.73,896752
0.73,895424
0.75,895385
0.75,895385
0.76,893884
0.76,893830
0.76,893583
0.77,892455
0.77,891154
0.78,889626
0.78,889451
0.80,889176
0.80,885645
0.80,884440
0.80,883630
0.81,882897
0.81,870888
0.81,869045
0.81,868918
0.81,868873
0.81,868713
0.83,868563
0.84,849348
0.84,848782
0.84,848472
0.84,847802
0.84,847245
0.84,840085
0.85,839767
0.85,837777
0.86,837046
0.87,836279
0.87,834621
0.88,834452
0.88,834438
0.88,833642
0.89,815718
0.90,815397
0.91,813857
0.91,813417
0.92,812918
0.92,812586
0.93,811316
0.95,806865
0.96,806700
0.96,806387
0.96,804495
0.96,802306
0.96,800093
0.97,799016
0.98,798593
0.98,798090
0.99,797096
0.99,795723
0.99,795616
1.00,795616
1.00,794674
1.00,794262
1.01,788217
1.02,782191
1.03,781142
1.03,780721
1.04,764668
1.05,760096
1.05,760022
1.05,759987
1.06,758140
1.06,750923
1.10,750061
1.11,748723
1.11,748235
1.12,747778
1.14,743757
1.15,743745
1.16,743505
1.17,742685
1.19,742583
1.19,742042
1.19,740212
1.20,740098
1.24,739709
1.25,739602
1.26,738304
1.28,738227
1.28,738026
1.28,728919
1.29,727284
1.30,716711
1.30,716500
1.31,715963
1.32,715556
1.34,714984
1.38,714958
1.40,714318
1.41,712476
1.43,710012
1.44,709517
1.45,708609
1.45,708079
1.49,705075
1.50,704875
1.54,704730
1.56,704697
1.58,704505
1.62,704227
1.65,701525
1.66,691032
1.68,688383
1.69,687894
1.75,686099
1.76,685812
1.79,685625
1.80,685155
1.81,684937
1.86,684592
1.89,683812
1.99,683348
2.10,680477
2.19,678175
2.47,677199
2.91,676636
32.96,676395
183.42,676082
183.46,675797
183.48,675444
183.61,675387
183.66,675161
183.84,674899
183.92,674162
183.96,673893
184.42,673851
184.54,673414
184.80,673279
283.51,672506
283.82,672366
285.25,671794
285.34,671516
285.44,671457
356.93,671443
356.93,671441
358.67,671246
358.85,670921
361.86,669986
557.30,667187
557.39,667165
557.73,666171
