0.00,6981460
0.01,6976806
0.01,6946155
0.01,6940683
0.01,6935803
0.01,6933334
0.01,6921489
0.01,6904754
0.01,6879849
0.01,6853804
0.01,6853538
0.01,6844500
0.01,6842594
0.01,6840445
0.01,6835915
0.01,6832828
0.01,6828756
0.01,6812411
0.01,6796309
0.01,6795820
0.01,6767978
0.01,6765390
0.01,6764979
0.01,6678867
0.01,6622898
0.01,6622141
0.01,6614931
0.02,6606848
0.02,6601849
0.02,6541600
0.02,6537644
0.02,6499802
0.02,6485390
0.02,6483934
0.02,6461407
0.02,6415775
0.02,6411572
0.02,6400262
0.02,6374968
0.02,6373630
0.02,6361342
0.02,6359361
0.02,6349248
0.02,6329666
0.02,6329594
0.02,6303148
0.02,6284540
0.02,6282948
0.02,6279402
0.02,6258562
0.02,6253223
0.02,6242358
0.02,6225602
0.02,6204926
0.02,6202708
0.02,6202646
0.02,6201910
0.02,6194953
0.02,6117455
0.02,6113390
0.02,6110800
0.02,6098992
0.02,6082968
0.02,6056904
0.03,6055973
0.03,6052893
0.03,6035894
0.03,6030121
0.03,6024628
0.03,6024427
0.03,6023925
0.03,6012576
0.03,6009593
0.03,6006552
0.03,6005608
0.03,6002834
0.03,5999898
0.03,5999374
0.03,5996982
0.03,5953797
0.03,5925505
0.03,5923614
0.03,5923117
0.04,5920297
0.04,5905454
0.04,5887960
0.04,5886963
0.04,5884694
0.04,5884239
0.04,5882882
0.04,5858140
0.04,5851725
0.04,5850814
0.04,5811236
0.04,5765159
0.04,5737137
0.04,5700695
0.04,5651511
0.04,5645793
0.04,5643718
0.04,5643073
0.04,5640680
0.04,5608481
0.04,5607395
0.04,5586913
0.04,5577250
0.04,5575343
0.04,5527113
0.04,5521820
0.04,5499248
0.04,5490287
0.04,5461317
0.04,5448333
0.04,5441558
0.04,5437047
0.04,5427790
0.04,5427765
0.04,5419789
0.04,5417899
0.04,5413591
0.04,5409427
0.04,5389386
0.04,5385413
0.04,5362675
0.04,5362150
0.04,5359803
0.04,5345686
0.04,5327288
0.04,5326073
0.04,5309160
0.04,5256355
0.04,5253920
0.04,5253859
0.05,5251767
0.05,5251620
0.05,5251197
0.05,5251184
0.05,5238320
0.05,5226870
0.05,5222133
0.05,5193668
0.05,5187969
0.05,5146229
0.05,5018855
0.05,5018649
0.05,5017895
0.05,4996711
0.05,4995809
0.05,4994386
0.05,4990452
0.05,4990247
0.05,4983403
0.05,4980537
0.05,4973391
0.05,4972805
0.05,4971716
0.05,4949018
0.05,4934425
0.05,4930734
0.05,4923801
0.05,4914002
0.05,4913208
0.05,4861505
0.05,4808583
0.05,4791280
0.05,4785705
0.05,4783660
0.05,4783656
0.05,4777664
0.05,4749891
0.05,4737347
0.05,4730430
0.05,4726585
0.05,4724634
0.05,4720352
0.05,4719404
0.05,4717527
0.05,4714650
0.05,4713865
0.05,4713486
0.05,4653321
0.05,4650942
0.05,4636083
0.05,4633807
0.05,4632603
0.05,4616666
0.05,4616221
0.05,4615558
0.05,4593566
0.05,4591734
0.05,4572560
0.05,4568863
0.05,4568046
0.05,4560077
0.06,4559735
0.06,4559306
0.06,4553331
0.06,4541539
0.06,4541509
0.06,4530783
0.06,4516589
0.06,4492337
0.06,4460686
0.06,4454815
0.06,4454737
0.06,4454513
0.06,4371226
0.06,4368004
0.06,4365625
0.06,4364633
0.06,4364365
0.06,4362378
0.06,4355074
0.06,4350040
0.06,4345293
0.06,4343411
0.06,4301380
0.06,4299002
0.06,4298833
0.06,4287006
0.06,4286996
0.06,4284818
0.06,4283345
0.06,4283181
0.06,4283080
0.06,4280025
0.06,4275321
0.06,4271508
0.06,4267772
0.06,4266380
0.06,4260314
0.06,4173588
0.06,4172660
0.06,4172047
0.06,4142565
0.07,4141350
0.07,4133665
0.07,4091781
0.07,4080028
0.07,4079285
0.07,4077766
0.07,4069205
0.07,4064172
0.07,4063299
0.07,4056814
0.07,4056648
0.07,4054701
0.07,4051742
0.07,4046643
0.07,4032367
0.07,4027221
0.07,4019968
0.07,4015717
0.07,4015316
0.07,4015250
0.07,4014176
0.07,4014062
0.07,4012572
0.07,3997302
0.07,3996418
0.07,3991656
0.07,3963577
0.07,3963217
0.07,3950387
0.07,3949677
0.07,3906975
0.07,3906437
0.07,3904279
0.07,3900338
0.07,3889475
0.07,3888660
0.07,3858079
0.07,3846789
0.07,3796586
0.07,3794907
0.07,3763328
0.08,3761762
0.08,3761702
0.08,3759061
0.08,3748768
0.08,3721660
0.08,3721126
0.08,3691341
0.08,3678545
0.08,3678432
0.08,3583505
0.08,3535510
0.08,3530842
0.08,3529321
0.08,3519739
0.08,3506361
0.08,3500460
0.08,3499761
0.08,3494979
0.08,3487721
0.08,3487081
0.08,3481143
0.08,3463327
0.08,3462477
0.08,3455606
0.08,3454335
0.08,3452912
0.08,3448909
0.08,3448897
0.08,3447378
0.08,3406505
0.08,3401690
0.08,3328241
0.08,3327747
0.08,3320036
0.08,3319626
0.08,3317126
0.08,3316375
0.08,3315956
0.08,3310980
0.08,3310240
0.08,3287279
0.08,3276056
0.08,3224255
0.08,3218060
0.08,3214845
0.08,3214305
0.08,3212595
0.08,3211098
0.08,3211097
0.08,3210851
0.09,3209599
0.09,3205114
0.09,3205006
0.09,3185294
0.09,3184375
0.09,3138577
0.09,3137819
0.09,3137006
0.09,3125857
0.09,3123966
0.09,3111871
0.09,3111493
0.09,3092469
0.09,3091781
0.09,3083878
0.09,3073244
0.09,3072327
0.09,3070967
0.09,3056167
0.09,3052890
0.09,3034608
0.09,3030416
0.09,3027982
0.09,3020192
0.09,2983599
0.09,2973935
0.09,2973354
0.09,2944341
0.09,2939892
0.09,2939676
0.09,2938730
0.09,2884983
0.09,2846262
0.09,2843681
0.09,2841709
0.09,2835580
0.10,2832618
0.10,2832336
0.10,2830992
0.10,2826205
0.10,2826111
0.10,2825234
0.10,2787881
0.10,2787101
0.10,2786930
0.10,2785707
0.10,2785570
0.10,2783772
0.10,2783024
0.10,2779852
0.10,2779241
0.10,2774889
0.10,2772818
0.10,2772063
0.10,2771828
0.10,2771460
0.10,2718765
0.10,2717617
0.10,2682686
0.10,2677448
0.11,2676944
0.11,2676475
0.11,2674725
0.11,2674093
0.11,2672046
0.11,2667121
0.11,2667103
0.11,2666821
0.11,2666033
0.11,2661987
0.11,2658697
0.11,2654713
0.11,2654106
0.11,2653907
0.11,2652270
0.11,2651895
0.11,2639891
0.11,2636244
0.11,2618049
0.11,2616602
0.11,2616574
0.11,2611250
0.11,2609800
0.11,2539512
0.11,2538524
0.11,2471330
0.11,2464469
0.12,2462589
0.12,2455832
0.12,2455740
0.12,2454885
0.12,2449877
0.12,2448105
0.12,2441573
0.12,2432933
0.12,2426410
0.12,2422133
0.12,2418124
0.12,2417134
0.12,2415436
0.12,2413235
0.12,2412799
0.12,2402007
0.12,2401230
0.12,2398027
0.12,2398021
0.12,2390183
0.12,2390100
0.12,2389231
0.12,2384824
0.12,2384499
0.12,2362097
0.12,2352426
0.12,2337639
0.12,2325662
0.12,2315769
0.12,2313176
0.12,2311509
0.13,2300086
0.13,2298102
0.13,2297829
0.13,2296985
0.13,2296774
0.13,2294713
0.13,2293422
0.13,2286038
0.13,2278038
0.13,2277194
0.13,2273525
0.13,2268162
0.13,2266584
0.13,2249295
0.13,2248443
0.13,2219155
0.13,2201256
0.13,2199365
0.13,2193184
0.13,2190276
0.13,2189174
0.13,2188916
0.13,2187197
0.13,2183004
0.13,2182875
0.13,2157776
0.13,2156841
0.13,2142994
0.13,2141967
0.13,2140984
0.13,2140738
0.14,2125879
0.14,2125504
0.14,2125484
0.14,2122038
0.14,2120008
0.14,2119811
0.14,2111588
0.14,2110467
0.14,2108103
0.14,2105450
0.14,2103775
0.14,2103447
0.14,2103318
0.14,2103154
0.14,2090819
0.14,2089622
0.14,2087072
0.14,2087064
0.14,2086365
0.14,2045259
0.14,2043279
0.14,2043261
0.14,2042310
0.14,2038206
0.14,2037110
0.14,2036335
0.15,2034425
0.15,2034272
0.15,1995383
0.15,1994393
0.15,1991257
0.15,1989390
0.15,1973696
0.15,1956947
0.15,1954615
0.15,1949825
0.15,1945845
0.15,1945612
0.15,1944441
0.15,1934711
0.15,1934065
0.15,1933086
0.15,1930208
0.15,1928553
0.15,1927452
0.15,1926230
0.16,1926167
0.16,1925685
0.16,1920654
0.16,1916524
0.16,1904060
0.16,1904051
0.16,1902545
0.16,1901467
0.16,1900254
0.16,1899259
0.16,1895899
0.16,1884863
0.17,1882773
0.17,1882589
0.17,1879185
0.17,1877177
0.17,1873047
0.17,1870627
0.17,1867693
0.17,1863107
0.17,1861772
0.17,1843062
0.17,1828941
0.17,1826862
0.17,1826828
0.17,1825937
0.18,1825142
0.18,1824533
0.18,1823627
0.18,1822914
0.18,1812111
0.18,1810921
0.18,1801014
0.18,1800925
0.18,1800693
0.19,1800557
0.19,1799258
0.19,1799221
0.19,1796944
0.19,1796446
0.19,1789848
0.19,1788561
0.19,1788556
0.19,1785157
0.19,1780560
0.20,1780114
0.20,1759091
0.20,1758491
0.20,1757538
0.20,1720249
0.20,1720103
0.20,1719489
0.20,1696138
0.20,1695522
0.20,1692651
0.21,1692580
0.21,1673852
0.21,1672963
0.21,1672192
0.21,1671184
0.21,1670607
0.21,1664203
0.22,1663094
0.22,1641226
0.22,1639792
0.22,1638107
0.22,1637914
0.22,1637451
0.22,1634329
0.22,1605541
0.22,1602495
0.22,1568070
0.22,1567848
0.22,1567461
0.22,1566270
0.22,1564876
0.22,1563549
0.22,1563115
0.23,1561009
0.23,1560810
0.23,1558954
0.23,1558344
0.23,1557278
0.24,1556595
0.24,1556037
0.24,1555873
0.24,1555189
0.24,1551604
0.24,1498342
0.24,1496740
0.24,1494452
0.24,1494441
0.24,1493440
0.24,1493241
0.25,1493099
0.25,1493006
0.25,1492487
0.25,1491939
0.25,1490340
0.25,1490328
0.25,1483329
0.26,1479109
0.26,1472804
0.26,1436572
0.26,1435920
0.26,1435915
0.26,1427945
0.26,1425635
0.26,1424881
0.27,1422958
0.27,1421325
0.27,1420872
0.27,1420637
0.27,1420099
0.27,1420052
0.27,1418537
0.28,1418329
0.28,1415608
0.28,1414730
0.28,1412673
0.28,1410734
0.29,1410148
0.29,1401342
0.29,1400456
0.29,1393393
0.29,1385048
0.29,1383839
0.29,1336494
0.29,1327480
0.30,1323389
0.30,1315522
0.30,1313274
0.30,1298406
0.30,1298341
0.30,1298105
0.30,1297944
0.30,1294513
0.31,1294274
0.31,1292147
0.31,1292094
0.31,1291586
0.31,1289505
0.32,1287681
0.32,1287164
0.32,1281853
0.32,1281489
0.32,1278865
0.32,1277733
0.32,1277558
0.32,1276289
0.32,1274654
0.32,1273748
0.33,1266268
0.33,1264284
0.33,1256184
0.33,1255427
0.33,1250012
0.33,1247515
0.33,1246951
0.33,1244960
0.34,1244311
0.34,1243931
0.34,1242616
0.34,1240384
0.34,1240357
0.34,1239374
0.34,1238990
0.34,1217935
0.34,1217521
0.35,1216419
0.35,1216123
0.35,1215366
0.35,1207207
0.35,1204504
0.35,1203589
0.35,1203423
0.36,1202619
0.36,1202187
0.36,1201321
0.36,1195035
0.36,1191596
0.36,1190793
0.37,1189816
0.37,1189288
0.37,1185766
0.37,1184057
0.37,1173770
0.37,1172264
0.37,1171001
0.37,1170955
0.38,1163154
0.38,1162906
0.38,1156722
0.38,1156722
0.38,1151746
0.38,1149748
0.38,1149282
0.39,1148576
0.40,1148186
0.40,1146400
0.40,1143479
0.40,1141566
0.40,1141172
0.40,1118727
0.41,1114563
0.41,1110577
0.41,1110332
0.41,1109688
0.41,1105392
0.41,1105290
0.42,1105218
0.42,1103987
0.43,1103368
0.43,1090517
0.43,1089889
0.43,1088885
0.43,1088430
0.44,1086473
0.44,1086342
0.45,1084199
0.45,1082873
0.46,1081424
0.46,1080810
0.47,1079629
0.47,1079463
0.47,1079387
0.47,1078918
0.47,1075408
0.48,1075064
0.48,1072692
0.48,1071800
0.49,1071381
0.49,1068655
0.49,1066616
0.51,1038786
0.52,1037868
0.52,1036884
0.53,1036780
0.53,1036773
0.53,1036531
0.54,1011397
0.55,1010339
0.55,1009880
0.55,1009733
0.55,1009165
0.55,1004354
0.55,1002469
0.56,1001808
0.56,1001201
0.56,999954
0.56,999748
0.56,997278
0.57,994486
0.57,992876
0.57,992714
0.58,992461
0.58,988539
0.58,988303
0.59,983268
0.59,981937
0.60,981780
0.60,981722
0.61,981226
0.61,979023
0.61,978844
0.61,978689
0.62,978689
0.63,977177
0.64,976853
0.65,975753
0.65,973486
0.66,928600
0.66,928002
0.68,926766
0.68,925958
0.68,925184
0.69,924012
0.69,923806
0.69,923099
0.69,922468
0.71,921345
0.71,921269
0.72,920032
0.73,918652
0.73,916229
0.73,916062
0.74,915773
0.74,914386
0.74,912133
0.74,911412
0.74,908150
0.75,907378
0.75,906290
0.76,905263
0.76,905214
0.77,904619
0.77,903668
0.78,903255
0.78,900542
0.79,899907
0.79,899151
0.79,896160
0.80,896035
0.83,895859
0.84,895445
0.84,895327
0.85,895169
0.86,892475
0.86,892313
0.86,889844
0.87,889643
0.87,882482
0.88,881853
0.89,881305
0.89,881225
0.89,872187
0.89,871518
0.89,871437
0.90,871292
0.90,870228
0.91,865806
0.91,865204
0.91,861933
0.92,861575
0.93,859956
0.93,858139
0.93,856188
0.93,854424
0.95,851065
0.95,849383
0.96,848371
0.98,848035
0.98,847461
0.99,845028
1.00,836649
1.00,835373
1.01,834885
1.02,834349
1.03,834326
1.05,834039
1.05,833927
1.06,833812
1.06,833769
1.06,832860
1.07,832559
1.07,832114
1.07,831766
1.08,813301
1.08,812436
1.10,798568
1.11,797803
1.11,796540
1.12,781751
1.12,780173
1.13,778945
1.15,778172
1.15,775702
1.17,774685
1.20,767919
1.21,767508
1.22,766954
1.23,765366
1.24,765019
1.25,764943
1.26,764943
1.26,763908
1.27,762575
1.32,761581
1.33,759855
1.36,758352
1.37,756996
1.37,756346
1.39,755329
1.39,755043
1.40,754460
1.40,754306
1.40,753874
1.41,750751
1.43,749595
1.44,749199
1.45,748259
1.48,748063
1.49,747231
1.49,747092
1.51,746630
1.53,746315
1.57,746244
1.58,738506
1.60,737417
1.60,736939
1.61,736539
1.62,732607
1.63,732179
1.64,732114
1.65,732029
1.69,731864
1.69,731268
1.70,729774
1.71,727766
1.71,726455
1.72,726374
1.72,725540
1.78,725482
1.79,725356
1.79,725035
1.81,719255
1.83,719196
1.83,718970
1.84,711736
1.85,710201
1.91,709375
1.99,708803
2.00,708008
2.07,707982
2.07,707706
2.10,707607
2.12,707428
2.16,706927
2.16,706273
2.18,706264
2.19,705836
2.22,705543
2.24,705283
2.24,705043
2.24,703705
2.24,703313
2.28,698386
2.40,690295
2.42,689515
2.53,688182
2.55,686527
2.59,686407
2.64,685965
2.69,684654
2.88,684632
3.14,684239
3.30,684067
3.31,683990
3.35,683755
5.67,682820
5.71,682772
5.85,681779
5.88,681425
5.89,680810
6.15,680487
9.23,679975
10.74,679567
10.95,679151
11.36,678574
11.80,678227
19.56,677117
19.59,677077
19.74,676901
20.00,676660
20.00,676505
26.61,675483
26.79,674834
27.28,673728
52.28,672921
52.30,671452
52.83,669356
