0.00,6992106
0.01,6991942
0.01,6990610
0.01,6956532
0.01,6945668
0.01,6944838
0.01,6937227
0.02,6933103
0.02,6918989
0.02,6860548
0.02,6853521
0.02,6847123
0.02,6834235
0.02,6831753
0.02,6831610
0.02,6827929
0.02,6827241
0.02,6813493
0.02,6810694
0.02,6800646
0.02,6734266
0.02,6733888
0.02,6727201
0.02,6724699
0.02,6676008
0.02,6669506
0.02,6664538
0.02,6653547
0.02,6651884
0.02,6639734
0.02,6638106
0.02,6634651
0.03,6627543
0.03,6590076
0.03,6581916
0.03,6575987
0.03,6573851
0.03,6499392
0.03,6473239
0.03,6470682
0.03,6461308
0.03,6458872
0.03,6433198
0.03,6393016
0.03,6385418
0.03,6381450
0.03,6358474
0.03,6356061
0.03,6347795
0.03,6340440
0.03,6268129
0.03,6263417
0.03,6261281
0.03,6256399
0.04,6255054
0.04,6253171
0.04,6252596
0.04,6252325
0.04,6252228
0.04,6251154
0.04,6248298
0.04,6237920
0.04,6230869
0.04,6226410
0.04,6225934
0.04,6222786
0.04,6190125
0.04,6187899
0.04,6142764
0.04,6140930
0.04,6094381
0.04,6083990
0.04,6051719
0.05,6030799
0.05,5965587
0.05,5953101
0.05,5919073
0.05,5917761
0.05,5916215
0.05,5911311
0.05,5909445
0.05,5903218
0.05,5892628
0.05,5891792
0.05,5889517
0.05,5887416
0.05,5877863
0.05,5869610
0.05,5829595
0.05,5826175
0.05,5810557
0.05,5800112
0.05,5791152
0.05,5783418
0.05,5771626
0.05,5770368
0.05,5770219
0.05,5770168
0.05,5694571
0.05,5598962
0.05,5580720
0.05,5577999
0.05,5575926
0.05,5574167
0.05,5567690
0.05,5550210
0.05,5541782
0.05,5520589
0.05,5520481
0.05,5516911
0.05,5516169
0.05,5515587
0.05,5509239
0.05,5508944
0.06,5458769
0.06,5454992
0.06,5454958
0.06,5439476
0.06,5417601
0.06,5413658
0.06,5413249
0.06,5412439
0.06,5406915
0.06,5405935
0.06,5402066
0.06,5398182
0.06,5397004
0.06,5395449
0.06,5387246
0.06,5367776
0.06,5367544
0.06,5350936
0.06,5345751
0.06,5343805
0.06,5309590
0.06,5309058
0.06,5305193
0.06,5300465
0.06,5289887
0.06,5281858
0.06,5254078
0.06,5238649
0.06,5233555
0.06,5232083
0.06,5198216
0.06,5195225
0.06,5173027
0.06,5172427
0.06,5151582
0.07,5150868
0.07,5150496
0.07,5145815
0.07,5145205
0.07,5143840
0.07,5141716
0.07,5121209
0.07,5120164
0.07,5118890
0.07,5115038
0.07,5106302
0.07,5106208
0.07,5105217
0.07,5103565
0.07,5088984
0.07,5088082
0.07,5005319
0.07,5001899
0.07,5001509
0.07,4982034
0.07,4976108
0.07,4923253
0.07,4870531
0.07,4870326
0.07,4864367
0.07,4862491
0.07,4861853
0.07,4841525
0.07,4834583
0.07,4833192
0.07,4830603
0.07,4826972
0.07,4825376
0.07,4808426
0.07,4807953
0.08,4806959
0.08,4805557
0.08,4795421
0.08,4794299
0.08,4794224
0.08,4793097
0.08,4779698
0.08,4779487
0.08,4779182
0.08,4760400
0.08,4758556
0.08,4755196
0.08,4753388
0.08,4748089
0.08,4736447
0.08,4734454
0.08,4650484
0.08,4649335
0.08,4645060
0.08,4645012
0.08,4638699
0.08,4624188
0.08,4622215
0.08,4611096
0.08,4598536
0.08,4582254
0.08,4570284
0.08,4570106
0.08,4565635
0.08,4563303
0.08,4563132
0.08,4556170
0.08,4549817
0.08,4546253
0.08,4544897
0.08,4544009
0.08,4509518
0.08,4506415
0.08,4497739
0.08,4488724
0.08,4488721
0.09,4481048
0.09,4472337
0.09,4444911
0.09,4419270
0.09,4400950
0.09,4361415
0.09,4353340
0.09,4290308
0.09,4277700
0.09,4268398
0.09,4268111
0.09,4264912
0.09,4262242
0.09,4255338
0.09,4254210
0.09,4253783
0.09,4218610
0.09,4218415
0.09,4207039
0.09,4198287
0.09,4182378
0.09,4182320
0.09,4181898
0.09,4177649
0.09,4160258
0.09,4159253
0.09,4157833
0.09,4152185
0.09,4143312
0.09,4141912
0.09,4136521
0.10,4133144
0.10,4128335
0.10,4128106
0.10,4108327
0.10,4096602
0.10,4088689
0.10,4088403
0.10,4088279
0.10,4084179
0.10,4031193
0.10,4029390
0.10,4013830
0.10,4011197
0.10,3950764
0.10,3950338
0.10,3946304
0.10,3942708
0.10,3914817
0.10,3914803
0.10,3893641
0.10,3885113
0.10,3873893
0.10,3859631
0.10,3794948
0.10,3792480
0.10,3792266
0.10,3774409
0.10,3724872
0.10,3724474
0.10,3724467
0.10,3724278
0.10,3723076
0.10,3717088
0.10,3716331
0.10,3707101
0.10,3690154
0.10,3689118
0.10,3679746
0.10,3673897
0.10,3645344
0.11,3636218
0.11,3629226
0.11,3628647
0.11,3619597
0.11,3618643
0.11,3616011
0.11,3612142
0.11,3611084
0.11,3572871
0.11,3572707
0.11,3513692
0.11,3500821
0.11,3500064
0.11,3498034
0.11,3496544
0.11,3496538
0.11,3490897
0.11,3485003
0.11,3476077
0.11,3475786
0.11,3475105
0.11,3474562
0.11,3474080
0.11,3473361
0.11,3471805
0.11,3470773
0.11,3462584
0.11,3449128
0.11,3446260
0.12,3445640
0.12,3445278
0.12,3443712
0.12,3319781
0.12,3319778
0.12,3318567
0.12,3279292
0.12,3277651
0.12,3277109
0.12,3265975
0.12,3265968
0.12,3258044
0.12,3247837
0.12,3238520
0.12,3218975
0.12,3218715
0.12,3218659
0.12,3216172
0.12,3214044
0.12,3213906
0.12,3212339
0.12,3211754
0.12,3208076
0.12,3207130
0.12,3205524
0.12,3173475
0.12,3172698
0.12,3172575
0.12,3170538
0.12,3169765
0.12,3134862
0.12,3127496
0.13,3126067
0.13,3124725
0.13,3124282
0.13,3122588
0.13,3122453
0.13,3121868
0.13,3116416
0.13,3095350
0.13,3042068
0.13,3035933
0.13,3034849
0.13,3033852
0.13,3032566
0.13,2997313
0.13,2996321
0.13,2977378
0.13,2977296
0.13,2973999
0.13,2973430
0.13,2957219
0.13,2956868
0.13,2955540
0.14,2955456
0.14,2950512
0.14,2947711
0.14,2947659
0.14,2946800
0.14,2945845
0.14,2931947
0.14,2931491
0.14,2905412
0.14,2903858
0.14,2900591
0.14,2900101
0.14,2899526
0.14,2899486
0.14,2897746
0.15,2894663
0.15,2894623
0.15,2893187
0.15,2890955
0.15,2882525
0.15,2879436
0.15,2871840
0.15,2868851
0.15,2858267
0.15,2857426
0.15,2856794
0.15,2852430
0.15,2851498
0.15,2848454
0.15,2848271
0.15,2848155
0.15,2848122
0.15,2841879
0.15,2841758
0.15,2839918
0.15,2839598
0.15,2838619
0.15,2837575
0.15,2837079
0.15,2825993
0.15,2821868
0.15,2821551
0.15,2820229
0.15,2814273
0.15,2813998
0.16,2811089
0.16,2791474
0.16,2784074
0.16,2780287
0.16,2776854
0.16,2771945
0.16,2771598
0.16,2771313
0.16,2769702
0.16,2769121
0.16,2768548
0.16,2767646
0.16,2767438
0.16,2766869
0.16,2766228
0.16,2748237
0.16,2743060
0.16,2737615
0.16,2734855
0.16,2726001
0.16,2724091
0.16,2723337
0.16,2720928
0.16,2718325
0.16,2716783
0.17,2712494
0.17,2709121
0.17,2700627
0.17,2700232
0.17,2698017
0.17,2676884
0.17,2676144
0.17,2670277
0.17,2668588
0.17,2665373
0.17,2662555
0.17,2608141
0.17,2605522
0.17,2600367
0.17,2599285
0.17,2598911
0.17,2596227
0.17,2595690
0.17,2586465
0.18,2586384
0.18,2584296
0.18,2582059
0.18,2580946
0.18,2502051
0.18,2500599
0.18,2500143
0.18,2498932
0.18,2492862
0.18,2492794
0.18,2489335
0.18,2485530
0.18,2483973
0.18,2483907
0.18,2483753
0.18,2483527
0.18,2483144
0.18,2482397
0.18,2481034
0.18,2450544
0.19,2414557
0.19,2413534
0.19,2409986
0.19,2397812
0.19,2385706
0.19,2373237
0.19,2368618
0.19,2367671
0.19,2361194
0.19,2350646
0.19,2350609
0.19,2347254
0.19,2346498
0.19,2343207
0.19,2338370
0.19,2335587
0.19,2335328
0.19,2329239
0.20,2327919
0.20,2326693
0.20,2321809
0.20,2320302
0.20,2319043
0.20,2316854
0.20,2315507
0.20,2257322
0.20,2250583
0.20,2245521
0.20,2244498
0.20,2242422
0.20,2242217
0.20,2238387
0.20,2236920
0.20,2235156
0.20,2233729
0.20,2231588
0.20,2228445
0.21,2225826
0.21,2225246
0.21,2193982
0.21,2190814
0.21,2150119
0.21,2150056
0.21,2149742
0.21,2149344
0.21,2144579
0.21,2144219
0.21,2122182
0.21,2118287
0.21,2116429
0.21,2115133
0.21,2048664
0.21,2046999
0.21,1964479
0.21,1962523
0.22,1961610
0.22,1958715
0.22,1953715
0.22,1952258
0.22,1917512
0.22,1916302
0.22,1909073
0.22,1909014
0.22,1906822
0.22,1905834
0.22,1904926
0.22,1901430
0.23,1898088
0.23,1897984
0.23,1851635
0.23,1849140
0.23,1844893
0.24,1833685
0.24,1833217
0.24,1832265
0.24,1825862
0.24,1825634
0.24,1824413
0.24,1822757
0.24,1812998
0.24,1812369
0.24,1811616
0.24,1809971
0.24,1807679
0.24,1805592
0.24,1802529
0.25,1802364
0.25,1801632
0.25,1800057
0.25,1799650
0.25,1799005
0.25,1797743
0.25,1795219
0.25,1791021
0.25,1789750
0.25,1788194
0.25,1782561
0.25,1781781
0.25,1780836
0.25,1779736
0.25,1776200
0.26,1775411
0.26,1775021
0.26,1773755
0.26,1754813
0.26,1751553
0.27,1747559
0.27,1742459
0.27,1720874
0.27,1715679
0.27,1713829
0.27,1711407
0.27,1708543
0.27,1707135
0.27,1704370
0.27,1702740
0.27,1702738
0.27,1702126
0.28,1700228
0.28,1696462
0.28,1695882
0.28,1683532
0.28,1680977
0.28,1668101
0.28,1667781
0.28,1667665
0.28,1667468
0.28,1665798
0.28,1657106
0.29,1647817
0.29,1646773
0.29,1637579
0.29,1636416
0.29,1630162
0.29,1627586
0.29,1626029
0.29,1623871
0.29,1623394
0.30,1623021
0.30,1622859
0.30,1622827
0.30,1622799
0.30,1607232
0.30,1606522
0.30,1604041
0.30,1603930
0.30,1603328
0.30,1603295
0.30,1597314
0.30,1589612
0.30,1587243
0.30,1585650
0.30,1585098
0.31,1584879
0.31,1584431
0.31,1575464
0.31,1574606
0.31,1535150
0.31,1526608
0.31,1522429
0.31,1520078
0.31,1516737
0.31,1516414
0.31,1513134
0.31,1491667
0.32,1484062
0.32,1483392
0.32,1476052
0.32,1474184
0.32,1473794
0.32,1427629
0.32,1427208
0.32,1426899
0.32,1417625
0.32,1416159
0.32,1416033
0.33,1415436
0.33,1414186
0.33,1413586
0.33,1412856
0.33,1405549
0.33,1401598
0.33,1401188
0.33,1398204
0.33,1396142
0.33,1385947
0.33,1379062
0.33,1374430
0.34,1373958
0.34,1373743
0.34,1349767
0.34,1346581
0.34,1346553
0.34,1345443
0.34,1342350
0.34,1336798
0.34,1336597
0.35,1332921
0.35,1332391
0.35,1332388
0.35,1332311
0.35,1331753
0.35,1328940
0.36,1328770
0.36,1328504
0.36,1328298
0.36,1326793
0.36,1325892
0.36,1324102
0.36,1322894
0.36,1322792
0.37,1320181
0.37,1320138
0.37,1320104
0.37,1317598
0.38,1316336
0.38,1312935
0.38,1312928
0.38,1311973
0.38,1311488
0.38,1309830
0.38,1309172
0.38,1305835
0.38,1304636
0.39,1300951
0.39,1300451
0.39,1300443
0.40,1298115
0.40,1297975
0.40,1297763
0.41,1295090
0.41,1293375
0.41,1292657
0.42,1288534
0.42,1284088
0.42,1283660
0.42,1283289
0.42,1283101
0.42,1282587
0.43,1280799
0.43,1279709
0.43,1263093
0.44,1261590
0.44,1260948
0.44,1260446
0.44,1257619
0.44,1256806
0.44,1251434
0.45,1245103
0.46,1245095
0.46,1244437
0.47,1243075
0.47,1242231
0.47,1238068
0.47,1237857
0.48,1207511
0.48,1206545
0.48,1205826
0.48,1205533
0.48,1199876
0.49,1199713
0.49,1198715
0.49,1195655
0.49,1195273
0.49,1183995
0.49,1183817
0.49,1182498
0.49,1180229
0.50,1177664
0.50,1177068
0.50,1155839
0.50,1152946
0.50,1152929
0.50,1146046
0.50,1144236
0.50,1140509
0.51,1127637
0.51,1125588
0.51,1123035
0.52,1122931
0.52,1122927
0.52,1115037
0.52,1114097
0.52,1112711
0.53,1112241
0.53,1111958
0.53,1111058
0.53,1110945
0.53,1110529
0.53,1110248
0.53,1109074
0.53,1107943
0.54,1082369
0.54,1077375
0.54,1077174
0.54,1076781
0.55,1076186
0.55,1075997
0.55,1070867
0.55,1067376
0.56,1063058
0.56,1062965
0.56,1062843
0.56,1061327
0.56,1058038
0.57,1057797
0.57,1057085
0.58,1055701
0.58,1055479
0.58,1055187
0.58,1054425
0.58,1054363
0.58,1053372
0.59,1052328
0.59,1052326
0.59,1049046
0.60,1045744
0.60,1044263
0.60,1044157
0.61,1043510
0.61,1042943
0.61,1042786
0.61,1035242
0.62,1033677
0.62,1030743
0.62,1030353
0.62,1030201
0.62,1030043
0.62,1020101
0.63,1019527
0.63,951559
0.63,949882
0.64,949535
0.64,948497
0.64,948137
0.64,947643
0.64,946125
0.65,945514
0.65,944401
0.65,943326
0.65,942975
0.66,942668
0.66,939689
0.66,939105
0.66,938755
0.67,933819
0.67,933509
0.67,929187
0.67,927860
0.67,924784
0.68,924773
0.68,920150
0.68,919309
0.68,901578
0.68,898784
0.68,890006
0.68,889867
0.69,889644
0.69,882070
0.70,881237
0.71,881024
0.71,880994
0.72,880446
0.72,877560
0.72,876853
0.72,876314
0.72,873760
0.73,872604
0.73,872153
0.73,871878
0.73,871771
0.73,871473
0.73,870825
0.74,870704
0.74,869737
0.74,868930
0.74,866654
0.74,865940
0.75,865615
0.75,855158
0.75,855052
0.75,853725
0.75,851549
0.76,851217
0.77,850304
0.78,850007
0.78,849831
0.79,849706
0.80,849623
0.80,849072
0.81,848097
0.81,845955
0.81,845686
0.82,844927
0.83,844298
0.84,843411
0.87,842338
0.87,842311
0.87,842046
0.88,839943
0.88,839204
0.88,839056
0.89,837465
0.89,836593
0.91,819588
0.92,819437
0.92,818211
0.92,817569
0.94,815484
0.95,814349
0.95,813726
0.96,812836
0.99,812470
1.00,811454
1.02,810921
1.02,809715
1.03,807651
1.03,807622
1.03,807016
1.05,806043
1.05,805733
1.06,804906
1.07,804903
1.07,794367
1.08,794107
1.09,789629
1.09,789138
1.10,783975
1.12,783362
1.12,782774
1.12,782177
1.13,781813
1.13,781523
1.15,781173
1.15,780487
1.16,779711
1.17,779573
1.18,778996
1.19,778640
1.19,776688
1.22,769942
1.23,769805
1.23,769445
1.25,768659
1.28,767226
1.28,765971
1.29,765521
1.32,764626
1.33,764332
1.33,764289
1.34,761286
1.36,760160
1.36,760054
1.38,759155
1.38,755497
1.38,755439
1.39,754360
1.39,753820
1.40,753801
1.41,753661
1.41,753493
1.41,752724
1.42,751844
1.43,751421
1.44,749900
1.45,749642
1.46,747451
1.46,743012
1.47,741835
1.48,740323
1.52,734389
1.52,733464
1.53,729342
1.53,729127
1.53,727195
1.54,725307
1.55,724749
1.55,724691
1.58,723803
1.58,722809
1.59,722157
1.59,721630
1.63,720555
1.66,719868
1.67,719498
1.67,719325
1.67,714087
1.68,712617
1.69,708045
1.74,707171
1.76,705818
1.76,704861
1.77,704284
1.77,704001
1.79,702683
1.82,702669
1.83,702483
1.84,700445
1.90,698430
1.95,697982
1.98,694378
2.08,693186
2.11,692555
2.14,692451
2.14,692172
2.16,691918
2.34,691916
2.39,690604
2.45,690572
2.63,689821
2.70,689142
2.77,688938
2.77,688840
2.83,688598
2.91,687011
3.30,686848
12.43,686795
12.45,686788
12.47,686017
12.57,685998
12.71,685002
12.89,684800
14.07,684545
14.18,684503
14.22,684442
14.25,684306
14.33,684249
14.72,682168
14.91,681110
15.10,679764
57.44,679720
57.63,679558
57.64,679527
57.73,679432
57.87,678836
57.99,678558
64.26,675849
64.31,674053
64.33,673734
64.40,673605
64.44,671751
64.61,669774
64.88,668187
65.12,667888
68.76,666789
68.80,666024
69.17,665643
69.35,663677
69.50,663623
69.90,663091
