0.00,6947895
0.01,6943173
0.01,6870682
0.01,6857689
0.01,6827677
0.01,6801590
0.01,6796853
0.01,6773615
0.02,6765744
0.02,6762303
0.02,6751672
0.02,6739744
0.02,6693254
0.02,6689892
0.02,6617893
0.02,6575036
0.02,6513594
0.02,6511443
0.02,6495548
0.02,6494926
0.02,6460889
0.02,6456600
0.02,6456078
0.02,6450938
0.02,6412255
0.02,6397409
0.02,6384765
0.02,6314100
0.03,6301564
0.03,6298626
0.03,6289325
0.03,6281739
0.03,6277090
0.03,6276598
0.03,6243715
0.03,6243631
0.03,6238521
0.03,6178245
0.03,6177693
0.03,6149216
0.03,6149021
0.03,6137753
0.03,6134834
0.03,6123093
0.03,6122094
0.03,6118439
0.03,6086494
0.03,6080799
0.03,6077875
0.03,6067135
0.03,6050016
0.03,6049989
0.03,6022182
0.03,5986191
0.03,5985955
0.03,5982911
0.03,5977459
0.03,5964365
0.03,5952825
0.03,5947203
0.03,5939077
0.03,5926265
0.03,5924405
0.03,5924373
0.03,5922019
0.03,5916942
0.03,5882972
0.03,5880711
0.04,5873193
0.04,5873164
0.04,5868334
0.04,5864553
0.04,5857288
0.04,5856387
0.04,5856132
0.04,5853238
0.04,5788967
0.04,5787307
0.04,5786733
0.04,5784207
0.04,5762654
0.04,5755466
0.04,5731046
0.05,5721776
0.05,5714823
0.05,5707645
0.05,5693906
0.05,5693047
0.05,5689080
0.05,5688203
0.05,5658568
0.05,5657516
0.05,5647371
0.05,5578831
0.05,5574852
0.05,5571323
0.05,5570405
0.05,5559693
0.05,5559105
0.05,5555915
0.05,5543767
0.05,5542808
0.05,5533252
0.05,5529187
0.05,5529187
0.05,5510679
0.05,5510608
0.05,5509531
0.06,5494835
0.06,5484522
0.06,5475236
0.06,5454867
0.06,5453626
0.06,5452862
0.06,5447105
0.06,5439886
0.06,5405076
0.06,5403973
0.06,5402668
0.06,5400834
0.06,5394387
0.06,5394288
0.06,5311575
0.06,5308656
0.06,5295834
0.06,5294219
0.06,5293485
0.06,5288581
0.06,5286005
0.06,5284578
0.06,5273270
0.06,5250368
0.06,5213454
0.06,5213369
0.06,5186625
0.06,5185843
0.06,5166468
0.06,5099302
0.06,5095858
0.06,5095101
0.06,5051225
0.06,5049127
0.06,4981974
0.06,4981135
0.06,4978819
0.06,4978570
0.06,4962290
0.06,4961215
0.06,4943208
0.06,4936160
0.06,4934113
0.06,4930664
0.06,4928362
0.06,4921180
0.06,4917039
0.06,4916416
0.06,4911957
0.06,4904801
0.06,4901400
0.06,4894075
0.06,4893299
0.07,4892706
0.07,4892198
0.07,4891685
0.07,4863000
0.07,4856997
0.07,4855517
0.07,4846018
0.07,4835881
0.07,4834346
0.07,4834343
0.07,4832724
0.07,4827117
0.07,4825610
0.07,4817648
0.07,4751759
0.07,4748624
0.07,4743619
0.07,4733578
0.07,4720567
0.07,4717921
0.07,4716641
0.07,4713896
0.07,4713097
0.07,4712263
0.07,4701061
0.07,4699477
0.07,4698837
0.07,4697613
0.07,4696987
0.07,4694023
0.07,4689571
0.07,4660358
0.07,4657574
0.07,4655771
0.07,4653051
0.07,4648949
0.07,4647859
0.07,4626308
0.07,4617594
0.07,4616759
0.07,4616478
0.07,4613717
0.07,4607694
0.07,4606942
0.07,4554586
0.07,4550543
0.07,4514901
0.07,4514764
0.07,4492421
0.07,4469435
0.07,4438671
0.08,4436056
0.08,4435104
0.08,4414573
0.08,4334447
0.08,4331820
0.08,4315881
0.08,4314922
0.08,4309914
0.08,4308118
0.08,4301294
0.08,4298084
0.08,4297421
0.08,4297344
0.08,4271620
0.08,4265876
0.08,4259173
0.08,4254588
0.08,4252791
0.08,4240272
0.08,4239159
0.08,4230304
0.08,4177095
0.08,4176722
0.08,4175666
0.08,4175533
0.08,4157783
0.08,4156893
0.08,4155392
0.08,4153058
0.08,4068901
0.08,4066601
0.08,4039389
0.08,4038877
0.08,3978392
0.08,3974337
0.08,3973332
0.08,3970313
0.08,3961388
0.08,3948478
0.08,3948236
0.08,3947777
0.08,3943380
0.08,3939781
0.08,3937973
0.08,3896336
0.08,3888841
0.08,3886347
0.08,3883544
0.09,3882554
0.09,3879114
0.09,3868224
0.09,3848688
0.09,3847689
0.09,3847170
0.09,3844558
0.09,3841565
0.09,3835768
0.09,3828519
0.09,3827877
0.09,3827119
0.09,3806128
0.09,3796806
0.09,3796324
0.09,3780023
0.09,3779816
0.09,3777000
0.09,3772557
0.09,3772420
0.09,3764241
0.09,3762964
0.09,3762861
0.09,3747377
0.09,3746994
0.09,3746205
0.09,3736873
0.09,3728504
0.09,3721468
0.09,3719366
0.09,3650160
0.09,3646768
0.09,3646039
0.09,3641599
0.09,3632288
0.09,3631419
0.09,3630594
0.09,3629057
0.09,3629018
0.09,3628756
0.09,3626928
0.09,3623131
0.09,3594493
0.09,3517026
0.09,3516546
0.09,3516181
0.09,3498857
0.09,3483478
0.09,3482482
0.09,3478947
0.09,3469962
0.09,3425708
0.09,3346247
0.09,3346211
0.10,3344962
0.10,3338661
0.10,3327136
0.10,3325278
0.10,3324230
0.10,3321120
0.10,3309290
0.10,3286475
0.10,3280590
0.10,3276088
0.10,3272251
0.10,3262425
0.10,3262092
0.10,3261883
0.10,3248508
0.10,3246936
0.10,3239311
0.10,3238254
0.10,3238046
0.10,3173651
0.10,3169689
0.10,3158321
0.10,3157888
0.10,3156583
0.10,3153668
0.10,3148626
0.10,3134108
0.10,3128046
0.10,3126255
0.10,3124954
0.11,3123959
0.11,3123845
0.11,3076401
0.11,3067055
0.11,3066273
0.11,3063944
0.11,3063090
0.11,3057494
0.11,3056874
0.11,3055862
0.11,3029910
0.11,3026724
0.11,3018169
0.11,3009773
0.11,3003820
0.11,3002994
0.11,2992251
0.11,2981125
0.11,2968427
0.11,2956443
0.11,2955397
0.11,2953045
0.12,2952485
0.12,2931157
0.12,2927423
0.12,2927136
0.12,2920406
0.12,2919298
0.12,2913532
0.12,2901041
0.12,2896580
0.12,2884558
0.12,2881785
0.12,2876383
0.12,2875251
0.12,2874834
0.12,2869200
0.12,2866917
0.12,2853363
0.12,2851426
0.12,2849063
0.12,2847972
0.12,2847884
0.12,2846684
0.12,2815963
0.13,2815700
0.13,2810951
0.13,2810843
0.13,2810617
0.13,2800051
0.13,2799957
0.13,2799294
0.13,2798466
0.13,2785557
0.13,2785089
0.13,2782058
0.13,2777417
0.13,2776255
0.13,2760754
0.13,2760508
0.13,2759506
0.13,2758738
0.13,2756840
0.13,2753969
0.13,2752813
0.13,2752765
0.13,2746781
0.13,2731479
0.13,2726708
0.13,2723418
0.13,2707348
0.13,2707214
0.13,2707048
0.14,2704916
0.14,2704367
0.14,2704159
0.14,2699051
0.14,2698802
0.14,2698044
0.14,2696133
0.14,2694114
0.14,2690834
0.14,2689727
0.14,2689543
0.14,2688491
0.14,2687645
0.14,2686322
0.14,2685626
0.14,2683239
0.14,2669664
0.14,2669501
0.14,2662494
0.14,2618979
0.14,2616190
0.14,2614426
0.14,2614175
0.14,2613073
0.14,2611674
0.14,2607062
0.14,2604307
0.14,2600383
0.14,2599098
0.14,2597902
0.14,2590810
0.14,2568415
0.14,2521040
0.15,2519835
0.15,2497102
0.15,2492991
0.15,2485401
0.15,2484770
0.15,2482352
0.15,2481440
0.15,2481181
0.15,2475983
0.15,2475274
0.15,2472788
0.15,2467601
0.15,2464988
0.15,2462785
0.15,2456182
0.15,2391688
0.15,2373761
0.15,2372619
0.15,2371349
0.15,2369465
0.15,2369264
0.15,2368696
0.15,2364050
0.15,2339757
0.15,2339116
0.16,2278099
0.16,2275701
0.16,2275673
0.16,2272875
0.16,2271934
0.16,2270826
0.16,2270297
0.16,2264831
0.16,2253235
0.16,2251771
0.16,2251399
0.16,2250503
0.16,2245187
0.16,2242437
0.16,2241988
0.16,2241553
0.16,2240836
0.16,2240608
0.16,2230344
0.16,2229074
0.16,2227840
0.16,2206248
0.16,2204030
0.16,2201688
0.17,2197716
0.17,2167931
0.17,2153266
0.17,2152203
0.17,2152006
0.17,2151944
0.17,2103107
0.17,2102421
0.17,2098954
0.17,2098849
0.17,2098695
0.17,2098468
0.17,2098102
0.17,2093529
0.17,2093092
0.17,2093065
0.17,2091777
0.17,2080449
0.17,2079868
0.17,2078274
0.18,2077777
0.18,2076791
0.18,2060799
0.18,2050633
0.18,2050622
0.18,2044656
0.18,2041056
0.18,2040392
0.18,2039918
0.18,2039527
0.18,2027547
0.19,2026633
0.19,2023195
0.19,2022659
0.19,2021988
0.19,2020932
0.19,2014143
0.19,2013650
0.19,2013187
0.19,2006753
0.19,2004744
0.19,1997002
0.19,1995038
0.20,1973204
0.20,1965649
0.20,1965649
0.20,1965417
0.20,1955836
0.20,1955657
0.20,1955172
0.20,1945259
0.20,1944940
0.20,1943494
0.20,1936455
0.20,1935222
0.20,1934165
0.20,1932742
0.20,1932164
0.20,1928161
0.20,1927573
0.21,1899025
0.21,1897272
0.21,1896530
0.21,1896050
0.21,1895321
0.21,1894944
0.21,1893967
0.21,1891535
0.21,1891244
0.21,1865904
0.21,1865290
0.21,1860023
0.21,1860018
0.21,1859067
0.22,1856084
0.22,1855309
0.22,1853897
0.22,1850599
0.22,1847441
0.22,1846670
0.22,1844420
0.22,1841036
0.22,1840441
0.22,1840148
0.22,1839129
0.22,1833385
0.22,1825665
0.22,1825567
0.22,1822675
0.22,1822020
0.22,1821321
0.22,1821280
0.23,1821132
0.23,1720511
0.23,1720102
0.23,1718540
0.23,1717448
0.23,1717443
0.23,1714416
0.23,1714331
0.23,1714269
0.23,1710758
0.23,1710741
0.23,1710080
0.23,1707377
0.23,1699788
0.23,1696918
0.23,1689178
0.23,1688995
0.23,1688821
0.24,1668529
0.24,1667221
0.24,1656944
0.24,1656787
0.24,1656631
0.24,1655857
0.24,1644405
0.24,1641673
0.24,1606862
0.24,1606013
0.24,1605983
0.24,1601775
0.24,1588342
0.24,1587914
0.24,1580967
0.24,1580654
0.24,1579527
0.24,1576757
0.24,1576554
0.24,1576352
0.25,1570262
0.25,1568569
0.25,1567695
0.25,1566281
0.25,1561576
0.25,1559990
0.25,1559934
0.25,1553988
0.25,1532033
0.26,1530305
0.26,1499804
0.26,1498140
0.26,1497607
0.26,1481516
0.26,1479656
0.26,1479420
0.26,1479359
0.26,1477168
0.26,1472760
0.26,1443994
0.26,1442320
0.26,1441030
0.27,1440571
0.27,1440003
0.27,1438452
0.27,1436559
0.27,1432413
0.27,1430708
0.27,1429922
0.27,1423833
0.27,1423697
0.28,1414641
0.28,1411510
0.28,1374063
0.28,1367534
0.28,1366054
0.28,1365778
0.28,1363265
0.29,1359861
0.29,1359848
0.29,1358832
0.29,1357764
0.29,1354888
0.29,1352373
0.29,1351250
0.29,1349999
0.29,1349548
0.29,1347110
0.30,1346627
0.30,1345465
0.30,1344929
0.30,1344878
0.30,1344856
0.30,1344172
0.30,1342665
0.30,1342363
0.30,1341701
0.30,1341670
0.31,1341312
0.31,1340393
0.31,1336064
0.31,1329805
0.31,1328867
0.31,1328860
0.31,1327464
0.31,1323686
0.32,1322718
0.32,1321509
0.32,1321046
0.32,1320078
0.33,1319888
0.33,1317239
0.33,1317043
0.33,1316199
0.33,1310961
0.33,1290801
0.33,1290609
0.33,1282617
0.33,1274890
0.33,1271333
0.34,1269827
0.34,1269405
0.34,1268694
0.34,1262052
0.34,1261591
0.34,1260223
0.35,1259712
0.35,1259211
0.35,1258788
0.35,1258638
0.35,1257797
0.35,1257654
0.35,1257381
0.35,1255256
0.35,1254532
0.35,1251376
0.36,1250712
0.36,1250592
0.36,1250205
0.36,1249912
0.36,1248172
0.36,1247263
0.36,1246466
0.36,1245881
0.36,1245769
0.37,1244923
0.37,1199072
0.37,1197981
0.37,1197656
0.37,1197290
0.37,1196528
0.38,1192544
0.38,1190674
0.38,1189402
0.38,1188869
0.38,1187118
0.39,1186210
0.39,1185927
0.39,1181418
0.39,1180768
0.40,1180010
0.40,1160214
0.40,1159163
0.40,1154486
0.41,1153326
0.41,1152937
0.41,1152572
0.41,1151775
0.41,1151240
0.41,1150671
0.41,1149879
0.42,1140572
0.42,1139745
0.42,1139654
0.42,1138184
0.42,1137233
0.42,1135930
0.43,1126908
0.43,1118202
0.43,1118132
0.43,1116272
0.43,1114835
0.43,1111793
0.43,1111236
0.43,1110245
0.43,1109460
0.44,1108561
0.44,1102934
0.44,1100823
0.44,1096160
0.44,1092685
0.45,1090474
0.45,1090104
0.45,1089051
0.45,1087396
0.46,1087293
0.46,1073561
0.46,1073380
0.47,1073051
0.47,1072649
0.47,1044676
0.47,1043455
0.48,1042870
0.48,1042634
0.48,1042618
0.48,1040937
0.48,1040710
0.48,1038168
0.49,1035622
0.49,1035393
0.49,1034278
0.49,1024246
0.49,1023687
0.50,1022545
0.50,1022180
0.50,1021410
0.50,1013841
0.51,1013335
0.51,1013066
0.51,1012925
0.51,1005524
0.51,1004253
0.52,1002941
0.52,1001781
0.52,1001446
0.53,998697
0.53,998551
0.54,998427
0.54,998296
0.54,994887
0.54,994635
0.54,994416
0.55,993301
0.55,990666
0.55,986398
0.56,986327
0.56,985706
0.56,983490
0.57,982532
0.57,981680
0.57,981450
0.58,980639
0.58,978773
0.58,978678
0.58,977174
0.59,975848
0.59,975501
0.59,969798
0.59,969484
0.59,958909
0.60,957649
0.60,957387
0.60,955922
0.60,950878
0.60,950413
0.61,948913
0.61,946489
0.61,944905
0.61,944744
0.61,944591
0.62,944388
0.62,936070
0.62,934891
0.63,934626
0.63,933223
0.63,932907
0.64,932320
0.64,917805
0.64,916128
0.65,916061
0.65,915845
0.66,915656
0.67,914578
0.68,914338
0.69,914115
0.70,913621
0.70,913617
0.71,913456
0.71,913324
0.71,913310
0.71,912477
0.72,912187
0.72,911669
0.72,911180
0.73,910558
0.74,910546
0.74,910529
0.74,906890
0.75,906529
0.75,906154
0.75,906092
0.75,905928
0.76,904313
0.77,903211
0.77,903133
0.77,900818
0.78,900343
0.78,899951
0.78,899406
0.79,899181
0.79,894840
0.80,894564
0.80,894387
0.81,893763
0.81,892840
0.82,892759
0.83,891756
0.84,891679
0.84,891319
0.84,890066
0.85,889486
0.86,888676
0.86,887209
0.87,882376
0.87,881502
0.87,881413
0.90,881114
0.90,879875
0.91,879724
0.92,866989
0.92,866442
0.92,866129
0.93,865307
0.94,865157
0.94,863513
0.95,861639
0.97,854590
0.97,853866
0.98,851956
0.98,850917
0.99,850561
0.99,850023
1.01,849268
1.02,848878
1.02,839988
1.02,839908
1.03,839858
1.03,825829
1.04,824769
1.05,823797
1.07,822312
1.07,821111
1.07,820808
1.08,820557
1.08,819219
1.09,819119
1.09,818615
1.10,818168
1.11,817494
1.11,816569
1.12,796247
1.12,792981
1.15,792850
1.15,792052
1.16,791917
1.16,791899
1.19,791500
1.19,791211
1.20,791191
1.21,790901
1.22,790856
1.22,790525
1.23,790447
1.26,789690
1.27,789629
1.28,788657
1.29,787937
1.30,786963
1.30,782972
1.31,782323
1.31,778128
1.32,777679
1.33,776732
1.36,774731
1.39,774632
1.40,773370
1.41,772660
1.42,769955
1.43,768201
1.43,766465
1.45,764819
1.47,764132
1.47,763586
1.48,763238
1.49,757109
1.50,756228
1.53,755166
1.54,754808
1.58,753982
1.62,749520
1.65,748638
1.67,744411
1.67,743959
1.73,742965
1.75,742351
1.75,740055
1.77,738908
1.80,738625
1.86,728208
1.88,726540
1.89,725826
1.98,725619
2.10,725030
2.14,725001
2.23,724573
2.28,724360
2.39,724221
2.39,721603
2.44,720762
2.45,719244
2.46,717900
2.53,717717
2.56,716011
2.60,715018
2.64,713665
2.66,712475
2.83,711955
3.00,711212
3.08,710975
3.16,702072
3.23,701820
3.60,700459
3.66,700337
4.06,698563
6.19,696456
6.36,696454
6.42,696268
6.46,696072
6.55,694853
6.77,694335
6.79,693841
6.92,693693
6.93,693240
6.94,693024
7.29,692979
7.64,692361
7.66,692337
7.79,692316
9.09,692157
9.17,691970
9.44,690625
9.60,690559
9.80,690463
9.80,690141
9.84,690000
9.86,688703
15.96,688304
16.06,687891
16.41,687849
16.56,687471
16.57,687400
16.74,686589
65.01,685585
65.01,685467
65.19,685134
95.01,684453
95.04,684267
95.11,684267
95.15,684022
95.15,684021
95.24,683549
95.32,683505
95.42,682367
95.44,682349
95.50,682149
95.55,681897
95.55,681891
95.69,681502
96.07,681457
96.24,680111
96.73,672275
389.10,672034
389.24,671829
389.25,671770
