0.07,7089401
0.08,7089345
0.08,7069608
0.08,7063724
0.08,7056389
0.08,7044072
0.08,7016810
0.08,7001911
0.08,6999359
0.08,6989728
0.08,6983538
0.08,6977686
0.08,6969872
0.08,6896468
0.08,6886454
0.08,6865870
0.08,6865342
0.09,6850265
0.09,6844043
0.09,6839795
0.09,6823391
0.09,6814449
0.09,6806317
0.09,6795100
0.09,6793100
0.09,6788410
0.09,6780405
0.09,6743630
0.09,6742435
0.09,6676131
0.09,6675290
0.10,6670812
0.10,6660872
0.10,6655650
0.10,6563384
0.10,6540831
0.10,6521507
0.10,6521157
0.10,6515872
0.10,6514960
0.10,6501398
0.10,6473848
0.10,6473606
0.10,6470491
0.10,6469276
0.10,6460436
0.10,6457234
0.10,6430643
0.10,6425852
0.10,6421738
0.10,6416027
0.10,6415770
0.10,6405784
0.10,6330288
0.10,6326237
0.10,6316128
0.10,6315815
0.11,6308025
0.11,6306093
0.11,6285673
0.11,6281813
0.11,6252369
0.11,6232587
0.11,6230879
0.11,6217682
0.11,6215735
0.11,6211617
0.11,6210069
0.11,6206307
0.11,6174645
0.11,6167623
0.11,6162899
0.11,6153574
0.11,6149061
0.11,6128779
0.11,6128188
0.11,6116365
0.11,6087596
0.11,6087595
0.11,6085553
0.11,6070737
0.11,6067784
0.11,6064250
0.11,6063210
0.11,5969076
0.11,5969076
0.11,5966501
0.11,5955893
0.11,5945012
0.11,5925906
0.11,5925755
0.11,5922357
0.12,5858986
0.12,5850413
0.12,5848521
0.12,5837389
0.12,5784678
0.12,5784373
0.12,5782496
0.12,5754174
0.12,5752160
0.12,5749768
0.12,5745777
0.12,5739970
0.12,5702098
0.12,5675324
0.12,5667276
0.12,5657202
0.12,5647206
0.12,5643059
0.12,5639048
0.12,5638925
0.12,5634396
0.12,5632209
0.12,5623976
0.12,5577292
0.12,5576441
0.12,5575780
0.12,5553011
0.13,5512267
0.13,5505057
0.13,5503153
0.13,5500418
0.13,5459883
0.13,5459285
0.13,5458957
0.13,5455879
0.13,5454649
0.13,5438106
0.13,5436800
0.13,5431035
0.13,5406567
0.13,5404655
0.13,5403267
0.13,5400778
0.13,5398063
0.13,5382445
0.13,5381581
0.13,5374285
0.13,5373297
0.13,5358930
0.13,5336056
0.13,5317669
0.13,5305014
0.13,5298903
0.13,5296075
0.13,5295521
0.13,5289057
0.13,5288512
0.13,5281445
0.13,5248048
0.13,5240226
0.13,5155754
0.13,5150487
0.13,5150089
0.14,5141963
0.14,5131538
0.14,5110484
0.14,5096173
0.14,5087229
0.14,5086427
0.14,5086101
0.14,5081052
0.14,5081030
0.14,5069470
0.14,5032931
0.14,5030178
0.14,5023374
0.14,5008037
0.14,4992968
0.14,4990808
0.14,4989457
0.14,4941138
0.14,4937064
0.14,4929290
0.14,4895215
0.14,4795067
0.14,4759918
0.14,4756797
0.14,4754929
0.14,4747343
0.14,4736183
0.14,4718715
0.14,4627314
0.14,4609508
0.15,4599095
0.15,4586195
0.15,4564263
0.15,4552664
0.15,4538090
0.15,4535743
0.15,4531810
0.15,4520752
0.15,4518277
0.15,4517228
0.15,4501015
0.15,4497779
0.15,4484894
0.15,4473252
0.15,4388421
0.15,4386439
0.15,4386350
0.15,4384760
0.15,4372782
0.15,4371641
0.15,4351239
0.15,4349089
0.15,4347048
0.16,4346807
0.16,4343675
0.16,4343591
0.16,4274579
0.16,4269361
0.16,4239179
0.16,4238769
0.16,4233065
0.16,4226878
0.16,4222850
0.16,4218428
0.16,4213806
0.16,4205795
0.16,4199901
0.16,4193986
0.16,4188176
0.16,4184749
0.16,4151988
0.16,4126361
0.16,4123371
0.17,4111104
0.17,4106131
0.17,4096462
0.17,4081384
0.17,4061941
0.17,4061304
0.17,4059543
0.17,4056710
0.17,4048093
0.17,4028472
0.17,4024173
0.17,4017856
0.17,4014824
0.17,4009294
0.17,4008188
0.17,4006206
0.17,4001299
0.17,3992720
0.17,3991448
0.17,3988311
0.17,3982048
0.17,3978311
0.17,3972104
0.17,3966616
0.17,3955788
0.17,3922693
0.18,3915628
0.18,3909429
0.18,3900482
0.18,3898288
0.18,3896602
0.18,3885303
0.18,3882078
0.18,3877235
0.18,3875644
0.18,3874041
0.18,3870698
0.18,3865888
0.18,3865478
0.18,3862105
0.18,3858959
0.18,3850107
0.18,3848546
0.18,3847748
0.18,3839029
0.18,3829663
0.18,3817025
0.18,3815876
0.18,3813766
0.18,3807974
0.18,3805789
0.18,3804094
0.18,3800137
0.18,3769850
0.19,3731361
0.19,3729631
0.19,3727427
0.19,3722768
0.19,3722379
0.19,3720744
0.19,3720263
0.19,3713978
0.19,3710561
0.20,3667339
0.20,3640427
0.20,3631731
0.20,3624461
0.20,3619848
0.20,3611063
0.20,3590487
0.20,3583774
0.20,3570418
0.20,3562334
0.20,3499231
0.20,3488020
0.20,3487313
0.20,3482636
0.20,3478248
0.20,3463736
0.20,3462812
0.20,3460280
0.21,3457830
0.21,3442833
0.21,3441902
0.21,3434229
0.22,3422123
0.22,3410505
0.22,3400157
0.22,3387884
0.22,3380555
0.22,3377037
0.22,3369827
0.22,3355430
0.22,3353759
0.22,3340909
0.23,3338177
0.23,3329470
0.23,3323281
0.23,3313210
0.23,3267437
0.24,3266183
0.24,3265449
0.24,3253605
0.24,3231200
0.24,3155779
0.24,3155462
0.24,3155026
0.24,3149684
0.24,3146843
0.24,3037902
0.24,3037495
0.24,3031802
0.24,3018478
0.25,3017519
0.25,3015458
0.25,3005573
0.25,2993990
0.25,2991560
0.25,2988902
0.25,2986889
0.25,2981430
0.25,2976191
0.25,2975552
0.25,2962218
0.25,2961871
0.25,2959940
0.25,2959188
0.25,2936907
0.25,2924324
0.25,2911155
0.25,2898731
0.25,2897817
0.25,2883374
0.25,2881682
0.25,2869789
0.25,2865546
0.28,2861088
0.29,2859794
0.29,2846242
0.29,2844465
0.29,2843768
0.29,2843481
0.29,2839187
0.52,2823427
0.52,2822381
0.52,2816161
0.52,2800316
0.52,2791812
0.56,2783707
0.56,2778452
0.57,2762816
0.57,2757982
0.57,2745097
0.57,2741947
0.57,2740687
0.57,2738072
0.57,2715406
0.57,2712676
0.57,2712132
0.57,2711560
0.58,2707521
0.58,2706741
0.59,2706051
0.59,2703498
0.59,2700389
0.59,2698082
0.59,2697928
0.59,2696051
0.59,2693259
0.59,2669174
0.59,2667587
0.59,2667138
0.59,2661279
0.59,2654211
0.59,2647254
0.59,2646479
0.59,2645696
0.59,2645413
0.59,2644670
0.59,2641380
0.59,2640144
0.59,2638643
0.59,2633185
0.59,2609351
0.59,2609174
0.59,2608357
0.59,2604918
0.59,2587546
0.59,2577035
0.59,2572632
0.59,2554763
0.59,2551612
0.59,2550940
0.60,2534477
0.60,2534171
0.60,2533178
0.60,2529748
0.60,2520477
0.60,2517730
0.60,2508436
0.60,2502391
0.60,2501245
0.60,2493474
0.60,2475933
0.60,2466547
0.60,2456710
0.60,2443376
0.61,2438046
0.61,2432198
0.61,2430321
0.96,2424993
0.96,2421819
0.96,2418046
0.96,2417808
0.96,2414998
0.96,2377787
0.97,2371703
0.97,2371629
0.97,2371183
0.97,2370878
0.97,2370074
0.97,2363641
0.97,2358854
0.97,2357635
0.97,2355720
1.10,2345060
1.10,2343547
1.10,2338195
1.24,2335845
1.24,2335334
1.24,2334068
1.25,2331764
1.25,2324504
1.25,2311394
1.25,2311242
1.25,2309559
1.69,2294666
1.69,2290972
1.69,2289732
1.69,2289335
1.70,2278086
1.70,2277954
1.70,2260397
1.70,2255584
1.70,2251668
1.70,2248174
1.70,2247963
1.70,2247255
1.70,2221451
1.70,2220986
1.78,2198597
1.78,2197423
1.78,2196828
1.78,2193070
1.78,2188809
1.78,2182977
1.78,2172848
1.78,2172352
1.78,2171577
1.78,2163812
1.78,2156654
1.78,2139855
2.80,2135102
2.82,2133217
3.08,2127611
3.08,2119986
3.08,2116993
3.08,2107680
3.08,2099701
3.08,2096459
3.09,2096266
3.09,2076755
3.09,2075556
3.09,2068543
3.09,2065874
3.09,2065083
5.82,2056785
5.96,2055118
5.96,2054404
5.96,2054018
5.96,2053159
5.96,2037589
5.96,2035561
6.88,2033635
6.88,2032748
6.88,2025011
6.88,2024285
6.95,2020110
6.95,2017189
6.95,2016645
6.95,2013333
6.95,2005005
6.95,1995727
6.95,1990378
6.95,1988260
6.95,1986125
6.95,1980836
6.95,1980207
6.96,1978236
6.96,1977574
6.96,1977509
6.96,1965911
8.03,1963239
8.22,1961111
8.23,1959299
8.23,1959124
8.23,1954750
8.23,1953350
8.23,1952974
8.23,1948484
8.23,1945701
8.23,1924530
8.23,1923894
8.46,1921229
8.46,1917209
8.47,1917151
8.47,1915972
8.47,1915770
8.59,1910306
8.59,1906918
8.59,1906500
8.59,1904757
8.59,1898865
8.61,1881620
8.61,1876633
10.01,1876424
10.01,1862991
10.23,1861584
10.23,1858199
10.23,1856925
10.23,1856466
10.23,1856132
10.23,1851138
10.26,1848336
10.26,1841511
10.28,1823166
10.28,1822304
10.28,1809652
10.43,1809017
10.43,1808397
10.43,1806001
10.43,1802475
10.43,1790054
11.20,1787020
11.21,1786891
11.21,1786765
11.23,1785218
11.23,1784530
11.23,1782185
11.23,1777825
11.23,1777354
11.23,1773324
11.23,1773220
11.23,1771636
11.23,1770524
11.23,1770229
11.23,1765874
11.23,1758844
11.23,1758400
11.23,1752861
11.23,1751257
11.23,1751251
11.23,1749869
11.23,1730270
11.24,1725480
11.24,1717634
11.24,1717589
11.24,1716761
11.24,1713208
11.24,1709435
13.09,1705512
13.09,1702196
13.09,1689580
13.09,1675736
13.09,1674948
13.09,1673212
13.09,1671603
13.09,1670920
13.10,1670583
13.10,1670323
13.10,1669594
13.10,1668981
13.10,1667800
13.10,1659383
13.10,1648993
14.61,1615780
14.61,1614890
14.65,1614583
14.65,1610395
14.65,1610377
14.67,1607605
14.67,1607012
14.67,1605242
14.67,1600147
14.67,1595338
14.67,1588349
14.67,1588256
16.14,1588151
16.14,1588142
16.14,1587927
16.14,1586814
16.14,1585658
16.14,1585043
16.14,1584924
16.14,1584722
16.17,1584454
16.18,1580210
16.18,1578705
16.18,1577295
16.18,1570578
16.18,1566203
16.18,1557762
16.18,1557345
16.18,1554934
16.18,1547696
16.18,1547412
16.60,1545897
16.61,1538878
16.73,1536173
16.73,1529209
16.73,1528606
16.73,1523846
16.74,1523670
16.74,1522820
16.74,1520481
16.74,1519200
16.74,1518668
16.74,1517105
16.74,1514266
16.74,1510027
16.74,1509377
16.75,1506571
16.75,1506144
16.75,1503888
16.77,1502767
16.80,1496381
16.81,1495056
16.81,1494757
16.81,1494752
16.81,1493280
16.81,1492380
16.81,1489855
16.81,1486530
18.09,1485715
18.09,1483459
18.09,1482171
18.09,1478930
18.09,1478757
18.09,1475619
18.09,1475080
18.09,1471989
18.09,1471905
18.09,1470381
18.09,1468920
18.09,1466943
18.09,1466297
18.09,1465548
18.09,1463632
18.09,1460813
18.09,1454411
18.09,1452970
18.09,1436880
18.09,1435033
18.09,1434484
18.09,1427139
18.09,1424011
18.09,1423549
18.09,1412453
18.10,1410176
18.10,1409238
18.10,1409182
18.10,1407286
18.13,1397071
18.13,1393316
18.13,1382220
18.13,1379773
18.13,1376921
18.14,1375778
18.14,1375041
18.14,1373499
20.74,1367617
20.74,1366431
20.74,1362615
20.74,1361235
20.74,1361144
20.74,1360853
20.74,1359620
20.74,1358757
20.74,1358486
21.97,1357017
22.07,1356218
22.07,1345667
22.07,1345020
22.07,1345014
22.07,1345008
22.07,1343920
22.07,1341948
22.07,1340872
22.07,1335557
22.07,1334731
22.08,1334051
22.08,1331812
22.11,1331503
22.11,1328503
22.11,1325347
22.11,1322249
22.11,1316998
22.11,1315456
22.11,1308002
22.11,1305413
22.11,1305224
22.11,1301934
22.11,1299888
22.11,1299658
22.12,1299587
22.12,1297918
22.12,1297199
24.32,1291883
24.32,1290829
24.32,1290362
24.32,1285504
24.32,1281745
24.32,1280660
24.32,1275865
24.32,1273538
24.32,1270499
24.32,1266985
24.32,1266443
24.32,1262854
24.32,1262832
24.32,1262184
24.32,1255579
24.32,1254525
24.33,1253316
24.33,1251951
24.33,1251221
24.33,1251086
24.33,1249601
24.33,1244591
24.33,1239592
24.33,1239393
24.33,1238204
24.33,1236242
24.33,1235299
24.39,1227045
24.67,1223880
24.67,1223272
24.67,1222900
24.67,1221143
24.67,1219708
24.69,1217701
24.72,1215112
24.73,1215045
24.73,1214968
24.73,1210161
24.73,1206022
24.73,1205907
24.73,1205048
24.73,1204076
25.73,1203573
25.73,1201710
25.74,1199004
25.74,1193718
25.74,1187695
25.74,1184976
25.74,1183604
25.74,1182410
25.76,1181099
25.78,1178689
25.78,1177630
25.78,1177499
25.79,1174268
25.79,1173678
25.79,1173618
25.79,1168726
25.79,1167187
25.79,1162340
25.79,1160986
26.53,1160125
26.55,1159694
26.55,1156187
26.55,1153693
26.55,1149926
26.66,1147839
26.66,1142646
26.66,1142032
26.66,1139538
26.66,1132926
26.66,1125336
26.66,1121423
26.67,1120353
26.75,1119209
27.72,1111070
27.72,1110652
27.72,1103099
28.61,1102622
28.61,1101398
28.61,1100629
28.61,1099158
28.61,1097939
28.61,1097099
28.61,1094036
28.62,1090042
28.62,1087816
28.62,1085942
29.81,1085527
29.81,1085407
29.81,1084430
29.81,1083580
29.81,1081950
29.81,1080445
29.83,1078043
29.83,1076332
29.83,1075909
29.83,1072200
29.84,1071120
29.84,1070631
29.84,1069918
29.91,1069558
29.92,1068520
29.92,1066186
29.92,1058647
29.92,1058492
29.92,1057177
29.92,1056222
29.92,1054510
30.17,1052717
30.17,1050896
30.18,1050781
30.18,1050301
30.27,1049816
30.27,1045827
30.27,1043459
30.27,1042112
30.27,1041784
30.31,1039201
30.31,1039119
30.31,1037908
30.32,1030362
30.32,1026648
31.54,1024847
31.54,1023119
31.54,1022425
31.55,1022074
31.55,1016276
32.21,1015888
32.22,1012670
32.22,1009348
32.22,1009196
32.24,1009022
32.31,1008316
32.32,1007429
32.32,1004747
32.36,1004334
32.36,1002820
32.36,1001391
32.36,999087
32.37,995352
32.37,992802
32.37,992582
32.37,991470
32.37,990713
32.37,990275
32.37,990190
32.39,988578
32.39,988409
32.40,987691
32.40,983091
32.40,981876
32.55,981682
32.55,978737
32.55,978215
32.55,977515
32.55,975085
32.55,975083
32.56,974544
32.56,973392
32.56,973148
32.56,973019
32.56,972986
32.56,972600
32.56,972429
32.75,970960
32.75,970853
32.75,969624
32.75,968918
32.76,967032
32.76,967008
34.24,966306
34.44,965923
34.44,965549
34.44,965453
34.77,962803
34.77,962718
34.77,961832
34.77,960865
34.78,960160
34.78,956873
34.78,955147
34.78,953429
34.78,951997
34.79,951348
35.89,949987
35.89,949701
35.90,944082
35.90,940356
35.90,939917
35.90,937227
35.96,937200
35.96,936718
36.02,935108
36.02,934853
36.02,928355
36.02,926661
36.02,926327
36.02,924948
36.02,924799
36.57,921759
36.62,920695
36.62,919236
36.62,918583
36.62,910821
36.64,909450
37.34,906298
37.34,905476
37.34,904442
37.34,904307
37.53,903469
37.54,900819
37.57,900150
37.66,899232
37.66,896811
37.66,895572
37.67,895525
37.67,894011
37.67,893498
37.67,892431
37.67,890869
37.76,889896
37.76,889556
37.93,889372
37.95,889214
37.95,888681
37.95,888079
37.95,886899
37.95,885972
38.50,885716
38.50,883938
39.29,883192
39.29,883009
39.29,882622
39.29,881646
39.29,880847
39.30,880125
39.30,874982
39.30,873020
39.34,872445
39.36,871528
39.37,871380
39.38,870195
39.38,869877
39.38,867247
39.39,866625
39.39,865514
39.40,865357
39.40,864892
39.40,863537
39.40,862459
39.40,861478
39.40,861189
39.40,859000
39.41,857583
39.41,857065
39.41,856970
39.41,855432
39.41,854262
39.41,853327
39.42,850975
39.42,848705
39.42,848138
39.42,847342
39.42,847038
41.13,846749
41.13,845883
41.22,845048
41.22,844638
41.22,842870
41.22,842855
41.22,842518
41.22,839736
41.23,837643
41.23,836360
41.23,836228
41.24,834917
41.24,833239
41.24,833127
41.24,830941
41.24,827887
41.25,827070
41.25,825627
42.92,822527
42.93,821793
42.93,820327
42.93,816582
42.93,816189
43.13,815647
43.13,815123
43.19,815096
43.19,814509
43.20,813611
43.20,812999
43.20,812756
43.30,812415
43.30,810714
43.30,809362
43.30,808232
43.33,807542
43.34,806585
43.34,806253
43.34,806248
43.37,804345
43.37,802554
43.37,802100
43.38,801848
43.38,799847
43.38,798390
45.48,798174
45.48,797559
45.48,796463
45.48,795384
45.48,793834
45.48,793585
45.48,789711
45.48,789467
45.49,789039
45.49,786984
45.49,784405
45.49,784183
45.49,779063
46.59,778781
46.72,776755
46.72,776709
46.72,776021
46.73,774570
46.73,772203
46.73,771836
46.74,771426
46.74,769889
46.81,768430
46.81,766521
46.81,765856
46.82,765817
46.82,765797
47.09,765355
47.09,765197
47.09,763550
49.29,763266
49.30,761862
49.30,761616
49.30,760421
49.30,760142
49.30,759978
49.30,759343
49.30,759340
49.31,758746
49.31,758534
49.31,758464
49.31,757602
49.32,756325
50.05,756204
50.06,754521
50.06,752941
50.08,750980
50.08,749951
50.08,746964
50.09,746663
50.09,746017
50.09,745900
50.10,745461
50.10,745109
50.14,744533
50.14,744510
50.14,744373
50.14,743207
50.14,742478
50.15,742043
50.15,741425
50.15,741004
50.15,740736
50.16,740437
50.17,738690
50.17,738316
50.17,737415
50.18,736793
50.18,736486
50.18,735884
50.19,735195
50.19,734564
50.20,734425
50.20,732949
50.21,732647
50.21,730758
53.00,729834
53.01,729767
53.01,729150
53.05,728848
53.05,728816
53.13,728278
53.13,728188
53.14,727855
53.15,727474
53.15,727014
53.15,725946
53.15,725641
53.16,724084
53.17,723972
53.18,723930
53.18,723867
54.76,723432
54.76,723400
54.98,722036
54.98,721012
54.98,720967
54.99,720871
55.01,720691
55.01,719816
55.01,718449
55.01,716858
55.03,716583
55.04,716246
55.07,716182
55.07,715915
55.07,715398
55.07,714748
55.08,714501
55.09,713920
55.09,713012
55.11,712286
55.11,711494
55.11,711139
55.12,711032
55.12,709580
55.13,709545
55.13,709063
55.13,708126
55.13,707703
55.14,706559
55.15,705957
55.16,705855
55.17,705595
55.18,705458
57.17,704956
57.17,704453
57.19,704410
57.28,704289
57.29,703348
57.97,702761
58.05,702152
58.05,702069
58.05,702065
58.06,701534
58.06,700893
58.09,699608
58.14,699485
58.14,698098
58.14,697817
58.14,696992
58.15,696437
58.18,696437
58.18,695047
58.19,694843
58.20,694691
58.23,694211
58.23,693843
58.24,693611
58.24,693566
58.31,693139
58.31,692482
58.31,692460
58.37,692203
58.39,691487
58.40,691158
58.40,690897
58.40,690576
58.41,690390
58.42,689396
58.42,688969
58.43,688324
62.06,687751
62.25,687196
62.27,686821
62.27,686619
62.28,685636
62.28,685579
62.28,685478
62.33,684680
62.33,684365
62.61,683948
62.61,683932
62.61,683842
62.62,683747
62.62,683727
62.62,683676
62.62,683275
62.69,682805
62.69,680989
62.70,680412
62.70,680294
62.85,680152
62.86,679464
62.93,678595
62.94,678124
62.94,678074
62.96,677020
62.97,676750
62.98,676304
62.99,676304
63.01,676031
63.01,675971
63.04,675734
63.11,675683
63.11,675663
64.09,675506
64.11,675477
64.41,675352
64.41,674129
64.42,674015
64.49,673711
64.50,672248
64.50,671949
64.50,671746
64.51,671373
64.52,671095
70.52,670816
70.57,670663
70.87,670303
72.03,670193
72.08,669942
72.15,669608
72.15,669547
72.15,669150
72.30,669038
72.34,668724
73.78,668700
74.12,668686
74.12,668222
74.16,668068
74.18,667917
74.19,667642
74.21,667228
74.24,666809
75.56,666805
75.56,666735
75.57,666709
75.59,666510
75.64,666096
75.70,665824
76.97,665792
76.99,665589
77.80,665383
79.22,665085
79.25,665067
79.26,664838
79.33,664778
80.64,664512
82.72,664388
82.73,664242
82.75,664163
83.20,664150
84.60,664117
84.60,663945
85.93,663711
85.99,663693
100.53,663692
100.74,663631
