0.00,6987065
0.01,6970528
0.01,6923227
0.01,6904180
0.01,6897791
0.01,6897270
0.01,6885914
0.01,6874727
0.01,6851191
0.01,6845284
0.01,6833747
0.01,6812177
0.01,6785873
0.01,6762780
0.01,6755057
0.01,6752309
0.02,6752133
0.02,6748832
0.02,6748763
0.02,6743601
0.02,6743351
0.02,6714992
0.02,6713808
0.02,6712716
0.02,6709580
0.02,6696787
0.02,6693577
0.02,6691152
0.02,6689500
0.02,6662165
0.02,6659095
0.02,6645877
0.02,6636589
0.02,6608830
0.02,6591512
0.02,6585946
0.02,6585904
0.02,6536924
0.02,6536723
0.02,6533436
0.02,6507511
0.02,6504098
0.02,6502031
0.03,6497967
0.03,6492663
0.03,6491839
0.03,6484015
0.03,6468407
0.03,6459715
0.03,6441037
0.03,6441029
0.03,6438243
0.03,6435089
0.03,6413041
0.03,6371741
0.03,6353241
0.03,6346943
0.03,6346773
0.03,6339883
0.03,6337952
0.03,6326861
0.03,6280893
0.03,6277642
0.03,6263663
0.03,6250213
0.03,6248528
0.03,6247965
0.03,6247945
0.03,6242200
0.03,6241750
0.03,6236875
0.03,6233434
0.03,6225693
0.04,6200145
0.04,6200142
0.04,6199888
0.04,6199213
0.04,6192683
0.04,6186214
0.04,6184072
0.04,6167547
0.04,6152399
0.04,6147594
0.04,6142055
0.04,6141740
0.04,6135665
0.04,6131095
0.04,6129251
0.04,6127238
0.04,6123235
0.04,6110975
0.04,6109779
0.04,6108428
0.04,6105448
0.04,6105351
0.04,6100092
0.04,6094541
0.04,6091724
0.04,6087698
0.04,6084410
0.04,6066384
0.04,6053948
0.04,6053594
0.04,5989914
0.04,5986965
0.04,5986021
0.04,5984377
0.04,5872860
0.04,5854846
0.04,5740641
0.04,5739473
0.04,5733139
0.04,5651210
0.04,5651126
0.04,5644716
0.04,5632867
0.05,5632549
0.05,5620809
0.05,5608657
0.05,5551149
0.05,5550926
0.05,5547879
0.05,5546303
0.05,5546214
0.05,5545122
0.05,5521897
0.05,5520606
0.05,5511118
0.05,5510100
0.05,5508198
0.05,5487951
0.05,5480689
0.05,5420305
0.05,5418324
0.05,5418115
0.05,5411774
0.05,5377100
0.05,5374265
0.05,5371665
0.05,5368287
0.05,5363531
0.05,5356235
0.05,5353041
0.05,5342621
0.05,5324104
0.05,5209246
0.05,5205424
0.05,5187525
0.05,5186053
0.05,5184346
0.05,5152703
0.05,5152679
0.05,5150620
0.05,5146864
0.05,5141838
0.05,5141452
0.05,5131555
0.05,5131341
0.05,5128220
0.05,5045012
0.06,5042118
0.06,5040949
0.06,5038110
0.06,5030215
0.06,5029597
0.06,5026876
0.06,5009318
0.06,5006971
0.06,5006372
0.06,4987808
0.06,4985193
0.06,4980230
0.06,4978884
0.06,4978733
0.06,4978408
0.06,4976445
0.06,4972466
0.06,4972196
0.06,4954674
0.06,4949717
0.06,4949535
0.06,4944056
0.06,4941724
0.06,4940020
0.06,4928487
0.06,4923128
0.06,4919740
0.06,4918838
0.06,4908043
0.06,4902143
0.06,4892430
0.06,4890348
0.06,4885877
0.06,4884369
0.06,4874411
0.06,4872223
0.06,4863651
0.06,4849383
0.06,4821105
0.06,4801982
0.06,4789225
0.06,4783891
0.06,4781758
0.06,4780464
0.06,4776139
0.06,4767650
0.06,4764106
0.06,4747394
0.06,4746323
0.06,4744681
0.06,4744481
0.06,4720272
0.06,4718830
0.06,4708126
0.06,4707222
0.06,4703613
0.06,4648995
0.07,4640966
0.07,4627721
0.07,4621475
0.07,4589999
0.07,4585918
0.07,4585687
0.07,4547424
0.07,4545365
0.07,4544635
0.07,4543930
0.07,4539612
0.07,4538816
0.07,4535839
0.07,4533883
0.07,4532547
0.07,4531939
0.07,4531434
0.07,4525740
0.07,4519609
0.07,4514551
0.07,4513776
0.07,4506608
0.07,4502409
0.07,4502261
0.07,4498359
0.07,4480486
0.07,4472410
0.07,4470376
0.07,4468994
0.07,4447166
0.07,4446179
0.07,4384304
0.07,4373253
0.07,4309906
0.07,4308459
0.07,4294914
0.07,4292997
0.07,4292669
0.07,4290621
0.07,4285642
0.07,4273634
0.07,4241441
0.07,4218367
0.07,4217692
0.07,4217295
0.07,4200846
0.07,4197874
0.07,4186851
0.07,4177841
0.07,4173919
0.07,4166081
0.07,4162475
0.07,4160906
0.07,4158794
0.08,4158494
0.08,4158165
0.08,4156615
0.08,4155481
0.08,4148680
0.08,4139865
0.08,4132154
0.08,4112944
0.08,4108764
0.08,4100199
0.08,4099883
0.08,4091590
0.08,4091164
0.08,4081030
0.08,4075471
0.08,4074787
0.08,4072474
0.08,4068555
0.08,4056375
0.08,4054476
0.08,4048799
0.08,4043957
0.08,4029013
0.08,4028995
0.08,4024072
0.08,4002477
0.08,3917947
0.08,3917351
0.08,3902998
0.08,3900825
0.08,3893599
0.08,3880240
0.08,3877338
0.08,3857033
0.08,3845556
0.08,3843864
0.08,3842412
0.08,3791956
0.08,3780368
0.08,3780240
0.08,3779836
0.08,3779670
0.08,3771394
0.08,3771254
0.08,3769761
0.08,3768436
0.08,3766431
0.08,3766342
0.08,3703994
0.08,3684241
0.08,3682756
0.08,3650304
0.08,3648543
0.08,3648297
0.08,3618022
0.08,3615058
0.09,3614242
0.09,3614021
0.09,3613103
0.09,3612984
0.09,3604531
0.09,3595667
0.09,3578795
0.09,3556386
0.09,3555467
0.09,3555440
0.09,3553118
0.09,3552814
0.09,3547252
0.09,3546865
0.09,3546848
0.09,3433905
0.09,3431636
0.09,3431545
0.09,3427252
0.09,3425636
0.09,3424334
0.09,3423788
0.09,3416608
0.09,3414638
0.09,3404842
0.09,3404207
0.09,3342260
0.09,3342073
0.09,3340778
0.09,3340197
0.09,3338586
0.09,3330088
0.09,3329956
0.09,3323183
0.09,3267244
0.09,3266861
0.09,3220289
0.09,3217824
0.09,3211353
0.09,3196990
0.09,3196911
0.09,3179539
0.09,3171021
0.09,3170036
0.09,3156530
0.09,3155680
0.09,3147075
0.09,3145797
0.09,3142387
0.09,3109725
0.09,3105136
0.09,3101120
0.09,3099154
0.09,3096090
0.10,3093127
0.10,3092873
0.10,3077062
0.10,3076612
0.10,3073827
0.10,3069927
0.10,3065060
0.10,3063337
0.10,3061115
0.10,3052524
0.10,3051950
0.10,3043742
0.10,3043590
0.10,3033233
0.10,3031444
0.10,3030613
0.10,3025462
0.10,3023732
0.10,3013562
0.10,3012424
0.10,3011067
0.10,3003926
0.10,3002520
0.10,3001149
0.10,2995235
0.10,2992831
0.10,2988602
0.10,2985823
0.10,2965209
0.10,2963855
0.10,2926151
0.10,2925902
0.10,2925749
0.11,2924124
0.11,2898344
0.11,2896653
0.11,2882340
0.11,2811163
0.11,2810935
0.11,2809072
0.11,2797546
0.11,2795448
0.11,2790208
0.11,2789730
0.11,2774836
0.11,2763537
0.11,2762616
0.11,2762157
0.11,2760548
0.11,2757884
0.11,2755202
0.11,2754659
0.11,2754241
0.11,2749680
0.11,2739307
0.11,2736402
0.11,2733888
0.11,2730663
0.11,2730629
0.11,2730494
0.11,2675713
0.11,2675546
0.11,2674601
0.11,2652391
0.11,2650564
0.11,2645250
0.11,2644912
0.11,2640413
0.11,2638572
0.11,2637113
0.11,2636376
0.12,2636031
0.12,2624483
0.12,2618629
0.12,2617629
0.12,2616841
0.12,2616490
0.12,2609698
0.12,2609675
0.12,2608764
0.12,2607429
0.12,2605351
0.12,2605164
0.12,2605150
0.12,2597017
0.12,2594271
0.12,2585480
0.12,2581615
0.12,2581091
0.12,2579627
0.12,2578606
0.12,2577742
0.12,2497418
0.12,2496989
0.12,2496855
0.12,2491821
0.12,2480000
0.12,2472946
0.13,2452988
0.13,2450708
0.13,2449854
0.13,2448271
0.13,2444046
0.13,2443205
0.13,2440911
0.13,2440628
0.13,2438750
0.13,2427130
0.13,2424247
0.13,2423003
0.13,2422805
0.13,2417968
0.13,2417312
0.13,2414270
0.13,2414076
0.13,2413047
0.13,2409407
0.13,2409294
0.13,2409291
0.13,2409083
0.13,2406646
0.13,2403384
0.13,2402603
0.13,2399448
0.14,2399289
0.14,2396857
0.14,2391454
0.14,2389340
0.14,2388889
0.14,2319181
0.14,2315978
0.14,2314472
0.14,2301710
0.14,2301517
0.14,2271848
0.14,2271001
0.14,2268193
0.14,2264989
0.14,2264564
0.14,2264205
0.14,2260976
0.14,2260432
0.14,2198242
0.14,2166241
0.14,2165783
0.14,2164285
0.14,2163930
0.14,2162743
0.14,2161980
0.14,2160657
0.14,2150307
0.14,2142193
0.14,2142077
0.14,2135057
0.14,2131691
0.14,2130246
0.15,2127717
0.15,2125928
0.15,2123776
0.15,2123533
0.15,2122361
0.15,2117934
0.15,2117624
0.15,2109737
0.15,2105599
0.15,2103826
0.15,2103611
0.15,2102354
0.15,2101980
0.15,2101221
0.15,2092090
0.15,2090636
0.15,2090134
0.15,2089569
0.15,2036553
0.15,2035926
0.15,2032187
0.15,2031558
0.15,2029409
0.15,2029248
0.16,2028325
0.16,2026714
0.16,2004177
0.16,2002359
0.16,1994640
0.16,1991967
0.16,1990584
0.16,1987855
0.16,1948405
0.16,1948030
0.16,1945979
0.16,1939356
0.16,1939349
0.16,1937457
0.16,1929117
0.16,1909418
0.16,1907661
0.16,1902622
0.16,1901422
0.16,1892980
0.16,1885029
0.16,1884836
0.16,1884662
0.17,1884291
0.17,1883660
0.17,1883436
0.17,1882342
0.17,1879726
0.17,1879566
0.17,1876213
0.17,1874173
0.17,1873061
0.17,1872409
0.17,1871765
0.17,1868133
0.17,1861500
0.17,1857587
0.17,1856541
0.17,1855254
0.17,1854041
0.17,1851598
0.17,1849916
0.17,1848468
0.17,1845103
0.17,1844980
0.18,1842244
0.18,1841640
0.18,1840666
0.18,1836494
0.18,1836484
0.18,1833057
0.18,1830754
0.18,1829053
0.18,1827285
0.18,1827152
0.18,1824577
0.18,1823605
0.18,1820781
0.18,1820780
0.18,1820375
0.18,1811467
0.18,1796508
0.19,1795342
0.19,1793525
0.19,1790886
0.19,1787954
0.19,1780512
0.19,1780014
0.19,1750716
0.19,1748997
0.19,1746410
0.19,1745904
0.19,1733562
0.19,1733217
0.19,1733080
0.19,1732553
0.19,1719646
0.19,1719361
0.19,1718753
0.19,1718707
0.19,1717999
0.19,1712773
0.19,1712276
0.19,1711844
0.19,1711506
0.19,1711296
0.19,1710946
0.19,1710508
0.19,1688229
0.20,1622172
0.20,1616295
0.20,1615043
0.20,1614730
0.20,1612818
0.20,1585689
0.20,1584084
0.20,1583829
0.20,1583409
0.20,1583366
0.20,1580055
0.20,1576607
0.20,1576404
0.20,1570074
0.20,1569706
0.20,1569489
0.21,1558990
0.21,1558975
0.21,1558581
0.21,1558542
0.21,1556159
0.21,1547292
0.21,1545322
0.21,1542378
0.21,1540949
0.22,1540926
0.22,1536733
0.22,1535307
0.22,1535119
0.22,1529566
0.22,1519404
0.22,1508378
0.22,1489490
0.22,1487416
0.22,1484680
0.22,1462216
0.22,1461772
0.22,1456403
0.22,1452390
0.23,1449434
0.23,1446849
0.23,1411818
0.23,1411791
0.23,1411773
0.23,1404264
0.23,1403785
0.23,1403719
0.23,1366285
0.23,1362702
0.23,1361615
0.23,1361405
0.23,1361100
0.24,1360593
0.24,1360415
0.24,1360060
0.24,1354958
0.24,1354812
0.24,1354659
0.24,1353720
0.24,1351574
0.24,1351340
0.24,1350038
0.24,1345606
0.24,1345081
0.24,1344961
0.24,1344368
0.24,1341092
0.24,1337002
0.25,1335922
0.25,1335521
0.25,1335217
0.25,1333906
0.25,1332089
0.25,1332068
0.25,1332001
0.25,1331714
0.26,1325992
0.26,1314409
0.26,1314032
0.26,1307930
0.26,1304282
0.26,1303236
0.26,1302977
0.26,1296881
0.26,1295109
0.26,1294295
0.26,1294262
0.26,1294252
0.26,1293618
0.27,1245517
0.27,1244616
0.27,1241766
0.27,1241383
0.27,1241140
0.27,1241085
0.27,1238405
0.28,1237807
0.28,1234984
0.28,1234917
0.28,1230753
0.28,1230417
0.28,1230097
0.29,1227715
0.29,1227248
0.29,1221982
0.29,1219974
0.29,1216490
0.29,1215807
0.29,1214569
0.29,1214091
0.29,1213936
0.29,1194332
0.29,1194071
0.29,1192259
0.29,1191991
0.29,1190616
0.29,1184855
0.29,1183631
0.29,1182336
0.29,1182253
0.30,1181350
0.30,1181314
0.30,1170499
0.30,1169700
0.30,1168385
0.30,1157875
0.30,1157488
0.30,1157431
0.30,1154720
0.31,1153780
0.31,1153384
0.31,1153006
0.31,1152997
0.31,1148547
0.31,1147418
0.31,1147293
0.32,1143827
0.32,1140218
0.32,1137235
0.32,1137189
0.32,1137001
0.32,1136561
0.32,1134404
0.33,1127178
0.33,1125638
0.33,1125634
0.33,1124181
0.33,1124173
0.33,1123668
0.33,1122489
0.33,1119459
0.34,1118730
0.34,1117399
0.34,1117047
0.34,1115997
0.34,1115277
0.35,1114091
0.35,1113971
0.35,1113802
0.35,1112281
0.35,1111596
0.36,1110562
0.37,1110050
0.38,1105783
0.38,1101077
0.38,1099161
0.38,1098688
0.38,1092218
0.39,1089398
0.39,1088727
0.39,1087553
0.39,1085930
0.39,1085704
0.39,1081703
0.39,1081388
0.39,1081328
0.40,1081227
0.40,1070044
0.40,1066156
0.40,1066016
0.40,1065883
0.40,1065742
0.40,1065352
0.40,1064650
0.40,1064646
0.41,1061924
0.41,1061255
0.41,1060643
0.41,1055827
0.41,1055751
0.41,1054255
0.41,1051779
0.42,1050506
0.42,1047936
0.42,1042930
0.42,1041739
0.43,1035911
0.43,1035865
0.43,1035861
0.43,1034635
0.43,1034271
0.44,1033722
0.44,1031630
0.44,1030840
0.45,1030679
0.45,1023600
0.45,1022787
0.45,1022014
0.45,1012983
0.46,1009483
0.46,1009204
0.46,1002075
0.47,989950
0.47,989560
0.47,986206
0.48,985446
0.48,984993
0.48,980905
0.49,980493
0.49,979477
0.49,978327
0.49,977955
0.50,976622
0.51,975443
0.51,975390
0.51,974405
0.51,974298
0.51,974014
0.51,968965
0.52,965676
0.52,964323
0.52,964279
0.52,962137
0.52,961748
0.53,960939
0.53,960291
0.54,955569
0.54,955377
0.54,954070
0.54,953332
0.55,948549
0.55,948281
0.55,947814
0.56,947260
0.57,946077
0.57,945585
0.57,931169
0.57,930683
0.57,919906
0.58,916040
0.58,914655
0.58,913939
0.59,913783
0.59,913667
0.59,913455
0.59,911942
0.60,911351
0.60,911334
0.61,910832
0.61,909940
0.61,909275
0.61,908662
0.62,908077
0.62,897384
0.62,894425
0.62,894425
0.62,894253
0.63,894095
0.63,893286
0.63,893168
0.64,892225
0.64,882922
0.64,879660
0.64,879453
0.64,878837
0.65,878466
0.65,877135
0.65,877105
0.66,874161
0.66,868458
0.66,867753
0.67,867362
0.67,865354
0.68,864645
0.68,864632
0.69,864039
0.69,857168
0.70,848995
0.70,848729
0.70,845857
0.71,843668
0.71,841236
0.71,840198
0.71,838379
0.72,837033
0.72,836955
0.72,836787
0.74,836464
0.75,836203
0.75,835761
0.75,834636
0.75,834461
0.76,834448
0.76,833485
0.77,829505
0.77,829279
0.77,809426
0.77,809355
0.77,791256
0.79,788973
0.80,786842
0.82,786583
0.82,785456
0.82,785032
0.83,784971
0.84,783278
0.84,782265
0.86,781861
0.86,781019
0.87,780599
0.87,777446
0.88,772689
0.88,772118
0.90,771938
0.90,770982
0.90,770314
0.91,766388
0.91,765419
0.92,764513
0.93,763397
0.94,762100
0.95,761831
0.95,758001
0.97,756966
0.98,755702
0.99,754869
1.00,753103
1.00,752903
1.00,751838
1.00,751811
1.01,751717
1.03,749633
1.08,749566
1.08,748997
1.08,748137
1.09,741419
1.10,740387
1.12,740304
1.13,739812
1.13,739101
1.15,738634
1.15,737602
1.17,732951
1.17,732604
1.19,731566
1.20,730012
1.24,729247
1.25,728253
1.25,728028
1.25,727860
1.26,726867
1.27,726828
1.28,725992
1.28,725377
1.29,724503
1.31,723299
1.31,722383
1.34,722350
1.38,722150
1.38,720133
1.39,719587
1.39,718805
1.41,718382
1.43,717382
1.44,717101
1.44,716478
1.44,716166
1.45,715784
1.53,715317
1.58,715232
1.60,714582
1.65,714537
1.66,713329
1.70,713127
1.71,713010
1.72,712252
1.72,712119
1.76,711995
1.91,711347
1.94,710619
1.95,710456
2.14,710022
2.18,708227
2.47,706904
2.49,706890
2.58,706744
2.59,706528
2.70,705974
2.71,705726
3.21,705477
3.23,705118
3.26,704993
3.64,704956
3.64,704530
3.70,703191
3.75,701873
3.88,701797
4.14,700738
4.48,700439
6.44,698567
6.46,692195
6.48,691608
6.60,691054
6.76,690508
6.92,690133
6.99,690084
7.03,689520
7.07,689127
7.14,689108
7.17,688519
7.21,687837
7.30,687786
7.43,685889
7.44,685624
7.50,684665
7.77,684226
7.89,684206
8.06,683928
8.41,683684
8.88,683567
10.71,683517
10.72,682181
10.73,682123
10.79,681628
10.79,679108
10.79,677871
10.80,677635
10.80,677635
10.83,676862
10.88,676131
10.93,674336
11.00,674189
11.01,672844
11.09,672301
11.11,672271
11.17,671912
11.25,671647
11.46,671326
11.51,671237
11.65,670989
11.73,670454
12.12,670373
12.41,669895
258.58,669569
258.66,669551
258.68,668795
