0.00,6968531
0.01,6943751
0.01,6942205
0.01,6914743
0.01,6898967
0.01,6863802
0.01,6861608
0.01,6855076
0.01,6849028
0.01,6837851
0.01,6820927
0.01,6810674
0.01,6794051
0.01,6771029
0.01,6738074
0.02,6735192
0.02,6700683
0.02,6697836
0.02,6697372
0.02,6681679
0.02,6679983
0.02,6672501
0.02,6666581
0.02,6654895
0.02,6626064
0.02,6603473
0.02,6602198
0.02,6587717
0.02,6587492
0.02,6494363
0.02,6476510
0.02,6447233
0.02,6428797
0.02,6375275
0.02,6359825
0.02,6354394
0.02,6322844
0.02,6319603
0.02,6317836
0.02,6316198
0.02,6307430
0.02,6241717
0.02,6238667
0.02,6222135
0.02,6208806
0.02,6205728
0.02,6191586
0.02,6190527
0.02,6188770
0.02,6179859
0.02,6176230
0.02,6176179
0.02,6077087
0.03,6076003
0.03,5999993
0.03,5991677
0.03,5970328
0.03,5967839
0.03,5933658
0.03,5924068
0.03,5911059
0.03,5903548
0.03,5872977
0.03,5872838
0.03,5870050
0.03,5861279
0.03,5855500
0.03,5855426
0.03,5854463
0.03,5847768
0.03,5844586
0.03,5831319
0.04,5830798
0.04,5827743
0.04,5827107
0.04,5803225
0.04,5794457
0.04,5794106
0.04,5789343
0.04,5775483
0.04,5773762
0.04,5771636
0.04,5763639
0.04,5761662
0.04,5752321
0.04,5744750
0.04,5742622
0.04,5738564
0.04,5737430
0.04,5727930
0.04,5725219
0.04,5713074
0.04,5710961
0.04,5710827
0.04,5692242
0.04,5683994
0.04,5682650
0.04,5675535
0.04,5669887
0.04,5664927
0.04,5664696
0.04,5622370
0.04,5500092
0.04,5496514
0.04,5468419
0.04,5468333
0.04,5458044
0.05,5381368
0.05,5381304
0.05,5368984
0.05,5278686
0.05,5277923
0.05,5273614
0.05,5268427
0.05,5253312
0.05,5207334
0.05,5207015
0.05,5194341
0.05,5193063
0.05,5153967
0.05,5140690
0.05,5137773
0.05,5120019
0.05,5116820
0.05,5112795
0.05,5094090
0.05,5063099
0.05,5059916
0.05,5057818
0.05,5027384
0.05,5019206
0.05,5006459
0.05,5005772
0.05,4981655
0.05,4966610
0.05,4963841
0.05,4960396
0.05,4959142
0.05,4880449
0.05,4871728
0.05,4870679
0.05,4831734
0.05,4820513
0.05,4817413
0.05,4814836
0.05,4808606
0.05,4806175
0.05,4796810
0.05,4791865
0.05,4790405
0.05,4780462
0.05,4777376
0.05,4734925
0.05,4734401
0.05,4733168
0.05,4713287
0.05,4712193
0.05,4708293
0.05,4686219
0.06,4681659
0.06,4650375
0.06,4644670
0.06,4644194
0.06,4582426
0.06,4532512
0.06,4509952
0.06,4507635
0.06,4486551
0.06,4477300
0.06,4474934
0.06,4470402
0.06,4450712
0.06,4441932
0.06,4387148
0.06,4383485
0.06,4382184
0.06,4370495
0.06,4363562
0.06,4354493
0.06,4352728
0.06,4352616
0.06,4351852
0.06,4349557
0.06,4336189
0.06,4326569
0.06,4325158
0.06,4324465
0.06,4315477
0.06,4314656
0.06,4298819
0.06,4298521
0.06,4252011
0.06,4247419
0.06,4246298
0.06,4244570
0.06,4243485
0.06,4239736
0.06,4239636
0.06,4237265
0.06,4200602
0.06,4194962
0.06,4194216
0.06,4187919
0.07,4111662
0.07,4095248
0.07,4094974
0.07,4094043
0.07,4093931
0.07,4093567
0.07,4091494
0.07,4069261
0.07,4069153
0.07,4002699
0.07,3990441
0.07,3987083
0.07,3981230
0.07,3959714
0.07,3904946
0.07,3896118
0.07,3894825
0.07,3894252
0.07,3884130
0.07,3882591
0.07,3871613
0.07,3860051
0.07,3858964
0.07,3837597
0.07,3836799
0.07,3826602
0.07,3825939
0.07,3823144
0.07,3811425
0.07,3804284
0.07,3796171
0.07,3793144
0.07,3774349
0.07,3766791
0.07,3762965
0.07,3748710
0.08,3747931
0.08,3739311
0.08,3737187
0.08,3735635
0.08,3722669
0.08,3721927
0.08,3721850
0.08,3702433
0.08,3697970
0.08,3690550
0.08,3685213
0.08,3681189
0.08,3645868
0.08,3634377
0.08,3633653
0.08,3631441
0.08,3631396
0.08,3625659
0.08,3623490
0.08,3621888
0.08,3613183
0.08,3608590
0.08,3573651
0.08,3497645
0.08,3473091
0.08,3466355
0.08,3466169
0.08,3459687
0.08,3433471
0.08,3430759
0.08,3427762
0.08,3422490
0.08,3369351
0.08,3367785
0.08,3367069
0.08,3358956
0.08,3355639
0.08,3327118
0.08,3324823
0.08,3323630
0.08,3323350
0.08,3267764
0.08,3259872
0.08,3258796
0.08,3257494
0.08,3250692
0.08,3248368
0.08,3247370
0.08,3223477
0.08,3223394
0.08,3221828
0.09,3218897
0.09,3215899
0.09,3215173
0.09,3212647
0.09,3204990
0.09,3197306
0.09,3090146
0.09,3086287
0.09,3086278
0.09,3086146
0.09,3081697
0.09,3080262
0.09,3039739
0.09,3036867
0.09,3016028
0.09,3014391
0.09,3014134
0.09,3003787
0.09,3002695
0.09,2993890
0.09,2989893
0.09,2975525
0.09,2968955
0.09,2961940
0.09,2958503
0.09,2942144
0.09,2940944
0.09,2933484
0.09,2927523
0.09,2918264
0.10,2845961
0.10,2845702
0.10,2845574
0.10,2842769
0.10,2802655
0.10,2777110
0.10,2769239
0.10,2761034
0.10,2754948
0.10,2754599
0.10,2751640
0.10,2743897
0.10,2743148
0.10,2741374
0.10,2740391
0.10,2739053
0.10,2733100
0.10,2732630
0.10,2732130
0.10,2731843
0.10,2729661
0.10,2727462
0.10,2718714
0.10,2718152
0.10,2716941
0.10,2715991
0.10,2711760
0.10,2711182
0.10,2710335
0.10,2698559
0.10,2692381
0.11,2692291
0.11,2684168
0.11,2684098
0.11,2683976
0.11,2680228
0.11,2678649
0.11,2678562
0.11,2677511
0.11,2676722
0.11,2675174
0.11,2669785
0.11,2669508
0.11,2666740
0.11,2666471
0.11,2663994
0.11,2637813
0.11,2636584
0.11,2630992
0.11,2629739
0.11,2629628
0.11,2626268
0.11,2625863
0.11,2621235
0.11,2618171
0.11,2616372
0.11,2615123
0.11,2610734
0.12,2609825
0.12,2609096
0.12,2605724
0.12,2598477
0.12,2598077
0.12,2597910
0.12,2597022
0.12,2596695
0.12,2585976
0.12,2575663
0.12,2572910
0.12,2569859
0.12,2566428
0.12,2566343
0.12,2555773
0.12,2555529
0.12,2550153
0.12,2549177
0.12,2547836
0.12,2547816
0.12,2544682
0.12,2538127
0.12,2533791
0.12,2531216
0.12,2524261
0.13,2521633
0.13,2520131
0.13,2519466
0.13,2518656
0.13,2512053
0.13,2511547
0.13,2509587
0.13,2502403
0.13,2485647
0.13,2485202
0.13,2483614
0.13,2483607
0.13,2483591
0.13,2482638
0.13,2480146
0.13,2479509
0.13,2479338
0.13,2479147
0.13,2477959
0.13,2476303
0.13,2472574
0.13,2471766
0.13,2470131
0.14,2466414
0.14,2465758
0.14,2465585
0.14,2464353
0.14,2384548
0.14,2383885
0.14,2383504
0.14,2382256
0.14,2377610
0.14,2371639
0.14,2362722
0.14,2359681
0.14,2338344
0.14,2337047
0.14,2336101
0.14,2335183
0.14,2334786
0.14,2332931
0.14,2328660
0.14,2328651
0.14,2327882
0.14,2317996
0.14,2317180
0.15,2315534
0.15,2277401
0.15,2268101
0.15,2266940
0.15,2266158
0.15,2264257
0.15,2262505
0.15,2261870
0.15,2261853
0.15,2253612
0.15,2252885
0.15,2252647
0.15,2226481
0.15,2223753
0.15,2220788
0.15,2219630
0.15,2215690
0.15,2215271
0.15,2190497
0.15,2132465
0.15,2132031
0.15,2126190
0.15,2125651
0.15,2123169
0.15,2121194
0.15,2106864
0.16,2105968
0.16,2105938
0.16,2104223
0.16,2103171
0.16,2100268
0.16,2099450
0.16,2099159
0.16,2097551
0.16,2093824
0.16,2090924
0.16,2088991
0.16,2088425
0.16,2086049
0.16,2082741
0.16,2059666
0.16,2056471
0.16,2056232
0.16,2054152
0.16,2050404
0.16,2049296
0.16,2047510
0.16,1990995
0.16,1990026
0.17,1936246
0.17,1922457
0.17,1921758
0.17,1916105
0.17,1916092
0.17,1906587
0.17,1902259
0.17,1901554
0.17,1893787
0.17,1891145
0.17,1886854
0.17,1881912
0.17,1879704
0.17,1879386
0.17,1878854
0.17,1876461
0.17,1875888
0.17,1875682
0.18,1872053
0.18,1870978
0.18,1870160
0.18,1856416
0.18,1856022
0.18,1854707
0.18,1854623
0.18,1854060
0.18,1851549
0.18,1845520
0.18,1844062
0.18,1843522
0.18,1843276
0.18,1840514
0.18,1839980
0.18,1822830
0.18,1822157
0.18,1821282
0.18,1820604
0.18,1807818
0.19,1807538
0.19,1793711
0.19,1791448
0.19,1782574
0.19,1780600
0.19,1728711
0.19,1725726
0.19,1725467
0.19,1724209
0.19,1723393
0.19,1722080
0.19,1721812
0.20,1720777
0.20,1718820
0.20,1715893
0.20,1715442
0.20,1708045
0.20,1673224
0.20,1672653
0.20,1668783
0.20,1668660
0.20,1652181
0.20,1651718
0.20,1651043
0.20,1650993
0.20,1650764
0.20,1650700
0.21,1647556
0.21,1646915
0.21,1641209
0.21,1640815
0.21,1640531
0.21,1631393
0.21,1626975
0.21,1626967
0.21,1621038
0.22,1618227
0.22,1617327
0.22,1616931
0.22,1607834
0.22,1607797
0.22,1600088
0.22,1599489
0.22,1599338
0.22,1597017
0.22,1595915
0.22,1586547
0.22,1586374
0.22,1585674
0.22,1580213
0.22,1576947
0.22,1576549
0.22,1575710
0.23,1573683
0.23,1566245
0.23,1561466
0.23,1553618
0.23,1550281
0.23,1547819
0.23,1547550
0.23,1541701
0.24,1539943
0.24,1536819
0.24,1529467
0.24,1528666
0.24,1527798
0.24,1526724
0.25,1526368
0.25,1523624
0.25,1522885
0.25,1521810
0.25,1521574
0.25,1521244
0.25,1474466
0.25,1473535
0.25,1465847
0.25,1463881
0.25,1461290
0.25,1460801
0.26,1458423
0.26,1458303
0.26,1457714
0.26,1455187
0.26,1454769
0.26,1446168
0.27,1436021
0.27,1430911
0.27,1429660
0.27,1429125
0.27,1428269
0.28,1427329
0.28,1425313
0.28,1423554
0.28,1421881
0.28,1420749
0.28,1419178
0.28,1419121
0.28,1395905
0.28,1395033
0.28,1394489
0.29,1390775
0.29,1389060
0.29,1388616
0.29,1387859
0.29,1370809
0.29,1370597
0.29,1369582
0.29,1368648
0.29,1363498
0.29,1363379
0.29,1363094
0.29,1363005
0.30,1360553
0.30,1355381
0.30,1355264
0.30,1355101
0.30,1354749
0.30,1353925
0.30,1352658
0.30,1352625
0.30,1351395
0.31,1351089
0.31,1349954
0.31,1348527
0.31,1347703
0.31,1345279
0.31,1343332
0.31,1341615
0.31,1338222
0.31,1318006
0.31,1317687
0.31,1313959
0.31,1313476
0.31,1311446
0.32,1311407
0.32,1310966
0.32,1308011
0.32,1307394
0.32,1306655
0.32,1305172
0.33,1278593
0.33,1276989
0.33,1275362
0.34,1274989
0.34,1274960
0.34,1274816
0.34,1274515
0.34,1273464
0.34,1272596
0.34,1272581
0.34,1261081
0.35,1260228
0.35,1260224
0.35,1257717
0.35,1256748
0.35,1241408
0.35,1241263
0.35,1240523
0.35,1239373
0.36,1239250
0.36,1238515
0.36,1237505
0.36,1233083
0.36,1231599
0.36,1229378
0.36,1228837
0.36,1228271
0.37,1227568
0.37,1227537
0.37,1226673
0.37,1216537
0.37,1216401
0.38,1211361
0.38,1191956
0.38,1190494
0.38,1187691
0.38,1186584
0.38,1185067
0.39,1184606
0.39,1184547
0.39,1183358
0.39,1183174
0.39,1182960
0.40,1178814
0.40,1174454
0.40,1174307
0.40,1173323
0.41,1172697
0.41,1168144
0.41,1166208
0.42,1163856
0.42,1158107
0.42,1157451
0.42,1157222
0.42,1155734
0.42,1146408
0.42,1146056
0.43,1145807
0.43,1141778
0.43,1139816
0.43,1139154
0.43,1139087
0.44,1138553
0.44,1138150
0.44,1137888
0.44,1137231
0.45,1093556
0.45,1092011
0.45,1089894
0.45,1089076
0.45,1078022
0.45,1075141
0.45,1074670
0.45,1073683
0.46,1073482
0.46,1070075
0.46,1069153
0.46,1066791
0.47,1066224
0.47,1064002
0.47,1058334
0.48,1054746
0.48,1054698
0.48,1054327
0.48,1053554
0.48,1051832
0.49,1043317
0.49,1043307
0.49,1043169
0.49,1042006
0.49,1041807
0.50,1040370
0.50,1038585
0.51,1037821
0.51,1029068
0.52,1028790
0.52,1026886
0.52,1023192
0.52,1014224
0.53,1011660
0.53,969788
0.54,969764
0.54,968447
0.54,965431
0.54,963633
0.55,963587
0.55,962178
0.55,962173
0.56,954072
0.56,952594
0.56,952148
0.56,945778
0.56,944563
0.56,943259
0.57,939266
0.58,938641
0.58,937406
0.58,937328
0.60,935833
0.60,926287
0.60,926100
0.60,925784
0.60,923901
0.61,923800
0.61,923632
0.62,923531
0.63,921240
0.63,912465
0.66,912393
0.66,910965
0.67,906997
0.67,906508
0.69,905170
0.69,901527
0.69,900044
0.69,899396
0.69,898599
0.70,898082
0.70,898042
0.70,895140
0.70,895128
0.71,893310
0.71,892187
0.71,890549
0.72,885898
0.72,885851
0.72,883137
0.72,883035
0.73,881746
0.73,881583
0.73,881287
0.73,880333
0.74,880329
0.75,879531
0.75,879008
0.75,878257
0.76,878257
0.77,875879
0.77,875287
0.78,872587
0.79,871626
0.81,870900
0.82,870001
0.83,866154
0.83,864175
0.84,861825
0.85,861529
0.86,861513
0.86,861233
0.87,860766
0.87,859285
0.87,858890
0.88,857184
0.88,850444
0.88,849857
0.88,849260
0.89,849067
0.90,847992
0.92,847863
0.92,847189
0.93,847169
0.94,846515
0.96,824553
0.96,824122
0.96,823558
0.97,822481
0.97,820215
0.98,819505
0.98,819212
0.98,819020
0.99,817712
0.99,817357
0.99,816471
1.00,815793
1.00,814501
1.00,814207
1.01,812874
1.01,810323
1.02,810271
1.03,810121
1.05,809505
1.06,808924
1.06,806352
1.06,805949
1.07,804556
1.08,803700
1.08,801211
1.09,801147
1.10,800166
1.10,798671
1.10,798560
1.10,798066
1.10,797033
1.12,789676
1.12,789616
1.12,788997
1.15,787260
1.16,785277
1.18,782082
1.18,781187
1.20,780853
1.22,780300
1.23,779987
1.27,765928
1.30,762552
1.31,762380
1.32,759363
1.34,757365
1.34,757304
1.35,756666
1.35,755998
1.36,754878
1.38,754347
1.38,753644
1.44,744016
1.45,743821
1.45,743047
1.45,742831
1.46,742265
1.47,741436
1.49,736062
1.49,735541
1.50,735369
1.52,735212
1.52,735138
1.53,734291
1.54,732614
1.56,732033
1.57,731222
1.57,730805
1.59,730779
1.60,729871
1.62,729215
1.66,729201
1.67,728095
1.69,727995
1.73,727191
1.77,726684
1.78,725669
1.92,725649
1.95,723776
1.97,721364
2.10,720473
2.11,719468
2.12,719064
2.12,718497
2.14,718478
2.16,717087
2.17,716652
2.19,716110
2.19,715956
2.23,715578
2.30,714928
2.33,714192
2.35,711689
2.43,711668
2.48,711666
2.68,710547
2.71,710546
2.76,709052
2.79,708897
3.00,707972
3.00,707889
3.07,707246
3.11,707043
3.11,706952
3.36,706916
3.53,706512
3.84,706315
5.74,705273
5.96,704898
7.65,704424
7.70,704277
7.70,703332
7.78,702769
7.83,702113
9.01,700800
9.07,700197
9.13,699804
9.14,699368
9.22,699302
9.26,699101
9.27,699024
9.30,698293
9.37,697503
9.38,696946
9.41,696614
9.42,696316
9.44,696038
9.49,695802
9.65,695249
9.71,693632
10.06,693380
10.12,693354
10.22,692791
10.44,688443
10.68,687512
15.72,687195
15.99,686607
24.52,686581
24.77,686092
26.73,685627
26.78,685588
26.91,685527
27.01,684228
27.02,683979
27.04,683979
27.07,683967
29.27,683889
29.38,683525
41.44,683053
59.60,681907
59.75,680684
59.75,680583
59.91,680111
59.92,679462
61.72,679448
61.79,679307
61.90,678729
64.52,676690
64.69,676630
64.75,676435
64.85,675123
65.23,674897
71.57,674573
71.75,674176
71.77,673265
72.24,672311
72.62,672087
72.63,671161
72.93,670734
93.22,670568
93.33,670323
518.98,668882
