0.06,6759365
0.07,6750508
0.07,6716648
0.07,6705607
0.07,6686383
0.07,6641112
0.07,6637239
0.08,6620965
0.08,6619660
0.08,6608042
0.08,6565182
0.08,6560050
0.08,6545544
0.08,6545157
0.08,6540974
0.08,6450217
0.08,6449794
0.09,6449047
0.09,6396671
0.09,6377423
0.09,6355109
0.09,6341947
0.09,6341718
0.09,6339497
0.09,6331878
0.09,6294122
0.09,6288986
0.09,6232972
0.09,6231326
0.09,6219887
0.09,6216459
0.09,6215497
0.09,6198244
0.09,6187112
0.09,6168026
0.09,6147239
0.09,6128670
0.09,6124146
0.09,6117102
0.09,6095281
0.09,6090066
0.09,6066501
0.09,6064668
0.09,6064518
0.09,6059429
0.09,6047236
0.09,6046767
0.09,6042359
0.10,6041537
0.10,6035336
0.10,6032425
0.10,6029263
0.10,6007359
0.10,6006273
0.10,6002341
0.10,6000333
0.10,5999173
0.10,5990861
0.10,5989969
0.10,5981644
0.10,5976201
0.10,5968190
0.10,5956180
0.10,5939449
0.10,5925813
0.10,5896745
0.10,5896442
0.10,5893332
0.10,5890968
0.11,5859088
0.11,5858578
0.11,5837831
0.11,5826084
0.11,5826058
0.11,5821977
0.11,5724354
0.11,5673984
0.11,5672069
0.11,5667887
0.11,5657617
0.11,5657414
0.11,5655892
0.11,5651570
0.11,5647674
0.11,5633751
0.11,5623372
0.11,5621923
0.11,5618060
0.11,5615799
0.11,5615690
0.11,5469485
0.11,5468906
0.12,5468535
0.12,5465103
0.12,5464509
0.12,5461537
0.12,5428365
0.12,5408458
0.12,5406860
0.12,5404867
0.12,5398729
0.12,5396917
0.12,5372273
0.12,5368498
0.13,5293432
0.13,5291744
0.13,5281950
0.13,5268961
0.13,5268212
0.13,5261752
0.13,5234303
0.13,5209313
0.13,5205223
0.13,5194755
0.13,5190402
0.13,5187387
0.13,5155550
0.13,5149402
0.13,5149235
0.13,5146220
0.13,5145414
0.13,5142166
0.13,5118077
0.13,5108173
0.13,5106408
0.13,5105395
0.13,5062172
0.13,5060163
0.13,5059129
0.14,5044752
0.14,5043981
0.14,5041460
0.14,5041224
0.14,5028713
0.14,5009274
0.14,5008630
0.14,4992364
0.14,4967193
0.14,4965879
0.14,4951853
0.14,4951588
0.14,4941430
0.14,4931095
0.14,4909829
0.14,4906467
0.14,4897680
0.14,4897377
0.14,4892454
0.14,4892319
0.14,4892021
0.14,4887569
0.14,4886427
0.14,4859786
0.14,4855265
0.14,4850054
0.14,4849856
0.14,4849172
0.14,4845331
0.14,4833342
0.14,4831264
0.14,4828220
0.14,4819459
0.14,4781837
0.14,4762845
0.14,4753448
0.14,4743396
0.14,4740424
0.15,4739853
0.15,4735853
0.15,4668945
0.15,4668266
0.15,4665366
0.15,4641623
0.15,4640316
0.15,4635984
0.15,4610909
0.15,4604088
0.15,4594905
0.15,4559450
0.15,4549048
0.15,4507506
0.15,4506348
0.15,4490619
0.15,4490470
0.15,4485275
0.15,4484504
0.15,4483246
0.15,4477789
0.15,4473945
0.16,4472926
0.16,4456662
0.16,4439154
0.16,4435024
0.16,4433221
0.16,4431833
0.16,4417331
0.16,4393010
0.16,4369999
0.16,4362156
0.16,4350249
0.16,4306148
0.16,4300531
0.16,4300293
0.16,4295699
0.16,4293159
0.16,4284942
0.16,4268163
0.16,4265067
0.16,4262974
0.16,4260842
0.16,4247453
0.16,4245853
0.16,4228221
0.16,4227939
0.16,4219172
0.16,4205852
0.16,4203394
0.16,4201577
0.16,4198775
0.16,4189597
0.17,4178641
0.17,4176811
0.17,4175354
0.17,4168576
0.17,4166145
0.17,4144489
0.17,4134262
0.17,4131578
0.17,4101554
0.17,4095874
0.17,3983029
0.17,3980395
0.17,3978024
0.17,3972487
0.17,3968155
0.17,3964800
0.17,3964625
0.17,3961215
0.17,3947481
0.17,3947442
0.17,3940899
0.17,3897236
0.17,3893338
0.17,3892485
0.17,3889501
0.17,3888462
0.17,3883109
0.17,3882198
0.17,3880566
0.17,3877646
0.17,3867713
0.17,3863472
0.17,3860962
0.17,3859409
0.17,3854989
0.17,3832622
0.17,3822071
0.17,3820821
0.17,3820557
0.17,3815703
0.18,3814532
0.18,3809090
0.18,3805518
0.18,3804044
0.18,3796705
0.18,3786276
0.18,3783296
0.18,3762014
0.18,3754583
0.18,3682055
0.18,3659064
0.19,3648850
0.19,3642142
0.19,3641568
0.19,3640656
0.19,3639358
0.19,3638158
0.19,3629115
0.19,3623846
0.19,3621699
0.19,3602890
0.19,3539597
0.19,3537098
0.19,3517210
0.20,3510776
0.20,3509385
0.21,3503781
0.23,3502814
0.23,3500406
0.23,3482876
0.23,3480849
0.23,3478610
0.23,3478188
0.23,3474168
0.23,3469674
0.23,3468939
0.23,3464082
0.23,3463586
0.23,3462820
0.23,3461625
0.23,3457941
0.23,3443805
0.23,3431502
0.23,3412352
0.23,3403446
0.23,3391455
0.23,3382340
0.24,3363492
0.24,3356611
0.24,3349971
0.24,3349034
0.24,3330961
0.24,3326574
0.24,3320729
0.28,3320179
0.28,3316642
0.28,3313426
0.28,3305104
0.28,3269575
0.28,3258214
0.31,3256604
0.31,3236533
0.31,3233147
0.31,3224825
0.31,3207689
0.32,3200977
0.32,3199065
0.32,3194446
0.32,3176907
0.32,3176192
0.32,3168178
0.32,3153079
0.32,3150138
0.32,3145893
0.32,3126939
0.32,3121276
0.32,3097111
0.33,3095351
0.33,3095300
0.33,3082544
0.33,3063234
0.33,3062981
0.33,3046567
0.33,3045950
0.33,3041451
0.33,3022917
0.33,3007560
0.34,3005123
0.34,3002520
0.34,2990376
0.34,2989561
0.34,2988200
0.34,2983932
0.34,2983611
0.34,2983322
0.34,2952950
0.34,2948695
0.34,2948520
0.34,2944524
0.34,2941366
0.34,2935887
0.45,2931495
0.45,2921656
0.46,2920345
0.46,2918840
0.46,2917716
0.46,2913626
0.46,2913222
0.46,2897468
0.46,2878850
0.46,2874501
0.46,2868039
0.46,2864263
0.46,2863155
0.46,2861545
0.46,2849411
0.46,2842844
0.46,2835211
0.49,2831555
0.49,2810555
0.49,2809063
0.49,2800494
0.49,2794497
0.49,2790582
0.49,2786880
0.49,2783386
0.49,2768015
0.49,2762805
0.49,2756428
0.49,2752213
0.49,2746657
0.50,2745617
0.50,2738883
0.50,2730313
0.50,2726778
0.50,2723563
0.50,2719002
0.50,2714442
0.50,2713266
0.50,2711450
0.50,2710542
0.51,2695070
0.51,2692326
0.51,2661585
0.51,2659560
0.51,2658298
0.51,2657970
0.51,2655235
0.51,2653864
0.51,2652935
0.58,2649856
0.58,2649435
0.58,2645591
0.59,2634273
0.59,2629882
0.59,2605858
0.59,2603693
0.59,2574687
0.59,2572137
0.76,2557990
0.76,2554299
1.10,2554003
1.10,2541486
1.10,2533816
1.10,2529821
1.10,2526216
1.10,2519596
1.10,2519332
1.10,2516115
1.20,2512292
1.20,2510808
1.20,2502608
1.20,2499686
1.20,2495668
1.20,2493120
1.20,2491870
1.20,2490625
1.20,2489437
1.20,2488020
1.20,2487798
1.20,2482982
1.20,2467938
1.20,2461126
1.20,2459734
1.20,2456282
1.20,2454131
1.20,2446079
1.20,2445549
1.20,2444430
1.20,2434517
1.20,2429902
1.20,2414902
1.20,2413742
1.20,2371999
1.20,2369031
1.20,2367696
1.20,2367680
1.20,2361629
1.20,2359031
1.20,2357397
1.20,2341511
1.21,2341214
1.21,2330772
1.28,2327541
1.28,2326609
1.29,2322591
1.36,2314175
1.37,2309623
1.37,2308692
1.37,2306309
1.38,2305271
1.38,2304488
1.38,2287350
1.38,2283119
1.38,2280325
1.38,2273048
1.38,2272773
1.38,2270097
1.45,2270012
1.45,2267608
1.45,2265040
1.45,2260591
1.45,2245772
1.45,2244261
1.45,2219762
1.45,2218651
1.45,2217882
1.45,2216134
1.45,2195210
1.45,2174429
1.45,2171729
1.45,2171350
1.54,2169265
4.15,2167259
4.15,2166958
4.15,2160513
4.15,2154600
4.15,2153736
4.15,2150507
4.16,2135351
4.16,2133665
4.16,2131787
4.16,2131029
4.16,2128777
4.16,2128214
4.16,2127427
4.16,2124939
4.17,2124929
4.17,2122467
4.17,2118304
4.17,2114361
4.17,2111583
4.17,2107674
4.17,2102963
4.17,2101656
4.17,2078984
4.17,2078301
6.76,2064316
6.76,2059145
6.76,2043091
6.76,2032633
6.76,2032121
6.76,2024759
6.76,2017432
6.76,2016298
6.76,2005686
7.78,1999567
7.78,1994791
7.78,1990789
7.78,1985600
7.78,1979031
7.78,1978456
7.78,1940953
7.78,1940767
7.78,1939248
7.78,1914051
7.78,1912578
7.78,1911472
7.79,1903371
7.79,1903220
7.79,1898714
7.79,1895927
7.97,1895138
7.97,1892757
7.97,1888266
7.97,1882882
9.01,1879030
9.01,1877659
9.01,1877289
10.20,1870414
10.20,1866980
10.20,1857462
10.20,1848764
10.21,1841070
10.21,1840836
10.21,1838627
10.21,1837442
10.21,1807763
10.21,1806781
10.21,1804974
10.30,1802777
10.64,1802531
10.64,1800615
10.64,1797029
10.64,1796910
10.64,1783106
10.64,1770054
10.64,1769676
10.64,1766858
10.64,1763714
10.64,1762031
10.64,1759228
10.64,1758607
10.64,1758395
10.65,1756805
11.94,1748074
11.94,1747741
11.94,1740805
11.94,1735766
11.94,1734706
11.94,1734677
12.44,1734372
12.44,1732344
12.44,1719041
12.67,1705918
12.67,1703789
12.67,1701958
12.67,1695919
12.67,1693036
12.67,1690727
12.67,1689422
12.67,1684926
12.67,1681093
12.67,1680496
12.68,1678283
12.73,1677556
12.73,1676330
12.73,1674077
12.73,1671544
12.99,1669993
12.99,1667791
12.99,1665033
12.99,1659975
12.99,1656838
12.99,1652431
12.99,1646707
12.99,1643154
12.99,1642896
12.99,1642805
12.99,1637404
12.99,1635917
12.99,1631883
12.99,1631369
12.99,1630349
13.11,1619091
13.11,1618700
13.11,1618495
13.11,1617870
13.11,1604507
13.11,1603326
14.62,1596253
14.62,1595930
14.62,1593981
14.62,1593509
14.62,1592679
14.62,1591014
14.63,1587846
14.63,1581439
14.63,1578700
14.63,1572870
14.63,1571883
14.63,1565654
14.73,1564516
14.73,1562418
14.73,1562126
14.73,1561825
14.73,1561394
14.73,1560403
15.20,1558341
16.13,1557215
16.13,1555417
16.13,1552521
16.13,1546938
16.14,1543780
16.14,1539251
16.14,1538460
16.14,1536242
16.14,1520487
16.14,1517013
16.73,1514052
16.73,1513746
16.73,1506422
16.74,1500417
16.74,1500328
16.74,1495057
16.74,1492607
16.74,1492562
16.74,1490071
16.74,1481637
16.74,1481505
16.76,1480638
16.76,1478141
16.76,1477197
16.76,1476688
16.76,1476275
16.76,1475630
16.77,1474321
16.77,1463255
16.77,1461436
16.77,1460884
16.77,1453835
16.77,1453815
16.77,1453749
16.77,1446407
16.77,1442424
16.77,1441441
16.77,1433050
16.77,1426945
16.80,1426859
16.80,1425501
16.80,1424029
16.80,1422048
16.80,1420335
16.80,1414534
16.80,1411056
16.80,1408719
16.80,1407390
19.46,1406706
19.46,1403745
19.46,1403501
20.03,1402169
20.03,1401383
20.03,1399800
20.03,1396733
20.03,1394073
20.08,1393460
20.08,1391706
20.08,1390893
20.08,1389085
20.08,1388603
20.08,1386487
20.08,1386485
20.11,1383104
20.11,1382362
20.11,1377453
20.11,1377242
20.11,1376542
20.11,1371896
20.12,1362987
20.12,1358328
20.12,1357489
20.12,1357208
20.12,1356168
20.12,1354845
20.13,1354578
20.13,1350517
20.13,1347281
20.13,1347260
20.13,1345814
20.13,1344372
20.13,1342314
20.17,1333894
20.17,1320697
20.17,1320088
20.17,1318997
20.17,1309611
20.17,1309394
20.18,1307412
20.18,1306655
20.18,1306631
20.18,1299506
20.18,1299380
20.18,1298841
20.18,1298008
20.18,1296641
20.20,1296333
20.20,1290809
20.20,1289231
20.20,1274380
20.21,1264674
20.21,1260209
20.21,1258488
20.21,1257373
20.21,1257247
21.96,1255730
21.96,1255538
21.96,1253551
21.96,1251363
21.97,1250344
21.97,1250303
21.97,1249808
21.97,1244476
21.97,1244467
21.97,1242041
23.43,1237782
23.43,1236387
23.43,1235529
24.27,1233282
24.27,1232054
24.45,1231537
24.45,1230788
24.45,1230224
24.45,1223321
24.45,1222403
24.45,1222134
24.45,1221518
24.45,1220531
24.45,1217892
24.75,1215950
24.75,1215110
24.75,1200221
24.75,1193510
24.75,1191208
24.75,1190999
24.75,1190456
24.80,1185852
24.80,1176845
24.80,1175983
24.80,1171264
24.81,1171241
25.37,1169581
26.18,1169284
26.18,1163431
26.18,1160709
26.19,1158219
26.19,1154026
26.19,1153909
26.19,1153332
26.77,1151314
26.88,1150247
26.88,1149850
26.94,1148726
26.94,1147892
26.94,1147543
26.94,1146995
26.94,1145011
26.94,1143825
26.94,1141501
26.94,1141384
26.94,1140826
26.96,1136930
26.96,1136468
26.96,1134972
26.98,1134326
26.99,1132956
26.99,1132448
26.99,1128269
26.99,1128147
26.99,1127372
27.18,1127215
27.18,1126367
27.18,1119654
27.53,1117000
27.54,1114280
27.57,1112185
27.57,1108639
27.57,1102922
27.60,1099804
27.60,1098480
27.61,1093983
27.61,1093919
27.61,1093149
27.61,1093084
27.61,1080081
27.61,1074225
27.61,1070352
27.63,1070352
27.63,1067739
27.63,1066194
27.63,1065357
27.63,1064691
27.63,1063415
27.81,1061589
27.81,1061586
27.81,1061534
27.81,1061092
27.81,1060481
27.81,1060087
27.81,1056594
27.81,1053135
27.83,1050152
27.84,1049841
27.84,1047960
27.84,1046878
27.84,1045272
27.84,1045035
27.84,1044360
27.84,1043765
27.84,1042982
27.84,1040318
27.84,1038787
27.84,1037253
27.84,1036941
27.84,1034916
27.84,1033638
27.84,1033276
29.52,1030251
29.53,1029769
29.54,1029667
29.54,1027219
30.66,1022351
30.66,1020409
30.66,1018182
30.66,1015158
30.67,1015129
30.67,1013486
30.67,1013475
30.68,1013144
30.68,1011439
30.68,1008076
30.68,1000999
30.68,998497
30.68,996754
30.68,996397
30.68,994314
30.68,992599
30.70,991638
30.70,990880
30.70,989887
30.70,989436
30.70,988879
30.70,987615
30.70,986745
30.70,985388
30.70,983776
30.71,982261
30.71,978191
30.71,978076
31.77,975858
31.77,972722
31.77,971638
31.77,968720
31.77,967119
32.78,966953
32.78,964439
32.78,962899
32.78,956797
32.79,954465
32.79,954238
32.79,952858
32.79,952001
32.79,951910
32.79,950478
32.79,950448
32.79,950293
32.79,949045
33.60,946648
33.60,946550
33.60,945266
33.60,945156
33.60,944719
33.60,943738
33.60,941832
33.60,941736
33.60,940865
33.60,939464
33.60,938915
33.66,937587
33.66,937219
33.66,933650
33.66,933530
33.68,932993
33.68,931293
33.69,931142
33.69,928622
33.69,928299
33.70,924446
33.70,924171
33.71,921975
33.71,921318
33.71,919622
33.97,919613
33.97,917838
33.97,916866
33.97,916629
33.97,916245
33.97,908267
33.97,908100
33.98,907676
35.22,907300
35.22,907202
35.22,905697
35.33,904601
35.33,904371
35.33,903626
35.33,903571
35.43,899187
35.43,898918
35.43,897555
35.43,896868
35.44,894588
35.44,891059
35.44,890955
35.44,889169
35.44,887678
35.44,882420
35.44,881197
35.44,881164
35.44,879746
37.52,877423
37.52,877161
37.52,876999
37.52,874940
37.52,874355
37.52,872786
37.58,871956
37.58,869842
37.58,868257
37.96,865816
37.96,865430
37.96,865382
37.96,864013
37.96,863041
38.21,862963
38.21,860172
38.21,858707
38.21,857659
38.21,856193
38.23,855810
38.23,854727
38.23,852806
38.23,849172
38.23,848441
38.28,847962
38.28,847627
38.28,847165
38.28,844953
38.29,843861
38.29,843762
38.29,842214
38.29,841782
38.29,840473
38.29,839877
38.29,839696
38.29,837783
40.78,837744
40.78,836880
40.79,836810
40.79,836507
40.79,836033
40.79,835133
40.79,832881
40.80,832742
40.80,831140
40.80,830717
40.80,830655
40.80,830068
40.80,829266
40.81,828626
41.28,828052
41.47,827214
41.47,825262
41.48,824335
41.90,822598
41.90,821803
41.91,820726
41.91,819289
41.92,819056
41.92,818832
42.45,817257
42.70,816822
42.70,816291
42.70,813436
42.73,813351
42.74,812562
42.74,812046
42.74,811766
43.06,811696
43.06,810682
43.12,810210
43.12,809870
43.12,809864
43.13,809068
43.13,807761
43.13,807684
43.13,807673
43.14,807500
43.14,806730
43.19,805323
43.19,805271
43.23,804968
43.23,802805
43.23,802450
43.65,802409
43.65,802307
43.65,801309
43.65,800919
43.65,800113
44.72,799760
44.72,799673
44.72,798955
44.72,798123
44.73,797602
44.73,797130
44.81,796698
44.81,796312
44.81,794963
44.85,794230
44.85,793671
44.85,793385
44.86,792028
44.90,790283
44.90,790111
44.90,789892
44.90,787598
44.90,786271
44.90,785313
44.92,785269
44.92,785068
45.48,784982
45.49,784766
45.49,784399
46.35,784013
46.35,784003
46.35,782548
46.35,781672
46.35,781432
46.35,781395
46.44,777814
46.44,777343
46.44,776487
46.44,776112
46.44,775543
47.29,775399
47.29,772895
47.29,772392
47.29,771272
47.29,769840
47.32,769414
47.32,769174
47.32,768343
47.33,768169
47.33,767790
47.33,767129
47.33,766230
47.34,765838
47.34,763667
47.49,763514
49.09,763281
49.10,763117
49.10,762695
49.14,762183
49.14,761442
49.14,760611
49.15,760209
49.17,759206
49.17,758653
49.17,758252
49.17,757315
49.17,756672
49.17,756129
49.18,755949
49.18,755238
49.18,754689
49.44,754035
49.44,753245
49.44,753143
49.44,752122
50.26,750879
50.26,750813
50.27,750362
50.27,746649
50.27,746137
50.28,745548
50.31,745328
50.31,745306
50.31,744041
50.33,743389
50.33,740695
50.33,740695
50.57,740333
50.57,740185
50.57,739594
50.58,739579
50.58,738526
50.58,738010
50.58,737707
50.58,736324
50.58,734066
51.22,733813
51.22,733712
51.22,732580
51.22,731848
51.76,731730
51.93,731359
51.95,730468
51.96,730439
51.97,730101
51.98,730099
51.98,730025
51.99,729323
51.99,728968
51.99,728879
51.99,727808
51.99,727638
52.00,726961
52.00,726942
52.14,726419
52.76,725800
53.00,725470
53.01,725036
53.03,724921
53.03,724612
53.05,723574
53.06,722592
53.06,721391
53.06,721166
53.61,719960
53.62,719903
53.62,719856
53.63,718305
53.63,717657
54.40,717580
54.40,717160
54.41,716846
54.42,716148
54.42,716146
54.45,715575
55.43,714328
55.43,714122
55.44,713313
55.44,712600
55.44,712324
55.78,711757
55.78,711189
56.59,711116
56.59,711078
56.59,709718
56.59,709645
56.59,709345
56.60,708294
56.60,707726
56.61,707720
56.61,707229
56.61,706682
56.61,706390
56.62,705511
56.62,704386
56.62,703630
56.62,703597
56.63,702806
56.63,702796
56.63,702438
56.64,701696
56.64,701561
56.65,701521
56.74,699031
56.74,698373
56.74,697494
56.76,697149
57.78,697075
57.91,696345
57.91,696046
57.92,695932
57.95,695228
57.98,694163
57.99,693727
57.99,693613
58.00,693208
58.00,692299
58.01,692153
58.01,691863
59.04,691785
59.28,691060
59.29,691005
59.33,690491
59.34,689655
59.38,689593
59.42,689528
59.43,688951
59.54,688934
59.55,688265
59.55,688182
59.57,687864
59.58,687853
59.70,687735
60.11,687397
62.95,687146
62.98,686853
63.16,686185
63.17,686116
63.18,685791
63.20,685191
63.20,684876
63.33,684497
63.41,684400
63.42,683726
64.15,682786
64.16,682330
64.16,682277
64.94,681944
64.94,681891
64.94,681697
64.95,681253
65.96,681158
66.00,680369
66.02,680032
66.02,679513
66.03,679410
66.04,678832
66.05,678727
66.10,678597
66.13,678066
66.20,678018
66.22,677428
66.28,677153
66.32,676828
66.33,676725
66.38,676592
66.39,676339
66.40,676121
66.40,676065
66.40,676042
66.41,674707
66.48,674013
66.96,673797
67.20,673553
67.22,673006
67.23,672999
67.25,672479
67.31,672352
67.32,672213
67.33,671968
67.42,671947
68.08,671908
68.22,671700
68.23,671344
68.30,670681
68.34,669932
68.36,669800
68.39,669721
68.44,669699
68.46,669682
68.81,669637
68.87,669454
68.89,669249
68.95,669105
68.97,668492
71.58,668086
71.59,667933
71.60,667715
71.60,666562
74.25,666323
74.25,666220
75.24,665865
75.33,665080
75.34,665023
75.39,664877
76.61,664188
76.63,664127
76.67,664057
76.68,663016
76.70,662580
79.37,662438
79.39,662179
79.41,662118
79.75,661968
79.77,661669
79.79,661562
82.48,660965
82.52,660836
82.59,660814
83.02,660578
83.03,660517
83.12,660463
83.65,660442
85.00,660382
85.01,660210
85.04,660108
85.04,660108
86.27,659788
86.32,659510
86.68,659301
86.69,659229
86.70,659107
86.77,659085
86.93,658919
86.97,658764
87.34,658667
88.55,658461
91.56,658426
99.83,658426
106.39,658426
106.53,658404
