0.00,6974688
0.01,6922253
0.01,6920830
0.01,6917041
0.01,6916787
0.01,6913528
0.02,6911031
0.02,6910327
0.02,6905880
0.02,6903413
0.02,6871323
0.02,6871241
0.02,6861892
0.02,6859105
0.02,6836327
0.02,6829942
0.02,6827377
0.02,6817335
0.02,6791380
0.02,6785988
0.02,6768258
0.02,6767718
0.02,6765764
0.02,6765571
0.03,6672237
0.03,6672045
0.03,6662285
0.03,6639793
0.03,6636234
0.03,6620842
0.03,6617855
0.03,6611353
0.03,6608454
0.03,6604358
0.03,6554061
0.03,6551394
0.03,6545423
0.03,6513811
0.03,6471426
0.03,6464795
0.03,6461923
0.03,6439397
0.03,6430535
0.03,6364639
0.03,6350043
0.03,6348634
0.03,6345946
0.03,6340960
0.03,6311213
0.03,6304940
0.03,6301708
0.03,6295966
0.03,6295826
0.03,6294749
0.03,6267130
0.03,6263373
0.03,6263274
0.03,6254834
0.03,6226123
0.03,6221454
0.03,6213094
0.03,6211294
0.04,6208327
0.04,6206621
0.04,6197144
0.04,6160426
0.04,6142837
0.04,6139674
0.04,6042022
0.04,6029312
0.04,6008300
0.04,5982202
0.04,5951939
0.04,5949757
0.04,5949673
0.04,5943343
0.04,5936061
0.04,5931946
0.05,5928960
0.05,5913650
0.05,5906189
0.05,5881481
0.05,5875256
0.05,5830139
0.05,5823588
0.05,5821468
0.05,5809770
0.05,5806008
0.05,5801479
0.05,5799550
0.05,5791610
0.05,5790211
0.05,5782914
0.05,5779945
0.05,5753245
0.05,5741806
0.05,5723874
0.05,5723415
0.05,5714058
0.05,5684805
0.05,5683435
0.05,5674047
0.05,5666243
0.05,5665514
0.05,5546050
0.05,5544207
0.05,5534743
0.05,5528658
0.05,5509342
0.05,5503593
0.05,5494398
0.05,5493410
0.05,5481137
0.05,5479084
0.05,5477562
0.05,5321835
0.05,5309140
0.05,5302444
0.06,5183793
0.06,5154687
0.06,5154001
0.06,5138711
0.06,5136300
0.06,5130616
0.06,5120272
0.06,5119267
0.06,5112206
0.06,5110113
0.06,5108869
0.06,5104828
0.06,5104519
0.06,5085814
0.06,5006607
0.06,5005938
0.06,5004661
0.06,4987670
0.06,4987155
0.06,4921395
0.06,4917195
0.06,4916904
0.06,4913460
0.06,4913399
0.06,4912240
0.06,4911277
0.06,4904533
0.06,4891835
0.06,4890063
0.06,4882943
0.06,4873081
0.06,4871055
0.06,4868385
0.06,4863688
0.06,4854307
0.06,4829476
0.06,4824586
0.06,4816324
0.06,4808975
0.06,4785084
0.06,4782980
0.06,4762274
0.06,4762023
0.06,4760661
0.06,4742688
0.06,4739014
0.06,4738651
0.06,4738237
0.06,4736975
0.06,4722523
0.06,4722119
0.06,4716701
0.06,4706103
0.07,4702327
0.07,4694869
0.07,4694596
0.07,4694250
0.07,4678872
0.07,4674696
0.07,4656024
0.07,4635360
0.07,4622006
0.07,4620286
0.07,4603078
0.07,4590448
0.07,4580798
0.07,4579010
0.07,4460976
0.07,4422237
0.07,4420335
0.07,4411602
0.07,4395914
0.07,4395614
0.07,4391244
0.07,4391243
0.07,4375837
0.07,4367745
0.07,4367554
0.07,4331380
0.07,4309840
0.07,4286216
0.07,4285841
0.07,4271704
0.07,4270866
0.07,4265876
0.07,4225318
0.07,4196068
0.07,4193701
0.07,4190868
0.07,4190629
0.07,4188767
0.07,4187765
0.07,4187582
0.07,4185850
0.07,4172795
0.07,4170683
0.07,4162242
0.07,4161772
0.08,4159892
0.08,4122139
0.08,4121180
0.08,4120604
0.08,4119881
0.08,4119063
0.08,4118337
0.08,4114116
0.08,4112825
0.08,4074216
0.08,4049551
0.08,3990796
0.08,3982557
0.08,3982417
0.08,3982023
0.08,3981303
0.08,3979743
0.08,3975481
0.08,3973900
0.08,3959032
0.08,3956832
0.08,3954060
0.08,3950355
0.08,3948394
0.08,3948065
0.08,3947348
0.08,3880343
0.08,3875888
0.08,3874592
0.08,3874127
0.08,3865073
0.08,3860752
0.08,3858461
0.08,3855849
0.08,3855831
0.08,3835028
0.08,3833210
0.08,3831290
0.08,3826761
0.08,3824964
0.08,3824931
0.08,3820643
0.08,3816926
0.08,3798931
0.08,3798716
0.09,3798479
0.09,3785390
0.09,3784510
0.09,3783566
0.09,3763593
0.09,3698303
0.09,3694233
0.09,3689522
0.09,3689495
0.09,3683989
0.09,3676185
0.09,3674326
0.09,3673313
0.09,3661089
0.09,3658546
0.09,3639146
0.09,3526685
0.09,3520014
0.09,3507789
0.09,3505199
0.09,3501799
0.09,3487741
0.09,3485134
0.09,3480700
0.09,3470070
0.09,3463908
0.09,3461015
0.09,3450959
0.09,3450888
0.09,3447060
0.09,3417497
0.09,3416364
0.09,3413850
0.09,3410822
0.09,3399159
0.10,3396452
0.10,3396155
0.10,3395778
0.10,3395765
0.10,3389153
0.10,3388205
0.10,3388110
0.10,3388057
0.10,3387444
0.10,3387379
0.10,3382490
0.10,3377215
0.10,3376879
0.10,3376402
0.10,3374349
0.10,3373154
0.10,3365822
0.10,3363942
0.10,3343574
0.10,3342682
0.10,3299261
0.10,3299068
0.10,3285868
0.10,3280174
0.10,3253204
0.10,3249732
0.10,3248963
0.10,3246135
0.10,3241840
0.10,3236397
0.10,3233549
0.10,3221698
0.10,3218858
0.10,3216610
0.10,3215304
0.10,3211482
0.11,3128956
0.11,3122706
0.11,3115171
0.11,3114967
0.11,3113917
0.11,3111416
0.11,3109599
0.11,3097978
0.11,3094823
0.11,3092267
0.11,3090516
0.11,3089602
0.11,3089389
0.11,3087243
0.11,3086487
0.11,3080558
0.11,3080531
0.11,3075504
0.11,3074252
0.11,3073290
0.11,3073015
0.11,3068416
0.11,3053162
0.11,3051043
0.11,3045838
0.11,3044350
0.11,3035271
0.11,3029786
0.12,3028764
0.12,3021908
0.12,2953974
0.12,2943639
0.12,2913955
0.12,2913570
0.12,2903066
0.12,2888566
0.12,2832803
0.12,2828413
0.12,2828228
0.12,2826009
0.12,2825776
0.12,2825066
0.12,2824131
0.13,2823822
0.13,2811761
0.13,2811386
0.13,2808102
0.13,2808023
0.13,2804770
0.13,2804483
0.13,2803437
0.13,2799829
0.13,2791783
0.13,2788608
0.13,2774349
0.13,2763498
0.13,2752731
0.13,2738498
0.13,2736433
0.13,2736363
0.13,2733229
0.13,2732285
0.13,2732082
0.13,2728771
0.13,2724680
0.14,2719036
0.14,2718069
0.14,2717942
0.14,2713641
0.14,2704703
0.14,2694399
0.14,2694075
0.14,2681328
0.14,2681014
0.14,2677229
0.14,2676977
0.14,2668624
0.14,2668606
0.14,2655716
0.14,2655451
0.14,2653217
0.14,2649460
0.14,2647420
0.14,2642385
0.14,2637006
0.14,2635841
0.14,2628988
0.14,2625939
0.14,2624238
0.15,2620658
0.15,2618053
0.15,2617314
0.15,2488377
0.15,2487157
0.15,2462382
0.15,2462150
0.15,2455161
0.15,2402139
0.15,2399437
0.15,2397970
0.15,2393264
0.15,2390824
0.15,2389962
0.16,2389842
0.16,2386453
0.16,2385848
0.16,2367032
0.16,2365489
0.16,2350174
0.16,2332018
0.16,2331768
0.16,2331622
0.16,2329681
0.16,2317875
0.16,2317608
0.16,2314154
0.16,2309823
0.16,2308908
0.16,2308864
0.16,2308488
0.16,2307461
0.16,2306086
0.16,2305363
0.16,2302886
0.16,2301390
0.16,2301291
0.17,2285824
0.17,2285642
0.17,2285228
0.17,2284982
0.17,2284564
0.17,2280775
0.17,2280375
0.17,2279613
0.17,2278833
0.17,2274880
0.17,2198049
0.17,2196495
0.17,2194356
0.17,2191178
0.17,2189916
0.17,2189824
0.17,2177062
0.17,2169171
0.17,2159852
0.17,2158864
0.17,2158477
0.18,2158376
0.18,2154861
0.18,2153038
0.18,2151449
0.18,2150605
0.18,2150422
0.18,2150220
0.18,2150192
0.18,2150170
0.18,2141684
0.18,2135219
0.18,2121312
0.18,2120604
0.18,2108649
0.18,2108286
0.18,2105769
0.18,2105563
0.18,2100965
0.18,2099540
0.18,2099129
0.18,2092273
0.18,2091752
0.18,2090399
0.18,2088568
0.19,2082456
0.19,2082304
0.19,2076813
0.19,2073074
0.19,2072612
0.19,2069800
0.19,2066216
0.19,2065784
0.19,2048064
0.19,2047037
0.19,2046865
0.19,2045802
0.19,2038728
0.19,2036589
0.19,2036233
0.19,2032821
0.19,2032778
0.19,2032122
0.19,2010247
0.19,2006910
0.19,2005212
0.19,2004074
0.19,2004024
0.20,2000069
0.20,1998797
0.20,1992683
0.20,1991224
0.20,1990424
0.20,1986972
0.20,1985686
0.20,1983664
0.20,1983562
0.20,1983008
0.20,1980857
0.20,1980709
0.20,1976621
0.20,1974727
0.20,1973651
0.20,1973602
0.20,1972520
0.20,1972303
0.21,1966133
0.21,1964422
0.21,1964408
0.21,1963567
0.21,1960802
0.21,1950484
0.21,1945254
0.21,1944757
0.21,1943673
0.21,1933917
0.21,1930964
0.21,1900980
0.21,1893116
0.21,1892564
0.21,1847941
0.22,1846668
0.22,1844723
0.22,1843999
0.22,1843983
0.22,1843746
0.22,1843630
0.22,1842890
0.22,1839299
0.22,1769962
0.22,1769024
0.22,1768575
0.22,1759617
0.22,1719931
0.22,1719668
0.22,1718284
0.22,1717015
0.23,1716825
0.23,1713466
0.23,1709463
0.23,1709259
0.23,1707108
0.23,1702821
0.23,1697677
0.23,1691874
0.23,1690357
0.23,1688822
0.23,1688608
0.23,1687124
0.23,1680823
0.23,1680557
0.23,1673457
0.23,1670515
0.23,1669520
0.23,1659073
0.23,1658450
0.23,1657978
0.24,1657721
0.24,1657137
0.24,1655605
0.24,1649055
0.24,1645679
0.24,1645604
0.24,1645402
0.24,1645177
0.24,1644039
0.24,1643879
0.25,1643153
0.25,1615580
0.25,1614382
0.25,1600885
0.25,1597979
0.25,1597579
0.25,1586855
0.25,1586200
0.25,1575727
0.25,1575519
0.25,1574538
0.26,1573769
0.26,1558009
0.26,1556194
0.26,1555204
0.26,1552481
0.26,1551015
0.26,1549839
0.26,1548246
0.26,1546752
0.26,1546709
0.26,1541123
0.26,1538470
0.26,1530224
0.27,1529134
0.27,1528599
0.27,1526804
0.27,1526675
0.27,1523780
0.27,1523494
0.27,1522256
0.27,1522249
0.27,1516704
0.27,1516681
0.28,1516200
0.28,1516025
0.28,1515520
0.28,1497031
0.28,1495006
0.28,1494923
0.28,1494473
0.28,1492815
0.28,1469235
0.28,1468238
0.29,1461808
0.29,1460335
0.29,1457581
0.29,1449232
0.29,1448767
0.29,1444469
0.29,1444239
0.29,1428264
0.29,1427909
0.30,1426109
0.30,1424927
0.30,1420262
0.30,1419378
0.30,1418691
0.31,1418272
0.31,1418203
0.31,1417715
0.31,1417420
0.31,1415978
0.31,1415311
0.32,1410795
0.32,1409930
0.32,1402036
0.32,1401616
0.33,1400702
0.33,1386361
0.33,1384253
0.33,1380694
0.33,1372705
0.33,1372284
0.33,1371801
0.33,1361038
0.34,1360388
0.34,1358639
0.34,1357947
0.34,1357008
0.34,1356600
0.34,1356233
0.34,1356222
0.34,1340693
0.34,1334158
0.35,1330237
0.35,1329042
0.35,1328631
0.35,1318600
0.35,1317977
0.35,1317830
0.35,1317294
0.35,1315607
0.35,1312415
0.35,1311339
0.35,1309486
0.35,1305066
0.36,1303895
0.36,1285121
0.36,1284590
0.36,1284269
0.36,1283888
0.37,1274928
0.37,1273231
0.37,1272470
0.38,1266104
0.38,1264853
0.38,1264711
0.38,1264525
0.38,1263046
0.38,1262816
0.39,1261331
0.39,1256739
0.39,1246519
0.39,1232675
0.39,1232315
0.39,1231890
0.39,1230219
0.40,1229110
0.40,1228740
0.40,1227420
0.40,1226381
0.40,1225736
0.40,1224647
0.41,1222875
0.41,1208902
0.41,1208139
0.41,1207593
0.41,1207239
0.41,1207178
0.41,1206230
0.41,1205288
0.42,1204370
0.42,1204139
0.43,1204122
0.43,1203626
0.43,1203397
0.43,1201375
0.43,1199380
0.44,1198285
0.44,1196726
0.44,1190476
0.44,1189948
0.44,1189302
0.44,1176173
0.44,1176075
0.44,1175761
0.44,1173137
0.45,1173063
0.45,1172489
0.45,1172440
0.46,1171540
0.46,1171141
0.46,1170092
0.47,1168812
0.47,1168798
0.48,1168096
0.48,1167386
0.48,1166814
0.48,1166544
0.49,1165972
0.49,1165955
0.49,1165296
0.49,1164810
0.50,1164215
0.50,1146067
0.50,1145145
0.51,1144183
0.51,1141807
0.51,1141484
0.51,1141031
0.51,1139287
0.51,1136654
0.52,1135719
0.52,1135418
0.52,1134895
0.54,1134105
0.54,1133623
0.54,1133521
0.54,1131677
0.55,1131600
0.55,1130289
0.55,1129973
0.55,1129676
0.55,1128538
0.56,1128366
0.56,1126710
0.56,1114095
0.56,1113098
0.56,1111786
0.56,1110951
0.56,1110292
0.57,1107355
0.57,1107003
0.58,1082463
0.58,1081841
0.58,1080698
0.58,1076452
0.58,1076337
0.59,1074549
0.59,1057229
0.59,1050558
0.60,1050017
0.61,1046723
0.61,1045337
0.61,1042872
0.61,1040858
0.61,1040260
0.62,1039884
0.63,1039817
0.63,1039418
0.64,1039279
0.64,1038373
0.64,1038326
0.65,1021760
0.66,1021397
0.66,995041
0.66,994291
0.66,992990
0.67,991500
0.67,990973
0.67,990905
0.67,989771
0.67,988474
0.68,988014
0.68,988013
0.68,987806
0.68,984613
0.68,984509
0.69,982767
0.69,979747
0.69,979700
0.70,973117
0.72,972768
0.72,972624
0.72,972554
0.72,971555
0.72,970997
0.74,969617
0.74,960843
0.74,960621
0.74,952610
0.75,951953
0.76,949675
0.76,949526
0.76,949140
0.76,948761
0.76,944774
0.77,944619
0.79,944230
0.79,944151
0.80,943557
0.80,943001
0.81,941330
0.81,939491
0.82,927764
0.82,922339
0.83,921136
0.83,921054
0.83,917615
0.84,914905
0.84,912211
0.85,912029
0.85,911964
0.85,911212
1.80,911076
3.35,907868
3.38,906167
3.38,906151
4.33,901918
4.34,901670
4.34,901050
4.34,895830
4.34,892022
4.34,890568
4.35,890071
4.35,890022
4.35,889926
4.35,885007
4.37,884388
4.37,884358
4.38,883629
4.39,881042
4.39,880825
4.39,880620
4.40,880476
4.40,880030
4.40,875594
4.42,875255
4.42,875253
4.42,874349
4.43,874244
4.43,871626
4.44,850747
4.44,849501
4.44,848732
5.06,848499
5.06,848473
5.06,846766
5.07,846718
5.07,844884
5.07,844062
5.08,843560
5.08,842357
5.11,837765
5.11,835507
5.11,814425
5.12,777540
5.12,776927
5.15,776878
5.20,776753
5.20,776138
5.21,776129
5.22,776003
5.98,774215
5.99,773742
6.00,773467
6.01,773027
6.01,772705
6.01,772373
6.03,772088
6.04,771685
6.06,771432
6.06,770919
6.07,770641
6.08,769518
6.10,769116
6.11,768900
6.11,768791
6.11,768172
6.12,767801
6.12,766888
6.13,766759
6.14,766504
6.15,765574
6.16,765275
6.16,764812
6.17,764766
6.19,764200
6.22,764111
6.23,763957
6.85,763347
6.90,760073
6.91,757187
6.92,754077
6.93,754070
6.93,753180
6.95,752811
6.97,751619
6.97,747669
7.02,747502
7.04,747193
7.07,746146
7.10,744649
7.13,744422
7.17,742534
7.17,741038
7.19,740868
7.25,740818
7.27,739853
7.28,739158
7.30,739127
7.30,737421
7.31,736739
7.34,731437
7.35,731042
7.36,730512
7.40,727680
7.41,727012
7.41,726919
7.42,726776
7.43,726608
7.44,725614
7.45,724487
7.46,724237
7.47,724051
7.51,723482
7.53,722867
7.55,718693
7.60,718675
7.60,718073
7.67,712813
7.85,712272
8.02,712028
8.13,711961
8.19,711911
8.26,707684
8.33,705984
8.35,705224
8.40,704162
8.41,702375
8.43,700496
9.35,699875
9.55,699523
9.59,698650
9.69,698335
9.90,698275
24.69,697938
24.72,697244
24.73,696828
24.73,696717
24.73,695782
24.77,695573
24.78,695513
24.79,694693
24.90,694351
24.91,694248
24.92,694205
24.95,693167
24.96,692780
24.97,692358
25.00,692326
25.02,691287
25.09,691026
25.14,689448
25.22,689390
25.42,688047
25.81,687583
27.94,685906
28.36,685702
59.76,684387
60.03,684084
61.60,683254
61.69,682886
61.73,682703
61.77,682557
61.85,682392
62.05,681560
62.10,681541
62.38,681218
63.72,680993
63.78,680642
63.79,679367
63.96,678400
64.02,677568
64.03,677379
64.11,676841
64.68,676471
64.79,675929
65.08,675762
65.99,675619
66.04,675381
68.02,675149
77.02,675120
103.79,673758
105.84,673662
106.02,673459
106.08,668887
106.21,668788
106.26,668015
106.28,667962
106.36,667726
