0.06,6744841
0.07,6731007
0.07,6727183
0.07,6705397
0.07,6701725
0.07,6697064
0.08,6686009
0.08,6684703
0.08,6684116
0.08,6671772
0.08,6668659
0.08,6648060
0.08,6642203
0.08,6641354
0.08,6638314
0.08,6627338
0.08,6625498
0.08,6616662
0.08,6605231
0.09,6567227
0.09,6564599
0.09,6562113
0.09,6532496
0.09,6470003
0.09,6464281
0.09,6390401
0.09,6291852
0.09,6281932
0.09,6268847
0.09,6263346
0.09,6251788
0.09,6248486
0.09,6200273
0.09,6185845
0.09,6180412
0.09,6162648
0.09,6138667
0.09,6111283
0.09,6077183
0.09,6072691
0.09,6069634
0.09,6064173
0.09,6062161
0.09,6025722
0.09,6021312
0.09,6019248
0.09,5992146
0.09,5972874
0.09,5972813
0.09,5965663
0.10,5958702
0.10,5956809
0.10,5921876
0.10,5876504
0.10,5875451
0.10,5875199
0.10,5872255
0.10,5822888
0.10,5813499
0.10,5800488
0.10,5776115
0.10,5768547
0.10,5760877
0.10,5738626
0.10,5738232
0.10,5736852
0.10,5735494
0.10,5724765
0.10,5654662
0.10,5652733
0.10,5645955
0.10,5644642
0.10,5642133
0.10,5640974
0.10,5635167
0.10,5633740
0.10,5596867
0.11,5591644
0.11,5575923
0.11,5575060
0.11,5568314
0.11,5567906
0.11,5533660
0.11,5533643
0.11,5521841
0.11,5512648
0.11,5507251
0.11,5500918
0.11,5487226
0.11,5473622
0.11,5407594
0.11,5402646
0.11,5400439
0.11,5376114
0.11,5376025
0.11,5355753
0.11,5345939
0.11,5345863
0.11,5299989
0.11,5295160
0.11,5295102
0.11,5292125
0.11,5283263
0.11,5270456
0.12,5268859
0.12,5267546
0.12,5257604
0.12,5256995
0.12,5236551
0.12,5230800
0.12,5229472
0.12,5216964
0.12,5199277
0.12,5196341
0.12,5194033
0.12,5175898
0.12,5144995
0.12,5144885
0.12,5143615
0.12,5105967
0.12,5103399
0.12,5070218
0.12,4994255
0.12,4992561
0.12,4984768
0.12,4979650
0.12,4932057
0.12,4927471
0.12,4920163
0.12,4913980
0.12,4911858
0.12,4863560
0.12,4860242
0.12,4853344
0.12,4853322
0.12,4852316
0.12,4852305
0.12,4807360
0.12,4805204
0.12,4802491
0.12,4796757
0.12,4779936
0.12,4776190
0.12,4758999
0.12,4756205
0.12,4755357
0.13,4674092
0.13,4672394
0.13,4665285
0.13,4650947
0.13,4602157
0.13,4591492
0.13,4591163
0.13,4590908
0.13,4587483
0.13,4583264
0.13,4548495
0.13,4547031
0.13,4537506
0.13,4518855
0.13,4490846
0.13,4488226
0.13,4483795
0.13,4473968
0.13,4441778
0.13,4437778
0.13,4398930
0.13,4387626
0.13,4376540
0.13,4373112
0.13,4370102
0.13,4232891
0.13,4227346
0.13,4225625
0.14,4212556
0.14,4212496
0.14,4113620
0.14,4104166
0.14,4086837
0.14,4077537
0.14,4077472
0.14,4073231
0.14,4073225
0.14,4063547
0.14,4053028
0.14,4050362
0.14,4050119
0.14,4046886
0.14,4027010
0.14,4023211
0.14,4016199
0.14,4011695
0.14,4000177
0.14,3999458
0.14,3938464
0.14,3936403
0.14,3914960
0.14,3913206
0.14,3910182
0.14,3909888
0.14,3904972
0.14,3884538
0.14,3883098
0.14,3880106
0.15,3873211
0.15,3871180
0.15,3871039
0.16,3869727
0.16,3867134
0.16,3860095
0.16,3853790
0.16,3848504
0.16,3842741
0.16,3841337
0.16,3810475
0.16,3805953
0.16,3802827
0.16,3793864
0.16,3792050
0.16,3751413
0.16,3742122
0.16,3738018
0.16,3737709
0.16,3726300
0.16,3723936
0.16,3721434
0.16,3630729
0.16,3630533
0.16,3623980
0.16,3621347
0.17,3620848
0.17,3612293
0.17,3611330
0.17,3605425
0.17,3588937
0.17,3587683
0.17,3583872
0.17,3582440
0.17,3582359
0.17,3575087
0.17,3570038
0.17,3567838
0.17,3564716
0.17,3547522
0.17,3541265
0.17,3536451
0.17,3534090
0.17,3527564
0.17,3520219
0.17,3518950
0.17,3509066
0.17,3504730
0.17,3500595
0.17,3492768
0.17,3476258
0.18,3456669
0.18,3439050
0.18,3427013
0.18,3425305
0.18,3424294
0.19,3416983
0.19,3408768
0.19,3399205
0.19,3394789
0.19,3392674
0.19,3380652
0.20,3360892
0.20,3353515
0.20,3333579
0.20,3327189
0.20,3318367
0.20,3317058
0.20,3310361
0.20,3309762
0.20,3308419
0.20,3305035
0.20,3231559
0.20,3231237
0.20,3229883
0.20,3229092
0.20,3226734
0.20,3225083
0.20,3223667
0.20,3220720
0.20,3219715
0.20,3218282
0.20,3212659
0.22,3178931
0.22,3178258
0.22,3154075
0.22,3149283
0.22,3143908
0.22,3141269
0.23,3140914
0.23,3139972
0.23,3134585
0.23,3134352
0.23,3111625
0.23,3111490
0.23,3102491
0.23,3102419
0.23,3074461
0.23,3074343
0.23,3073931
0.23,3069329
0.28,3060872
0.28,3049359
0.28,3048688
0.28,3044218
0.30,3028109
0.30,3027099
0.30,3024593
0.30,3011392
0.30,3010449
0.30,3008777
0.30,3007726
0.30,3006479
0.30,3005381
0.30,3001785
0.30,2996038
0.30,2995639
0.30,2991975
0.31,2991183
0.31,2987865
0.31,2985086
0.31,2984326
0.31,2983527
0.31,2977083
0.31,2964298
0.31,2962029
0.31,2961636
0.31,2959300
0.32,2944063
0.32,2943329
0.32,2942758
0.32,2930332
0.32,2924145
0.32,2919868
0.32,2899961
0.32,2897051
0.32,2890057
0.32,2882395
0.32,2881573
0.32,2876799
0.33,2876611
0.33,2872722
0.33,2870493
0.37,2846619
0.37,2840314
0.37,2820863
0.37,2815334
0.37,2814187
0.37,2813712
0.37,2796242
0.37,2789363
0.37,2788416
0.38,2767960
0.40,2763746
0.40,2762551
0.40,2758890
0.40,2755342
0.40,2754153
0.42,2748973
0.42,2731434
0.42,2727767
0.42,2727084
0.42,2717881
0.43,2714323
0.43,2707563
0.43,2705542
0.43,2703958
0.43,2695762
0.43,2694037
0.43,2693570
0.43,2686634
0.43,2680987
0.43,2676190
0.43,2670260
0.43,2667640
0.43,2666560
0.43,2663682
0.43,2661104
0.43,2642581
0.43,2639664
0.43,2629485
0.43,2629238
0.43,2629226
0.43,2629177
0.43,2613725
0.43,2603507
0.45,2590993
0.45,2590691
0.45,2590202
0.48,2587874
0.48,2577716
0.48,2570917
0.48,2566601
0.48,2559391
0.48,2556318
0.48,2551390
0.48,2532352
0.48,2510551
0.48,2509699
0.48,2504570
0.49,2498716
0.49,2498104
0.50,2496323
0.50,2494523
0.50,2492575
0.50,2487949
0.50,2486581
0.50,2482559
0.77,2479302
0.77,2467289
0.77,2460625
0.77,2459384
0.90,2458226
0.90,2456934
0.90,2447320
0.90,2414195
1.16,2411343
1.16,2403519
1.16,2402791
1.16,2402088
1.17,2396984
1.17,2365314
1.17,2358033
1.17,2357098
1.17,2355631
1.17,2355301
1.17,2353930
1.17,2342909
1.17,2340436
1.17,2334594
1.17,2326573
1.51,2324070
1.88,2319156
1.88,2306571
1.88,2301012
2.10,2297500
2.10,2296667
2.10,2295085
2.11,2292419
2.12,2292272
2.68,2287074
2.68,2279490
2.68,2270758
2.68,2269449
2.68,2269113
2.68,2269066
2.68,2268178
2.68,2267131
2.68,2263837
2.81,2250961
2.82,2245522
2.82,2245145
2.82,2239323
2.82,2238036
2.82,2236665
2.82,2234954
2.82,2229075
2.82,2210958
2.82,2202657
2.82,2200313
2.82,2199707
2.84,2196991
2.84,2195149
2.84,2188663
2.84,2179954
2.84,2178480
2.84,2178105
2.84,2170385
2.84,2165589
2.84,2163985
2.84,2161644
2.84,2160649
3.67,2157858
3.67,2151012
3.67,2149732
3.67,2145906
3.67,2143938
3.67,2143784
4.04,2141714
4.04,2136397
4.04,2128591
4.05,2128098
4.31,2121043
4.31,2118901
4.31,2111305
4.31,2108190
4.32,2107683
4.32,2102509
4.32,2102093
4.32,2100156
4.32,2094720
4.32,2089391
4.32,2088888
4.32,2088257
5.46,2083383
6.76,2071588
6.76,2070835
6.76,2070694
6.76,2067717
6.76,2047736
6.76,2045561
6.76,2044200
6.76,2044176
6.76,2042551
6.76,2037056
6.76,2036189
6.76,2033646
6.76,2028511
6.76,2023268
6.76,2020822
6.76,2019680
6.79,2012350
6.79,2009934
6.79,2006687
6.79,2005017
6.79,1980432
6.79,1977769
6.79,1976986
6.79,1969729
6.79,1965645
6.79,1958080
6.79,1954889
6.79,1953248
6.79,1949462
7.24,1946702
7.24,1946693
7.24,1943039
7.24,1938759
7.25,1937277
7.25,1925186
7.25,1907668
7.25,1905732
7.25,1903024
7.25,1902896
7.25,1901441
7.92,1896347
7.92,1870412
7.92,1869887
7.97,1864583
7.97,1863643
7.97,1861673
7.97,1858896
7.97,1853359
7.97,1847427
7.97,1846772
7.97,1837250
7.97,1834162
7.97,1825687
7.97,1825419
7.97,1821069
7.97,1819804
7.97,1819722
7.97,1819687
7.97,1818444
7.97,1817838
7.97,1808536
7.97,1807015
7.97,1806656
7.97,1804579
7.98,1804326
7.98,1803950
8.86,1802809
8.87,1802632
8.87,1801885
8.87,1796867
8.87,1795074
9.29,1793589
9.29,1792689
9.29,1792679
9.29,1791182
9.29,1784390
9.29,1783031
9.30,1782109
9.30,1771824
9.30,1771195
9.30,1770880
9.30,1765970
9.30,1761271
9.30,1752050
9.30,1747719
11.52,1746849
11.52,1746627
11.52,1742438
11.52,1740346
11.52,1740000
11.52,1737290
11.52,1737029
11.53,1732067
11.53,1732034
11.53,1727987
11.53,1727944
11.53,1727026
11.53,1725215
11.58,1718799
11.58,1713705
11.58,1707865
11.58,1706394
11.59,1705391
11.59,1705332
11.59,1701553
11.59,1697293
11.59,1696438
11.59,1691460
11.59,1690018
11.59,1688889
11.60,1686700
11.60,1676298
11.81,1673723
11.81,1669786
11.81,1668304
11.81,1666718
11.81,1664237
11.81,1663599
11.81,1663078
11.81,1655284
11.81,1639742
11.81,1638882
11.81,1638589
11.81,1637488
11.81,1637482
11.81,1636161
11.81,1632156
13.71,1625697
13.71,1625067
13.71,1621776
13.71,1619388
13.71,1618704
13.71,1612131
13.72,1603790
13.72,1591790
13.72,1587677
13.72,1587564
13.75,1586178
13.75,1579036
13.75,1578065
13.75,1576717
13.75,1575539
13.75,1570739
13.75,1564622
13.75,1562999
13.75,1561082
13.75,1560110
13.75,1556216
13.76,1549575
14.25,1548548
14.25,1546095
14.25,1542500
14.25,1536328
14.25,1535703
14.25,1531696
14.25,1528981
14.25,1527121
14.26,1523179
15.75,1521457
15.75,1520193
15.75,1518120
15.75,1517043
16.02,1510736
16.02,1509818
16.02,1509281
16.02,1507483
16.02,1505015
16.02,1502049
16.03,1501688
16.03,1500642
16.03,1493668
16.03,1482762
16.03,1474105
16.03,1470895
16.03,1464608
16.03,1462934
17.80,1461912
17.81,1458877
17.81,1457658
17.81,1457436
17.82,1449052
17.82,1446633
17.82,1445106
17.82,1441580
17.82,1440137
17.82,1436257
17.82,1432777
17.82,1428198
17.82,1425630
17.82,1423698
17.82,1423509
17.82,1422655
17.82,1419769
17.86,1410042
17.86,1409876
17.86,1409770
17.86,1409182
17.86,1403263
17.86,1398792
17.86,1398756
17.87,1394729
17.87,1394039
17.88,1391624
17.88,1390446
17.89,1384813
17.89,1382168
17.89,1382146
17.89,1381436
17.89,1372245
17.89,1369767
17.89,1369401
17.89,1365930
20.52,1364313
20.52,1363192
20.52,1363110
20.52,1360868
20.53,1359535
20.53,1352203
20.55,1350938
20.55,1348486
20.85,1347319
20.85,1346863
20.85,1343295
20.85,1342237
20.85,1338630
20.85,1337832
20.85,1336348
20.85,1336310
20.85,1332584
20.85,1325091
20.85,1314753
20.86,1312850
20.86,1312674
20.86,1310147
20.86,1308860
20.89,1308321
20.89,1306649
21.78,1305528
21.78,1300561
21.78,1296835
21.78,1296215
22.35,1292496
22.35,1290480
22.35,1289064
22.35,1287329
22.38,1285097
22.38,1283722
22.38,1283340
22.38,1279426
22.38,1278408
22.38,1276865
22.38,1276533
22.38,1265715
22.38,1262461
22.38,1256901
22.38,1253649
22.39,1249710
22.42,1248658
22.42,1248616
22.42,1246437
22.42,1246294
22.42,1243823
22.42,1235980
22.42,1234943
22.42,1233074
22.42,1227812
22.43,1226753
22.43,1226481
22.43,1225589
22.43,1222599
22.43,1216951
24.31,1213056
24.31,1212092
24.31,1211337
24.31,1211141
24.31,1210755
24.31,1210110
24.32,1208607
24.32,1207179
24.32,1205142
24.32,1201731
24.32,1201684
24.32,1198887
24.33,1198174
24.37,1196347
24.38,1194570
24.39,1193585
24.39,1190923
24.39,1189077
24.39,1185685
24.50,1185521
24.50,1184598
24.50,1180749
24.50,1176695
24.50,1168229
24.50,1159904
24.50,1158790
24.50,1157222
24.50,1155040
24.50,1154999
24.50,1154306
24.50,1153975
24.51,1152820
24.51,1149635
24.51,1145744
25.51,1142339
25.52,1139474
25.53,1134687
25.53,1132869
25.53,1129074
25.53,1124841
25.53,1124394
25.53,1122303
25.90,1119707
25.90,1116513
25.91,1116442
25.93,1107150
25.93,1101825
25.93,1101357
25.93,1100361
25.93,1097391
27.68,1097371
27.89,1095537
27.89,1094442
27.89,1094300
27.89,1093972
27.89,1093451
27.89,1089649
27.89,1088623
27.89,1086171
27.89,1085740
27.89,1084342
27.89,1083837
27.89,1082456
27.89,1081524
27.89,1079309
27.89,1078955
28.55,1078428
28.55,1072898
28.55,1072713
28.68,1069051
28.68,1067265
28.68,1064947
29.33,1064321
29.34,1061134
29.34,1058292
29.34,1055032
29.35,1053837
29.35,1052663
29.35,1052102
29.35,1050477
29.78,1049768
29.78,1043124
29.84,1042177
29.84,1039787
29.86,1036450
29.86,1034402
29.86,1030206
29.86,1028863
29.87,1028799
29.87,1027919
29.87,1027689
29.87,1027247
29.87,1026769
29.87,1026069
29.88,1023791
29.88,1021887
29.88,1021415
29.89,1020503
29.89,1016063
29.89,1012285
30.91,1010501
30.92,1009269
30.92,1006979
30.93,1006106
30.93,1002439
31.06,1001797
31.17,998144
31.17,997939
31.17,994769
31.17,992906
31.17,991934
31.17,989882
31.17,988441
31.17,988293
31.17,984288
32.13,984028
32.13,982108
33.42,981540
33.44,979512
33.45,977856
33.45,977221
33.45,976931
33.45,976783
33.45,976615
33.46,973944
33.46,973318
33.46,971551
33.46,965814
33.47,965238
33.52,965219
33.52,959579
33.52,959026
33.52,957817
33.52,956731
33.52,955944
33.52,955578
33.53,954062
33.53,953844
33.53,953169
33.53,952205
33.85,950630
33.85,950390
33.85,949447
33.85,941838
33.85,939379
33.85,937325
33.85,936129
33.85,934904
33.85,932329
33.85,926293
33.86,925280
34.67,925010
34.67,920252
34.68,919685
34.72,919113
35.11,915817
35.12,914313
35.12,910745
35.12,910674
35.13,909728
35.14,908200
35.14,905466
35.14,903842
36.17,903145
36.19,900652
36.20,898270
36.20,898168
36.20,897966
36.20,897478
36.20,896620
36.20,895380
36.20,895105
36.20,894208
36.20,894127
36.21,893394
36.21,892264
36.21,892233
36.21,891423
36.21,889576
36.21,888995
36.21,887449
36.21,883865
36.38,883404
36.38,880037
37.78,879323
37.78,878524
37.78,876076
37.79,872668
37.79,872006
37.91,871656
37.94,871556
37.94,867236
37.94,865368
37.94,862269
37.94,860578
37.94,860279
37.94,859858
37.94,857972
37.94,855373
38.47,854659
38.47,854637
38.47,854204
38.47,852460
38.47,850804
38.47,850516
38.47,847674
38.47,846919
38.47,846294
38.47,845692
38.47,842192
38.48,840175
38.95,839360
38.97,837782
38.97,834384
38.97,834009
38.97,833105
38.98,831441
38.98,831317
38.98,831316
38.98,831070
39.65,830864
39.65,829399
39.65,828825
39.65,828262
39.65,827776
39.65,824636
39.65,823676
39.65,822710
39.65,822504
39.66,820736
39.66,820327
39.66,817788
39.66,816823
39.66,816793
39.67,816365
39.67,816244
39.67,815838
39.67,815379
39.67,815197
39.67,813931
39.67,812807
39.67,810708
39.67,810045
39.67,809586
39.67,809531
42.73,807194
42.73,804375
42.74,803270
42.74,803251
43.05,803123
43.17,802671
43.17,801351
43.17,801112
43.17,800749
43.17,800504
43.18,798080
43.29,793673
43.29,792419
43.29,789517
43.29,787190
43.29,786487
43.55,786233
43.55,784810
43.55,784706
43.59,784385
43.75,783943
43.75,783039
43.75,782634
43.75,782347
43.75,781631
43.75,781203
43.81,780951
43.81,780747
43.81,780722
43.81,778585
44.74,778502
44.76,777678
44.77,777672
44.91,777030
44.91,775905
44.91,774521
46.15,774252
46.15,774138
46.16,773848
46.16,773213
46.18,772967
46.18,772335
46.18,772014
46.18,770839
46.19,769927
46.19,768771
46.19,768554
46.19,768508
46.19,767471
46.19,766668
46.20,763525
46.20,762988
46.20,762610
46.20,762386
46.20,761988
46.20,761246
46.21,760502
46.21,760451
46.22,759088
46.22,759004
46.22,758417
47.99,757998
47.99,757759
47.99,756077
48.04,755258
48.12,753926
48.12,753410
48.13,751965
48.13,751730
48.13,751564
48.13,751348
48.13,751079
48.13,751029
48.22,750549
48.22,749701
48.23,749427
48.23,747571
48.24,747338
48.24,747123
48.25,746729
48.25,746244
48.25,744682
48.25,743551
48.37,742068
48.37,741886
48.37,741829
48.37,741633
48.37,739756
48.37,739195
48.38,738754
48.39,738622
48.39,738478
48.39,737474
48.40,736921
48.41,735653
49.67,735001
49.67,734735
49.67,733860
49.67,733265
50.17,733098
50.19,732800
50.20,732291
50.20,731145
50.20,730516
50.20,730273
50.20,728844
50.22,728753
50.23,728586
50.48,728514
50.49,727544
50.50,727481
50.50,727464
50.50,727298
50.53,726525
50.53,726500
50.53,725825
50.54,725755
52.05,725631
52.21,725627
52.21,725513
52.21,724982
52.21,724925
52.21,724775
52.37,724675
52.38,722854
52.39,722333
52.40,721896
52.40,720726
52.40,719656
52.40,719133
52.41,718912
52.41,718819
52.46,718429
52.46,718349
53.24,717530
53.27,717123
53.28,717073
53.28,716545
53.33,716186
53.39,715530
53.39,715105
53.39,715037
53.41,714901
53.41,713453
53.41,713103
53.41,712525
53.42,711858
53.43,711806
53.43,710830
53.43,710746
53.44,710600
53.44,709649
53.44,709389
53.44,709342
53.44,708774
53.44,708294
53.46,707696
53.70,707580
53.70,707546
53.70,707147
53.70,705432
53.70,704675
53.77,704615
55.57,703622
55.96,702109
55.96,701819
56.03,701472
56.04,701238
56.04,699313
56.04,698050
56.04,697867
56.05,697809
56.05,697624
56.13,695959
56.13,695879
56.13,695140
56.15,694109
56.15,693978
56.15,693576
56.16,692810
56.16,692081
56.85,691021
56.85,690473
56.85,689689
56.98,689602
59.63,689367
59.96,688146
59.96,687747
59.97,687675
59.98,686665
60.00,686529
60.12,686229
60.12,685063
60.13,684922
60.14,684647
60.15,684060
60.16,683511
60.75,683285
60.77,682500
60.78,681850
60.80,681772
60.80,681580
60.81,680752
60.81,680515
60.82,680363
60.82,680007
60.97,679991
60.98,679138
61.15,678871
61.15,678760
61.17,678599
61.21,678423
61.21,678169
61.22,677905
61.30,677324
61.30,676130
61.31,676127
61.34,676078
61.35,675900
61.35,675734
61.38,675483
61.39,675419
61.99,675148
62.01,675130
62.05,675035
62.09,674912
62.09,674290
62.09,673239
62.09,672884
62.89,672799
63.53,672786
63.56,672727
63.56,672669
63.56,672128
63.56,671619
63.57,671490
63.59,671317
63.59,671266
63.62,670954
63.64,669797
63.66,669419
63.67,669000
67.71,668943
67.72,668775
68.40,668428
68.44,668332
68.50,667603
68.59,667540
68.59,666963
68.60,666651
69.57,666593
70.09,666505
70.09,666474
70.09,666459
70.11,666336
70.33,666129
70.39,666007
70.39,665747
70.43,665542
70.43,664636
71.07,664577
71.08,664463
71.43,664024
73.80,663956
73.87,663906
73.90,663903
73.91,663582
73.95,663483
73.97,663429
74.01,662742
74.14,662636
76.39,662588
76.43,662373
76.71,662255
76.92,662122
77.03,661641
77.12,661615
77.15,661476
81.00,660997
81.01,660969
81.16,660870
84.50,660837
88.68,660730
89.95,660696
89.98,660696
