0.00,6992637
0.01,6986502
0.01,6983913
0.01,6983726
0.01,6934229
0.01,6924538
0.01,6920270
0.01,6916154
0.01,6896098
0.01,6887815
0.01,6879565
0.01,6877746
0.01,6778494
0.01,6756663
0.01,6746412
0.02,6728116
0.02,6721567
0.02,6712880
0.02,6707397
0.02,6707363
0.02,6701051
0.02,6696572
0.02,6695838
0.02,6691671
0.02,6687369
0.02,6668474
0.02,6648028
0.02,6606054
0.02,6563949
0.02,6562628
0.02,6540050
0.02,6513022
0.02,6501624
0.02,6458856
0.02,6454415
0.02,6448946
0.02,6448001
0.02,6425683
0.02,6414903
0.02,6413830
0.02,6391077
0.02,6384297
0.02,6353507
0.02,6335087
0.02,6330939
0.02,6316696
0.02,6306872
0.02,6299770
0.02,6284970
0.02,6224280
0.02,6210594
0.02,6206744
0.03,6205863
0.03,6178513
0.03,6178122
0.03,6166261
0.03,6147035
0.03,6147034
0.03,6094184
0.03,6064527
0.03,6056531
0.03,6055866
0.03,6052121
0.03,6049393
0.03,6043518
0.03,5983394
0.03,5966058
0.03,5965590
0.03,5953567
0.03,5951025
0.04,5950472
0.04,5946399
0.04,5946183
0.04,5933355
0.04,5932496
0.04,5932465
0.04,5932406
0.04,5931980
0.04,5807867
0.04,5789204
0.04,5773256
0.04,5769921
0.04,5769589
0.04,5767963
0.04,5758702
0.04,5758065
0.04,5757176
0.04,5702716
0.04,5690125
0.04,5672656
0.04,5671958
0.04,5670143
0.04,5661360
0.04,5639191
0.04,5638078
0.04,5636325
0.04,5636231
0.04,5632940
0.04,5631387
0.04,5629390
0.04,5626643
0.04,5626497
0.04,5620074
0.04,5619271
0.04,5584959
0.04,5581960
0.04,5581009
0.04,5579418
0.04,5574219
0.04,5513792
0.04,5513344
0.04,5510898
0.04,5480192
0.04,5469057
0.04,5459599
0.04,5450969
0.04,5448769
0.04,5440832
0.05,5421259
0.05,5419042
0.05,5418229
0.05,5413021
0.05,5412000
0.05,5393673
0.05,5384858
0.05,5311568
0.05,5301068
0.05,5296300
0.05,5284740
0.05,5281571
0.05,5281253
0.05,5275577
0.05,5275158
0.05,5262134
0.05,5248264
0.05,5241359
0.05,5238210
0.05,5238133
0.05,5237951
0.05,5120559
0.05,5112359
0.05,5111219
0.05,5106956
0.05,5106575
0.05,5085630
0.05,5081016
0.05,5078276
0.05,5068246
0.05,5068152
0.05,5054049
0.05,5052962
0.05,5039888
0.05,5038111
0.05,5028530
0.05,5025723
0.05,4986211
0.05,4960931
0.05,4960873
0.05,4940955
0.05,4917446
0.05,4910487
0.05,4910375
0.05,4904688
0.05,4904477
0.05,4902451
0.05,4900662
0.05,4894692
0.05,4893125
0.05,4891934
0.05,4884945
0.05,4870368
0.05,4803998
0.06,4803002
0.06,4789391
0.06,4781688
0.06,4781653
0.06,4751122
0.06,4731528
0.06,4721162
0.06,4720680
0.06,4718138
0.06,4717945
0.06,4711870
0.06,4702738
0.06,4700606
0.06,4693902
0.06,4663942
0.06,4663232
0.06,4658590
0.06,4657541
0.06,4647518
0.06,4640577
0.06,4640537
0.06,4640076
0.06,4635149
0.06,4634894
0.06,4616081
0.06,4592682
0.06,4578559
0.06,4544021
0.06,4537531
0.06,4536398
0.06,4536342
0.06,4518513
0.06,4515607
0.06,4386342
0.06,4378276
0.06,4357880
0.06,4355831
0.06,4355611
0.06,4351129
0.06,4344623
0.06,4344272
0.06,4335961
0.06,4329267
0.06,4328429
0.06,4304367
0.06,4272615
0.06,4252322
0.06,4251198
0.06,4231646
0.06,4228259
0.06,4219440
0.06,4205975
0.06,4199185
0.06,4196736
0.06,4165798
0.06,4159701
0.06,4148602
0.07,4147409
0.07,4146755
0.07,4145713
0.07,4145524
0.07,4144876
0.07,4119959
0.07,4116636
0.07,4040675
0.07,4013381
0.07,4009273
0.07,4005308
0.07,4005076
0.07,4004554
0.07,4003379
0.07,4002863
0.07,3984020
0.07,3941236
0.07,3939899
0.07,3932489
0.07,3928747
0.07,3926465
0.07,3915454
0.07,3915206
0.07,3909160
0.07,3904771
0.07,3902420
0.07,3899080
0.07,3895416
0.07,3837371
0.07,3821859
0.07,3821417
0.07,3816717
0.07,3807074
0.07,3806731
0.07,3795402
0.07,3794564
0.07,3780542
0.07,3778486
0.07,3775909
0.07,3772574
0.07,3770548
0.07,3767875
0.07,3767461
0.07,3765099
0.07,3764581
0.07,3763443
0.07,3763406
0.07,3750328
0.08,3747520
0.08,3743216
0.08,3726744
0.08,3716935
0.08,3716461
0.08,3714097
0.08,3700864
0.08,3697864
0.08,3695985
0.08,3693369
0.08,3687748
0.08,3684407
0.08,3675332
0.08,3674228
0.08,3643625
0.08,3639819
0.08,3639264
0.08,3618017
0.08,3582084
0.08,3565915
0.08,3564956
0.08,3564160
0.08,3563040
0.08,3554647
0.08,3553352
0.08,3547432
0.08,3542256
0.08,3538200
0.08,3537030
0.08,3521539
0.08,3516952
0.08,3516285
0.08,3508714
0.08,3506171
0.08,3504867
0.08,3501416
0.08,3500973
0.08,3415392
0.09,3412496
0.09,3407600
0.09,3403730
0.09,3400965
0.09,3398452
0.09,3379528
0.09,3358545
0.09,3347220
0.09,3305041
0.09,3297671
0.09,3294918
0.09,3294781
0.09,3286078
0.09,3282757
0.09,3281866
0.09,3279635
0.09,3259038
0.09,3256559
0.09,3255107
0.09,3254584
0.09,3243344
0.09,3242575
0.09,3236691
0.09,3230999
0.09,3169403
0.09,3163768
0.09,3161338
0.09,3138468
0.09,3137771
0.09,3134840
0.09,3127769
0.09,3079461
0.09,3077869
0.09,3072207
0.09,3072081
0.09,3071266
0.09,3071039
0.09,3068847
0.09,3068312
0.09,3065227
0.09,3051314
0.09,3050590
0.09,3049388
0.09,2982624
0.09,2965755
0.10,2951479
0.10,2950237
0.10,2949991
0.10,2949868
0.10,2943612
0.10,2916312
0.10,2915492
0.10,2903717
0.10,2898967
0.10,2897231
0.10,2895233
0.10,2894229
0.10,2887581
0.10,2883426
0.10,2883301
0.10,2877924
0.10,2864732
0.10,2863633
0.10,2860474
0.10,2858112
0.10,2851876
0.10,2848800
0.10,2845575
0.10,2838326
0.10,2830785
0.10,2827432
0.10,2826602
0.10,2826319
0.10,2826090
0.10,2815213
0.10,2813536
0.10,2811964
0.10,2811801
0.10,2811418
0.10,2806087
0.10,2805246
0.10,2795442
0.10,2780061
0.10,2757514
0.10,2743583
0.10,2743496
0.10,2741511
0.10,2740789
0.10,2736379
0.10,2736375
0.10,2735893
0.11,2734984
0.11,2730737
0.11,2730722
0.11,2709372
0.11,2684257
0.11,2684211
0.11,2683381
0.11,2683358
0.11,2653875
0.11,2653829
0.11,2653720
0.11,2651414
0.11,2650856
0.11,2645874
0.11,2645442
0.11,2642670
0.11,2639847
0.11,2637773
0.11,2636083
0.11,2632822
0.11,2630278
0.11,2621807
0.11,2621134
0.11,2621085
0.12,2620313
0.12,2620303
0.12,2612524
0.12,2612477
0.12,2612355
0.12,2612251
0.12,2611757
0.12,2609063
0.12,2608573
0.12,2606337
0.12,2605905
0.12,2604172
0.12,2603886
0.12,2586034
0.12,2585042
0.12,2584581
0.12,2584579
0.12,2584236
0.12,2577246
0.12,2575386
0.12,2575335
0.12,2491868
0.12,2491835
0.12,2490960
0.12,2488230
0.12,2486190
0.12,2484996
0.12,2484774
0.12,2474759
0.12,2474340
0.12,2471764
0.12,2469260
0.12,2460676
0.12,2458169
0.12,2455760
0.12,2453714
0.13,2441433
0.13,2440135
0.13,2438729
0.13,2425349
0.13,2420167
0.13,2419218
0.13,2419150
0.13,2417880
0.13,2416535
0.13,2416267
0.13,2411454
0.13,2407967
0.13,2397731
0.13,2396555
0.13,2391365
0.13,2389157
0.13,2387987
0.13,2386409
0.13,2386168
0.13,2383880
0.13,2383862
0.13,2381795
0.13,2362543
0.13,2362495
0.13,2362343
0.13,2359951
0.13,2356673
0.13,2355293
0.13,2355227
0.14,2353757
0.14,2349955
0.14,2346585
0.14,2346006
0.14,2338263
0.14,2338195
0.14,2338099
0.14,2334059
0.14,2333988
0.14,2331213
0.14,2329645
0.14,2329590
0.14,2329217
0.14,2328652
0.14,2328197
0.14,2318806
0.14,2301656
0.14,2298588
0.14,2261870
0.14,2259896
0.14,2256017
0.14,2255898
0.14,2252937
0.14,2252410
0.14,2252157
0.14,2251986
0.14,2245669
0.15,2243223
0.15,2242700
0.15,2242684
0.15,2224953
0.15,2208613
0.15,2208214
0.15,2206922
0.15,2203838
0.15,2201797
0.15,2200630
0.15,2196944
0.15,2186031
0.15,2182844
0.15,2182644
0.15,2181503
0.15,2180714
0.15,2180152
0.15,2177784
0.16,2176710
0.16,2161138
0.16,2159908
0.16,2158975
0.16,2156166
0.16,2152874
0.16,2150597
0.17,2150396
0.17,2150341
0.17,2149175
0.17,2148964
0.17,2115318
0.17,2115298
0.17,2114663
0.17,2114216
0.17,2103991
0.17,2103203
0.17,2063379
0.17,2017167
0.17,2016805
0.17,2006656
0.17,2005430
0.17,2003030
0.18,2002463
0.18,1996003
0.18,1995497
0.18,1992119
0.18,1985009
0.18,1983111
0.18,1962042
0.18,1947797
0.18,1915025
0.18,1912672
0.18,1912450
0.18,1911725
0.18,1911662
0.18,1907487
0.18,1904889
0.18,1896505
0.18,1881240
0.18,1880245
0.18,1843518
0.18,1843460
0.18,1842697
0.19,1840852
0.19,1840501
0.19,1839118
0.19,1838388
0.19,1834336
0.19,1832291
0.19,1830094
0.19,1829519
0.19,1829384
0.19,1813200
0.19,1810596
0.19,1810230
0.19,1810223
0.19,1808892
0.19,1807877
0.19,1806176
0.19,1806071
0.19,1805649
0.19,1803998
0.20,1799922
0.20,1794339
0.20,1794275
0.20,1792122
0.20,1791877
0.20,1790359
0.20,1787726
0.20,1763239
0.20,1762558
0.20,1761069
0.20,1759292
0.20,1758879
0.20,1747944
0.20,1747312
0.20,1727598
0.20,1727279
0.20,1722255
0.20,1720397
0.21,1708407
0.21,1704157
0.21,1702981
0.21,1700130
0.21,1700034
0.21,1699475
0.21,1696235
0.21,1691680
0.21,1690925
0.21,1688815
0.21,1686940
0.21,1685070
0.21,1684905
0.21,1679953
0.21,1679012
0.22,1676647
0.22,1674815
0.22,1674652
0.22,1665156
0.22,1658084
0.22,1654439
0.22,1651897
0.22,1649250
0.22,1648950
0.22,1647444
0.22,1632650
0.22,1630614
0.22,1630111
0.22,1629264
0.23,1627567
0.23,1579132
0.23,1564549
0.23,1563609
0.23,1557239
0.23,1548757
0.23,1545192
0.23,1544740
0.23,1540977
0.23,1530076
0.23,1526787
0.23,1525484
0.23,1525159
0.23,1523082
0.23,1505572
0.23,1498243
0.23,1498138
0.24,1497234
0.24,1496657
0.24,1496604
0.24,1495166
0.24,1494418
0.24,1494032
0.24,1492919
0.24,1492097
0.24,1487129
0.24,1481463
0.25,1481311
0.25,1480949
0.25,1478619
0.25,1476546
0.25,1471640
0.25,1471251
0.25,1470610
0.25,1466533
0.25,1466366
0.25,1462210
0.25,1462196
0.25,1457875
0.25,1456563
0.25,1455992
0.26,1450820
0.26,1446387
0.26,1445302
0.26,1445296
0.26,1443345
0.26,1440074
0.26,1438100
0.26,1436981
0.26,1436501
0.27,1435666
0.27,1435216
0.27,1435046
0.27,1433007
0.27,1431936
0.27,1424362
0.27,1423860
0.27,1423051
0.28,1417827
0.28,1417578
0.28,1416514
0.28,1414858
0.28,1373892
0.28,1373792
0.28,1372824
0.28,1371538
0.28,1370341
0.29,1346811
0.29,1340735
0.29,1340168
0.29,1322208
0.29,1321191
0.29,1320803
0.29,1313749
0.29,1301238
0.29,1293163
0.29,1292704
0.30,1291588
0.30,1291390
0.30,1267847
0.30,1266672
0.30,1266616
0.30,1262245
0.31,1261346
0.31,1260850
0.31,1260108
0.31,1246293
0.31,1235099
0.31,1234688
0.31,1231336
0.31,1230587
0.32,1230572
0.32,1230013
0.32,1229708
0.32,1228982
0.32,1228546
0.32,1222973
0.32,1222968
0.32,1222929
0.33,1222872
0.33,1221865
0.33,1206933
0.33,1185042
0.33,1184817
0.33,1184677
0.33,1182831
0.33,1172216
0.33,1149030
0.34,1149025
0.34,1120155
0.34,1119797
0.34,1119544
0.34,1088574
0.34,1086637
0.34,1084187
0.34,1082971
0.34,1082375
0.34,1081830
0.34,1081501
0.35,1078440
0.35,1078343
0.35,1064928
0.35,1061971
0.35,1059035
0.35,1051780
0.35,1051250
0.36,1051022
0.36,1028167
0.36,1028157
0.36,1025470
0.36,1024785
0.37,1022373
0.37,1018143
0.37,1017097
0.37,1016367
0.37,1012476
0.37,1011665
0.37,1010639
0.37,1009623
0.37,1009219
0.38,1008571
0.38,1007939
0.38,1007277
0.38,1005171
0.38,998454
0.38,997532
0.38,995436
0.39,995417
0.39,994908
0.39,994826
0.40,991806
0.40,984046
0.40,984035
0.40,983086
0.40,981879
0.41,980715
0.41,980495
0.41,978498
0.41,975047
0.42,974613
0.42,972300
0.42,971853
0.42,971596
0.43,970340
0.43,969241
0.44,969033
0.44,966230
0.44,965491
0.45,964494
0.45,964492
0.45,962560
0.45,962071
0.46,956837
0.46,955549
0.46,955311
0.46,954385
0.46,952526
0.46,952079
0.47,949349
0.47,944777
0.47,944489
0.47,943099
0.48,943081
0.48,942655
0.48,942624
0.49,941326
0.49,938316
0.49,938240
0.49,935922
0.49,935177
0.50,929160
0.50,928714
0.51,928019
0.51,927546
0.51,926556
0.51,926290
0.51,925853
0.51,910616
0.51,910515
0.51,909234
0.53,908957
0.53,906055
0.53,905705
0.54,905699
0.54,905008
0.54,904553
0.54,904520
0.55,904486
0.55,902368
0.55,901798
0.55,901411
0.56,901293
0.56,901117
0.56,900851
0.56,899715
0.57,899602
0.58,899100
0.58,898569
0.58,897886
0.58,896793
0.59,896183
0.59,888863
0.60,888201
0.60,888015
0.60,849953
0.61,849658
0.61,849428
0.61,848835
0.62,848383
0.62,848327
0.63,847844
0.63,847225
0.63,845871
0.65,844315
0.65,844186
0.65,843752
0.66,843502
0.66,842418
0.66,841785
0.66,841535
0.67,841507
0.67,840950
0.67,830135
0.67,828226
0.67,827475
0.68,825581
0.70,824888
0.70,824265
0.71,823500
0.72,823392
0.72,822958
0.72,822335
0.73,821218
0.74,821197
0.74,820994
0.75,820990
0.76,820321
0.76,820181
0.77,818286
0.78,817430
0.79,816093
0.79,814035
0.80,812977
0.80,810817
0.81,810815
0.82,807890
0.82,807859
0.82,805410
0.82,804782
0.82,804720
0.82,804322
0.83,803383
0.84,803377
0.85,800301
0.85,799610
0.85,799523
0.87,798205
0.87,795471
0.87,794226
0.88,794175
0.88,792210
0.88,791599
0.89,790131
0.89,789764
0.90,788519
0.91,788489
0.91,788200
0.92,786391
0.95,785791
0.96,783677
0.96,779503
0.98,779063
0.99,775839
0.99,775044
1.00,774925
1.01,771799
1.04,771450
1.04,771342
1.05,771162
1.05,765221
1.06,763099
1.07,762532
1.08,760047
1.08,759014
1.08,758486
1.09,754331
1.12,753835
1.12,752154
1.14,751251
1.15,747668
1.15,746807
1.16,739637
1.16,736512
1.18,736508
1.18,735706
1.23,732128
1.24,732053
1.28,729808
1.28,729210
1.29,727089
1.30,726696
1.33,725382
1.34,725164
1.36,723027
1.40,713907
1.49,712813
1.50,712654
1.51,711293
1.51,709765
1.52,709640
1.52,708448
1.53,708014
1.56,707868
1.57,706183
1.59,705884
1.61,705807
1.66,705392
1.70,705188
1.71,703804
1.72,703746
1.75,703688
1.76,703441
1.77,702407
1.83,701096
1.97,701082
2.07,700469
2.10,698843
2.15,698469
2.25,697167
2.33,696998
2.44,696572
2.45,696456
2.77,695499
2.85,694922
2.92,694747
3.22,694715
3.33,692619
3.34,692023
3.36,691344
3.43,690475
7.07,689941
7.09,689109
7.15,688516
7.26,687759
7.31,687652
7.35,687539
7.42,686546
7.50,685332
7.64,684855
7.79,684855
7.89,683861
41.55,683662
41.64,683474
41.85,682128
41.96,681691
42.31,681219
42.42,681207
101.43,679725
101.51,679725
101.77,679355
102.12,678209
102.14,677460
102.35,676976
262.07,676409
262.09,675651
262.11,674142
262.19,673775
262.40,673612
262.71,673114
