0.00,6988403
0.01,6986454
0.01,6955426
0.01,6948084
0.01,6865271
0.01,6846109
0.01,6829583
0.01,6829292
0.01,6819271
0.01,6810819
0.01,6808227
0.01,6791121
0.01,6790831
0.01,6783711
0.01,6783031
0.01,6777765
0.01,6777716
0.01,6745714
0.01,6742972
0.01,6738855
0.01,6737096
0.02,6732393
0.02,6731735
0.02,6712326
0.02,6711731
0.02,6697270
0.02,6629209
0.02,6611904
0.02,6606817
0.02,6597665
0.02,6571684
0.02,6560404
0.02,6557150
0.02,6526787
0.02,6513130
0.02,6413365
0.02,6310023
0.02,6306595
0.02,6302765
0.02,6279661
0.02,6271355
0.02,6271198
0.02,6269914
0.02,6267355
0.02,6266348
0.02,6261954
0.02,6260281
0.02,6246622
0.02,6240886
0.02,6134550
0.02,6127778
0.02,6119931
0.02,6109827
0.02,6074392
0.02,6071324
0.02,6069725
0.02,5994246
0.02,5986889
0.02,5960418
0.02,5958931
0.02,5949436
0.02,5929942
0.02,5924929
0.03,5905571
0.03,5900261
0.03,5891169
0.03,5873225
0.03,5872342
0.03,5816131
0.03,5812255
0.03,5807624
0.03,5801229
0.03,5796206
0.03,5794098
0.03,5790515
0.03,5781877
0.03,5770307
0.03,5746142
0.03,5717455
0.03,5715258
0.03,5707148
0.03,5693094
0.03,5683341
0.03,5680652
0.03,5676780
0.03,5631502
0.04,5630446
0.04,5596396
0.04,5594925
0.04,5591542
0.04,5590143
0.04,5585010
0.04,5584898
0.04,5573264
0.04,5550732
0.04,5496435
0.04,5496134
0.04,5490806
0.04,5478750
0.04,5476985
0.04,5476045
0.04,5475120
0.04,5450021
0.04,5446078
0.04,5445869
0.04,5416091
0.04,5415978
0.04,5406297
0.04,5403227
0.04,5388941
0.04,5380053
0.04,5314242
0.04,5311934
0.04,5307417
0.04,5307368
0.04,5295815
0.04,5287045
0.04,5278080
0.04,5266745
0.04,5262951
0.04,5261499
0.04,5246826
0.04,5245987
0.04,5245725
0.04,5244099
0.04,5237631
0.04,5194683
0.04,5190413
0.04,5187071
0.04,5172277
0.04,5147122
0.04,5114809
0.04,5103832
0.04,5103383
0.04,5100731
0.04,5082641
0.04,5045895
0.04,5018361
0.04,5009456
0.04,5007594
0.04,4992904
0.04,4985462
0.04,4977647
0.05,4976600
0.05,4973097
0.05,4970369
0.05,4947443
0.05,4939427
0.05,4934310
0.05,4931833
0.05,4931606
0.05,4929924
0.05,4911681
0.05,4907790
0.05,4879832
0.05,4877784
0.05,4874783
0.05,4868256
0.05,4863876
0.05,4863566
0.05,4863516
0.05,4855866
0.05,4850576
0.05,4731616
0.05,4727467
0.05,4723901
0.05,4723649
0.05,4708217
0.05,4681453
0.05,4680350
0.05,4680311
0.05,4662675
0.05,4643752
0.05,4640875
0.05,4640447
0.05,4629239
0.05,4620053
0.05,4614673
0.05,4609019
0.05,4608641
0.05,4604199
0.05,4603468
0.05,4602496
0.05,4584746
0.05,4580346
0.05,4577650
0.05,4577027
0.05,4569811
0.05,4560321
0.05,4551196
0.05,4534174
0.06,4533941
0.06,4422939
0.06,4418895
0.06,4410265
0.06,4409693
0.06,4408274
0.06,4406343
0.06,4397658
0.06,4389802
0.06,4386124
0.06,4376596
0.06,4365537
0.06,4363248
0.06,4354983
0.06,4336686
0.06,4335044
0.06,4331696
0.06,4331633
0.06,4329393
0.06,4311565
0.06,4307461
0.06,4291734
0.06,4290397
0.07,4289649
0.07,4285570
0.07,4285012
0.07,4231477
0.07,4210752
0.07,4190195
0.07,4186689
0.07,4183308
0.07,4183057
0.07,4174305
0.07,4172878
0.07,4171943
0.07,4171645
0.07,4169581
0.07,4168865
0.07,4166263
0.07,4164490
0.07,4159464
0.07,4159243
0.07,4157010
0.07,4140457
0.07,4140152
0.07,4139147
0.07,4108027
0.07,4087997
0.07,4082749
0.07,4076976
0.07,4070954
0.07,3985255
0.07,3962804
0.07,3955310
0.07,3942390
0.07,3934753
0.07,3932845
0.07,3926741
0.07,3923150
0.07,3923110
0.07,3921071
0.07,3914532
0.07,3914003
0.07,3899603
0.07,3898677
0.07,3857110
0.08,3855910
0.08,3831642
0.08,3828756
0.08,3823595
0.08,3819033
0.08,3818761
0.08,3789597
0.08,3787289
0.08,3787204
0.08,3783960
0.08,3783732
0.08,3775117
0.08,3771594
0.08,3771246
0.08,3759611
0.08,3755647
0.08,3753082
0.08,3752443
0.08,3737291
0.08,3737197
0.08,3726878
0.08,3723676
0.08,3721291
0.08,3715353
0.08,3713294
0.08,3707549
0.08,3684816
0.08,3678900
0.08,3676325
0.08,3672495
0.08,3671351
0.08,3669583
0.08,3666742
0.08,3665180
0.08,3664906
0.08,3633516
0.08,3631335
0.08,3628502
0.08,3624419
0.08,3622390
0.08,3620468
0.08,3604490
0.08,3598176
0.08,3598158
0.08,3596747
0.08,3596550
0.08,3596243
0.08,3566516
0.08,3564526
0.08,3564423
0.08,3554649
0.08,3543080
0.09,3516108
0.09,3498326
0.09,3465480
0.09,3458846
0.09,3447022
0.09,3440760
0.09,3435948
0.09,3432122
0.09,3421605
0.09,3421282
0.09,3347032
0.09,3342123
0.09,3336666
0.09,3330394
0.09,3325529
0.09,3307666
0.09,3301331
0.09,3292422
0.09,3287528
0.09,3284892
0.09,3279126
0.09,3262443
0.09,3262328
0.09,3260651
0.09,3239696
0.09,3239606
0.09,3238005
0.09,3235393
0.09,3235376
0.09,3231726
0.09,3227022
0.09,3226540
0.09,3225565
0.09,3223252
0.09,3212347
0.09,3208627
0.09,3207477
0.09,3188245
0.09,3182164
0.09,3178673
0.09,3178040
0.09,3176866
0.10,3176583
0.10,3174981
0.10,3171104
0.10,3170701
0.10,3135427
0.10,3135369
0.10,3094497
0.10,3094292
0.10,3083145
0.10,3083042
0.10,3082546
0.10,3081852
0.10,3080269
0.10,3078175
0.10,3077653
0.10,3074304
0.10,3070399
0.10,3060653
0.10,3060118
0.10,3058742
0.10,3053914
0.10,3045423
0.10,2999098
0.10,2990341
0.10,2988560
0.10,2987081
0.10,2972349
0.10,2950273
0.10,2950020
0.10,2949529
0.10,2934731
0.10,2927673
0.10,2927148
0.10,2924726
0.10,2844903
0.11,2833296
0.11,2829895
0.11,2823743
0.11,2823339
0.11,2765987
0.11,2764475
0.11,2763115
0.11,2706438
0.11,2704567
0.11,2703150
0.11,2700595
0.11,2699695
0.11,2699644
0.11,2687071
0.11,2686731
0.11,2681287
0.11,2680965
0.11,2677326
0.11,2668518
0.11,2657139
0.11,2648056
0.11,2645236
0.11,2642390
0.11,2636846
0.11,2634989
0.11,2630366
0.11,2629255
0.11,2623736
0.11,2616790
0.11,2616686
0.11,2615832
0.11,2614057
0.11,2590413
0.11,2589864
0.12,2589509
0.12,2585295
0.12,2581943
0.12,2579779
0.12,2569820
0.12,2562913
0.12,2562023
0.12,2560260
0.12,2558928
0.12,2543305
0.12,2535626
0.12,2520423
0.12,2516560
0.12,2515990
0.12,2515735
0.12,2512725
0.12,2511302
0.12,2509704
0.12,2509317
0.12,2501884
0.12,2499172
0.12,2479220
0.12,2479129
0.12,2475646
0.12,2460227
0.12,2458046
0.12,2455339
0.12,2442857
0.12,2442237
0.12,2440475
0.12,2439174
0.12,2435651
0.12,2420421
0.12,2412124
0.12,2394396
0.12,2357415
0.12,2357028
0.12,2355528
0.12,2354204
0.12,2353510
0.12,2344294
0.13,2343618
0.13,2342625
0.13,2335932
0.13,2329869
0.13,2329728
0.13,2325160
0.13,2322283
0.13,2322260
0.13,2316866
0.13,2315696
0.13,2306063
0.13,2300593
0.13,2299792
0.13,2247045
0.13,2245257
0.13,2244825
0.13,2235121
0.13,2232489
0.13,2207138
0.13,2204827
0.13,2139850
0.13,2138831
0.13,2127633
0.13,2127213
0.14,2114907
0.14,2114684
0.14,2083390
0.14,2081521
0.14,2079214
0.14,2079193
0.14,2077347
0.14,2075168
0.14,2070129
0.14,2068761
0.14,2062365
0.14,2016135
0.14,2013439
0.14,2012845
0.14,2012254
0.14,2011417
0.14,2009670
0.14,2008549
0.14,2000111
0.14,1999515
0.14,1974386
0.14,1972246
0.14,1971877
0.14,1971308
0.14,1968822
0.15,1966630
0.15,1963835
0.15,1963635
0.15,1963530
0.15,1959104
0.15,1958965
0.15,1958801
0.15,1954772
0.15,1948853
0.15,1948261
0.15,1947939
0.15,1946574
0.15,1946555
0.15,1946429
0.15,1945367
0.15,1944546
0.15,1935761
0.15,1935055
0.15,1933325
0.16,1904918
0.16,1890641
0.16,1873681
0.16,1873616
0.16,1872765
0.16,1872765
0.16,1872747
0.16,1871966
0.16,1869285
0.16,1869070
0.16,1868613
0.16,1795519
0.16,1794984
0.16,1783755
0.16,1783180
0.17,1781674
0.17,1780564
0.17,1780043
0.17,1778607
0.17,1776220
0.18,1768095
0.18,1767211
0.18,1766370
0.18,1764151
0.18,1762000
0.18,1761606
0.18,1761224
0.18,1760357
0.18,1758838
0.18,1755244
0.19,1754084
0.19,1754062
0.19,1751375
0.19,1750935
0.19,1750803
0.19,1750368
0.19,1743217
0.19,1742937
0.19,1742462
0.19,1738429
0.19,1734765
0.20,1734351
0.20,1732610
0.20,1723930
0.20,1723846
0.20,1723417
0.20,1722952
0.20,1722124
0.21,1700495
0.21,1699840
0.21,1699813
0.21,1699649
0.21,1695158
0.21,1694919
0.21,1693666
0.21,1693612
0.21,1693505
0.21,1692330
0.21,1690043
0.21,1689855
0.21,1689665
0.21,1675877
0.21,1674501
0.22,1602860
0.22,1558903
0.22,1556477
0.22,1555727
0.22,1537586
0.22,1530292
0.22,1528277
0.22,1527804
0.22,1527497
0.22,1517232
0.22,1516252
0.22,1497334
0.22,1496199
0.23,1496031
0.23,1494832
0.23,1491819
0.23,1479802
0.23,1469862
0.23,1469162
0.23,1467978
0.24,1467162
0.24,1466959
0.24,1466345
0.24,1466068
0.24,1460828
0.24,1459169
0.24,1407844
0.24,1406840
0.24,1404617
0.24,1403486
0.24,1400869
0.24,1400817
0.24,1400114
0.24,1399240
0.24,1398495
0.24,1393069
0.25,1392170
0.25,1383075
0.25,1377298
0.25,1375409
0.25,1374634
0.25,1374558
0.25,1338410
0.25,1338343
0.26,1337730
0.26,1336027
0.26,1332996
0.26,1332501
0.26,1332473
0.26,1326295
0.26,1318212
0.26,1317951
0.26,1311422
0.27,1308588
0.27,1307575
0.27,1300380
0.27,1300366
0.27,1297305
0.27,1297060
0.27,1295503
0.27,1278937
0.27,1278551
0.28,1277162
0.28,1274276
0.28,1274007
0.28,1273993
0.28,1273730
0.28,1272596
0.28,1271224
0.28,1267613
0.28,1253630
0.28,1253094
0.28,1251909
0.28,1251654
0.28,1251450
0.28,1219354
0.28,1219007
0.28,1218640
0.28,1216652
0.29,1212932
0.29,1212411
0.29,1210151
0.29,1209909
0.30,1198133
0.30,1196194
0.30,1195422
0.30,1194681
0.30,1192784
0.30,1192517
0.30,1190052
0.30,1189363
0.30,1186735
0.30,1185960
0.30,1184959
0.30,1184907
0.30,1183523
0.31,1181753
0.31,1180736
0.31,1179998
0.31,1179929
0.31,1179042
0.31,1177814
0.31,1172940
0.32,1172367
0.32,1170141
0.32,1168831
0.32,1159195
0.32,1152864
0.32,1152698
0.32,1151988
0.32,1150591
0.33,1149976
0.33,1146843
0.33,1145137
0.33,1143286
0.33,1139395
0.33,1139045
0.33,1137418
0.33,1135628
0.34,1134583
0.34,1134500
0.34,1133999
0.34,1133941
0.34,1133804
0.34,1133582
0.35,1131570
0.35,1123347
0.35,1123280
0.35,1122348
0.35,1117362
0.35,1117146
0.35,1113246
0.35,1107781
0.36,1107497
0.36,1106472
0.36,1104179
0.36,1104041
0.36,1100908
0.36,1100109
0.37,1098594
0.37,1095455
0.37,1095358
0.37,1094365
0.37,1093103
0.37,1092800
0.37,1089952
0.38,1089943
0.38,1089022
0.38,1088801
0.38,1086372
0.38,1086092
0.39,1086009
0.39,1084569
0.39,1084130
0.39,1077287
0.39,1067993
0.40,1067075
0.40,1063988
0.40,1060927
0.40,1059901
0.40,1059555
0.40,1059105
0.41,1057840
0.41,1056142
0.41,1055833
0.41,1050325
0.41,1050282
0.41,1049770
0.42,1047665
0.42,1047508
0.42,1047442
0.43,1047118
0.43,1046842
0.43,1046286
0.43,1045550
0.43,1045276
0.43,1044539
0.43,1043316
0.43,1042815
0.44,1040366
0.44,1038346
0.44,1037571
0.44,1034963
0.45,1034788
0.45,1033452
0.45,1033399
0.45,1032353
0.45,1031630
0.45,1030244
0.46,1029732
0.47,1029471
0.47,1028307
0.47,1025657
0.48,1025367
0.48,1023682
0.48,1023466
0.49,1018734
0.49,1016443
0.49,1016025
0.50,1011684
0.50,1010514
0.50,1008404
0.51,1007661
0.51,984825
0.51,983135
0.51,982008
0.51,981561
0.52,981489
0.52,981037
0.53,979817
0.53,978267
0.54,977991
0.54,977788
0.54,977717
0.54,975779
0.54,975261
0.55,973487
0.55,972377
0.55,972287
0.55,937366
0.55,935540
0.56,934949
0.56,934450
0.56,929270
0.56,926821
0.57,923996
0.57,923831
0.57,917339
0.58,916902
0.59,916831
0.59,915393
0.60,911817
0.60,911530
0.61,910909
0.61,905204
0.61,904379
0.61,898344
0.62,898244
0.62,897856
0.63,897463
0.63,891836
0.63,889532
0.63,886291
0.65,884637
0.65,884578
0.65,881168
0.65,878380
0.65,872427
0.65,872206
0.66,866542
0.66,866420
0.66,865770
0.67,865668
0.67,865064
0.67,864912
0.68,864812
0.70,862496
0.70,862226
0.70,861694
0.71,860903
0.71,860826
0.71,860253
0.71,859610
0.72,859367
0.73,859331
0.74,859100
0.74,858683
0.74,857887
0.75,857224
0.75,853891
0.76,853557
0.76,852396
0.77,852370
0.78,852007
0.78,851815
0.79,850472
0.80,844252
0.81,844197
0.81,843092
0.81,841208
0.82,836598
0.82,835987
0.82,835532
0.83,834870
0.83,834324
0.83,822509
0.84,822328
0.84,820771
0.87,811147
0.87,807597
0.88,807327
0.88,807296
0.89,807284
0.91,806863
0.91,806227
0.91,805623
0.91,805140
0.92,804859
0.93,800679
0.93,800646
0.94,799996
0.96,799722
0.96,796519
0.98,796472
0.99,793857
1.00,791873
1.00,791762
1.03,791335
1.04,791321
1.04,790106
1.06,786187
1.07,781974
1.07,781796
1.08,781329
1.09,780537
1.11,780241
1.12,780088
1.13,779855
1.14,779563
1.14,778374
1.15,776768
1.16,775679
1.16,775089
1.16,774056
1.17,772561
1.17,772453
1.18,771719
1.20,771690
1.21,771659
1.23,770455
1.24,770277
1.24,765705
1.25,765642
1.26,765249
1.27,765235
1.29,763938
1.29,763031
1.29,762480
1.34,762329
1.37,762326
1.37,762255
1.37,758784
1.38,758309
1.42,757537
1.42,757159
1.44,756258
1.45,756172
1.47,754783
1.47,754326
1.48,753137
1.49,752659
1.51,751698
1.52,751168
1.55,749806
1.55,749525
1.59,749180
1.60,749114
1.61,748952
1.63,746540
1.64,746403
1.65,746343
1.66,746285
1.67,746004
1.67,745981
1.68,745682
1.68,741403
1.69,741341
1.69,741247
1.71,739619
1.71,739178
1.72,738795
1.73,737127
1.74,736352
1.75,736308
1.75,735766
1.76,734814
1.82,728666
1.86,728577
1.86,728296
1.86,728295
1.87,722923
1.89,722165
1.89,721440
1.92,720781
1.93,720639
1.95,720444
1.95,719898
2.01,719744
2.05,718442
2.06,716971
2.17,715803
2.17,714816
2.17,714814
2.21,714193
2.23,713018
2.25,712736
2.28,712275
2.33,712198
2.35,711827
2.38,711825
2.42,711799
2.51,711314
2.51,710925
2.67,710268
2.97,710106
18.71,705769
18.74,705728
18.76,705623
18.77,704669
18.81,704302
18.84,703990
18.87,703824
18.87,703492
18.88,703367
18.88,702050
18.89,701482
18.91,701413
18.92,701265
18.93,701265
18.94,701171
18.97,689324
18.98,689171
19.04,688324
19.08,687619
19.15,687582
19.16,687259
19.17,687160
19.30,687094
19.37,687081
19.38,686928
19.43,686681
19.49,686512
19.61,686438
19.68,685126
20.02,684661
22.49,683688
22.64,683251
22.87,683097
24.46,682950
24.58,682499
24.99,682467
51.36,681380
51.55,680322
51.70,680164
52.11,680119
57.28,676559
59.50,676428
62.16,676241
62.27,676029
62.51,676010
62.79,676008
62.91,675982
364.85,674287
365.27,674287
