0.06,6909784
0.07,6906408
0.07,6886853
0.07,6885471
0.07,6879520
0.07,6853924
0.08,6846371
0.08,6843194
0.08,6812050
0.08,6803398
0.08,6798141
0.08,6660888
0.08,6660693
0.08,6647889
0.08,6637713
0.08,6614711
0.08,6614541
0.09,6610978
0.09,6602804
0.09,6549111
0.09,6540736
0.09,6499341
0.09,6499114
0.09,6477523
0.09,6477394
0.09,6455616
0.09,6454508
0.09,6447380
0.09,6440781
0.09,6435966
0.09,6414681
0.09,6413447
0.09,6407302
0.09,6401409
0.09,6399861
0.09,6395993
0.09,6395562
0.09,6390605
0.09,6383969
0.09,6378070
0.09,6367466
0.09,6358388
0.09,6354687
0.09,6344013
0.10,6342251
0.10,6339681
0.10,6339191
0.10,6322743
0.10,6303900
0.10,6288431
0.10,6271326
0.10,6259125
0.10,6246270
0.10,6208743
0.10,6199079
0.10,6181631
0.10,6180588
0.10,6173828
0.10,6170479
0.10,6169896
0.10,6151606
0.10,6137270
0.10,6123936
0.10,6079939
0.10,6078184
0.10,6058439
0.10,5929091
0.10,5928646
0.10,5889647
0.10,5846716
0.10,5843526
0.10,5841918
0.10,5838471
0.10,5838216
0.10,5820507
0.10,5819871
0.10,5802688
0.10,5794400
0.10,5792559
0.10,5792137
0.10,5780754
0.11,5710738
0.11,5698368
0.11,5696732
0.11,5695116
0.11,5692108
0.11,5691214
0.11,5683109
0.11,5664307
0.11,5628281
0.11,5625059
0.11,5607064
0.11,5595749
0.11,5593008
0.11,5592887
0.11,5591942
0.11,5578121
0.11,5499366
0.11,5434328
0.11,5429809
0.11,5426426
0.11,5425157
0.11,5424000
0.11,5423897
0.11,5416869
0.11,5416846
0.11,5394210
0.11,5392019
0.11,5382647
0.11,5369719
0.11,5369297
0.11,5365782
0.11,5292984
0.11,5285214
0.11,5281348
0.11,5275057
0.11,5271605
0.11,5269312
0.12,5243975
0.12,5203678
0.12,5167796
0.12,5162345
0.12,5162039
0.12,5158385
0.12,5150547
0.12,5123476
0.12,5113599
0.12,5113474
0.12,5097593
0.12,5097125
0.12,5091628
0.12,5089695
0.12,5084644
0.12,5084322
0.12,5084095
0.12,5074862
0.12,5069225
0.12,4996982
0.12,4991444
0.12,4986649
0.12,4966376
0.12,4930753
0.12,4913333
0.12,4907971
0.12,4894624
0.12,4894039
0.12,4890811
0.12,4888891
0.12,4881465
0.12,4875780
0.12,4873175
0.12,4866353
0.13,4855208
0.13,4846194
0.13,4832725
0.13,4831553
0.13,4804406
0.13,4758432
0.13,4749296
0.13,4738919
0.13,4738355
0.13,4738026
0.13,4712920
0.13,4703228
0.13,4701915
0.13,4696005
0.13,4683044
0.13,4680707
0.13,4601152
0.13,4586217
0.13,4582887
0.13,4581766
0.14,4469885
0.14,4465955
0.14,4444067
0.15,4442708
0.15,4438406
0.15,4425920
0.15,4425323
0.15,4423481
0.15,4406288
0.15,4403928
0.15,4403703
0.15,4403178
0.15,4401573
0.15,4389941
0.15,4358987
0.15,4297544
0.15,4293248
0.15,4290496
0.15,4289842
0.15,4279819
0.15,4255182
0.15,4252576
0.15,4251151
0.15,4245220
0.15,4245166
0.15,4241229
0.15,4236459
0.16,4230996
0.16,4224259
0.16,4224237
0.16,4210036
0.16,4207075
0.16,4199083
0.16,4194354
0.16,4192906
0.16,4182463
0.16,4177966
0.16,4174153
0.16,4173566
0.16,4172250
0.16,4139644
0.16,4139228
0.16,4119448
0.16,4117303
0.16,4117147
0.16,4113988
0.16,4111237
0.16,4103032
0.16,4071975
0.16,4064554
0.16,4055212
0.16,4047942
0.16,4046148
0.16,4008380
0.16,3977961
0.17,3972784
0.17,3965944
0.17,3949449
0.17,3895842
0.17,3895378
0.17,3895171
0.17,3894616
0.17,3869674
0.17,3868590
0.17,3867330
0.17,3847993
0.17,3839257
0.17,3835737
0.17,3834566
0.17,3831448
0.17,3829613
0.18,3824768
0.18,3795454
0.18,3793650
0.18,3792211
0.18,3784767
0.18,3777384
0.18,3776102
0.18,3776069
0.18,3775842
0.18,3770845
0.18,3766437
0.18,3691063
0.18,3673881
0.18,3660888
0.18,3659754
0.18,3641977
0.18,3638072
0.18,3628994
0.19,3628543
0.19,3626625
0.19,3612497
0.19,3607673
0.19,3602645
0.19,3602390
0.19,3601972
0.19,3599373
0.19,3592576
0.19,3588354
0.19,3583470
0.19,3578241
0.19,3578060
0.19,3573769
0.19,3572213
0.19,3571815
0.19,3571083
0.19,3561724
0.19,3559338
0.19,3550189
0.19,3541503
0.19,3519055
0.19,3511433
0.19,3509048
0.19,3489532
0.19,3470680
0.19,3465500
0.19,3465469
0.19,3461136
0.19,3460658
0.19,3457032
0.19,3455128
0.19,3454791
0.19,3452534
0.19,3450743
0.19,3438422
0.19,3433457
0.19,3424046
0.19,3418248
0.19,3410584
0.19,3405354
0.20,3404464
0.20,3403491
0.20,3388436
0.20,3384483
0.20,3372404
0.20,3359365
0.20,3358765
0.20,3355436
0.20,3355411
0.20,3351222
0.20,3341780
0.21,3340229
0.21,3326588
0.21,3318633
0.21,3300868
0.21,3296385
0.21,3294219
0.21,3274977
0.21,3268058
0.22,3265682
0.22,3255145
0.22,3254512
0.22,3240866
0.22,3239755
0.24,3219722
0.24,3216244
0.24,3208996
0.24,3207261
0.24,3205711
0.25,3205063
0.25,3193926
0.25,3191542
0.25,3189258
0.25,3188702
0.25,3178881
0.25,3178563
0.25,3173138
0.25,3164670
0.25,3160202
0.25,3156205
0.25,3124862
0.25,3124520
0.25,3118916
0.25,3116478
0.25,3104645
0.26,3092398
0.26,3092179
0.26,3091380
0.26,3086329
0.26,3079973
0.26,3037165
0.26,3035991
0.26,3029211
0.26,3025022
0.26,3003257
0.26,3001798
0.26,2985411
0.26,2982681
0.26,2981298
0.26,2976324
0.26,2970722
0.26,2961090
0.26,2960698
0.31,2952160
0.31,2950520
0.36,2949042
0.36,2947082
0.36,2944862
0.36,2905142
0.36,2897552
0.36,2886083
0.36,2880117
0.36,2869814
0.36,2866418
0.36,2858222
0.36,2854346
0.36,2848190
0.36,2846581
0.36,2827500
0.36,2827399
0.36,2817703
0.36,2811367
0.36,2804972
0.36,2795576
0.38,2786041
0.38,2784091
0.38,2779063
0.38,2776419
0.38,2775754
0.38,2771853
0.44,2762902
0.44,2760888
0.45,2734709
0.45,2732039
0.45,2715589
0.45,2714568
0.45,2713090
0.45,2690987
0.45,2690544
0.45,2689866
0.45,2685299
0.45,2668764
0.45,2663829
0.47,2657485
0.47,2656730
0.48,2656054
0.48,2645636
0.77,2639037
0.77,2636262
0.77,2636244
0.78,2618529
0.78,2615224
0.78,2612228
0.78,2610171
0.78,2609112
0.78,2605709
0.78,2603061
0.78,2597467
0.78,2596714
0.78,2593029
0.78,2591323
0.78,2589182
0.78,2577546
0.86,2577281
0.87,2573995
0.87,2569436
0.87,2561789
0.87,2553025
0.87,2529760
0.87,2529558
0.87,2525174
0.87,2524786
0.98,2521894
1.01,2516398
1.01,2493922
1.01,2489277
1.01,2489201
1.18,2476021
1.18,2473764
1.18,2470851
1.18,2463965
1.47,2460824
1.47,2446399
1.47,2429098
1.48,2428283
1.48,2425344
1.48,2408147
1.48,2399487
1.48,2393371
1.48,2391827
1.48,2385667
1.63,2385301
1.63,2375837
1.63,2374652
2.10,2371494
2.10,2369348
2.10,2361373
2.10,2327243
2.10,2312518
2.10,2305380
2.10,2290385
2.10,2289887
2.10,2289034
2.10,2286795
2.10,2282019
2.17,2277358
2.17,2270216
2.17,2265645
2.17,2264104
2.17,2263091
2.17,2262037
2.17,2260237
2.20,2257359
2.20,2256969
2.32,2251724
2.32,2251669
2.32,2220233
2.32,2219651
2.32,2218009
2.32,2216987
2.32,2216356
2.32,2204095
2.32,2201224
2.32,2196214
2.32,2190993
2.32,2190350
2.32,2189119
2.32,2189024
2.32,2182566
2.32,2177715
2.32,2176867
2.32,2175497
2.32,2173585
2.32,2173565
2.32,2166687
2.33,2165699
2.33,2164890
2.33,2164278
2.33,2161898
2.33,2159625
2.33,2156826
2.33,2149798
2.33,2149218
2.33,2131800
2.33,2129975
2.33,2124137
2.33,2115777
2.33,2115359
3.01,2114456
3.01,2089643
4.45,2089188
4.45,2074687
4.45,2074544
4.45,2072285
4.46,2058385
4.46,2056822
4.46,2047047
4.92,2044179
4.92,2040945
4.93,2026175
4.93,2023085
4.93,2020922
4.93,2018531
4.93,2015136
4.93,1995358
4.93,1989827
4.93,1980187
4.93,1976771
4.93,1971624
4.93,1965839
4.93,1965559
4.93,1958592
4.93,1958352
4.93,1958330
4.93,1953678
4.94,1944900
4.94,1942114
4.94,1936657
4.94,1919844
4.94,1915687
4.94,1915430
4.94,1912708
4.94,1910582
4.94,1904181
4.94,1900904
4.94,1900409
4.94,1892572
8.77,1881380
8.77,1876247
8.77,1855184
8.77,1853283
8.77,1850977
8.77,1848646
8.77,1847223
8.77,1841852
8.77,1840067
9.08,1838065
9.08,1834313
9.08,1833980
9.08,1830751
9.08,1828723
9.08,1828618
9.08,1826543
9.08,1824069
9.08,1823481
9.09,1822245
9.09,1814334
9.09,1809568
9.09,1809129
9.09,1800916
9.92,1799805
9.92,1795166
9.92,1785485
9.92,1775147
9.92,1775045
10.08,1770702
10.08,1769419
10.08,1768133
10.08,1765090
10.08,1763154
10.08,1761628
10.09,1759472
10.09,1758928
10.09,1758409
10.09,1753236
10.09,1751168
10.09,1751141
10.09,1748726
10.09,1746610
10.74,1746004
10.74,1744267
10.74,1742138
10.74,1741000
10.75,1738866
10.75,1738689
10.77,1738620
10.77,1736722
10.77,1717905
10.77,1717030
10.77,1716902
10.77,1716354
10.77,1713986
10.77,1713362
10.77,1705546
10.77,1705119
10.77,1704952
10.77,1702859
10.77,1693503
10.77,1692567
11.02,1688692
11.02,1681006
11.02,1674786
11.02,1661914
11.02,1654651
11.02,1653340
11.02,1651128
11.75,1649056
11.75,1646260
11.75,1642578
11.75,1637973
11.75,1634437
13.14,1630539
13.14,1629423
13.14,1628761
13.14,1628330
13.14,1625628
13.14,1625591
13.14,1625059
13.14,1624197
13.14,1623505
13.41,1623134
13.41,1621235
13.42,1615867
13.42,1609987
13.43,1607146
13.43,1605887
13.43,1605264
13.43,1604072
13.43,1601746
13.43,1599892
13.43,1594179
13.43,1590233
13.77,1585833
13.77,1585468
13.77,1583693
13.77,1580216
13.77,1578356
13.77,1575553
13.77,1571661
13.77,1562352
13.77,1562334
13.77,1561011
13.79,1555675
13.79,1553908
13.79,1546992
13.79,1543131
13.79,1542894
13.79,1540070
13.81,1534591
13.81,1531122
13.81,1528007
15.31,1528000
15.31,1527666
15.31,1527415
15.31,1526823
15.31,1526264
15.31,1526203
15.31,1521194
15.31,1515747
15.31,1514415
15.31,1507359
15.31,1506987
15.31,1499564
15.33,1498559
16.38,1497170
16.38,1495011
16.38,1494571
16.38,1488576
16.38,1487628
16.38,1475454
16.38,1475395
16.38,1475326
16.38,1475070
16.38,1473917
16.38,1472009
16.39,1469517
16.39,1465806
16.39,1465509
16.39,1463658
16.39,1461308
16.39,1458523
16.39,1457313
16.39,1455614
16.44,1448594
16.44,1444209
16.44,1443189
16.44,1442272
16.44,1441147
16.44,1440365
16.44,1439960
16.44,1439066
16.44,1436113
16.44,1435733
16.44,1435530
16.44,1432932
16.44,1430335
16.99,1429268
16.99,1418817
16.99,1417985
17.81,1414048
17.81,1412698
17.81,1410714
17.81,1409102
17.81,1399309
17.81,1395955
17.81,1395334
17.81,1393368
17.84,1390052
17.84,1389296
17.84,1388242
17.84,1385003
17.84,1384935
17.84,1384217
17.84,1384207
17.84,1382476
17.84,1381646
17.84,1379049
17.84,1378853
18.62,1375450
18.62,1369477
18.62,1361277
18.62,1359960
18.63,1356099
18.63,1355821
18.63,1355614
19.54,1354721
19.54,1353629
19.54,1352316
19.54,1351911
19.54,1349769
19.54,1346214
19.58,1345795
19.58,1344014
19.58,1336034
19.58,1333850
19.58,1330080
19.58,1326759
19.58,1316646
19.58,1314732
19.59,1307980
19.59,1306400
19.59,1303597
19.59,1303390
19.59,1302328
19.59,1302269
19.59,1300012
19.59,1294972
22.15,1294918
22.15,1294891
22.15,1294707
22.16,1291625
22.16,1286500
22.16,1283713
22.16,1282507
22.16,1282188
22.16,1282062
22.16,1280150
22.16,1279594
22.17,1278953
22.17,1278843
22.17,1276725
22.17,1276394
22.17,1269248
22.17,1269133
22.23,1268209
22.23,1264714
22.23,1263244
22.23,1259677
22.23,1254819
22.23,1254748
22.23,1252784
22.23,1249115
22.23,1246581
22.23,1244641
22.24,1240680
22.24,1237670
22.24,1235191
22.24,1230839
22.24,1228399
22.25,1225680
22.25,1224162
22.25,1222621
23.67,1221365
23.69,1219515
23.69,1218523
23.69,1217972
23.69,1216273
23.69,1208882
23.76,1206971
23.76,1197814
23.76,1193934
23.76,1188758
23.76,1188695
23.76,1186653
23.76,1184973
23.76,1184945
23.77,1180119
23.77,1177833
23.77,1177776
23.77,1174974
23.77,1174492
23.81,1173896
23.81,1173245
23.84,1171242
25.12,1170894
25.12,1168706
25.12,1167273
25.13,1165297
25.13,1152751
25.15,1152376
25.15,1144507
25.15,1144234
25.16,1141263
25.16,1140096
25.16,1139962
25.16,1139020
25.22,1138494
25.22,1138075
25.22,1137827
25.27,1136027
25.36,1135435
25.66,1129845
25.67,1128381
25.67,1127179
25.67,1127054
25.67,1126545
25.67,1126482
25.67,1124670
25.67,1123021
25.77,1122373
25.77,1122280
25.78,1119055
25.78,1118911
25.78,1118908
25.82,1112631
25.82,1111806
25.82,1106221
25.82,1103922
25.82,1101741
25.82,1099470
25.82,1096822
25.82,1089808
25.83,1079484
25.83,1077196
25.83,1072438
27.19,1066162
27.20,1063109
27.20,1059906
27.83,1059880
27.84,1058924
27.84,1054786
27.84,1046801
27.84,1046695
27.84,1043723
27.84,1040815
27.84,1038928
27.89,1035438
27.89,1032667
27.89,1029840
27.89,1025717
27.90,1023834
27.90,1020459
27.90,1018187
27.90,1017957
27.90,1013928
27.94,1013414
27.95,1006101
27.95,1005691
27.95,1004234
27.95,1003342
27.96,1002715
28.81,1001403
28.81,998416
28.82,996619
28.82,992068
28.82,991813
28.82,985916
28.82,981245
28.82,978556
28.82,975587
28.82,972329
30.78,969748
30.83,968919
30.83,968379
30.83,967910
30.83,964883
32.68,964342
32.68,963078
32.68,962927
32.68,961946
32.68,960920
32.68,959546
32.68,959355
32.87,959282
32.88,954243
32.88,953931
32.90,953402
32.90,952429
32.90,952043
32.90,950567
32.90,947200
32.90,947105
32.94,947036
32.94,946861
33.00,943417
33.00,942851
33.00,941412
33.04,940065
33.04,939287
33.16,936218
33.16,931624
33.16,930939
33.16,926338
33.16,924295
33.16,918983
33.16,918432
33.16,916202
33.17,914684
33.17,914458
33.17,913516
33.17,913321
33.17,910778
33.30,909919
33.31,909904
33.31,905054
34.76,904849
34.77,903206
34.77,902683
34.77,901481
34.77,901038
34.77,900734
34.77,900260
34.77,898995
35.65,897922
35.65,896077
35.65,895886
35.66,894169
35.66,893626
35.67,892162
35.67,891709
35.67,891400
35.67,891114
35.67,890431
36.69,885954
36.69,884405
36.69,882880
36.69,880195
36.69,879219
36.69,879042
36.69,875547
36.69,875489
36.70,874891
36.70,874224
36.70,872861
36.70,871460
36.70,870182
36.70,869892
36.71,868956
36.71,867941
36.74,863258
36.74,862772
36.85,861365
36.86,860245
36.88,859827
36.88,858906
36.88,858257
36.88,858092
36.88,856270
36.88,856249
36.88,855948
36.88,853735
36.89,853296
36.89,852964
36.89,852736
36.89,852411
36.89,851985
36.89,850475
36.89,849932
36.89,849750
36.89,849604
36.89,849595
36.89,849470
38.89,844618
38.89,843262
38.89,842875
38.89,840664
38.89,840321
38.89,840092
38.89,840050
38.90,837752
38.91,836132
38.91,836059
38.98,833808
38.98,832649
38.98,832339
38.98,830756
38.98,830630
38.98,830500
38.98,830415
38.98,829378
38.99,828479
39.00,826321
39.04,824942
39.88,824922
39.89,821878
39.89,820995
39.90,819940
39.90,816137
39.90,813917
39.98,812441
40.03,812357
40.13,811953
40.13,811295
40.13,810669
40.13,810229
40.13,806931
40.13,805483
40.13,805180
40.13,803433
40.13,802171
40.14,801926
40.14,801689
40.14,798228
41.58,798065
41.58,798006
41.58,795990
41.58,794045
41.58,792538
41.58,792515
41.58,791534
41.64,791446
41.64,789397
41.64,788836
41.64,787353
41.64,787350
41.65,787312
42.84,786800
42.84,785806
42.84,785391
42.85,785114
42.85,785061
42.85,783281
42.85,783199
42.85,782239
42.85,779217
42.86,779021
42.86,774683
42.86,774539
42.86,773708
42.87,773701
43.40,773257
43.41,772702
43.41,770518
43.41,769577
43.41,769344
43.41,767967
43.41,767619
43.42,766412
43.42,765680
43.43,764520
43.46,764262
43.46,762454
43.47,761741
45.45,761472
45.45,760567
45.45,759332
45.45,756431
45.45,755503
45.95,755477
45.95,755450
45.96,755390
45.97,754692
45.97,754334
45.97,753555
45.97,752392
45.97,752311
46.55,752134
46.55,752109
46.55,752005
46.55,751985
46.55,751681
46.55,750576
46.55,750562
46.55,749528
46.55,749525
46.56,749292
46.56,748873
46.57,747290
46.57,746392
47.63,746079
47.63,746023
47.64,745573
47.64,744232
47.64,743602
47.65,741814
47.66,739821
47.66,736924
47.67,736575
47.67,736060
47.67,735824
47.67,734796
47.68,733437
47.72,733302
47.72,732969
47.72,731162
47.72,728653
47.72,727949
47.73,727294
50.29,726839
50.30,726807
50.30,726229
50.72,725833
51.18,725730
51.21,724770
51.21,724412
51.21,724021
51.21,722994
51.21,722762
51.70,722274
51.71,722238
51.79,722057
51.79,721770
51.79,719801
51.80,718688
51.83,718451
52.03,717567
52.03,715974
52.03,715926
52.03,714807
52.10,714248
52.10,713656
52.53,711960
52.53,711863
52.57,711245
52.58,709998
52.58,709538
52.62,709474
52.63,708488
52.68,708300
52.68,708146
52.69,707973
52.69,707896
52.70,707402
52.70,707232
52.70,707040
52.70,706954
52.80,706835
52.84,706320
52.88,705992
52.89,705292
52.91,704924
52.91,704780
52.92,703758
52.92,702862
52.92,702047
52.95,702039
53.02,701910
53.03,700989
53.04,700706
53.04,699726
53.04,699043
53.85,699028
53.85,698658
53.85,698242
53.92,697804
53.92,697295
53.99,696811
54.00,696583
54.00,696572
54.01,696322
54.01,695542
54.13,695538
54.13,694585
54.14,694339
54.16,694195
54.16,692517
54.16,692513
54.17,692138
54.18,692066
54.18,691604
57.47,691562
57.47,691505
57.48,691226
57.48,691046
57.84,690963
57.85,690565
57.86,690046
57.86,689900
57.93,689865
57.95,689103
57.95,687580
57.97,687161
58.29,687087
58.85,686865
58.85,686681
58.86,686289
58.86,685021
58.87,684439
59.20,684245
59.20,683536
59.21,683527
59.21,682876
59.23,682259
59.23,682008
59.23,681467
59.23,680434
59.25,680091
59.25,679306
59.27,679063
59.27,678922
59.28,678480
59.28,678076
59.30,677258
59.31,676971
59.31,676906
59.31,676761
61.84,675844
61.84,675821
61.89,675442
61.89,675335
61.89,674750
61.92,673924
62.38,673726
62.41,673648
62.42,672853
62.52,672693
62.52,672061
62.53,671721
62.53,671545
62.83,671537
62.84,671417
62.87,671357
62.98,671315
63.04,671060
63.04,669823
63.05,668990
66.12,668601
66.16,668267
66.16,668124
66.17,668033
66.18,668011
66.33,667718
66.34,667405
66.39,667089
67.37,666017
67.39,665784
67.40,664692
67.44,664566
67.45,663811
67.62,663339
67.62,663216
67.75,662883
67.76,662760
68.72,662705
68.73,661897
74.12,661517
74.14,661443
74.43,661297
74.49,660871
74.55,660774
74.63,660758
74.84,660724
74.85,660630
74.90,660556
74.91,660489
75.71,660451
75.79,660358
79.14,660347
79.14,660224
79.15,660195
79.17,660174
82.50,660040
83.26,660036
85.19,660027
87.26,659850
87.46,659846
87.70,659670
87.84,659652
91.71,659629
