0.00,6985726
0.01,6944861
0.01,6941567
0.01,6940697
0.01,6930152
0.01,6927008
0.01,6921835
0.01,6919508
0.01,6918793
0.01,6917200
0.01,6917064
0.01,6913053
0.01,6897147
0.01,6889725
0.01,6881364
0.02,6861496
0.02,6850499
0.02,6845583
0.02,6842992
0.02,6836636
0.02,6832720
0.02,6831866
0.02,6823018
0.02,6821265
0.02,6818614
0.02,6807704
0.02,6803645
0.02,6714877
0.02,6671086
0.02,6669399
0.02,6662771
0.02,6662521
0.02,6662027
0.02,6646641
0.02,6645911
0.02,6619504
0.02,6619354
0.02,6617442
0.02,6609348
0.02,6595633
0.02,6590296
0.02,6588648
0.02,6588516
0.02,6519709
0.02,6451220
0.02,6434311
0.02,6432587
0.02,6405047
0.03,6396880
0.03,6383839
0.03,6358036
0.03,6355268
0.03,6354269
0.03,6352462
0.03,6346347
0.03,6346055
0.03,6296360
0.03,6285267
0.03,6284528
0.03,6229550
0.03,6227674
0.03,6222909
0.03,6185545
0.04,6179669
0.04,6177716
0.04,6177197
0.04,6176975
0.04,6169221
0.04,6168685
0.04,6149071
0.04,6055990
0.04,6052745
0.04,6052123
0.04,6037679
0.04,6037017
0.04,6036624
0.04,6013558
0.04,6003721
0.04,6003025
0.04,5961466
0.04,5960932
0.04,5900132
0.04,5899742
0.04,5877374
0.04,5872465
0.04,5848997
0.04,5827725
0.04,5772289
0.04,5763468
0.04,5751137
0.04,5728596
0.04,5704091
0.04,5686447
0.04,5677696
0.04,5670583
0.04,5670151
0.04,5669827
0.04,5657355
0.04,5626853
0.04,5599338
0.04,5596165
0.04,5581241
0.04,5577438
0.04,5572567
0.04,5571026
0.04,5569320
0.04,5569118
0.05,5560167
0.05,5558799
0.05,5558215
0.05,5549735
0.05,5543033
0.05,5537017
0.05,5527774
0.05,5527057
0.05,5520226
0.05,5515626
0.05,5514481
0.05,5513316
0.05,5509409
0.05,5505450
0.05,5503114
0.05,5495934
0.05,5494314
0.05,5481928
0.05,5464035
0.05,5463783
0.05,5457759
0.05,5450679
0.05,5423086
0.05,5421768
0.05,5419569
0.05,5419346
0.05,5416781
0.05,5411786
0.05,5411292
0.05,5407712
0.05,5407345
0.05,5372711
0.05,5363220
0.05,5358368
0.05,5342485
0.05,5315122
0.05,5314423
0.05,5310834
0.05,5301348
0.05,5287956
0.05,5271446
0.05,5269966
0.05,5258341
0.05,5250937
0.05,5250876
0.05,5239058
0.05,5238827
0.05,5234546
0.06,5224076
0.06,5223435
0.06,5220851
0.06,5220344
0.06,5219169
0.06,5210863
0.06,5186815
0.06,5161902
0.06,5156035
0.06,5130971
0.06,5124238
0.06,5118591
0.06,5113792
0.06,5107115
0.06,5106656
0.06,5105731
0.06,5103635
0.06,5102706
0.06,5090824
0.06,5089725
0.06,5088206
0.06,4978601
0.06,4975407
0.06,4960813
0.06,4955464
0.06,4949902
0.06,4948814
0.06,4948802
0.06,4931893
0.06,4928761
0.06,4928317
0.06,4923701
0.06,4923032
0.06,4920640
0.06,4904560
0.06,4899508
0.06,4899492
0.06,4893856
0.06,4893428
0.06,4889697
0.06,4886995
0.06,4878184
0.06,4873870
0.06,4873649
0.06,4861453
0.06,4860870
0.06,4848247
0.07,4829506
0.07,4823752
0.07,4730400
0.07,4720426
0.07,4700736
0.07,4682181
0.07,4680037
0.07,4669434
0.07,4662356
0.07,4659911
0.07,4658568
0.07,4657249
0.07,4656836
0.07,4655508
0.07,4571334
0.07,4556820
0.07,4541925
0.07,4526504
0.07,4518752
0.07,4517718
0.07,4511331
0.07,4501941
0.07,4499037
0.07,4489625
0.07,4488060
0.07,4485985
0.07,4474833
0.07,4449925
0.07,4446610
0.07,4445054
0.07,4356889
0.07,4341439
0.07,4334234
0.07,4311821
0.07,4306503
0.07,4303392
0.07,4288057
0.07,4282517
0.07,4280654
0.07,4278221
0.07,4276894
0.07,4254039
0.07,4252935
0.07,4252764
0.07,4251768
0.07,4247672
0.07,4221378
0.07,4203954
0.07,4203952
0.07,4188150
0.07,4187202
0.07,4187166
0.07,4187163
0.07,4177809
0.07,4147778
0.07,4143972
0.07,4139777
0.08,4138721
0.08,4136243
0.08,4133176
0.08,4132959
0.08,4132806
0.08,4122457
0.08,4122168
0.08,4119674
0.08,4116678
0.08,4114559
0.08,4113086
0.08,4110598
0.08,4100607
0.08,4097277
0.08,4096293
0.08,4093256
0.08,4082600
0.08,4075289
0.08,4069008
0.08,4068699
0.08,4067708
0.08,4043610
0.08,4040789
0.08,4029689
0.08,4014024
0.08,4005492
0.08,4002583
0.08,4000984
0.08,3999961
0.08,3943903
0.08,3829121
0.08,3826220
0.08,3814341
0.08,3805503
0.08,3805244
0.08,3804733
0.08,3803208
0.08,3798484
0.08,3795844
0.08,3795104
0.08,3794927
0.08,3794545
0.08,3792820
0.08,3780783
0.08,3769681
0.08,3769238
0.08,3757344
0.08,3749352
0.08,3747478
0.08,3745570
0.08,3743997
0.09,3740293
0.09,3737288
0.09,3713315
0.09,3711073
0.09,3709244
0.09,3708544
0.09,3708503
0.09,3707739
0.09,3644651
0.09,3644580
0.09,3602129
0.09,3599257
0.09,3585626
0.09,3584969
0.09,3583367
0.09,3560032
0.09,3558043
0.09,3554137
0.09,3552594
0.09,3547501
0.09,3545251
0.09,3542124
0.09,3537521
0.09,3535060
0.09,3533870
0.09,3521238
0.09,3517838
0.09,3513618
0.09,3509102
0.09,3509072
0.09,3508434
0.09,3508303
0.09,3508243
0.09,3506566
0.09,3505107
0.09,3500074
0.09,3498231
0.09,3497805
0.09,3496463
0.09,3496445
0.09,3494070
0.09,3493664
0.09,3484488
0.09,3483620
0.09,3482153
0.09,3474761
0.09,3469293
0.10,3466806
0.10,3403205
0.10,3401056
0.10,3398723
0.10,3393253
0.10,3391037
0.10,3391006
0.10,3390585
0.10,3373130
0.10,3370832
0.10,3369840
0.10,3341268
0.10,3340513
0.10,3332954
0.10,3332920
0.10,3318362
0.10,3318341
0.10,3307413
0.10,3306384
0.10,3306291
0.10,3306068
0.10,3305743
0.10,3304735
0.10,3244551
0.10,3222578
0.10,3218166
0.10,3217459
0.10,3207157
0.10,3206414
0.10,3202716
0.10,3187193
0.10,3179822
0.10,3176192
0.11,3174533
0.11,3171819
0.11,3167146
0.11,3154998
0.11,3149122
0.11,3147841
0.11,3147798
0.11,3145743
0.11,3132125
0.11,3127916
0.11,3125571
0.11,3123214
0.11,3123144
0.11,3120911
0.11,3116382
0.11,3115337
0.11,3086381
0.11,3085975
0.11,3082828
0.11,3078082
0.11,3077030
0.12,3007369
0.12,3006244
0.12,3004125
0.12,3002536
0.12,2983381
0.12,2965312
0.12,2962985
0.12,2956471
0.12,2955883
0.12,2947930
0.12,2945022
0.12,2932039
0.12,2931395
0.12,2930899
0.12,2929478
0.12,2927537
0.12,2925802
0.12,2924019
0.12,2921554
0.12,2920833
0.12,2920377
0.12,2920152
0.12,2916887
0.12,2908291
0.12,2905358
0.12,2905350
0.12,2902969
0.12,2902561
0.12,2898757
0.12,2857995
0.12,2851293
0.12,2850974
0.12,2847242
0.12,2847134
0.12,2846559
0.13,2833170
0.13,2830317
0.13,2821482
0.13,2785800
0.13,2785260
0.13,2777214
0.13,2736743
0.13,2678763
0.13,2669833
0.13,2667225
0.13,2665894
0.13,2664500
0.13,2664115
0.13,2664029
0.13,2663608
0.13,2657273
0.13,2654814
0.13,2642536
0.13,2615648
0.13,2615056
0.13,2612603
0.13,2612239
0.13,2611967
0.13,2611591
0.14,2611033
0.14,2604031
0.14,2602556
0.14,2534576
0.14,2507265
0.14,2504591
0.14,2501323
0.14,2464007
0.14,2454340
0.14,2450258
0.14,2448917
0.14,2448688
0.14,2380152
0.14,2378621
0.14,2377286
0.14,2377180
0.14,2375074
0.14,2372346
0.14,2367589
0.14,2361661
0.14,2354646
0.14,2354490
0.14,2354422
0.14,2354408
0.14,2354369
0.14,2351609
0.14,2340941
0.14,2340918
0.14,2339326
0.14,2336867
0.14,2334135
0.14,2332580
0.14,2327041
0.14,2326579
0.14,2326253
0.15,2325662
0.15,2323076
0.15,2322778
0.15,2322342
0.15,2321061
0.15,2320950
0.15,2320703
0.15,2308593
0.15,2292886
0.15,2292323
0.15,2284355
0.15,2274120
0.15,2270781
0.15,2267878
0.15,2263663
0.15,2261342
0.15,2251556
0.15,2251332
0.15,2230382
0.15,2230328
0.15,2229792
0.15,2227507
0.15,2226916
0.15,2226850
0.16,2224377
0.16,2224343
0.16,2223921
0.16,2222646
0.16,2222590
0.16,2221942
0.16,2221828
0.16,2221735
0.16,2221181
0.16,2220868
0.16,2213061
0.16,2212650
0.16,2201385
0.16,2197899
0.16,2196801
0.16,2195829
0.16,2194856
0.16,2189781
0.16,2164245
0.16,2161650
0.16,2158136
0.16,2155551
0.16,2150741
0.17,2150062
0.17,2148485
0.17,2147665
0.17,2140936
0.17,2140896
0.17,2138360
0.17,2137312
0.17,2136034
0.17,2133998
0.17,2132878
0.17,2127485
0.17,2127287
0.17,2121835
0.17,2121799
0.17,2121081
0.17,2118570
0.17,2117796
0.17,2117739
0.17,2117179
0.17,2114982
0.18,2114674
0.18,2114550
0.18,2111891
0.18,2104773
0.18,2104610
0.18,2102363
0.18,2100269
0.18,2099303
0.18,2098978
0.18,2098091
0.18,2090610
0.18,2090283
0.18,2089573
0.18,2088974
0.18,2087384
0.18,2083229
0.19,2082135
0.19,2081937
0.19,2081321
0.19,2078143
0.19,2073519
0.19,2073016
0.19,2072700
0.19,2048540
0.19,2046537
0.19,2045704
0.19,2045641
0.19,2040899
0.19,2040319
0.19,2036444
0.19,2034627
0.19,2027727
0.20,2023894
0.20,2023359
0.20,2014249
0.20,1990223
0.20,1989269
0.20,1985070
0.20,1984914
0.20,1983299
0.20,1980423
0.20,1979886
0.20,1972815
0.20,1972202
0.20,1970913
0.20,1962312
0.20,1961008
0.20,1960420
0.21,1960262
0.21,1959265
0.21,1958712
0.21,1956689
0.21,1956478
0.21,1955614
0.21,1907695
0.21,1904812
0.21,1902693
0.21,1902371
0.21,1899003
0.21,1897163
0.21,1895464
0.21,1893783
0.21,1885456
0.21,1882465
0.21,1880124
0.21,1879609
0.21,1878022
0.22,1876712
0.22,1875491
0.22,1871315
0.22,1870298
0.22,1817308
0.22,1816932
0.22,1815029
0.22,1814959
0.22,1814392
0.22,1813321
0.22,1813282
0.22,1811841
0.23,1811676
0.23,1810885
0.23,1810070
0.23,1807246
0.23,1806848
0.23,1805799
0.23,1805629
0.23,1804725
0.23,1804412
0.23,1802426
0.23,1800335
0.23,1798883
0.24,1796897
0.24,1794276
0.24,1793823
0.24,1778544
0.24,1777911
0.24,1777881
0.24,1777413
0.24,1727555
0.24,1723894
0.24,1722420
0.24,1719507
0.24,1718947
0.25,1718678
0.25,1717087
0.25,1716791
0.25,1715558
0.25,1714595
0.25,1712963
0.25,1712145
0.25,1707674
0.25,1702749
0.25,1701884
0.25,1699591
0.25,1699523
0.25,1688909
0.25,1679749
0.25,1677359
0.25,1677253
0.25,1668794
0.25,1668716
0.25,1634018
0.26,1630909
0.26,1628917
0.26,1627378
0.26,1624411
0.26,1622421
0.26,1616295
0.26,1611969
0.26,1610354
0.26,1608836
0.26,1607725
0.26,1607718
0.26,1607199
0.27,1605056
0.27,1604753
0.27,1603504
0.27,1595849
0.27,1593165
0.27,1593064
0.27,1591853
0.27,1590342
0.28,1586614
0.28,1576070
0.28,1574705
0.28,1574651
0.28,1570962
0.28,1566337
0.29,1566114
0.29,1561539
0.29,1558195
0.29,1558006
0.29,1556304
0.29,1556162
0.29,1550701
0.29,1545116
0.29,1544894
0.29,1538338
0.29,1538089
0.29,1537899
0.30,1526419
0.30,1520210
0.30,1520210
0.30,1519333
0.30,1518785
0.30,1517382
0.30,1515954
0.30,1512189
0.30,1509298
0.31,1507808
0.31,1502600
0.31,1498698
0.31,1497139
0.31,1496646
0.31,1495949
0.31,1473033
0.31,1472404
0.32,1471233
0.32,1464524
0.32,1464184
0.32,1463240
0.32,1463034
0.32,1462865
0.32,1458452
0.32,1453758
0.32,1451115
0.32,1449538
0.32,1449059
0.32,1440331
0.32,1422478
0.33,1420256
0.33,1419284
0.33,1416951
0.33,1416931
0.33,1416798
0.33,1415345
0.33,1415300
0.33,1390537
0.33,1334884
0.34,1333633
0.34,1327611
0.34,1327505
0.34,1320155
0.34,1314936
0.34,1314297
0.34,1312860
0.34,1311225
0.35,1310678
0.35,1310381
0.35,1290365
0.35,1282151
0.35,1281832
0.35,1277764
0.35,1277323
0.35,1276568
0.35,1275758
0.35,1274608
0.35,1272563
0.36,1253479
0.36,1253182
0.36,1253181
0.36,1253154
0.36,1249772
0.37,1239761
0.37,1238989
0.37,1237888
0.37,1235085
0.37,1234323
0.38,1219567
0.38,1218694
0.38,1211941
0.38,1187579
0.38,1186706
0.38,1184988
0.38,1181729
0.39,1180237
0.39,1180216
0.39,1177446
0.39,1141284
0.39,1140755
0.39,1140058
0.39,1138822
0.40,1121674
0.40,1121018
0.40,1103769
0.40,1103685
0.41,1094154
0.41,1093765
0.42,1090991
0.42,1088183
0.42,1086618
0.42,1086382
0.42,1085883
0.42,1084500
0.42,1083172
0.42,1071688
0.43,1069431
0.44,1068929
0.45,1068522
0.45,1067543
0.45,1065727
0.45,1064911
0.45,1064396
0.46,1064079
0.46,1061470
0.46,1060991
0.46,1058777
0.46,1058550
0.47,1058435
0.47,1056043
0.47,1055657
0.47,1049742
0.47,1046781
0.47,1043880
0.47,1043620
0.47,1042184
0.48,1041731
0.48,1041192
0.49,1027828
0.50,1026890
0.50,1024761
0.50,1022737
0.51,1022536
0.51,1021872
0.51,1021027
0.52,1011754
0.52,1010566
0.52,1010471
0.52,1009875
0.52,1004621
0.52,1003598
0.53,1002976
0.53,1000166
0.53,997466
0.53,991910
0.53,991157
0.53,990735
0.54,979782
0.54,957509
0.54,953968
0.54,948778
0.55,948175
0.55,948126
0.55,946982
0.55,946894
0.55,945011
0.56,940583
0.56,940484
0.56,940008
0.56,939931
0.56,939533
0.57,938421
0.57,938159
0.57,936882
0.58,936841
0.58,923240
0.58,921113
0.58,919407
0.59,917618
0.59,909649
0.59,907841
0.59,904916
0.60,904826
0.60,904681
0.60,902909
0.60,901658
0.60,901156
0.60,895163
0.61,894874
0.61,894365
0.61,875452
0.62,872544
0.63,870723
0.63,868929
0.63,867895
0.63,864994
0.63,856525
0.64,855579
0.64,855094
0.64,854000
0.65,853045
0.65,852900
0.65,849775
0.66,849022
0.66,848656
0.67,848424
0.67,847750
0.67,847704
0.67,847582
0.68,842115
0.68,842093
0.68,842020
0.68,841054
0.68,840521
0.68,838988
0.69,838966
0.69,837765
0.70,836985
0.70,836081
0.71,835559
0.71,834771
0.72,821947
0.72,820270
0.72,819516
0.74,818642
0.74,816740
0.74,815683
0.74,814236
0.74,814080
0.78,813134
0.78,811241
0.79,810063
0.79,809102
0.80,808612
0.80,808544
0.80,807096
0.82,807076
0.82,806197
0.83,805637
0.84,805442
0.84,805171
0.85,804844
0.85,798303
0.85,797509
0.86,796779
0.87,794974
0.88,790557
0.89,789219
0.89,787253
0.91,785748
0.93,785102
0.93,785023
0.94,784741
0.96,782064
0.96,781064
0.96,781041
0.96,779550
0.97,779338
0.99,777142
0.99,773724
0.99,772344
1.01,771032
1.02,768547
1.03,767569
1.04,767322
1.04,765775
1.05,765464
1.06,764821
1.06,764757
1.07,757213
1.07,757212
1.07,756899
1.08,756539
1.09,754509
1.09,754137
1.09,754076
1.10,753075
1.11,752132
1.13,750137
1.14,749160
1.15,748725
1.17,748378
1.17,747150
1.19,745493
1.20,745324
1.21,745183
1.23,744842
1.25,744141
1.27,743685
1.27,743673
1.29,743526
1.29,742694
1.29,742686
1.31,742362
1.31,742030
1.32,741428
1.33,741388
1.39,741383
1.41,738676
1.45,736117
1.47,735013
1.47,734351
1.53,732615
1.53,732090
1.53,713621
1.59,712818
1.64,709684
1.68,704101
1.70,703055
1.77,702834
1.84,702492
1.87,700243
1.97,699646
2.00,698905
2.03,696913
2.04,696736
2.04,696331
2.07,696308
2.15,692357
2.17,692195
2.19,692132
2.20,690444
2.28,690260
2.31,690210
2.32,689965
2.34,686273
2.38,685992
2.74,680013
3.15,679841
58.81,678962
60.57,678837
111.05,677985
111.12,677189
111.14,676729
111.19,674863
111.28,674758
111.49,674336
111.67,673789
112.04,673525
523.94,673022
524.06,673000
524.13,672645
524.19,672543
540.44,672539
540.55,672242
540.57,671982
540.77,671532
541.11,671323
583.35,671035
583.67,670752
584.06,670675
584.21,670005
585.65,669628
585.77,668655
585.98,668195
586.19,667203
586.41,667092
586.80,666476
