0.06,7138063
0.07,7131891
0.07,7110904
0.07,7082366
0.07,6967629
0.07,6953453
0.07,6950234
0.07,6944133
0.07,6936713
0.07,6927908
0.07,6914607
0.07,6899866
0.07,6893198
0.08,6885237
0.08,6801397
0.08,6774120
0.08,6751556
0.08,6749200
0.08,6747660
0.08,6737437
0.08,6736686
0.09,6720546
0.09,6720389
0.09,6715105
0.09,6672250
0.09,6661603
0.09,6653028
0.09,6633596
0.09,6566755
0.09,6503644
0.09,6500934
0.09,6493755
0.09,6491390
0.09,6478092
0.09,6475427
0.09,6473583
0.09,6472268
0.09,6444102
0.09,6435805
0.09,6411713
0.09,6373305
0.09,6364672
0.09,6360564
0.09,6360530
0.09,6355693
0.09,6355296
0.09,6346347
0.09,6341174
0.09,6332863
0.09,6332607
0.09,6327335
0.09,6309675
0.09,6307631
0.09,6294359
0.09,6178232
0.09,6168995
0.10,6168896
0.10,6164184
0.10,6157214
0.10,6017742
0.10,5937547
0.10,5910676
0.10,5846491
0.10,5845695
0.10,5841798
0.10,5817973
0.10,5784811
0.10,5783222
0.10,5719429
0.10,5703784
0.10,5682274
0.10,5652602
0.10,5632691
0.10,5627503
0.10,5610919
0.10,5607280
0.10,5606509
0.10,5602684
0.10,5585734
0.10,5575757
0.10,5572907
0.10,5569361
0.10,5484763
0.10,5461569
0.10,5446201
0.10,5434117
0.10,5417705
0.10,5413117
0.10,5408464
0.10,5398818
0.11,5397445
0.11,5393289
0.11,5389690
0.11,5373581
0.11,5371831
0.11,5368892
0.11,5349784
0.11,5345827
0.11,5334917
0.11,5330112
0.11,5329000
0.11,5320622
0.11,5316631
0.11,5315007
0.11,5291908
0.11,5267767
0.11,5267744
0.11,5260703
0.11,5201247
0.11,5199894
0.11,5198995
0.11,5197455
0.11,5188821
0.11,5170335
0.11,5169953
0.11,5167702
0.11,5146834
0.11,5124206
0.11,5123322
0.11,5102633
0.11,5094689
0.11,5085605
0.11,5083976
0.12,5080800
0.12,5080433
0.12,5075980
0.12,5064785
0.12,5040823
0.12,5040639
0.12,5037107
0.12,5033065
0.12,5030598
0.12,5017700
0.12,5012693
0.12,5012251
0.12,5000822
0.12,4970786
0.12,4970517
0.12,4968664
0.12,4963675
0.12,4959852
0.12,4958088
0.12,4954112
0.12,4952297
0.12,4951107
0.12,4949299
0.12,4948745
0.12,4947932
0.12,4943581
0.12,4935855
0.12,4933542
0.12,4928883
0.12,4927850
0.12,4911559
0.12,4909319
0.12,4898173
0.12,4854646
0.12,4833654
0.12,4738651
0.12,4723724
0.12,4712695
0.13,4700516
0.13,4684692
0.13,4613001
0.13,4604838
0.13,4570982
0.13,4565490
0.13,4559612
0.13,4535774
0.13,4488474
0.13,4488430
0.13,4484947
0.13,4478530
0.13,4473714
0.13,4463450
0.13,4456597
0.13,4395249
0.13,4388685
0.13,4388279
0.13,4387342
0.13,4387152
0.13,4377792
0.13,4371756
0.13,4368051
0.13,4354478
0.13,4344856
0.13,4334194
0.13,4332453
0.13,4326568
0.13,4326328
0.13,4325276
0.14,4288434
0.14,4286666
0.14,4286197
0.14,4284025
0.14,4242348
0.14,4238597
0.14,4234598
0.14,4227836
0.14,4223511
0.14,4204162
0.14,4203920
0.14,4198706
0.14,4198467
0.14,4178174
0.14,4126499
0.14,4124711
0.14,4122680
0.14,4064027
0.14,4056917
0.14,4056831
0.14,4054578
0.14,4049370
0.14,4044759
0.14,4035787
0.14,4019759
0.14,4018958
0.14,4011898
0.14,4011148
0.14,4001312
0.14,3988256
0.14,3987820
0.14,3978580
0.14,3958326
0.14,3940270
0.14,3938038
0.14,3931859
0.14,3928987
0.14,3923992
0.14,3923703
0.14,3922213
0.14,3920267
0.14,3919601
0.15,3910596
0.15,3906663
0.15,3900749
0.15,3879376
0.15,3875671
0.15,3838150
0.15,3836096
0.15,3834896
0.15,3821957
0.15,3812895
0.15,3812121
0.15,3800792
0.15,3797742
0.15,3797405
0.15,3781815
0.15,3766341
0.15,3764911
0.15,3764548
0.15,3708735
0.15,3707054
0.15,3703308
0.15,3678898
0.15,3678647
0.15,3678003
0.17,3676609
0.17,3674258
0.17,3670245
0.17,3662383
0.17,3659445
0.17,3656415
0.17,3622943
0.17,3622561
0.17,3621697
0.18,3613801
0.18,3602337
0.18,3594292
0.18,3586947
0.18,3571690
0.18,3570516
0.18,3537203
0.18,3533127
0.18,3524747
0.18,3518945
0.18,3491800
0.18,3490420
0.18,3489730
0.18,3488845
0.18,3461494
0.18,3448223
0.18,3445649
0.18,3443841
0.18,3440424
0.18,3433267
0.18,3432794
0.18,3426930
0.18,3426501
0.19,3417227
0.19,3412268
0.19,3396641
0.19,3380750
0.20,3377821
0.20,3368680
0.20,3349431
0.20,3332077
0.20,3326022
0.20,3320831
0.20,3320014
0.20,3313038
0.20,3312297
0.20,3311783
0.20,3303871
0.20,3300442
0.20,3292488
0.20,3263401
0.20,3262293
0.20,3261260
0.20,3250196
0.20,3248603
0.20,3244084
0.22,3182516
0.22,3181250
0.22,3181246
0.22,3162476
0.22,3146881
0.22,3136998
0.22,3130518
0.22,3129837
0.22,3129471
0.22,3128583
0.22,3124742
0.22,3123903
0.22,3116433
0.22,3108066
0.22,3105566
0.22,3104484
0.22,3100516
0.22,3097638
0.22,3093208
0.22,3085269
0.22,3082076
0.22,3080767
0.22,3078305
0.22,3078037
0.23,3077571
0.23,3076552
0.23,3071595
0.23,3068408
0.23,3068238
0.23,3066474
0.23,3052656
0.23,3048384
0.23,3024808
0.23,3021232
0.23,3019412
0.23,3017909
0.23,3012755
0.23,2968118
0.23,2959366
0.24,2955732
0.24,2948337
0.24,2946248
0.25,2940015
0.25,2937398
0.25,2932647
0.25,2932208
0.25,2932087
0.26,2921022
0.26,2912343
0.26,2877620
0.26,2877210
0.26,2874889
0.26,2870661
0.26,2851873
0.26,2846410
0.26,2833705
0.31,2798613
0.31,2784277
0.31,2779982
0.31,2777264
0.31,2777192
0.31,2773529
0.31,2767011
0.31,2766937
0.32,2761601
0.35,2754905
0.35,2752051
0.35,2749490
0.35,2748976
0.35,2748716
0.35,2746164
0.35,2742095
0.35,2736189
0.35,2735157
0.35,2723141
0.35,2714760
0.35,2710533
0.36,2705421
0.36,2700929
0.36,2698211
0.36,2697456
0.37,2677627
0.38,2675112
0.38,2669757
0.38,2666393
0.38,2660472
0.39,2660079
0.39,2657721
0.39,2638481
0.39,2626581
0.39,2625736
0.39,2612109
0.39,2608293
0.40,2605533
0.73,2596688
0.73,2594169
0.73,2593335
0.73,2593037
0.73,2579521
0.73,2557528
0.74,2555520
0.74,2554877
0.74,2535299
0.74,2531456
0.74,2531422
0.76,2531130
0.76,2520660
0.76,2517825
0.76,2515552
0.77,2514382
0.77,2512485
0.77,2511403
0.77,2505375
0.77,2505133
0.77,2495451
0.77,2467374
0.77,2465642
0.77,2462760
0.77,2462213
0.82,2449588
0.83,2449445
0.87,2444435
0.87,2412840
0.87,2399831
0.87,2399273
0.87,2398218
0.87,2392729
0.87,2381741
0.87,2372594
0.87,2368440
0.87,2367601
0.87,2367498
0.87,2361475
0.87,2341593
0.87,2332485
0.88,2303923
1.11,2287965
1.11,2285806
1.11,2276825
1.11,2268585
1.11,2268122
1.11,2265887
1.11,2262581
1.11,2262487
1.12,2262229
1.12,2259124
1.12,2257954
1.12,2237101
1.12,2224099
1.12,2222413
1.12,2217797
1.14,2213928
1.14,2213255
1.14,2201822
1.14,2196672
1.14,2195863
1.14,2195677
1.14,2195466
1.14,2186504
1.14,2185681
1.15,2165773
1.15,2163553
1.15,2161666
1.15,2152845
4.55,2152707
4.55,2149218
4.55,2139142
4.55,2137542
4.55,2107720
4.55,2103900
4.55,2102697
5.39,2087467
5.39,2087286
5.39,2086515
5.39,2085193
5.39,2083974
5.39,2080726
5.39,2068411
5.39,2068242
5.39,2059329
5.39,2054777
5.39,2047648
7.11,2045423
7.11,2044635
7.11,2043010
7.11,2042967
7.11,2039625
7.11,2033859
7.11,2018065
7.11,2014578
7.11,2010579
7.11,2009703
7.39,1998703
7.40,1978985
7.40,1978849
7.40,1961084
7.48,1956303
7.48,1954195
7.48,1951360
7.74,1947918
7.74,1938260
7.74,1928160
7.74,1926217
7.75,1924634
7.75,1923881
7.75,1916277
7.75,1915844
7.75,1904208
7.75,1901702
7.75,1890910
7.75,1890059
7.75,1890013
7.75,1889478
7.75,1887119
7.75,1886722
7.77,1884453
8.97,1881889
8.97,1868720
8.97,1867939
8.97,1864790
8.97,1859653
8.97,1858601
8.97,1849551
8.97,1847143
8.97,1839238
8.99,1837487
8.99,1819220
8.99,1793886
8.99,1780825
8.99,1780743
8.99,1771387
10.00,1735605
10.00,1735530
10.00,1727355
10.01,1727310
10.01,1721991
10.01,1720686
10.01,1715600
11.91,1713967
11.91,1713240
11.91,1711978
11.91,1709688
12.01,1708770
12.02,1696236
12.02,1688025
12.03,1687360
12.03,1684350
12.03,1684192
12.04,1674203
12.04,1670409
12.04,1669586
12.04,1669067
12.04,1664317
12.04,1659059
12.04,1657787
12.66,1647923
12.66,1645863
12.66,1640286
12.66,1632611
12.66,1629489
12.66,1618491
12.72,1601192
12.72,1600867
12.72,1599183
12.72,1597275
12.72,1593913
12.72,1591614
12.72,1589726
12.72,1589468
12.72,1588068
12.72,1585631
12.72,1581693
12.72,1577873
12.73,1576807
13.73,1568250
13.73,1566264
13.73,1563794
13.73,1562450
13.73,1560711
13.73,1560090
13.73,1555374
13.73,1554959
13.73,1549597
13.73,1548981
13.73,1546019
13.73,1541357
13.73,1538237
13.73,1537648
13.73,1534088
13.73,1532152
13.73,1529981
13.73,1525370
17.40,1521568
17.40,1521226
17.40,1514359
17.41,1513653
17.41,1509273
17.41,1498652
17.41,1496920
17.41,1496154
17.41,1490519
17.41,1485218
17.41,1484748
17.41,1483665
17.82,1483168
17.82,1482715
17.82,1481610
17.82,1481246
17.82,1470867
17.89,1470638
17.90,1466018
17.90,1455012
17.90,1452187
17.91,1450732
17.95,1450365
17.95,1448178
17.95,1446252
17.95,1436967
18.00,1435453
18.00,1434303
18.00,1434033
18.00,1433845
18.00,1431771
18.00,1429700
18.02,1428409
18.02,1424566
18.02,1422053
18.02,1416651
18.02,1416541
18.03,1416144
18.03,1415272
18.03,1413862
18.03,1406984
18.03,1404380
18.03,1394490
18.03,1393127
18.03,1389853
18.03,1387570
18.03,1387432
18.03,1382517
18.03,1378387
18.23,1370540
18.23,1369349
18.23,1362596
18.23,1360891
18.23,1359972
18.23,1359579
18.23,1359258
18.23,1358473
18.24,1355819
18.24,1354869
18.24,1353828
18.24,1348614
18.24,1347498
20.06,1344615
20.06,1344530
20.40,1340820
20.40,1339881
20.40,1337013
20.41,1334553
20.41,1333515
20.41,1317403
20.41,1316803
20.41,1316493
20.41,1310927
20.41,1306280
20.41,1305306
20.41,1304017
20.41,1297639
20.41,1297291
20.41,1294524
20.41,1294157
20.41,1288084
20.41,1284321
20.41,1281403
20.41,1281256
20.41,1268717
20.41,1265838
20.42,1264174
20.42,1261273
20.42,1252676
20.42,1251947
20.42,1251894
20.42,1251675
20.42,1249226
20.42,1248440
20.42,1245747
20.42,1241289
22.53,1240913
22.53,1227095
23.95,1226348
23.95,1225373
23.95,1225238
23.95,1224561
23.95,1222800
23.95,1219311
23.95,1218191
23.95,1211813
24.51,1211309
24.51,1210906
24.51,1209098
24.51,1204590
24.51,1202731
24.51,1200432
24.51,1199907
24.51,1199282
24.52,1197256
24.52,1197018
24.52,1194249
24.52,1193486
24.52,1191657
24.52,1183921
24.53,1175743
24.53,1170898
24.54,1170799
25.26,1170120
25.26,1169206
25.49,1168349
25.49,1167427
25.49,1165892
25.49,1165698
25.49,1165238
25.49,1162705
25.49,1159587
25.49,1159379
25.49,1158300
25.49,1154123
25.49,1153550
25.49,1153209
25.50,1152666
25.50,1148429
25.51,1144798
25.74,1137408
25.74,1136195
25.74,1134057
25.74,1129887
25.79,1126598
25.79,1126100
25.80,1125954
25.80,1122909
25.80,1118096
25.80,1116327
25.80,1109424
25.80,1108819
25.80,1097161
25.98,1094526
25.98,1091443
25.98,1090771
25.98,1090223
25.98,1089645
25.98,1088945
25.98,1088227
25.98,1087518
29.20,1084968
29.23,1078929
29.23,1072442
29.23,1071999
29.23,1071692
29.23,1071071
29.23,1070208
29.23,1069826
29.23,1069298
29.23,1067651
29.23,1066154
29.23,1065889
29.23,1064336
29.23,1061960
29.24,1061419
29.82,1060217
29.82,1051176
29.83,1048064
29.83,1047439
29.83,1045805
29.83,1044307
29.84,1042625
29.84,1038937
29.85,1037651
30.70,1037206
30.70,1034930
30.70,1033894
30.70,1033855
30.70,1026975
30.70,1026880
30.70,1023316
30.70,1022117
30.76,1020795
30.77,1017541
30.77,1014810
30.78,1014026
30.78,1012399
30.79,1012230
30.79,1011568
30.79,1011091
30.79,1010637
30.79,1009064
30.79,1008504
30.79,1007112
30.79,1006556
30.80,1006035
30.80,1002412
30.80,1002352
30.81,998292
30.81,996551
30.81,992764
30.82,992300
30.82,992264
30.82,992216
30.82,991627
30.82,990141
30.87,989643
30.87,986088
30.87,985840
30.87,983577
30.87,982804
30.87,979791
30.87,978700
30.88,976761
30.88,976538
30.89,974964
30.89,974961
30.89,974878
30.89,969171
32.47,966891
32.47,966203
32.47,965666
32.48,962428
32.48,962240
32.48,961707
32.48,960092
32.48,957916
32.48,954907
32.48,954087
32.48,950504
32.48,949413
32.48,947156
32.49,945528
32.49,942367
32.49,941748
32.50,941061
32.50,939289
32.50,937167
32.50,931596
32.50,931343
32.50,930752
32.50,929422
32.51,928936
32.52,928705
32.52,928673
32.52,926850
32.53,926373
32.53,925844
35.05,925557
35.05,925180
35.05,925007
35.06,921450
35.07,920252
35.07,917037
35.07,912973
35.07,911260
35.28,911080
35.29,910719
35.29,910684
35.29,910404
35.29,907840
35.83,906469
35.83,906253
35.83,903830
35.84,903482
36.10,903122
36.10,902342
36.10,900463
36.10,899152
36.12,899030
36.12,896040
36.12,895118
36.12,894306
36.12,893892
36.12,892902
36.12,891220
36.36,888733
36.36,886720
36.36,884530
36.36,876905
36.37,876809
36.37,876657
36.37,874375
36.37,873303
36.37,872321
37.33,869681
37.33,868651
37.33,868250
37.33,867420
38.01,867160
38.01,865493
38.01,864042
38.01,863719
38.02,863634
38.02,857427
38.02,856146
38.02,854830
38.03,854598
38.03,853839
38.03,853362
38.03,852166
39.31,850156
39.31,850113
39.31,849539
39.31,848684
39.31,847792
39.31,847782
39.32,846454
39.32,845983
39.33,841840
39.33,841305
39.33,840508
39.33,839958
39.33,839645
39.33,836983
39.33,836281
39.33,836067
39.34,834712
39.34,832113
39.34,830908
39.34,830786
39.35,829249
40.39,828700
40.39,828587
40.40,828078
40.41,827668
40.41,827526
40.43,826912
40.43,826287
40.44,826194
40.44,826153
40.44,823317
40.46,822441
41.03,822193
41.03,821953
41.03,821583
41.03,821380
41.03,820453
41.03,818353
41.03,816716
41.03,816516
41.04,814502
41.04,813408
41.04,812693
41.04,812663
41.04,810464
41.04,809053
41.04,808990
41.04,808964
41.04,807990
41.04,807728
41.05,804914
41.05,804097
41.05,803918
42.44,801804
42.44,800288
42.44,798223
42.44,797693
42.44,797260
42.91,795678
42.91,795614
42.92,794656
42.92,794434
42.92,793914
42.93,790251
42.93,787270
42.93,787263
42.93,786723
44.59,786040
44.60,784847
44.60,782937
44.60,781322
44.60,781046
44.60,780795
44.61,780514
44.61,780262
44.61,777434
44.61,776235
44.61,776134
44.62,776058
44.62,773441
44.63,772004
44.63,771570
44.63,771462
44.63,770988
44.63,770794
44.66,768541
44.67,768200
44.67,767560
44.68,766134
46.09,765399
46.09,764964
46.09,762958
46.11,762007
46.11,759701
46.11,759287
46.12,758769
46.12,758381
46.15,756754
46.15,756610
46.16,754456
46.16,751420
46.16,751303
46.16,749595
46.17,748121
46.17,746701
46.17,746461
46.17,746404
46.17,741982
46.17,741895
46.17,741606
46.17,737397
49.54,737318
50.04,735962
50.05,735287
50.05,733798
50.05,733566
50.05,733089
50.25,732915
50.25,732582
50.26,731282
50.30,730732
50.30,730272
50.31,728329
51.11,728033
51.11,727199
51.11,727148
51.14,726575
51.15,724811
51.16,723834
51.16,723613
51.17,721481
51.34,720961
51.34,720786
51.38,720391
51.38,719876
53.29,719405
53.30,719392
53.30,719343
53.30,719206
53.31,719094
53.31,718942
53.32,718356
53.34,718299
53.34,718243
53.35,717819
53.36,717510
53.48,717239
53.48,717218
53.48,716902
53.49,716675
53.49,716182
53.49,715239
54.47,714614
54.63,713982
54.65,713908
54.65,713617
54.66,712840
54.68,712787
54.69,711557
54.69,711507
54.69,711119
54.70,710680
54.76,710015
54.77,709823
54.77,709660
54.78,709398
54.79,709061
54.80,708932
54.82,707835
55.28,707822
55.32,707711
55.32,707429
55.33,705444
55.34,705363
55.34,705149
55.34,705054
55.35,704710
55.95,703810
55.96,703205
55.98,702739
57.27,702501
57.29,701736
57.29,701309
57.70,701045
57.71,700070
59.11,699915
59.13,699851
59.14,699339
60.04,699253
60.04,699236
60.06,698684
60.35,698349
60.35,698233
60.41,698150
60.42,698139
60.46,697435
60.47,697321
60.47,697274
60.47,697144
60.51,695627
60.58,695618
60.59,694186
60.60,694125
60.71,693953
60.71,692959
60.72,692168
60.85,691415
60.89,690934
60.90,690184
60.91,689089
61.41,688628
61.54,688610
61.73,687782
62.12,687289
62.13,687133
62.51,687059
62.52,686905
62.68,686770
62.69,686341
62.69,685974
62.70,685360
62.70,685267
62.70,684863
62.71,684704
62.72,684394
62.73,683764
62.73,683741
62.75,683529
62.75,683391
62.75,682882
62.79,682576
62.79,682281
64.69,681821
64.83,681573
65.50,681550
65.51,681160
65.52,680915
65.63,680295
65.64,680293
65.65,680073
65.66,680070
65.80,679977
65.82,679451
65.87,679295
65.88,679023
65.93,678305
65.95,678194
65.96,677895
65.99,677848
66.47,677729
66.56,677659
66.57,677619
66.57,677032
68.10,676398
68.11,676330
68.14,676198
68.16,675834
68.16,675605
68.18,675604
68.19,675600
68.19,675486
68.19,674995
68.20,674945
68.24,674707
68.34,673020
68.34,672991
69.50,672911
69.69,672820
69.77,672752
69.94,672048
70.70,671561
70.72,671016
70.78,670466
70.93,669830
71.12,669773
71.23,669705
71.25,669494
71.26,669085
71.26,668216
71.27,668066
71.51,667870
71.52,667259
71.55,667202
71.56,667135
75.80,667078
75.99,667063
76.01,666819
76.01,666670
76.07,666634
76.07,666242
76.12,666079
76.13,666078
76.15,666058
76.18,665951
76.22,665482
83.94,665357
84.96,665319
85.09,665234
86.95,665169
87.56,665098
88.60,665052
88.83,665049
89.69,664978
89.92,664576
89.95,664394
90.02,664249
90.21,664224
92.15,664220
92.23,664159
92.33,664159
94.97,664137
98.59,664135
