0.07,7316058
0.08,7295810
0.08,7293852
0.08,7292737
0.08,7269247
0.08,7254991
0.08,7254288
0.08,7241691
0.08,7239584
0.08,7232055
0.08,7227071
0.08,7180860
0.08,7117292
0.08,7106365
0.08,7086968
0.08,7079712
0.08,7046758
0.08,7045912
0.09,7043825
0.09,7042414
0.09,7033972
0.09,7032261
0.09,7027066
0.09,7014226
0.09,6997649
0.09,6989483
0.09,6982183
0.09,6980925
0.09,6979685
0.09,6938513
0.09,6936139
0.09,6933534
0.09,6883258
0.09,6882920
0.09,6880864
0.10,6880783
0.10,6864257
0.10,6720143
0.10,6707210
0.10,6699095
0.10,6698563
0.10,6690484
0.10,6689472
0.10,6656098
0.10,6638320
0.10,6635206
0.10,6632967
0.10,6624706
0.10,6622308
0.10,6621317
0.10,6548939
0.10,6537189
0.10,6528642
0.10,6439018
0.10,6428602
0.10,6420453
0.10,6416782
0.10,6411694
0.10,6400662
0.10,6397817
0.10,6393920
0.10,6349986
0.10,6323370
0.10,6316310
0.10,6313745
0.11,6304184
0.11,6302463
0.11,6294772
0.11,6268315
0.11,6252847
0.11,6246448
0.11,6238132
0.11,6236739
0.11,6232754
0.11,6232234
0.11,6230422
0.11,6220486
0.11,6205798
0.11,6198935
0.11,6190079
0.11,6182139
0.11,6172604
0.11,6163820
0.11,6163154
0.11,6154531
0.11,6154456
0.11,6063298
0.11,6059975
0.11,6059465
0.11,6055764
0.11,6031203
0.11,6025717
0.11,6000686
0.11,5997726
0.11,5976046
0.11,5960947
0.11,5959635
0.12,5947470
0.12,5947430
0.12,5939049
0.12,5938283
0.12,5928316
0.12,5924523
0.12,5919830
0.12,5917120
0.12,5910374
0.12,5907479
0.12,5866107
0.12,5825142
0.12,5810603
0.12,5807423
0.12,5799441
0.12,5799339
0.12,5796456
0.12,5790412
0.12,5780241
0.12,5751008
0.12,5749578
0.12,5748564
0.12,5747240
0.12,5638692
0.12,5638239
0.12,5637029
0.12,5635211
0.12,5563134
0.12,5539993
0.12,5527480
0.12,5520590
0.12,5520521
0.12,5517611
0.12,5507838
0.12,5487182
0.13,5440785
0.13,5433247
0.13,5432900
0.13,5429536
0.13,5423305
0.13,5330237
0.13,5330183
0.13,5253204
0.13,5249292
0.13,5229480
0.13,5227158
0.13,5221754
0.13,5219846
0.13,5218248
0.13,5212595
0.13,5205062
0.13,5199006
0.13,5197262
0.13,5180862
0.13,5177510
0.13,5177275
0.13,5172191
0.13,5171275
0.13,5163967
0.13,5163279
0.13,5136703
0.13,5133211
0.13,5132749
0.13,5120188
0.13,5106801
0.13,5105532
0.13,5100514
0.13,5094976
0.13,5080457
0.14,4995565
0.14,4986915
0.14,4982559
0.14,4981351
0.14,4952467
0.14,4949015
0.14,4939968
0.14,4937823
0.14,4936975
0.14,4935878
0.14,4935430
0.14,4935426
0.14,4934002
0.14,4918438
0.14,4900047
0.14,4890102
0.14,4872358
0.14,4869897
0.14,4824687
0.14,4821998
0.14,4816495
0.14,4806585
0.14,4806161
0.14,4792020
0.14,4773130
0.14,4772856
0.14,4772228
0.14,4759106
0.14,4758971
0.14,4752302
0.14,4749895
0.15,4738381
0.15,4725491
0.15,4720222
0.15,4718895
0.15,4682236
0.15,4675776
0.15,4674001
0.15,4596553
0.15,4570500
0.15,4562147
0.15,4561257
0.15,4555942
0.15,4551339
0.15,4545670
0.15,4542727
0.15,4534109
0.15,4519188
0.15,4518570
0.15,4518078
0.15,4517615
0.15,4511082
0.15,4505375
0.15,4495819
0.15,4495032
0.15,4420391
0.15,4414133
0.16,4412156
0.16,4412055
0.16,4412055
0.16,4411379
0.16,4410506
0.16,4409491
0.16,4400857
0.16,4383448
0.16,4374344
0.16,4372744
0.16,4370835
0.16,4369919
0.16,4368039
0.16,4364103
0.16,4356129
0.16,4351391
0.16,4347074
0.16,4346374
0.16,4343612
0.16,4315564
0.16,4299299
0.16,4296392
0.16,4292229
0.16,4284916
0.16,4284276
0.16,4283928
0.16,4281841
0.16,4281238
0.16,4274716
0.16,4257134
0.16,4201432
0.17,4200603
0.17,4200327
0.17,4198358
0.17,4190999
0.17,4165000
0.17,4164388
0.17,4162644
0.17,4162202
0.17,4155259
0.17,4151789
0.17,4149633
0.17,4142091
0.17,4140804
0.17,4123922
0.17,4107609
0.17,4056188
0.17,4048639
0.17,4045478
0.17,4028321
0.18,4007371
0.18,4004731
0.18,3989799
0.18,3986890
0.18,3981968
0.18,3958095
0.18,3954853
0.18,3953653
0.18,3947302
0.18,3932402
0.18,3931223
0.18,3922189
0.18,3890245
0.18,3885678
0.18,3883765
0.18,3876919
0.18,3863159
0.18,3853068
0.18,3836231
0.19,3800811
0.19,3799602
0.19,3767052
0.19,3765662
0.19,3765057
0.19,3763463
0.19,3759318
0.19,3759173
0.19,3747345
0.19,3746956
0.19,3738442
0.19,3719000
0.20,3668622
0.20,3665781
0.20,3638475
0.20,3624359
0.20,3618292
0.20,3617138
0.20,3615653
0.20,3612784
0.20,3571710
0.20,3568847
0.20,3562270
0.20,3561908
0.20,3561010
0.20,3553526
0.20,3539304
0.20,3533579
0.20,3524334
0.20,3521893
0.20,3518923
0.20,3515547
0.20,3514617
0.20,3508802
0.20,3503625
0.20,3503220
0.20,3488484
0.21,3483799
0.21,3452686
0.21,3433102
0.21,3425190
0.22,3424317
0.22,3411963
0.22,3404743
0.22,3403506
0.22,3399846
0.22,3399086
0.22,3365756
0.22,3365130
0.22,3364164
0.22,3355348
0.22,3339513
0.22,3336409
0.25,3322861
0.25,3318283
0.25,3314123
0.25,3289022
0.26,3288375
0.26,3266207
0.26,3259002
0.26,3251682
0.26,3249846
0.26,3249716
0.26,3242306
0.26,3237139
0.26,3236500
0.26,3227163
0.26,3223786
0.26,3213962
0.26,3210972
0.26,3210818
0.26,3205727
0.26,3186410
0.27,3182172
0.27,3181433
0.27,3180186
0.27,3180137
0.27,3179808
0.27,3176543
0.27,3168476
0.27,3167792
0.27,3162794
0.27,3146882
0.27,3145237
0.27,3139564
0.28,3129893
0.28,3125494
0.28,3120794
0.28,3118718
0.28,3114531
0.28,3092043
0.28,3091835
0.28,3090653
0.28,3090165
0.28,3090116
0.28,3087919
0.28,3086660
0.28,3064903
0.28,3059535
0.28,3049741
0.28,3034359
0.28,3033352
0.28,3029723
0.28,3025342
0.28,3014532
0.28,3012997
0.28,3010638
0.28,3008948
0.28,3007042
0.28,2993724
0.28,2990432
0.28,2984567
0.32,2976319
0.33,2947856
0.33,2942267
0.33,2941909
0.33,2896954
0.33,2890702
0.33,2889779
0.33,2870710
0.33,2861317
0.33,2852846
0.33,2852022
0.33,2851352
0.34,2845937
0.34,2842411
0.34,2831008
0.34,2823578
0.34,2814523
0.34,2802659
0.34,2802499
0.34,2799786
0.34,2796142
0.34,2791138
0.34,2789506
0.35,2769924
0.35,2765992
0.35,2757193
0.35,2756150
0.35,2745622
0.35,2743065
0.35,2741221
0.35,2729276
0.35,2722166
0.35,2721611
0.35,2718928
0.35,2700684
0.35,2680791
0.35,2675232
0.35,2673863
0.35,2671826
0.35,2660467
0.35,2643880
0.36,2642758
0.36,2616465
0.45,2614230
0.45,2609546
0.45,2604890
0.73,2604096
0.73,2600068
0.73,2596573
0.73,2587117
0.73,2583930
0.73,2555181
0.73,2548545
0.73,2536023
0.73,2534220
0.73,2530931
0.73,2529862
0.73,2529837
0.73,2528685
0.73,2526149
0.73,2524391
0.73,2518813
0.73,2517084
0.73,2510577
0.73,2478436
0.85,2477490
0.85,2471480
0.85,2470386
0.85,2464871
0.85,2464090
1.19,2457392
1.20,2457049
1.20,2456649
1.20,2456194
1.20,2444470
1.20,2431030
1.20,2430972
1.20,2423133
1.20,2417175
1.28,2397747
1.28,2397386
1.28,2395660
1.28,2394389
1.28,2393470
1.28,2384972
1.49,2380281
1.49,2355502
1.49,2354671
1.49,2352443
1.49,2352328
1.49,2351143
1.49,2349479
1.49,2348692
1.50,2315282
1.50,2314224
1.50,2309791
1.51,2291577
1.51,2286434
1.51,2284256
1.51,2275660
1.51,2273810
1.51,2272384
1.54,2265163
1.54,2254090
1.54,2253886
1.54,2249003
1.54,2248823
1.67,2236449
1.67,2234197
1.67,2222350
1.67,2222232
1.67,2217563
1.68,2213443
1.68,2212975
1.68,2212190
1.68,2209985
1.68,2197560
1.68,2197199
3.13,2190196
3.13,2187669
3.13,2181066
3.13,2179048
3.15,2178495
3.15,2167803
3.15,2163037
3.15,2163008
3.28,2156782
3.28,2155329
3.28,2153758
3.28,2153047
3.65,2145282
3.65,2131892
3.65,2131810
3.65,2130654
3.66,2130319
3.66,2118862
3.66,2118648
3.66,2115058
3.66,2110263
3.66,2108057
3.66,2107629
3.66,2105202
3.66,2047682
3.67,2044051
3.67,2043026
4.74,2041902
4.74,2028456
4.74,2028143
4.74,2003453
4.74,1997440
4.74,1996339
4.74,1996017
6.03,1977794
6.37,1974940
6.37,1971188
6.37,1970397
6.37,1966703
6.37,1962724
6.37,1959407
6.93,1959224
6.93,1956970
6.93,1956241
6.93,1955397
6.93,1949921
6.93,1949569
6.93,1942385
6.93,1941022
6.93,1939918
6.93,1937706
6.93,1936439
6.94,1933747
7.27,1918177
7.27,1911632
7.27,1909217
7.27,1908676
7.27,1906821
7.27,1905866
7.27,1887399
7.27,1887282
7.28,1886760
7.28,1886508
7.49,1885402
7.49,1883194
7.49,1879856
7.49,1879600
7.50,1875149
7.50,1871372
7.50,1867187
7.51,1866865
9.26,1864895
9.26,1864056
9.26,1863669
9.26,1859898
9.26,1858868
9.26,1858126
9.26,1856966
9.26,1856776
9.26,1854487
9.27,1853190
9.27,1849330
9.28,1848425
9.28,1845533
9.28,1844048
9.49,1842633
9.49,1825660
9.49,1825628
9.75,1801570
9.75,1798504
9.76,1796878
9.76,1796130
9.78,1793502
9.78,1792021
9.78,1783017
9.78,1780707
9.78,1773210
9.78,1770331
9.78,1764469
9.78,1763464
11.30,1762928
11.30,1761029
11.76,1755753
11.91,1754006
11.91,1747679
11.91,1731314
11.92,1723138
11.92,1718128
11.92,1712260
11.92,1711127
11.92,1703347
11.92,1690724
11.92,1685743
11.92,1681302
11.92,1679429
11.92,1675423
11.93,1673548
11.93,1673149
11.93,1671295
11.93,1668042
11.93,1665538
11.93,1660419
11.93,1659569
11.93,1659235
11.93,1658878
13.49,1658764
13.49,1657073
13.49,1655262
13.49,1655026
13.86,1642986
13.87,1641746
13.87,1641556
13.87,1641036
13.94,1639855
13.94,1638726
13.99,1634077
13.99,1627131
13.99,1627113
14.03,1626111
14.03,1622183
14.03,1621171
14.03,1619874
14.03,1619434
14.03,1619399
14.03,1613072
14.05,1605382
14.05,1601616
14.65,1596182
14.65,1595758
14.65,1594911
14.99,1594422
14.99,1592245
14.99,1589671
14.99,1588885
15.11,1586934
15.11,1586219
15.13,1586139
15.13,1585460
15.13,1584706
15.13,1578400
15.13,1575986
15.13,1573030
15.13,1569718
15.13,1566799
15.13,1562756
15.13,1553546
15.13,1538980
15.13,1536113
15.14,1522976
15.14,1519118
15.15,1516805
15.15,1515895
16.12,1495906
16.12,1494272
16.12,1484552
16.12,1484143
16.12,1482562
16.20,1481691
16.78,1478702
16.78,1476315
16.78,1471509
16.82,1466690
16.83,1465975
16.83,1460717
16.83,1460574
16.83,1456748
16.83,1455472
16.83,1453612
17.25,1447078
17.25,1447058
17.25,1446078
17.25,1443926
17.25,1429044
17.25,1419181
17.25,1415100
17.25,1413147
17.25,1412200
17.25,1411511
17.25,1410696
18.83,1409270
18.83,1408313
19.20,1404418
19.20,1403175
19.20,1397623
19.20,1391118
20.21,1390197
20.65,1389212
20.65,1383810
20.65,1381137
20.65,1379965
20.65,1379544
20.65,1377584
20.65,1376238
20.66,1373566
20.66,1369355
20.66,1368691
20.67,1365718
20.67,1363576
20.72,1356325
20.72,1350347
20.72,1345701
20.72,1343352
20.72,1340873
20.72,1339110
20.72,1337151
20.85,1336954
20.85,1336697
20.85,1336467
20.87,1335473
20.87,1332850
20.87,1332386
20.87,1327514
20.87,1318354
20.88,1317709
20.88,1313933
20.88,1312788
20.88,1307343
20.88,1306603
20.88,1306281
20.88,1305906
20.88,1305095
20.88,1301562
20.88,1301075
20.88,1300776
20.88,1296219
21.90,1294589
21.90,1294429
22.37,1292113
22.37,1288966
22.65,1281889
22.65,1280844
22.65,1275092
22.66,1274179
22.70,1273372
22.70,1270887
22.70,1267287
22.70,1264018
22.70,1259662
22.70,1257561
22.70,1256811
22.71,1253390
22.71,1245714
22.71,1245559
22.71,1239044
22.82,1232634
22.82,1230731
22.82,1230464
22.82,1230342
22.82,1229978
22.82,1228720
22.82,1228720
23.58,1216358
23.58,1214291
23.58,1203880
23.70,1200376
23.70,1199521
23.70,1196206
23.70,1192468
23.70,1190805
23.70,1188532
24.31,1187369
24.31,1182953
24.31,1182780
24.31,1182009
24.31,1180998
24.32,1178631
24.32,1176128
24.32,1175987
24.32,1172840
24.32,1171458
24.32,1166993
24.32,1164763
24.32,1158647
24.32,1157056
24.32,1155282
24.32,1152844
24.33,1151539
24.33,1149669
24.33,1149569
24.33,1149167
24.40,1147470
24.40,1140720
26.25,1140224
26.25,1140179
26.25,1138033
26.55,1134995
26.55,1132347
26.55,1130913
26.55,1128989
26.58,1128863
26.58,1120493
26.58,1116907
26.58,1115741
26.58,1114889
26.58,1114715
26.58,1114186
26.58,1113295
26.58,1112271
26.62,1111206
26.62,1108698
26.62,1107988
26.62,1104664
26.62,1103126
26.63,1101578
27.44,1097882
27.44,1094130
27.44,1091704
27.58,1090192
27.58,1089759
27.58,1088069
27.58,1086327
27.78,1082953
27.78,1080502
27.78,1078974
27.80,1078581
27.80,1077323
27.80,1076839
27.80,1075565
27.80,1073161
27.80,1071805
27.80,1068809
27.81,1068571
27.81,1068513
27.81,1068084
27.81,1067900
27.81,1065804
27.81,1065798
27.81,1062935
27.81,1062583
27.81,1062244
27.81,1061909
27.81,1060681
27.81,1060028
28.50,1057891
28.51,1056290
29.18,1052871
29.18,1050907
29.18,1050177
29.18,1048359
29.18,1045873
29.18,1045408
29.18,1038402
29.18,1037645
29.31,1036456
29.31,1034017
29.31,1034005
29.31,1033873
29.31,1033368
29.31,1025328
29.32,1024783
29.32,1023963
29.32,1023450
29.32,1021212
29.32,1018458
29.32,1017949
29.32,1017140
29.33,1015873
29.33,1009916
29.33,1009813
29.33,1008928
29.81,1008572
30.20,1008052
30.20,1007351
30.20,1002928
30.25,1001706
30.25,1001351
31.50,1000530
31.81,998428
31.81,997835
31.91,997378
31.91,997216
32.13,994560
32.13,993353
32.18,992043
32.18,989830
32.18,985796
32.18,982521
32.18,981344
32.18,981299
33.11,980997
33.11,977986
33.11,977810
33.11,977713
33.13,975643
33.13,974987
33.13,973599
33.13,973296
33.13,968275
33.13,965858
33.13,963418
33.44,961773
33.44,961545
33.45,960227
33.45,960166
33.45,959879
33.45,959509
33.45,957883
33.45,956878
33.45,956285
33.45,955027
33.46,955002
33.46,954985
33.46,954568
33.46,952165
33.46,950291
33.46,944265
33.90,943280
33.90,942389
33.91,939606
33.96,938399
34.10,937438
34.10,937014
34.13,936730
34.14,931102
34.31,930177
34.31,929895
34.31,928519
34.31,926101
34.32,926059
34.32,924468
34.32,922876
34.32,914439
34.32,914038
34.32,911347
34.33,910870
34.33,907743
34.33,907281
34.33,906753
34.33,903747
34.33,903524
34.39,901335
34.39,900993
34.39,900672
34.39,899377
34.39,897107
34.40,894801
34.40,894736
34.40,892839
34.40,892796
34.40,891608
35.36,889609
35.52,885928
35.78,885849
36.62,882635
36.62,882287
36.62,880149
36.62,878402
36.62,878301
36.62,878176
36.63,877610
36.63,877509
36.63,877474
36.64,875861
36.64,875720
36.64,871986
36.64,871277
36.64,870798
36.64,870791
36.64,869668
36.64,869654
36.64,866320
36.64,865440
37.52,864145
37.52,863540
38.75,862519
38.75,862188
38.75,861407
38.76,860491
38.76,859796
38.76,858796
39.00,857212
39.01,855091
39.01,854771
39.70,853750
39.70,851680
39.70,851493
39.70,849989
39.70,847527
39.76,847523
39.77,846195
39.78,844877
39.78,844180
39.81,841381
40.13,840307
40.13,840271
40.13,839786
40.14,839757
40.25,839451
40.25,838403
40.25,837294
40.25,836601
40.25,836538
40.25,836020
40.31,835507
40.31,833825
40.31,833275
40.31,831721
40.31,831685
40.31,831670
40.32,831410
40.76,829048
40.76,828525
41.02,828230
41.05,828082
41.05,827536
41.05,825800
41.06,824759
41.06,823802
41.06,823189
41.28,822624
41.28,821565
41.28,821255
41.30,820516
41.30,819983
41.33,819851
41.33,818834
41.33,816533
41.33,813869
41.33,812648
41.33,812548
41.33,812365
41.33,811430
41.33,811164
41.37,809433
41.37,808162
41.38,807667
41.38,807118
41.38,806960
41.50,805980
42.14,803927
42.14,803506
42.15,802758
42.15,801156
42.18,800042
42.18,799128
42.19,796040
42.19,796002
42.19,795666
42.19,794792
42.19,794439
42.19,792433
42.19,791287
42.19,789329
42.19,787999
42.34,787777
42.34,787506
42.34,786362
43.89,786294
43.89,786009
43.89,784063
43.90,782975
43.90,780783
43.90,780672
43.90,778753
43.91,777790
44.89,776737
44.89,776674
45.63,774983
45.63,774870
45.63,772839
45.64,771969
45.71,770560
45.71,769215
45.99,768101
45.99,766064
46.00,765071
46.00,764262
46.35,764177
46.35,763967
46.35,761778
46.36,761137
46.38,760828
46.73,759310
46.73,759302
46.74,758307
46.74,758244
46.75,757734
46.84,755398
46.84,755335
46.84,755332
46.85,755322
46.85,754926
46.85,754254
46.85,753045
46.85,752367
46.85,751680
46.85,750001
46.86,749538
46.86,748630
46.86,748529
46.86,748497
46.86,744788
46.86,744641
46.86,744637
46.89,744006
46.92,743814
47.30,743675
47.33,743120
47.33,742903
47.38,742324
47.39,741641
48.64,741333
48.64,740694
48.65,740457
48.65,739457
48.65,738869
48.65,738716
48.65,738076
48.68,736690
48.68,736289
48.70,735673
48.77,734791
48.78,733340
48.79,731194
48.80,729213
48.80,728563
50.70,728378
50.70,728014
50.71,727258
50.76,727165
50.79,726121
50.79,725076
50.80,724679
51.02,724365
51.02,722723
51.03,721577
51.03,718463
51.19,718179
51.19,717738
52.20,716973
52.20,716894
52.21,716524
52.21,716005
52.21,715366
52.21,714921
52.79,714144
52.79,713313
52.79,713184
52.80,713180
52.80,712612
52.80,711643
52.80,711320
52.80,711039
52.80,710827
52.81,710125
52.81,709284
52.86,708956
52.89,708543
52.89,708269
53.81,708086
53.81,707838
53.82,705701
54.75,705555
54.75,705259
54.76,704349
54.76,703682
54.76,703263
54.77,702997
54.77,702619
54.77,702128
54.91,702031
54.91,701614
54.92,699994
54.93,699710
55.92,699424
56.30,699010
56.30,697641
56.32,697577
56.37,697530
56.38,697444
56.42,697428
56.42,697100
56.42,696971
56.43,696333
56.43,696270
56.44,696190
56.45,695843
56.45,695450
56.45,695230
56.45,695152
56.47,694004
56.47,693494
57.87,693489
58.11,693419
58.12,692532
58.13,691773
58.13,691717
58.14,690980
58.17,690955
58.17,690159
58.37,689613
58.38,688858
58.38,688845
58.38,688361
58.38,687629
59.81,686636
59.81,686614
59.90,685479
59.90,685215
61.63,684521
61.63,684171
61.65,683655
61.65,683643
61.66,683636
61.67,683343
61.68,683145
61.68,682976
61.73,682778
61.74,682608
61.75,681647
61.75,681247
61.76,681225
61.76,681218
61.77,681007
62.69,680760
62.71,680666
62.73,680239
62.76,680228
62.78,680088
62.79,679545
63.41,679330
63.41,679078
63.42,678943
63.45,678943
63.75,678469
63.76,678379
63.76,677980
63.81,677718
64.58,677704
64.60,677472
64.64,677346
64.65,676301
64.68,676298
64.70,676102
64.72,675632
65.09,675524
65.11,675456
65.19,674753
65.20,674450
65.20,673503
65.20,673114
65.21,672770
65.21,672700
66.78,672317
66.81,671580
66.82,671334
66.84,671007
66.87,670869
67.90,670856
68.14,670822
68.26,670813
68.26,670328
68.31,669782
69.23,669469
69.24,669033
69.24,668940
69.27,668642
69.29,668613
69.96,668411
69.97,668335
70.03,668046
70.08,667772
70.08,667694
70.10,667586
70.12,667430
70.38,667403
70.41,666922
70.78,666869
70.80,666754
70.93,666726
70.96,666668
70.96,666409
70.97,666257
70.98,665907
70.99,665840
71.06,665834
71.42,665581
74.26,665283
75.65,665031
76.16,665023
76.52,664912
76.52,664600
76.59,664544
76.60,664361
78.34,664098
78.46,663865
78.49,663843
78.68,663750
78.71,663750
80.50,663660
80.51,663645
80.67,663545
82.32,663425
82.33,663345
86.58,663288
86.60,663260
87.31,663134
89.63,663106
97.17,663083
