0.06,7189303
0.07,7177664
0.07,7173014
0.07,7150968
0.07,7082456
0.07,7082216
0.08,7078197
0.08,7055855
0.08,6919998
0.08,6913428
0.08,6905345
0.08,6903787
0.08,6881907
0.08,6865670
0.08,6854017
0.08,6839521
0.08,6838297
0.08,6831063
0.08,6820155
0.08,6816591
0.08,6785406
0.08,6736518
0.09,6736502
0.09,6725260
0.09,6724924
0.09,6723993
0.09,6718034
0.09,6632243
0.09,6631555
0.09,6629937
0.09,6621428
0.09,6598879
0.09,6598751
0.09,6553625
0.09,6549800
0.09,6547278
0.09,6540282
0.09,6428510
0.09,6412056
0.09,6382805
0.09,6351812
0.09,6350443
0.10,6324921
0.10,6315450
0.10,6308803
0.10,6301765
0.10,6300380
0.10,6299662
0.10,6279919
0.10,6269852
0.10,6265077
0.10,6258371
0.10,6248839
0.10,6248023
0.10,6228926
0.10,6227521
0.10,6224622
0.10,6197792
0.10,6193344
0.10,6176181
0.10,6158865
0.10,6157876
0.10,6157353
0.10,6150523
0.10,6087700
0.10,6086540
0.10,6086280
0.10,6082401
0.10,6075562
0.10,5991506
0.10,5986844
0.10,5986170
0.10,5981070
0.10,5976291
0.10,5958128
0.10,5922607
0.10,5826292
0.10,5823485
0.11,5820054
0.11,5803136
0.11,5803105
0.11,5802193
0.11,5801806
0.11,5793567
0.11,5778972
0.11,5778496
0.11,5767605
0.11,5760566
0.11,5755417
0.11,5751910
0.11,5745527
0.11,5729389
0.11,5727100
0.11,5686515
0.11,5685296
0.11,5682616
0.11,5682030
0.11,5677020
0.11,5664322
0.11,5662948
0.11,5645100
0.11,5640180
0.11,5639221
0.11,5635463
0.11,5629355
0.11,5617288
0.11,5606018
0.11,5596817
0.11,5595606
0.11,5594222
0.11,5590057
0.11,5575707
0.11,5572432
0.11,5560179
0.11,5534224
0.11,5496661
0.12,5496578
0.12,5483011
0.12,5466349
0.12,5466301
0.12,5463339
0.12,5439987
0.12,5426891
0.12,5393484
0.12,5371225
0.12,5367755
0.12,5354910
0.12,5349288
0.12,5348757
0.12,5317756
0.12,5304140
0.12,5288770
0.12,5263961
0.12,5243493
0.12,5242166
0.12,5239538
0.12,5234039
0.12,5231775
0.12,5230973
0.12,5198849
0.12,5189283
0.12,5189244
0.13,5185381
0.13,5183159
0.13,5181216
0.13,5172640
0.13,5151715
0.13,5148076
0.13,5147699
0.13,5087342
0.13,5086992
0.13,5071802
0.13,5067599
0.13,5065817
0.13,5024714
0.13,5023475
0.13,5022999
0.13,5020958
0.13,4986608
0.13,4951832
0.13,4943679
0.13,4927471
0.13,4925344
0.13,4907305
0.13,4902789
0.13,4898183
0.13,4882899
0.13,4878293
0.13,4858432
0.13,4828739
0.13,4828099
0.14,4757034
0.14,4742037
0.14,4704959
0.14,4702550
0.14,4689355
0.14,4658940
0.14,4658313
0.14,4512697
0.14,4511079
0.14,4491591
0.14,4488253
0.14,4488125
0.14,4465860
0.14,4374866
0.14,4365135
0.14,4346356
0.14,4332967
0.14,4327080
0.14,4324021
0.14,4320494
0.14,4317263
0.14,4316783
0.14,4314861
0.14,4306876
0.14,4305474
0.14,4291068
0.14,4271744
0.14,4270549
0.14,4269002
0.14,4268178
0.15,4262671
0.15,4257879
0.15,4251642
0.15,4224126
0.15,4222824
0.15,4210725
0.15,4205319
0.15,4191705
0.15,4133025
0.15,4130101
0.15,4124152
0.15,4111954
0.15,4105525
0.15,4089977
0.15,4073495
0.15,4058050
0.15,4015653
0.15,4013219
0.15,4011170
0.15,4003674
0.15,4000533
0.16,3997566
0.16,3995157
0.16,3993404
0.16,3992555
0.16,3992470
0.16,3971891
0.16,3971233
0.16,3871615
0.16,3864015
0.16,3857104
0.16,3847613
0.16,3821760
0.16,3820742
0.17,3819847
0.17,3819593
0.17,3778487
0.17,3773002
0.17,3760462
0.17,3743037
0.17,3725122
0.17,3716876
0.17,3716477
0.17,3707238
0.17,3678795
0.17,3678737
0.17,3665479
0.17,3663805
0.17,3636719
0.17,3635431
0.17,3622385
0.17,3620954
0.17,3620338
0.17,3619747
0.17,3597491
0.18,3588183
0.18,3585570
0.18,3568969
0.18,3562334
0.18,3554191
0.18,3533235
0.18,3531555
0.18,3527541
0.18,3520012
0.18,3499207
0.18,3498288
0.18,3479526
0.18,3462205
0.18,3451635
0.18,3443025
0.18,3433014
0.18,3427789
0.18,3423326
0.18,3422133
0.19,3409161
0.19,3391566
0.19,3390344
0.19,3389359
0.19,3388370
0.19,3364306
0.19,3363034
0.19,3361212
0.20,3361056
0.20,3358742
0.20,3349374
0.20,3348190
0.20,3322727
0.20,3320830
0.21,3320003
0.21,3307628
0.21,3295527
0.21,3292058
0.21,3280695
0.21,3280149
0.21,3273862
0.21,3271168
0.21,3253625
0.21,3222344
0.21,3222131
0.21,3221831
0.21,3221423
0.21,3218368
0.21,3196965
0.21,3190956
0.21,3185643
0.21,3178282
0.22,3175775
0.22,3175189
0.22,3157836
0.22,3150601
0.22,3149497
0.22,3133126
0.22,3101251
0.23,3094088
0.23,3081217
0.23,3078614
0.23,3077105
0.23,3077103
0.23,3062555
0.23,3055854
0.30,3052233
0.30,3051993
0.30,3043260
0.30,3041917
0.30,3041867
0.30,3040022
0.31,3021074
0.31,3017326
0.31,3013102
0.33,3011505
0.33,3004434
0.33,3003168
0.33,2974829
0.33,2967510
0.33,2953637
0.33,2953445
0.33,2943493
0.33,2942823
0.33,2942252
0.33,2941949
0.33,2938766
0.33,2907725
0.33,2895735
0.33,2894707
0.34,2877757
0.34,2869723
0.34,2848274
0.36,2820935
0.37,2796051
0.37,2792140
0.37,2790427
0.37,2790257
0.37,2787525
0.37,2787033
0.38,2779162
0.38,2779101
0.38,2778255
0.38,2776442
0.38,2762521
0.38,2760889
0.38,2737272
0.38,2736050
0.38,2701706
0.38,2701459
0.38,2691338
0.38,2687431
0.39,2662117
0.39,2653189
0.39,2652953
0.39,2643148
0.39,2641273
0.39,2640978
0.39,2615928
0.56,2558356
0.58,2556101
0.58,2555128
0.58,2554003
0.58,2534785
0.68,2527774
0.68,2527332
0.68,2526025
0.68,2521323
0.68,2516764
0.69,2514769
0.69,2510896
0.69,2509077
0.70,2508437
0.70,2501092
0.71,2493136
0.71,2492266
0.71,2485880
0.71,2465005
0.71,2452806
0.78,2450560
0.82,2440060
0.82,2439078
0.82,2427958
0.82,2427585
0.82,2424698
0.82,2414293
0.82,2410278
0.82,2406160
0.82,2383301
0.82,2380527
0.83,2380525
0.83,2380058
0.83,2378458
0.83,2377535
0.83,2370665
0.83,2370433
0.83,2369037
0.83,2361814
0.83,2358932
1.78,2358272
1.78,2328833
1.79,2328359
1.79,2323879
1.79,2319368
2.38,2313799
2.38,2308482
2.38,2307061
2.38,2305930
2.38,2301426
2.38,2298792
2.38,2293923
2.38,2290025
2.42,2277198
2.42,2276261
2.42,2273602
2.42,2263280
2.42,2257934
2.42,2254164
2.42,2251593
2.42,2249588
2.42,2237755
2.42,2233721
2.42,2230615
2.42,2207451
2.42,2203545
2.42,2178958
2.42,2173193
2.42,2171877
3.98,2170421
3.98,2169548
3.98,2169504
3.98,2166900
3.98,2164794
3.98,2160218
3.98,2160118
3.98,2148527
3.98,2147131
3.98,2145245
3.98,2137117
3.98,2136352
3.98,2134899
3.98,2131574
3.98,2130249
3.98,2126260
3.98,2126169
3.98,2125749
3.98,2117661
5.43,2117129
5.43,2115225
5.44,2106663
5.44,2102245
5.45,2098318
5.45,2090925
5.45,2086782
5.45,2085349
5.45,2085031
5.45,2075927
5.45,2071817
5.45,2071171
5.45,2068724
5.46,2054916
5.58,2050816
5.58,2043051
5.58,2041281
5.58,2039419
5.58,2037431
5.58,2033959
6.58,2030184
7.10,2020735
7.10,2015870
7.10,2008599
7.10,2007996
7.10,2000091
7.10,1999209
7.10,1984051
7.10,1981247
7.10,1977098
7.10,1976007
7.10,1975987
7.10,1970099
7.10,1969889
7.11,1965455
7.11,1961843
7.11,1954465
7.12,1948113
7.12,1946788
7.12,1938630
7.13,1929264
7.13,1926025
8.17,1925495
8.17,1924260
8.17,1921778
8.17,1916104
8.17,1913566
8.17,1912454
8.17,1910011
8.17,1909412
8.17,1908648
8.17,1908445
8.17,1905563
8.17,1900479
8.17,1896623
8.17,1893650
8.17,1888621
8.18,1885077
8.18,1883316
8.18,1858071
8.18,1857390
8.18,1853548
8.18,1852805
8.18,1842799
9.68,1840583
9.68,1836364
9.68,1834204
9.68,1828487
10.06,1810770
10.06,1809725
10.06,1808159
10.06,1807183
10.56,1807014
10.56,1805984
10.56,1801636
11.54,1800969
11.54,1799068
11.54,1788740
11.85,1784419
11.85,1782386
11.85,1781529
11.85,1780997
11.86,1775810
11.86,1774996
11.86,1774221
11.87,1767169
11.87,1764357
11.87,1763731
11.87,1763077
11.87,1762659
11.87,1755574
11.87,1753493
11.90,1746959
11.90,1744138
11.90,1741814
11.90,1735686
11.90,1735543
11.90,1726715
11.90,1718979
11.90,1717782
11.90,1715907
11.90,1713258
11.90,1710522
12.64,1704206
12.64,1700995
12.64,1700870
12.64,1699508
12.64,1697341
12.64,1696323
12.64,1696307
12.64,1694017
12.64,1692866
12.64,1691362
12.64,1691019
12.65,1685058
12.65,1683617
12.65,1682280
12.65,1682248
12.65,1681037
12.65,1681016
12.65,1675614
12.65,1674788
12.65,1674267
12.65,1664158
12.65,1660364
12.65,1654184
12.65,1650324
12.65,1648721
13.90,1647170
13.90,1645654
13.90,1644297
15.39,1644247
15.39,1638015
15.39,1636754
15.40,1618556
15.40,1617605
15.40,1615988
15.40,1614068
15.40,1611102
15.40,1609719
15.40,1608767
15.40,1608658
15.40,1607893
15.80,1606576
15.80,1606023
15.80,1601602
15.80,1601064
15.80,1598259
15.80,1588741
15.80,1587939
15.80,1581734
15.80,1579798
15.80,1575513
15.80,1574527
15.81,1574506
16.53,1570463
16.53,1567168
16.53,1567166
16.53,1565686
16.53,1564984
16.53,1557247
16.54,1552504
16.54,1546586
16.54,1542080
16.54,1541163
16.54,1535449
17.18,1530640
17.18,1529313
17.18,1529265
17.19,1522107
17.19,1517909
17.19,1517174
17.19,1515211
17.19,1512048
17.22,1508680
17.22,1503833
17.23,1502647
17.39,1501661
17.39,1499771
17.39,1474056
17.39,1470750
17.39,1470655
17.39,1470600
17.39,1466279
17.39,1454308
17.39,1452882
20.28,1451110
20.28,1450919
20.28,1449290
20.28,1447394
20.28,1446863
20.28,1441485
20.28,1436066
20.28,1426925
20.81,1426288
20.81,1424969
20.82,1424814
20.82,1416326
20.82,1411694
20.82,1411171
20.82,1410312
20.82,1409988
20.82,1409933
20.82,1408791
20.82,1399284
20.82,1398208
20.82,1397510
20.82,1396140
21.02,1389524
21.02,1388048
21.02,1387475
21.02,1385052
21.02,1378435
21.04,1377874
21.04,1369589
21.04,1367643
21.04,1365530
21.51,1364610
21.52,1361255
21.52,1360948
21.91,1359857
21.92,1358696
21.92,1355816
21.92,1354769
21.92,1352240
21.95,1342131
21.95,1340854
21.95,1338545
21.95,1323293
21.95,1319028
21.95,1316701
21.95,1316114
21.95,1313274
22.22,1311719
22.22,1310402
22.22,1306191
22.22,1303141
22.22,1302465
22.23,1301716
22.23,1301616
22.23,1301612
22.23,1297476
22.23,1297400
22.23,1295412
22.23,1292396
23.70,1290185
23.70,1286225
23.70,1286112
23.71,1285606
23.71,1285605
23.91,1285443
23.91,1284567
23.97,1275544
23.97,1273939
24.08,1270999
24.08,1269585
24.08,1266195
24.09,1261168
24.09,1260036
24.50,1259627
24.50,1258908
25.46,1258172
25.48,1256805
25.48,1252066
25.52,1250938
25.52,1250111
25.52,1249193
25.52,1248467
25.52,1248149
25.52,1238836
25.71,1238391
25.71,1237652
25.71,1235807
25.71,1231882
25.71,1231693
25.71,1228691
25.78,1220091
25.78,1218989
25.78,1218664
25.78,1215045
25.78,1213762
25.78,1213692
25.78,1212650
25.78,1201272
25.78,1196946
25.78,1188005
25.78,1185944
25.78,1185641
25.78,1185545
25.78,1184386
25.78,1181093
27.48,1177919
27.61,1176542
27.61,1170374
27.61,1168572
27.61,1165730
27.61,1165408
27.61,1164224
27.61,1161012
27.61,1160404
27.61,1160078
27.61,1157638
27.62,1156907
27.62,1154942
27.62,1150962
27.62,1149643
27.62,1147494
27.63,1146589
27.64,1146198
27.64,1144797
27.64,1144163
27.64,1143627
27.64,1143049
28.98,1137441
28.98,1137342
28.98,1136803
28.98,1136645
28.99,1130621
28.99,1128800
28.99,1127099
28.99,1127031
28.99,1125618
28.99,1121410
29.18,1121314
29.18,1121040
29.18,1121020
30.38,1116979
30.38,1111167
30.38,1110610
30.38,1106950
30.38,1105351
30.39,1103579
30.39,1097370
30.39,1097048
30.74,1095612
30.74,1094925
30.74,1093704
30.74,1091086
30.74,1089220
30.74,1084792
30.74,1083326
30.74,1082576
31.25,1079045
31.25,1078405
31.25,1074991
31.27,1073640
31.29,1068674
31.29,1068144
31.29,1067468
31.44,1062462
31.44,1060934
31.44,1060929
31.44,1057533
31.44,1057473
31.44,1056582
31.54,1055798
31.54,1054627
31.54,1054502
32.02,1054360
32.02,1052130
32.02,1051430
32.02,1050914
32.02,1050826
32.02,1049849
32.03,1048671
32.09,1047635
32.10,1046730
32.10,1042367
32.10,1035249
32.14,1035152
32.15,1032979
32.15,1032264
32.95,1031472
32.95,1028217
32.95,1025865
32.95,1025497
32.95,1025000
32.95,1024852
32.95,1018914
32.96,1017523
32.96,1015564
32.96,1013156
32.96,1012032
32.96,1011822
32.96,1006669
32.96,1005978
33.73,1005279
33.73,1002298
33.75,1000701
33.80,997151
33.81,995688
33.81,992733
33.81,992009
33.82,990277
33.82,989341
33.82,988478
33.82,985218
33.82,981917
33.82,980698
34.07,979982
34.07,979915
34.61,979492
34.61,979162
34.61,979104
34.61,977577
34.61,976502
34.61,973222
34.62,972339
34.62,972235
34.62,968655
34.62,965382
34.62,961688
34.62,961514
34.62,958706
34.62,949708
34.62,949555
34.62,949473
35.31,948059
35.31,944471
35.31,943940
35.31,941357
35.42,940247
35.42,939820
35.42,938870
35.55,938780
35.55,936773
35.55,935950
35.55,935555
35.55,933312
35.55,932512
35.55,932283
35.59,931658
35.59,930443
36.02,930440
36.02,930408
36.03,928521
36.03,927200
36.03,926836
36.03,925669
36.03,922414
36.03,920827
36.03,919247
36.03,918812
36.04,918032
36.04,917311
36.04,916904
36.04,913424
37.77,913236
37.78,913091
37.78,910189
37.78,908891
37.78,908780
37.78,908053
38.06,904543
38.06,903972
38.06,902995
38.06,902817
39.06,899263
39.06,899198
39.07,898006
39.07,897810
39.15,895977
39.15,895228
39.15,894038
39.16,891297
39.16,890472
39.16,889215
39.16,887924
39.19,887110
39.19,886325
39.20,883812
39.20,883602
39.20,883257
39.20,881589
39.20,881262
39.20,879440
39.20,877328
39.21,875965
39.21,874942
39.22,872640
39.22,872431
39.22,871737
39.23,871026
41.03,870799
41.03,870056
41.10,866838
41.27,865868
41.27,863863
41.27,862505
41.27,861774
41.27,860579
41.27,859756
41.28,859665
41.28,858687
41.28,855530
41.28,854090
41.28,852827
41.28,852712
41.28,850771
41.28,848616
41.28,847457
41.29,847079
41.30,845897
41.31,845706
41.31,843354
43.59,842091
43.59,842035
43.60,835622
43.60,834373
43.60,833380
43.60,829932
43.60,829145
43.60,828819
43.60,828806
43.60,828431
43.60,825674
43.60,824456
43.61,819187
43.76,819061
43.79,818201
43.80,818012
43.80,816729
43.80,816565
43.81,815571
43.81,814479
43.81,814195
43.84,812924
43.84,812095
43.84,811067
43.84,810721
43.84,803004
43.85,802942
43.85,802722
43.85,802230
45.88,802048
45.88,799420
45.88,799069
45.88,795469
45.89,794616
45.93,794281
45.93,793629
45.93,792921
45.94,791072
45.94,790218
45.94,789070
45.95,787515
45.95,786971
45.95,785939
45.95,785861
45.97,785632
45.97,785475
45.98,784933
45.98,784816
45.99,783711
45.99,783588
45.99,783542
45.99,782617
45.99,781709
47.20,781570
47.20,780252
47.24,779758
47.24,776960
47.25,773706
47.25,773690
47.25,772587
47.25,772527
47.25,772209
47.26,772147
47.26,771029
47.26,770164
47.26,767792
47.27,767429
47.27,766603
47.27,765005
47.27,764729
47.32,764562
47.32,763781
47.33,762839
47.33,762619
51.09,761682
51.27,760846
51.27,760809
51.28,760603
51.28,760531
51.28,760066
51.28,759791
51.28,757849
51.28,757258
51.29,756613
51.29,754510
51.29,754102
51.29,753456
51.29,753456
51.29,752347
51.36,752278
51.36,751215
51.36,750415
51.41,750104
51.42,749793
51.42,749279
51.42,748947
51.42,748662
51.42,748374
51.43,747327
51.44,747233
51.44,746812
51.68,746051
51.69,744226
51.69,744168
51.69,744122
51.69,743917
51.70,741089
51.70,740814
51.70,739820
51.70,737688
51.71,737605
51.72,737424
51.72,736981
51.72,736155
51.72,735847
51.72,734120
51.73,733128
54.96,732208
54.97,731322
54.97,730346
54.98,730143
54.99,729854
54.99,729574
55.05,728900
55.32,728197
55.35,727846
55.35,727335
55.38,726399
55.39,726057
55.40,725344
55.40,724581
55.40,724365
56.23,723770
56.31,723634
56.31,723271
56.34,721811
56.34,720213
56.34,719411
56.35,719408
56.35,719091
56.36,719011
56.36,718191
56.37,716382
56.37,715448
56.38,715371
56.38,715262
56.39,715084
56.39,714278
56.40,713523
56.40,711641
56.44,711387
56.45,710421
56.45,708515
56.45,707826
56.45,706884
58.67,706680
58.67,706395
58.67,706322
58.67,706151
58.72,705903
58.72,705665
58.74,705111
58.74,704166
58.74,703618
59.27,702730
59.27,701623
59.28,701390
59.28,700990
59.28,700955
59.28,699778
59.28,699699
60.60,699094
60.63,697994
60.63,697655
60.63,697516
60.77,696206
60.78,695942
60.78,695542
60.78,694440
60.78,693835
61.30,693367
61.30,693352
61.31,692997
61.34,692960
61.34,692889
61.35,692812
61.35,692412
61.35,692360
61.36,692103
61.37,692076
61.62,691953
61.64,691825
61.64,690875
61.64,690467
61.64,689732
61.65,688923
61.67,688629
61.67,688624
61.67,688332
61.68,688099
61.79,687910
61.90,687343
61.90,687047
61.93,686680
62.99,686421
62.99,686385
63.00,685629
63.42,684917
63.42,684787
63.42,684781
63.82,684370
63.83,684090
64.58,684074
64.58,683655
64.59,683128
64.59,683085
65.41,682867
65.43,681911
65.68,681334
65.69,679605
65.70,679215
65.87,679169
65.87,678893
65.88,678257
65.89,677170
65.91,676990
65.91,675803
65.94,675182
65.94,674296
65.96,674160
70.09,672988
70.09,672685
70.09,672520
70.13,672327
70.13,671754
70.13,671529
70.21,670988
70.38,670859
70.38,670293
70.42,670016
70.44,670005
70.48,669890
70.48,669698
70.49,669692
70.53,669688
73.43,669220
73.43,668921
73.45,667971
73.46,667963
73.47,667715
73.49,667500
73.51,667383
74.07,667275
74.08,666850
75.03,666490
75.09,666164
75.10,665983
75.11,665611
75.17,665585
75.18,665522
75.22,665361
75.22,665300
75.28,665105
75.28,664827
75.60,664510
75.61,664465
75.62,664349
75.64,664277
77.73,664153
77.74,664133
77.75,663779
77.77,663684
77.86,663653
77.88,663166
80.75,663056
81.03,662900
81.31,662350
81.60,662263
81.64,662070
81.74,662033
81.76,661935
81.83,661541
82.09,661450
82.43,661432
82.44,661270
82.48,661056
82.63,660906
82.86,660840
93.74,660817
95.17,660816
96.62,660777
102.55,660755
104.78,660733
