0.00,6993754
0.01,6980061
0.01,6976863
0.01,6922697
0.01,6921839
0.01,6817205
0.01,6807834
0.01,6789853
0.01,6789222
0.01,6702211
0.01,6701518
0.01,6691359
0.01,6687857
0.01,6650347
0.01,6626605
0.01,6617368
0.01,6616340
0.01,6594108
0.01,6579358
0.01,6569005
0.01,6562532
0.01,6550382
0.01,6536220
0.01,6525917
0.01,6519928
0.01,6512284
0.01,6501599
0.02,6497806
0.02,6491486
0.02,6490895
0.02,6488938
0.02,6436302
0.02,6428511
0.02,6426778
0.02,6383364
0.02,6382212
0.02,6382061
0.02,6376804
0.02,6375141
0.02,6370886
0.02,6291662
0.02,6263185
0.02,6234216
0.02,6194315
0.02,6184270
0.02,6182994
0.02,6182942
0.02,6169345
0.02,6165344
0.02,6164205
0.02,6135157
0.02,6123182
0.02,6116356
0.03,6116211
0.03,6042784
0.03,6042249
0.03,6041801
0.03,6041574
0.03,6036239
0.03,6023405
0.03,5906205
0.03,5892578
0.03,5878309
0.03,5808556
0.03,5777443
0.03,5776150
0.03,5761702
0.03,5761155
0.03,5755672
0.03,5725711
0.03,5718390
0.03,5718384
0.04,5716119
0.04,5711439
0.04,5704747
0.04,5698422
0.04,5695921
0.04,5668077
0.04,5667950
0.04,5663079
0.04,5638783
0.04,5638501
0.04,5610087
0.04,5608982
0.04,5582361
0.04,5575225
0.04,5560232
0.04,5519406
0.04,5511276
0.04,5499262
0.04,5488080
0.04,5487281
0.04,5458153
0.04,5457575
0.04,5449345
0.04,5434322
0.04,5417940
0.04,5387040
0.04,5386713
0.04,5372910
0.04,5367898
0.04,5350924
0.04,5341585
0.04,5337773
0.04,5337759
0.04,5328847
0.04,5328413
0.04,5322089
0.04,5320312
0.04,5302612
0.04,5290963
0.04,5281620
0.04,5281591
0.04,5273084
0.04,5271048
0.04,5251188
0.05,5251170
0.05,5227090
0.05,5186093
0.05,5183363
0.05,5112131
0.05,5110661
0.05,5106053
0.05,5102960
0.05,5096270
0.05,5094694
0.05,5090326
0.05,5089876
0.05,5087656
0.05,5086261
0.05,5086240
0.05,5085570
0.05,5084604
0.05,5045917
0.05,5038924
0.05,5024809
0.05,5019474
0.05,5016275
0.05,5002111
0.05,4989570
0.05,4987353
0.05,4984863
0.05,4982871
0.05,4981400
0.05,4957448
0.05,4956204
0.05,4954400
0.05,4952244
0.06,4948835
0.06,4937733
0.06,4918304
0.06,4909501
0.06,4909293
0.06,4901821
0.06,4892001
0.06,4889812
0.06,4868700
0.06,4862965
0.06,4858204
0.06,4852478
0.06,4850319
0.06,4848989
0.06,4847427
0.06,4843682
0.06,4843643
0.06,4842916
0.06,4842301
0.06,4839455
0.06,4837588
0.06,4813665
0.06,4813291
0.06,4813229
0.06,4811102
0.06,4809383
0.06,4804625
0.06,4797484
0.06,4796211
0.06,4793670
0.06,4788550
0.06,4781513
0.06,4774625
0.06,4773509
0.06,4772293
0.06,4767536
0.06,4767044
0.06,4734822
0.06,4708008
0.06,4703583
0.06,4682098
0.06,4678082
0.06,4677845
0.06,4672452
0.06,4653816
0.06,4653277
0.06,4628423
0.06,4628394
0.06,4621481
0.06,4610537
0.06,4594962
0.07,4573556
0.07,4562833
0.07,4561092
0.07,4519054
0.07,4512522
0.07,4510742
0.07,4503140
0.07,4501421
0.07,4500816
0.07,4500441
0.07,4499511
0.07,4485407
0.07,4447481
0.07,4430837
0.07,4428964
0.07,4407722
0.07,4402885
0.07,4395099
0.07,4387290
0.07,4375747
0.07,4361430
0.07,4361352
0.07,4360477
0.07,4349253
0.07,4345030
0.07,4333978
0.07,4333333
0.07,4331919
0.07,4331895
0.07,4330563
0.07,4322388
0.07,4320168
0.07,4305691
0.07,4285497
0.07,4281510
0.07,4279554
0.07,4206216
0.07,4205715
0.07,4205211
0.07,4191617
0.07,4190464
0.07,4186793
0.07,4184557
0.07,4179974
0.07,4177011
0.07,4173933
0.07,4165377
0.07,4164518
0.07,4163512
0.07,4160337
0.07,4110943
0.08,4087557
0.08,4087076
0.08,4080516
0.08,4080032
0.08,4077594
0.08,4074065
0.08,4073360
0.08,4069256
0.08,4059609
0.08,4058153
0.08,4055939
0.08,4048189
0.08,4043831
0.08,4007106
0.08,4007050
0.08,4002101
0.08,3996405
0.08,3995099
0.08,3994681
0.08,3994668
0.08,3991030
0.08,3984641
0.08,3972441
0.08,3940582
0.08,3938928
0.08,3936922
0.08,3936868
0.08,3934210
0.08,3931513
0.08,3907396
0.08,3906322
0.08,3903270
0.08,3893225
0.08,3888925
0.08,3884823
0.08,3857264
0.08,3848561
0.08,3770541
0.08,3769490
0.08,3765359
0.08,3760420
0.08,3754840
0.08,3740387
0.08,3740192
0.08,3611414
0.08,3607165
0.08,3604007
0.08,3599858
0.08,3599794
0.08,3593566
0.08,3592802
0.08,3589430
0.09,3588424
0.09,3580037
0.09,3575198
0.09,3544552
0.09,3542129
0.09,3534378
0.09,3530128
0.09,3529713
0.09,3529500
0.09,3526540
0.09,3520386
0.09,3520343
0.09,3518539
0.09,3510586
0.09,3509698
0.09,3508938
0.09,3508873
0.09,3503604
0.09,3499161
0.09,3498837
0.09,3494818
0.09,3484161
0.09,3484158
0.09,3480816
0.09,3480307
0.09,3461374
0.09,3453848
0.09,3451243
0.09,3446548
0.09,3446360
0.09,3436742
0.09,3436454
0.09,3434776
0.09,3432459
0.09,3430859
0.09,3430725
0.09,3426424
0.09,3424617
0.09,3419108
0.10,3418745
0.10,3418047
0.10,3411091
0.10,3410456
0.10,3376539
0.10,3374612
0.10,3368556
0.10,3368488
0.10,3363719
0.10,3351305
0.10,3349301
0.10,3344672
0.10,3341891
0.10,3314230
0.10,3313288
0.10,3310350
0.10,3310057
0.10,3309764
0.10,3309681
0.10,3307957
0.10,3273800
0.10,3264057
0.10,3256348
0.10,3251004
0.10,3249897
0.10,3230096
0.10,3229892
0.10,3225455
0.10,3222623
0.10,3219885
0.10,3219117
0.10,3213871
0.10,3196621
0.10,3145405
0.10,3143465
0.10,3129529
0.10,3129008
0.10,3126904
0.10,3125074
0.10,3117246
0.10,3116891
0.10,3111880
0.10,3111057
0.10,3109050
0.10,3106490
0.11,3099059
0.11,3097314
0.11,3095845
0.11,3095840
0.11,3081687
0.11,3077099
0.11,3076268
0.11,3075079
0.11,3064236
0.11,3063468
0.11,3041587
0.11,3034685
0.11,3030063
0.11,3018805
0.11,3013043
0.11,3010054
0.11,3010004
0.11,2965695
0.11,2964809
0.11,2896957
0.11,2810576
0.11,2810499
0.11,2766365
0.11,2764914
0.11,2718602
0.11,2713016
0.11,2711458
0.11,2708188
0.11,2707923
0.11,2697590
0.11,2697180
0.11,2697092
0.11,2696655
0.11,2691150
0.11,2679163
0.11,2677830
0.12,2647907
0.12,2646167
0.12,2642500
0.12,2635459
0.12,2634662
0.12,2632465
0.12,2615061
0.12,2600424
0.12,2598541
0.12,2598158
0.12,2594984
0.12,2588312
0.12,2580834
0.12,2578485
0.12,2577050
0.12,2576669
0.12,2571187
0.12,2570934
0.12,2559892
0.12,2559649
0.12,2554765
0.12,2554359
0.12,2550814
0.12,2547613
0.12,2546904
0.12,2539669
0.12,2538291
0.12,2533688
0.12,2528361
0.12,2526580
0.12,2526196
0.12,2525912
0.12,2525344
0.12,2525038
0.13,2524734
0.13,2523951
0.13,2517576
0.13,2512905
0.13,2509284
0.13,2509259
0.13,2507724
0.13,2499836
0.13,2499451
0.13,2498595
0.13,2498414
0.13,2493461
0.13,2491873
0.13,2489980
0.13,2485491
0.13,2484186
0.13,2481047
0.13,2480980
0.13,2479940
0.13,2478651
0.13,2478278
0.13,2477682
0.13,2474733
0.13,2474436
0.13,2474422
0.13,2474081
0.13,2472244
0.13,2471840
0.13,2469841
0.14,2461668
0.14,2461628
0.14,2460509
0.14,2459196
0.14,2457516
0.14,2455028
0.14,2448730
0.14,2448545
0.14,2447144
0.14,2446616
0.14,2443457
0.14,2439810
0.14,2438847
0.14,2437662
0.14,2437244
0.14,2430009
0.14,2428527
0.14,2427963
0.14,2426401
0.14,2424970
0.14,2424018
0.14,2423773
0.14,2422324
0.14,2422098
0.14,2421198
0.15,2419095
0.15,2417533
0.15,2417341
0.15,2416851
0.15,2414333
0.15,2414279
0.15,2396357
0.15,2367580
0.15,2367565
0.15,2365871
0.15,2365679
0.15,2365592
0.15,2365416
0.15,2345544
0.15,2344256
0.15,2343436
0.15,2343420
0.15,2341497
0.15,2336755
0.15,2335721
0.15,2332466
0.15,2329216
0.15,2326898
0.15,2315306
0.15,2314395
0.15,2314080
0.15,2308476
0.15,2308330
0.16,2307884
0.16,2307457
0.16,2307215
0.16,2244396
0.16,2242704
0.16,2219194
0.16,2218517
0.16,2215992
0.16,2214860
0.16,2214029
0.16,2212109
0.16,2210032
0.16,2205481
0.16,2204292
0.16,2203778
0.16,2198514
0.16,2197090
0.16,2195592
0.16,2195291
0.16,2160054
0.16,2159603
0.17,2159544
0.17,2159418
0.17,2157538
0.17,2143272
0.17,2137359
0.17,2136206
0.17,2135005
0.17,2133967
0.17,2133677
0.17,2132045
0.17,2131425
0.17,2131090
0.17,2122369
0.17,2122352
0.18,2121834
0.18,2110816
0.18,2110802
0.18,2110481
0.18,2109358
0.18,2106205
0.18,2105496
0.18,2103798
0.18,2102177
0.18,2082021
0.18,2081687
0.18,2081609
0.18,2081550
0.18,2080637
0.18,2079817
0.18,2079778
0.19,2079565
0.19,2077037
0.19,2071402
0.19,2059886
0.19,2052909
0.19,2052210
0.19,2051384
0.19,2050329
0.19,2049388
0.19,2047435
0.20,2045464
0.20,2027495
0.20,2026375
0.20,2018110
0.20,2016967
0.20,2016239
0.20,2015963
0.20,2014330
0.20,2013435
0.20,2013379
0.20,2013222
0.20,2012812
0.20,2012237
0.20,2012218
0.20,2012124
0.20,2012085
0.20,2010740
0.21,2009382
0.21,2009015
0.21,2007376
0.21,2005882
0.21,2005271
0.21,2004756
0.21,2004180
0.21,1996174
0.21,1993566
0.21,1981960
0.21,1980350
0.21,1980311
0.21,1977581
0.21,1975819
0.22,1970025
0.22,1969952
0.22,1968108
0.22,1966415
0.22,1946489
0.22,1946275
0.22,1945922
0.22,1944185
0.23,1944051
0.23,1943105
0.23,1927687
0.23,1925379
0.23,1923755
0.23,1922923
0.23,1900026
0.23,1885397
0.23,1883959
0.23,1882929
0.23,1878294
0.23,1871231
0.23,1869625
0.23,1868343
0.23,1868293
0.23,1867504
0.24,1858038
0.24,1857203
0.24,1848777
0.24,1847372
0.24,1845949
0.24,1845021
0.24,1840138
0.24,1837764
0.24,1833994
0.24,1833155
0.24,1830467
0.24,1830132
0.24,1825364
0.24,1825363
0.25,1824334
0.25,1821604
0.25,1821285
0.25,1815032
0.25,1814498
0.25,1798398
0.25,1796508
0.25,1795074
0.25,1774190
0.25,1770541
0.26,1768671
0.26,1768062
0.26,1768009
0.26,1766491
0.26,1765786
0.26,1763861
0.26,1758776
0.26,1758471
0.26,1757371
0.26,1756290
0.26,1755518
0.26,1753361
0.26,1753214
0.26,1747094
0.26,1746696
0.26,1746653
0.26,1746410
0.27,1746326
0.27,1745344
0.27,1725564
0.27,1678101
0.27,1677263
0.27,1671259
0.27,1670825
0.27,1657463
0.27,1656210
0.27,1650971
0.27,1649749
0.27,1638383
0.27,1637903
0.27,1637123
0.28,1636518
0.28,1635781
0.28,1635143
0.28,1633909
0.28,1632096
0.28,1608466
0.28,1606345
0.28,1593877
0.28,1593324
0.28,1592428
0.28,1589562
0.28,1588907
0.28,1585913
0.28,1583500
0.28,1582975
0.28,1582803
0.29,1581714
0.29,1580806
0.29,1579754
0.29,1579405
0.29,1578962
0.29,1577135
0.29,1576669
0.29,1575001
0.29,1536833
0.29,1536717
0.29,1536680
0.30,1536527
0.30,1527200
0.30,1523446
0.30,1520173
0.30,1518886
0.30,1516461
0.30,1514612
0.30,1514360
0.30,1511681
0.30,1510758
0.31,1509558
0.31,1508721
0.31,1507739
0.31,1507178
0.31,1507129
0.31,1506757
0.31,1505839
0.32,1505602
0.32,1504542
0.32,1503093
0.32,1502867
0.32,1466373
0.32,1464087
0.32,1462171
0.33,1444911
0.33,1444513
0.33,1443744
0.33,1442639
0.33,1441480
0.33,1441480
0.33,1441314
0.33,1440836
0.33,1437682
0.33,1437627
0.33,1428562
0.34,1428558
0.34,1427308
0.34,1426086
0.34,1404145
0.34,1404060
0.34,1403349
0.34,1402932
0.35,1402617
0.35,1401808
0.35,1394511
0.35,1393746
0.35,1393411
0.35,1392361
0.35,1391412
0.35,1389336
0.36,1385616
0.36,1385378
0.36,1384766
0.37,1383246
0.37,1376907
0.37,1369815
0.37,1365973
0.37,1364801
0.37,1364742
0.37,1364723
0.38,1358583
0.38,1358337
0.38,1357676
0.38,1353408
0.38,1352336
0.39,1351711
0.39,1351448
0.39,1349226
0.39,1348039
0.39,1347630
0.39,1343369
0.39,1340690
0.40,1340127
0.40,1339639
0.40,1337400
0.41,1337096
0.41,1336213
0.41,1333025
0.41,1332223
0.42,1331058
0.42,1331006
0.42,1330707
0.42,1329133
0.43,1324041
0.43,1311920
0.43,1311552
0.43,1311552
0.43,1295193
0.43,1291541
0.44,1288082
0.44,1287353
0.44,1286867
0.44,1284319
0.44,1282857
0.44,1249305
0.45,1248752
0.45,1247704
0.45,1247470
0.45,1246945
0.45,1245842
0.45,1238755
0.46,1236450
0.46,1232335
0.46,1229093
0.46,1229024
0.46,1228653
0.46,1227650
0.46,1227289
0.46,1227167
0.46,1226419
0.46,1224882
0.47,1223159
0.47,1223012
0.47,1222267
0.47,1221863
0.47,1221467
0.47,1221456
0.47,1221436
0.48,1219804
0.48,1215819
0.48,1214289
0.48,1211579
0.48,1210368
0.48,1209934
0.48,1204185
0.49,1204052
0.49,1203222
0.49,1203056
0.49,1201510
0.49,1200268
0.49,1198038
0.50,1197475
0.50,1193130
0.50,1123566
0.50,1122975
0.50,1119971
0.50,1114719
0.50,1108711
0.51,1108358
0.52,1107816
0.52,1106553
0.52,1106110
0.52,1105992
0.52,1105331
0.52,1105270
0.52,1104637
0.53,1103981
0.53,1103633
0.53,1101530
0.53,1090740
0.54,1090539
0.54,1077476
0.55,1072892
0.55,1071995
0.55,1071953
0.55,1071051
0.56,1068560
0.56,1066488
0.56,1066128
0.56,1065908
0.57,1057361
0.57,1054123
0.57,1053249
0.57,1052710
0.58,1052701
0.58,1046258
0.58,1044443
0.59,1044008
0.59,1017302
0.59,1015333
0.60,1004287
0.61,1004262
0.61,974027
0.61,973198
0.61,973022
0.62,973003
0.62,972320
0.62,970659
0.62,968654
0.63,966874
0.63,964079
0.63,959532
0.64,959470
0.64,951012
0.64,950521
0.65,950345
0.65,935515
0.66,932537
0.66,932418
0.66,932133
0.66,929359
0.67,929239
0.67,929112
0.68,911165
0.68,909314
0.68,909097
0.68,908323
0.68,903669
0.69,899090
0.70,898622
0.70,897596
0.70,896929
0.71,895488
0.71,895238
0.72,892699
0.73,891909
0.74,891856
0.76,890041
0.76,889848
0.77,889258
0.78,888262
0.79,883451
0.79,883215
0.80,882888
0.80,881780
0.81,881315
0.82,878808
0.82,878060
0.82,878031
0.83,877564
0.83,877006
0.83,876708
0.83,876574
0.84,876462
0.85,875469
0.85,875042
0.85,874637
0.86,873383
0.86,873151
0.86,872481
0.87,853365
0.87,852004
0.88,850967
0.89,849289
0.89,849060
0.90,843799
0.90,842552
0.92,841046
0.93,840839
0.94,840733
0.94,839254
0.94,839152
0.94,837991
0.95,835773
0.96,834703
0.97,834483
0.98,834462
0.99,834324
0.99,833587
0.99,828175
1.00,827068
1.00,823554
1.01,822109
1.01,821336
1.01,820437
1.04,820409
1.04,819715
1.04,819001
1.05,818675
1.06,817984
1.07,817037
1.08,816774
1.08,816467
1.08,816191
1.08,815916
1.09,815090
1.10,813799
1.11,812852
1.11,812828
1.13,812407
1.14,808567
1.14,808326
1.18,806993
1.21,806794
1.21,805117
1.22,804725
1.22,803040
1.24,803000
1.25,801734
1.26,800975
1.27,800495
1.27,799530
1.28,799297
1.28,799230
1.28,799219
1.29,792318
1.35,791896
1.40,790685
1.40,775428
1.40,773438
1.41,773332
1.41,773264
1.43,772814
1.44,766342
1.44,764684
1.45,764422
1.45,763417
1.46,762748
1.47,762504
1.50,759871
1.50,753836
1.57,753346
1.58,751445
1.59,751166
1.63,750974
1.64,750303
1.67,749644
1.68,748945
1.70,747607
1.77,747606
1.78,737846
1.94,737278
2.00,736750
2.14,735281
2.18,730873
2.22,728179
2.23,727615
2.26,726275
2.30,724735
2.31,722728
2.43,719999
2.45,718176
2.48,702657
2.58,701855
2.70,701070
2.75,700040
2.75,700018
2.76,699107
2.79,698518
2.87,698473
3.10,698383
3.27,697429
3.73,696463
8.95,696294
9.14,696263
9.38,695660
9.75,695396
10.24,695310
14.02,694774
14.13,694748
14.13,694725
14.15,694668
14.29,693344
14.29,693172
14.47,689440
14.51,688780
14.64,687850
14.89,687694
14.97,686701
15.06,686339
15.12,685867
15.18,684850
15.19,684572
15.40,683564
15.42,682962
15.90,682926
23.99,681762
26.13,681125
26.34,680832
26.37,680715
26.40,680635
26.43,680191
28.38,679998
34.25,677408
34.28,676872
34.30,676215
34.42,675396
34.42,674999
34.55,670681
34.62,670394
36.17,670352
36.31,670124
36.68,670106
36.85,669951
36.98,668640
37.14,668438
37.51,668438
