0.00,6976041
0.01,6973534
0.01,6892308
0.01,6891790
0.01,6851461
0.01,6839170
0.01,6823720
0.01,6791016
0.01,6765435
0.01,6765287
0.01,6751505
0.01,6746575
0.01,6726994
0.01,6726223
0.01,6724521
0.01,6717986
0.01,6714102
0.02,6712651
0.02,6705256
0.02,6702781
0.02,6688392
0.02,6679810
0.02,6646585
0.02,6646471
0.02,6641765
0.02,6636405
0.02,6605991
0.02,6596257
0.02,6593488
0.02,6459894
0.02,6459584
0.02,6378816
0.02,6354571
0.02,6347860
0.02,6347309
0.02,6345944
0.02,6343533
0.02,6339102
0.02,6338351
0.02,6337441
0.02,6334050
0.02,6324283
0.02,6316078
0.02,6297991
0.02,6252096
0.02,6251250
0.02,6250498
0.02,6222897
0.02,6221325
0.02,6212387
0.02,6210834
0.03,6203228
0.03,6188102
0.03,6183316
0.03,6182095
0.03,6178188
0.03,6166230
0.03,6165521
0.03,6162935
0.03,6162335
0.03,6142603
0.03,6129526
0.03,6127473
0.03,6124176
0.03,6099150
0.03,6095969
0.03,6089687
0.03,6088561
0.04,6085934
0.04,6084200
0.04,6082488
0.04,6079865
0.04,6074651
0.04,6071275
0.04,6064836
0.04,6063575
0.04,6051659
0.04,6051610
0.04,6041708
0.04,6040140
0.04,6031415
0.04,6031111
0.04,6030477
0.04,6027595
0.04,6016972
0.04,5999307
0.04,5900783
0.04,5897783
0.04,5896538
0.04,5881928
0.04,5881467
0.04,5879675
0.04,5879549
0.04,5863371
0.04,5846734
0.04,5834432
0.04,5831588
0.04,5824342
0.04,5822774
0.04,5813060
0.04,5805650
0.04,5791608
0.04,5657126
0.04,5644906
0.04,5644391
0.04,5640969
0.04,5609343
0.04,5605541
0.04,5573293
0.04,5556616
0.04,5553249
0.05,5551573
0.05,5460995
0.05,5386456
0.05,5386280
0.05,5385231
0.05,5380170
0.05,5345459
0.05,5341804
0.05,5331156
0.05,5302472
0.05,5294209
0.05,5291310
0.05,5281448
0.05,5274579
0.05,5272346
0.05,5252997
0.05,5252733
0.05,5252482
0.05,5249920
0.05,5246111
0.05,5229163
0.05,5215702
0.05,5215273
0.05,5194342
0.05,5189127
0.05,5186795
0.05,5185514
0.05,5182348
0.05,5148527
0.05,5144436
0.05,5102195
0.05,5094302
0.05,5093762
0.05,5091937
0.05,5090988
0.05,5089186
0.05,5079502
0.05,5074552
0.05,5069344
0.05,5068995
0.05,5068629
0.05,5068542
0.05,5063256
0.05,5061622
0.05,5028638
0.05,5023789
0.05,5020155
0.05,5000848
0.05,4999851
0.06,4944885
0.06,4934550
0.06,4932119
0.06,4930175
0.06,4881496
0.06,4877664
0.06,4869496
0.06,4868857
0.06,4866535
0.06,4864032
0.06,4863709
0.06,4855410
0.06,4844040
0.06,4839690
0.06,4839671
0.06,4823781
0.06,4815771
0.06,4803092
0.06,4769747
0.06,4767874
0.06,4767054
0.06,4756730
0.06,4750955
0.06,4741428
0.06,4693311
0.06,4684332
0.06,4644835
0.06,4623039
0.06,4622264
0.06,4621996
0.06,4620054
0.06,4615995
0.06,4612776
0.06,4612134
0.06,4607378
0.06,4594796
0.06,4589771
0.06,4588838
0.06,4569815
0.06,4569019
0.06,4565100
0.06,4546830
0.06,4538806
0.06,4537300
0.06,4532317
0.06,4523590
0.06,4521593
0.06,4519318
0.06,4514572
0.06,4514180
0.07,4492375
0.07,4489040
0.07,4485717
0.07,4485489
0.07,4482005
0.07,4481463
0.07,4473522
0.07,4470380
0.07,4447265
0.07,4433672
0.07,4427498
0.07,4423431
0.07,4419313
0.07,4418197
0.07,4415906
0.07,4407986
0.07,4352563
0.07,4258574
0.07,4229967
0.07,4223835
0.07,4218460
0.07,4218280
0.07,4216778
0.07,4214323
0.07,4209416
0.07,4203399
0.07,4202697
0.07,4190898
0.07,4097645
0.07,4086401
0.07,4079713
0.07,4077988
0.07,4077905
0.07,3994138
0.07,3985383
0.07,3981513
0.07,3976781
0.07,3976264
0.07,3973714
0.07,3953334
0.07,3951912
0.07,3950173
0.07,3949618
0.07,3935960
0.07,3935755
0.07,3932335
0.07,3926005
0.07,3924910
0.07,3924783
0.07,3912108
0.07,3887088
0.07,3860310
0.07,3858033
0.07,3857264
0.07,3854562
0.07,3853748
0.07,3847646
0.08,3842688
0.08,3833780
0.08,3829906
0.08,3827884
0.08,3733882
0.08,3733407
0.08,3705171
0.08,3698573
0.08,3696790
0.08,3692610
0.08,3692587
0.08,3692421
0.08,3692066
0.08,3683004
0.08,3676159
0.08,3676151
0.08,3676056
0.08,3672610
0.08,3672467
0.08,3651018
0.08,3649959
0.08,3635698
0.08,3633796
0.08,3605345
0.08,3602666
0.08,3594176
0.08,3593875
0.08,3593856
0.08,3593126
0.08,3588946
0.08,3586621
0.08,3585941
0.08,3578470
0.08,3572026
0.08,3571866
0.08,3568273
0.08,3566582
0.08,3561733
0.08,3561728
0.08,3560193
0.08,3548612
0.09,3546782
0.09,3541915
0.09,3532749
0.09,3518750
0.09,3518218
0.09,3462992
0.09,3462534
0.09,3462486
0.09,3457337
0.09,3456498
0.09,3454369
0.09,3454049
0.09,3450294
0.09,3427776
0.09,3406014
0.09,3403371
0.09,3400301
0.09,3399535
0.09,3398970
0.09,3395072
0.09,3394965
0.09,3387339
0.09,3377530
0.09,3373335
0.09,3369576
0.10,3367363
0.10,3366201
0.10,3363593
0.10,3362891
0.10,3358200
0.10,3356951
0.10,3356374
0.10,3298124
0.10,3297975
0.10,3294023
0.10,3285630
0.10,3239527
0.10,3237031
0.10,3234326
0.10,3232868
0.10,3231797
0.10,3223214
0.10,3173051
0.10,3172105
0.10,3170045
0.10,3168682
0.10,3167409
0.10,3153158
0.10,3152916
0.10,3149737
0.10,3149548
0.11,3148832
0.11,3148064
0.11,3146981
0.11,3137479
0.11,3134824
0.11,3134614
0.11,3132563
0.11,3075729
0.11,3064081
0.11,3061724
0.11,3055048
0.11,3054594
0.11,3053116
0.11,3033439
0.11,3032832
0.12,3032556
0.12,3028762
0.12,3022792
0.12,3022728
0.12,3014368
0.12,3011976
0.12,3004817
0.12,3000366
0.12,2999554
0.12,2999417
0.12,2998915
0.12,2997593
0.12,2987607
0.12,2980126
0.12,2980017
0.12,2931298
0.12,2879294
0.12,2878982
0.12,2850885
0.13,2844036
0.13,2842879
0.13,2842285
0.13,2838948
0.13,2834245
0.13,2793417
0.13,2793330
0.13,2793323
0.13,2788164
0.13,2787222
0.13,2787150
0.13,2786318
0.13,2785233
0.13,2778610
0.13,2774394
0.13,2774376
0.13,2773294
0.14,2771159
0.14,2758664
0.14,2758131
0.14,2750352
0.14,2746667
0.14,2745585
0.14,2744765
0.14,2743168
0.14,2734507
0.14,2729346
0.14,2728588
0.14,2721989
0.14,2720055
0.14,2700242
0.14,2699866
0.14,2697958
0.14,2697943
0.14,2677369
0.15,2674457
0.15,2674096
0.15,2673614
0.15,2673445
0.15,2671478
0.15,2622527
0.15,2620075
0.15,2619642
0.15,2617469
0.15,2611106
0.15,2577274
0.15,2576247
0.15,2576245
0.15,2572428
0.15,2571181
0.15,2570088
0.15,2569545
0.15,2569052
0.15,2567938
0.16,2562839
0.16,2562594
0.16,2559540
0.16,2547019
0.16,2526647
0.16,2526205
0.16,2525817
0.16,2525137
0.16,2524729
0.16,2512053
0.16,2510290
0.16,2508236
0.16,2496907
0.16,2484141
0.16,2466351
0.16,2455970
0.16,2455227
0.16,2452313
0.16,2416730
0.16,2416697
0.16,2416588
0.16,2415704
0.16,2400694
0.17,2324877
0.17,2324133
0.17,2322922
0.17,2320924
0.17,2317573
0.17,2316425
0.17,2315088
0.17,2314027
0.17,2313577
0.17,2313194
0.17,2312661
0.17,2309525
0.17,2307854
0.17,2307508
0.17,2304213
0.17,2302005
0.17,2299408
0.17,2299323
0.17,2298165
0.17,2296134
0.17,2295097
0.17,2292266
0.17,2287194
0.17,2286457
0.17,2286392
0.17,2283983
0.17,2283076
0.17,2282696
0.18,2230566
0.18,2224986
0.18,2224428
0.18,2214688
0.18,2206110
0.18,2205314
0.18,2203779
0.18,2201179
0.18,2191505
0.18,2190618
0.18,2190491
0.18,2189350
0.18,2107248
0.18,2103692
0.18,2099524
0.18,2098861
0.18,2098492
0.18,2095502
0.18,2095016
0.18,2094537
0.18,2093577
0.19,2093311
0.19,2093305
0.19,2092420
0.19,2092242
0.19,2086530
0.19,2085330
0.19,2085310
0.19,2076336
0.19,2076133
0.19,2074476
0.19,2074305
0.19,2069476
0.19,2069049
0.19,2068605
0.19,2066267
0.19,2057734
0.19,2052580
0.19,2050784
0.19,2047169
0.19,2046362
0.20,2044381
0.20,2043551
0.20,2043498
0.20,2042279
0.20,2042248
0.20,2041998
0.20,2040587
0.20,2003067
0.20,2001841
0.20,2001830
0.20,2001772
0.21,2000746
0.21,1962671
0.21,1961916
0.21,1958427
0.21,1930930
0.21,1930740
0.21,1924141
0.21,1919518
0.21,1916895
0.21,1915025
0.21,1914930
0.21,1887765
0.21,1885403
0.21,1880191
0.21,1879449
0.22,1854735
0.22,1853838
0.22,1852440
0.22,1851113
0.22,1846311
0.22,1832452
0.22,1828065
0.22,1826580
0.22,1823330
0.22,1822727
0.22,1819598
0.22,1818465
0.22,1818275
0.22,1808408
0.22,1807711
0.22,1807101
0.22,1805951
0.22,1802654
0.22,1796650
0.22,1795153
0.23,1790107
0.23,1788926
0.23,1788846
0.23,1788626
0.23,1768426
0.23,1765797
0.23,1765058
0.23,1765038
0.23,1763793
0.23,1762906
0.23,1756444
0.23,1704860
0.23,1704134
0.23,1703714
0.23,1702522
0.23,1701496
0.23,1698617
0.23,1698224
0.24,1642872
0.24,1640690
0.24,1639899
0.24,1639370
0.24,1598807
0.24,1598743
0.24,1598399
0.24,1597288
0.24,1595458
0.24,1594769
0.24,1592157
0.24,1590601
0.24,1588093
0.24,1581804
0.24,1581750
0.24,1581033
0.24,1580334
0.24,1580092
0.25,1577962
0.25,1577731
0.25,1577552
0.25,1576357
0.25,1564118
0.25,1563588
0.25,1562250
0.25,1561937
0.25,1560908
0.25,1560501
0.25,1557982
0.25,1556780
0.25,1554489
0.25,1554485
0.25,1553745
0.25,1553039
0.25,1552180
0.26,1551899
0.26,1549440
0.26,1545174
0.26,1545129
0.26,1545059
0.26,1526326
0.26,1525409
0.26,1524241
0.26,1518081
0.26,1514910
0.26,1488081
0.26,1487283
0.26,1482506
0.26,1480951
0.26,1480557
0.26,1479969
0.26,1479286
0.26,1477528
0.26,1461119
0.27,1460801
0.27,1459903
0.27,1459384
0.27,1456692
0.27,1452243
0.27,1452171
0.27,1447900
0.27,1447759
0.27,1446660
0.27,1445149
0.27,1423506
0.27,1423312
0.27,1421964
0.28,1420545
0.28,1418035
0.28,1414059
0.28,1413011
0.28,1412911
0.28,1411973
0.28,1406533
0.28,1406308
0.28,1402051
0.28,1400346
0.28,1397299
0.28,1396791
0.29,1394862
0.29,1393550
0.29,1387298
0.29,1385072
0.29,1384834
0.29,1383363
0.29,1383318
0.30,1383272
0.30,1380463
0.30,1380287
0.30,1377061
0.30,1376275
0.30,1375797
0.30,1375533
0.30,1374569
0.30,1373047
0.30,1372014
0.30,1371530
0.30,1366570
0.31,1366506
0.31,1366206
0.31,1361066
0.31,1358112
0.31,1353765
0.31,1329277
0.31,1329187
0.31,1329128
0.31,1329017
0.32,1301734
0.32,1301289
0.32,1297731
0.32,1291994
0.32,1291712
0.32,1290264
0.32,1290038
0.32,1288052
0.32,1287782
0.32,1270738
0.32,1248158
0.32,1247305
0.32,1247205
0.32,1246000
0.32,1245789
0.33,1245133
0.33,1242719
0.33,1242340
0.33,1242156
0.33,1239508
0.33,1239157
0.33,1237324
0.33,1237169
0.33,1236884
0.33,1236764
0.33,1234465
0.34,1231867
0.34,1229268
0.34,1228128
0.34,1226479
0.34,1225779
0.35,1223161
0.35,1222860
0.35,1222039
0.35,1221159
0.35,1217487
0.35,1216369
0.35,1184586
0.35,1183756
0.36,1183494
0.36,1183485
0.36,1182964
0.36,1177351
0.36,1177243
0.37,1171904
0.37,1169843
0.37,1169397
0.37,1166197
0.37,1158311
0.37,1155605
0.37,1155533
0.37,1146419
0.38,1145692
0.38,1132930
0.38,1132895
0.38,1132623
0.38,1132423
0.38,1130954
0.38,1130838
0.38,1130731
0.38,1129745
0.38,1127972
0.38,1127501
0.39,1123543
0.39,1123220
0.39,1122614
0.39,1120262
0.39,1119833
0.39,1119503
0.40,1119111
0.41,1116407
0.41,1108762
0.41,1107860
0.41,1107544
0.42,1106617
0.42,1104829
0.42,1102309
0.43,1100028
0.43,1099153
0.43,1099131
0.43,1098897
0.43,1095463
0.43,1091389
0.43,1091329
0.43,1091277
0.43,1085938
0.44,1084319
0.44,1082779
0.44,1080462
0.44,1079125
0.44,1078243
0.44,1077541
0.45,1071931
0.45,1066703
0.45,1038509
0.45,1037691
0.45,1032785
0.45,1032456
0.45,1031798
0.45,1030913
0.45,1020280
0.46,1020261
0.46,1016679
0.46,1013948
0.46,1013858
0.46,1010381
0.46,1009478
0.46,1008780
0.47,1002239
0.47,973238
0.47,972767
0.47,966252
0.47,965034
0.47,964079
0.47,962206
0.48,960413
0.48,960373
0.49,954332
0.49,953646
0.49,952115
0.50,951914
0.50,951653
0.50,951213
0.50,950793
0.51,950488
0.52,950138
0.52,949468
0.52,948739
0.52,947497
0.53,945882
0.53,945760
0.54,944413
0.54,943356
0.54,942615
0.54,941224
0.54,936669
0.54,936605
0.55,936539
0.55,936476
0.55,935854
0.55,934991
0.56,934117
0.56,933314
0.56,931292
0.57,930455
0.57,928567
0.57,928062
0.57,925747
0.58,924937
0.58,918305
0.58,915952
0.59,915696
0.59,915360
0.59,915038
0.59,913311
0.59,912140
0.59,911271
0.59,911039
0.59,909511
0.59,907109
0.60,905656
0.60,905088
0.60,904315
0.60,904182
0.61,900893
0.61,896927
0.61,896498
0.62,895670
0.62,895217
0.63,894782
0.63,894552
0.64,893410
0.64,892743
0.65,892619
0.66,891109
0.66,890964
0.67,879484
0.68,879290
0.69,879257
0.70,874916
0.70,873537
0.70,872287
0.71,872013
0.71,871768
0.71,861429
0.72,861418
0.72,861392
0.72,860444
0.73,859298
0.74,857953
0.74,857820
0.74,857715
0.74,857212
0.75,856521
0.75,855271
0.77,855256
0.77,852137
0.78,851208
0.78,849142
0.79,848998
0.81,845223
0.81,844286
0.81,842302
0.81,841861
0.81,841839
0.82,841790
0.82,840440
0.83,840354
0.83,839959
0.83,839921
0.83,826096
0.83,825904
0.86,825895
0.86,825626
0.87,824388
0.88,824083
0.88,824063
0.88,813526
0.88,813351
0.88,813222
0.88,812284
0.89,808954
0.89,808514
0.89,808453
0.89,808235
0.89,808235
0.89,808215
0.90,808107
0.90,806990
0.90,805208
0.91,805078
0.92,804895
0.92,804772
0.92,802201
0.93,801885
0.93,801828
0.94,801774
0.94,800899
0.94,800739
0.95,800739
0.96,799916
0.98,799664
0.98,786461
0.98,785224
0.98,784250
0.99,784168
1.00,782845
1.00,782645
1.01,782641
1.01,777393
1.01,776758
1.01,776727
1.01,775966
1.03,774593
1.03,757475
1.04,755271
1.04,752859
1.04,752266
1.06,751860
1.06,751318
1.07,751213
1.07,750787
1.08,750762
1.08,750705
1.11,750689
1.11,749095
1.13,749093
1.13,747353
1.15,746261
1.15,743971
1.17,743904
1.17,743717
1.17,742010
1.18,739848
1.20,739449
1.20,737087
1.21,735461
1.22,734844
1.29,734161
1.30,733923
1.33,733684
1.33,733051
1.35,732837
1.40,732347
1.41,732202
1.42,731126
1.43,730103
1.43,729271
1.44,729118
1.44,728968
1.44,727629
1.48,727627
1.52,726958
1.54,726940
1.60,726216
1.70,725709
1.72,725630
1.75,725625
1.81,723525
1.82,723210
1.84,721857
1.86,721574
1.93,720469
1.97,719721
2.01,717284
2.03,716739
2.03,716247
2.04,715642
2.13,714859
2.30,714765
2.32,714291
2.36,714214
2.41,713669
2.47,713523
2.57,712523
2.58,712462
2.62,711685
2.69,711666
2.69,711108
2.81,710969
2.84,710672
2.94,708405
3.03,703211
3.23,701954
3.65,701915
4.13,701669
9.44,701258
9.46,699959
9.50,699127
9.56,697815
9.66,696912
9.67,696680
9.78,696256
16.59,695509
16.71,695444
17.08,694701
19.18,694510
22.01,693884
22.22,693524
29.24,693420
29.43,693075
29.46,691866
29.86,691251
29.88,691251
36.62,690902
36.76,690900
36.81,690891
36.89,690830
37.02,690737
37.02,689792
37.09,689547
37.11,688818
37.23,686939
37.37,684979
37.59,684545
37.94,684406
48.41,682920
48.60,681584
48.62,681165
48.96,680566
48.99,680448
49.04,680270
49.22,680132
49.27,680049
49.47,679959
49.48,679771
49.50,678735
49.53,678470
49.57,677734
49.80,677638
50.16,677455
50.19,677370
50.20,676628
51.79,676390
51.80,676126
51.88,674815
51.90,673158
51.98,673142
52.38,672413
52.44,672406
52.55,671808
52.60,671626
52.65,671528
52.67,670807
52.77,670059
52.77,669919
