0.06,7173786
0.07,7169632
0.07,7168477
0.07,7115359
0.07,7111654
0.07,7098817
0.07,7098186
0.07,7078285
0.07,7057794
0.07,7056997
0.07,7056391
0.08,7030135
0.08,7010407
0.08,7007718
0.08,7000737
0.08,6999924
0.08,6993833
0.08,6993191
0.08,6993113
0.08,6952390
0.08,6940911
0.08,6940846
0.09,6937170
0.09,6936104
0.09,6930912
0.09,6888286
0.09,6884756
0.09,6822035
0.09,6812069
0.09,6811674
0.09,6785717
0.09,6722224
0.09,6721704
0.09,6711477
0.09,6711354
0.09,6684701
0.09,6674413
0.09,6643228
0.09,6641500
0.09,6597307
0.09,6594153
0.09,6581658
0.09,6571534
0.09,6563498
0.09,6561906
0.09,6474895
0.09,6466588
0.09,6455226
0.09,6437040
0.09,6428836
0.09,6410082
0.09,6404049
0.09,6375811
0.09,6367314
0.10,6345435
0.10,6342315
0.10,6306475
0.10,6306184
0.10,6305544
0.10,6303801
0.10,6301342
0.10,6285751
0.10,6229565
0.10,6228078
0.10,6200256
0.10,6186846
0.10,6149686
0.10,6149108
0.10,6127322
0.10,6103354
0.10,6103225
0.10,6101802
0.10,6089149
0.10,6088735
0.10,6082639
0.10,6082630
0.10,6068280
0.10,5994489
0.10,5992334
0.10,5986194
0.10,5966941
0.10,5958842
0.10,5898287
0.10,5895023
0.10,5857802
0.10,5856123
0.10,5839333
0.10,5789100
0.11,5777521
0.11,5777505
0.11,5774038
0.11,5764332
0.11,5763943
0.11,5760259
0.11,5757125
0.11,5746860
0.11,5744070
0.11,5731285
0.11,5678698
0.11,5678292
0.11,5666562
0.11,5666010
0.11,5655279
0.11,5638505
0.11,5622110
0.11,5607116
0.11,5540621
0.11,5501849
0.11,5494034
0.11,5468098
0.11,5462223
0.11,5403961
0.11,5331785
0.11,5324338
0.11,5320336
0.12,5264995
0.12,5262713
0.12,5225976
0.12,5217154
0.12,5215940
0.12,5192273
0.12,5140360
0.12,5140243
0.12,5136955
0.12,5136377
0.12,5134327
0.12,5121827
0.12,5118980
0.12,5110170
0.12,5067568
0.12,5066192
0.12,5056454
0.12,5039760
0.12,5007518
0.12,5006874
0.12,5004548
0.12,4933025
0.12,4911667
0.12,4906696
0.12,4904695
0.12,4896670
0.12,4887065
0.12,4877889
0.12,4873592
0.12,4871905
0.12,4866993
0.12,4862483
0.13,4854242
0.13,4853580
0.13,4851868
0.13,4850170
0.13,4849242
0.13,4845543
0.13,4843801
0.13,4831699
0.13,4781202
0.13,4779547
0.13,4766353
0.13,4760038
0.13,4759601
0.14,4757943
0.14,4757127
0.14,4650501
0.14,4650000
0.14,4645971
0.14,4621139
0.14,4608900
0.14,4607715
0.14,4606691
0.14,4596701
0.14,4591684
0.14,4583208
0.14,4544430
0.14,4520254
0.14,4516660
0.14,4515448
0.14,4510402
0.14,4509677
0.14,4506037
0.14,4491314
0.14,4488884
0.14,4488049
0.14,4481791
0.14,4480902
0.14,4478360
0.14,4478161
0.14,4477163
0.14,4467528
0.14,4466721
0.14,4440787
0.14,4440582
0.15,4429993
0.15,4419301
0.15,4418370
0.15,4417654
0.15,4408931
0.15,4403530
0.15,4398008
0.15,4397425
0.15,4389844
0.15,4389324
0.15,4389049
0.15,4388231
0.15,4385574
0.15,4381144
0.15,4348964
0.15,4340964
0.15,4332074
0.15,4323047
0.15,4321849
0.15,4321412
0.15,4309373
0.15,4287604
0.16,4287424
0.16,4279111
0.16,4273950
0.16,4264721
0.16,4263325
0.16,4262642
0.16,4248385
0.16,4242400
0.16,4230419
0.16,4229977
0.16,4223069
0.16,4213655
0.16,4193974
0.16,4168413
0.16,4167988
0.16,4133087
0.16,4132382
0.16,4127230
0.16,4125919
0.16,4091737
0.16,4088092
0.16,4086390
0.16,4065845
0.16,3920944
0.16,3915640
0.17,3903884
0.17,3903475
0.17,3902461
0.17,3895806
0.17,3890158
0.17,3889995
0.17,3881140
0.17,3876829
0.17,3876089
0.17,3858795
0.17,3830878
0.17,3825472
0.17,3821816
0.17,3821037
0.17,3819838
0.17,3818398
0.17,3809377
0.17,3791470
0.17,3789433
0.17,3660239
0.17,3655045
0.17,3654633
0.17,3653623
0.17,3647690
0.17,3633024
0.17,3612870
0.17,3610019
0.17,3578949
0.17,3575297
0.17,3573064
0.17,3571398
0.17,3566456
0.18,3565747
0.18,3565522
0.18,3565434
0.18,3565247
0.18,3556270
0.18,3555026
0.18,3551132
0.18,3524369
0.19,3521214
0.19,3486059
0.19,3485362
0.19,3483074
0.19,3478785
0.19,3478711
0.19,3473876
0.19,3472611
0.19,3468815
0.19,3464696
0.19,3451587
0.19,3451091
0.19,3445632
0.19,3423022
0.19,3414338
0.19,3413136
0.19,3408726
0.19,3407510
0.19,3407136
0.19,3406050
0.19,3379793
0.19,3374322
0.19,3371540
0.19,3363886
0.21,3355419
0.21,3350328
0.21,3349885
0.21,3337894
0.21,3334406
0.21,3334157
0.21,3328546
0.21,3321711
0.21,3321253
0.21,3317621
0.21,3306389
0.21,3304909
0.21,3287900
0.22,3286459
0.23,3285297
0.23,3283182
0.23,3279981
0.24,3267271
0.24,3266116
0.24,3251062
0.24,3230772
0.24,3229703
0.24,3226699
0.24,3218888
0.24,3218735
0.24,3218697
0.24,3208969
0.25,3158894
0.25,3157958
0.25,3154063
0.25,3151166
0.25,3148717
0.27,3145200
0.27,3135704
0.28,3122858
0.28,3121695
0.28,3112827
0.28,3111198
0.28,3095616
0.28,3093849
0.28,3093204
0.29,3089493
0.29,3062208
0.29,3060736
0.29,3058230
0.29,3056145
0.29,3050123
0.30,3012718
0.30,3009587
0.30,3003720
0.30,3000590
0.30,2995967
0.30,2986283
0.30,2981657
0.30,2977730
0.30,2974402
0.30,2971727
0.30,2970604
0.30,2969637
0.30,2957074
0.30,2954042
0.30,2942047
0.30,2932185
0.30,2920963
0.36,2893898
0.36,2892232
0.36,2892020
0.36,2889730
0.36,2889584
0.36,2888989
0.36,2880319
0.36,2878093
0.36,2865153
0.36,2864477
0.36,2858998
0.36,2853967
0.36,2852835
0.36,2844928
0.36,2834326
0.36,2828194
0.36,2824350
0.39,2820008
0.39,2818168
0.39,2790116
0.39,2786818
0.40,2786663
0.40,2786040
0.40,2777371
0.40,2756030
0.40,2750788
0.40,2745496
0.40,2729641
0.40,2703973
0.40,2684889
0.51,2676142
0.51,2674490
0.51,2666729
0.51,2644658
0.53,2644368
0.54,2634062
0.55,2633424
0.55,2628747
0.55,2623126
0.55,2619227
0.55,2615799
0.56,2612709
0.56,2601519
0.56,2590560
0.56,2570221
0.56,2569385
0.56,2569327
0.56,2561598
0.56,2559547
0.56,2550836
0.56,2549723
1.20,2548740
1.20,2543804
1.20,2537316
1.20,2533805
1.20,2522395
1.20,2518470
1.20,2468649
1.20,2466610
1.20,2462386
1.20,2444154
1.20,2436389
1.20,2434599
1.20,2428437
1.20,2427438
1.20,2426972
1.20,2422584
1.35,2420195
1.35,2416529
1.35,2410700
1.35,2400029
1.35,2397300
1.38,2388941
1.96,2382324
1.96,2381836
2.13,2375442
2.13,2355930
2.13,2350547
2.16,2340187
2.16,2335688
2.16,2329172
2.16,2328462
2.16,2321082
2.16,2317318
2.16,2305662
2.16,2305137
2.16,2301674
2.16,2291781
2.16,2288380
2.17,2285955
2.39,2270609
2.39,2266108
2.39,2264869
2.39,2263568
2.39,2262406
2.39,2247542
3.07,2238149
3.07,2224664
3.07,2212409
3.07,2210755
3.07,2202008
3.07,2201806
3.91,2196652
3.91,2194063
3.91,2189918
3.91,2165244
3.91,2163612
3.91,2157591
3.91,2154421
3.98,2153746
3.98,2152693
3.98,2149157
3.98,2147162
3.98,2146327
3.98,2145729
5.97,2139922
5.97,2134648
5.98,2134129
5.98,2131633
5.98,2128626
5.98,2128554
5.98,2125178
5.98,2123340
5.99,2118806
5.99,2116624
5.99,2114717
5.99,2109249
5.99,2107856
5.99,2106910
5.99,2105926
5.99,2103925
5.99,2100038
5.99,2099941
5.99,2090304
5.99,2089266
5.99,2083737
6.06,2070278
6.07,2070218
6.07,2057562
6.08,2056386
6.08,2054866
6.08,2054860
6.08,2053321
6.08,2049939
6.08,2049834
6.30,2042486
6.45,2042459
6.59,2041940
6.59,2041771
6.59,2038491
6.61,2032856
6.61,2029465
6.61,2027320
6.67,2024520
6.67,2021846
6.67,2021698
6.67,2021224
6.67,2015609
6.67,2013455
6.67,1994744
6.67,1987767
6.67,1984710
6.74,1959837
6.74,1958214
6.75,1946791
6.75,1946275
6.75,1936129
6.75,1934542
6.75,1933344
6.75,1929614
6.75,1920169
8.28,1911754
8.28,1911742
8.28,1885665
8.28,1885599
8.28,1884840
8.28,1883307
8.28,1880283
8.28,1877856
8.29,1869022
9.09,1858876
9.09,1857946
9.09,1850719
9.09,1847754
9.09,1837060
9.09,1836173
9.09,1833567
9.09,1833523
9.09,1817061
11.05,1816097
11.06,1810848
11.06,1810421
11.06,1806321
11.06,1802733
11.07,1799087
11.07,1798694
11.09,1797267
11.09,1795708
11.09,1794546
11.09,1794519
11.09,1784368
11.09,1783759
11.09,1778521
11.09,1768157
11.49,1766880
11.49,1764246
11.82,1762196
11.82,1760245
11.82,1759672
11.82,1740739
11.82,1734820
11.82,1734742
12.33,1733093
12.33,1732403
12.33,1729635
12.33,1728859
12.33,1726737
12.33,1725362
12.60,1724117
12.64,1723306
12.64,1723048
12.64,1721086
12.64,1719344
12.64,1717265
13.71,1716217
13.71,1715546
13.71,1707524
13.71,1698465
13.71,1697231
13.72,1694788
13.72,1688663
13.72,1684677
13.72,1683883
13.72,1681832
13.72,1680223
13.72,1678257
13.73,1666979
13.73,1665608
13.73,1650476
13.74,1649250
13.74,1648920
13.74,1648511
13.74,1648505
13.74,1641484
13.74,1639051
13.74,1638918
13.74,1638390
13.74,1635857
13.74,1629861
13.74,1626150
13.95,1625353
14.10,1625036
14.10,1620575
14.10,1613327
14.10,1612727
14.10,1607183
14.10,1603542
14.10,1598622
14.10,1588193
14.10,1586200
14.10,1585886
14.10,1585880
14.10,1584914
14.10,1579525
14.10,1578285
14.10,1576445
14.10,1575821
14.10,1574913
14.10,1574221
14.10,1568466
14.10,1559906
14.10,1559668
14.11,1555324
14.11,1553200
14.11,1551664
14.11,1551658
17.19,1551280
17.19,1550620
17.19,1548107
17.19,1546751
17.19,1545446
17.19,1541447
17.19,1536937
17.20,1535588
17.20,1533887
17.20,1530274
17.20,1528962
17.20,1526603
17.20,1522871
17.20,1510140
17.20,1509426
17.20,1507763
17.20,1506291
17.22,1506081
17.22,1505942
17.22,1502824
17.22,1498749
17.22,1496056
17.22,1495881
17.22,1492705
17.22,1491573
17.22,1491148
17.23,1484500
17.23,1478935
17.23,1469651
17.23,1468583
17.23,1467260
17.23,1466638
17.23,1466621
17.23,1463347
17.24,1462860
17.24,1459890
17.28,1456357
18.57,1455542
18.57,1454518
18.61,1452710
18.61,1449456
18.74,1443492
18.74,1438461
18.74,1437601
18.74,1428659
18.74,1425460
18.74,1421036
18.74,1419217
18.74,1418279
19.12,1416199
19.12,1416010
19.97,1411887
19.97,1409598
19.97,1408768
19.97,1407274
20.45,1406183
20.45,1402687
20.45,1398632
20.45,1398600
20.77,1395939
20.77,1383124
20.77,1382184
20.77,1377096
20.77,1373019
20.78,1372494
20.78,1369035
20.78,1368859
20.78,1368171
22.68,1366671
22.68,1366060
22.68,1364035
22.77,1362424
22.77,1361786
22.77,1359897
22.80,1354876
22.80,1354711
22.80,1353400
22.89,1348721
22.89,1347346
22.89,1339543
22.89,1336486
22.89,1334498
22.89,1330083
22.89,1328314
23.17,1327557
23.22,1324638
23.22,1318570
23.22,1313330
23.23,1308925
23.23,1303698
23.37,1300902
23.38,1300457
23.38,1299838
23.38,1294111
23.38,1291916
23.38,1289237
23.38,1282500
23.38,1282330
23.38,1281140
23.38,1280263
23.38,1278138
23.38,1272411
23.38,1270144
23.38,1267932
23.38,1266534
23.45,1263415
24.57,1258439
24.57,1257749
24.59,1256951
24.59,1254741
24.59,1253405
24.59,1251290
24.59,1247820
24.59,1244979
24.59,1241561
24.59,1239378
24.59,1239181
24.59,1238055
24.59,1237968
24.69,1232242
24.69,1227001
24.69,1226042
24.77,1225255
24.89,1221574
24.89,1219357
24.89,1214617
24.89,1212914
24.89,1212714
25.12,1211673
25.12,1211282
25.12,1206185
25.12,1205479
25.13,1204905
25.13,1201266
25.14,1191331
25.14,1189883
25.29,1183073
25.29,1181101
25.29,1174106
25.29,1167842
25.30,1167096
25.30,1165312
25.30,1161921
25.30,1160488
25.30,1158866
25.30,1151425
25.30,1150693
25.31,1149052
25.31,1147943
25.31,1147095
26.96,1146233
26.96,1144764
26.96,1144721
26.96,1130670
26.96,1125086
26.97,1117285
26.97,1112816
26.97,1111608
26.97,1108316
26.98,1107550
26.98,1107110
26.99,1105828
26.99,1104145
26.99,1103750
26.99,1102903
29.90,1099052
29.90,1098039
29.92,1097904
29.92,1097542
29.92,1096463
29.92,1091069
30.40,1090941
30.40,1086822
30.40,1086024
30.40,1084331
30.40,1083159
30.40,1082447
30.41,1081463
30.41,1076081
30.42,1075281
30.42,1074063
31.10,1073908
31.11,1073513
31.11,1070619
31.12,1070276
31.12,1065639
31.12,1063911
31.12,1062832
31.13,1060472
31.13,1058223
31.13,1055113
31.13,1054685
31.13,1054593
31.13,1054216
31.13,1050608
31.13,1049463
31.14,1049106
31.14,1047599
31.14,1045594
31.14,1044154
32.31,1041836
32.58,1041432
32.58,1037942
32.58,1036088
33.19,1034855
33.19,1032035
33.19,1030824
33.19,1030667
33.21,1030402
33.21,1026997
33.22,1024913
33.22,1023381
33.22,1022345
33.23,1020917
33.23,1019911
33.62,1017964
33.64,1015785
33.64,1014500
33.65,1012115
33.65,1012035
33.65,1011777
33.65,1011595
33.84,1004590
33.84,1001480
33.84,1000554
33.84,998713
33.84,997916
33.86,995956
33.86,991772
33.86,991755
33.86,990908
33.86,990806
33.86,990587
33.86,990046
33.86,984173
33.87,983296
33.87,979184
33.98,977623
35.09,977353
35.10,975250
35.10,971819
35.10,971718
35.44,970108
35.44,969314
35.44,968556
35.44,967413
35.44,967231
35.45,965960
35.45,965270
35.45,964159
35.45,963999
35.45,963143
35.45,962809
35.45,962412
35.45,961125
35.45,958333
35.52,957515
35.52,957333
35.52,955178
35.52,954530
35.52,952116
35.54,950451
35.54,947810
35.54,946257
35.54,946234
35.54,945237
35.55,943889
35.55,942494
35.55,940046
35.55,939411
35.55,938297
35.70,937701
35.70,937607
35.70,935824
35.70,931510
35.70,929543
35.70,923789
35.70,923750
35.70,923556
35.70,923509
35.73,921635
35.73,920680
35.73,918694
35.73,918019
35.73,916840
35.73,916218
35.73,915810
35.74,914569
35.75,912998
35.75,912832
35.76,911743
35.76,910147
35.77,909642
35.77,909087
38.14,908455
38.14,907740
38.14,906768
38.91,905657
38.91,905498
39.04,905005
39.05,904912
39.05,903806
39.05,902550
39.06,902454
39.06,902096
39.06,899400
39.06,898716
39.06,898579
39.06,896686
39.07,890954
39.07,888867
39.07,884954
39.07,882902
39.10,881234
39.10,880827
39.11,879503
39.11,878841
39.12,878454
39.12,877978
39.14,877735
39.14,874591
40.01,874301
40.01,874289
40.01,873574
40.01,873516
40.01,872713
40.01,872224
40.01,869621
40.01,869155
41.25,867595
41.25,862791
41.63,861970
41.63,860990
43.20,860533
43.20,858686
43.20,857377
43.20,857198
43.21,856050
43.21,854681
43.21,854560
44.17,853155
44.18,851250
44.18,850659
44.18,850181
44.18,848895
44.19,848239
44.19,847796
44.19,847382
44.19,844883
44.20,842164
44.20,840514
44.20,839581
44.20,839183
44.20,837543
44.21,836967
44.22,835807
44.48,835540
44.48,833112
44.48,832575
44.48,830882
44.77,830109
44.77,828752
44.77,828401
44.78,827637
44.79,826488
44.79,824320
44.81,823444
44.81,823386
44.86,822452
44.86,821850
44.86,821229
44.86,820375
44.86,819460
44.86,818878
44.86,818763
44.91,818608
44.91,813475
44.91,811207
44.91,810336
44.91,809899
44.92,809468
44.92,808968
45.02,808572
45.02,807969
45.02,807335
45.24,806547
46.65,805207
47.05,804777
47.05,803338
47.06,802402
47.06,802147
47.06,801392
47.07,801155
47.07,800169
47.07,800039
47.07,799308
47.07,799110
47.10,798968
47.10,798650
47.10,797181
47.10,796273
47.10,794084
47.10,792831
47.58,791299
47.58,789484
47.58,788811
47.58,788000
47.58,787502
47.58,787234
47.58,784078
47.58,783648
47.59,782826
47.59,781500
47.59,780308
47.59,780192
47.61,778496
48.24,778352
48.29,777831
48.31,777545
48.32,776885
48.32,775853
48.32,775337
48.90,775144
48.94,774518
48.94,773714
48.97,773629
49.05,773394
49.05,772744
49.05,772260
49.06,771182
49.06,769473
49.06,767562
49.06,766733
49.06,764938
49.06,763240
49.06,763208
49.92,761981
50.43,760584
50.43,760050
50.44,759646
50.44,758215
51.14,757546
51.14,757492
51.15,757314
51.15,755892
51.15,754474
51.15,751844
51.15,751726
51.15,750411
51.34,750396
51.86,750395
51.87,749620
51.87,748885
51.87,745994
51.89,745296
52.71,745287
52.87,744845
52.87,744800
52.89,743851
52.89,743772
52.89,742728
52.89,742294
52.92,741884
52.92,741858
52.92,741070
52.92,740991
52.95,739323
52.96,738818
52.96,738186
52.97,737639
52.97,737213
52.98,737149
52.98,736384
52.98,736082
52.99,735588
53.00,735192
53.00,735032
53.00,734241
53.01,733158
53.01,732823
53.03,732361
53.08,731995
53.08,730678
53.09,730175
53.15,728948
53.15,728725
53.15,728084
54.39,727150
54.39,725695
54.40,725251
54.40,724763
54.47,724648
54.47,724485
56.57,723758
56.57,723320
56.57,722909
56.57,722598
56.57,722549
56.58,722491
57.22,721360
57.69,720076
57.69,719185
57.70,719149
57.71,718936
57.71,718811
57.72,718790
57.72,718748
57.77,718329
57.77,717202
57.78,717029
58.05,716991
58.05,716639
58.05,716596
58.06,715686
58.07,714944
58.07,714776
58.12,713948
58.12,713718
58.16,712109
58.18,711654
58.18,710570
58.19,710491
58.19,710468
58.19,709696
58.19,709429
58.20,709172
58.20,708185
58.99,708016
58.99,707684
59.00,707228
59.03,706314
59.20,705997
59.24,705074
59.24,704343
59.24,704206
59.25,703785
59.29,703407
59.36,703358
59.36,703234
60.59,703027
60.60,702959
60.60,702839
60.61,701925
60.61,701308
61.38,700917
61.93,700895
61.96,700509
62.03,700388
62.21,700366
62.22,699067
62.22,698230
62.22,698193
62.22,697470
62.22,697284
62.23,696511
62.30,696255
62.30,695750
62.31,695514
62.31,695029
62.32,694797
62.33,694658
62.40,694176
62.40,694163
62.42,693705
62.47,693035
62.47,691292
62.48,691039
62.81,689790
62.82,689737
62.83,689711
62.83,689566
62.87,689007
62.88,688215
62.88,688008
62.90,687515
62.90,686511
62.92,686102
62.92,685892
64.92,685734
64.93,685077
64.96,684953
64.97,684834
64.99,684556
64.99,683441
65.89,683310
65.90,683164
66.06,683110
66.12,681868
66.12,681802
66.12,681744
66.13,681644
66.13,681478
66.13,679914
67.41,679761
67.42,679695
67.44,679589
67.53,679579
67.55,679484
67.56,678710
67.56,677738
67.91,677163
67.92,676666
67.92,676405
67.95,676262
68.06,675526
68.07,675457
68.08,674544
68.08,673587
68.08,673488
68.68,673323
69.27,673117
69.34,672875
69.36,672530
70.04,672333
70.08,672100
70.08,672037
70.08,670853
70.08,670295
70.10,670137
70.11,670120
70.12,669842
70.79,669652
70.80,668860
70.81,667717
70.84,667713
70.84,667557
70.88,667430
70.89,666996
70.90,666542
71.01,666424
71.01,666255
71.04,666195
71.04,665924
71.05,665627
71.06,665479
71.14,665460
71.15,665382
71.55,665237
74.73,665032
74.73,664929
74.87,664839
74.87,664808
75.24,664028
75.31,663836
75.38,663669
75.38,663611
75.39,663566
75.39,663437
75.41,663159
75.41,663147
75.41,662865
76.33,662624
76.41,662390
76.42,662115
76.44,661998
76.45,661744
76.50,661715
76.52,661712
76.58,661518
76.59,661315
76.82,661033
76.85,660983
76.85,660922
80.21,660891
80.25,660822
81.39,660806
81.45,660661
82.56,660575
82.85,660546
82.90,660093
82.92,659986
82.98,659698
84.71,659685
85.21,659524
85.40,659064
85.41,658986
85.47,658789
85.88,658664
88.90,658552
89.08,658442
91.59,658308
92.23,658171
109.71,658161
111.12,658132
112.42,658132
