0.06,7236710
0.07,7218787
0.07,7183365
0.07,7140991
0.07,7132358
0.07,7122428
0.07,7121533
0.07,7120432
0.07,7104822
0.07,7097402
0.07,7090185
0.07,7071141
0.07,7068395
0.07,7022447
0.07,7022122
0.08,7022030
0.08,7022007
0.08,7014817
0.08,6996106
0.08,6994845
0.08,6980356
0.08,6844108
0.08,6834252
0.08,6817710
0.08,6813514
0.08,6799710
0.08,6791176
0.08,6789731
0.08,6764168
0.09,6762134
0.09,6761694
0.09,6748379
0.09,6707001
0.09,6695838
0.09,6679070
0.09,6665383
0.09,6645739
0.09,6634586
0.09,6582733
0.09,6571416
0.09,6554443
0.09,6484273
0.09,6480089
0.09,6479327
0.09,6478910
0.09,6467294
0.09,6437546
0.09,6420149
0.09,6376414
0.09,6368938
0.10,6366367
0.10,6352846
0.10,6281952
0.10,6275169
0.10,6267314
0.10,6266464
0.10,6246931
0.10,6244596
0.10,6109265
0.10,6105061
0.10,6094542
0.10,6087512
0.10,6086539
0.10,6078197
0.10,5989368
0.10,5988263
0.10,5987945
0.10,5889384
0.10,5889250
0.10,5883247
0.10,5872381
0.10,5832972
0.10,5829708
0.10,5819628
0.10,5810509
0.10,5809804
0.10,5767093
0.10,5753648
0.10,5737715
0.10,5737123
0.10,5735420
0.10,5734744
0.10,5730686
0.10,5726164
0.10,5722745
0.11,5722288
0.11,5722074
0.11,5703860
0.11,5703157
0.11,5701656
0.11,5660849
0.11,5658408
0.11,5635817
0.11,5588310
0.11,5588128
0.11,5582431
0.11,5567304
0.11,5552558
0.11,5552245
0.11,5546337
0.11,5528792
0.11,5491540
0.11,5416876
0.11,5398090
0.11,5394971
0.11,5389695
0.11,5380183
0.11,5373226
0.11,5364746
0.11,5349557
0.11,5341792
0.11,5325801
0.11,5317968
0.11,5314846
0.11,5307640
0.11,5284097
0.11,5276444
0.11,5271979
0.11,5271834
0.11,5271656
0.11,5265260
0.11,5255959
0.11,5248603
0.11,5246331
0.11,5245514
0.11,5243040
0.11,5239978
0.11,5237966
0.11,5236578
0.11,5159866
0.12,5094654
0.12,5085021
0.12,5084590
0.12,5082894
0.12,5070796
0.12,5069345
0.12,5067571
0.12,5066489
0.12,5063681
0.12,5059916
0.12,5055214
0.12,5051671
0.12,4986985
0.12,4980648
0.12,4979311
0.12,4976218
0.12,4975692
0.12,4975532
0.12,4974417
0.12,4969756
0.12,4969652
0.12,4968901
0.12,4961015
0.12,4959743
0.12,4952450
0.12,4943023
0.12,4924115
0.12,4920649
0.12,4891675
0.12,4886666
0.12,4856622
0.12,4856201
0.12,4854323
0.12,4847353
0.12,4842519
0.12,4835788
0.12,4807673
0.12,4786865
0.12,4751506
0.12,4749282
0.12,4734387
0.12,4731327
0.13,4729147
0.13,4710634
0.13,4709626
0.13,4709294
0.13,4704116
0.13,4701961
0.13,4700608
0.13,4700157
0.13,4696204
0.13,4690706
0.13,4673013
0.13,4664011
0.13,4652248
0.13,4651147
0.13,4631807
0.13,4565917
0.13,4552418
0.13,4502374
0.13,4500293
0.13,4491967
0.13,4484697
0.14,4480255
0.14,4467559
0.14,4467506
0.14,4461715
0.14,4427009
0.14,4425199
0.14,4413859
0.14,4400424
0.14,4400250
0.14,4374493
0.14,4372403
0.14,4369762
0.14,4362712
0.14,4356338
0.14,4355665
0.14,4354377
0.14,4353874
0.14,4348395
0.14,4348383
0.14,4341360
0.14,4332147
0.14,4326118
0.14,4326090
0.14,4318902
0.14,4294892
0.14,4284228
0.14,4283740
0.14,4271723
0.15,4262975
0.15,4255466
0.15,4236427
0.15,4232621
0.15,4230450
0.15,4229493
0.15,4220459
0.15,4219666
0.15,4177218
0.15,4177088
0.15,4176363
0.15,4148627
0.15,4145900
0.15,4143516
0.15,4123874
0.15,4118564
0.15,4117666
0.15,4110355
0.15,4094411
0.15,4088393
0.15,4054285
0.15,4052031
0.15,4043898
0.15,4010985
0.15,4007845
0.15,4004594
0.15,3995039
0.15,3987525
0.15,3987211
0.15,3986712
0.15,3976801
0.15,3975459
0.15,3968622
0.16,3967191
0.16,3965501
0.16,3964189
0.16,3914606
0.16,3913823
0.16,3899823
0.16,3895976
0.16,3884332
0.16,3883513
0.16,3865998
0.16,3865649
0.16,3863251
0.16,3862055
0.16,3861299
0.16,3827927
0.16,3826635
0.16,3826539
0.16,3825533
0.16,3816829
0.16,3814910
0.16,3717485
0.16,3713600
0.16,3707586
0.16,3704814
0.16,3697850
0.16,3697158
0.17,3693851
0.17,3693306
0.17,3690681
0.17,3682589
0.17,3675695
0.17,3674100
0.17,3664657
0.17,3661636
0.17,3660279
0.17,3654742
0.17,3652239
0.17,3643108
0.21,3630985
0.21,3623862
0.21,3621722
0.21,3620925
0.21,3608226
0.21,3604562
0.22,3600291
0.22,3600101
0.22,3596606
0.22,3589169
0.22,3586446
0.22,3585544
0.22,3584359
0.22,3569854
0.22,3569495
0.22,3568782
0.22,3568664
0.22,3532029
0.22,3514053
0.22,3503659
0.22,3503597
0.22,3480832
0.22,3475760
0.22,3471995
0.22,3466880
0.22,3463686
0.22,3463206
0.22,3461340
0.23,3459732
0.23,3450654
0.23,3447547
0.23,3442432
0.23,3408553
0.23,3361608
0.24,3354197
0.25,3344347
0.25,3342511
0.25,3340278
0.25,3320335
0.25,3314760
0.25,3293672
0.25,3287819
0.25,3284060
0.25,3281583
0.25,3260257
0.25,3258395
0.25,3257811
0.25,3257315
0.25,3251444
0.25,3242048
0.25,3241198
0.25,3237229
0.25,3235544
0.26,3220603
0.26,3153495
0.26,3145695
0.26,3139339
0.26,3130707
0.26,3120850
0.26,3107169
0.26,3088113
0.27,3080042
0.27,3072630
0.27,3068928
0.27,3057481
0.27,3052595
0.27,3048323
0.28,3045902
0.28,3040275
0.28,3029856
0.28,3024461
0.28,3018259
0.28,3016280
0.28,3011988
0.28,3011700
0.28,3011105
0.28,3009511
0.28,3007373
0.29,2993434
0.29,2992645
0.29,2987403
0.31,2983588
0.31,2979493
0.35,2978567
0.36,2977873
0.36,2968347
0.36,2962292
0.36,2941494
0.36,2940895
0.36,2930193
0.36,2927033
0.36,2925242
0.36,2921756
0.36,2917467
0.36,2915814
0.36,2909509
0.37,2897795
0.37,2865727
0.37,2859987
0.37,2856011
0.37,2849419
0.37,2849265
0.37,2834769
0.37,2824023
0.37,2815871
0.37,2805453
0.37,2788964
0.38,2787396
0.38,2786472
0.38,2784920
0.42,2780483
0.42,2779643
0.42,2775996
0.42,2770395
0.42,2767286
0.42,2762280
0.42,2759854
0.42,2752594
0.42,2737058
0.42,2731493
0.42,2728072
0.42,2724372
0.42,2713349
0.42,2712326
0.43,2710917
0.43,2710871
0.43,2710695
0.43,2708756
0.44,2707945
0.44,2704675
0.44,2695802
0.44,2692169
0.44,2689117
0.44,2687792
0.44,2687774
0.44,2683876
0.44,2683129
0.44,2682209
0.44,2668190
0.44,2660549
0.44,2659629
0.44,2650740
0.44,2635929
0.44,2629497
0.45,2623436
0.45,2615880
0.45,2614772
0.51,2585443
0.51,2584084
0.52,2583438
0.52,2583210
0.52,2578671
0.52,2575073
0.53,2572798
0.53,2556092
0.53,2552709
0.53,2550896
0.53,2529522
0.53,2525951
0.55,2523290
0.55,2518456
0.55,2517159
0.55,2515209
0.55,2513680
0.55,2508545
0.55,2505367
0.55,2491157
0.55,2489051
0.55,2482388
0.55,2471251
0.55,2463634
0.89,2460739
0.89,2460551
0.89,2460051
0.89,2448495
0.89,2439285
0.89,2438337
0.89,2437945
0.89,2437522
0.90,2435674
0.90,2432860
0.90,2432137
0.90,2430403
0.90,2429965
0.90,2428658
0.90,2428471
0.90,2424120
1.48,2420763
1.48,2415985
1.88,2411719
1.88,2399893
1.92,2397666
1.92,2389329
1.92,2388830
1.92,2380817
1.92,2380188
1.92,2374730
1.92,2374288
1.92,2369262
1.92,2368222
1.92,2364273
1.93,2347261
1.94,2343095
1.94,2335464
1.94,2334168
1.94,2327861
1.94,2323994
1.94,2318900
2.66,2316600
3.08,2303498
3.08,2302827
3.08,2285768
3.08,2284185
3.08,2264634
3.08,2259359
3.08,2252265
3.08,2248990
3.08,2245862
3.21,2245074
3.21,2235397
3.21,2229534
3.29,2227202
3.29,2224846
3.30,2217921
3.30,2205362
3.30,2185675
3.30,2180836
4.67,2152707
4.67,2143178
4.73,2141912
4.73,2141748
4.73,2125333
4.73,2123303
4.73,2115136
4.73,2110180
4.73,2110121
4.73,2107152
4.73,2106039
4.74,2103933
4.74,2088471
4.98,2085696
4.98,2078313
4.98,2077253
4.98,2076876
4.98,2073931
4.98,2057807
4.98,2042440
4.98,2020372
4.98,2010093
4.98,2005479
4.98,2000544
4.98,2000460
4.98,1997013
5.99,1992538
5.99,1982599
5.99,1978813
5.99,1968672
6.00,1959340
6.00,1952711
6.00,1952060
6.00,1946852
6.00,1946634
6.16,1941092
6.16,1939822
6.16,1939461
6.16,1935652
6.16,1931464
6.17,1925987
6.17,1925946
6.17,1922736
8.26,1921645
8.26,1921604
8.26,1917724
8.26,1914292
8.26,1912726
8.26,1912061
8.26,1896849
8.28,1881543
8.28,1878322
8.28,1877888
8.29,1877184
8.29,1876842
8.29,1869588
9.52,1868573
9.52,1863973
9.52,1860873
9.52,1847978
9.52,1847919
9.52,1847181
9.52,1841484
9.52,1840508
9.52,1837522
9.52,1836710
9.52,1828383
9.52,1822905
9.52,1822754
9.52,1817740
9.52,1817559
9.52,1816343
11.42,1815099
11.42,1814730
11.42,1808157
11.42,1804867
11.42,1803536
11.51,1798383
11.51,1798261
11.51,1796803
11.51,1795606
11.51,1795191
11.51,1791627
11.52,1775582
11.52,1770185
11.52,1759346
11.52,1756997
11.52,1755761
11.52,1752279
11.52,1748056
11.52,1745997
11.53,1738463
11.53,1729790
11.53,1726553
11.53,1722763
11.53,1722369
11.53,1719742
11.53,1719630
11.53,1719532
11.53,1711035
11.53,1710042
11.53,1707122
11.53,1685904
11.53,1681742
11.53,1680798
12.06,1672479
12.33,1668610
12.33,1665492
12.33,1661961
12.35,1657971
12.35,1648664
12.35,1640855
12.35,1640661
12.35,1627355
14.31,1615696
14.31,1612950
14.31,1611655
14.31,1609101
14.31,1601389
14.31,1599294
14.31,1598408
14.31,1597424
14.32,1592707
14.32,1584952
14.32,1584072
14.55,1579726
14.55,1572882
14.55,1572020
14.55,1572010
14.55,1571968
14.55,1565031
14.57,1563084
14.57,1545535
14.57,1544747
14.57,1543340
14.57,1540528
14.59,1532754
14.59,1532123
14.59,1525119
14.59,1524522
14.59,1524223
14.59,1523964
14.59,1523514
14.59,1523335
14.59,1517488
14.59,1517408
14.59,1515718
14.59,1514526
14.59,1514362
14.59,1514086
14.59,1510092
14.59,1510050
14.59,1506152
14.59,1506066
14.59,1505763
14.59,1501530
14.59,1501298
14.59,1500526
14.59,1499663
16.27,1497421
17.59,1491075
17.59,1490288
17.59,1484294
17.59,1484139
17.59,1483673
17.59,1477851
17.59,1475063
17.62,1473870
17.62,1468481
17.62,1468354
17.62,1466310
17.62,1464280
18.79,1462815
18.79,1461667
18.79,1461536
18.79,1460541
18.80,1452655
18.80,1447448
18.80,1447443
18.80,1446595
18.80,1444140
18.80,1441233
18.80,1440532
18.80,1437608
18.80,1437118
18.80,1434610
18.80,1425246
19.54,1425206
19.54,1424386
19.55,1413959
19.55,1411460
19.55,1388398
19.55,1387701
19.65,1383302
19.65,1381312
19.65,1381099
19.65,1380787
19.65,1378978
19.66,1377619
19.66,1372403
19.66,1370384
19.66,1367274
19.66,1363484
19.66,1357824
19.66,1353463
19.66,1352970
19.66,1352215
19.66,1351928
20.76,1351609
20.76,1350120
20.76,1349785
20.76,1347354
20.76,1347095
20.76,1342043
20.76,1341677
20.76,1340605
20.76,1334603
20.77,1329970
20.93,1329027
20.93,1326940
20.93,1322112
20.93,1321986
20.93,1314488
20.93,1314068
20.93,1312769
20.93,1312709
20.93,1310412
20.93,1307176
20.94,1306993
20.94,1304839
20.98,1303536
20.98,1294233
21.92,1291837
21.92,1291825
23.06,1285411
23.06,1282982
23.06,1282963
23.07,1282892
23.25,1281693
23.25,1278377
23.28,1278042
23.41,1275713
23.41,1275208
23.41,1272439
23.41,1268850
23.41,1267567
23.42,1267462
23.42,1266017
23.42,1265842
23.42,1265523
23.51,1264434
23.51,1261869
23.51,1256556
23.51,1252855
23.51,1252257
23.51,1250211
23.51,1248526
23.52,1244254
23.52,1241956
23.52,1237476
23.52,1236394
23.52,1235633
23.52,1235187
23.52,1235000
23.52,1232370
23.52,1227994
23.52,1225412
23.52,1224799
23.52,1222504
23.52,1221785
23.53,1220742
23.53,1219342
23.53,1218674
23.53,1218306
23.53,1215596
23.53,1208941
23.53,1208561
23.53,1206912
23.53,1205916
23.53,1205490
23.53,1205439
23.53,1202773
23.53,1196895
23.53,1196244
23.53,1194533
23.54,1194025
23.54,1193340
23.54,1191353
23.54,1190223
23.54,1190218
26.28,1189610
26.28,1188956
26.28,1186590
26.28,1185383
26.28,1185109
26.28,1181757
26.28,1180169
26.28,1178845
26.29,1178449
26.29,1175544
26.29,1173855
26.29,1171016
26.29,1170856
26.29,1167455
26.30,1167322
26.30,1166603
26.30,1166009
26.31,1164107
26.31,1162454
26.31,1158508
26.31,1157509
26.31,1153210
26.31,1151506
26.31,1150274
26.31,1148057
26.31,1146927
26.31,1146635
26.31,1145177
26.31,1141173
26.32,1140899
26.32,1140395
26.32,1140282
26.35,1135998
26.35,1135170
26.35,1133192
26.35,1130935
26.35,1130511
26.35,1129983
26.35,1127373
26.35,1126127
26.35,1126124
26.35,1120575
26.41,1119966
26.41,1117463
26.41,1113117
26.41,1112845
26.41,1106716
28.06,1105957
28.06,1105668
28.06,1105653
28.06,1104621
28.06,1104264
28.07,1104045
28.07,1103215
28.07,1100993
28.07,1095423
28.07,1093132
28.08,1092175
28.10,1091313
28.10,1091039
28.10,1090409
28.10,1089768
28.10,1087961
28.10,1087845
28.11,1086001
28.11,1084093
28.11,1083515
28.38,1082713
28.38,1081417
28.38,1078343
28.78,1075405
28.78,1073887
28.78,1073799
28.78,1072293
28.78,1070916
28.78,1069704
28.78,1069498
28.78,1068724
28.79,1067926
28.79,1067127
28.79,1066835
29.09,1065884
29.09,1063124
29.85,1063027
30.03,1061124
30.03,1060752
30.03,1049825
30.03,1049512
30.03,1049086
30.03,1048157
30.05,1047936
30.05,1047310
30.05,1045419
30.06,1042678
30.06,1042593
30.06,1038208
30.06,1037178
30.06,1036724
30.10,1036636
30.81,1034104
30.82,1033423
30.82,1033080
30.82,1031552
31.01,1030527
31.01,1030163
31.06,1027988
31.06,1025019
31.07,1024753
31.07,1024059
31.07,1020577
31.66,1019526
31.66,1014219
31.66,1013946
31.69,1013426
31.69,1012302
31.69,1011161
31.69,1008609
31.69,1008075
31.70,1007994
31.70,1005169
31.70,1004704
31.77,1002849
31.77,999065
31.77,998575
31.77,996909
31.96,992339
31.97,991972
31.97,988951
31.97,988613
31.97,988579
32.01,987195
32.01,986283
32.01,985654
32.01,985368
32.01,984524
32.01,982823
32.01,978078
33.63,974351
33.63,973411
33.64,966010
33.64,958838
33.64,957863
33.64,957147
33.65,956442
33.94,956182
33.94,953063
33.94,952975
33.95,952745
33.95,950676
33.96,950570
33.96,949516
33.96,948705
33.96,948158
33.96,942093
33.96,939586
33.96,936383
33.96,936008
33.96,935026
33.97,934467
34.46,932957
34.66,932242
34.66,932162
34.66,929206
34.66,929194
34.66,928925
34.67,925741
34.67,923911
34.67,922628
34.67,920329
34.67,916393
34.67,915227
34.67,915129
34.67,913618
34.67,913102
34.67,910724
34.68,910710
34.68,906692
34.68,906667
34.68,905997
34.69,905449
34.69,905191
35.10,904907
35.10,902843
35.10,902466
35.10,897654
35.10,892781
36.92,892178
36.93,890848
36.93,890569
36.94,889025
36.94,887468
36.94,887347
36.94,886505
37.13,883740
37.14,881125
37.14,880789
37.14,879845
37.14,877511
37.20,877201
37.21,877182
38.02,876983
38.02,876868
38.03,876480
38.03,876451
38.04,875509
38.04,875504
38.04,875256
38.04,871551
38.04,869467
38.04,868033
38.04,865927
38.05,865562
38.05,863802
38.05,862128
38.05,862113
38.08,860771
38.08,858397
38.08,856017
38.75,856014
38.75,853702
38.76,851667
38.76,851100
38.76,846816
38.76,846370
38.76,843333
39.49,842189
39.49,839629
39.49,839140
39.66,838781
39.66,838548
39.66,837919
39.68,837472
39.68,834796
39.68,834734
39.68,834484
39.68,833515
39.68,832991
39.68,832230
39.68,831965
39.68,826847
39.68,826630
39.70,825432
39.72,823784
39.72,823071
39.72,819883
40.79,819783
40.79,816277
40.83,816030
40.83,813777
40.83,812070
40.84,810823
40.84,810443
40.84,810365
40.85,808756
40.85,806477
40.85,805138
40.85,803015
42.47,801444
42.47,799592
42.52,798868
42.52,796735
42.52,796410
42.52,795883
42.63,794422
42.63,794350
42.63,792749
42.67,792354
42.67,792038
42.68,790622
43.03,789527
43.03,789154
43.03,788642
43.03,788458
43.03,785981
43.03,784760
43.03,783933
43.04,783858
43.04,781483
44.51,780880
44.51,780689
44.54,780123
44.54,779329
44.54,777856
44.54,777663
44.54,776310
44.54,772971
44.54,772590
44.54,771988
44.54,771939
44.55,771814
44.55,771423
44.62,770335
44.62,769812
44.62,769615
44.99,769499
45.01,768661
47.44,766836
47.49,766743
47.67,766444
47.67,766076
47.68,765778
47.68,763944
47.68,763734
47.68,761955
47.68,761904
47.68,761901
47.69,761228
47.69,760488
47.69,760361
47.88,759879
48.57,759080
48.57,757080
48.58,756574
48.59,756386
48.60,756199
48.60,754754
48.60,754276
48.61,754269
48.61,754224
48.61,753373
48.83,752109
48.84,751606
48.84,750958
48.84,750145
48.84,748343
48.84,748314
48.85,748303
48.85,748228
48.85,748173
48.85,745295
48.85,744082
48.86,741957
48.87,740877
48.87,740622
49.15,739690
49.65,738156
49.71,737794
49.72,737312
49.72,735392
49.72,735157
49.72,734575
49.72,734521
49.79,733347
49.79,732980
50.77,732813
50.77,732720
50.84,732272
50.84,731506
50.85,731224
50.85,730580
52.46,730073
52.46,729835
52.47,729652
52.47,728227
52.47,728080
52.47,727552
52.64,726987
52.65,725162
52.65,724405
52.75,724190
52.75,722656
52.75,722623
52.76,722333
52.76,720302
52.76,718931
52.76,718073
54.04,715929
54.06,715323
54.23,715011
54.28,714541
54.29,713374
54.29,711712
54.29,711590
54.62,711433
54.62,710977
54.63,709913
54.63,709632
54.64,709380
54.65,708626
54.65,706015
54.66,705745
54.66,705423
54.66,705240
54.66,705190
55.27,704267
55.27,704218
55.27,704137
55.27,703855
55.28,703460
55.30,702123
55.31,702070
55.32,701662
55.32,701467
55.32,699557
56.49,698643
57.89,697451
57.89,697175
57.90,697020
57.90,696917
57.90,696730
57.90,696439
57.90,696158
58.15,696049
58.40,695868
58.51,695789
58.52,695305
58.53,694579
58.55,694394
58.56,693730
58.59,693226
58.71,693191
58.71,692934
58.71,692881
58.72,692786
58.72,691791
58.73,691068
58.98,690961
58.99,690259
59.00,689289
59.01,689288
59.02,689266
59.09,689230
59.10,689222
59.10,689060
59.11,688358
59.12,688356
59.12,688258
59.12,688109
59.12,687831
59.14,687660
59.15,687028
59.15,687007
59.17,685875
59.17,685688
59.18,685230
59.18,684678
59.18,684529
59.22,684257
59.22,684010
59.23,683156
59.24,682725
59.24,682407
59.26,682384
59.26,681503
59.26,681286
59.27,681183
59.28,680454
59.28,680009
59.33,679822
59.39,679265
59.65,678272
59.65,678247
59.66,678034
60.04,677025
60.04,676792
60.05,676358
60.05,675455
60.16,674704
60.16,674285
60.18,673729
60.18,673432
60.18,673396
63.70,673368
63.79,673045
63.79,673044
63.79,672697
63.80,672481
64.62,671978
64.62,671892
64.62,671614
64.63,671511
64.63,671494
64.63,671369
64.64,671304
64.64,670773
64.66,670541
64.66,670363
64.85,670144
64.85,670110
64.90,669864
64.93,669308
64.95,669075
65.08,668729
65.36,668696
65.44,668458
65.46,668268
65.47,667540
65.47,667030
66.01,666990
66.02,666967
66.02,666644
66.13,665310
67.27,665170
67.28,665142
67.33,665006
69.09,664997
69.14,664886
69.14,664854
69.20,664821
69.21,664283
69.22,663903
69.22,663843
69.24,663734
69.25,663120
69.43,662785
69.58,662744
69.66,662286
69.74,662264
69.84,662010
69.88,661979
69.89,661948
70.20,661796
70.27,661775
71.99,661724
72.07,661479
72.08,661413
72.48,661182
74.13,661171
74.14,661118
74.18,661025
77.92,660701
77.93,660469
77.95,660323
78.91,660256
79.05,660127
79.12,660065
79.61,659948
79.63,659887
80.09,659826
80.13,659760
80.54,659717
80.62,659714
80.71,659618
80.97,659606
80.97,659483
80.98,659461
81.30,659396
81.44,659376
81.45,659315
81.47,659143
81.58,659037
82.07,658952
84.26,658848
84.28,658815
84.39,658731
84.41,658628
84.49,658562
84.52,658397
84.54,658368
85.78,658326
86.06,658282
86.11,658078
86.12,658000
89.78,657992
92.51,657990
92.84,657923
92.85,657923
97.01,657901
106.66,657731
106.97,657731
