0.00,6993798
0.01,6993551
0.01,6991856
0.01,6984755
0.01,6978491
0.01,6978086
0.01,6951701
0.01,6922222
0.01,6921030
0.01,6901736
0.01,6886432
0.01,6882961
0.01,6859281
0.01,6816513
0.01,6808398
0.01,6800801
0.01,6800694
0.01,6799432
0.01,6795259
0.02,6703316
0.02,6700908
0.02,6698252
0.02,6680421
0.02,6664360
0.02,6618617
0.02,6618164
0.02,6571646
0.02,6571243
0.02,6567244
0.02,6531081
0.02,6520721
0.02,6519520
0.02,6505423
0.02,6439493
0.02,6401568
0.02,6395247
0.02,6376488
0.02,6364360
0.02,6364218
0.02,6361702
0.02,6349847
0.02,6340408
0.02,6329975
0.02,6314938
0.02,6313311
0.02,6312919
0.02,6297586
0.02,6291301
0.02,6290853
0.02,6279026
0.02,6277794
0.02,6215360
0.02,6214145
0.02,6212799
0.02,6210284
0.03,6209080
0.03,6204521
0.03,6199580
0.03,6199476
0.03,6189427
0.03,6183241
0.03,6167036
0.03,6160517
0.03,6154767
0.03,6153157
0.03,6148158
0.03,6145217
0.03,6140786
0.03,6111508
0.03,6110929
0.04,6110539
0.04,6103667
0.04,6097852
0.04,6060319
0.04,6040721
0.04,6040211
0.04,6039608
0.04,6032571
0.04,6028036
0.04,6004146
0.04,5996338
0.04,5987977
0.04,5965767
0.04,5965749
0.04,5952864
0.04,5949107
0.04,5947365
0.04,5947090
0.04,5942675
0.04,5935814
0.04,5930924
0.04,5919057
0.04,5916709
0.04,5916173
0.04,5828403
0.04,5827568
0.04,5826564
0.04,5819745
0.04,5819447
0.04,5817427
0.04,5811395
0.04,5804198
0.04,5789286
0.04,5784061
0.04,5769735
0.04,5724798
0.04,5722206
0.04,5711126
0.04,5706349
0.04,5683997
0.04,5674959
0.05,5673421
0.05,5672673
0.05,5660517
0.05,5634479
0.05,5634438
0.05,5632875
0.05,5630293
0.05,5627387
0.05,5622870
0.05,5622785
0.05,5614648
0.05,5613505
0.05,5591308
0.05,5586288
0.05,5586151
0.05,5580188
0.05,5578615
0.05,5566840
0.05,5553377
0.05,5551762
0.05,5550633
0.05,5548509
0.05,5539094
0.05,5524568
0.05,5519932
0.05,5519815
0.05,5519712
0.05,5496878
0.05,5490037
0.05,5470083
0.05,5467780
0.05,5466325
0.05,5465064
0.05,5464875
0.05,5458094
0.05,5451855
0.05,5451829
0.05,5444047
0.05,5443370
0.05,5443075
0.05,5440529
0.05,5440465
0.05,5413032
0.05,5390441
0.05,5371714
0.05,5368198
0.06,5367688
0.06,5276384
0.06,5273377
0.06,5269691
0.06,5269263
0.06,5267823
0.06,5267166
0.06,5242918
0.06,5242798
0.06,5233442
0.06,5233256
0.06,5211352
0.06,5201850
0.06,5201718
0.06,5201282
0.06,5198259
0.06,5186184
0.06,5164753
0.06,5123533
0.06,5123178
0.06,5119084
0.06,5117760
0.06,5116520
0.06,5115377
0.06,5111724
0.06,5110856
0.06,5105886
0.06,5104548
0.06,5103994
0.06,5101094
0.06,5099981
0.06,5099804
0.06,5096330
0.06,5095156
0.06,5093068
0.06,5085773
0.06,5085102
0.06,5083442
0.06,5074962
0.06,5072999
0.06,5070970
0.06,4988377
0.06,4959781
0.06,4950243
0.06,4944627
0.06,4937568
0.06,4936726
0.06,4935193
0.06,4921927
0.06,4919980
0.07,4902964
0.07,4899051
0.07,4873406
0.07,4860971
0.07,4860932
0.07,4851926
0.07,4844927
0.07,4842160
0.07,4825814
0.07,4824916
0.07,4754055
0.07,4753483
0.07,4746231
0.07,4745486
0.07,4741099
0.07,4740776
0.07,4711721
0.07,4711612
0.07,4674567
0.07,4671246
0.07,4592730
0.07,4575397
0.07,4572596
0.07,4572301
0.07,4558490
0.07,4555958
0.07,4469887
0.07,4350185
0.07,4338828
0.07,4338282
0.07,4264222
0.07,4259272
0.07,4235306
0.07,4234294
0.07,4231252
0.07,4229808
0.07,4229314
0.07,4209058
0.07,4206191
0.07,4141179
0.07,4118541
0.07,4025137
0.07,4019275
0.07,4016009
0.07,4011002
0.07,4009325
0.07,4008123
0.07,4008007
0.07,4003742
0.08,4002878
0.08,3991176
0.08,3942488
0.08,3942422
0.08,3930166
0.08,3918417
0.08,3888830
0.08,3888330
0.08,3888321
0.08,3887998
0.08,3878654
0.08,3871697
0.08,3862770
0.08,3862352
0.08,3862305
0.08,3860357
0.08,3856387
0.08,3853132
0.08,3845133
0.08,3844332
0.08,3839862
0.08,3839636
0.08,3835999
0.08,3828241
0.08,3763165
0.08,3763026
0.08,3763024
0.08,3757453
0.08,3735494
0.08,3716147
0.08,3698297
0.08,3698070
0.08,3658803
0.08,3655486
0.08,3651896
0.08,3650509
0.08,3649085
0.08,3648869
0.08,3646677
0.08,3626271
0.09,3625225
0.09,3620877
0.09,3606994
0.09,3598301
0.09,3596558
0.09,3580497
0.09,3580467
0.09,3575906
0.09,3560320
0.09,3556861
0.09,3556091
0.09,3554193
0.09,3553296
0.09,3505980
0.09,3503752
0.09,3502602
0.09,3496687
0.09,3494277
0.09,3493893
0.09,3492977
0.09,3486376
0.09,3486347
0.09,3486234
0.09,3469019
0.09,3426664
0.09,3426281
0.09,3407089
0.09,3407013
0.09,3405975
0.09,3403982
0.09,3399584
0.09,3374085
0.09,3371657
0.09,3370915
0.09,3369767
0.09,3369352
0.09,3369202
0.09,3367641
0.09,3364399
0.10,3359154
0.10,3358733
0.10,3358056
0.10,3357785
0.10,3355880
0.10,3355562
0.10,3354386
0.10,3354268
0.10,3353769
0.10,3353761
0.10,3353210
0.10,3351573
0.10,3332840
0.10,3320791
0.10,3320543
0.10,3308239
0.10,3306394
0.10,3305747
0.10,3304993
0.10,3302619
0.10,3289983
0.10,3285708
0.10,3284790
0.10,3282247
0.10,3278993
0.10,3274095
0.10,3269608
0.10,3260675
0.10,3245532
0.10,3245149
0.10,3244414
0.10,3243579
0.10,3241159
0.10,3240974
0.10,3240120
0.10,3239484
0.11,3239264
0.11,3236208
0.11,3234489
0.11,3234031
0.11,3230187
0.11,3226939
0.11,3226185
0.11,3225429
0.11,3201808
0.11,3185080
0.11,3183978
0.11,3183425
0.11,3182730
0.11,3176478
0.11,3172646
0.11,3166697
0.11,3165568
0.11,3163950
0.11,3161106
0.11,3160884
0.11,3155241
0.11,3153397
0.11,3153270
0.11,3152626
0.11,3140277
0.11,3136898
0.11,3135817
0.11,3133742
0.11,3109399
0.11,3107171
0.11,3103476
0.12,3103440
0.12,3103429
0.12,3103291
0.12,3098906
0.12,3096090
0.12,3087694
0.12,3086297
0.12,3083765
0.12,3077585
0.12,3076730
0.12,3066877
0.12,3047088
0.12,3045570
0.12,3034801
0.12,3025282
0.12,3023547
0.12,3022555
0.12,3020102
0.12,3019341
0.12,3017765
0.12,3013789
0.12,3011829
0.12,2996215
0.12,2991756
0.12,2985575
0.12,2984965
0.12,2941272
0.12,2940429
0.12,2938886
0.12,2934281
0.13,2898711
0.13,2896329
0.13,2895483
0.13,2893320
0.13,2893051
0.13,2885536
0.13,2884729
0.13,2881989
0.13,2839710
0.13,2834731
0.13,2833902
0.13,2832239
0.13,2830514
0.13,2829285
0.13,2827939
0.13,2805046
0.13,2802630
0.13,2802239
0.13,2797791
0.13,2783043
0.13,2774708
0.13,2753875
0.13,2745840
0.13,2745432
0.13,2737662
0.13,2737515
0.13,2733486
0.13,2729766
0.14,2729388
0.14,2716324
0.14,2716299
0.14,2706603
0.14,2692966
0.14,2689838
0.14,2672923
0.14,2662064
0.14,2658368
0.14,2657886
0.14,2657863
0.14,2643618
0.14,2642286
0.14,2620397
0.14,2618976
0.14,2597267
0.14,2592968
0.14,2582115
0.14,2580236
0.14,2575583
0.14,2564040
0.14,2540894
0.14,2538192
0.14,2528481
0.14,2516442
0.14,2392723
0.14,2324541
0.14,2324444
0.14,2323548
0.14,2320165
0.15,2317050
0.15,2316971
0.15,2315335
0.15,2314598
0.15,2311904
0.15,2303779
0.15,2298941
0.15,2298009
0.15,2292150
0.15,2291375
0.15,2286067
0.15,2281829
0.15,2264630
0.15,2261683
0.15,2255282
0.15,2254308
0.15,2252000
0.15,2250133
0.15,2243733
0.15,2242893
0.15,2240608
0.15,2239973
0.15,2239504
0.15,2235449
0.16,2235146
0.16,2234897
0.16,2186915
0.16,2180164
0.16,2176916
0.16,2175075
0.16,2171051
0.16,2166756
0.16,2163708
0.16,2163660
0.16,2161597
0.16,2160706
0.16,2152379
0.16,2125135
0.16,2122961
0.16,2122007
0.17,2120519
0.17,2120457
0.17,2120144
0.17,2120050
0.17,2119640
0.17,2119544
0.17,2118234
0.17,2116697
0.17,2116649
0.17,2114592
0.17,2112361
0.17,2111621
0.17,2109515
0.17,2104752
0.17,2104072
0.17,2091655
0.18,2085967
0.18,2085410
0.18,2083975
0.18,2083188
0.18,2082932
0.18,2082673
0.18,2075792
0.18,2075091
0.18,2074692
0.18,2050554
0.18,1951578
0.18,1950552
0.18,1909200
0.18,1909194
0.18,1906026
0.18,1905672
0.19,1904980
0.19,1904036
0.19,1903277
0.19,1899033
0.19,1884042
0.19,1883253
0.19,1882357
0.19,1877560
0.19,1870672
0.19,1870228
0.19,1868899
0.19,1867788
0.19,1866898
0.19,1861497
0.19,1802714
0.19,1770541
0.19,1768482
0.19,1763273
0.19,1761763
0.20,1760476
0.20,1760007
0.20,1758959
0.20,1756332
0.20,1756003
0.20,1755117
0.20,1753343
0.20,1750001
0.20,1745289
0.20,1742662
0.20,1742621
0.20,1737227
0.20,1736711
0.21,1736308
0.21,1733478
0.21,1730768
0.21,1729723
0.21,1729248
0.21,1713997
0.21,1713251
0.21,1711895
0.22,1709268
0.22,1707614
0.22,1707262
0.22,1707147
0.22,1705942
0.22,1704708
0.22,1703456
0.22,1703399
0.23,1702345
0.23,1696376
0.23,1695879
0.23,1695044
0.23,1688916
0.23,1688721
0.23,1686875
0.23,1685920
0.23,1682945
0.23,1682506
0.23,1681067
0.23,1675911
0.23,1674665
0.24,1674445
0.24,1668450
0.24,1664930
0.24,1657473
0.24,1654028
0.24,1653705
0.24,1653656
0.24,1651159
0.24,1650933
0.24,1650443
0.24,1645557
0.24,1644627
0.25,1643051
0.25,1639935
0.25,1638643
0.25,1638499
0.25,1637004
0.25,1632349
0.25,1632343
0.25,1632056
0.26,1631921
0.26,1630821
0.26,1630639
0.26,1630096
0.26,1629707
0.26,1628242
0.26,1626715
0.26,1609608
0.26,1596813
0.26,1593427
0.26,1585472
0.26,1583718
0.26,1581245
0.26,1577695
0.27,1570937
0.27,1569970
0.27,1557997
0.27,1555242
0.27,1554146
0.27,1550235
0.27,1549508
0.27,1543958
0.27,1540025
0.28,1526888
0.28,1526776
0.28,1525595
0.28,1521037
0.28,1518830
0.28,1517271
0.28,1513071
0.28,1512215
0.28,1510190
0.28,1509326
0.28,1509225
0.28,1504246
0.28,1504227
0.29,1503743
0.29,1502116
0.29,1495661
0.29,1494847
0.29,1490995
0.29,1490963
0.29,1488326
0.29,1488326
0.29,1485536
0.29,1483867
0.29,1451745
0.29,1451706
0.30,1450280
0.30,1449148
0.30,1449147
0.30,1448329
0.30,1425185
0.30,1424735
0.30,1422490
0.30,1422242
0.30,1421674
0.30,1421484
0.30,1386573
0.31,1386446
0.31,1386026
0.31,1385587
0.31,1382256
0.32,1381650
0.32,1380828
0.32,1379396
0.32,1344045
0.32,1343897
0.32,1342713
0.32,1342021
0.32,1319026
0.33,1317937
0.33,1315130
0.33,1313474
0.33,1309195
0.33,1307732
0.33,1304028
0.33,1302265
0.34,1300569
0.34,1298916
0.34,1298359
0.34,1290025
0.34,1289224
0.34,1287982
0.34,1218830
0.34,1217544
0.34,1214781
0.34,1206070
0.35,1205409
0.36,1203566
0.36,1202626
0.36,1200526
0.36,1195738
0.36,1194757
0.36,1186897
0.36,1186598
0.37,1183864
0.37,1183085
0.37,1182585
0.37,1182051
0.37,1182025
0.37,1181541
0.37,1181452
0.37,1180863
0.37,1156126
0.37,1155784
0.38,1153163
0.38,1152860
0.38,1135896
0.38,1135097
0.38,1131570
0.38,1129406
0.38,1128220
0.38,1125995
0.39,1124051
0.39,1111039
0.39,1110387
0.39,1104412
0.40,1103072
0.41,1102934
0.41,1099688
0.41,1078820
0.42,1077222
0.42,1075613
0.42,1071433
0.43,1071080
0.43,1070995
0.43,1070488
0.43,1070328
0.43,1069070
0.43,1068067
0.44,1068005
0.44,1067054
0.44,1066953
0.44,1063032
0.45,1058932
0.45,1055082
0.45,1053322
0.46,1049232
0.46,1049165
0.46,1047245
0.46,1045911
0.46,1045717
0.46,1040589
0.47,1039107
0.47,1039104
0.47,1038436
0.47,1037616
0.47,1036170
0.47,1035521
0.47,1017876
0.48,1016604
0.48,1016546
0.48,1016462
0.48,1014900
0.48,1014558
0.48,1014521
0.49,1010424
0.49,1000480
0.49,1000025
0.49,999345
0.49,998949
0.49,994591
0.49,978406
0.49,977533
0.50,977231
0.50,976390
0.51,975916
0.51,975747
0.51,973289
0.51,971950
0.51,971604
0.51,970238
0.51,969136
0.51,966562
0.51,961230
0.51,961075
0.51,960984
0.52,947110
0.52,945377
0.52,931357
0.53,931164
0.53,929434
0.53,929172
0.53,929090
0.54,928850
0.54,928420
0.54,918672
0.55,918145
0.55,917459
0.56,916735
0.56,910253
0.56,907844
0.56,902785
0.56,902051
0.56,901042
0.57,899473
0.57,894310
0.57,894082
0.57,893782
0.58,874966
0.58,872445
0.58,870360
0.60,869523
0.60,867550
0.60,865232
0.60,864809
0.60,863291
0.61,862051
0.61,861627
0.62,861403
0.62,861105
0.63,860705
0.63,860653
0.64,860504
0.64,859285
0.64,858939
0.66,858540
0.66,856997
0.66,856389
0.68,855975
0.68,854838
0.68,854808
0.68,854275
0.70,852407
0.71,851187
0.71,851152
0.71,850577
0.71,850431
0.72,850164
0.72,849568
0.73,847462
0.73,835852
0.73,834828
0.74,834477
0.77,832458
0.77,831714
0.78,822421
0.79,820547
0.79,819543
0.80,819130
0.80,818754
0.80,792741
0.80,792297
0.81,791863
0.81,791420
0.82,790132
0.82,789902
0.83,787835
0.83,786859
0.83,780473
0.83,780293
0.84,779931
0.84,777836
0.84,777399
0.85,777075
0.85,774917
0.86,774885
0.87,774551
0.88,773515
0.88,772907
0.89,772600
0.89,772186
0.90,766448
0.91,763861
0.91,762087
0.92,757515
0.92,751274
0.92,748136
0.93,746316
0.93,745780
0.94,745680
0.95,745598
0.95,744347
0.95,743027
0.97,742387
0.97,741936
0.97,741916
0.98,740858
1.00,740515
1.00,739494
1.00,739251
1.02,739035
1.05,738996
1.06,738323
1.07,737997
1.07,737850
1.09,737012
1.11,736325
1.13,736215
1.14,736087
1.16,734499
1.16,733766
1.16,733551
1.16,733134
1.16,730685
1.17,730592
1.19,730584
1.20,730030
1.20,729210
1.23,728727
1.30,728384
1.35,724577
1.38,720047
1.38,719871
1.40,719817
1.42,719470
1.42,719441
1.45,719237
1.48,718646
1.50,718068
1.51,717612
1.55,716962
1.56,716955
1.57,716445
1.58,709521
1.62,706960
1.64,706888
1.67,706393
1.68,701967
1.71,701581
1.71,701361
1.72,701357
1.72,701324
1.74,701287
1.75,701283
1.76,701241
1.77,700774
1.82,699659
1.84,699316
1.87,698700
1.88,698272
1.97,698108
1.97,697715
2.00,695947
2.02,695076
2.04,695063
2.10,695023
2.16,695008
2.19,694378
2.22,694158
2.25,692564
2.36,692267
2.39,691997
2.59,691876
2.61,691590
2.63,690847
2.68,690828
2.69,690780
2.84,689676
2.86,687881
2.91,685989
3.22,685912
3.58,684836
3.76,683497
6.78,683427
6.88,682805
7.00,682551
7.12,681538
7.15,680694
7.38,680334
41.99,679517
42.10,678550
42.40,677761
44.37,677199
44.50,676058
160.53,671530
160.64,671319
160.85,671172
195.97,671164
195.97,670770
195.98,670694
196.06,670431
196.26,670293
196.68,669279
