0.06,7114538
0.07,7096521
0.07,7095628
0.07,7053791
0.08,7046564
0.08,7043477
0.08,6999455
0.08,6991542
0.08,6989748
0.08,6955952
0.08,6936307
0.08,6935860
0.08,6935795
0.08,6929793
0.08,6897706
0.08,6870357
0.08,6863412
0.08,6812356
0.08,6731985
0.08,6730518
0.08,6713517
0.09,6705292
0.09,6696341
0.09,6672508
0.09,6661374
0.09,6603601
0.09,6601110
0.09,6593109
0.09,6582742
0.09,6581613
0.09,6581344
0.09,6575368
0.09,6567031
0.09,6566171
0.09,6563212
0.09,6546137
0.09,6539650
0.09,6539549
0.09,6535199
0.09,6528483
0.09,6497140
0.09,6497072
0.09,6493262
0.09,6491184
0.09,6453365
0.09,6445884
0.09,6304138
0.09,6303936
0.09,6300777
0.09,6298377
0.09,6293934
0.09,6272972
0.09,6263213
0.09,6259406
0.09,6258314
0.10,6243702
0.10,6240492
0.10,6209721
0.10,6208542
0.10,6206110
0.10,6199338
0.10,6197622
0.10,6192891
0.10,6183337
0.10,6182253
0.10,6182211
0.10,6174323
0.10,6171128
0.10,6156228
0.10,6154295
0.10,6148010
0.10,6144729
0.10,6116226
0.10,6089795
0.10,6089730
0.10,6057677
0.10,6055716
0.10,6035879
0.10,6023679
0.10,6022548
0.10,6021638
0.10,6021005
0.10,6012635
0.10,5987233
0.10,5984969
0.10,5976235
0.11,5973481
0.11,5961396
0.11,5961028
0.11,5941680
0.11,5932819
0.11,5928357
0.11,5915378
0.11,5909052
0.11,5908830
0.11,5892781
0.11,5817364
0.11,5814653
0.11,5810849
0.11,5805417
0.11,5801278
0.11,5797541
0.11,5774147
0.11,5773180
0.11,5771846
0.11,5766474
0.11,5735974
0.11,5734142
0.11,5732715
0.11,5711300
0.11,5709522
0.11,5656071
0.11,5654725
0.11,5543413
0.11,5534409
0.11,5522156
0.11,5521910
0.11,5521673
0.11,5493708
0.11,5492130
0.11,5482146
0.11,5463820
0.11,5451489
0.11,5410696
0.12,5410502
0.12,5409417
0.12,5400185
0.12,5386877
0.12,5382553
0.12,5368531
0.12,5359391
0.12,5331367
0.12,5330688
0.12,5329800
0.12,5327760
0.12,5312337
0.12,5307053
0.12,5306363
0.12,5295440
0.12,5294228
0.12,5293760
0.12,5292834
0.12,5278460
0.12,5264934
0.13,5248675
0.13,5206887
0.13,5196570
0.13,5192344
0.13,5190681
0.13,5190577
0.13,5162768
0.13,5154457
0.13,5057220
0.13,5042116
0.13,5024941
0.13,5016684
0.13,5014796
0.13,5000425
0.13,4990090
0.13,4989832
0.13,4982529
0.13,4981509
0.13,4944702
0.13,4940561
0.13,4939059
0.14,4938891
0.14,4938479
0.14,4929541
0.14,4914340
0.14,4891333
0.14,4890597
0.14,4881513
0.14,4838612
0.14,4815715
0.14,4811960
0.14,4806529
0.14,4792440
0.14,4790862
0.14,4766436
0.14,4751097
0.14,4698676
0.14,4673381
0.14,4656341
0.14,4647577
0.14,4646437
0.14,4632461
0.15,4629005
0.15,4628928
0.15,4626467
0.15,4625737
0.15,4568124
0.15,4565085
0.15,4564188
0.15,4553004
0.15,4549842
0.15,4544579
0.15,4542905
0.15,4534185
0.15,4505004
0.15,4500061
0.15,4499509
0.15,4493919
0.15,4486968
0.15,4473687
0.15,4452741
0.15,4444335
0.15,4443647
0.15,4440242
0.15,4432934
0.15,4431114
0.15,4423563
0.15,4416826
0.15,4412985
0.16,4405343
0.16,4404076
0.16,4400442
0.16,4391801
0.16,4390467
0.16,4385367
0.16,4383660
0.16,4381551
0.16,4380240
0.16,4374880
0.16,4373670
0.16,4366846
0.16,4365162
0.16,4364609
0.16,4360758
0.16,4331981
0.16,4328852
0.16,4326665
0.16,4319116
0.16,4318465
0.17,4280117
0.17,4278808
0.17,4270636
0.17,4259172
0.17,4226746
0.17,4223563
0.17,4222616
0.17,4214443
0.18,4173653
0.18,4169098
0.18,4168971
0.18,4156174
0.18,4138374
0.18,4136248
0.18,4135172
0.18,4029362
0.18,4029351
0.18,4027046
0.18,4016859
0.18,4015157
0.18,4011956
0.19,3985316
0.19,3982226
0.19,3981360
0.19,3974619
0.19,3963815
0.19,3949358
0.19,3947203
0.19,3933954
0.19,3929775
0.19,3926528
0.19,3897473
0.19,3887714
0.19,3885826
0.19,3881603
0.19,3873409
0.19,3867248
0.19,3865512
0.20,3862781
0.20,3837321
0.20,3828385
0.20,3827245
0.20,3826483
0.20,3815102
0.20,3800747
0.20,3797322
0.20,3794540
0.20,3783252
0.20,3781437
0.20,3771661
0.20,3766984
0.20,3758133
0.20,3754794
0.20,3743769
0.20,3712986
0.20,3712511
0.20,3709670
0.20,3705047
0.20,3703911
0.20,3691901
0.20,3686925
0.20,3686467
0.20,3686323
0.21,3685833
0.21,3685086
0.21,3679743
0.21,3678961
0.21,3674255
0.21,3669378
0.21,3668513
0.21,3637767
0.21,3636908
0.21,3621932
0.21,3621881
0.21,3601236
0.21,3599923
0.21,3592711
0.21,3586373
0.21,3533801
0.21,3528151
0.21,3520122
0.25,3502242
0.25,3501251
0.25,3498862
0.25,3495807
0.25,3483937
0.25,3471692
0.25,3466098
0.25,3451752
0.25,3451246
0.25,3450262
0.25,3449443
0.25,3445256
0.25,3444918
0.26,3444679
0.26,3437559
0.26,3436413
0.26,3435708
0.26,3430581
0.26,3426030
0.27,3420337
0.27,3412357
0.27,3411986
0.27,3411932
0.27,3378124
0.27,3376188
0.27,3361622
0.27,3359085
0.27,3355822
0.27,3344440
0.27,3329192
0.27,3326811
0.27,3323776
0.27,3315665
0.27,3311595
0.27,3307310
0.27,3297794
0.27,3278414
0.27,3274492
0.27,3273234
0.27,3268534
0.28,3265842
0.28,3263759
0.28,3255511
0.28,3245927
0.28,3232206
0.28,3209805
0.28,3190806
0.28,3189396
0.28,3182126
0.28,3173031
0.28,3169653
0.28,3167166
0.28,3167004
0.28,3160930
0.29,3159068
0.29,3157686
0.29,3134683
0.29,3124963
0.29,3114003
0.29,3113818
0.29,3112797
0.30,3096232
0.30,3093378
0.30,3091626
0.30,3080964
0.30,3077970
0.30,3077436
0.31,3065800
0.31,3061322
0.31,3057957
0.31,3056421
0.37,3042985
0.37,3040234
0.37,3038635
0.37,3036734
0.37,3032957
0.37,3026106
0.37,3025420
0.37,3018250
0.37,3015060
0.37,3008498
0.37,3008052
0.37,3003324
0.37,3001141
0.38,2993169
0.38,2990053
0.38,2989039
0.50,2988356
0.54,2984404
0.54,2978102
0.54,2978101
0.54,2974062
0.54,2970624
0.54,2961679
0.54,2952651
0.54,2945368
0.54,2943537
0.54,2942778
0.54,2935576
0.54,2930967
0.54,2930203
0.54,2929304
0.54,2927810
0.54,2922089
0.54,2909273
0.55,2907015
0.55,2905897
0.55,2905197
0.55,2902384
0.55,2898844
0.55,2897004
0.55,2896388
0.55,2895439
0.55,2893726
0.55,2888173
0.55,2884272
0.55,2883703
0.55,2879151
0.55,2878196
0.55,2875872
0.55,2875284
0.55,2860960
0.55,2852625
0.55,2845384
0.55,2845285
0.55,2835727
0.55,2832981
0.55,2825745
0.55,2825288
0.55,2824919
0.58,2820438
0.58,2817433
0.58,2815790
0.58,2810015
0.58,2807558
0.58,2803753
0.58,2772192
0.58,2769385
0.58,2766878
0.58,2755093
0.58,2754587
0.58,2693264
0.58,2691562
0.59,2687031
0.59,2677634
0.59,2675717
0.59,2668932
0.59,2668116
0.62,2632660
0.62,2630744
0.62,2626202
0.62,2621322
0.62,2621180
0.62,2616266
0.62,2608028
0.62,2605746
0.62,2599592
0.62,2597902
0.62,2575744
0.66,2543585
0.66,2543233
0.66,2543227
0.66,2538285
0.66,2536172
0.66,2536012
0.66,2534922
0.66,2520342
0.66,2518943
0.66,2517478
0.66,2505922
0.66,2485756
0.66,2477874
1.24,2472190
1.25,2469991
1.25,2469847
1.25,2469532
1.25,2461522
1.25,2460474
1.25,2456425
1.30,2444665
1.30,2435307
1.31,2430844
1.31,2412228
1.31,2402714
1.31,2402639
1.31,2401994
1.31,2398700
1.31,2397944
1.31,2381852
1.31,2380805
1.31,2380249
1.31,2376878
1.61,2364526
1.61,2363704
1.61,2360135
1.61,2343222
1.65,2342493
1.73,2322296
1.73,2320138
1.73,2312117
1.73,2305296
1.73,2304227
1.73,2295642
1.73,2295565
2.07,2282637
2.07,2281686
2.07,2279551
2.07,2277553
2.07,2271352
2.07,2265772
2.07,2258347
2.07,2256906
2.07,2256442
2.07,2247147
2.92,2246121
2.92,2244229
2.92,2206051
2.92,2203975
2.92,2203666
2.92,2200725
3.26,2197719
3.26,2195757
3.27,2185468
3.27,2175328
3.27,2165555
3.27,2164002
3.27,2154813
3.27,2144788
3.27,2144780
3.27,2142139
3.27,2137746
3.27,2134264
3.27,2126054
3.27,2124913
3.27,2122433
3.27,2121866
3.27,2111011
3.27,2108119
3.27,2101804
3.27,2096484
6.24,2089536
6.24,2077637
6.24,2071262
6.24,2071022
6.24,2065557
6.24,2065431
6.24,2063912
6.24,2051343
6.24,2050918
6.24,2044757
6.24,2042534
6.24,2041937
6.24,2041679
6.24,2029427
6.26,2027428
6.26,2022860
6.79,2012919
6.80,2011843
6.80,2011069
6.80,2004392
6.80,1999366
6.80,1997254
7.18,1993976
8.41,1991419
8.41,1985701
8.41,1982788
8.41,1978937
8.41,1976513
8.41,1975453
8.41,1971250
8.42,1962415
8.42,1961431
8.42,1944635
8.42,1936142
8.42,1930913
8.42,1926595
8.42,1920652
8.43,1919553
8.43,1918917
8.43,1917356
8.43,1914385
8.64,1897390
8.64,1890938
8.64,1890480
8.64,1887505
8.64,1886097
8.64,1885810
8.64,1883538
8.64,1883195
8.64,1880206
8.64,1879068
8.64,1838890
9.26,1832209
9.56,1825312
9.56,1825264
9.57,1823575
9.57,1807082
9.57,1802841
9.57,1791871
9.57,1791771
10.62,1788921
10.63,1786857
10.63,1772553
10.63,1770269
10.63,1770012
10.64,1766567
10.64,1762274
10.64,1761836
11.39,1757954
11.39,1756299
11.39,1755162
11.90,1753964
11.90,1745339
11.90,1720579
11.90,1720454
11.90,1709056
11.90,1708573
11.90,1705010
11.90,1703113
14.05,1698477
14.05,1695122
14.05,1690968
14.06,1683956
14.06,1678694
14.06,1677289
14.07,1672408
14.07,1671562
14.07,1665888
14.07,1664111
14.41,1663530
14.41,1663440
14.41,1661692
14.42,1654784
14.42,1654495
14.42,1652484
14.42,1651291
14.42,1650831
14.42,1649995
14.42,1648509
14.42,1647507
14.93,1644130
14.93,1640942
15.24,1633310
15.25,1627174
15.25,1625953
15.25,1623972
15.91,1622748
15.91,1621855
15.91,1613997
15.91,1602706
15.91,1602464
15.91,1598224
15.91,1595028
15.92,1589145
16.57,1588543
16.57,1582370
16.57,1581516
16.57,1579839
16.57,1573858
16.57,1573594
16.57,1572918
16.57,1571085
16.57,1547449
16.57,1544769
16.57,1540177
16.58,1539102
16.88,1537276
16.88,1535595
16.88,1532705
16.89,1528060
16.89,1513759
16.89,1510401
16.89,1502544
16.89,1502078
16.89,1497081
16.89,1496392
16.89,1496225
16.89,1495197
16.89,1489458
19.09,1489259
19.09,1489168
19.09,1486062
19.09,1485360
19.09,1482502
19.09,1475980
19.09,1445506
19.09,1439466
19.09,1438882
19.09,1436243
19.09,1434275
19.09,1433164
19.09,1431409
19.09,1425754
19.09,1425309
19.09,1413675
19.09,1413574
19.09,1413468
19.09,1412678
19.09,1405054
19.09,1398592
19.09,1395665
19.09,1394938
19.09,1394044
19.09,1391187
19.10,1390276
19.10,1390249
19.10,1390246
19.10,1388638
22.04,1384092
22.04,1383046
22.04,1382550
22.04,1380240
22.68,1378445
22.68,1376907
22.69,1374954
22.69,1370022
22.69,1365149
22.69,1363830
22.69,1338961
22.69,1336393
22.69,1332826
22.69,1326777
22.69,1323881
22.69,1316978
22.69,1315692
22.69,1304360
22.69,1299947
22.69,1299856
22.69,1295604
22.69,1295586
22.69,1295186
22.69,1293494
22.69,1290621
22.70,1289802
22.70,1287444
22.70,1286568
25.65,1285564
25.65,1285087
25.65,1277207
25.65,1276386
25.65,1276106
25.65,1274699
25.65,1258075
25.65,1257226
25.65,1256700
25.65,1255434
25.65,1247297
25.65,1247011
25.65,1238359
25.66,1236961
25.66,1232373
25.66,1225430
25.66,1220743
25.66,1210487
25.66,1208400
25.66,1205583
26.86,1205152
26.86,1205080
26.87,1205079
26.87,1202386
26.87,1198110
26.87,1195966
26.88,1195655
26.89,1195380
26.89,1194223
27.26,1189853
27.26,1185152
27.26,1183769
27.26,1183721
27.26,1181345
27.26,1180698
27.26,1170690
27.26,1166470
27.26,1165291
27.90,1164508
28.57,1163369
28.57,1161429
28.57,1161361
28.57,1159135
28.58,1159117
28.58,1158002
28.58,1156516
28.58,1156159
28.58,1154020
28.58,1151107
28.58,1150554
28.58,1148623
28.58,1147839
28.58,1140873
28.58,1140107
28.58,1132937
28.60,1127562
28.60,1126948
28.60,1124744
28.60,1123174
28.60,1120344
28.60,1115662
29.68,1111036
29.77,1109869
30.67,1106212
30.67,1104376
30.67,1103767
30.68,1103623
30.89,1101922
30.89,1101801
30.89,1100922
30.89,1100148
30.89,1096640
30.89,1094573
30.89,1091898
31.08,1091435
31.09,1088104
31.09,1086574
31.09,1086442
31.09,1084104
31.10,1081048
31.11,1081004
31.11,1080215
31.11,1077183
31.11,1071949
32.07,1071944
32.07,1071169
32.07,1062639
32.07,1062226
32.07,1061909
32.07,1061243
32.07,1060174
32.07,1060148
32.08,1058218
32.08,1056648
32.08,1055988
32.08,1055628
32.08,1055416
32.08,1052086
32.08,1051946
32.12,1047162
32.15,1046664
32.15,1045217
32.15,1043837
32.15,1043175
32.16,1043159
32.16,1038838
32.16,1038473
32.16,1033851
32.16,1030580
32.16,1027727
32.16,1020064
32.16,1016965
32.16,1016028
32.16,1011717
32.16,1010942
32.17,1008516
32.17,1004630
32.17,1004149
34.21,1001893
34.21,1001706
34.21,1001396
34.21,1000660
34.21,997337
34.21,993571
34.21,992737
34.21,991325
35.51,988376
35.51,985560
35.51,985291
36.23,984819
36.23,983455
36.23,979884
36.23,979748
36.23,979455
36.65,979191
36.74,978570
36.74,977909
36.74,976170
36.74,971749
36.75,970868
36.82,968153
36.82,967097
36.82,966491
36.82,966435
37.77,964712
37.77,964527
37.77,964403
37.77,960532
37.77,953800
37.77,952325
37.77,950976
37.78,950483
37.78,947485
37.78,945299
37.78,942330
38.16,941287
38.16,939284
38.21,939161
38.21,936480
38.69,936157
38.69,932145
38.69,931532
38.69,931347
38.69,928286
38.69,924907
38.70,924015
38.70,923606
38.71,915856
39.16,915607
39.49,914979
39.50,913786
39.50,913663
39.50,913310
39.51,908679
39.51,908507
39.51,906635
39.52,905012
39.52,904803
39.98,904572
39.98,902861
39.98,902293
39.98,902261
39.98,901546
39.98,900922
40.02,900649
40.02,898251
40.02,897511
40.02,896903
40.02,895789
40.02,892836
40.02,892391
40.03,890858
40.03,890473
40.08,889963
40.08,889957
40.08,889313
40.08,888728
40.08,888016
40.08,886392
40.08,885912
40.08,884258
40.09,882668
40.28,880319
40.28,879753
40.28,879663
40.48,879111
40.48,878696
40.48,878403
40.48,876739
40.48,876627
40.48,875971
40.49,875912
40.49,872748
40.49,871962
41.87,871449
41.93,870927
41.94,868782
41.94,867124
41.94,865401
41.95,865360
41.95,863746
41.95,861946
41.95,859162
41.95,856848
42.01,855726
42.01,855108
42.01,853888
42.01,852817
42.03,852390
42.06,851946
42.06,851098
42.06,850492
42.06,849921
42.06,848927
43.25,847557
43.25,846836
43.25,846282
43.25,845014
43.25,844335
43.25,844181
43.26,844120
43.26,843925
43.90,840357
43.90,837903
43.90,837189
43.90,836020
43.90,835854
43.91,835224
43.91,835055
43.91,833131
43.91,832165
43.91,828429
45.07,827598
45.07,826403
45.07,826349
45.15,825896
45.15,824356
45.48,822685
45.48,821627
45.48,821524
45.49,820270
45.49,820137
45.50,820035
45.50,818444
45.63,817150
45.63,816984
45.94,815986
45.95,815386
45.96,814783
46.10,813497
47.61,812970
47.61,812804
47.62,811990
47.62,810350
47.62,809755
47.62,808611
47.63,807478
47.64,806925
47.65,806419
47.65,804453
47.76,803579
47.77,802926
47.77,802050
47.77,800488
47.78,799362
47.78,799195
48.09,798854
48.09,797960
48.09,796703
48.09,795316
48.10,795244
48.54,793975
48.55,792938
48.56,791795
48.56,790365
48.56,789241
48.56,787321
48.56,784692
50.03,783633
50.03,783493
50.03,783057
50.16,782540
50.17,782203
50.33,777387
50.34,774569
52.26,774346
52.26,772271
52.62,772234
52.62,770179
52.62,769394
52.62,768861
52.62,766278
52.62,765241
52.62,764674
52.63,764569
52.63,763909
52.63,763763
52.64,762814
52.64,762600
52.96,761104
52.97,760847
52.98,759186
53.00,758968
53.00,758921
53.00,758657
53.00,756353
53.00,756077
53.01,755954
53.01,755785
53.01,755111
53.01,753275
53.01,752448
53.02,752156
53.02,751997
53.03,751671
53.03,751617
53.04,750216
53.04,750001
53.05,749947
54.15,749869
54.15,749690
54.21,749053
54.21,747500
54.21,746251
54.22,745519
54.22,745507
54.26,744217
54.26,744004
54.26,743216
54.26,742902
54.27,741976
54.28,740293
54.29,738296
54.70,738207
54.70,736194
54.70,736156
54.70,736074
55.14,735921
55.14,734478
55.16,733858
55.98,733756
55.98,732737
56.00,732315
56.01,732014
56.01,731219
56.01,730246
56.01,729021
56.01,728974
56.05,728534
56.05,728529
56.07,728505
56.07,726260
56.08,725856
56.08,725744
56.08,725155
56.09,725017
56.09,724243
56.10,723390
56.10,721828
56.10,721614
56.12,721560
56.12,720731
56.13,720661
56.13,720162
56.15,720125
56.15,719175
56.15,719080
56.15,718820
56.16,717962
56.17,717950
56.17,717207
56.17,716992
56.22,716674
56.22,716086
56.25,715578
56.25,715267
59.87,714553
59.87,714261
59.89,712691
59.91,712479
60.01,712007
60.30,711281
60.30,710712
60.32,710413
60.32,709801
60.51,709004
60.51,708734
60.51,706805
61.57,706427
61.57,706327
61.58,706261
61.58,705827
61.59,705213
61.98,703822
61.99,703789
62.00,703339
62.01,702029
62.01,701391
62.31,700887
62.33,700262
63.00,699337
63.76,699245
63.76,699023
63.77,698823
63.77,698353
63.77,697593
63.78,697398
63.78,697373
63.79,696928
63.81,696809
63.82,696355
63.82,695960
63.82,695179
63.82,694760
63.83,694234
63.83,693824
64.44,693686
64.46,693330
64.46,693310
64.47,692234
64.48,692081
64.48,691848
64.96,691390
64.97,690531
64.97,690012
64.97,689034
65.00,688902
65.03,688711
65.05,688657
65.05,688387
65.65,687890
65.65,687762
66.66,687448
66.67,686438
66.68,685936
66.69,685556
66.69,684724
66.70,684687
67.96,684263
67.96,684020
67.96,683888
67.97,683238
68.29,682924
68.29,682364
68.31,682319
68.31,681048
68.35,680229
68.35,679835
68.35,679508
68.35,679262
68.42,679188
68.44,679055
68.45,678961
68.47,678733
68.48,678238
68.51,678219
68.51,678217
68.53,678201
68.55,678098
68.56,677952
68.56,677823
70.63,677656
70.63,677097
70.64,676910
70.64,676622
70.72,676426
70.73,675768
70.73,674877
73.15,673236
73.15,672509
73.15,672146
73.19,670823
73.35,670156
75.83,670084
75.85,669262
75.89,668967
76.07,668794
76.18,668302
76.20,668101
76.23,667641
76.26,667444
76.26,667167
76.27,666889
76.27,666491
76.27,666255
77.35,666248
77.37,665936
77.59,665424
77.83,665291
77.83,665013
78.11,664865
78.12,664661
78.45,664641
78.46,664384
82.40,663963
82.69,663728
82.73,663708
82.75,663620
82.75,663541
82.83,663474
82.89,663473
82.90,663436
84.58,663402
84.62,662998
84.71,662895
88.73,662593
88.75,662305
88.86,662283
88.89,662121
90.61,661603
91.51,661510
91.56,661489
91.79,661456
101.75,661416
101.84,661355
109.13,661290
109.57,661261
109.62,661239
110.65,661218
111.12,661207
111.36,661207
111.56,661185
