0.00,6970589
0.01,6969198
0.01,6959337
0.01,6957154
0.01,6955916
0.01,6953931
0.01,6953897
0.01,6899805
0.01,6897295
0.01,6891291
0.01,6891094
0.01,6888268
0.01,6878315
0.01,6860311
0.01,6850547
0.02,6835016
0.02,6832268
0.02,6814354
0.02,6814290
0.02,6812850
0.02,6806401
0.02,6782074
0.02,6766205
0.02,6745611
0.02,6737429
0.02,6736058
0.02,6734104
0.02,6684289
0.02,6674673
0.02,6659561
0.02,6657315
0.02,6642310
0.02,6640417
0.02,6632448
0.02,6612084
0.02,6602692
0.02,6586447
0.02,6573787
0.02,6558824
0.02,6550336
0.02,6549682
0.02,6547398
0.02,6534798
0.02,6510113
0.02,6508982
0.02,6508336
0.02,6506391
0.02,6505343
0.02,6502775
0.02,6501903
0.02,6501635
0.02,6496959
0.02,6489276
0.02,6461146
0.03,6440356
0.03,6375722
0.03,6370584
0.03,6364458
0.03,6363535
0.03,6361743
0.03,6344238
0.03,6299051
0.03,6298079
0.03,6297669
0.03,6286627
0.03,6284836
0.03,6253574
0.03,6251859
0.03,6249599
0.03,6229128
0.03,6229018
0.03,6221219
0.03,6212098
0.04,6212091
0.04,6136940
0.04,6133922
0.04,6128615
0.04,6122727
0.04,6121497
0.04,6111078
0.04,6073874
0.04,6068062
0.04,6064345
0.04,6060320
0.04,6055690
0.04,6050945
0.04,6045235
0.04,6041122
0.04,6040987
0.04,6038000
0.04,6036288
0.04,5989829
0.04,5959641
0.04,5955602
0.04,5948647
0.04,5948242
0.04,5908910
0.04,5873476
0.04,5864312
0.04,5849239
0.04,5846621
0.04,5835066
0.04,5826497
0.04,5824236
0.04,5823849
0.04,5776840
0.04,5776548
0.04,5774326
0.04,5727513
0.04,5727012
0.04,5726281
0.04,5675643
0.04,5668089
0.04,5640655
0.04,5633684
0.04,5627730
0.04,5590157
0.04,5590110
0.04,5582484
0.04,5582036
0.04,5563122
0.05,5551708
0.05,5530904
0.05,5529822
0.05,5529761
0.05,5512960
0.05,5429064
0.05,5413633
0.05,5410640
0.05,5407628
0.05,5404749
0.05,5404496
0.05,5390944
0.05,5386495
0.05,5364904
0.05,5353706
0.05,5352812
0.05,5351629
0.05,5312974
0.05,5295354
0.05,5285494
0.05,5280418
0.05,5214744
0.05,5214216
0.05,5213674
0.05,5201485
0.05,5201390
0.05,5198731
0.05,5198474
0.05,5186270
0.05,5184792
0.05,5183031
0.06,5162966
0.06,5159237
0.06,5145708
0.06,5125967
0.06,5077901
0.06,5060833
0.06,5059058
0.06,5056751
0.06,5053986
0.06,5026896
0.06,5023009
0.06,5022898
0.06,4969117
0.06,4963302
0.06,4962948
0.06,4887400
0.06,4881924
0.06,4873021
0.06,4867772
0.06,4829282
0.06,4821562
0.06,4819393
0.06,4815316
0.06,4806444
0.06,4792731
0.06,4787242
0.06,4783060
0.06,4781559
0.06,4781121
0.06,4775076
0.06,4771851
0.06,4770010
0.06,4762767
0.06,4725516
0.06,4710251
0.06,4709818
0.06,4709306
0.06,4702519
0.06,4639528
0.06,4619677
0.06,4616724
0.06,4616620
0.06,4611113
0.06,4610590
0.06,4608238
0.06,4607460
0.06,4602913
0.06,4600983
0.06,4590973
0.06,4590782
0.06,4577981
0.06,4576015
0.07,4563152
0.07,4560065
0.07,4559883
0.07,4536971
0.07,4535012
0.07,4529635
0.07,4525266
0.07,4516421
0.07,4514811
0.07,4498273
0.07,4484441
0.07,4478665
0.07,4478595
0.07,4478494
0.07,4477489
0.07,4473947
0.07,4343793
0.07,4338693
0.07,4337315
0.07,4324562
0.07,4319683
0.07,4317561
0.07,4311977
0.07,4311973
0.07,4309501
0.07,4306453
0.07,4302515
0.07,4299019
0.07,4277518
0.07,4276067
0.07,4275975
0.07,4259185
0.07,4249372
0.07,4249173
0.07,4231640
0.07,4224773
0.07,4221983
0.07,4221611
0.07,4221480
0.07,4221261
0.07,4214482
0.07,4212170
0.07,4212071
0.07,4191958
0.07,4188231
0.07,4149036
0.07,4134451
0.07,4134360
0.07,4056359
0.07,4046423
0.07,4044781
0.07,4044549
0.07,4030939
0.07,4027386
0.07,4027363
0.07,4013816
0.07,4011187
0.08,3995769
0.08,3994525
0.08,3994367
0.08,3946594
0.08,3941676
0.08,3939915
0.08,3933794
0.08,3932547
0.08,3917867
0.08,3909977
0.08,3909598
0.08,3903200
0.08,3899431
0.08,3896116
0.08,3884045
0.08,3882979
0.08,3865241
0.08,3861977
0.08,3860724
0.08,3860147
0.08,3860052
0.08,3853403
0.08,3853330
0.08,3850534
0.08,3846000
0.08,3838900
0.08,3823122
0.08,3823072
0.08,3818730
0.08,3815145
0.08,3812791
0.08,3790295
0.08,3788983
0.08,3781525
0.08,3780248
0.08,3779909
0.08,3701966
0.08,3701076
0.08,3699619
0.08,3681558
0.08,3614460
0.08,3547174
0.08,3545526
0.08,3543716
0.09,3542763
0.09,3542270
0.09,3540289
0.09,3538174
0.09,3537068
0.09,3531843
0.09,3528321
0.09,3528272
0.09,3454748
0.09,3453722
0.09,3428742
0.09,3425820
0.09,3424638
0.09,3423789
0.09,3421627
0.09,3421233
0.09,3419680
0.09,3415973
0.09,3406517
0.09,3406356
0.09,3391676
0.09,3391566
0.09,3390310
0.09,3390029
0.09,3388791
0.09,3383427
0.09,3382899
0.09,3381693
0.09,3371849
0.09,3367866
0.09,3364950
0.09,3335481
0.09,3318000
0.09,3314662
0.09,3314041
0.09,3311009
0.09,3309598
0.09,3306204
0.09,3303921
0.09,3300287
0.09,3299870
0.09,3297251
0.09,3273771
0.09,3271886
0.09,3266682
0.09,3266471
0.09,3265233
0.10,3261979
0.10,3261285
0.10,3261046
0.10,3260802
0.10,3259584
0.10,3256984
0.10,3256261
0.10,3252975
0.10,3251883
0.10,3249316
0.10,3242739
0.10,3239792
0.10,3239638
0.10,3231279
0.10,3229721
0.10,3219316
0.10,3187757
0.10,3183053
0.10,3182686
0.10,3109721
0.10,3109051
0.10,3101415
0.10,3094936
0.10,3094310
0.10,3093223
0.10,3090893
0.10,3084519
0.10,3082194
0.10,3080910
0.10,3075422
0.10,3072585
0.10,3070490
0.10,3061835
0.10,3057900
0.11,3057671
0.11,3057641
0.11,3056449
0.11,3051187
0.11,3050208
0.11,3046855
0.11,3041867
0.11,3040894
0.11,3038544
0.11,3037322
0.11,3037290
0.11,3034773
0.11,2983571
0.11,2982916
0.11,2982058
0.11,2940650
0.12,2938695
0.12,2932288
0.12,2931280
0.12,2931058
0.12,2926008
0.12,2924646
0.12,2919637
0.12,2911511
0.12,2907704
0.12,2904907
0.12,2894665
0.12,2831227
0.12,2808181
0.12,2805480
0.12,2791437
0.12,2789450
0.12,2789333
0.12,2786849
0.12,2780643
0.12,2741710
0.12,2737802
0.12,2737645
0.12,2735129
0.12,2731930
0.12,2731873
0.12,2731750
0.12,2696028
0.12,2692723
0.12,2691810
0.12,2690708
0.12,2611667
0.12,2610961
0.12,2610650
0.12,2588958
0.12,2586992
0.12,2581748
0.12,2576733
0.12,2575724
0.13,2573747
0.13,2572921
0.13,2519853
0.13,2497231
0.13,2495108
0.13,2484237
0.13,2481288
0.13,2478708
0.13,2466361
0.13,2460172
0.13,2458915
0.13,2455044
0.13,2454912
0.13,2388633
0.13,2387706
0.13,2387364
0.13,2386660
0.13,2384921
0.13,2383926
0.13,2383784
0.13,2383716
0.13,2362344
0.14,2359473
0.14,2355522
0.14,2350155
0.14,2321005
0.14,2297809
0.14,2281617
0.14,2279820
0.14,2259269
0.14,2259133
0.14,2258757
0.14,2257877
0.14,2257120
0.14,2254894
0.14,2253611
0.14,2253562
0.14,2253130
0.14,2248545
0.14,2246294
0.14,2246049
0.14,2244739
0.14,2243346
0.14,2238673
0.15,2238314
0.15,2237090
0.15,2235950
0.15,2213537
0.15,2210303
0.15,2207161
0.15,2173142
0.15,2171923
0.15,2169153
0.15,2151434
0.15,2150909
0.15,2140536
0.15,2139392
0.15,2139084
0.15,2134518
0.15,2134472
0.15,2133298
0.15,2132894
0.15,2132758
0.15,2132702
0.15,2125671
0.15,2123548
0.15,2122596
0.15,2119340
0.15,2119170
0.15,2117441
0.15,2108857
0.15,2100533
0.15,2098828
0.16,2078496
0.16,2074710
0.16,2070688
0.16,2064017
0.16,2063381
0.16,2062594
0.16,2061436
0.16,2060989
0.16,2059970
0.16,2056526
0.16,2050353
0.16,2044536
0.16,2044516
0.16,1999319
0.16,1981358
0.16,1978108
0.16,1974710
0.16,1941911
0.16,1921722
0.16,1920900
0.16,1919609
0.16,1919162
0.16,1902775
0.16,1899745
0.16,1893952
0.16,1893031
0.16,1891980
0.16,1891899
0.16,1891402
0.16,1890284
0.16,1887212
0.16,1887169
0.16,1881470
0.17,1875878
0.17,1875623
0.17,1873107
0.17,1873041
0.17,1868950
0.17,1859672
0.17,1849310
0.17,1839667
0.17,1839663
0.17,1838454
0.17,1838037
0.17,1828008
0.17,1820940
0.17,1820074
0.17,1818964
0.17,1816954
0.17,1816751
0.17,1815272
0.17,1813335
0.17,1812653
0.17,1811480
0.17,1809075
0.17,1808291
0.17,1806092
0.17,1794064
0.17,1792986
0.17,1792933
0.18,1792377
0.18,1791834
0.18,1790083
0.18,1766249
0.18,1765436
0.18,1765400
0.18,1764749
0.18,1761296
0.18,1760827
0.18,1760552
0.18,1759773
0.18,1755748
0.18,1742812
0.18,1742721
0.19,1740498
0.19,1740261
0.19,1739922
0.19,1739055
0.19,1738357
0.19,1738295
0.19,1736071
0.19,1727749
0.19,1727056
0.19,1724777
0.19,1724079
0.19,1723396
0.19,1722696
0.19,1721283
0.19,1721016
0.19,1717621
0.19,1716663
0.19,1710180
0.19,1709596
0.19,1708540
0.20,1704596
0.20,1702951
0.20,1702284
0.20,1689281
0.20,1684609
0.20,1682312
0.20,1675685
0.20,1675569
0.20,1674655
0.20,1674291
0.20,1673669
0.20,1673651
0.20,1673391
0.21,1666139
0.21,1626742
0.21,1623651
0.21,1623291
0.21,1614197
0.21,1613036
0.21,1612242
0.21,1610353
0.21,1609883
0.21,1609247
0.21,1608610
0.22,1606879
0.22,1552845
0.22,1513616
0.22,1513533
0.22,1512726
0.22,1511219
0.22,1508068
0.22,1506196
0.22,1505441
0.22,1504786
0.22,1501713
0.22,1495187
0.22,1481315
0.22,1478272
0.22,1477786
0.22,1472694
0.22,1472353
0.23,1471976
0.23,1469103
0.23,1464687
0.23,1464235
0.23,1464035
0.23,1463105
0.23,1462301
0.23,1460962
0.23,1457188
0.23,1454030
0.23,1452341
0.23,1447271
0.24,1446922
0.24,1446794
0.24,1441498
0.24,1440253
0.24,1438601
0.24,1438013
0.24,1436795
0.24,1402666
0.24,1402440
0.24,1367734
0.25,1367663
0.25,1352593
0.25,1352147
0.25,1351560
0.25,1350872
0.25,1343531
0.25,1342307
0.25,1341167
0.25,1320084
0.25,1320065
0.25,1319175
0.25,1305733
0.25,1305517
0.25,1305155
0.25,1304578
0.25,1304150
0.25,1302923
0.25,1299078
0.25,1298782
0.25,1295930
0.26,1294412
0.26,1291670
0.26,1289828
0.26,1241218
0.26,1240736
0.26,1236597
0.26,1235740
0.26,1233042
0.26,1224490
0.27,1224294
0.27,1221478
0.27,1220135
0.27,1219577
0.27,1218938
0.27,1218421
0.27,1217394
0.28,1210843
0.28,1199260
0.28,1188870
0.28,1188751
0.28,1187265
0.28,1184728
0.28,1184481
0.28,1183256
0.29,1183103
0.29,1180845
0.29,1180400
0.29,1180235
0.29,1178244
0.29,1177842
0.29,1173935
0.29,1173885
0.30,1173580
0.30,1171809
0.30,1163612
0.30,1156205
0.30,1149539
0.30,1148764
0.30,1148671
0.30,1148290
0.31,1146992
0.31,1146111
0.31,1143587
0.31,1142898
0.31,1142271
0.31,1142144
0.31,1141723
0.31,1141481
0.32,1137901
0.32,1137622
0.32,1137241
0.32,1137029
0.32,1136770
0.32,1136725
0.32,1136504
0.32,1135861
0.32,1134166
0.32,1127729
0.32,1127423
0.32,1125756
0.33,1118955
0.33,1118565
0.33,1118421
0.33,1118416
0.33,1097531
0.33,1095845
0.33,1095845
0.33,1095782
0.33,1094904
0.33,1094811
0.34,1093132
0.34,1092802
0.34,1092259
0.34,1092163
0.34,1091308
0.35,1090790
0.35,1088413
0.35,1087258
0.35,1086317
0.35,1076076
0.36,1075882
0.36,1074833
0.36,1074166
0.36,1069555
0.36,1069097
0.36,1068932
0.36,1066821
0.36,1066744
0.36,1066483
0.36,1059769
0.36,1059680
0.36,1059537
0.37,1056220
0.37,1056204
0.37,1056135
0.37,1056008
0.37,1055848
0.37,1055678
0.37,1048631
0.37,1048437
0.37,1047936
0.37,1047356
0.37,1046030
0.37,1046024
0.38,1045776
0.38,1041823
0.38,1040676
0.38,1035877
0.38,1035587
0.39,1034069
0.39,1033218
0.39,1032294
0.39,1029281
0.39,1029253
0.39,1029239
0.39,1028262
0.40,1019594
0.40,1017639
0.40,1015820
0.40,1015428
0.40,1014230
0.41,1013170
0.41,1013165
0.41,1011390
0.41,1010797
0.41,1010529
0.41,1010262
0.41,1010048
0.41,1010020
0.41,1010015
0.41,1009909
0.42,1009203
0.42,1008988
0.42,1008895
0.42,1008885
0.43,1006412
0.43,1006244
0.43,1005872
0.43,1005845
0.44,1004964
0.44,1004955
0.44,1000383
0.44,999410
0.44,998245
0.44,997544
0.44,996834
0.45,991554
0.45,989884
0.45,989627
0.45,989577
0.46,986782
0.46,985063
0.46,982798
0.47,982633
0.47,981422
0.47,980538
0.47,980392
0.47,975334
0.47,975013
0.47,974539
0.47,973144
0.48,971138
0.48,971021
0.48,970970
0.48,970640
0.48,968808
0.48,968111
0.48,965804
0.49,964561
0.49,962559
0.49,961285
0.49,956695
0.49,955125
0.49,953732
0.49,952152
0.49,951786
0.49,946384
0.49,946329
0.49,944974
0.49,944354
0.50,941250
0.50,940999
0.50,939795
0.51,939377
0.51,939320
0.52,937740
0.52,937686
0.52,937558
0.53,935584
0.53,932328
0.53,930368
0.53,925759
0.54,925374
0.54,920864
0.54,920610
0.54,920361
0.54,920235
0.54,919948
0.55,908489
0.55,907977
0.56,906802
0.56,897871
0.56,896802
0.57,895149
0.57,894892
0.57,894616
0.57,894121
0.57,893568
0.58,893472
0.58,892965
0.58,890707
0.58,889126
0.58,889008
0.58,887352
0.59,886436
0.59,886280
0.60,885120
0.60,884768
0.60,883712
0.60,883651
0.61,881825
0.61,881159
0.61,880273
0.62,878934
0.62,878345
0.62,877593
0.63,877539
0.63,875223
0.64,875051
0.65,874247
0.65,874212
0.65,873711
0.65,873347
0.66,871054
0.66,869617
0.66,869393
0.66,866996
0.67,849277
0.68,848015
0.69,846872
0.69,846076
0.70,836514
0.70,835272
0.72,834255
0.72,830690
0.73,830677
0.74,829500
0.74,829425
0.74,829422
0.74,829194
0.74,828831
0.74,828338
0.75,827306
0.75,826820
0.75,826713
0.76,825143
0.76,823715
0.77,823153
0.77,820726
0.77,820510
0.77,819839
0.78,819525
0.78,819503
0.78,818981
0.78,818969
0.78,818926
0.79,818765
0.79,818215
0.81,813280
0.82,811603
0.83,809940
0.83,809243
0.83,806801
0.84,806405
0.84,806249
0.85,805665
0.85,805216
0.85,805052
0.85,804888
0.85,804019
0.85,803240
0.87,802073
0.88,801425
0.88,798823
0.88,798670
0.88,796915
0.89,795844
0.89,795373
0.89,795173
0.90,794442
0.90,794434
0.92,793361
0.92,792739
0.93,792341
0.94,792261
0.95,790882
0.95,789763
0.97,789564
0.97,789108
0.97,789047
1.01,788616
1.04,773740
1.09,771908
1.10,771439
1.11,768363
1.13,768312
1.15,768200
1.17,768045
1.17,767285
1.20,746962
1.21,746376
1.21,746176
1.23,745307
1.31,744697
1.34,743522
1.38,743027
1.39,741370
1.39,740547
1.39,740517
1.41,740124
1.42,739948
1.43,739439
1.44,738735
1.45,738477
1.46,738116
1.48,737762
1.48,737681
1.49,737094
1.49,736472
1.51,735585
1.51,735210
1.52,735111
1.55,735022
1.55,734625
1.55,734524
1.58,734366
1.63,734362
1.66,733748
1.68,732874
1.79,732363
1.87,732318
1.88,732004
1.88,729708
2.06,729679
2.20,728932
2.21,728558
2.23,727511
2.24,726123
2.31,720862
2.52,720812
3.66,720787
3.66,720780
3.66,716030
3.68,715284
3.68,714799
3.86,713454
3.87,713259
3.91,713023
3.91,712832
3.93,711481
4.00,711320
4.03,711018
4.05,710591
4.18,710478
4.21,710280
4.23,709959
4.32,709677
4.37,709020
4.42,708874
4.48,708632
4.55,708260
4.57,707850
4.65,707131
4.78,705788
5.89,705300
5.90,704310
6.03,703769
6.05,703722
6.07,702511
6.26,700494
6.30,700328
6.36,697315
6.49,697199
6.49,696369
6.60,696201
6.64,692516
6.72,692476
7.08,692000
7.20,691921
7.39,691535
14.80,690583
18.13,690260
18.14,690260
18.15,687904
18.17,687832
18.30,687818
18.37,685353
18.41,685314
18.45,685010
18.85,685003
41.46,684458
41.49,683932
41.94,683105
51.05,682047
51.09,681832
51.11,680743
51.24,679685
51.28,679285
219.33,677700
219.71,676707
221.72,675792
221.98,675735
222.31,675048
227.12,674332
227.38,672987
227.51,672790
227.61,672736
227.78,671728
227.80,671507
260.16,671218
260.35,671152
260.41,670637
518.78,670044
518.82,669745
518.92,668448
519.29,667876
519.64,667800
519.82,666931
