0.06,7150390
0.06,7149928
0.07,7146280
0.07,7112825
0.07,7104668
0.07,7095668
0.07,7092666
0.07,7048862
0.07,7046551
0.07,7041064
0.07,7035236
0.07,7029009
0.07,7023566
0.07,7001303
0.07,6977980
0.07,6972509
0.08,6971958
0.08,6938047
0.08,6936514
0.08,6923214
0.08,6918987
0.08,6880736
0.08,6866354
0.08,6860867
0.08,6852899
0.08,6849510
0.08,6838055
0.08,6829306
0.08,6815481
0.08,6813417
0.08,6813193
0.08,6812897
0.08,6784146
0.08,6782998
0.08,6781629
0.09,6716094
0.09,6688924
0.09,6681973
0.09,6669698
0.09,6663087
0.09,6655347
0.09,6644728
0.09,6639841
0.09,6633066
0.09,6628687
0.09,6628566
0.09,6624812
0.09,6623178
0.09,6621264
0.09,6619957
0.09,6617717
0.09,6616397
0.09,6614475
0.09,6608774
0.09,6607639
0.09,6606652
0.09,6605392
0.09,6595999
0.09,6591088
0.09,6590566
0.09,6580975
0.09,6580860
0.09,6578003
0.09,6567889
0.09,6564989
0.09,6561908
0.09,6552075
0.09,6549591
0.09,6527766
0.09,6525033
0.09,6511337
0.10,6498056
0.10,6497633
0.10,6497198
0.10,6471763
0.10,6455896
0.10,6455669
0.10,6446803
0.10,6440391
0.10,6438914
0.10,6438274
0.10,6434510
0.10,6434187
0.10,6418470
0.10,6417111
0.10,6381177
0.10,6371898
0.10,6366337
0.10,6336693
0.10,6334566
0.10,6327256
0.10,6314135
0.10,6313617
0.10,6311346
0.10,6300952
0.10,6292741
0.10,6286246
0.10,6276324
0.10,6271721
0.10,6231527
0.10,6230366
0.10,6224004
0.10,6210130
0.10,6207913
0.10,6129936
0.10,6043321
0.10,6039460
0.10,6036800
0.10,6033627
0.10,6027422
0.10,5959150
0.10,5954939
0.11,5942934
0.11,5937261
0.11,5935052
0.11,5928221
0.11,5917929
0.11,5917425
0.11,5892465
0.11,5862994
0.11,5793482
0.11,5777718
0.11,5770365
0.11,5764926
0.11,5760693
0.11,5757469
0.11,5714861
0.11,5705127
0.11,5696529
0.11,5694151
0.11,5691851
0.11,5680227
0.11,5679300
0.11,5678838
0.11,5675023
0.11,5657439
0.11,5654429
0.11,5635497
0.11,5634825
0.11,5632428
0.12,5621486
0.12,5583743
0.12,5581677
0.12,5528229
0.12,5515425
0.12,5423955
0.12,5408356
0.12,5356870
0.12,5356536
0.12,5305236
0.12,5301425
0.12,5299746
0.12,5298440
0.12,5274792
0.12,5274126
0.12,5216721
0.12,5208221
0.12,5201794
0.12,5174083
0.12,5141014
0.12,5140789
0.12,5137170
0.12,5135681
0.12,5132555
0.12,5132484
0.12,5123130
0.12,5107562
0.12,5062441
0.12,5061563
0.12,5059459
0.12,5056010
0.12,5053866
0.12,5046958
0.12,5046904
0.12,5046027
0.13,5039802
0.13,5037196
0.13,5029575
0.13,5017660
0.13,5011058
0.13,5009953
0.13,4976384
0.13,4975931
0.13,4973558
0.13,4950405
0.13,4946926
0.13,4931127
0.13,4923469
0.13,4920234
0.13,4912880
0.13,4909340
0.13,4882075
0.13,4881462
0.14,4872898
0.14,4855091
0.14,4846688
0.14,4828057
0.14,4828029
0.14,4812101
0.14,4805849
0.14,4804531
0.14,4801273
0.14,4800702
0.14,4800319
0.14,4799633
0.14,4798686
0.14,4783666
0.14,4766800
0.14,4749722
0.14,4747065
0.14,4746056
0.14,4740996
0.14,4690591
0.14,4687428
0.14,4673201
0.14,4653959
0.14,4652382
0.14,4649113
0.14,4644675
0.14,4630874
0.14,4622923
0.14,4597576
0.14,4595643
0.15,4595566
0.15,4592646
0.15,4592641
0.15,4585380
0.15,4582003
0.15,4554663
0.15,4551864
0.15,4550613
0.15,4548707
0.15,4532599
0.15,4532396
0.15,4523027
0.15,4520732
0.15,4518216
0.15,4507573
0.15,4504915
0.15,4503903
0.15,4502203
0.15,4495420
0.15,4494552
0.15,4493475
0.15,4487729
0.15,4484819
0.15,4478146
0.15,4477024
0.15,4448324
0.15,4440076
0.15,4439774
0.15,4438822
0.15,4401817
0.15,4391262
0.15,4386410
0.16,4381796
0.16,4379621
0.16,4301496
0.16,4300864
0.16,4300796
0.16,4269231
0.16,4267243
0.16,4264398
0.16,4242245
0.16,4242191
0.16,4231417
0.16,4229478
0.16,4226744
0.16,4160016
0.16,4159656
0.16,4159427
0.16,4155228
0.16,4138505
0.16,4136584
0.16,4116665
0.16,4114576
0.16,4097850
0.17,4002592
0.17,3991765
0.18,3971010
0.18,3961733
0.18,3960639
0.18,3958732
0.18,3952367
0.18,3947631
0.19,3946981
0.19,3945951
0.19,3944294
0.19,3944104
0.19,3940084
0.19,3934520
0.19,3931689
0.19,3917950
0.19,3902625
0.19,3851200
0.19,3847269
0.19,3840805
0.19,3831802
0.19,3820982
0.19,3817071
0.19,3815078
0.19,3813727
0.19,3810228
0.19,3801737
0.19,3792725
0.19,3791602
0.19,3789583
0.19,3789555
0.19,3777449
0.19,3773066
0.19,3767703
0.19,3754910
0.19,3746434
0.19,3739681
0.19,3730995
0.20,3711400
0.20,3692245
0.20,3690395
0.20,3686711
0.20,3683679
0.20,3679114
0.20,3650292
0.20,3649883
0.20,3649840
0.20,3645177
0.20,3633003
0.20,3631640
0.20,3623912
0.20,3621941
0.20,3615048
0.20,3612803
0.20,3612159
0.20,3593673
0.20,3591415
0.20,3573514
0.21,3533097
0.21,3503046
0.21,3501706
0.21,3499273
0.21,3496056
0.21,3492899
0.21,3463398
0.21,3459579
0.22,3443665
0.22,3423175
0.22,3416421
0.22,3413645
0.22,3411248
0.22,3409702
0.22,3409022
0.22,3403385
0.22,3399252
0.22,3397619
0.22,3396161
0.22,3393188
0.22,3388205
0.22,3386106
0.22,3380134
0.22,3379324
0.22,3365431
0.23,3358838
0.23,3357844
0.23,3344467
0.23,3342121
0.23,3340641
0.23,3327930
0.23,3327784
0.23,3324137
0.23,3314056
0.23,3278746
0.23,3278742
0.23,3277632
0.23,3274098
0.23,3268366
0.23,3262258
0.23,3259107
0.23,3258450
0.23,3256938
0.23,3236529
0.23,3228369
0.23,3227809
0.24,3225687
0.24,3215698
0.24,3214123
0.24,3209279
0.24,3209230
0.24,3205238
0.24,3200913
0.24,3197674
0.24,3194426
0.24,3193900
0.24,3192423
0.24,3191065
0.24,3188390
0.24,3186610
0.24,3183044
0.24,3135944
0.25,3123722
0.25,3123041
0.25,3119916
0.25,3108759
0.25,3099438
0.25,3098611
0.25,3073642
0.25,3071347
0.25,3070455
0.25,3070051
0.25,3063314
0.25,3059758
0.25,3056075
0.25,3050923
0.25,3038510
0.25,3012562
0.31,3010640
0.31,3010514
0.31,3005304
0.31,3003224
0.31,2997735
0.31,2986314
0.31,2982680
0.31,2976258
0.31,2960135
0.31,2956509
0.31,2953724
0.31,2927548
0.31,2925757
0.31,2924489
0.34,2915273
0.34,2903617
0.34,2903208
0.34,2902918
0.34,2901701
0.34,2901300
0.34,2899512
0.34,2897983
0.34,2897422
0.34,2889853
0.34,2884379
0.34,2883856
0.34,2880371
0.34,2868624
0.34,2866485
0.34,2865443
0.34,2860587
0.34,2857018
0.34,2852331
0.34,2849757
0.34,2832124
0.34,2828735
0.34,2827802
0.34,2827733
0.34,2827255
0.35,2826655
0.35,2813302
0.36,2803637
0.36,2793992
0.36,2792566
0.40,2791923
0.40,2777024
0.40,2775923
0.40,2775876
0.40,2769383
0.40,2766406
0.40,2765533
0.40,2765454
0.40,2765042
0.40,2763173
0.40,2761407
0.41,2752801
0.41,2752458
0.41,2748829
0.41,2748283
0.41,2742768
0.41,2741121
0.41,2736601
0.41,2726834
0.41,2726374
0.41,2726325
0.41,2709648
0.41,2697541
0.41,2696292
0.44,2693745
0.44,2691115
0.44,2675866
0.44,2642686
0.44,2636328
0.44,2635365
0.44,2627003
0.46,2616116
0.49,2615416
0.49,2609299
0.49,2601861
0.49,2597689
0.49,2597266
0.49,2592358
0.49,2591140
0.49,2587122
0.49,2585468
0.49,2583675
0.49,2581558
0.59,2556881
0.59,2552263
0.68,2545147
0.68,2542111
0.68,2540101
0.68,2537617
0.68,2534518
0.69,2498878
0.69,2496919
0.69,2494969
0.69,2488867
0.69,2484030
0.69,2482549
0.69,2481794
0.69,2478144
0.69,2466269
0.69,2450386
0.69,2445418
0.69,2442410
0.69,2433873
0.69,2429001
0.69,2427903
0.69,2411203
0.69,2408490
0.69,2408134
0.69,2378736
0.69,2371932
0.69,2363893
0.69,2361869
0.69,2353722
0.69,2352487
0.90,2350853
0.91,2350765
0.91,2319637
1.30,2318070
1.30,2316896
1.30,2315770
1.30,2305930
1.30,2303946
1.30,2302866
2.01,2289269
2.01,2278384
2.01,2275713
2.02,2275180
2.02,2271781
2.42,2265027
2.42,2256307
2.89,2253406
2.89,2242490
2.89,2239113
3.14,2232409
3.14,2232121
3.52,2231204
3.53,2227619
3.53,2226627
3.54,2221235
3.54,2219548
3.54,2215078
3.54,2213085
3.54,2208502
3.54,2208380
3.54,2206833
3.54,2206556
3.61,2199273
3.61,2194797
3.64,2188375
3.64,2186054
3.80,2180996
3.80,2179553
4.23,2176578
4.23,2174056
4.23,2172283
4.23,2172174
4.23,2170207
5.12,2155802
5.12,2154900
5.28,2142864
5.28,2136303
5.28,2130094
5.28,2124565
5.28,2119977
5.30,2119415
5.30,2113492
5.82,2112798
5.82,2098129
6.14,2085964
6.14,2079806
6.14,2075386
6.14,2073014
6.14,2069089
6.14,2067812
6.14,2062423
6.14,2060844
6.14,2058903
6.14,2051685
6.14,2050874
6.14,2029196
6.15,2026013
6.16,2025517
6.16,2017890
6.16,2016915
6.16,2016615
6.16,2016125
6.16,2013273
6.17,2007762
6.17,1976523
6.17,1973775
6.89,1971334
6.89,1962800
6.89,1961908
6.89,1959585
6.89,1956243
6.89,1950805
6.89,1948898
6.89,1947796
6.89,1942250
6.89,1941810
6.89,1939210
7.63,1934011
7.63,1931583
7.63,1931531
7.63,1927551
9.02,1917756
9.02,1901888
9.02,1899899
9.02,1899856
9.02,1880422
9.02,1879299
9.38,1872986
9.38,1865636
9.38,1865372
9.38,1865213
9.38,1865189
9.38,1864339
9.39,1862629
9.39,1861643
9.39,1861341
9.39,1855139
9.39,1855011
9.39,1853008
9.39,1849165
9.39,1847092
9.39,1841666
9.39,1841601
9.39,1834280
9.39,1827878
9.39,1827801
9.39,1827230
9.39,1821892
9.39,1817251
9.39,1817248
9.39,1815907
9.41,1813477
9.41,1809272
9.46,1805521
9.46,1802190
9.46,1801133
9.46,1784632
9.46,1771099
9.46,1764684
9.46,1762796
9.46,1762683
9.46,1758171
9.46,1751598
9.46,1749903
10.49,1749189
10.49,1743564
10.49,1741090
10.49,1740695
10.49,1739580
10.49,1735828
10.49,1735749
11.11,1733485
11.83,1725429
11.83,1723400
11.83,1693850
11.83,1688392
11.83,1683450
11.84,1679840
11.85,1675421
11.85,1673980
11.85,1668991
11.85,1665893
11.85,1660910
12.46,1652409
12.46,1632490
12.46,1630141
12.46,1629440
12.46,1621705
12.46,1617299
12.46,1614414
12.47,1608871
12.47,1595729
12.47,1593359
12.47,1588547
12.47,1588160
12.47,1588038
12.47,1585954
13.56,1581528
13.56,1580499
13.56,1580310
13.57,1572670
13.57,1572036
13.57,1569631
13.57,1552691
13.57,1551871
13.57,1548755
13.57,1547582
14.76,1547235
14.80,1546887
15.70,1539616
15.70,1537403
15.70,1535694
15.70,1535639
15.71,1535445
16.44,1535066
16.44,1529814
16.44,1514402
16.44,1511899
16.44,1510900
16.45,1508855
16.68,1503118
16.68,1499465
16.68,1498794
16.68,1496435
16.68,1495630
16.68,1492474
16.68,1491514
16.68,1490858
16.68,1489274
16.69,1485636
16.69,1484723
16.69,1476678
16.69,1475779
16.69,1472598
16.69,1471321
16.69,1470811
16.69,1470235
16.69,1470077
16.69,1463604
16.69,1460472
16.75,1459720
16.75,1456270
16.75,1456110
16.88,1456077
16.88,1448384
16.88,1447711
16.88,1446089
16.88,1443324
16.88,1442497
16.88,1440487
16.88,1439043
16.88,1437238
16.88,1433972
16.89,1431026
16.89,1423138
16.89,1410491
17.10,1403086
17.10,1393651
17.10,1390777
17.10,1390507
17.10,1383181
17.11,1383173
17.11,1378759
17.11,1376715
17.11,1376221
17.11,1374903
17.11,1370203
17.11,1363517
17.11,1357385
17.11,1353754
17.11,1349093
17.11,1348679
17.11,1346519
17.11,1345822
17.11,1335927
17.11,1334909
17.11,1333326
17.11,1331754
17.11,1331090
17.11,1319540
17.11,1317704
17.11,1317046
17.11,1305672
20.54,1304416
20.54,1303591
20.54,1302421
20.54,1301247
20.54,1300486
20.54,1297594
20.55,1296916
20.55,1295152
20.55,1294485
20.55,1291991
20.55,1290078
20.55,1287740
20.55,1287709
20.55,1282806
20.55,1281582
20.55,1279442
20.55,1278940
20.55,1278088
20.55,1276153
20.55,1275513
20.55,1274879
20.55,1274213
20.55,1273180
20.56,1270179
21.72,1268686
21.72,1268684
21.73,1268267
21.73,1264125
21.73,1255116
21.73,1246739
21.73,1246411
21.81,1239481
21.82,1238746
21.82,1238155
21.82,1232779
21.82,1231391
21.82,1230356
23.30,1229209
23.30,1226836
23.30,1225165
23.30,1218693
23.30,1216022
23.30,1213023
23.30,1212808
23.30,1206659
23.30,1204245
23.31,1203061
23.31,1200539
23.31,1199643
23.31,1199335
23.31,1198651
23.31,1197001
24.24,1193044
24.24,1191904
24.24,1187474
24.24,1186503
24.24,1186114
24.24,1184573
24.24,1184344
24.24,1183983
24.24,1183765
24.24,1183479
24.24,1176220
24.24,1175256
24.25,1172678
24.25,1168147
24.25,1162714
24.25,1156202
24.29,1147862
24.29,1147155
24.29,1146482
24.29,1145841
26.21,1145463
26.21,1143884
26.21,1143489
26.21,1143135
26.23,1140433
26.23,1140432
26.23,1137005
26.23,1133676
26.23,1132841
26.23,1132631
26.23,1131010
26.23,1128957
26.23,1127142
26.23,1126615
26.23,1122998
27.01,1122497
27.01,1121365
27.01,1121307
27.01,1118716
27.01,1115564
27.02,1115544
27.02,1113570
27.02,1113225
27.02,1113201
27.02,1110756
27.02,1110563
27.02,1109498
27.02,1109459
27.02,1105724
27.02,1103847
27.02,1103768
27.06,1103511
27.06,1102715
27.06,1100415
27.09,1099133
27.09,1096543
27.09,1096051
27.10,1094576
27.10,1092776
27.10,1090577
27.10,1089840
27.10,1089530
27.10,1088650
27.10,1085029
27.10,1084518
27.11,1083300
27.11,1082606
27.11,1082321
27.11,1081442
27.11,1081421
27.11,1078122
27.11,1077270
27.57,1076073
27.58,1075787
27.65,1075502
27.65,1074651
27.66,1074584
28.02,1073915
28.09,1073349
28.09,1070968
28.09,1070846
28.09,1070631
28.09,1070483
28.09,1070350
28.09,1069761
28.09,1069543
28.10,1069023
28.32,1068387
28.32,1067455
28.32,1064639
28.32,1063732
28.33,1062083
28.33,1061828
28.33,1060480
28.33,1059600
28.33,1059243
28.33,1049996
28.46,1049059
28.46,1048910
28.47,1046984
28.47,1045360
28.47,1044615
29.04,1041845
29.04,1040950
29.04,1040218
29.04,1039971
29.28,1036305
29.28,1035836
29.28,1035344
29.30,1031439
29.38,1029994
29.38,1023725
29.38,1021600
29.38,1021211
29.38,1019789
29.42,1017363
29.42,1017041
29.42,1016419
29.43,1015968
29.43,1013961
29.43,1011916
29.43,1011144
29.48,1009875
29.48,1007870
29.48,1007446
29.48,1005890
29.49,1005266
29.49,1003441
29.49,1003421
29.49,1003031
29.51,1002707
29.51,1002661
29.51,1002356
29.52,1001048
29.53,999076
29.53,993796
29.53,991639
29.54,989247
29.54,984973
29.54,973728
29.54,973600
31.94,973566
31.94,972046
31.94,968868
31.94,964393
31.95,963808
31.95,963694
31.95,959850
32.29,957692
32.30,954888
32.30,953763
32.31,953632
32.31,951128
32.31,949991
32.32,949422
32.84,947192
32.84,946870
32.85,944364
32.85,944095
32.85,944090
32.85,942829
32.85,941811
32.85,939799
32.85,939756
32.85,934672
32.86,933468
32.86,932751
32.86,930466
32.86,928800
32.86,926575
33.12,926145
33.12,925924
33.12,925381
33.12,924632
33.12,923477
33.16,923115
33.16,923017
33.16,922090
33.16,921896
33.16,920750
34.06,918864
34.06,917686
34.06,914299
34.06,913899
34.06,912385
34.06,912218
34.06,911317
34.06,911160
34.28,910241
34.28,908327
34.28,906818
34.29,906558
34.29,904252
34.29,902199
34.29,901962
34.29,897249
34.29,895793
34.29,895510
34.36,895399
34.36,895168
34.36,892658
34.39,892466
34.39,891760
34.40,890811
34.40,890538
34.40,889182
34.40,886826
34.40,886590
34.40,886511
34.40,886428
34.42,885393
34.43,885240
34.43,884510
34.43,884004
34.43,879890
34.44,877018
34.45,875589
34.45,874958
36.52,871906
36.53,870961
36.53,870926
36.53,870780
36.53,865655
36.54,865452
36.54,865190
36.85,865058
36.85,861718
36.85,861575
37.74,860728
37.74,860134
37.74,859737
37.74,858334
37.75,858246
37.75,856719
37.75,854178
37.75,853326
37.75,853079
37.78,852598
37.84,851525
37.84,849431
37.84,849278
38.24,847931
38.24,847590
38.25,845013
38.26,844434
38.26,841252
38.26,840702
38.26,836786
38.26,836162
38.27,834587
38.27,833589
38.27,833251
38.27,832275
38.65,832180
39.29,829346
39.51,828084
39.51,827000
39.51,825321
39.51,823533
39.51,823437
39.51,823432
39.52,823402
39.52,822078
39.52,821446
39.54,819615
39.54,819512
39.84,819249
40.68,816606
40.68,813573
41.48,812807
41.48,812181
41.48,809655
41.49,809264
41.49,808994
41.49,808233
41.51,807296
41.53,807120
42.37,806900
42.37,806839
42.67,806095
42.67,805525
42.68,804518
42.73,803211
42.73,802708
42.73,802256
42.76,799803
42.76,798027
42.76,796917
42.76,796570
42.76,794911
42.84,794252
42.84,793855
42.88,793630
42.88,792719
42.88,792537
42.88,792157
42.88,792122
42.88,791680
42.88,790772
42.89,789897
42.89,789881
42.89,789299
42.91,788919
42.91,788809
42.91,788506
42.91,787896
44.52,787251
44.52,786750
44.53,785374
44.53,783066
44.53,781917
44.54,780271
44.54,779103
44.55,778882
44.56,777992
44.56,777921
44.56,777135
44.57,777002
44.57,776920
44.57,775875
44.57,773738
44.58,773070
45.12,772867
45.12,772563
45.12,771534
45.12,770244
45.17,770030
45.17,765771
45.18,765549
45.21,764201
45.21,763551
45.21,762911
45.21,762583
45.21,762099
45.22,761979
45.22,760134
45.22,759973
45.22,759866
45.22,756988
45.27,756619
45.27,755321
45.27,754731
45.28,754596
45.28,752929
47.82,752722
47.87,752640
47.87,752530
47.87,751690
47.88,750205
47.92,749500
47.92,748706
47.92,747419
47.93,747014
47.93,746389
47.93,746083
47.93,745506
47.99,745259
48.01,745037
48.02,745006
48.02,744922
48.02,744337
48.02,742540
48.02,742056
48.02,741652
48.02,740492
48.03,739965
48.04,739145
48.04,737897
48.06,737785
48.06,737763
48.49,734915
48.49,733684
48.50,732944
48.50,732653
48.51,732630
48.71,731831
48.71,731426
48.80,730645
49.92,729947
49.92,729778
49.93,729739
49.93,729144
49.94,728512
49.95,728358
49.97,726652
49.99,726295
49.99,726054
49.99,725973
49.99,725162
50.00,724604
50.05,724376
50.05,723666
50.05,723374
50.05,723042
50.05,722997
50.96,721563
50.96,720965
50.97,720909
50.98,720709
51.35,720588
51.35,720407
51.35,720236
51.35,717822
51.36,717315
52.76,717243
52.77,716751
52.77,716281
52.77,715378
52.77,715051
52.78,714699
52.78,713271
52.80,713135
52.80,712326
52.81,712297
52.95,712120
52.95,711980
52.95,711277
52.97,710815
52.97,710792
52.98,710613
53.11,710399
53.17,710394
53.19,709855
53.20,709737
53.21,708883
53.21,708672
53.21,707803
53.22,707688
53.23,707635
53.23,707612
53.26,707500
53.26,707180
53.26,705868
53.37,705644
53.37,705206
53.37,704784
53.37,704289
53.40,703798
53.40,703684
53.41,703158
53.41,703059
54.23,701647
54.23,701343
54.24,701254
54.24,700874
55.77,699421
55.77,699069
55.77,698371
55.77,697886
55.91,696566
55.95,696504
55.96,696070
56.37,696040
57.09,695136
57.10,694604
57.11,693824
57.12,693796
57.12,693556
57.13,693297
57.24,692554
57.33,691323
57.35,691104
57.45,690427
57.49,689296
57.49,689290
58.75,687669
58.79,687009
59.17,686592
59.18,685961
59.28,685657
59.29,685305
59.29,685236
59.30,684637
59.30,684576
59.30,684485
59.30,684274
59.31,684069
59.32,683742
59.32,683257
59.35,682966
59.43,682580
59.49,682248
59.73,681274
59.74,680771
59.74,680509
59.79,680472
59.80,679891
59.85,679875
59.85,679393
59.85,678869
59.90,677738
59.91,676203
59.99,675293
60.07,675124
60.08,674777
60.13,674738
60.13,674570
60.14,674453
60.16,673654
60.16,672687
60.20,672267
60.21,672190
60.26,671969
60.26,671946
60.34,671097
60.34,671068
60.35,671007
60.42,670761
60.44,670585
62.06,670582
62.06,670566
63.48,669733
63.48,668987
63.49,668789
65.95,668073
65.97,667765
66.69,667690
66.70,667631
66.76,667387
66.78,667144
66.79,667045
66.79,667008
67.40,666925
67.43,666503
67.46,666335
69.54,666001
69.61,665963
69.61,665959
69.69,665565
69.75,665545
69.76,665248
69.77,665032
69.82,664971
69.85,664862
70.62,664544
70.67,664378
70.68,664057
72.47,663348
72.51,663172
72.64,663067
72.65,663005
72.67,662522
72.73,662279
72.74,662065
72.76,662036
73.53,661978
73.54,661883
73.56,661607
74.06,661518
74.12,661401
74.17,661399
74.20,661002
74.26,660999
79.22,660312
82.94,660279
83.00,660243
83.08,660067
83.08,660008
83.29,659982
83.53,659972
86.11,659958
87.05,659924
88.84,659913
90.72,659911
91.48,659897
92.75,659714
93.15,659683
