0.00,6993871
0.01,6940599
0.01,6891193
0.01,6889369
0.01,6884797
0.01,6871358
0.01,6867103
0.01,6863922
0.01,6853646
0.01,6801225
0.01,6790556
0.01,6790458
0.01,6780714
0.01,6737254
0.01,6736577
0.01,6726556
0.02,6725977
0.02,6644483
0.02,6640698
0.02,6633896
0.02,6632793
0.02,6609662
0.02,6603202
0.02,6590676
0.02,6583617
0.02,6582787
0.02,6580763
0.02,6580130
0.02,6552433
0.02,6518923
0.02,6503452
0.02,6501113
0.02,6471405
0.02,6471250
0.02,6469580
0.02,6468193
0.02,6463780
0.02,6452254
0.02,6421612
0.02,6421088
0.02,6419638
0.02,6401048
0.02,6393485
0.02,6389811
0.02,6376752
0.02,6359054
0.02,6351581
0.02,6337828
0.02,6336850
0.02,6329595
0.02,6322033
0.02,6319095
0.02,6313455
0.02,6311474
0.02,6292880
0.02,6270333
0.02,6240922
0.02,6218287
0.02,6217724
0.02,6216641
0.03,6206228
0.03,6189335
0.03,6187510
0.03,6037934
0.03,5992521
0.03,5966779
0.03,5953741
0.03,5941198
0.03,5940919
0.03,5939671
0.03,5936561
0.03,5891084
0.03,5880050
0.03,5878598
0.03,5873098
0.03,5873027
0.03,5872938
0.03,5856466
0.03,5855940
0.03,5852524
0.03,5839557
0.03,5839347
0.03,5828929
0.03,5827204
0.03,5825747
0.03,5822574
0.03,5819443
0.03,5789159
0.03,5785707
0.03,5770223
0.03,5745493
0.03,5742921
0.03,5742282
0.03,5728864
0.03,5726312
0.03,5724590
0.03,5723246
0.03,5722729
0.03,5709134
0.03,5697309
0.04,5696049
0.04,5694550
0.04,5685240
0.04,5677149
0.04,5677086
0.04,5674533
0.04,5672685
0.04,5672329
0.04,5665968
0.04,5663127
0.04,5656047
0.04,5643566
0.04,5641542
0.04,5636365
0.04,5622851
0.04,5588393
0.04,5582836
0.04,5560361
0.04,5557630
0.04,5556555
0.04,5556058
0.04,5554909
0.04,5460847
0.04,5442884
0.04,5442329
0.05,5439623
0.05,5432802
0.05,5430126
0.05,5421011
0.05,5420830
0.05,5420375
0.05,5405974
0.05,5396397
0.05,5378813
0.05,5373506
0.05,5370487
0.05,5367803
0.05,5367771
0.05,5278369
0.05,5275448
0.05,5269126
0.05,5247504
0.05,5242776
0.05,5242722
0.05,5241293
0.05,5238682
0.05,5238409
0.05,5238365
0.05,5175237
0.05,5171959
0.05,5090349
0.05,5089328
0.05,5080700
0.05,5035493
0.05,5030969
0.05,5015344
0.05,5012050
0.05,4977604
0.05,4970866
0.05,4968936
0.05,4968936
0.05,4960496
0.05,4958096
0.05,4954541
0.05,4949805
0.05,4948220
0.05,4907875
0.05,4892463
0.05,4882846
0.05,4882829
0.05,4872964
0.05,4868625
0.05,4851839
0.05,4850583
0.05,4847006
0.05,4846852
0.05,4840604
0.05,4806223
0.05,4792358
0.05,4791093
0.05,4789696
0.05,4772909
0.05,4772092
0.05,4759656
0.06,4758896
0.06,4757796
0.06,4755624
0.06,4745985
0.06,4745003
0.06,4744964
0.06,4743418
0.06,4717843
0.06,4715199
0.06,4686419
0.06,4685701
0.06,4684776
0.06,4646369
0.06,4631299
0.06,4596949
0.06,4583424
0.06,4582560
0.06,4574234
0.06,4573781
0.06,4562570
0.06,4561900
0.06,4561189
0.06,4557138
0.06,4552259
0.06,4551588
0.06,4551285
0.06,4543124
0.06,4541002
0.06,4536694
0.06,4535691
0.06,4517992
0.06,4517467
0.06,4516339
0.06,4509929
0.06,4483287
0.06,4481837
0.06,4481014
0.06,4451110
0.06,4447679
0.06,4446865
0.06,4443983
0.06,4443420
0.06,4441444
0.07,4421531
0.07,4264299
0.07,4262115
0.07,4229367
0.07,4221324
0.07,4221242
0.07,4217014
0.07,4216597
0.07,4214948
0.07,4214437
0.07,4208600
0.07,4207644
0.07,4147341
0.07,4114404
0.07,4114146
0.07,4106986
0.07,4100055
0.07,4086764
0.07,4074374
0.07,4074043
0.07,4071605
0.07,4069125
0.07,4060502
0.07,4059108
0.07,4057759
0.07,4057689
0.07,4057528
0.07,4057350
0.08,4046538
0.08,4045843
0.08,4044990
0.08,4044326
0.08,4040699
0.08,4040408
0.08,4040188
0.08,4039095
0.08,4031555
0.08,4028888
0.08,4027764
0.08,4021033
0.08,4016641
0.08,4011139
0.08,4006165
0.08,4001730
0.08,4001689
0.08,3952101
0.08,3951902
0.08,3924603
0.08,3919562
0.08,3919324
0.08,3900394
0.08,3894775
0.08,3883513
0.08,3880805
0.08,3820120
0.08,3812177
0.08,3741198
0.08,3741059
0.08,3740051
0.08,3704529
0.08,3700051
0.08,3692668
0.08,3691561
0.08,3688950
0.09,3687886
0.09,3685260
0.09,3682869
0.09,3680730
0.09,3664324
0.09,3662796
0.09,3662739
0.09,3662045
0.09,3657480
0.09,3654698
0.09,3651579
0.09,3650973
0.09,3649739
0.09,3645759
0.09,3638204
0.09,3638140
0.09,3636664
0.09,3635727
0.09,3631900
0.09,3631822
0.09,3602108
0.09,3574285
0.09,3574252
0.09,3569336
0.09,3561486
0.09,3559441
0.09,3533073
0.09,3531892
0.09,3528059
0.09,3526986
0.09,3525001
0.09,3443144
0.09,3442987
0.09,3436018
0.09,3435723
0.09,3417097
0.09,3416929
0.09,3409228
0.10,3381842
0.10,3380493
0.10,3364814
0.10,3354894
0.10,3352007
0.10,3332317
0.10,3330911
0.10,3329042
0.10,3328350
0.10,3315945
0.10,3315539
0.10,3315191
0.10,3314458
0.10,3314295
0.10,3313872
0.10,3313074
0.10,3311153
0.10,3288102
0.10,3287040
0.10,3285500
0.10,3279318
0.10,3277095
0.10,3269145
0.10,3262776
0.10,3261541
0.10,3258247
0.10,3255932
0.10,3255527
0.10,3255452
0.10,3251093
0.10,3249782
0.10,3249753
0.10,3246563
0.10,3246360
0.10,3240110
0.10,3237581
0.10,3233883
0.10,3209577
0.10,3174319
0.10,3173921
0.10,3173909
0.10,3172894
0.10,3171238
0.10,3168937
0.10,3168925
0.10,3165450
0.10,3163313
0.11,3161117
0.11,3160776
0.11,3160527
0.11,3157922
0.11,3157127
0.11,3135669
0.11,3125906
0.11,3125430
0.11,3125394
0.11,3122593
0.11,3120538
0.11,3120498
0.11,3119382
0.11,3119356
0.11,3118101
0.11,3116639
0.11,3113224
0.11,3109451
0.11,3107514
0.11,3107277
0.11,3102910
0.11,3102723
0.11,3097915
0.11,3090436
0.11,3089283
0.11,3089055
0.11,3078028
0.11,3077262
0.11,3077038
0.11,3074738
0.11,3074230
0.12,3071541
0.12,3050172
0.12,3046551
0.12,3045762
0.12,3028772
0.12,3017704
0.12,3011792
0.12,3002423
0.12,3000650
0.12,3000477
0.12,3000289
0.12,2970884
0.12,2968594
0.12,2968367
0.12,2968145
0.12,2967334
0.12,2965244
0.12,2965091
0.12,2954209
0.12,2953463
0.12,2945911
0.12,2940716
0.12,2922295
0.12,2922138
0.12,2921066
0.12,2918624
0.12,2914778
0.12,2911848
0.12,2909576
0.12,2909244
0.12,2897429
0.12,2896141
0.12,2891524
0.12,2891070
0.12,2889676
0.12,2889662
0.12,2887251
0.12,2886234
0.12,2883818
0.12,2878278
0.12,2875654
0.12,2868168
0.12,2822824
0.13,2821402
0.13,2821324
0.13,2819785
0.13,2814408
0.13,2813065
0.13,2812183
0.13,2811799
0.13,2811713
0.13,2805497
0.13,2804562
0.13,2802601
0.13,2796597
0.13,2796450
0.13,2796424
0.13,2796305
0.13,2781807
0.13,2780870
0.13,2780598
0.13,2769642
0.13,2767749
0.13,2764761
0.13,2764504
0.13,2756136
0.13,2720074
0.13,2709168
0.13,2702559
0.13,2694213
0.13,2692671
0.13,2692284
0.13,2665576
0.13,2661242
0.14,2659023
0.14,2657338
0.14,2656634
0.14,2653053
0.14,2650174
0.14,2643728
0.14,2640448
0.14,2640439
0.14,2635109
0.14,2632247
0.14,2631611
0.14,2630484
0.14,2629097
0.14,2623422
0.14,2622089
0.14,2616781
0.14,2613736
0.14,2605452
0.14,2603715
0.14,2602794
0.14,2600734
0.14,2568471
0.14,2565744
0.14,2525333
0.14,2525166
0.14,2505316
0.14,2503460
0.14,2502969
0.14,2499860
0.14,2498681
0.14,2498037
0.14,2497363
0.14,2492260
0.14,2484313
0.14,2408417
0.15,2407750
0.15,2404329
0.15,2402929
0.15,2402051
0.15,2401915
0.15,2401647
0.15,2401261
0.15,2398231
0.15,2397846
0.15,2396128
0.15,2359969
0.15,2358769
0.15,2358367
0.15,2357438
0.15,2357031
0.15,2356520
0.15,2356291
0.15,2353726
0.15,2353100
0.15,2318403
0.15,2315762
0.15,2314836
0.15,2314799
0.15,2301608
0.15,2288298
0.15,2286047
0.15,2285369
0.15,2282241
0.16,2267181
0.16,2266905
0.16,2263935
0.16,2260774
0.16,2260053
0.16,2251107
0.16,2250784
0.16,2241440
0.16,2240336
0.16,2240334
0.16,2239706
0.16,2236677
0.16,2235571
0.16,2234436
0.17,2229629
0.17,2224667
0.17,2207156
0.17,2205988
0.17,2205137
0.17,2152299
0.17,2148372
0.17,2146913
0.17,2145252
0.17,2143251
0.17,2142576
0.17,2140493
0.17,2116953
0.17,2114934
0.17,2112220
0.17,2110650
0.17,2110492
0.17,2107999
0.17,2099658
0.17,2063987
0.17,2062851
0.18,2034399
0.18,2033399
0.18,2031432
0.18,2027482
0.18,2023435
0.18,2023030
0.18,2022150
0.18,2018949
0.18,2016605
0.18,2014433
0.18,2013257
0.18,2012256
0.18,2006970
0.18,2006008
0.18,1978939
0.18,1973914
0.18,1972986
0.18,1972402
0.18,1963912
0.18,1961043
0.18,1956842
0.18,1949824
0.18,1945605
0.18,1941341
0.18,1941024
0.18,1940995
0.18,1940522
0.18,1939536
0.18,1935720
0.19,1935317
0.19,1934727
0.19,1933887
0.19,1933489
0.19,1904726
0.19,1904070
0.19,1902811
0.19,1902540
0.19,1902136
0.19,1897586
0.19,1895774
0.19,1894070
0.19,1880111
0.19,1875230
0.19,1874236
0.19,1869905
0.19,1868068
0.19,1868055
0.19,1865645
0.20,1821180
0.20,1820920
0.20,1820830
0.20,1820691
0.20,1818376
0.20,1818329
0.20,1818025
0.20,1817761
0.20,1816137
0.20,1814423
0.20,1804695
0.20,1794416
0.20,1792705
0.20,1792333
0.20,1791047
0.20,1781524
0.20,1779553
0.20,1779211
0.20,1778909
0.21,1777344
0.21,1776303
0.21,1774464
0.21,1768174
0.21,1766047
0.21,1765853
0.21,1734931
0.21,1733962
0.21,1725027
0.21,1723791
0.21,1723781
0.21,1673622
0.21,1672516
0.21,1671654
0.21,1670532
0.21,1670358
0.21,1660641
0.21,1659643
0.21,1644370
0.21,1642471
0.22,1642311
0.22,1636786
0.22,1635982
0.22,1627248
0.22,1626223
0.22,1622270
0.22,1620319
0.22,1598003
0.22,1593693
0.23,1578453
0.23,1576314
0.23,1571892
0.23,1570718
0.23,1564243
0.23,1564070
0.23,1556886
0.23,1556780
0.23,1556509
0.23,1550180
0.23,1549376
0.23,1548980
0.23,1546829
0.23,1543388
0.24,1541774
0.24,1540823
0.24,1540436
0.24,1540038
0.24,1539411
0.24,1538754
0.24,1535997
0.24,1535904
0.24,1519268
0.24,1519116
0.24,1517553
0.24,1516336
0.25,1513110
0.25,1513041
0.25,1511854
0.25,1508897
0.25,1507902
0.25,1506720
0.25,1505688
0.25,1481654
0.25,1479373
0.26,1476905
0.26,1476341
0.26,1466793
0.26,1464979
0.26,1459307
0.27,1449470
0.27,1448266
0.27,1447812
0.27,1447222
0.27,1446767
0.27,1441231
0.27,1439798
0.27,1439580
0.27,1436567
0.27,1436191
0.27,1434242
0.28,1430562
0.28,1427159
0.28,1426924
0.28,1418234
0.28,1415619
0.28,1413770
0.28,1409805
0.28,1387385
0.28,1387223
0.28,1386606
0.28,1386112
0.28,1384457
0.29,1383393
0.29,1368169
0.29,1367807
0.29,1367786
0.30,1367360
0.30,1366701
0.30,1366437
0.30,1364917
0.30,1360523
0.30,1359802
0.30,1359771
0.30,1358849
0.30,1358584
0.30,1356484
0.30,1355953
0.31,1353498
0.31,1353436
0.31,1353334
0.31,1353236
0.31,1353097
0.32,1351674
0.32,1351618
0.32,1349902
0.32,1349850
0.32,1348003
0.32,1339992
0.32,1339644
0.33,1332941
0.33,1332586
0.33,1332536
0.33,1331937
0.33,1331067
0.33,1330112
0.33,1324244
0.33,1323459
0.33,1322960
0.34,1321753
0.34,1318869
0.34,1318849
0.34,1318202
0.34,1318176
0.34,1315634
0.34,1311060
0.34,1310558
0.34,1307939
0.35,1264938
0.35,1247186
0.35,1246979
0.35,1240429
0.36,1240231
0.36,1239924
0.36,1235770
0.36,1235565
0.36,1233146
0.37,1226587
0.37,1225919
0.37,1225242
0.37,1212141
0.37,1211897
0.38,1211559
0.38,1208517
0.38,1207164
0.38,1202376
0.38,1195153
0.38,1195061
0.38,1194275
0.38,1193100
0.39,1192154
0.39,1189657
0.39,1189083
0.39,1189061
0.39,1188198
0.39,1177288
0.40,1175252
0.40,1168493
0.40,1160381
0.40,1160307
0.40,1152990
0.41,1149600
0.41,1149155
0.41,1144599
0.41,1143566
0.41,1140826
0.41,1118937
0.42,1118920
0.42,1114278
0.42,1113876
0.42,1113153
0.43,1112939
0.43,1108759
0.43,1108398
0.43,1107993
0.43,1105614
0.43,1105075
0.43,1103164
0.43,1103164
0.44,1103146
0.44,1101036
0.44,1099905
0.44,1097837
0.44,1086210
0.44,1085916
0.44,1061115
0.44,1058617
0.44,1010224
0.45,1008828
0.45,1007318
0.45,1001940
0.45,1001634
0.45,1000668
0.45,998434
0.45,996279
0.45,987862
0.46,986792
0.46,985379
0.46,985316
0.47,984187
0.47,983455
0.47,983373
0.47,982728
0.47,981815
0.47,973271
0.48,972725
0.48,972585
0.49,972389
0.49,968298
0.49,966589
0.49,966122
0.49,963480
0.50,963365
0.50,962926
0.51,962570
0.51,959823
0.51,958506
0.51,956917
0.51,948628
0.52,939626
0.52,939081
0.52,934144
0.53,934131
0.53,933685
0.53,933559
0.53,932773
0.53,932566
0.53,932300
0.53,932282
0.54,931816
0.54,929640
0.55,928601
0.55,928546
0.55,928132
0.56,926868
0.56,902802
0.56,902580
0.57,900925
0.57,900458
0.57,899695
0.58,898823
0.58,898740
0.58,896018
0.59,894880
0.59,887669
0.59,879483
0.60,879354
0.61,879276
0.61,874620
0.61,872940
0.61,872401
0.61,872326
0.62,872279
0.62,871926
0.62,871478
0.63,867584
0.63,867315
0.64,863705
0.64,862942
0.64,862599
0.65,861814
0.65,842946
0.66,842680
0.66,841925
0.68,822590
0.68,822223
0.69,821996
0.69,820155
0.70,819484
0.70,819482
0.70,816139
0.71,815973
0.71,815006
0.72,814956
0.72,814064
0.72,809935
0.72,809846
0.73,805134
0.73,804635
0.73,802873
0.74,802079
0.74,800422
0.74,800394
0.74,800280
0.76,799982
0.76,799193
0.76,799110
0.77,798833
0.77,798001
0.77,797449
0.78,796912
0.79,795635
0.79,795169
0.79,794716
0.81,793692
0.81,793431
0.82,790487
0.82,789188
0.83,789111
0.84,788886
0.85,787030
0.85,785965
0.86,785941
0.86,778010
0.86,774978
0.86,774970
0.86,768720
0.87,767014
0.88,766441
0.91,765785
0.92,765712
0.94,764464
0.95,763235
0.96,762439
0.97,761979
0.97,761665
0.98,761458
1.03,760961
1.03,760873
1.03,760055
1.04,759287
1.04,757740
1.05,757514
1.06,757080
1.09,756363
1.09,755234
1.10,755085
1.11,753077
1.11,753050
1.12,751903
1.13,748452
1.16,746797
1.19,746637
1.20,745018
1.25,744822
1.25,744237
1.28,744034
1.28,743288
1.30,743103
1.35,742313
1.36,741669
1.36,741408
1.39,740806
1.46,740211
1.52,738717
1.53,738640
1.54,738535
1.56,738394
1.57,737501
1.58,737425
1.59,733198
1.61,732726
1.62,732351
1.77,732140
1.78,731861
1.80,730479
1.85,729063
1.88,729061
1.89,727815
1.90,727663
2.02,726797
2.04,726216
2.05,725901
2.09,722651
2.09,721480
2.10,721405
2.11,720693
2.11,720505
2.14,720319
2.14,719356
2.33,718919
2.50,718437
2.60,717444
2.61,716941
2.80,716794
2.95,716197
3.04,715841
3.44,714623
3.57,713277
4.78,712831
4.84,712316
4.92,711800
4.99,711434
5.02,709938
5.05,709763
5.05,709515
5.16,708796
5.17,703536
5.23,703533
5.26,703447
5.26,699823
5.37,699292
5.39,699258
5.39,698993
5.41,698319
5.45,696853
5.47,696707
5.95,695949
8.33,693950
8.70,693950
12.51,692672
12.58,691846
12.59,691743
12.97,691670
13.00,691641
14.64,690385
14.65,689899
14.68,688685
14.72,687756
14.76,687626
14.80,686632
14.84,686179
14.95,684344
14.98,683598
14.99,683202
15.06,680943
15.19,680524
24.38,680411
24.71,679743
24.77,679023
25.94,678782
26.03,678597
26.13,678183
26.20,677566
26.31,676702
26.68,676548
26.92,676333
28.50,676333
28.68,676165
226.01,675926
226.03,674714
226.04,674585
226.07,674423
226.11,674261
226.11,674255
226.15,674224
226.17,673273
226.19,672318
226.20,672281
226.26,672255
226.34,671922
226.48,670993
226.85,670070
227.10,670004
364.25,669695
364.27,668225
364.31,668020
364.44,667798
