0.00,6976465
0.01,6961011
0.01,6922096
0.01,6889182
0.01,6881832
0.01,6881426
0.01,6871555
0.01,6855088
0.02,6840490
0.02,6821103
0.02,6820249
0.02,6820146
0.02,6818797
0.02,6802193
0.02,6750150
0.02,6747590
0.02,6740552
0.02,6720216
0.02,6670653
0.02,6641126
0.02,6638470
0.02,6632777
0.02,6632774
0.02,6590391
0.02,6568282
0.02,6558540
0.02,6558172
0.02,6556972
0.02,6533146
0.02,6532705
0.02,6489367
0.02,6488160
0.02,6392593
0.02,6389781
0.02,6383024
0.02,6342079
0.02,6340486
0.02,6327417
0.02,6269353
0.02,6267322
0.02,6247984
0.03,6193947
0.03,6192894
0.03,6187504
0.03,6173148
0.03,6171526
0.03,6152597
0.03,6151494
0.03,6131300
0.03,6129166
0.03,6125901
0.03,6107964
0.03,6098682
0.03,5991232
0.03,5989527
0.03,5985668
0.03,5984726
0.03,5984149
0.03,5979190
0.03,5978326
0.03,5977927
0.03,5975865
0.03,5959827
0.03,5959368
0.03,5925487
0.03,5900465
0.04,5897791
0.04,5897538
0.04,5897519
0.04,5895892
0.04,5895034
0.04,5864443
0.04,5864374
0.04,5861685
0.04,5859789
0.04,5851881
0.04,5849562
0.04,5848664
0.04,5832465
0.04,5765055
0.04,5732402
0.04,5720476
0.04,5680837
0.04,5679873
0.04,5663256
0.04,5654190
0.04,5642759
0.04,5641103
0.04,5638553
0.04,5607302
0.04,5597047
0.04,5588531
0.04,5585348
0.04,5583149
0.04,5581748
0.04,5573275
0.05,5560999
0.05,5555281
0.05,5553617
0.05,5553275
0.05,5531266
0.05,5531054
0.05,5434395
0.05,5432167
0.05,5429245
0.05,5426877
0.05,5421068
0.05,5420741
0.05,5419595
0.05,5390420
0.05,5374208
0.05,5369306
0.05,5358705
0.05,5340755
0.05,5336753
0.05,5336626
0.05,5336427
0.05,5333202
0.05,5332784
0.05,5321240
0.05,5320165
0.05,5320090
0.05,5317468
0.05,5314816
0.05,5312229
0.05,5309312
0.05,5268639
0.05,5263334
0.05,5245287
0.05,5168504
0.05,5075800
0.05,5071599
0.05,5068900
0.05,5013789
0.05,5011293
0.05,5000805
0.05,4999528
0.05,4997890
0.05,4955135
0.06,4949342
0.06,4948511
0.06,4947445
0.06,4946904
0.06,4904566
0.06,4896311
0.06,4895567
0.06,4881853
0.06,4881821
0.06,4880283
0.06,4878750
0.06,4878361
0.06,4875492
0.06,4874454
0.06,4872635
0.06,4872520
0.06,4862263
0.06,4858227
0.06,4857196
0.06,4781777
0.06,4733708
0.06,4685530
0.06,4685378
0.06,4679118
0.06,4670369
0.06,4670125
0.06,4611367
0.06,4599857
0.06,4573743
0.06,4556398
0.06,4547624
0.06,4547465
0.06,4543525
0.06,4538500
0.06,4533621
0.06,4527215
0.06,4526863
0.06,4520173
0.06,4519702
0.06,4517009
0.06,4516597
0.06,4513422
0.06,4511920
0.06,4511026
0.06,4510094
0.06,4504619
0.06,4431295
0.06,4414498
0.06,4401124
0.06,4389269
0.06,4388757
0.06,4375767
0.06,4374883
0.07,4365932
0.07,4359877
0.07,4278150
0.07,4273153
0.07,4269456
0.07,4267053
0.07,4248957
0.07,4243078
0.07,4226573
0.07,4201290
0.07,4195207
0.07,4194897
0.07,4194371
0.07,4190837
0.07,4169270
0.07,4149220
0.07,4148407
0.07,4143283
0.07,4137490
0.07,4135202
0.07,4134711
0.07,4132336
0.07,4131202
0.07,4109475
0.07,4102396
0.07,4100623
0.07,4096515
0.07,4079215
0.07,4066072
0.07,4062436
0.07,4062401
0.07,4060486
0.07,4056304
0.07,4050379
0.07,4044920
0.07,4043842
0.07,4014557
0.07,4012637
0.07,4012608
0.07,4011186
0.07,4010889
0.07,3986052
0.07,3985236
0.07,3961690
0.08,3959940
0.08,3955029
0.08,3951464
0.08,3920064
0.08,3918264
0.08,3915824
0.08,3914762
0.08,3912671
0.08,3912616
0.08,3901966
0.08,3900812
0.08,3897973
0.08,3883889
0.08,3878300
0.08,3867982
0.08,3865238
0.08,3862354
0.08,3860878
0.08,3860170
0.08,3859654
0.08,3805016
0.08,3795429
0.08,3795027
0.08,3747600
0.08,3721721
0.08,3721418
0.08,3715263
0.08,3715245
0.08,3680894
0.08,3677115
0.08,3676461
0.08,3641321
0.08,3637729
0.08,3621422
0.08,3620928
0.08,3620173
0.08,3619921
0.09,3619862
0.09,3616825
0.09,3613150
0.09,3604028
0.09,3602958
0.09,3601472
0.09,3591084
0.09,3589374
0.09,3587436
0.09,3585446
0.09,3583044
0.09,3582572
0.09,3582532
0.09,3581658
0.09,3579025
0.09,3575693
0.09,3574573
0.09,3538991
0.09,3536822
0.09,3535915
0.09,3531753
0.09,3531561
0.09,3526179
0.09,3518300
0.09,3516677
0.09,3483995
0.09,3480713
0.09,3478870
0.09,3455610
0.09,3448940
0.09,3448429
0.09,3432884
0.09,3432049
0.09,3408188
0.09,3400956
0.09,3397870
0.09,3394155
0.09,3391650
0.09,3390965
0.09,3390827
0.09,3385546
0.09,3384614
0.09,3382169
0.10,3361991
0.10,3356494
0.10,3354711
0.10,3352983
0.10,3352490
0.10,3349594
0.10,3344499
0.10,3342759
0.10,3342479
0.10,3342081
0.10,3342053
0.10,3339198
0.10,3336536
0.10,3330293
0.10,3328745
0.10,3328681
0.10,3324161
0.10,3308612
0.10,3306458
0.10,3304802
0.10,3304483
0.10,3301695
0.10,3301412
0.10,3295928
0.10,3290412
0.10,3284018
0.10,3283911
0.10,3283369
0.10,3283314
0.10,3234020
0.10,3229554
0.10,3211000
0.10,3176631
0.10,3176240
0.10,3165933
0.10,3158803
0.10,3157943
0.10,3155047
0.10,3154205
0.10,3143473
0.10,3142633
0.11,3141962
0.11,3141126
0.11,3114670
0.11,3114355
0.11,3106177
0.11,3101882
0.11,3100571
0.11,3098589
0.11,3097846
0.11,3087439
0.11,3087124
0.11,3086726
0.11,3082770
0.11,3082589
0.11,3082354
0.11,3079708
0.11,3078172
0.11,3074887
0.11,3069829
0.11,3069233
0.11,3067581
0.11,3063274
0.11,3060443
0.11,3044982
0.11,3042015
0.11,3041425
0.11,3038450
0.12,3009118
0.12,3008477
0.12,3004697
0.12,3002156
0.12,2998891
0.12,2993851
0.12,2971014
0.12,2968390
0.12,2968153
0.12,2966117
0.12,2965960
0.12,2955713
0.12,2954563
0.12,2952622
0.12,2946732
0.12,2939850
0.12,2880824
0.12,2879139
0.12,2876488
0.12,2875624
0.12,2849729
0.12,2849483
0.12,2840077
0.12,2837058
0.12,2836985
0.13,2827439
0.13,2822511
0.13,2821821
0.13,2821133
0.13,2821123
0.13,2820840
0.13,2820541
0.13,2819089
0.13,2818423
0.13,2810842
0.13,2809163
0.13,2805444
0.13,2804657
0.13,2804319
0.13,2791375
0.13,2762091
0.13,2761932
0.13,2735201
0.13,2717214
0.13,2717214
0.13,2710776
0.13,2703752
0.13,2700612
0.13,2699944
0.13,2699220
0.13,2690258
0.13,2686545
0.13,2684688
0.13,2684329
0.13,2681775
0.13,2681651
0.14,2679599
0.14,2674046
0.14,2674045
0.14,2673627
0.14,2672254
0.14,2646317
0.14,2644207
0.14,2641218
0.14,2641186
0.14,2639644
0.14,2639307
0.14,2638496
0.14,2599504
0.14,2535342
0.14,2534220
0.14,2530892
0.14,2530469
0.14,2523552
0.14,2521040
0.14,2518564
0.14,2516966
0.14,2513964
0.14,2513934
0.14,2507712
0.14,2507542
0.15,2506802
0.15,2506460
0.15,2503501
0.15,2503469
0.15,2486397
0.15,2473144
0.15,2453644
0.15,2442723
0.15,2436357
0.15,2435223
0.15,2435082
0.15,2435000
0.15,2434066
0.15,2433791
0.15,2430551
0.15,2429749
0.15,2428363
0.15,2425990
0.15,2410831
0.15,2406952
0.15,2405094
0.15,2404576
0.16,2389368
0.16,2382524
0.16,2381875
0.16,2371016
0.16,2368105
0.16,2365461
0.16,2362926
0.16,2362335
0.16,2362298
0.16,2358595
0.16,2358333
0.16,2357305
0.16,2349560
0.16,2347928
0.16,2347621
0.16,2345092
0.16,2341467
0.16,2341091
0.16,2339471
0.16,2335741
0.16,2335601
0.16,2331608
0.16,2327011
0.16,2294950
0.16,2291695
0.17,2288598
0.17,2287054
0.17,2285611
0.17,2283734
0.17,2283435
0.17,2282680
0.17,2282503
0.17,2278983
0.17,2277370
0.17,2258459
0.17,2257276
0.17,2250985
0.17,2201978
0.17,2201128
0.17,2199994
0.17,2195391
0.17,2195025
0.18,2194850
0.18,2173282
0.18,2162160
0.18,2161523
0.18,2161326
0.18,2088146
0.18,2085576
0.18,2082611
0.18,2082194
0.18,2081018
0.18,2080302
0.18,2079798
0.18,2078539
0.18,2078287
0.18,2075424
0.18,2075340
0.18,2051560
0.19,2050813
0.19,2049141
0.19,2045688
0.19,2042091
0.19,2041805
0.19,2031521
0.19,2030543
0.19,2030497
0.19,2030007
0.19,2025980
0.19,2023578
0.19,2020916
0.19,1986574
0.19,1985184
0.19,1984717
0.19,1983703
0.19,1977014
0.19,1976943
0.19,1975938
0.20,1974594
0.20,1974269
0.20,1969729
0.20,1967954
0.20,1965594
0.20,1964390
0.20,1964358
0.20,1963756
0.20,1963743
0.20,1958072
0.20,1957471
0.20,1956923
0.20,1956354
0.20,1955783
0.21,1945553
0.21,1944978
0.21,1944949
0.21,1943778
0.21,1942973
0.21,1942939
0.21,1942791
0.21,1942588
0.21,1942132
0.21,1935893
0.21,1935740
0.21,1933683
0.21,1933320
0.21,1932814
0.21,1932676
0.22,1930562
0.22,1841191
0.22,1839818
0.22,1837973
0.22,1835320
0.22,1829146
0.22,1828386
0.22,1824092
0.22,1823370
0.22,1820684
0.22,1819868
0.22,1815341
0.22,1806014
0.22,1804771
0.22,1802900
0.23,1791092
0.23,1775976
0.23,1774768
0.23,1773533
0.23,1772758
0.23,1695513
0.23,1695448
0.23,1692226
0.23,1679414
0.23,1677506
0.23,1676074
0.23,1675203
0.23,1674553
0.23,1660777
0.24,1593270
0.24,1584455
0.24,1584424
0.24,1581752
0.24,1581348
0.24,1580976
0.24,1580861
0.24,1580668
0.24,1579295
0.24,1576471
0.25,1574687
0.25,1567583
0.25,1563201
0.25,1561461
0.25,1560972
0.25,1560924
0.25,1560103
0.26,1556435
0.26,1546216
0.26,1535441
0.26,1535302
0.26,1534769
0.26,1532420
0.26,1530514
0.26,1529662
0.26,1510217
0.26,1506438
0.26,1504842
0.27,1502741
0.27,1502041
0.27,1498884
0.27,1492262
0.27,1489850
0.27,1488018
0.27,1468431
0.27,1468429
0.27,1465676
0.27,1465549
0.27,1465202
0.27,1463555
0.27,1463515
0.27,1463514
0.28,1459111
0.28,1448473
0.28,1444683
0.28,1444395
0.28,1441624
0.28,1441572
0.28,1439448
0.28,1439262
0.28,1429052
0.29,1427989
0.29,1424818
0.29,1423624
0.29,1423166
0.29,1420608
0.29,1418699
0.29,1412458
0.29,1412307
0.29,1411851
0.30,1410677
0.30,1410171
0.30,1408754
0.30,1408438
0.30,1407771
0.30,1406834
0.30,1391381
0.30,1390872
0.31,1390429
0.31,1390285
0.31,1388846
0.31,1388497
0.31,1387027
0.31,1386357
0.31,1366037
0.31,1365896
0.31,1365489
0.31,1357311
0.31,1357160
0.32,1354296
0.32,1353932
0.32,1352456
0.32,1352020
0.32,1351934
0.32,1351328
0.32,1351064
0.32,1350777
0.33,1344867
0.33,1344567
0.33,1343563
0.33,1342093
0.34,1341143
0.34,1340526
0.34,1338214
0.34,1337323
0.34,1336776
0.34,1331482
0.34,1329515
0.34,1328149
0.34,1328128
0.34,1327834
0.34,1326903
0.34,1326025
0.35,1321098
0.35,1319619
0.35,1319399
0.35,1318518
0.35,1318026
0.36,1317130
0.36,1301540
0.36,1301079
0.36,1299441
0.36,1298280
0.36,1297859
0.36,1275968
0.36,1272432
0.37,1271173
0.37,1269497
0.37,1262779
0.37,1262392
0.37,1260975
0.37,1260227
0.37,1259815
0.37,1259551
0.37,1259545
0.38,1248924
0.38,1248915
0.38,1247875
0.39,1237770
0.39,1237729
0.39,1230813
0.39,1229987
0.39,1212769
0.39,1211866
0.39,1210953
0.40,1208367
0.40,1208364
0.40,1208185
0.40,1207984
0.40,1204406
0.41,1202897
0.41,1202097
0.41,1200665
0.41,1200651
0.42,1199515
0.42,1198185
0.42,1196726
0.42,1196516
0.43,1194464
0.43,1185363
0.43,1185046
0.43,1176735
0.43,1176641
0.43,1175433
0.44,1165705
0.44,1162531
0.44,1161648
0.44,1160974
0.44,1159577
0.44,1158785
0.44,1158486
0.44,1158069
0.44,1152594
0.45,1152316
0.45,1152077
0.45,1148695
0.45,1145489
0.45,1145429
0.45,1145168
0.46,1130876
0.46,1127977
0.47,1124927
0.47,1124823
0.47,1121430
0.48,1121368
0.48,1121351
0.48,1119399
0.48,1110575
0.48,1080765
0.49,1068817
0.49,1067496
0.49,1065489
0.49,1064829
0.49,1063444
0.50,1063036
0.50,1062307
0.50,1061875
0.50,1061707
0.50,1060863
0.50,1058184
0.51,1057213
0.51,1056047
0.52,1054620
0.52,1054609
0.52,1054534
0.53,1054534
0.53,1054427
0.53,1053664
0.53,1052198
0.53,1050916
0.54,1050669
0.54,1049730
0.54,1049728
0.54,1048828
0.54,1048495
0.55,1043792
0.56,1043041
0.56,1036932
0.56,1032617
0.57,1029029
0.57,1028624
0.58,1027325
0.58,1026820
0.59,1006273
0.59,1006076
0.60,1005613
0.60,1005588
0.61,1005545
0.62,1005048
0.62,1001389
0.62,1001072
0.62,1000745
0.62,999346
0.63,998365
0.63,997576
0.64,997430
0.64,997187
0.65,996557
0.66,995902
0.66,995869
0.67,995342
0.67,994816
0.67,993377
0.68,989514
0.68,982842
0.68,981478
0.69,967876
0.69,967593
0.69,957571
0.69,956221
0.70,955014
0.70,949063
0.70,947822
0.70,938055
0.71,937517
0.71,937494
0.71,925671
0.71,925295
0.71,923714
0.71,922967
0.71,922658
0.71,921552
0.72,921267
0.73,920439
0.73,920193
0.73,920141
0.73,919689
0.73,916638
0.74,916479
0.74,916240
0.74,915365
0.74,914104
0.75,912858
0.75,912799
0.75,910636
0.75,901930
0.76,899944
0.76,899780
0.77,899370
0.77,899175
0.77,898770
0.78,897735
0.78,896263
0.78,895456
0.78,895183
0.79,885534
0.79,885443
0.79,880552
0.81,877377
0.81,876448
0.81,876123
0.81,874256
0.81,873625
0.83,872907
0.83,870811
0.83,870063
0.83,869393
0.83,868556
0.83,864518
0.85,864347
0.85,863726
0.88,863435
0.89,862524
0.89,861608
0.90,860350
0.92,860277
0.93,859032
0.95,856943
0.95,856797
0.95,855806
0.95,854535
0.96,854163
0.96,852978
0.97,852943
0.97,852889
0.98,852889
1.03,845827
1.03,827722
1.03,822777
1.05,821898
1.07,821832
1.08,821166
1.08,821003
1.10,820829
1.12,820191
1.12,819831
1.13,819777
1.13,818479
1.13,817486
1.14,814562
1.15,814336
1.15,813239
1.16,813144
1.17,812623
1.17,797902
1.20,796539
1.20,795952
1.21,795295
1.24,794899
1.25,778244
1.28,778215
1.29,778031
1.30,776710
1.30,776213
1.33,771986
1.36,771112
1.37,770860
1.42,770791
1.42,770758
1.47,770421
1.50,770361
1.52,760410
1.56,759510
1.57,759117
1.61,759021
1.69,750052
1.72,743680
1.72,742584
1.75,741914
1.82,739855
1.82,739235
1.85,738426
1.87,738263
1.88,738093
1.88,737878
1.89,737747
1.91,737482
1.94,737107
2.00,737057
2.01,736663
2.03,736474
2.03,736243
2.06,731071
2.07,730383
2.08,729063
2.10,728881
2.14,728358
2.14,727582
2.19,726883
2.22,726811
2.22,726778
2.23,724504
2.30,723924
2.37,723688
2.44,720530
2.48,718690
2.55,718051
2.60,717501
2.62,716289
2.66,714220
2.68,714194
2.69,714115
2.70,713927
2.72,713069
2.84,713019
2.91,712741
2.93,712713
3.00,711961
3.17,711477
3.21,711377
3.25,709233
3.38,708765
3.41,708501
3.72,708333
6.70,703032
8.50,699632
8.50,699210
8.66,699179
8.72,698931
8.94,698931
9.20,698785
11.51,698140
11.57,695729
11.74,695278
11.79,695017
11.92,694941
12.09,694504
13.70,692445
13.73,691944
13.77,689776
13.90,689007
13.92,688840
13.93,688003
14.06,687803
14.32,686501
14.36,685429
14.48,685429
14.81,685084
48.61,684916
48.66,684305
48.69,683532
48.74,683513
48.79,683162
48.84,681851
48.91,681181
48.93,680721
49.05,679900
49.17,679776
49.41,679630
49.84,679557
52.93,679449
53.16,679288
54.59,679113
54.60,679113
54.79,678511
54.88,677716
54.88,677606
55.12,677477
55.12,676970
58.02,676944
58.03,676535
58.08,675651
58.13,675492
58.18,675332
58.51,675287
58.51,675053
58.90,674775
105.61,674586
304.49,674396
304.77,674234
342.87,673620
350.09,672389
350.10,671160
350.29,669703
350.71,669301
351.11,669238
351.50,667069
