0.00,5969986
0.01,5968399
0.01,5890480
0.01,5878530
0.01,5829929
0.01,5827314
0.01,5818002
0.01,5800794
0.01,5765028
0.02,5748397
0.02,5703133
0.02,5680052
0.02,5646997
0.02,5626149
0.02,5599624
0.02,5582329
0.02,5576534
0.02,5568627
0.02,5521333
0.02,5521281
0.02,5505705
0.02,5478289
0.02,5444530
0.02,5397402
0.02,5396527
0.02,5361605
0.02,5346377
0.02,5320393
0.02,5302141
0.02,5272379
0.02,5266224
0.02,5200109
0.02,5155192
0.02,5149257
0.02,5133060
0.02,5131028
0.02,5122256
0.02,5108620
0.02,5095923
0.02,5090809
0.02,5087138
0.02,5072982
0.02,5062402
0.02,5044243
0.02,5016907
0.02,5015059
0.02,4993700
0.02,4978721
0.02,4961597
0.02,4957932
0.02,4879172
0.02,4850472
0.02,4804845
0.02,4804843
0.02,4801535
0.02,4797444
0.02,4768670
0.02,4756449
0.02,4721537
0.02,4679882
0.02,4674643
0.03,4614853
0.03,4568357
0.03,4554630
0.03,4530508
0.03,4528357
0.03,4524205
0.03,4471031
0.03,4459598
0.03,4389707
0.03,4381319
0.03,4371644
0.03,4304991
0.03,4284155
0.03,4261182
0.03,4261014
0.03,4165536
0.03,4155001
0.03,4130795
0.03,4067880
0.03,4033528
0.03,4012453
0.03,4000243
0.03,3989724
0.03,3966162
0.03,3916332
0.03,3873746
0.03,3861559
0.03,3858638
0.03,3834860
0.03,3811962
0.03,3769036
0.03,3759915
0.03,3738884
0.03,3735944
0.03,3709101
0.03,3607821
0.03,3554170
0.03,3508869
0.03,3508384
0.03,3479316
0.03,3462981
0.03,3459310
0.03,3416217
0.03,3411675
0.03,3409635
0.03,3405429
0.03,3337962
0.03,3316857
0.03,3316612
0.03,3308061
0.03,3300912
0.03,3262885
0.03,3254804
0.03,3241662
0.03,3218880
0.03,3205384
0.03,3189669
0.03,3174483
0.04,3155609
0.04,3152974
0.04,3148660
0.04,3140821
0.04,3103987
0.04,3077833
0.04,3062786
0.04,3047414
0.04,3046074
0.04,3044080
0.04,3034169
0.04,3024992
0.04,3018500
0.04,2965514
0.04,2949863
0.04,2947298
0.04,2945497
0.04,2927849
0.04,2892682
0.04,2881276
0.04,2880038
0.04,2820115
0.04,2818898
0.04,2818881
0.04,2815908
0.04,2815710
0.04,2804312
0.04,2803908
0.04,2801946
0.04,2772289
0.04,2723902
0.04,2718198
0.04,2717322
0.04,2701324
0.04,2698263
0.04,2674165
0.04,2651858
0.04,2636113
0.04,2631305
0.04,2603449
0.04,2603068
0.04,2601417
0.04,2580797
0.04,2579229
0.04,2564367
0.04,2560677
0.04,2547165
0.04,2546749
0.04,2520180
0.04,2481556
0.04,2471873
0.04,2468397
0.04,2466330
0.04,2463821
0.04,2438881
0.04,2427747
0.04,2417476
0.04,2415913
0.04,2396622
0.04,2336436
0.04,2329612
0.04,2305230
0.04,2299685
0.04,2293517
0.04,2279004
0.04,2278459
0.04,2274631
0.04,2269404
0.05,2234586
0.05,2234102
0.05,2231628
0.05,2229870
0.05,2227257
0.05,2209525
0.05,2207115
0.05,2203782
0.05,2176539
0.05,2166592
0.05,2164096
0.05,2163618
0.05,2132181
0.05,2126568
0.05,2117110
0.05,2099547
0.05,2099207
0.05,2086964
0.05,2061925
0.05,2046951
0.05,2045142
0.05,2040638
0.05,2015677
0.05,2015637
0.05,1995417
0.05,1991462
0.05,1981920
0.05,1953098
0.05,1940818
0.05,1923407
0.05,1923070
0.05,1902191
0.05,1893691
0.05,1890229
0.05,1885005
0.05,1884589
0.05,1880738
0.05,1821991
0.05,1793306
0.05,1779109
0.05,1778286
0.05,1774173
0.05,1770062
0.05,1756124
0.05,1752805
0.05,1741564
0.06,1741291
0.06,1711911
0.06,1710052
0.06,1694678
0.06,1689997
0.06,1683109
0.06,1682278
0.06,1649980
0.06,1647637
0.06,1641119
0.06,1638555
0.06,1619125
0.06,1610104
0.06,1610024
0.06,1603422
0.06,1602245
0.06,1594568
0.06,1591595
0.06,1587190
0.06,1579547
0.06,1575449
0.06,1571362
0.06,1566869
0.06,1566865
0.06,1556618
0.06,1549967
0.06,1543323
0.06,1534700
0.06,1527008
0.06,1518399
0.06,1516574
0.06,1500833
0.06,1490281
0.06,1477636
0.06,1458057
0.06,1449257
0.06,1449211
0.06,1447940
0.06,1443865
0.07,1423001
0.07,1419971
0.07,1418135
0.07,1416952
0.07,1384894
0.07,1384376
0.07,1384280
0.07,1383582
0.07,1368418
0.07,1367059
0.07,1353752
0.07,1350967
0.07,1338396
0.07,1325777
0.07,1311037
0.07,1307738
0.07,1271944
0.07,1267290
0.07,1263950
0.07,1227837
0.07,1222675
0.07,1219400
0.07,1210627
0.07,1195636
0.07,1186430
0.07,1185404
0.07,1185402
0.07,1185389
0.07,1184222
0.07,1182722
0.07,1173142
0.08,1172408
0.08,1171743
0.08,1170721
0.08,1169392
0.08,1168322
0.08,1166701
0.08,1162110
0.08,1161863
0.08,1159571
0.08,1155629
0.08,1141785
0.09,1128979
0.09,1128038
0.09,1123245
0.09,1118782
0.09,1114710
0.09,1114674
0.09,1078633
0.09,1072506
0.09,1071590
0.09,1065634
0.10,1064362
0.10,1063030
0.10,1062977
0.10,1060912
0.10,1060370
0.10,1059848
0.10,1052865
0.10,1051710
0.10,1042104
0.10,1036201
0.10,1030845
0.10,1026930
0.11,1018893
0.11,1017777
0.11,1015951
0.11,1008162
0.11,1004633
0.11,1004626
0.11,1002028
0.12,1001608
0.12,997010
0.12,987755
0.12,986375
0.12,971240
0.12,967727
0.13,967606
0.13,966637
0.13,965027
0.13,960142
0.13,950764
0.13,946923
0.13,945144
0.14,943293
0.14,943290
0.14,942463
0.14,941152
0.15,940897
0.15,939713
0.15,936976
0.16,918852
0.16,916177
0.17,915205
0.17,911705
0.17,911309
0.17,903228
0.18,903195
0.24,895430
0.25,892726
0.25,892493
0.25,891151
0.26,889970
0.28,889508
0.28,889508
0.40,884511
0.52,882599
0.53,881160
0.64,879867
0.64,879827
0.65,871821
0.66,868650
0.90,861499
0.90,861080
0.92,855466
1.31,853382
1.31,852091
1.31,850521
1.31,844907
1.32,844613
1.34,844531
1.35,843051
1.36,839267
1.37,839051
1.38,839011
2.28,838000
2.28,837124
2.29,834969
2.29,833019
2.31,828019
3.96,826252
3.97,824813
3.97,824596
3.98,821375
3.99,821335
24.84,820798
36.94,819224
36.94,819184
39.31,818863
39.33,818646
39.34,818607
45.06,813788
223.00,813519
