0.00,6053679
0.01,6034699
0.01,6029291
0.01,6028759
0.01,6012210
0.01,5991213
0.01,5968046
0.01,5916606
0.01,5906139
0.01,5905973
0.01,5897452
0.01,5850299
0.01,5817133
0.01,5706782
0.01,5665238
0.01,5648675
0.01,5646961
0.01,5570043
0.01,5517151
0.01,5516307
0.01,5514305
0.01,5464055
0.01,5397753
0.01,5366037
0.01,5251607
0.02,5148446
0.02,5139328
0.02,5127120
0.02,5104443
0.02,5082183
0.02,5079778
0.02,5075347
0.02,5052227
0.02,5042570
0.02,5040976
0.02,4997748
0.02,4985734
0.02,4974245
0.02,4941802
0.02,4941304
0.02,4918180
0.02,4869767
0.02,4863458
0.02,4857453
0.02,4808881
0.02,4804484
0.02,4775387
0.02,4774156
0.02,4747121
0.02,4742007
0.02,4702963
0.02,4675844
0.02,4673646
0.02,4672295
0.02,4666343
0.02,4665883
0.02,4665840
0.02,4663186
0.03,4627205
0.03,4585917
0.03,4528641
0.03,4522477
0.03,4518187
0.03,4503021
0.03,4433294
0.03,4413989
0.03,4396029
0.03,4392291
0.03,4376650
0.03,4341854
0.03,4337433
0.03,4251646
0.03,4223724
0.03,4154622
0.03,4125716
0.03,4125290
0.03,4066574
0.03,4034009
0.03,4025234
0.03,4005375
0.03,3993606
0.03,3990955
0.03,3976199
0.03,3919658
0.03,3863853
0.03,3862989
0.03,3856664
0.03,3813357
0.03,3777361
0.03,3762866
0.03,3760376
0.03,3747805
0.03,3719688
0.03,3705551
0.03,3622444
0.04,3616383
0.04,3582465
0.04,3546242
0.04,3522820
0.04,3521373
0.04,3506646
0.04,3502648
0.04,3453667
0.04,3421904
0.04,3404630
0.04,3327045
0.04,3271300
0.04,3248227
0.04,3233924
0.04,3230760
0.04,3219943
0.04,3218894
0.04,3189724
0.04,3187922
0.04,3176233
0.04,3086618
0.04,3086050
0.04,3085566
0.04,3016758
0.04,2988196
0.04,2986816
0.04,2976996
0.04,2974716
0.04,2969755
0.04,2968577
0.04,2958575
0.04,2915195
0.04,2903295
0.04,2891224
0.04,2885064
0.04,2871793
0.04,2854781
0.04,2833290
0.04,2815839
0.04,2799775
0.04,2799347
0.04,2762266
0.05,2762235
0.05,2738818
0.05,2697958
0.05,2686493
0.05,2682611
0.05,2656404
0.05,2656364
0.05,2640607
0.05,2632455
0.05,2611072
0.05,2603898
0.05,2597061
0.05,2585671
0.05,2546579
0.05,2503346
0.05,2492848
0.05,2480374
0.05,2431348
0.05,2422064
0.05,2404427
0.05,2364933
0.05,2362698
0.05,2356505
0.05,2354264
0.05,2292907
0.05,2289346
0.05,2286698
0.05,2285220
0.05,2271652
0.05,2263244
0.05,2262160
0.05,2234332
0.05,2208514
0.05,2204462
0.05,2192500
0.05,2188800
0.05,2139320
0.05,2138250
0.05,2108952
0.05,2107727
0.06,2107508
0.06,2104567
0.06,2061189
0.06,2060119
0.06,2060036
0.06,2023726
0.06,2021847
0.06,2003098
0.06,1969866
0.06,1952494
0.06,1950488
0.06,1914860
0.06,1913407
0.06,1834423
0.06,1829584
0.06,1822329
0.06,1822319
0.06,1801041
0.06,1793829
0.06,1793767
0.06,1791151
0.06,1773361
0.06,1766428
0.07,1728625
0.07,1728498
0.07,1719729
0.07,1719542
0.07,1716352
0.07,1713582
0.07,1708731
0.07,1695179
0.07,1690590
0.07,1685762
0.07,1668282
0.07,1666347
0.07,1665154
0.07,1660449
0.07,1659604
0.07,1657906
0.07,1634308
0.07,1634256
0.07,1617152
0.07,1600575
0.07,1597724
0.08,1570188
0.08,1563720
0.08,1558705
0.08,1558449
0.08,1550867
0.08,1549301
0.08,1547001
0.08,1539373
0.08,1535341
0.08,1526081
0.08,1519525
0.08,1503750
0.08,1483025
0.08,1481203
0.08,1479675
0.08,1477444
0.08,1468456
0.08,1464664
0.08,1462747
0.08,1462450
0.08,1449718
0.08,1448248
0.08,1444644
0.08,1435085
0.09,1414772
0.09,1368689
0.09,1368030
0.09,1351984
0.09,1350061
0.09,1349857
0.09,1323914
0.09,1311477
0.09,1303367
0.09,1294300
0.09,1294088
0.10,1292887
0.10,1288323
0.10,1283296
0.10,1283175
0.10,1280248
0.10,1276913
0.10,1271143
0.10,1259996
0.10,1250885
0.10,1250490
0.10,1249588
0.11,1249393
0.11,1223470
0.11,1222936
0.11,1219423
0.11,1212049
0.11,1210843
0.11,1200371
0.11,1173337
0.11,1171000
0.11,1157115
0.11,1145306
0.11,1140719
0.12,1126906
0.12,1118916
0.12,1116825
0.12,1116592
0.12,1116315
0.12,1115501
0.12,1113232
0.12,1107664
0.12,1107178
0.12,1107098
0.12,1090772
0.12,1077211
0.12,1065856
0.12,1065849
0.12,1065038
0.13,1056672
0.13,1051083
0.13,1051068
0.13,1048414
0.13,1047174
0.13,1046251
0.13,1032935
0.13,1031801
0.13,1030759
0.13,1027836
0.13,1024971
0.13,1023180
0.14,1013060
0.14,1009145
0.14,1007684
0.15,1001850
0.15,999559
0.15,981448
0.15,976352
0.15,967942
0.15,964717
0.15,957010
0.16,950987
0.16,950380
0.16,949927
0.16,947961
0.16,941792
0.16,936932
0.16,935714
0.17,906310
0.17,905997
0.17,905991
0.18,903184
0.18,897044
0.18,893642
0.18,892631
0.18,880597
0.19,879345
0.20,878051
0.22,875727
0.23,874790
0.25,872112
0.26,868270
0.27,863244
0.30,862443
0.43,861305
0.44,860380
0.45,859926
0.45,857345
0.45,853562
0.45,852556
0.47,852339
0.51,852300
1.26,852054
1.26,851736
1.27,846896
1.28,843323
1.29,841721
2.10,840587
5.09,840569
5.10,840260
5.10,839587
5.10,836038
5.12,832537
5.12,829862
5.13,829467
5.15,826827
5.17,822347
5.19,818286
16.23,815535
16.23,815454
16.24,815454
16.27,815237
16.29,815198
328.71,814010
503.36,812849
503.37,812010
