0.06,6108226
0.06,6068112
0.06,5989487
0.06,5961163
0.06,5959253
0.07,5851888
0.07,5699837
0.07,5696578
0.07,5681504
0.07,5646402
0.07,5616745
0.07,5598263
0.07,5538510
0.07,5519434
0.07,5481060
0.07,5327685
0.07,5259457
0.07,5191375
0.07,5184091
0.07,5150340
0.07,5147611
0.08,5104128
0.08,5101322
0.08,5095080
0.08,5088641
0.08,5068791
0.08,5046579
0.08,5023443
0.08,4968206
0.08,4959535
0.08,4886410
0.08,4885549
0.08,4865807
0.08,4839727
0.08,4837912
0.08,4817996
0.08,4782146
0.08,4733329
0.08,4723022
0.08,4690468
0.08,4657499
0.08,4612879
0.08,4586466
0.08,4537558
0.08,4529298
0.08,4518166
0.08,4509569
0.08,4505796
0.08,4488610
0.08,4477957
0.08,4458891
0.08,4385556
0.08,4319721
0.08,4279318
0.08,4189341
0.08,4172363
0.08,4169786
0.08,4154141
0.08,4108488
0.08,4108344
0.08,3990907
0.09,3901181
0.09,3897681
0.09,3893071
0.09,3872566
0.09,3871814
0.09,3870605
0.09,3870488
0.09,3847213
0.09,3829038
0.09,3812793
0.09,3790013
0.09,3764368
0.09,3756876
0.09,3706839
0.09,3685771
0.09,3683681
0.09,3676675
0.09,3638928
0.09,3630029
0.09,3585117
0.09,3509460
0.09,3463770
0.09,3457720
0.09,3407789
0.09,3390473
0.09,3350387
0.09,3246335
0.09,3239856
0.09,3123223
0.09,3115231
0.09,3101827
0.09,3089202
0.09,3065071
0.09,2981573
0.09,2976391
0.09,2912960
0.09,2909057
0.09,2878505
0.10,2874544
0.10,2874234
0.10,2873358
0.10,2856518
0.10,2772560
0.10,2763175
0.10,2755176
0.10,2731524
0.10,2723393
0.10,2712417
0.10,2700943
0.10,2692609
0.10,2670179
0.10,2640354
0.10,2632579
0.10,2604786
0.10,2596685
0.10,2561021
0.10,2560160
0.10,2552849
0.10,2552056
0.10,2521951
0.10,2518798
0.10,2486656
0.10,2466762
0.10,2460408
0.10,2455132
0.10,2447955
0.10,2444536
0.10,2441529
0.11,2438936
0.11,2434278
0.11,2426629
0.11,2398956
0.11,2339164
0.11,2281164
0.11,2234845
0.11,2222842
0.11,2222451
0.11,2204849
0.11,2169695
0.11,2168396
0.11,2143511
0.11,2112560
0.11,2112496
0.11,2099465
0.11,2089239
0.11,2080456
0.11,2068936
0.11,2066086
0.11,2057776
0.11,2018012
0.12,2010441
0.12,2005666
0.12,1992451
0.12,1991640
0.12,1990400
0.12,1987308
0.12,1984234
0.12,1981947
0.12,1979408
0.12,1944544
0.12,1939139
0.12,1928426
0.12,1910234
0.12,1902486
0.12,1887421
0.12,1872141
0.12,1857840
0.12,1850709
0.12,1834169
0.12,1805673
0.12,1779488
0.12,1767003
0.12,1763908
0.12,1760290
0.12,1749974
0.12,1739878
0.12,1729286
0.12,1728747
0.13,1693114
0.13,1679599
0.13,1677524
0.13,1671770
0.13,1660879
0.19,1653406
0.19,1651672
0.20,1639918
0.20,1639393
0.20,1636709
0.20,1624780
0.20,1617430
0.20,1616824
0.20,1615562
0.20,1613034
0.20,1605922
0.20,1589652
0.20,1585555
0.20,1583823
0.20,1582654
0.20,1582345
0.20,1561516
0.26,1557258
0.26,1557221
0.26,1554601
0.26,1551365
0.26,1546570
0.26,1545670
0.26,1545594
0.26,1535584
0.26,1527885
0.26,1524291
0.26,1505030
0.26,1503279
0.27,1496539
0.27,1488446
0.27,1474243
0.31,1469516
0.31,1449214
0.31,1439435
0.31,1435531
0.31,1415341
0.31,1394347
0.31,1393303
0.31,1392578
0.31,1366563
0.31,1359569
0.31,1353494
0.31,1342597
0.31,1342216
1.25,1340933
1.25,1337323
1.25,1329665
1.25,1303645
1.34,1301582
1.37,1301255
1.37,1261938
1.45,1245289
1.45,1243982
1.45,1236769
1.45,1226786
1.45,1223756
1.45,1222352
1.45,1219823
2.18,1216723
2.18,1202978
2.18,1199576
2.18,1196700
2.22,1193052
2.22,1186736
2.22,1186035
2.22,1184882
2.35,1169737
2.35,1168372
2.35,1168138
2.35,1166358
2.35,1162861
2.35,1159250
2.72,1155284
2.72,1152576
2.72,1151328
2.72,1143194
2.72,1121854
2.72,1120029
2.72,1118840
2.72,1109105
2.72,1104329
2.73,1103808
2.73,1100815
2.73,1093199
2.73,1089680
2.94,1086610
2.94,1086040
2.94,1077953
2.94,1077552
2.94,1076905
2.94,1076799
2.94,1073633
2.94,1073531
3.08,1070689
3.08,1065143
3.08,1064492
3.08,1062648
3.08,1062536
3.08,1062129
3.08,1051325
3.48,1039664
3.48,1031151
3.48,1030352
3.48,1028673
3.66,1016703
3.66,1015375
3.66,1013254
3.67,1006865
3.67,1002807
3.67,995669
3.73,995224
3.73,994269
3.73,994235
3.73,993211
3.74,992920
3.79,991384
3.79,990919
3.79,989184
3.79,987384
3.79,983817
3.79,981992
4.22,978429
4.22,977600
4.22,977547
4.23,977072
4.24,970797
4.24,970402
4.27,966635
4.27,963772
4.27,949461
4.27,946056
4.27,934484
4.27,927081
4.27,926887
4.27,925506
4.99,924363
4.99,923712
4.99,922853
4.99,921476
4.99,918391
4.99,918278
5.12,912753
5.12,909723
5.12,909310
5.12,909032
5.77,905581
5.95,901335
5.97,900621
6.01,898001
6.03,894365
6.03,892811
6.03,889621
6.03,880872
6.26,877532
6.26,873311
6.26,872318
6.27,869960
6.27,865048
6.28,863998
6.28,856220
6.86,854798
6.86,854258
6.86,853702
6.87,841494
6.87,841107
6.87,840548
6.87,839999
6.87,839442
6.87,839225
7.48,837314
7.48,836107
7.49,835080
7.49,835038
7.49,833803
7.68,833597
7.68,832750
8.41,831474
8.41,823771
8.41,823164
8.70,822351
8.70,821452
8.94,819685
8.95,819507
8.95,818965
8.95,818814
8.95,817648
10.61,817282
10.68,816607
10.92,814858
10.97,814227
11.20,813346
11.20,812568
11.56,812428
11.88,811622
11.88,810844
11.88,810763
