0.06,5952962
0.06,5925985
0.06,5903440
0.06,5897729
0.06,5869675
0.06,5811223
0.06,5810773
0.06,5753883
0.06,5644157
0.07,5630441
0.07,5611613
0.07,5578545
0.07,5574802
0.07,5461270
0.07,5450663
0.07,5431315
0.07,5407180
0.07,5376498
0.07,5359482
0.07,5280367
0.07,5265834
0.07,5263108
0.07,5260863
0.07,5232872
0.07,5230213
0.07,5066836
0.07,4994428
0.07,4954812
0.07,4952622
0.08,4950823
0.08,4933224
0.08,4930706
0.08,4917557
0.08,4868164
0.08,4860839
0.08,4849102
0.08,4838224
0.08,4825385
0.08,4815147
0.08,4739073
0.08,4738187
0.08,4716514
0.08,4704432
0.08,4700616
0.08,4673672
0.08,4656115
0.08,4631069
0.08,4618537
0.08,4617042
0.08,4575287
0.08,4554041
0.08,4512701
0.08,4492433
0.08,4451154
0.08,4446323
0.08,4444839
0.08,4444026
0.08,4429519
0.08,4427659
0.08,4367685
0.08,4363742
0.08,4345362
0.08,4322297
0.08,4314713
0.08,4251978
0.08,4217901
0.08,4199333
0.08,4192690
0.08,4189557
0.08,4177141
0.08,4162972
0.08,4125659
0.08,4103074
0.08,4094877
0.08,4092464
0.08,4066316
0.08,4065213
0.08,4058226
0.08,4004042
0.08,3998225
0.08,3982525
0.08,3929998
0.08,3908795
0.09,3867380
0.09,3837757
0.09,3725576
0.09,3722034
0.09,3716742
0.09,3711043
0.09,3702654
0.09,3685724
0.09,3673887
0.09,3660328
0.09,3637748
0.09,3617858
0.09,3600394
0.09,3570510
0.09,3528741
0.09,3495846
0.09,3470052
0.09,3399996
0.09,3393930
0.09,3321422
0.09,3317536
0.09,3295937
0.09,3279209
0.09,3267848
0.09,3264935
0.09,3253575
0.09,3245731
0.09,3243249
0.09,3231930
0.09,3205247
0.09,3183606
0.09,3179216
0.09,3155278
0.09,3108826
0.09,3091191
0.09,3089439
0.09,3041615
0.09,2968918
0.09,2965546
0.09,2948934
0.09,2942017
0.09,2880985
0.09,2876033
0.09,2838237
0.09,2813481
0.09,2798804
0.09,2756763
0.09,2722185
0.09,2720574
0.09,2670027
0.09,2639955
0.09,2638277
0.10,2596135
0.10,2586896
0.10,2565129
0.10,2564880
0.10,2555335
0.10,2546008
0.10,2530006
0.10,2524947
0.10,2521934
0.10,2511188
0.10,2508923
0.10,2500212
0.10,2489302
0.10,2474455
0.10,2471498
0.10,2467048
0.10,2420346
0.10,2371295
0.10,2356529
0.10,2352621
0.10,2341632
0.10,2338862
0.10,2331490
0.10,2321254
0.10,2275842
0.10,2274798
0.11,2232122
0.11,2219753
0.11,2198456
0.11,2197342
0.11,2195627
0.11,2169743
0.11,2167290
0.11,2164492
0.11,2152459
0.11,2143394
0.11,2125451
0.11,2123203
0.11,2114279
0.11,2108583
0.11,2093647
0.11,2078648
0.11,2065922
0.11,2063842
0.11,2063440
0.11,2062180
0.11,2028897
0.11,2013192
0.12,1996262
0.12,1989353
0.12,1987347
0.12,1950930
0.12,1945261
0.12,1936599
0.12,1911354
0.12,1907506
0.12,1902947
0.12,1890266
0.12,1877933
0.12,1853364
0.12,1848813
0.13,1839627
0.13,1834047
0.13,1832481
0.13,1832390
0.13,1831695
0.13,1812278
0.16,1811355
0.16,1806122
0.16,1760144
0.16,1749053
0.16,1736826
0.16,1725144
0.16,1720033
0.16,1709672
0.16,1696241
0.16,1680288
0.16,1680100
0.16,1678818
0.16,1674847
0.16,1674124
0.16,1673583
0.16,1672354
0.16,1671605
0.16,1660955
0.16,1646320
0.16,1636650
0.16,1632059
0.16,1630556
0.16,1589340
0.16,1582891
0.16,1564961
0.16,1557845
0.16,1522413
0.16,1517798
0.38,1513075
0.38,1512335
0.38,1494577
0.38,1493256
0.38,1491918
0.38,1488697
0.38,1488470
0.49,1480795
0.49,1443393
0.76,1439420
0.77,1438919
0.77,1425575
0.77,1424051
0.77,1417143
0.82,1414304
0.82,1404057
0.82,1403996
0.82,1388315
0.83,1385783
0.83,1385269
0.83,1384699
0.83,1370946
1.03,1364572
1.14,1362687
1.14,1361566
1.14,1349513
1.14,1349025
1.14,1341096
1.14,1338210
1.14,1330319
1.14,1327208
1.14,1309731
1.14,1301493
1.14,1295869
1.22,1289946
1.43,1281730
1.43,1276428
1.43,1274900
1.43,1264143
1.43,1259336
1.57,1252226
1.57,1252169
1.57,1240725
2.05,1237219
2.05,1236698
2.05,1235724
2.05,1235661
2.05,1235447
2.16,1219180
2.16,1216923
2.16,1204358
2.16,1201916
2.17,1189763
2.17,1177019
2.17,1175442
2.17,1166865
2.17,1158977
2.17,1158832
2.18,1157721
2.18,1155853
2.18,1151441
2.18,1133024
2.18,1126476
2.18,1112977
2.18,1107787
2.18,1105588
2.77,1096685
2.80,1095782
2.80,1091089
2.81,1077807
2.81,1057815
2.81,1056756
2.81,1055058
2.81,1055041
2.81,1054882
2.81,1053643
2.81,1053413
2.81,1030331
4.08,1023938
4.23,1013937
4.23,1009969
4.44,999536
4.44,993568
4.47,981865
4.55,978660
4.55,978166
4.55,970623
4.55,970530
4.55,969662
4.56,967164
4.56,962941
4.56,962054
4.56,952872
4.69,951899
4.69,940368
4.69,933828
4.69,933086
4.69,930645
4.69,930117
4.69,928745
4.70,927890
5.08,927676
5.08,925401
5.08,924840
5.08,923967
5.08,921296
5.08,920518
5.08,915354
5.08,914391
5.08,914197
5.08,910861
5.08,906275
5.09,905667
5.21,900299
5.21,899513
5.40,888568
5.40,887793
5.40,881381
5.40,880161
5.41,877179
5.83,874995
5.83,874880
6.29,872915
6.29,867773
6.30,861855
6.98,861548
6.98,861380
7.14,858298
7.33,853778
7.34,850376
7.34,849372
7.34,844970
7.34,844024
7.47,842453
7.83,840269
7.84,838031
7.84,837193
7.84,837193
7.95,832033
8.13,831530
8.75,830801
8.76,829529
8.76,828832
8.76,828615
8.76,828214
8.76,827920
8.76,827839
9.42,827682
9.43,827557
9.43,826496
9.76,825979
9.78,825929
9.85,825899
9.88,825065
9.90,825062
9.90,824320
9.90,822246
9.90,821774
11.39,821461
11.39,820614
11.39,818279
13.48,818061
13.49,817844
13.56,817804
14.42,817765
