0.00,6052767
0.01,6009791
0.01,5957007
0.01,5890707
0.01,5840181
0.01,5822212
0.01,5783529
0.01,5769628
0.01,5760830
0.01,5710326
0.01,5621147
0.01,5608975
0.01,5511148
0.01,5510258
0.01,5454850
0.01,5427119
0.01,5355469
0.01,5339647
0.02,5271681
0.02,5244338
0.02,5229515
0.02,5228262
0.02,5208168
0.02,5199979
0.02,5144461
0.02,5114173
0.02,5107640
0.02,5107295
0.02,5097674
0.02,5005252
0.02,4992273
0.02,4992117
0.02,4965635
0.02,4963818
0.02,4915371
0.02,4904268
0.02,4880944
0.02,4827773
0.02,4799358
0.02,4762727
0.02,4758346
0.02,4739561
0.02,4734377
0.02,4727853
0.02,4725871
0.02,4708021
0.02,4702636
0.02,4690927
0.02,4645718
0.02,4560047
0.02,4546797
0.02,4544587
0.02,4511654
0.02,4493253
0.02,4395348
0.02,4369162
0.03,4336805
0.03,4315008
0.03,4292520
0.03,4267357
0.03,4256383
0.03,4210548
0.03,4205079
0.03,4197563
0.03,4195677
0.03,4069110
0.03,4064162
0.03,4027841
0.03,4018997
0.03,4014608
0.03,3971949
0.03,3945016
0.03,3929465
0.03,3916296
0.03,3903263
0.03,3867629
0.03,3866922
0.03,3784811
0.03,3765414
0.03,3764443
0.03,3752167
0.03,3692289
0.03,3688736
0.04,3644514
0.04,3630552
0.04,3614228
0.04,3603629
0.04,3592759
0.04,3584480
0.04,3558396
0.04,3515343
0.04,3510938
0.04,3487829
0.04,3472631
0.04,3380895
0.04,3351985
0.04,3351808
0.04,3347798
0.04,3346842
0.04,3300314
0.04,3298610
0.04,3292850
0.04,3277985
0.04,3263478
0.04,3231354
0.04,3213089
0.04,3159296
0.04,3146431
0.04,3119649
0.04,3107541
0.04,3100995
0.04,3081602
0.04,3035633
0.04,3024495
0.04,3020506
0.04,3016873
0.04,3008485
0.04,3004377
0.04,2973657
0.05,2954465
0.05,2952413
0.05,2930189
0.05,2877504
0.05,2875774
0.05,2830069
0.05,2821209
0.05,2810506
0.05,2776284
0.05,2775528
0.05,2737862
0.05,2664161
0.05,2640908
0.05,2634700
0.05,2631823
0.05,2621065
0.05,2617673
0.05,2605724
0.05,2583245
0.05,2552298
0.05,2549847
0.05,2545418
0.05,2486709
0.05,2474691
0.05,2454967
0.05,2453185
0.05,2436438
0.05,2397544
0.05,2381838
0.05,2381423
0.05,2373873
0.05,2373379
0.05,2368613
0.06,2353009
0.06,2352298
0.06,2327992
0.06,2323303
0.06,2307281
0.06,2301650
0.06,2299419
0.06,2276377
0.06,2236380
0.06,2222016
0.06,2186039
0.06,2157153
0.06,2156918
0.06,2143010
0.06,2138713
0.06,2136994
0.06,2128291
0.06,2127669
0.06,2122559
0.06,2108263
0.06,2107641
0.06,2098734
0.07,2097845
0.07,2081050
0.07,2072962
0.07,2068262
0.07,2061004
0.07,2057534
0.07,2050562
0.07,2040173
0.07,2035172
0.07,2018196
0.07,2011232
0.07,1998185
0.07,1995293
0.07,1971997
0.07,1954357
0.07,1909442
0.07,1889679
0.07,1873492
0.07,1858572
0.07,1849933
0.07,1833483
0.07,1828455
0.07,1820883
0.07,1815551
0.07,1806329
0.08,1805094
0.08,1799503
0.08,1798178
0.08,1784242
0.08,1773220
0.08,1756290
0.08,1749642
0.08,1748616
0.08,1737636
0.08,1724747
0.08,1722986
0.08,1722974
0.08,1713291
0.08,1709944
0.08,1709474
0.08,1696835
0.08,1674959
0.08,1674907
0.08,1674429
0.08,1651908
0.08,1628280
0.08,1607060
0.08,1604196
0.08,1593011
0.08,1577669
0.08,1571420
0.08,1532124
0.08,1531129
0.08,1523344
0.08,1522678
0.08,1520796
0.08,1519768
0.08,1513197
0.08,1506747
0.09,1499528
0.09,1497525
0.09,1497116
0.09,1496845
0.09,1496424
0.09,1482393
0.09,1477786
0.09,1476460
0.09,1475395
0.09,1474945
0.09,1459008
0.09,1458911
0.09,1456096
0.09,1442985
0.09,1407786
0.09,1406970
0.09,1404075
0.09,1399488
0.10,1369340
0.10,1364255
0.10,1358537
0.10,1344378
0.10,1342962
0.10,1327498
0.10,1326558
0.10,1325247
0.10,1319391
0.10,1315369
0.11,1306118
0.11,1303902
0.11,1302692
0.11,1300728
0.11,1297526
0.11,1283682
0.11,1281618
0.11,1275827
0.11,1273494
0.11,1271798
0.11,1268120
0.11,1257314
0.11,1253573
0.11,1249308
0.12,1237460
0.12,1236871
0.12,1235529
0.12,1233370
0.12,1229566
0.12,1186162
0.12,1183111
0.12,1182521
0.12,1158140
0.12,1137903
0.13,1130196
0.13,1119290
0.13,1106628
0.13,1106582
0.13,1105601
0.13,1101393
0.13,1095762
0.13,1079740
0.14,1078193
0.14,1074777
0.14,1070450
0.14,1068113
0.14,1063035
0.15,1048694
0.15,1045909
0.15,1043989
0.15,1036584
0.15,1035339
0.15,1033373
0.16,1028607
0.16,1027765
0.16,1025629
0.16,1015762
0.16,1015157
0.16,1014794
0.16,1009160
0.17,1002721
0.17,998002
0.18,985682
0.18,974741
0.18,969127
0.18,968385
0.18,966272
0.20,966233
0.20,965455
0.20,957992
0.20,957396
0.21,957107
0.21,953427
0.22,952490
0.22,926760
0.25,924061
0.28,920209
0.35,912051
0.35,909547
0.36,908310
0.36,906110
0.38,905019
0.38,902216
0.38,901340
0.39,900141
0.40,900100
0.41,891875
0.41,889434
0.60,885170
0.61,884233
0.62,881464
0.62,875085
0.62,868529
0.63,868228
0.64,864721
0.76,864304
0.77,862166
0.77,862126
0.78,860323
0.78,853310
0.80,852450
0.80,847388
0.81,845214
0.81,842971
0.82,836642
2.43,831918
2.45,828986
2.48,828871
5.15,828451
5.15,828451
5.16,826011
5.16,825404
5.18,822941
5.18,818881
46.20,818821
73.79,818577
73.79,815873
73.81,815411
223.13,813318
