0.00,6048454
0.01,6047422
0.01,6024577
0.01,5997078
0.01,5981300
0.01,5940364
0.01,5867980
0.01,5855815
0.01,5854593
0.01,5836703
0.01,5755724
0.01,5736581
0.01,5648999
0.01,5618787
0.01,5618424
0.01,5517155
0.01,5512958
0.01,5484993
0.01,5461608
0.01,5461163
0.01,5452216
0.01,5415133
0.01,5396994
0.01,5371361
0.01,5291018
0.02,5228601
0.02,5226799
0.02,5210699
0.02,5207042
0.02,5176127
0.02,5151373
0.02,5074623
0.02,5070246
0.02,5027246
0.02,4977246
0.02,4906315
0.02,4898687
0.02,4892151
0.02,4840261
0.02,4835473
0.02,4820815
0.02,4760039
0.02,4699035
0.02,4608946
0.02,4608081
0.02,4607643
0.02,4594595
0.02,4512900
0.02,4484636
0.02,4460712
0.02,4450645
0.02,4435198
0.02,4423207
0.02,4380097
0.02,4365324
0.02,4317047
0.02,4277595
0.02,4272026
0.02,4232575
0.02,4226204
0.02,4220004
0.02,4131393
0.03,4035412
0.03,4024137
0.03,4003378
0.03,4001549
0.03,3932891
0.03,3782385
0.03,3755285
0.03,3739350
0.03,3734756
0.03,3694072
0.03,3687856
0.03,3653914
0.03,3628317
0.03,3627978
0.03,3611327
0.03,3597378
0.03,3592039
0.03,3590234
0.03,3533176
0.03,3498193
0.03,3471023
0.03,3467328
0.03,3462308
0.03,3454650
0.03,3371527
0.03,3339228
0.03,3324303
0.03,3302903
0.03,3194489
0.03,3178987
0.03,3176095
0.03,3172213
0.03,3155964
0.03,3149857
0.03,3118183
0.03,3100440
0.03,3084102
0.03,3041949
0.04,3031521
0.04,3011815
0.04,2996851
0.04,2981026
0.04,2978521
0.04,2977155
0.04,2975060
0.04,2965879
0.04,2937444
0.04,2889436
0.04,2888746
0.04,2887749
0.04,2861184
0.04,2843091
0.04,2841791
0.04,2838491
0.04,2831127
0.04,2817801
0.04,2817127
0.04,2815773
0.04,2770443
0.04,2750284
0.04,2745500
0.04,2730248
0.04,2725871
0.04,2667927
0.04,2659015
0.04,2654798
0.05,2645260
0.05,2609183
0.05,2603584
0.05,2555162
0.05,2548952
0.05,2538807
0.05,2531546
0.05,2525516
0.05,2505848
0.05,2503540
0.05,2456247
0.05,2450783
0.05,2450375
0.05,2436731
0.05,2415718
0.05,2412714
0.05,2406663
0.05,2396638
0.05,2355654
0.05,2355133
0.05,2336028
0.05,2333685
0.05,2330131
0.05,2326246
0.05,2312459
0.05,2297067
0.05,2284846
0.05,2276243
0.05,2270024
0.05,2261872
0.05,2242000
0.05,2230444
0.05,2206180
0.05,2196206
0.05,2189273
0.06,2182569
0.06,2181389
0.06,2145161
0.06,2143422
0.06,2137506
0.06,2137266
0.06,2128770
0.06,2120520
0.06,2118366
0.06,2113490
0.06,2100499
0.06,2096612
0.06,2085515
0.06,2044206
0.06,2011740
0.06,2008381
0.06,1979458
0.06,1974408
0.06,1967977
0.06,1963594
0.06,1950936
0.06,1926771
0.06,1896021
0.06,1892843
0.06,1885340
0.06,1861018
0.06,1860283
0.06,1857909
0.06,1852490
0.07,1850768
0.07,1844562
0.07,1831132
0.07,1813393
0.07,1811174
0.07,1796491
0.07,1795523
0.07,1792849
0.07,1792781
0.07,1786175
0.07,1781114
0.07,1764310
0.07,1743372
0.07,1742880
0.07,1736208
0.07,1732643
0.07,1724352
0.07,1685047
0.07,1664267
0.07,1630617
0.07,1630518
0.07,1628936
0.07,1626455
0.07,1595997
0.08,1581922
0.08,1578784
0.08,1578666
0.08,1577262
0.08,1526564
0.08,1524019
0.08,1514993
0.08,1504635
0.08,1485363
0.08,1484119
0.08,1444077
0.08,1442688
0.08,1435493
0.08,1427740
0.08,1402684
0.08,1397725
0.08,1392529
0.09,1388518
0.09,1373435
0.09,1355724
0.09,1335682
0.09,1335104
0.09,1332767
0.09,1327484
0.09,1326503
0.09,1322819
0.09,1320052
0.09,1289409
0.09,1283856
0.09,1257351
0.09,1256071
0.09,1225415
0.09,1220553
0.09,1220170
0.09,1220168
0.09,1205916
0.09,1204051
0.09,1199634
0.10,1198532
0.10,1196601
0.10,1193845
0.10,1191973
0.10,1190990
0.10,1187590
0.10,1187370
0.10,1149027
0.10,1148334
0.10,1139752
0.10,1130360
0.10,1117252
0.11,1115556
0.11,1107893
0.11,1106200
0.11,1105082
0.11,1104961
0.11,1094679
0.11,1089533
0.11,1088357
0.11,1087530
0.11,1086704
0.12,1075523
0.12,1071900
0.12,1058218
0.12,1041266
0.12,1034715
0.13,1030646
0.13,1030331
0.13,1025504
0.13,1021752
0.13,1005542
0.13,1004829
0.14,996692
0.14,992108
0.15,991023
0.15,988699
0.15,988084
0.15,984800
0.16,983238
0.16,976798
0.17,976690
0.17,974873
0.18,974424
0.18,972591
0.19,971409
0.19,968909
0.19,968513
0.21,964172
0.21,960114
0.21,957151
0.22,951978
0.23,949763
0.24,942805
0.24,942138
0.24,941489
0.24,926441
0.25,923498
0.25,922984
0.26,918519
0.29,918262
0.40,917904
0.40,917904
0.43,916522
0.43,916009
0.45,909689
0.45,908587
0.90,899498
0.90,880720
0.91,878659
0.94,873117
0.95,870283
0.96,869434
1.00,869434
1.06,869228
1.07,867073
1.07,864106
1.09,864106
1.09,846419
4.31,846397
4.31,843083
4.32,840802
4.32,839002
4.34,837085
4.34,830975
4.34,830406
4.34,827066
4.35,823649
4.37,821494
12.58,817989
12.61,815834
12.62,815795
29.72,815464
246.76,813206
351.02,813040
