0.06,6556365
0.07,6514881
0.07,6511648
0.07,6495686
0.07,6490330
0.07,6459718
0.07,6442764
0.07,6427688
0.07,6291831
0.07,6194098
0.07,6189886
0.07,6107985
0.07,5990293
0.07,5922581
0.07,5858055
0.07,5841960
0.07,5840207
0.07,5833397
0.07,5766305
0.07,5684360
0.07,5569778
0.07,5554584
0.08,5471032
0.08,5470193
0.08,5462894
0.08,5439532
0.08,5386920
0.08,5377138
0.08,5360745
0.08,5341300
0.08,5337020
0.08,5335431
0.08,5321472
0.08,5320070
0.08,5297089
0.08,5295265
0.08,5244014
0.08,5219505
0.08,5200376
0.08,5185839
0.08,5146830
0.08,5139373
0.08,5123118
0.08,5040151
0.08,5038223
0.08,5025244
0.08,5024816
0.08,4994720
0.09,4979896
0.09,4978490
0.09,4969726
0.09,4969490
0.09,4965803
0.09,4932668
0.09,4930913
0.09,4928173
0.09,4905334
0.09,4881262
0.09,4807255
0.09,4654960
0.09,4616652
0.09,4577455
0.09,4538329
0.09,4497907
0.09,4493850
0.09,4415223
0.09,4414122
0.09,4380055
0.09,4375049
0.09,4354522
0.09,4345192
0.09,4333619
0.09,4332209
0.09,4293612
0.09,4282399
0.09,4272321
0.09,4174168
0.09,4135192
0.09,4079312
0.09,4077343
0.09,4076509
0.09,4076474
0.09,4075637
0.09,4046738
0.09,4036954
0.09,3999617
0.09,3976530
0.09,3947071
0.09,3899071
0.09,3896003
0.09,3892752
0.09,3868427
0.09,3818710
0.09,3755005
0.09,3726739
0.09,3724564
0.09,3705008
0.09,3664008
0.09,3646091
0.09,3645977
0.09,3601525
0.09,3578507
0.10,3560712
0.10,3556969
0.10,3555745
0.10,3531801
0.10,3523274
0.10,3484927
0.10,3420732
0.10,3416213
0.10,3309868
0.10,3300623
0.10,3299122
0.10,3264813
0.10,3237844
0.10,3237749
0.10,3215486
0.10,3203140
0.10,3161211
0.10,3151781
0.10,3142957
0.10,3106993
0.10,3089978
0.10,3089686
0.10,3022524
0.10,3021320
0.10,2975044
0.10,2973552
0.10,2949188
0.10,2948251
0.10,2947813
0.10,2923457
0.10,2900270
0.10,2879231
0.10,2865009
0.10,2848207
0.10,2847547
0.10,2847268
0.10,2841617
0.10,2814705
0.10,2794961
0.10,2780544
0.10,2771874
0.10,2752864
0.10,2717687
0.10,2692614
0.10,2692010
0.10,2677479
0.10,2677152
0.10,2633092
0.10,2606525
0.10,2599072
0.10,2582683
0.10,2527902
0.10,2511860
0.10,2493587
0.10,2485480
0.10,2459614
0.11,2446143
0.11,2427274
0.11,2414183
0.11,2408420
0.11,2404727
0.11,2395116
0.11,2392010
0.11,2391304
0.11,2384414
0.11,2381782
0.11,2379974
0.11,2367402
0.11,2356650
0.11,2352535
0.12,2331976
0.12,2331298
0.12,2308457
0.12,2261032
0.12,2260102
0.12,2254240
0.12,2231521
0.12,2211604
0.12,2207867
0.12,2205429
0.12,2194239
0.12,2181714
0.12,2176249
0.12,2176187
0.12,2172282
0.12,2168375
0.12,2159742
0.12,2133751
0.12,2121388
0.12,2109160
0.12,2079249
0.12,2046156
0.12,2032721
0.12,2031186
0.12,2030034
0.12,2028510
0.12,1985742
0.12,1981462
0.12,1970722
0.13,1968197
0.13,1958027
0.13,1952335
0.13,1946986
0.13,1941654
0.13,1920221
0.13,1919546
0.13,1910132
0.14,1883642
0.14,1881705
0.14,1879097
0.14,1877763
0.14,1876159
0.14,1869449
0.14,1863703
0.14,1861837
0.14,1816541
0.14,1816540
0.14,1815141
0.15,1793096
0.15,1792040
0.15,1784279
0.15,1781241
0.15,1776634
0.15,1762768
0.15,1757504
0.15,1748812
0.15,1736288
0.15,1727245
0.15,1711170
0.15,1710454
0.15,1707859
0.15,1706726
0.15,1690417
0.15,1687789
0.15,1687759
0.15,1682135
0.16,1678646
0.16,1666624
0.16,1660825
0.16,1651867
0.16,1629889
0.25,1613914
0.26,1605424
0.26,1596010
0.26,1581673
0.26,1570631
0.26,1546547
0.26,1544663
0.26,1533233
0.26,1532298
0.26,1508000
0.26,1502168
0.26,1498276
0.26,1495447
0.30,1492026
0.30,1481116
0.52,1478980
0.52,1472213
0.52,1470335
0.52,1467286
0.52,1451298
0.52,1451230
0.52,1437197
0.69,1434450
0.69,1433332
0.69,1431014
0.79,1414114
0.79,1394666
0.86,1388751
0.86,1383858
0.86,1379348
0.86,1368414
0.86,1368366
0.86,1357309
0.86,1355407
0.86,1354604
0.86,1353242
1.11,1348618
1.11,1339408
1.11,1334639
1.11,1325760
1.11,1324337
1.11,1311898
1.11,1308137
1.11,1300104
1.11,1294321
1.11,1288611
1.12,1281392
1.12,1278362
1.12,1276073
1.12,1260657
1.12,1249917
1.80,1245099
1.80,1240834
1.80,1238201
1.80,1217389
1.80,1215392
2.03,1214992
2.03,1204011
2.03,1201860
2.04,1197972
2.04,1194119
2.04,1188596
2.04,1170991
2.04,1165712
2.04,1161489
2.51,1154627
2.51,1154192
2.51,1144555
2.51,1134376
2.51,1133131
2.99,1126702
2.99,1126688
3.08,1116647
3.32,1113661
3.32,1112585
3.32,1110729
3.32,1105428
3.32,1093714
3.32,1085895
3.32,1076441
3.32,1070918
3.32,1069830
3.32,1067933
3.33,1057072
3.33,1047777
3.33,1047443
3.33,1039795
3.33,1039325
3.65,1037269
3.94,1035495
3.95,1034907
3.95,1033550
3.95,1032337
4.08,1029374
4.09,1022934
4.13,1021374
4.13,1019291
4.13,1018829
4.13,1012254
4.14,1007796
4.14,1005805
4.14,1004422
4.14,1004264
4.15,992245
4.15,989154
4.44,981694
4.44,981245
4.44,975618
4.44,975536
4.44,974967
4.55,972133
4.55,968991
4.55,963861
4.55,962093
4.72,961858
4.72,960351
4.72,959185
4.78,958427
4.79,955658
4.79,944986
4.79,938381
4.79,938341
4.79,935001
4.79,933126
4.79,930992
4.88,930858
4.88,921675
5.52,909172
5.52,908574
5.52,907546
5.52,903355
5.52,899751
5.53,899613
5.53,893984
5.53,889326
5.53,885997
5.53,878334
5.53,871703
5.53,868997
5.53,866392
6.32,864802
6.63,864243
7.14,857159
7.14,855071
7.14,854746
7.16,854274
7.16,853213
7.17,848308
7.18,844961
7.18,842572
7.56,839395
7.58,838273
7.58,835108
7.58,834169
7.58,833920
7.58,828981
9.79,828516
9.88,827792
9.88,827315
9.88,822984
10.12,821522
10.21,820374
10.66,820106
10.66,818717
10.66,817780
11.43,817561
11.43,816922
11.43,816841
11.84,816474
11.90,815679
11.90,815150
13.36,815029
13.47,814441
14.00,814225
