0.00,6041396
0.01,6008796
0.01,5964648
0.01,5962732
0.01,5958224
0.01,5819594
0.01,5711920
0.01,5710364
0.01,5631705
0.01,5615769
0.01,5575526
0.01,5479050
0.01,5389542
0.01,5379391
0.01,5378437
0.01,5349934
0.01,5232884
0.01,5171359
0.01,5169038
0.01,5128736
0.01,5109756
0.01,5035162
0.01,4990979
0.01,4980660
0.01,4889561
0.01,4879748
0.02,4878095
0.02,4874242
0.02,4869801
0.02,4867310
0.02,4830579
0.02,4814536
0.02,4776255
0.02,4766735
0.02,4744174
0.02,4673122
0.02,4672897
0.02,4642842
0.02,4638178
0.02,4588960
0.02,4510697
0.02,4475443
0.02,4457402
0.02,4449693
0.02,4444185
0.02,4409313
0.02,4408439
0.02,4390723
0.02,4371568
0.02,4321440
0.02,4317901
0.02,4308800
0.02,4261434
0.02,4250600
0.02,4247602
0.02,4242202
0.02,4201642
0.02,4188824
0.03,4188140
0.03,4185084
0.03,4182797
0.03,4169333
0.03,4119435
0.03,4103108
0.03,4091531
0.03,4077574
0.03,3993967
0.03,3991176
0.03,3965003
0.03,3939800
0.03,3931996
0.03,3905911
0.03,3889191
0.03,3879389
0.03,3865917
0.03,3863658
0.03,3799002
0.03,3773039
0.03,3694015
0.03,3632581
0.03,3607862
0.03,3607351
0.03,3589385
0.03,3577003
0.03,3556934
0.03,3525588
0.03,3524388
0.03,3507823
0.03,3507789
0.03,3506607
0.03,3496148
0.03,3483593
0.03,3427641
0.03,3407716
0.03,3396930
0.03,3386505
0.03,3330162
0.03,3314555
0.03,3257176
0.03,3220310
0.03,3217935
0.03,3204350
0.03,3195539
0.04,3194879
0.04,3157778
0.04,3155995
0.04,3147718
0.04,3129036
0.04,3128313
0.04,3122124
0.04,3114333
0.04,3103024
0.04,3102935
0.04,3096836
0.04,3094460
0.04,3082770
0.04,3055570
0.04,3054444
0.04,3054252
0.04,3051845
0.04,3041097
0.04,3040421
0.04,3039096
0.04,3022928
0.04,2989585
0.04,2970314
0.04,2969440
0.04,2967423
0.04,2956810
0.04,2949217
0.04,2934203
0.04,2882607
0.05,2848122
0.05,2820170
0.05,2816322
0.05,2793464
0.05,2781570
0.05,2765393
0.05,2744038
0.05,2735715
0.05,2668839
0.05,2631272
0.05,2628173
0.05,2621708
0.05,2615475
0.05,2606548
0.05,2606479
0.05,2577547
0.05,2568449
0.05,2565558
0.05,2502552
0.05,2478097
0.05,2471548
0.05,2463268
0.05,2441200
0.05,2410519
0.05,2405115
0.05,2403105
0.05,2401844
0.05,2391602
0.05,2386967
0.05,2339827
0.05,2338655
0.05,2311656
0.05,2310194
0.05,2286992
0.05,2274881
0.05,2269202
0.05,2263208
0.06,2260346
0.06,2260161
0.06,2251799
0.06,2221245
0.06,2217269
0.06,2217140
0.06,2160682
0.06,2143673
0.06,2138063
0.06,2136965
0.06,2133106
0.06,2127056
0.06,2120144
0.06,2118568
0.06,2103659
0.06,2102893
0.06,2102711
0.06,2102480
0.06,2081305
0.06,2073440
0.06,2058704
0.06,2041522
0.06,2038865
0.07,2035002
0.07,2018027
0.07,1996200
0.07,1994232
0.07,1993415
0.07,1992855
0.07,1981318
0.07,1974936
0.07,1926925
0.07,1925965
0.07,1911290
0.07,1897594
0.07,1862752
0.07,1852189
0.07,1850777
0.07,1822089
0.07,1803365
0.07,1781114
0.07,1780171
0.07,1776277
0.07,1741901
0.07,1729164
0.07,1725269
0.07,1724977
0.07,1724721
0.07,1716111
0.07,1712520
0.08,1701830
0.08,1698146
0.08,1694644
0.08,1675207
0.08,1674813
0.08,1665995
0.08,1655321
0.08,1648620
0.08,1640283
0.08,1635873
0.08,1631677
0.08,1622717
0.08,1621942
0.08,1611221
0.08,1607497
0.08,1599261
0.08,1594095
0.08,1591385
0.08,1587430
0.08,1582849
0.08,1578838
0.09,1572151
0.09,1555367
0.09,1552855
0.09,1549885
0.09,1545460
0.09,1539959
0.09,1533511
0.09,1529713
0.09,1527227
0.09,1507384
0.09,1504810
0.09,1483289
0.09,1482588
0.09,1480242
0.10,1469863
0.10,1455999
0.10,1454470
0.10,1452303
0.10,1438517
0.10,1417673
0.10,1414138
0.10,1411108
0.10,1407999
0.10,1407807
0.10,1401309
0.10,1392849
0.10,1389066
0.10,1382178
0.10,1374602
0.10,1366556
0.10,1329026
0.10,1324840
0.10,1320159
0.10,1318808
0.10,1317302
0.10,1308167
0.11,1306715
0.11,1302739
0.11,1302369
0.11,1294628
0.11,1293531
0.11,1288231
0.11,1285532
0.11,1276257
0.11,1267199
0.11,1265673
0.11,1256744
0.11,1230836
0.12,1229045
0.12,1227475
0.12,1220652
0.12,1211932
0.12,1189391
0.12,1185193
0.12,1149805
0.12,1149798
0.12,1149674
0.12,1149591
0.13,1144250
0.13,1130359
0.13,1128259
0.13,1126604
0.14,1106905
0.14,1105126
0.14,1098534
0.14,1097933
0.14,1091758
0.15,1089740
0.15,1087976
0.15,1086481
0.15,1080891
0.15,1069959
0.16,1068707
0.16,1067624
0.16,1067618
0.16,1066229
0.16,1047196
0.16,1045954
0.16,1042789
0.16,1036231
0.16,1031488
0.17,1028610
0.17,1015959
0.18,1014673
0.18,1014023
0.19,1013476
0.20,1011284
0.20,1010972
0.20,1005956
0.20,1000166
0.20,969404
0.20,966513
0.21,964751
0.23,963810
0.23,958673
0.24,958215
0.25,950260
0.27,947943
0.30,943938
0.38,941549
0.39,941420
0.39,941234
0.40,939402
0.40,938614
0.42,932276
0.43,930578
0.45,929673
0.46,927518
0.49,927507
0.76,921413
0.77,917179
0.77,916332
0.81,913414
0.83,910068
1.32,901580
1.33,901580
1.34,899031
1.52,895339
1.54,895300
1.65,892044
1.65,872009
1.66,870681
1.66,868629
1.67,867357
1.68,867275
1.69,865794
2.47,861857
2.48,855365
2.49,853149
2.49,850327
2.50,848705
2.50,848488
2.51,848449
2.52,837178
2.55,835023
5.36,829388
5.36,820499
5.37,819721
5.49,814857
5.50,814010
234.62,813040
234.65,812824
234.65,812784
