0.00,5982681
0.01,5918160
0.01,5890946
0.01,5884446
0.01,5849297
0.01,5841627
0.01,5840956
0.01,5840175
0.01,5830193
0.01,5821232
0.01,5820965
0.01,5778749
0.01,5644696
0.01,5634942
0.01,5616540
0.01,5602458
0.01,5477371
0.01,5354632
0.01,5267121
0.02,5237063
0.02,5215947
0.02,5205774
0.02,5186660
0.02,5127074
0.02,5083212
0.02,5073572
0.02,5034809
0.02,4955252
0.02,4897813
0.02,4889997
0.02,4870075
0.02,4865039
0.02,4833758
0.02,4832304
0.02,4815360
0.02,4773693
0.02,4620143
0.02,4526929
0.02,4520893
0.02,4498402
0.02,4481944
0.02,4457257
0.02,4445284
0.02,4435313
0.02,4431741
0.02,4415770
0.02,4377772
0.02,4368774
0.02,4273860
0.02,4273577
0.02,4271176
0.02,4266761
0.02,4244376
0.03,4190347
0.03,4103540
0.03,4066613
0.03,4012279
0.03,3977893
0.03,3938408
0.03,3933441
0.03,3932681
0.03,3930540
0.03,3861359
0.03,3825017
0.03,3823892
0.03,3821210
0.03,3742073
0.03,3737241
0.03,3716666
0.03,3714079
0.03,3660898
0.03,3538389
0.03,3500020
0.03,3408472
0.03,3384685
0.03,3349634
0.03,3342759
0.03,3321990
0.03,3321161
0.03,3307677
0.03,3297595
0.03,3296352
0.03,3284128
0.03,3283534
0.03,3179937
0.03,3176878
0.03,3168925
0.03,3159480
0.03,3131569
0.03,3112178
0.03,3105243
0.03,3103114
0.03,3097931
0.03,3088160
0.03,3086351
0.03,3064653
0.04,3062299
0.04,3057286
0.04,3030563
0.04,2998303
0.04,2969510
0.04,2968123
0.04,2963358
0.04,2956347
0.04,2942335
0.04,2929034
0.04,2911579
0.04,2906991
0.04,2872015
0.04,2778747
0.04,2778404
0.04,2710899
0.04,2692925
0.04,2687317
0.04,2681280
0.04,2680846
0.04,2673025
0.04,2671858
0.04,2637836
0.04,2604229
0.04,2593500
0.04,2582569
0.04,2576893
0.04,2538100
0.04,2517877
0.04,2517061
0.04,2498346
0.05,2493483
0.05,2482409
0.05,2477461
0.05,2458578
0.05,2458452
0.05,2435229
0.05,2434969
0.05,2433640
0.05,2422829
0.05,2420366
0.05,2420217
0.05,2415094
0.05,2401959
0.05,2401620
0.05,2383296
0.05,2376684
0.05,2353139
0.05,2336467
0.05,2331208
0.05,2321607
0.05,2315623
0.05,2315502
0.05,2310033
0.05,2295349
0.05,2263345
0.05,2255654
0.05,2255085
0.05,2252521
0.05,2219088
0.05,2213662
0.05,2185123
0.05,2182987
0.05,2180031
0.06,2166393
0.06,2113714
0.06,2109842
0.06,2098341
0.06,2091373
0.06,2081134
0.06,2046203
0.06,2033722
0.06,2032770
0.06,1985873
0.06,1975536
0.06,1971068
0.06,1970380
0.06,1940791
0.06,1940471
0.06,1923602
0.06,1906312
0.06,1903511
0.06,1903478
0.06,1882939
0.06,1879639
0.06,1870905
0.06,1861962
0.07,1853213
0.07,1846804
0.07,1845124
0.07,1830777
0.07,1826460
0.07,1826219
0.07,1818155
0.07,1814294
0.07,1812940
0.07,1805666
0.07,1797286
0.07,1796168
0.07,1793742
0.07,1788037
0.07,1787046
0.07,1785115
0.07,1782876
0.07,1782820
0.07,1767612
0.07,1764678
0.07,1705185
0.08,1689758
0.08,1656161
0.08,1647614
0.08,1646977
0.08,1628350
0.08,1622944
0.08,1599517
0.08,1598085
0.08,1596881
0.08,1596736
0.08,1596435
0.08,1590406
0.08,1582792
0.08,1577295
0.08,1568203
0.08,1566650
0.08,1565586
0.08,1563714
0.08,1537763
0.08,1524976
0.08,1513317
0.09,1482876
0.09,1475862
0.09,1468950
0.09,1461333
0.09,1459530
0.09,1459380
0.09,1458403
0.09,1457437
0.09,1453122
0.09,1403154
0.09,1386179
0.09,1381689
0.09,1381590
0.09,1375420
0.09,1374976
0.09,1368998
0.10,1362420
0.10,1347811
0.10,1338833
0.10,1334462
0.10,1332881
0.10,1309937
0.10,1304528
0.10,1291270
0.10,1279469
0.10,1278865
0.10,1277780
0.10,1277330
0.10,1276954
0.11,1268103
0.11,1252655
0.11,1248597
0.11,1240779
0.11,1235406
0.11,1235148
0.11,1225820
0.11,1222216
0.11,1222124
0.11,1222116
0.12,1212227
0.12,1179126
0.12,1178537
0.12,1156390
0.12,1151966
0.12,1147756
0.12,1143570
0.12,1141771
0.12,1140116
0.13,1138167
0.13,1131637
0.13,1121384
0.13,1107835
0.13,1107766
0.13,1106493
0.13,1103540
0.14,1084067
0.14,1082969
0.14,1078224
0.14,1070865
0.14,1068821
0.14,1066635
0.14,1065474
0.14,1063552
0.14,1060991
0.14,1060797
0.14,1055932
0.14,1053382
0.15,1041325
0.15,1037934
0.15,1035861
0.15,1033455
0.15,1032366
0.15,1021629
0.15,1020920
0.15,1020592
0.16,1015983
0.16,1015351
0.16,1014236
0.16,1009638
0.16,1004151
0.16,1002063
0.16,990526
0.17,989147
0.19,986535
0.20,981993
0.20,979862
0.20,973790
0.21,971021
0.21,970970
0.21,970784
0.21,969507
0.21,965419
0.22,958406
0.22,957929
0.23,957922
0.23,954052
0.24,948463
0.24,932305
0.24,931020
0.25,930173
0.27,921717
0.27,918371
0.29,915292
0.30,913142
0.30,911336
0.30,909136
0.30,904711
0.31,899584
0.32,898384
0.32,897918
0.32,896061
0.33,894622
1.30,891322
1.30,891028
1.30,890487
1.30,887064
1.31,886165
1.35,884283
1.35,875090
1.39,873279
1.86,872857
2.18,864992
2.20,863707
2.22,860913
2.24,860513
2.24,857815
2.26,850492
2.26,845895
6.24,839593
6.25,834639
11.35,832079
11.38,831863
11.41,831823
15.10,829786
15.11,828049
15.11,828049
15.84,823672
15.85,823672
15.86,823557
15.99,819918
16.00,819122
16.02,818673
19.45,817517
21.97,816849
22.00,814694
22.01,814694
48.90,811281
48.90,811241
