0.06,6120531
0.06,6034669
0.06,6004921
0.06,5963257
0.06,5950244
0.06,5943137
0.06,5939318
0.07,5900531
0.07,5794218
0.07,5776537
0.07,5773837
0.07,5729339
0.07,5724855
0.07,5711548
0.07,5637896
0.07,5570003
0.07,5567548
0.07,5482520
0.07,5460745
0.07,5389914
0.07,5381113
0.07,5364375
0.08,5294780
0.08,5166750
0.08,5161775
0.08,5154641
0.08,5153313
0.08,5116292
0.08,5081724
0.08,5044804
0.08,5011780
0.08,5010732
0.08,4996516
0.08,4932722
0.08,4930295
0.08,4889903
0.08,4872019
0.08,4822676
0.08,4799280
0.08,4764681
0.08,4633801
0.08,4604879
0.08,4538268
0.08,4522010
0.08,4504022
0.08,4475357
0.08,4466322
0.08,4445128
0.08,4340478
0.08,4338428
0.08,4318152
0.08,4294648
0.08,4291624
0.08,4291279
0.08,4278582
0.08,4241690
0.08,4200755
0.08,4189903
0.08,4174333
0.08,4152972
0.08,4130093
0.08,4047330
0.08,4046486
0.08,4033752
0.08,3940317
0.08,3898847
0.08,3869235
0.08,3864702
0.09,3845741
0.09,3820286
0.09,3812916
0.09,3807090
0.09,3796499
0.09,3791071
0.09,3790519
0.09,3778607
0.09,3757381
0.09,3706889
0.09,3684980
0.09,3683396
0.09,3680636
0.09,3663334
0.09,3658121
0.09,3627477
0.09,3618809
0.09,3602387
0.09,3574214
0.09,3573324
0.09,3558598
0.09,3554111
0.09,3524867
0.09,3504386
0.09,3489905
0.09,3474249
0.09,3451365
0.09,3450280
0.09,3445205
0.09,3441943
0.09,3441144
0.09,3395901
0.09,3387780
0.09,3382749
0.09,3378490
0.09,3345720
0.09,3311132
0.09,3297317
0.09,3292844
0.09,3271819
0.09,3268968
0.09,3215749
0.09,3174731
0.09,3143060
0.09,3139351
0.09,3105210
0.09,3074440
0.09,2985828
0.09,2982419
0.09,2978452
0.09,2947036
0.09,2923614
0.09,2917285
0.09,2914387
0.09,2868906
0.09,2862798
0.09,2846000
0.09,2837179
0.09,2821617
0.09,2807932
0.09,2773024
0.09,2747155
0.09,2709572
0.09,2684385
0.09,2682602
0.10,2682512
0.10,2678084
0.10,2654903
0.10,2638694
0.10,2633513
0.10,2633483
0.10,2598459
0.10,2598094
0.10,2594625
0.10,2594453
0.10,2588878
0.10,2572836
0.10,2564059
0.10,2554029
0.10,2542830
0.10,2542734
0.10,2501764
0.10,2487055
0.10,2459919
0.10,2428580
0.10,2412507
0.10,2409248
0.10,2403505
0.10,2396069
0.10,2388739
0.10,2368120
0.10,2307080
0.10,2302349
0.10,2272929
0.10,2272523
0.10,2267131
0.10,2264430
0.10,2244580
0.10,2229513
0.10,2209218
0.10,2200713
0.10,2189312
0.10,2185264
0.10,2173519
0.10,2146391
0.10,2145956
0.10,2142389
0.11,2127538
0.11,2122912
0.11,2121254
0.11,2099492
0.11,2081189
0.11,2081080
0.11,2070699
0.11,2042290
0.11,2029807
0.11,2020396
0.11,2004260
0.11,1961052
0.11,1952881
0.11,1948075
0.11,1940445
0.11,1938852
0.11,1901582
0.11,1884604
0.12,1876108
0.12,1864713
0.12,1858460
0.12,1848072
0.12,1837564
0.12,1819061
0.12,1816082
0.12,1791682
0.12,1776222
0.12,1753192
0.12,1733016
0.12,1706686
0.12,1696004
0.12,1688636
0.12,1688414
0.13,1687195
0.13,1667048
0.13,1643605
0.13,1637251
0.13,1625402
0.13,1622543
0.14,1617443
0.17,1603981
0.27,1600770
0.30,1599638
0.30,1563608
0.30,1542670
0.30,1541986
0.30,1522873
0.30,1517437
0.30,1516009
0.30,1513126
0.30,1500567
0.30,1500165
0.30,1493117
0.30,1486214
0.30,1478228
0.61,1471321
0.61,1469116
0.62,1466153
0.62,1464187
0.62,1462024
0.62,1456548
0.62,1453141
0.62,1450232
0.69,1430351
0.69,1413856
0.69,1413579
0.70,1404342
0.70,1400841
0.70,1394838
0.93,1386768
0.93,1386178
0.93,1386117
0.93,1371864
0.93,1368877
0.93,1345820
0.93,1341033
0.93,1333583
0.93,1328809
0.93,1326138
0.93,1324545
1.55,1321051
1.57,1313008
1.57,1310341
1.57,1300755
1.57,1299305
1.57,1295247
1.72,1282830
1.72,1280022
1.72,1278820
1.72,1276053
1.75,1235455
1.75,1234710
1.78,1224948
1.87,1217238
1.88,1206087
1.88,1194961
1.88,1193450
1.88,1191525
1.88,1187115
1.89,1180714
2.17,1178506
2.18,1177468
2.18,1174348
2.58,1173935
2.58,1171239
2.58,1158353
2.58,1154706
2.58,1153857
2.58,1153500
2.71,1140247
2.71,1138341
2.71,1137163
2.71,1136639
2.93,1135190
2.96,1133542
2.96,1127577
2.96,1122888
2.96,1108580
2.96,1095106
2.96,1086210
3.22,1084775
3.22,1083133
3.32,1074408
3.32,1073725
3.32,1070875
3.32,1066321
3.32,1057385
3.32,1055584
3.33,1051866
3.33,1046875
3.33,1040690
3.33,1037280
3.49,1033514
3.49,1033336
3.49,1031893
3.49,1025462
3.50,1025120
3.88,1008927
3.88,1008849
3.88,1005472
3.89,1003362
3.89,997816
3.89,994036
3.89,979563
3.89,958411
3.89,958411
3.89,956962
3.89,952765
3.89,948382
3.89,947455
4.76,935082
4.77,933649
4.77,931704
4.89,930720
4.89,927738
4.90,925125
4.90,923557
4.90,921707
4.90,911773
4.90,911701
4.91,910417
5.23,909134
5.33,904398
5.34,903387
5.43,901866
5.43,901067
5.43,901033
5.43,899990
5.43,899546
5.44,897501
5.44,893807
5.44,893552
5.71,893240
5.74,890302
6.06,890186
6.06,888531
6.09,887895
6.09,885494
6.09,883862
6.09,882715
6.32,880211
6.32,880197
6.32,878662
6.33,877648
6.33,875716
6.33,870532
6.35,869248
6.47,868916
6.47,864919
6.47,862764
6.47,861786
6.62,860939
6.62,859014
6.63,852154
7.04,850177
7.04,847438
7.32,846971
7.58,846013
7.59,844055
7.59,843942
7.69,843903
7.76,842456
7.76,840318
7.76,835849
7.77,834911
7.77,833163
7.88,832346
7.91,829779
7.92,829331
7.92,828870
7.92,826688
9.35,825736
9.35,825400
9.36,824802
9.66,823611
9.66,823139
10.07,820518
10.07,820518
10.28,820471
10.44,819474
10.44,819392
11.01,818401
11.10,817084
11.43,815828
12.01,815518
12.49,814265
