0.06,5779529
0.06,5766146
0.06,5712761
0.06,5697328
0.06,5676416
0.07,5601635
0.07,5571911
0.07,5512924
0.07,5492542
0.07,5483817
0.07,5482772
0.07,5410444
0.07,5380754
0.07,5362933
0.07,5283044
0.07,5204902
0.07,5204508
0.07,5102202
0.07,5086918
0.07,5081129
0.07,5067970
0.07,5066712
0.07,5001829
0.08,5001165
0.08,4994780
0.08,4956539
0.08,4936033
0.08,4923362
0.08,4903985
0.08,4887043
0.08,4791456
0.08,4783711
0.08,4771611
0.08,4750628
0.08,4745524
0.08,4733468
0.08,4726452
0.08,4703564
0.08,4627603
0.08,4579267
0.08,4559476
0.08,4528860
0.08,4519328
0.08,4500503
0.08,4392065
0.08,4385134
0.08,4384421
0.08,4355331
0.08,4317333
0.08,4304420
0.08,4303561
0.08,4297313
0.08,4269119
0.08,4220116
0.08,4217957
0.08,4202954
0.08,4193983
0.08,4168585
0.08,4108990
0.08,4107667
0.08,4085417
0.08,4081415
0.08,4069974
0.08,4027383
0.09,3998098
0.09,3978185
0.09,3953668
0.09,3944558
0.09,3927784
0.09,3915565
0.09,3887155
0.09,3846947
0.09,3845198
0.09,3843378
0.09,3839969
0.09,3804849
0.09,3778516
0.09,3743005
0.09,3729847
0.09,3688355
0.09,3667116
0.09,3612070
0.09,3610662
0.09,3588117
0.09,3510790
0.09,3498238
0.09,3471179
0.09,3467284
0.09,3383444
0.09,3378920
0.09,3339505
0.09,3339410
0.09,3233371
0.09,3227548
0.09,3226666
0.09,3226237
0.09,3193055
0.09,3192998
0.09,3126409
0.09,3099516
0.09,3066305
0.09,3043790
0.09,3013511
0.09,2941639
0.09,2900919
0.09,2895198
0.09,2869506
0.09,2843098
0.09,2816007
0.09,2801573
0.09,2760738
0.09,2745764
0.10,2737907
0.10,2733122
0.10,2713012
0.10,2698848
0.10,2697186
0.10,2682367
0.10,2667749
0.10,2651948
0.10,2639551
0.10,2586825
0.10,2550997
0.10,2528964
0.10,2505183
0.10,2504983
0.10,2475217
0.10,2474991
0.10,2472508
0.10,2471624
0.10,2467274
0.10,2465179
0.10,2460161
0.10,2455029
0.10,2454760
0.10,2441036
0.10,2423956
0.10,2386528
0.10,2383248
0.10,2359656
0.10,2351972
0.10,2346826
0.10,2329148
0.10,2324349
0.10,2310854
0.10,2310724
0.10,2305145
0.11,2301860
0.11,2286389
0.11,2285449
0.11,2278289
0.11,2274279
0.11,2268380
0.11,2267382
0.11,2263246
0.11,2255448
0.11,2252003
0.11,2251571
0.11,2244443
0.11,2236524
0.11,2234901
0.11,2230212
0.11,2219223
0.11,2189482
0.11,2182765
0.11,2165365
0.11,2148560
0.11,2148363
0.12,2145348
0.12,2131938
0.12,2125227
0.12,2109462
0.12,2106011
0.12,2095716
0.12,2095110
0.12,2071542
0.12,2048391
0.12,2045346
0.12,2012725
0.12,2010026
0.12,1982008
0.12,1981815
0.12,1974930
0.12,1960353
0.12,1910192
0.12,1909861
0.12,1908069
0.12,1907593
0.12,1906719
0.12,1896536
0.12,1885859
0.12,1875007
0.12,1871073
0.12,1856448
0.13,1842741
0.13,1840558
0.13,1827774
0.13,1799307
0.13,1797612
0.13,1784985
0.13,1783511
0.13,1778441
0.13,1778105
0.14,1759509
0.14,1755624
0.14,1746239
0.14,1743065
0.14,1731960
0.14,1730598
0.14,1696285
0.15,1695931
0.15,1643302
0.15,1641621
0.15,1632905
0.15,1622556
0.15,1620185
0.15,1615409
0.15,1598060
0.18,1593644
0.19,1592167
0.26,1583237
0.26,1564116
0.27,1558162
0.27,1529769
0.27,1511772
0.27,1507459
0.27,1507106
0.27,1502347
0.27,1495145
0.27,1493626
0.35,1473189
0.35,1470362
0.35,1459174
0.35,1446224
0.63,1434111
0.65,1429722
0.65,1421261
0.65,1419473
0.65,1412091
0.68,1397362
1.10,1390635
1.10,1382421
1.10,1376491
1.10,1369630
1.10,1345720
1.10,1336070
1.10,1323661
1.10,1307096
1.10,1306248
1.10,1299109
1.11,1295763
1.35,1295048
1.35,1274403
1.35,1270556
1.36,1269244
1.52,1264843
1.52,1262889
1.52,1255186
1.98,1231025
2.18,1224533
2.18,1199181
2.18,1195377
2.19,1194501
2.19,1194387
2.19,1183184
2.19,1166754
2.19,1157043
2.36,1142670
2.84,1138432
2.84,1137222
2.84,1131014
2.85,1117070
2.85,1116987
3.25,1108793
3.25,1108774
3.28,1101130
3.28,1089062
3.36,1078617
3.36,1072820
3.36,1072660
3.36,1069865
3.36,1064024
3.36,1049590
3.80,1037224
3.80,1034110
3.80,1012234
3.80,1011277
3.80,1009421
3.81,1008466
3.85,1001331
3.85,985838
3.85,984916
3.85,983534
3.85,975309
3.85,973986
3.85,969444
4.15,947383
4.15,941254
4.15,941133
4.15,931802
5.00,931783
5.00,931464
5.00,928332
5.00,923668
5.00,921743
5.01,916407
5.01,911236
5.01,909952
5.01,909641
5.01,908633
5.01,907439
5.01,904417
5.01,900848
5.49,900029
5.49,899640
5.49,893803
5.49,886060
5.49,881245
5.50,880896
5.50,879580
5.50,876160
5.50,873360
5.50,869704
5.50,869511
5.50,868654
5.51,864038
5.85,858564
7.16,858440
7.16,857010
7.16,855407
7.16,855309
7.17,854545
7.17,852934
7.17,848121
7.17,846793
7.17,845996
7.17,845107
7.18,842045
7.18,841207
7.18,841081
7.19,839596
7.19,839245
7.37,837062
7.37,836666
8.56,836624
8.56,836306
8.56,836266
8.56,836151
8.56,835064
8.56,829450
8.57,828763
8.57,826820
8.57,826576
10.76,825482
10.77,823327
10.77,822771
10.79,822699
10.85,821512
10.87,820412
10.88,819391
11.00,818792
11.32,817727
11.51,816944
11.73,816497
13.63,816362
13.64,815439
