0.06,5714382
0.06,5692046
0.06,5666558
0.06,5630121
0.06,5630034
0.06,5496822
0.07,5485086
0.07,5395745
0.07,5358788
0.07,5348220
0.07,5346740
0.07,5286040
0.07,5259854
0.07,5254392
0.07,5218803
0.07,5211524
0.07,5177194
0.07,5176983
0.07,5135052
0.07,5116916
0.07,5046787
0.07,5039452
0.07,4963365
0.08,4933755
0.08,4835404
0.08,4826279
0.08,4819781
0.08,4784968
0.08,4768718
0.08,4768473
0.08,4646039
0.08,4642296
0.08,4642112
0.08,4625259
0.08,4623841
0.08,4598403
0.08,4501042
0.08,4485816
0.08,4474977
0.08,4425443
0.08,4423331
0.08,4417026
0.08,4389738
0.08,4373361
0.08,4317048
0.08,4305706
0.08,4304199
0.08,4187305
0.08,4164745
0.08,4164038
0.08,4088738
0.08,4080426
0.08,4068638
0.08,4059525
0.08,4032400
0.08,3978878
0.08,3975979
0.08,3966593
0.08,3959243
0.08,3911996
0.08,3883864
0.08,3874125
0.08,3861415
0.08,3843635
0.09,3838146
0.09,3798542
0.09,3786429
0.09,3746582
0.09,3742852
0.09,3692619
0.09,3690067
0.09,3665239
0.09,3621107
0.09,3613255
0.09,3612735
0.09,3536093
0.09,3535208
0.09,3532923
0.09,3528666
0.09,3524896
0.09,3520043
0.09,3509496
0.09,3494088
0.09,3486496
0.09,3480329
0.09,3480274
0.09,3476591
0.09,3430418
0.09,3417641
0.09,3382766
0.09,3381640
0.09,3356375
0.09,3313932
0.09,3305685
0.09,3292544
0.09,3254339
0.09,3235313
0.09,3206632
0.09,3196017
0.09,3172206
0.09,3156032
0.09,3144513
0.09,3140070
0.09,3128621
0.09,3122746
0.09,3116304
0.09,3032779
0.09,3020157
0.09,3019237
0.09,2997774
0.09,2997317
0.09,2997227
0.09,2962334
0.09,2945493
0.09,2937904
0.09,2920668
0.10,2915558
0.10,2874747
0.10,2853391
0.10,2841121
0.10,2835724
0.10,2824146
0.10,2817138
0.10,2758074
0.10,2754034
0.10,2748699
0.10,2739448
0.10,2739080
0.10,2712370
0.10,2699918
0.10,2697714
0.10,2683173
0.10,2670370
0.10,2663590
0.10,2662352
0.10,2661156
0.10,2659120
0.10,2652880
0.10,2633281
0.10,2625501
0.10,2607598
0.10,2600840
0.10,2600629
0.10,2581750
0.10,2570244
0.10,2567686
0.10,2562980
0.10,2555313
0.10,2554311
0.10,2506088
0.10,2500080
0.10,2498394
0.10,2494022
0.10,2468155
0.10,2456199
0.10,2447434
0.10,2425823
0.10,2397982
0.10,2397706
0.10,2333766
0.10,2326970
0.11,2308980
0.11,2281743
0.11,2265282
0.11,2262129
0.11,2239679
0.11,2227963
0.11,2226736
0.11,2224871
0.11,2211564
0.11,2211509
0.11,2209781
0.11,2206200
0.11,2195772
0.11,2185937
0.11,2181159
0.11,2172377
0.11,2171084
0.11,2151866
0.11,2148451
0.11,2145138
0.11,2142693
0.11,2140471
0.11,2135915
0.11,2128010
0.11,2126289
0.11,2117809
0.11,2114900
0.11,2113576
0.11,2108942
0.11,2102982
0.11,2097277
0.11,2094225
0.11,2084390
0.11,2078510
0.11,2074423
0.11,2041016
0.12,2036507
0.12,2025341
0.12,2021093
0.12,2005830
0.12,2004180
0.12,1987313
0.12,1980656
0.12,1965108
0.12,1958896
0.12,1952422
0.12,1949378
0.12,1946311
0.12,1945684
0.12,1933070
0.12,1926260
0.12,1885447
0.12,1868825
0.12,1832367
0.12,1803467
0.12,1790592
0.12,1789425
0.12,1763740
0.12,1755115
0.13,1754115
0.13,1752334
0.13,1730538
0.13,1730419
0.13,1728833
0.13,1674580
0.16,1665540
0.16,1664308
0.16,1658944
0.16,1655438
0.16,1651313
0.16,1635322
0.16,1634277
0.16,1625131
0.16,1624341
0.16,1619387
0.16,1602683
0.16,1595221
0.16,1592916
0.16,1584609
0.16,1576069
0.16,1574273
0.16,1552882
0.16,1536517
0.16,1535301
0.16,1534563
0.16,1510647
0.28,1488964
0.28,1485328
0.28,1481640
0.28,1472662
0.28,1472342
0.28,1434066
0.28,1424428
0.28,1406963
0.28,1399571
0.28,1397511
0.52,1379811
0.52,1346861
0.52,1346721
1.08,1322259
1.08,1321909
1.49,1320359
1.49,1319921
1.49,1317893
1.49,1311944
1.49,1311854
1.49,1310438
1.49,1302057
1.49,1300668
1.50,1259286
1.50,1255337
1.50,1231279
1.50,1226214
1.50,1213516
1.50,1203913
1.50,1203651
1.50,1196025
1.50,1195734
1.50,1194505
2.12,1192844
2.12,1189781
2.12,1185392
2.21,1183833
2.50,1181525
2.72,1168742
2.73,1153479
2.73,1143927
2.79,1143078
2.84,1135294
2.84,1130090
2.85,1117029
2.85,1110798
2.85,1110310
2.85,1100404
3.01,1095094
3.01,1094866
3.01,1093417
3.01,1085359
3.01,1080132
3.01,1079450
3.27,1075589
3.27,1075525
3.28,1068557
3.28,1060335
3.28,1053765
3.28,1047769
3.64,1046431
3.64,1042642
3.64,1022838
3.65,1022810
3.65,1022218
3.82,1020601
3.82,997810
3.82,994375
3.82,991220
3.89,990087
3.93,988596
3.93,984857
3.98,984685
3.98,977609
3.98,957515
4.00,954455
4.39,953052
4.39,952091
4.40,948655
4.40,948497
4.40,948236
4.40,947951
4.40,935326
4.40,932620
4.40,931450
4.40,924026
4.41,916957
4.41,912341
4.41,901743
5.68,901276
5.69,901231
5.69,900900
5.69,898970
5.87,896768
5.87,888078
5.90,886567
5.91,881956
5.91,878896
5.92,876452
5.92,865854
5.92,864279
5.92,863309
6.40,861266
6.40,859942
6.56,857674
6.56,854393
7.04,853111
7.26,851290
7.26,844636
7.26,842797
7.26,842243
7.72,838174
7.72,833566
8.22,830719
8.23,830595
8.23,827370
8.24,824465
8.24,823208
8.51,822563
8.51,822442
9.23,822189
9.23,820353
9.24,818432
9.86,818078
10.16,817044
11.01,816759
11.83,814145
11.83,814105
12.00,813609
12.44,813521
12.44,813481
12.58,812561
