0.00,6048334
0.01,5981962
0.01,5965858
0.01,5889371
0.01,5837963
0.01,5832546
0.01,5825204
0.02,5822139
0.02,5818510
0.02,5803368
0.02,5800924
0.02,5771392
0.03,5761927
0.04,5755715
0.04,5733849
0.04,5721907
0.04,5715495
0.04,5715161
0.04,5645849
0.04,5629919
0.04,5629181
0.04,5628766
0.04,5607127
0.05,5575600
0.05,5454826
0.05,5354661
0.05,5352675
0.05,5270118
0.05,5245460
0.05,5226475
0.10,5083295
0.10,4941275
0.10,4930927
0.10,4862006
0.10,4834425
0.10,4818083
0.10,4755235
0.10,4738683
0.10,4613198
0.10,4556689
0.10,4481169
0.10,4473476
0.10,4450509
0.10,4443538
0.10,4433769
0.10,4433527
0.11,4392565
0.11,4364989
0.11,4363689
0.11,4288288
0.11,4286904
0.11,4280818
0.11,4245434
0.11,4221813
0.11,4192473
0.11,4153988
0.11,4072243
0.11,4003368
0.11,3970906
0.11,3953985
0.11,3952835
0.11,3949428
0.11,3942928
0.11,3942053
0.11,3883670
0.11,3881898
0.11,3849753
0.11,3847978
0.11,3784272
0.11,3779132
0.11,3775122
0.11,3737530
0.11,3735934
0.11,3664849
0.11,3659311
0.12,3649259
0.12,3649059
0.12,3639842
0.12,3637842
0.12,3629161
0.12,3613377
0.12,3547408
0.12,3546983
0.12,3544206
0.12,3510251
0.12,3502435
0.12,3477314
0.12,3458336
0.12,3436276
0.12,3434782
0.12,3418529
0.12,3410249
0.12,3396169
0.12,3392402
0.12,3374198
0.12,3361448
0.12,3348798
0.12,3326394
0.12,3319685
0.13,3275120
0.13,3236439
0.13,3234768
0.13,3232341
0.13,3222153
0.13,3197649
0.13,3193325
0.13,3191977
0.13,3181201
0.13,3180446
0.13,3135955
0.13,3082172
0.13,3001074
0.13,2999592
0.13,2993986
0.13,2967106
0.13,2942435
0.13,2929073
0.13,2872855
0.13,2853672
0.13,2851513
0.13,2847677
0.13,2795074
0.13,2790024
0.13,2769595
0.13,2737942
0.13,2728149
0.13,2698586
0.13,2695225
0.13,2695221
0.13,2690548
0.13,2687832
0.13,2685670
0.13,2685372
0.13,2660064
0.13,2659671
0.13,2634915
0.14,2622114
0.14,2523563
0.14,2515391
0.14,2477101
0.14,2472075
0.14,2462792
0.14,2458161
0.14,2456039
0.14,2451679
0.14,2451679
0.14,2451164
0.14,2449102
0.14,2443462
0.14,2442524
0.14,2441615
0.14,2431981
0.14,2431537
0.14,2419966
0.14,2417506
0.14,2413763
0.14,2408418
0.14,2357025
0.14,2356188
0.14,2356148
0.14,2347487
0.14,2342832
0.14,2336031
0.14,2334426
0.14,2332348
0.15,2327159
0.15,2325876
0.15,2325876
0.15,2322911
0.15,2287205
0.15,2284559
0.15,2284004
0.15,2260769
0.15,2234499
0.15,2229064
0.15,2221673
0.15,2125223
0.15,2074811
0.15,2071173
0.15,2051857
0.15,2046181
0.15,2005333
0.15,1997768
0.15,1970738
0.16,1967886
0.16,1960501
0.16,1924467
0.16,1917818
0.16,1901805
0.16,1855459
0.16,1848696
0.16,1845278
0.16,1836122
0.16,1836040
0.16,1833899
0.16,1833672
0.16,1833564
0.16,1832530
0.16,1830605
0.16,1822696
0.16,1816625
0.16,1778198
0.16,1750508
0.16,1738760
0.17,1733987
0.17,1706633
0.17,1696603
0.17,1691077
0.17,1682611
0.17,1667395
0.17,1662371
0.17,1653469
0.17,1629552
0.17,1625095
0.17,1624432
0.17,1616215
0.17,1615098
0.17,1596544
0.17,1594629
0.17,1588638
0.18,1583896
0.18,1583074
0.18,1583016
0.18,1568888
0.18,1562405
0.18,1561270
0.18,1560707
0.18,1556649
0.18,1554480
0.18,1549902
0.18,1549574
0.18,1536647
0.18,1531606
0.18,1529714
0.18,1526787
0.18,1526554
0.20,1522573
0.20,1518868
0.20,1513850
0.20,1513811
0.20,1506557
0.20,1503777
0.20,1494192
0.20,1487641
0.20,1481609
0.21,1472610
0.21,1465387
0.21,1457768
0.21,1412909
0.21,1391115
0.21,1382679
0.21,1382672
0.21,1374378
0.21,1372916
0.21,1355124
0.21,1346951
0.21,1345512
0.21,1331403
0.21,1324389
0.22,1323800
0.22,1307636
0.22,1305740
0.22,1305683
0.22,1303742
0.22,1301801
0.22,1300057
0.22,1297661
0.22,1289708
0.22,1287433
0.22,1285736
0.22,1269583
0.23,1265168
0.23,1264844
0.27,1252172
0.27,1250997
0.27,1248782
0.28,1246322
0.28,1240351
0.28,1236144
0.28,1233845
0.28,1228708
0.28,1221148
0.28,1220746
0.29,1219211
0.29,1218793
0.29,1186438
0.29,1169028
0.29,1168903
0.29,1157458
0.29,1152642
0.29,1148998
0.29,1140687
0.29,1109304
0.29,1088329
0.29,1087183
0.30,1075646
0.30,1075174
0.30,1073473
0.30,1073354
0.31,1070569
0.31,1067285
0.32,1061803
0.32,1059068
0.32,1058614
0.32,1046025
0.32,1032689
0.33,1029996
0.33,1028926
0.34,1028285
0.35,1026615
0.35,1025816
0.36,1025106
0.37,1023252
0.37,1022724
0.38,1012951
0.38,1006189
0.38,1005087
0.38,997580
0.38,997322
0.39,990434
0.39,973313
0.39,972228
0.40,970715
0.40,942715
0.40,940624
0.40,939477
0.40,939317
0.40,937523
0.41,935347
0.41,933769
0.42,930878
0.44,922028
0.45,914166
0.47,911254
0.48,908456
0.49,906560
0.49,902452
0.49,901394
0.51,898356
0.52,898356
0.53,897786
1.93,875440
1.94,873906
1.94,871135
1.95,870269
1.95,862315
1.96,860999
1.96,859038
1.96,858605
1.98,854690
2.00,852389
2.36,849454
2.36,848101
2.36,841535
2.37,835921
2.41,833478
2.41,832588
2.41,832376
2.44,831320
19.82,828445
19.82,827667
19.82,827181
19.83,823630
19.85,821475
19.85,818072
20.09,812587
20.10,811980
