0.06,5639047
0.06,5632367
0.06,5561487
0.06,5519641
0.07,5504960
0.07,5500225
0.07,5462341
0.07,5458202
0.07,5403784
0.07,5392675
0.07,5386012
0.07,5315618
0.07,5314994
0.07,5313539
0.07,5258445
0.07,5222625
0.07,5216701
0.07,5209477
0.07,5190962
0.08,5090705
0.08,5081329
0.08,4995361
0.08,4970660
0.08,4943191
0.08,4897982
0.08,4857504
0.08,4734631
0.08,4734607
0.08,4654738
0.08,4606255
0.08,4605179
0.08,4567704
0.08,4551408
0.08,4550765
0.08,4515828
0.08,4500508
0.08,4498970
0.08,4452700
0.08,4449817
0.08,4448882
0.08,4436326
0.08,4429135
0.08,4414030
0.08,4367316
0.08,4362436
0.08,4348880
0.08,4337587
0.08,4332251
0.08,4309743
0.08,4301422
0.08,4295728
0.08,4268605
0.08,4264605
0.08,4258979
0.08,4243248
0.08,4241344
0.08,4239652
0.08,4198390
0.08,4197064
0.09,4173933
0.09,4143445
0.09,4136884
0.09,3991506
0.09,3964515
0.09,3934535
0.09,3896487
0.09,3861340
0.09,3860332
0.09,3842703
0.09,3842437
0.09,3822723
0.09,3821386
0.09,3820346
0.09,3818170
0.09,3814308
0.09,3808389
0.09,3796089
0.09,3739448
0.09,3699721
0.09,3672684
0.09,3668680
0.09,3646307
0.09,3624522
0.09,3590112
0.09,3579252
0.09,3574248
0.09,3560836
0.09,3552854
0.09,3546563
0.09,3534824
0.09,3530218
0.09,3527046
0.09,3477139
0.09,3423446
0.09,3421963
0.09,3401566
0.09,3360683
0.09,3360515
0.09,3350744
0.09,3305975
0.09,3236756
0.09,3235049
0.09,3181830
0.09,3180557
0.09,3179942
0.09,3113817
0.09,3096255
0.09,3095164
0.09,3048242
0.09,3047630
0.09,3047363
0.09,3042896
0.09,3014295
0.09,2997027
0.09,2994449
0.09,2986824
0.09,2975230
0.09,2958842
0.09,2915084
0.09,2883872
0.09,2867258
0.09,2866227
0.09,2831011
0.09,2822879
0.09,2822700
0.10,2809102
0.10,2798281
0.10,2782551
0.10,2769692
0.10,2754805
0.10,2738959
0.10,2714306
0.10,2700198
0.10,2697294
0.10,2685658
0.10,2684212
0.10,2674236
0.10,2666619
0.10,2663194
0.10,2659619
0.10,2656133
0.10,2651224
0.10,2647004
0.10,2633419
0.10,2586612
0.10,2572473
0.10,2567147
0.10,2550227
0.10,2548333
0.10,2529061
0.10,2523892
0.10,2509768
0.10,2496506
0.10,2487817
0.10,2487298
0.10,2469524
0.10,2465175
0.10,2447924
0.10,2444214
0.10,2424209
0.10,2400014
0.10,2387811
0.10,2361404
0.10,2334167
0.10,2333892
0.10,2333609
0.10,2317937
0.10,2304409
0.10,2295562
0.10,2294190
0.10,2292284
0.10,2286812
0.10,2263390
0.10,2248956
0.11,2241999
0.11,2241961
0.11,2240302
0.11,2234903
0.11,2192493
0.11,2190139
0.11,2183711
0.11,2183425
0.11,2146291
0.11,2145460
0.11,2143916
0.11,2134971
0.11,2114816
0.11,2090213
0.11,2089133
0.11,2082294
0.11,2075328
0.11,2070967
0.11,2067048
0.11,2034569
0.11,2034326
0.11,2028541
0.11,2021474
0.11,2012681
0.11,2012521
0.11,1988934
0.11,1981207
0.11,1972471
0.11,1970797
0.11,1934169
0.11,1929886
0.12,1929665
0.12,1929170
0.12,1875266
0.12,1854587
0.12,1796162
0.16,1787463
0.16,1782487
0.16,1777539
0.16,1776363
0.16,1754623
0.16,1754353
0.16,1748447
0.16,1739828
0.16,1728615
0.16,1695144
0.16,1694958
0.16,1680245
0.23,1674382
0.23,1674332
0.23,1667327
0.23,1661315
0.23,1661063
0.23,1636857
0.23,1629242
0.23,1621584
0.23,1599528
0.23,1587724
0.23,1587325
0.23,1586979
0.23,1579526
0.23,1573758
0.23,1551790
0.23,1544192
0.23,1520144
0.23,1513775
0.23,1508343
0.23,1491192
0.24,1481689
0.24,1469401
0.24,1447381
0.24,1445904
0.24,1440469
0.24,1435685
0.24,1435542
0.67,1431591
0.67,1429779
0.67,1421168
0.67,1414874
0.67,1407684
0.68,1392830
0.68,1391513
0.68,1371487
0.84,1345040
0.84,1343189
0.84,1340576
0.84,1340494
0.84,1338484
0.84,1321741
0.84,1314231
0.84,1313935
0.84,1312121
0.84,1301080
0.84,1291436
0.84,1284942
0.84,1281283
0.84,1265897
0.85,1262981
0.85,1255513
1.59,1252112
1.60,1251861
1.60,1235601
1.60,1224865
1.60,1224754
1.60,1221118
1.60,1218751
1.60,1192669
1.60,1192214
1.60,1188935
1.60,1174004
1.60,1171476
1.60,1160972
1.60,1152832
1.60,1149243
1.60,1142441
1.60,1127106
2.55,1119271
2.55,1117981
2.55,1117377
2.55,1097085
2.55,1078264
3.04,1077399
3.04,1056758
3.39,1056234
3.39,1040706
3.43,1036808
3.43,1035109
3.44,1029356
3.75,1026797
3.75,1022737
3.75,1022194
3.75,1005850
3.78,1004505
3.78,1002052
3.79,1000409
3.79,997595
3.79,997398
3.79,991024
3.79,990453
3.79,983860
4.22,982609
4.23,979418
4.23,977089
4.23,973067
4.23,969564
4.62,958672
4.62,948020
4.62,947618
4.73,945797
4.74,938756
4.74,936226
4.74,933520
4.74,927219
4.74,926101
4.82,924087
4.82,922090
4.82,921613
4.82,920378
4.82,917893
4.83,912590
4.84,911007
4.84,908626
5.09,905596
5.50,902386
5.50,898885
5.50,898712
5.50,897075
5.50,889089
5.51,880683
5.51,878667
5.51,878357
5.51,870255
5.51,866682
5.51,866075
5.51,865228
5.51,865041
5.51,861695
5.51,859307
6.83,859187
6.84,858264
6.84,850623
6.84,848468
6.84,845433
6.84,844456
6.85,843904
6.85,843705
6.86,841976
6.86,841503
6.86,839957
7.14,837923
7.14,836814
7.14,836597
7.64,835614
7.79,834771
8.54,834757
8.55,833970
8.55,832946
8.55,829855
8.55,827797
8.87,827064
8.87,825946
8.87,824603
8.96,823441
10.24,820676
10.24,819899
10.24,819859
10.25,819721
10.25,819342
10.26,819035
10.60,818641
10.61,818246
11.12,818021
11.15,817834
11.15,817834
11.21,816218
11.21,816218
11.50,815266
13.59,814185
