0.00,5958566
0.01,5956491
0.01,5874824
0.01,5825861
0.01,5814831
0.01,5781780
0.01,5762938
0.01,5708437
0.01,5622382
0.01,5517937
0.01,5510013
0.01,5494363
0.01,5462009
0.01,5449139
0.01,5448932
0.01,5407816
0.01,5272093
0.01,5271386
0.01,5268595
0.01,5230559
0.01,5212001
0.01,5179306
0.01,5113672
0.01,5108485
0.01,5091536
0.01,5034925
0.01,4964012
0.01,4963373
0.01,4937377
0.02,4822534
0.02,4765579
0.02,4764012
0.02,4754345
0.02,4594620
0.02,4593794
0.02,4569089
0.02,4471694
0.02,4464982
0.02,4430176
0.02,4421778
0.02,4412830
0.02,4328001
0.02,4326351
0.02,4303655
0.02,4286926
0.02,4278128
0.02,4133846
0.02,4077417
0.02,4068273
0.02,4059306
0.02,4045211
0.02,4032634
0.02,4016346
0.02,3995712
0.02,3989926
0.02,3989368
0.02,3959649
0.02,3924328
0.02,3921384
0.03,3917343
0.03,3915955
0.03,3913908
0.03,3908902
0.03,3884165
0.03,3876434
0.03,3826382
0.03,3823023
0.03,3745521
0.03,3714573
0.03,3698657
0.03,3675831
0.03,3672145
0.03,3670662
0.03,3639888
0.03,3591295
0.03,3577442
0.03,3538879
0.03,3537251
0.03,3490980
0.03,3471689
0.03,3463428
0.03,3445157
0.03,3433410
0.03,3375730
0.03,3243281
0.03,3231418
0.03,3229375
0.03,3175982
0.04,3175248
0.04,3159480
0.04,3100601
0.04,3096308
0.04,3055883
0.04,3053229
0.04,3046233
0.04,3022291
0.04,3011356
0.04,3001176
0.04,3000781
0.04,2968864
0.04,2959977
0.04,2945783
0.04,2942173
0.04,2937645
0.04,2926893
0.04,2925997
0.04,2925232
0.04,2916152
0.04,2915226
0.04,2910065
0.04,2872668
0.04,2852364
0.04,2833036
0.04,2832526
0.04,2816977
0.04,2782120
0.04,2781148
0.04,2781064
0.04,2778130
0.04,2767577
0.04,2761805
0.04,2709476
0.05,2706246
0.05,2688936
0.05,2688167
0.05,2664391
0.05,2658917
0.05,2615703
0.05,2611138
0.05,2604366
0.05,2603919
0.05,2575980
0.05,2571026
0.05,2516103
0.05,2506038
0.05,2503395
0.05,2487546
0.05,2484708
0.05,2464498
0.05,2459571
0.05,2443480
0.05,2383025
0.05,2382330
0.05,2376333
0.05,2363034
0.05,2288052
0.05,2284447
0.05,2264641
0.05,2251742
0.05,2250242
0.05,2197364
0.05,2185941
0.05,2139084
0.05,2128979
0.06,2117272
0.06,2105368
0.06,2094782
0.06,2087070
0.06,2037717
0.06,2033767
0.06,2015771
0.06,2014090
0.06,1992548
0.06,1984963
0.06,1952473
0.06,1949677
0.06,1904299
0.06,1902131
0.06,1872401
0.06,1872102
0.06,1843813
0.06,1843256
0.06,1818144
0.06,1817896
0.06,1811048
0.06,1802282
0.06,1797523
0.06,1791597
0.06,1785925
0.06,1778985
0.06,1755496
0.07,1755485
0.07,1755444
0.07,1725355
0.07,1718424
0.07,1698389
0.07,1698385
0.07,1679060
0.07,1669378
0.07,1655296
0.07,1652065
0.07,1642860
0.07,1642212
0.07,1628375
0.07,1612801
0.07,1612788
0.08,1594596
0.08,1586944
0.08,1585694
0.08,1580045
0.08,1577823
0.08,1577600
0.08,1562532
0.08,1544082
0.08,1543414
0.08,1538110
0.08,1531887
0.08,1530967
0.08,1511937
0.08,1502245
0.09,1494246
0.09,1493925
0.09,1487761
0.09,1478878
0.09,1464673
0.09,1462041
0.09,1458954
0.09,1413435
0.09,1406548
0.09,1390336
0.09,1388097
0.09,1380823
0.10,1374654
0.10,1365850
0.10,1365760
0.10,1350815
0.10,1333060
0.10,1324577
0.10,1321155
0.10,1320924
0.10,1308539
0.10,1307796
0.10,1306703
0.10,1290099
0.10,1285427
0.10,1272748
0.10,1256590
0.11,1253306
0.11,1246193
0.11,1237609
0.11,1236265
0.11,1221522
0.11,1220179
0.11,1206943
0.11,1201984
0.11,1192827
0.11,1190463
0.11,1190444
0.12,1180820
0.12,1175619
0.13,1166161
0.13,1164402
0.13,1149886
0.14,1135581
0.14,1131662
0.14,1129997
0.14,1107443
0.14,1107318
0.14,1103708
0.14,1101551
0.15,1091302
0.15,1091208
0.15,1086525
0.15,1054725
0.15,1051771
0.15,1020779
0.16,1012710
0.16,1011140
0.16,989038
0.16,983762
0.16,982865
0.16,981210
0.16,981196
0.17,979171
0.17,976192
0.18,972923
0.18,964737
0.18,963635
0.18,963419
0.19,961730
0.20,960835
0.20,956491
0.20,955239
0.21,951227
0.21,946274
0.21,945080
0.22,941383
0.22,928456
0.23,922587
0.23,920453
0.25,917665
0.25,887458
0.26,884112
0.27,879292
0.27,879252
0.28,876928
0.30,876005
0.31,875966
0.32,873060
2.40,872353
2.41,872004
2.42,870520
2.42,869673
2.44,867690
2.79,867186
2.80,860531
2.82,850326
2.90,850177
2.91,847942
2.91,842468
2.92,842360
2.93,840353
2.93,837721
2.93,835102
2.93,830518
11.95,829082
12.87,825269
12.87,824017
12.88,822463
12.89,822246
12.90,822207
13.10,819260
13.25,815381
13.50,815381
