0.06,5792295
0.06,5764488
0.06,5758617
0.06,5729108
0.06,5707664
0.06,5706152
0.06,5705015
0.06,5681728
0.06,5674384
0.07,5637024
0.07,5551881
0.07,5547154
0.07,5546881
0.07,5534784
0.07,5515565
0.07,5473851
0.07,5438761
0.07,5310176
0.07,5270322
0.07,5235559
0.07,5213637
0.07,5158824
0.07,5144253
0.07,5116720
0.07,5115601
0.07,5083891
0.07,5081661
0.08,5065948
0.08,5060255
0.08,5056008
0.08,5055174
0.08,4999768
0.08,4976815
0.08,4945806
0.08,4945502
0.08,4857068
0.08,4816593
0.08,4805703
0.08,4798444
0.08,4752263
0.08,4734149
0.08,4581455
0.08,4578509
0.08,4575674
0.08,4542693
0.08,4536257
0.08,4475140
0.08,4468118
0.08,4460185
0.08,4437669
0.08,4410534
0.08,4403928
0.08,4395233
0.08,4359997
0.08,4306170
0.08,4301001
0.08,4289338
0.08,4279767
0.08,4126579
0.08,4111969
0.08,4100546
0.08,4074156
0.08,4056869
0.08,4054122
0.08,4045532
0.08,4034411
0.08,4026795
0.08,3999307
0.08,3987193
0.09,3968964
0.09,3955825
0.09,3910739
0.09,3894059
0.09,3893809
0.09,3877674
0.09,3855675
0.09,3829768
0.09,3813172
0.09,3792646
0.09,3788916
0.09,3776196
0.09,3770511
0.09,3757885
0.09,3751813
0.09,3726708
0.09,3662560
0.09,3652780
0.09,3646367
0.09,3621967
0.09,3615371
0.09,3613936
0.09,3612985
0.09,3585971
0.09,3581995
0.09,3579479
0.09,3566157
0.09,3561842
0.09,3528990
0.09,3517907
0.09,3465184
0.09,3408192
0.09,3402190
0.09,3379569
0.09,3370458
0.09,3300750
0.09,3290417
0.09,3283310
0.09,3249905
0.09,3248303
0.09,3242051
0.09,3234520
0.09,3228066
0.09,3215681
0.09,3189246
0.09,3149397
0.09,3142096
0.09,3060661
0.09,3047086
0.09,3017253
0.09,2986126
0.09,2981300
0.09,2964419
0.09,2964240
0.09,2956909
0.09,2955717
0.09,2911972
0.09,2833982
0.09,2809770
0.09,2789175
0.10,2745384
0.10,2707648
0.10,2648301
0.10,2636827
0.10,2630595
0.10,2607471
0.10,2603767
0.10,2599428
0.10,2597647
0.10,2588411
0.10,2577284
0.10,2540572
0.10,2527013
0.10,2522426
0.10,2513890
0.10,2494648
0.10,2490540
0.10,2485830
0.10,2469159
0.10,2452774
0.10,2441280
0.10,2422001
0.10,2418441
0.10,2332123
0.10,2322565
0.10,2312422
0.10,2307689
0.10,2289800
0.10,2266259
0.10,2257640
0.10,2255348
0.10,2238774
0.10,2238584
0.10,2237243
0.10,2208821
0.10,2206608
0.10,2202584
0.10,2147374
0.10,2145992
0.10,2135261
0.10,2069629
0.10,2061508
0.10,2056228
0.10,2040123
0.10,2032247
0.10,2016997
0.10,2010384
0.10,2004159
0.10,1989088
0.10,1968699
0.10,1932949
0.10,1931662
0.10,1918859
0.10,1893967
0.10,1878656
0.11,1859596
0.11,1859551
0.11,1851930
0.11,1851573
0.11,1850666
0.11,1829566
0.11,1817583
0.11,1814456
0.12,1799836
0.12,1795266
0.13,1788174
0.13,1774940
0.13,1748502
0.13,1748370
0.13,1741768
0.13,1735429
0.13,1732883
0.13,1721134
0.13,1711878
0.13,1695383
0.13,1672491
0.13,1665415
0.13,1658330
0.13,1645957
0.13,1642217
0.13,1635422
0.13,1615519
0.13,1612715
0.14,1611497
0.14,1601475
0.14,1594047
0.15,1578072
0.15,1573341
0.15,1572870
0.15,1572158
0.15,1558614
0.15,1551068
0.15,1547728
0.15,1546253
0.15,1544818
0.15,1541965
0.16,1522411
0.16,1522347
0.16,1521393
0.16,1514294
0.20,1510175
0.21,1490174
0.25,1485840
0.25,1485560
0.25,1471084
0.25,1469415
0.43,1460365
0.43,1442539
0.43,1424414
0.43,1413525
0.47,1408622
0.62,1392667
0.62,1392052
0.62,1387802
0.62,1382054
0.79,1367616
0.79,1357858
0.79,1354195
0.90,1352709
0.90,1350235
0.90,1339089
0.90,1329740
1.63,1326965
1.64,1320502
1.64,1308371
1.64,1307336
1.64,1302605
1.64,1295800
1.64,1276835
1.64,1276091
1.64,1265148
1.64,1262937
2.00,1254517
2.00,1253061
2.00,1237354
2.00,1237178
2.02,1236030
2.02,1233712
2.02,1228991
2.02,1225377
2.02,1213808
2.02,1207771
2.02,1205335
2.02,1201941
2.02,1189373
2.02,1168583
2.05,1163750
2.81,1155061
2.82,1152010
2.82,1149717
2.87,1145519
2.87,1144427
2.87,1119920
2.88,1102485
2.88,1092657
2.88,1086792
2.88,1083287
2.88,1077844
3.16,1071763
3.16,1070587
3.16,1069593
3.16,1064920
3.17,1063717
3.22,1061302
3.22,1044319
3.39,1039279
3.46,1036736
3.46,1036453
3.48,1035275
3.48,1032985
3.48,1026993
3.48,1026038
3.83,1019559
3.83,1016029
3.84,1009300
3.84,1007109
3.84,1004755
3.84,1001859
3.84,991976
3.84,989244
3.93,988360
3.93,987952
3.93,982001
4.35,980059
4.40,979843
4.40,977688
4.40,975835
4.40,969096
4.40,968539
4.40,968371
4.40,959915
4.40,958270
4.40,955257
4.42,946649
4.42,943665
4.42,939377
4.50,935098
4.82,932698
4.82,929920
4.82,927017
4.82,926956
4.82,923493
4.82,917372
4.82,908316
4.82,907879
4.82,907272
5.34,907228
5.34,903376
5.34,902468
5.57,893052
5.57,892706
5.59,892643
5.59,892373
5.59,890813
5.59,884631
5.59,883842
5.59,879408
5.59,876637
5.60,876551
5.61,876362
5.61,874775
5.61,869455
6.44,868847
6.45,865249
6.45,863291
6.45,862829
6.67,861139
6.67,860686
6.67,859522
6.67,857951
6.67,853407
6.93,851505
6.93,851043
6.93,851003
7.26,850780
7.47,849312
7.53,848531
7.53,848450
7.53,841426
7.54,840761
8.11,838726
8.11,837397
8.11,835073
8.11,834832
8.30,833540
8.47,832406
8.47,831849
8.47,828944
8.47,825842
8.47,825613
8.49,825037
8.49,824642
8.50,823965
8.50,823835
8.50,823790
8.50,821973
8.78,821134
8.78,821094
8.78,819778
9.64,819572
9.81,818910
10.10,818284
10.20,818121
10.52,816905
10.73,816001
12.39,815497
12.39,814930
12.40,814713
13.09,814185
