0.06,6302070
0.06,6263700
0.06,6131026
0.06,6084575
0.06,6014135
0.06,6007026
0.06,5944633
0.06,5936756
0.06,5921188
0.06,5809477
0.06,5803715
0.06,5802549
0.06,5744837
0.07,5738844
0.07,5697030
0.07,5621375
0.07,5609608
0.07,5601651
0.07,5526599
0.07,5526222
0.07,5526147
0.07,5467355
0.07,5450343
0.07,5434079
0.07,5431865
0.07,5427485
0.07,5370586
0.07,5354839
0.07,5335178
0.08,5327679
0.08,5326408
0.08,5314221
0.08,5258142
0.08,5209037
0.08,5162341
0.08,5159122
0.08,5117254
0.08,5100218
0.08,5087065
0.08,5073945
0.08,5020060
0.08,5003375
0.08,4959139
0.08,4930927
0.08,4929538
0.08,4928684
0.08,4890507
0.08,4781664
0.08,4777112
0.08,4775960
0.08,4676245
0.08,4660776
0.08,4660014
0.08,4655791
0.08,4647258
0.08,4638832
0.08,4602755
0.08,4596862
0.08,4572328
0.08,4511295
0.08,4459592
0.08,4375079
0.08,4372358
0.08,4345037
0.08,4337435
0.08,4327225
0.08,4311439
0.08,4275975
0.08,4269855
0.08,4171236
0.08,4150834
0.08,4109026
0.08,4079890
0.08,4077308
0.08,4076020
0.08,4007269
0.08,3983596
0.08,3950343
0.09,3907122
0.09,3883078
0.09,3872205
0.09,3866784
0.09,3866741
0.09,3860071
0.09,3798230
0.09,3791829
0.09,3782790
0.09,3755280
0.09,3723204
0.09,3705458
0.09,3605219
0.09,3585955
0.09,3537561
0.09,3532714
0.09,3523538
0.09,3490528
0.09,3449522
0.09,3423644
0.09,3406949
0.09,3374678
0.09,3343222
0.09,3309881
0.09,3271445
0.09,3179210
0.09,3178629
0.09,3159662
0.09,3150012
0.09,3145512
0.09,3129403
0.09,3080498
0.09,3078945
0.09,3075774
0.09,3053923
0.09,2999713
0.09,2983333
0.09,2971910
0.09,2970627
0.09,2958804
0.09,2957453
0.09,2946871
0.09,2937752
0.09,2922851
0.09,2911214
0.09,2910577
0.09,2899981
0.09,2881225
0.09,2868867
0.09,2862948
0.09,2837832
0.09,2808503
0.09,2780515
0.09,2780407
0.09,2773909
0.09,2754893
0.09,2745823
0.10,2744339
0.10,2717139
0.10,2695776
0.10,2691299
0.10,2663866
0.10,2657778
0.10,2612078
0.10,2603889
0.10,2592983
0.10,2590653
0.10,2589877
0.10,2576952
0.10,2561165
0.10,2555260
0.10,2507810
0.10,2507287
0.10,2475860
0.10,2475161
0.10,2471769
0.10,2463237
0.10,2455683
0.10,2417750
0.10,2387450
0.10,2364121
0.10,2363865
0.10,2355606
0.10,2333354
0.10,2323820
0.10,2321659
0.10,2310774
0.10,2303787
0.10,2292842
0.10,2270906
0.10,2268517
0.10,2251947
0.11,2233169
0.11,2229584
0.11,2226833
0.11,2225108
0.11,2218051
0.11,2179659
0.11,2165610
0.11,2156873
0.11,2145688
0.11,2143451
0.11,2122392
0.11,2121147
0.11,2106423
0.11,2100964
0.11,2096650
0.11,2069599
0.11,2067822
0.11,2035865
0.11,2024950
0.11,1984271
0.11,1979074
0.11,1975260
0.11,1962400
0.11,1902787
0.12,1902291
0.12,1882527
0.12,1879125
0.12,1878863
0.12,1877228
0.12,1850824
0.12,1849541
0.12,1839628
0.12,1839293
0.12,1830024
0.12,1827700
0.12,1826735
0.13,1815921
0.13,1809156
0.13,1807333
0.13,1807208
0.13,1796427
0.13,1794781
0.13,1790100
0.13,1737527
0.14,1722655
0.14,1720888
0.14,1706959
0.14,1689716
0.14,1689679
0.14,1683123
0.14,1680864
0.14,1674814
0.14,1665277
0.14,1641913
0.14,1641619
0.14,1630140
0.14,1627106
0.14,1608723
0.14,1608683
0.14,1592636
0.14,1576201
0.14,1559219
0.14,1554525
0.14,1552668
0.14,1532154
0.14,1496167
0.14,1495231
0.39,1483824
0.39,1461232
0.39,1459761
0.39,1453632
0.40,1451208
0.40,1450519
0.40,1449681
0.41,1446253
0.41,1424750
0.41,1424302
0.41,1420178
0.41,1398950
0.73,1386319
0.73,1384621
0.73,1361903
1.17,1356044
1.17,1352539
1.18,1350847
1.18,1342138
1.18,1341910
1.39,1341162
1.39,1314994
1.39,1307786
1.60,1290988
1.60,1285634
1.61,1274025
1.91,1247503
1.96,1235154
2.17,1223137
2.17,1219113
2.17,1215268
2.17,1212811
2.17,1209465
2.17,1209327
2.17,1199868
2.17,1189219
2.42,1187828
2.42,1182766
2.42,1182664
2.42,1179318
2.42,1175758
2.42,1142884
2.64,1129542
2.68,1120288
2.68,1119130
2.68,1117896
2.68,1108813
2.68,1103491
2.69,1096739
2.69,1079055
2.69,1076390
2.69,1060289
2.69,1058470
3.23,1055869
3.23,1051987
3.23,1050807
3.23,1039495
3.68,1037835
3.79,1036087
3.79,1035174
3.79,1034147
3.79,1033785
3.79,1026235
3.79,1015724
3.79,1013586
3.79,990861
3.79,989593
3.79,982205
3.79,974996
3.79,973282
3.79,970545
3.80,967285
3.80,966173
3.80,961532
3.80,961272
3.80,957635
3.80,954906
3.80,951227
3.80,948019
4.83,947341
4.83,947054
4.83,942724
4.83,940785
5.10,932650
5.10,923815
5.10,917885
5.11,908196
5.15,902018
5.15,898584
5.15,894867
5.62,894633
5.62,888181
5.63,881348
5.76,866429
5.76,866294
5.76,866213
5.76,864398
6.32,864225
6.32,863668
6.32,862742
6.32,862269
6.32,861809
6.34,861084
6.34,856922
6.60,850912
6.60,849973
6.61,849735
6.61,849575
6.61,848714
6.61,847025
6.72,846781
6.72,845582
6.72,843850
6.72,843735
6.72,842836
7.54,841812
7.57,841080
7.57,836749
7.57,830814
7.58,830395
7.99,829653
8.18,827092
8.30,826850
8.30,825765
9.17,824485
9.17,820397
9.17,820357
9.33,818808
9.33,818727
9.34,818575
9.34,818568
10.53,818313
10.54,817253
10.64,815441
10.74,814846
11.18,814753
11.20,813897
