0.06,5628046
0.06,5617015
0.06,5579416
0.06,5553036
0.06,5500055
0.06,5478135
0.06,5459189
0.06,5445339
0.06,5408391
0.07,5394727
0.07,5392323
0.07,5379627
0.07,5372814
0.07,5360003
0.07,5358369
0.07,5353652
0.07,5341624
0.07,5336341
0.07,5232098
0.07,5194433
0.07,5155636
0.07,5152143
0.07,5111835
0.07,4942988
0.07,4913190
0.07,4878707
0.07,4874348
0.07,4773012
0.08,4766537
0.08,4708413
0.08,4655830
0.08,4649913
0.08,4624592
0.08,4480193
0.08,4453000
0.08,4402165
0.08,4401893
0.08,4378452
0.08,4312905
0.08,4309348
0.08,4296645
0.08,4265039
0.08,4255992
0.08,4255500
0.08,4238228
0.08,4233769
0.08,4229195
0.08,4210019
0.08,4194252
0.08,4153013
0.08,4144377
0.08,4099156
0.08,4080610
0.08,4038130
0.08,4029385
0.08,3979429
0.08,3911583
0.08,3905503
0.08,3886134
0.08,3872746
0.08,3864092
0.08,3853730
0.08,3842673
0.08,3823153
0.08,3787640
0.08,3777424
0.08,3721354
0.08,3703954
0.09,3700824
0.09,3681437
0.09,3656790
0.09,3627146
0.09,3446011
0.09,3427713
0.09,3401814
0.09,3393203
0.09,3379763
0.09,3337859
0.09,3337021
0.09,3318621
0.09,3316373
0.09,3287651
0.09,3264452
0.09,3257092
0.09,3256054
0.09,3225838
0.09,3219547
0.09,3181560
0.09,3176802
0.09,3160456
0.09,3159044
0.09,3151184
0.09,3129522
0.09,3119226
0.09,3112415
0.09,3109982
0.09,3094604
0.09,3070887
0.09,3066777
0.09,3049944
0.09,3042726
0.09,3022226
0.09,2927788
0.09,2927493
0.09,2924667
0.09,2894379
0.09,2894322
0.09,2882941
0.09,2858300
0.09,2847373
0.09,2829576
0.09,2826563
0.09,2819347
0.09,2819141
0.09,2817410
0.09,2793192
0.09,2779880
0.09,2764514
0.09,2751384
0.09,2749388
0.09,2695893
0.09,2689283
0.09,2677969
0.09,2651130
0.09,2603159
0.09,2603071
0.09,2601756
0.09,2577696
0.09,2533062
0.09,2485146
0.10,2474318
0.10,2471839
0.10,2471277
0.10,2427454
0.10,2390351
0.10,2376886
0.10,2372020
0.10,2366634
0.10,2337998
0.10,2337435
0.10,2301783
0.10,2301453
0.10,2300930
0.10,2271143
0.10,2263699
0.10,2262508
0.10,2258261
0.10,2257223
0.10,2245146
0.10,2244309
0.10,2213445
0.10,2191911
0.10,2191515
0.10,2175250
0.10,2175118
0.10,2142110
0.10,2138666
0.10,2126060
0.10,2121841
0.10,2120757
0.10,2115804
0.10,2092455
0.10,2090366
0.10,2053871
0.10,2006231
0.11,2005058
0.11,1986299
0.11,1981890
0.11,1980242
0.11,1964189
0.11,1958217
0.11,1943140
0.11,1936575
0.11,1933403
0.11,1917434
0.11,1908152
0.11,1906523
0.11,1899934
0.11,1891702
0.11,1873382
0.11,1873272
0.12,1866215
0.12,1864679
0.12,1853006
0.15,1843776
0.15,1840770
0.15,1838435
0.15,1818462
0.15,1817968
0.15,1814292
0.15,1809976
0.15,1808282
0.15,1806506
0.15,1804121
0.15,1799420
0.15,1793603
0.15,1792530
0.15,1788976
0.15,1785203
0.16,1784515
0.16,1760893
0.16,1745517
0.16,1743646
0.18,1742180
0.18,1729939
0.18,1726252
0.18,1711160
0.18,1706464
0.18,1705915
0.19,1696042
0.19,1695393
0.19,1688930
0.19,1675469
0.19,1674542
0.19,1657400
0.19,1655768
0.19,1637874
0.19,1635449
0.19,1635396
0.19,1629492
0.20,1628052
0.20,1612759
0.20,1607404
0.20,1598158
0.20,1589645
0.20,1577639
0.23,1576955
0.23,1570531
0.23,1566235
0.23,1533833
0.23,1510267
0.23,1507180
0.23,1501615
0.24,1501244
0.24,1492505
0.24,1492032
0.32,1489414
0.36,1485472
0.38,1484871
0.38,1481414
0.38,1479656
0.38,1476720
0.38,1455318
0.38,1440525
0.38,1437855
0.38,1428802
0.38,1404669
0.38,1402291
0.56,1389484
0.56,1375345
0.57,1369145
0.89,1342686
1.10,1337120
1.10,1336706
1.10,1336399
1.10,1322058
1.10,1320676
1.17,1319968
1.17,1315271
1.18,1312522
1.19,1309106
1.19,1308930
1.19,1290629
1.19,1284392
1.19,1276462
1.19,1264063
1.19,1246280
1.19,1245023
1.19,1243771
1.56,1226943
1.56,1220144
1.56,1190581
1.56,1186344
1.56,1179564
1.56,1176521
1.56,1175596
1.56,1173390
1.56,1171846
2.36,1170217
2.36,1170178
2.36,1166317
2.36,1161974
2.50,1147763
2.50,1145747
2.50,1143731
2.50,1139373
2.50,1128687
2.50,1128677
2.50,1121322
2.50,1117976
2.51,1116118
2.51,1096933
2.51,1091955
3.15,1091602
3.15,1081952
3.15,1081612
3.15,1074028
3.53,1073292
3.53,1069635
3.53,1069382
3.53,1069311
3.53,1068590
3.53,1066936
3.53,1065298
3.53,1064226
3.54,1060127
3.54,1056379
3.54,1051030
3.54,1043334
3.54,1030446
3.58,1024860
3.58,1023272
3.60,1019715
3.60,1014908
3.60,1014853
3.60,1014812
3.60,998758
3.60,994075
3.60,988600
3.71,986925
3.71,985054
3.98,979365
4.11,978823
4.13,977497
4.32,977392
4.41,977388
4.41,973570
4.42,972524
4.42,970457
4.42,968665
4.50,967994
4.50,967891
4.50,963209
4.50,962492
4.50,950549
4.51,946612
4.58,944078
4.60,942362
4.60,935832
4.60,932855
4.63,931603
5.21,931327
5.22,922260
5.22,916152
5.22,911721
5.22,911202
5.22,908179
5.22,906900
5.58,905767
5.58,904826
5.58,902863
5.59,902297
5.59,902201
5.59,889608
5.59,885697
5.59,884882
5.59,883067
5.59,882511
5.59,879165
5.59,877188
5.59,871984
5.59,871301
5.64,868763
5.64,868716
5.64,866659
5.64,866299
5.64,863219
5.64,863179
5.64,862730
5.64,861739
5.65,858721
5.65,856414
6.63,853785
6.69,852657
6.70,850543
6.70,842288
6.77,839285
6.77,838952
6.77,835606
7.78,835415
7.78,835334
7.86,834718
7.86,834597
7.86,834308
7.98,831685
7.98,830982
7.98,830144
7.99,829570
8.51,825674
8.54,823997
8.55,821528
8.55,817197
10.72,815379
10.93,815332
10.93,814938
11.00,814765
11.00,814158
11.01,813848
12.32,813353
12.91,811712
