0.00,5949050
0.01,5940143
0.01,5902914
0.01,5819883
0.01,5811462
0.01,5751897
0.01,5744193
0.01,5733461
0.01,5711249
0.01,5704281
0.01,5695973
0.01,5667819
0.01,5659515
0.01,5658182
0.01,5650280
0.01,5634051
0.01,5614789
0.01,5556524
0.01,5390958
0.01,5230106
0.01,5221389
0.01,5192049
0.01,5085824
0.02,5051890
0.02,5046289
0.02,4974331
0.02,4957705
0.02,4955599
0.02,4953002
0.02,4946145
0.02,4897182
0.02,4865396
0.02,4858457
0.02,4857732
0.02,4855638
0.02,4850828
0.02,4830957
0.02,4765404
0.02,4758775
0.02,4728641
0.02,4693066
0.02,4633981
0.02,4613578
0.02,4491661
0.02,4455280
0.02,4338290
0.02,4332055
0.02,4316057
0.02,4273784
0.02,4142781
0.02,4140945
0.02,4042005
0.02,3985233
0.02,3924246
0.02,3904652
0.02,3879867
0.02,3853756
0.02,3849438
0.02,3783394
0.03,3765850
0.03,3765341
0.03,3759066
0.03,3753944
0.03,3749684
0.03,3731423
0.03,3711897
0.03,3710044
0.03,3670781
0.03,3651606
0.03,3640291
0.03,3594220
0.03,3567331
0.03,3559284
0.03,3483322
0.03,3481876
0.03,3477846
0.03,3476493
0.03,3470171
0.03,3469857
0.04,3404346
0.04,3371990
0.04,3364989
0.04,3362591
0.04,3357177
0.04,3356161
0.04,3307638
0.04,3306778
0.04,3306203
0.04,3304511
0.04,3286043
0.04,3271198
0.04,3264504
0.04,3254117
0.04,3232758
0.04,3231113
0.04,3217343
0.04,3199249
0.04,3141214
0.04,3136119
0.04,3118060
0.04,3113150
0.04,3111033
0.04,3107006
0.04,3104405
0.04,3080776
0.04,3041008
0.04,3035205
0.04,3015098
0.04,3002986
0.04,2977809
0.04,2953558
0.05,2950349
0.05,2932959
0.05,2913818
0.05,2908020
0.05,2870424
0.05,2854452
0.05,2851962
0.05,2851955
0.05,2851396
0.05,2847280
0.05,2835716
0.05,2797856
0.05,2796367
0.05,2795437
0.05,2774875
0.05,2771806
0.05,2761485
0.05,2751415
0.05,2751103
0.05,2749320
0.05,2737806
0.05,2737751
0.05,2737355
0.05,2728033
0.05,2716516
0.05,2710798
0.05,2657686
0.05,2650660
0.05,2604774
0.05,2572084
0.05,2569361
0.05,2564278
0.05,2481076
0.05,2480269
0.05,2473983
0.05,2451374
0.05,2442121
0.05,2438685
0.05,2435753
0.05,2415100
0.05,2397077
0.05,2377398
0.06,2365465
0.06,2311777
0.06,2307695
0.06,2277461
0.06,2231365
0.06,2193829
0.06,2180610
0.06,2159774
0.06,2155150
0.06,2140412
0.06,2124391
0.06,2097853
0.06,2097831
0.06,2088876
0.06,2082462
0.06,2052847
0.06,2027454
0.06,2026766
0.06,2009993
0.06,2008804
0.06,1993415
0.06,1956783
0.06,1954530
0.06,1938985
0.06,1938854
0.06,1930987
0.06,1930723
0.06,1925087
0.06,1924990
0.06,1914026
0.06,1887660
0.06,1880327
0.06,1874681
0.06,1873503
0.06,1873452
0.07,1872307
0.07,1869663
0.07,1864601
0.07,1855954
0.07,1855415
0.07,1848955
0.07,1848858
0.07,1841848
0.07,1841784
0.07,1841039
0.07,1823678
0.07,1817156
0.07,1809256
0.07,1809097
0.07,1768413
0.07,1767756
0.07,1758698
0.07,1750367
0.07,1737988
0.07,1723828
0.07,1722666
0.07,1720822
0.07,1696750
0.07,1683553
0.07,1683285
0.08,1682326
0.08,1677160
0.08,1677153
0.08,1664385
0.08,1642444
0.08,1628617
0.08,1619702
0.08,1591716
0.08,1588529
0.08,1569111
0.08,1567066
0.08,1555598
0.09,1552021
0.09,1543512
0.09,1531480
0.09,1528143
0.09,1511239
0.09,1503378
0.09,1479068
0.09,1478008
0.09,1470937
0.09,1465732
0.09,1433304
0.09,1425461
0.09,1425059
0.09,1411090
0.09,1410398
0.09,1409199
0.09,1403536
0.09,1398641
0.09,1384885
0.09,1384881
0.09,1380718
0.09,1380429
0.09,1374799
0.09,1356044
0.10,1347376
0.10,1338205
0.10,1330539
0.10,1325918
0.10,1313948
0.10,1309562
0.10,1302392
0.10,1301079
0.10,1300662
0.10,1298867
0.11,1298342
0.11,1290100
0.11,1278248
0.11,1277972
0.11,1273641
0.11,1273422
0.11,1267943
0.11,1251336
0.12,1250388
0.12,1249221
0.12,1212589
0.12,1209043
0.12,1199400
0.12,1198005
0.12,1185059
0.12,1177288
0.12,1166625
0.12,1154239
0.12,1151111
0.12,1148030
0.12,1142453
0.13,1135757
0.13,1135370
0.13,1133152
0.13,1125268
0.13,1125130
0.13,1120717
0.13,1120090
0.13,1105767
0.13,1090766
0.13,1085926
0.13,1084102
0.13,1084042
0.13,1079791
0.13,1073665
0.13,1069786
0.13,1064534
0.13,1062013
0.14,1052447
0.14,1035036
0.14,1028620
0.14,1028321
0.15,1013720
0.15,1012438
0.15,1011109
0.15,1003330
0.16,1001070
0.16,996545
0.17,993335
0.17,989294
0.18,977693
0.18,975591
0.18,972489
0.19,970535
0.19,965722
0.19,960410
0.19,957141
0.19,943390
0.20,942552
0.20,920356
0.21,915298
0.21,903761
0.21,903725
0.21,902794
0.21,898325
0.21,896215
0.21,894247
0.21,892558
0.22,886142
0.22,886061
0.23,880138
0.23,879922
0.24,876302
0.24,876172
0.24,876132
0.24,875899
0.26,875892
0.27,873745
0.27,870077
0.29,850858
0.29,849570
0.29,848693
0.30,847592
0.68,845073
5.35,843183
7.04,836141
7.06,835534
7.07,835081
7.08,832500
7.09,828717
7.10,828500
7.11,828461
22.63,827635
22.66,825480
52.76,825194
52.78,823908
62.87,819668
62.87,818822
62.90,815903
117.59,815275
352.66,814920
357.84,814900
