0.06,5859542
0.06,5847814
0.06,5803552
0.06,5767488
0.06,5692735
0.06,5676373
0.06,5646062
0.06,5645191
0.06,5592293
0.06,5467028
0.06,5416031
0.06,5377625
0.06,5320031
0.07,5181537
0.07,5180874
0.07,5154299
0.07,5126124
0.07,5107559
0.07,5102663
0.07,5089034
0.07,5087094
0.07,5081846
0.07,5025024
0.07,5020797
0.07,5004470
0.07,4977806
0.07,4927390
0.07,4924258
0.07,4919667
0.07,4800639
0.07,4787006
0.07,4778687
0.07,4702589
0.07,4669413
0.07,4618898
0.07,4591502
0.07,4566982
0.07,4566256
0.07,4547196
0.08,4544142
0.08,4525043
0.08,4516699
0.08,4393737
0.08,4353363
0.08,4349145
0.08,4335052
0.08,4295750
0.08,4255467
0.08,4250986
0.08,4250569
0.08,4237498
0.08,4221338
0.08,4189231
0.08,4144250
0.08,4125002
0.08,4094988
0.08,4085391
0.08,4019824
0.08,4011112
0.08,3982662
0.08,3934087
0.08,3931094
0.08,3805927
0.08,3798298
0.08,3779365
0.08,3749531
0.08,3738662
0.08,3722938
0.08,3722838
0.08,3717161
0.08,3699826
0.08,3698620
0.08,3645948
0.08,3601527
0.08,3562474
0.08,3545032
0.08,3503946
0.08,3489273
0.08,3487087
0.08,3482724
0.08,3450768
0.08,3412488
0.08,3408927
0.08,3395618
0.08,3364146
0.08,3359577
0.08,3338369
0.09,3302001
0.09,3291720
0.09,3274000
0.09,3266956
0.09,3207061
0.09,3188469
0.09,3142083
0.09,3135889
0.09,3129378
0.09,3106701
0.09,3067334
0.09,3064683
0.09,3052776
0.09,3047971
0.09,2947514
0.09,2935059
0.09,2911631
0.09,2882099
0.09,2873787
0.09,2858392
0.09,2821838
0.09,2821420
0.09,2784920
0.09,2779414
0.09,2778957
0.09,2778396
0.09,2756579
0.09,2749691
0.09,2703204
0.09,2651545
0.09,2643531
0.09,2615255
0.09,2615209
0.09,2583117
0.09,2488914
0.09,2485307
0.09,2483723
0.09,2455090
0.09,2448936
0.09,2440159
0.09,2427670
0.09,2424509
0.09,2413386
0.09,2378642
0.09,2365986
0.09,2292754
0.09,2288209
0.09,2287571
0.09,2285878
0.09,2281911
0.09,2276560
0.09,2246633
0.09,2171561
0.09,2143494
0.10,2083358
0.10,2055129
0.10,2046465
0.10,2036484
0.10,2029689
0.10,2019099
0.10,2015192
0.10,2005689
0.10,1997821
0.10,1966566
0.10,1961789
0.10,1955898
0.10,1938412
0.10,1937466
0.10,1928787
0.10,1923137
0.11,1917733
0.11,1906521
0.11,1882292
0.11,1865585
0.11,1861140
0.11,1857685
0.11,1857092
0.11,1818977
0.11,1813609
0.11,1802419
0.11,1794877
0.11,1787754
0.11,1784396
0.11,1782923
0.11,1778938
0.11,1776685
0.11,1772902
0.11,1765908
0.11,1758531
0.12,1745856
0.12,1739537
0.12,1721799
0.12,1707866
0.12,1700268
0.12,1692114
0.12,1690914
0.12,1670547
0.12,1670030
0.12,1651458
0.12,1643912
0.12,1634615
0.12,1630206
0.12,1628439
0.12,1616570
0.12,1610947
0.12,1608377
0.12,1606721
0.13,1585907
0.22,1582794
0.22,1582137
0.22,1581555
0.22,1576581
0.22,1563623
0.25,1555704
0.30,1554139
0.30,1551568
0.31,1546214
0.31,1543907
0.31,1539610
0.37,1536983
0.37,1519875
0.37,1519281
0.38,1517029
0.38,1516441
0.38,1515623
0.38,1487000
0.38,1478309
0.38,1474839
0.38,1444933
0.38,1443472
0.46,1435224
0.52,1433154
0.52,1432277
0.52,1428097
0.52,1422274
0.76,1414781
0.76,1397012
0.76,1394043
0.76,1372743
0.76,1372619
1.22,1366856
1.22,1361968
1.27,1351566
1.27,1346827
1.27,1342998
1.27,1336856
1.27,1336813
1.27,1327459
1.27,1324357
1.27,1324110
1.27,1318225
1.27,1316078
1.52,1315884
1.53,1305615
1.53,1303914
1.53,1301306
1.53,1291667
1.53,1285958
1.53,1273818
1.53,1264948
1.57,1264660
1.57,1259472
1.57,1243708
1.57,1243011
1.57,1242056
1.57,1240039
1.57,1211143
1.57,1207828
1.57,1207009
1.57,1206190
1.57,1204871
1.57,1200845
1.57,1199907
1.57,1197529
1.58,1196350
1.58,1182663
1.58,1176581
1.89,1171460
1.89,1156143
2.14,1151767
2.15,1146516
2.15,1142027
2.15,1139107
2.15,1136035
2.15,1132106
2.51,1131267
2.51,1126942
2.51,1125446
2.64,1125272
2.64,1118537
2.64,1106905
2.64,1104923
2.64,1102404
3.09,1086572
3.09,1085505
3.09,1067748
3.09,1063751
3.11,1044930
3.11,1035215
3.11,1034756
3.11,1030589
3.11,1022192
3.21,1019495
3.21,1010405
3.21,1004392
3.21,1002018
3.21,1001331
3.84,1000392
3.84,997868
3.85,996713
4.34,993874
4.34,982090
4.63,981080
4.63,980190
4.63,979648
4.63,973133
4.64,967259
4.85,962326
4.85,960877
4.85,959579
4.86,958561
4.86,945861
4.86,944833
4.86,944826
4.86,944623
4.86,942934
4.86,942622
4.86,938079
4.86,936996
4.86,935754
4.86,931712
5.49,925739
5.49,925605
5.53,925460
5.53,921545
5.84,920810
5.84,911360
5.84,907557
5.84,907521
5.85,903363
5.87,903130
5.87,901595
5.92,898303
5.97,897654
5.97,896630
5.97,896183
5.98,891665
5.98,891202
5.98,890348
5.98,889888
6.02,889240
6.12,887830
6.12,885898
6.12,883131
6.12,877517
6.12,876720
6.12,869658
6.39,861863
6.65,861079
6.66,860040
6.98,855857
6.98,855265
6.98,853877
6.98,851512
7.03,848876
7.03,845547
7.03,843930
7.04,843155
7.04,841870
7.07,841729
7.60,833422
7.61,833422
7.61,832815
7.61,831205
7.74,830763
7.75,830315
8.15,830085
8.23,828205
8.23,828165
8.28,827985
8.28,827487
8.28,825046
8.29,822697
8.29,821858
8.29,817109
9.71,815809
10.02,815403
10.15,813088
10.61,812931
11.51,812852
11.51,812055
11.51,812016
12.90,811828
13.19,811818
13.21,811013
13.66,810803
13.87,810595
13.87,810199
