0.00,5904453
0.01,5804288
0.01,5755940
0.01,5751769
0.01,5729803
0.01,5689305
0.01,5644063
0.01,5643464
0.01,5578629
0.01,5532687
0.01,5524180
0.01,5517815
0.01,5445540
0.01,5366265
0.01,5330782
0.01,5315753
0.01,5306114
0.01,5302858
0.01,5302850
0.01,5300873
0.01,5270829
0.01,5242992
0.01,5238614
0.01,5238299
0.01,5199402
0.01,5151089
0.01,5108477
0.01,5105241
0.01,5103081
0.01,5048540
0.01,4905706
0.01,4830797
0.01,4828796
0.01,4822248
0.01,4822191
0.01,4813006
0.01,4700959
0.01,4697710
0.01,4695966
0.01,4614269
0.02,4588681
0.02,4534343
0.02,4530425
0.02,4528700
0.02,4510893
0.02,4416749
0.02,4365918
0.02,4360470
0.02,4323363
0.02,4259375
0.02,4249727
0.02,4242671
0.02,4220573
0.02,4210806
0.02,4193303
0.02,4126080
0.02,4122285
0.02,3970810
0.02,3923397
0.02,3917997
0.02,3917766
0.02,3844839
0.02,3811249
0.02,3790976
0.02,3747681
0.02,3742329
0.02,3715117
0.02,3710962
0.02,3694354
0.02,3678254
0.02,3663013
0.02,3661465
0.02,3638520
0.02,3627575
0.02,3601774
0.02,3580871
0.02,3564893
0.02,3554224
0.02,3553640
0.02,3524440
0.02,3515332
0.02,3515088
0.02,3504846
0.02,3502991
0.02,3479053
0.02,3474574
0.02,3427636
0.02,3421704
0.02,3396486
0.02,3349480
0.02,3186051
0.02,3176791
0.02,3066622
0.02,3061046
0.03,3046064
0.03,3021018
0.03,2991702
0.03,2986861
0.03,2980882
0.03,2961925
0.03,2887275
0.03,2880485
0.03,2858542
0.03,2857875
0.03,2833831
0.03,2827247
0.03,2826935
0.03,2797926
0.03,2797785
0.03,2777660
0.03,2767645
0.03,2749081
0.03,2730985
0.03,2675778
0.03,2668910
0.03,2651701
0.03,2649570
0.03,2628765
0.03,2571998
0.03,2557139
0.03,2541142
0.03,2535256
0.03,2514286
0.03,2509725
0.03,2509238
0.03,2507401
0.03,2501101
0.03,2484885
0.03,2478676
0.03,2442356
0.03,2433537
0.03,2423595
0.03,2416121
0.03,2415602
0.03,2387542
0.04,2363628
0.04,2314080
0.04,2300278
0.04,2296550
0.04,2262334
0.04,2261065
0.04,2248459
0.04,2242158
0.04,2234663
0.04,2230184
0.04,2230052
0.04,2225845
0.04,2208549
0.04,2202410
0.04,2200472
0.04,2195856
0.04,2195229
0.04,2179271
0.04,2155659
0.04,2155435
0.04,2145291
0.04,2134026
0.04,2129524
0.04,2127878
0.04,2111803
0.04,2092331
0.04,2087993
0.04,2086822
0.04,2053337
0.04,2051959
0.04,2026899
0.04,2023058
0.04,2018574
0.04,1999008
0.04,1984711
0.04,1964655
0.05,1959785
0.05,1941520
0.05,1925853
0.05,1911256
0.05,1906114
0.05,1906063
0.05,1898381
0.05,1885234
0.05,1883902
0.05,1878485
0.05,1878008
0.05,1871025
0.05,1869264
0.05,1852709
0.05,1852405
0.05,1851845
0.05,1842685
0.05,1835992
0.05,1806579
0.05,1806571
0.05,1806334
0.05,1788026
0.05,1784531
0.05,1782028
0.05,1779624
0.05,1765339
0.05,1763373
0.06,1756721
0.06,1754076
0.06,1743049
0.06,1730962
0.06,1723866
0.06,1677158
0.06,1667814
0.06,1659759
0.06,1658621
0.06,1649344
0.06,1638261
0.06,1637691
0.06,1637563
0.06,1631286
0.06,1629668
0.06,1620534
0.06,1611079
0.06,1608612
0.06,1608562
0.06,1590741
0.06,1575177
0.06,1575097
0.06,1551061
0.06,1549831
0.06,1537118
0.06,1529874
0.06,1523096
0.06,1522807
0.06,1521224
0.06,1504074
0.06,1501247
0.06,1479093
0.06,1478154
0.06,1473998
0.06,1470543
0.06,1470374
0.06,1450252
0.06,1450096
0.06,1449796
0.06,1446588
0.06,1442903
0.06,1432923
0.07,1426427
0.07,1425141
0.07,1361715
0.07,1353517
0.07,1351444
0.07,1349289
0.07,1346317
0.07,1339397
0.07,1335126
0.07,1319128
0.07,1317929
0.07,1310964
0.07,1288369
0.07,1247479
0.07,1244893
0.07,1212663
0.08,1207960
0.08,1206642
0.08,1206432
0.08,1204948
0.08,1183160
0.08,1180589
0.08,1175781
0.08,1175130
0.08,1174807
0.08,1167210
0.08,1166021
0.08,1163642
0.08,1158366
0.08,1158170
0.08,1153811
0.09,1152842
0.09,1152028
0.09,1151622
0.09,1140177
0.09,1140069
0.09,1136982
0.09,1123664
0.09,1114835
0.09,1107660
0.09,1104908
0.10,1104338
0.10,1096268
0.10,1095617
0.11,1093572
0.11,1093037
0.11,1081417
0.11,1050428
0.11,1043212
0.11,1039573
0.12,1030529
0.12,1029234
0.12,1017743
0.12,1011809
0.12,1010360
0.13,1005283
0.13,992283
0.13,991889
0.13,991856
0.13,989150
0.14,984369
0.14,980488
0.14,977709
0.15,975749
0.15,971834
0.15,971753
0.15,966139
0.15,963025
0.15,961907
0.16,961867
0.16,960250
0.16,947482
0.17,947265
0.17,942601
0.17,942416
0.18,942377
0.19,940015
0.20,938538
0.20,911064
0.20,892784
0.21,872621
0.23,871536
0.24,869212
0.44,864655
0.68,858038
0.69,857260
0.78,856032
0.80,853876
0.87,851836
1.08,850496
1.08,850010
1.10,849970
1.10,848270
2.11,845276
2.11,843202
2.11,841916
2.14,838410
4.52,838263
4.53,837326
4.53,837286
4.54,837171
4.55,826089
8.28,820580
8.30,817868
8.31,817090
189.12,816735
348.67,815310
348.67,815297
348.68,813641
348.70,812447
348.71,812408
