0.00,6053023
0.01,6050888
0.01,5906564
0.01,5898267
0.01,5897105
0.01,5892807
0.01,5889964
0.02,5767974
0.02,5760211
0.02,5737958
0.02,5725856
0.02,5706300
0.02,5704596
0.02,5682362
0.02,5579345
0.02,5559261
0.02,5537828
0.02,5519978
0.02,5519394
0.02,5427081
0.02,5392628
0.02,5391770
0.02,5337558
0.03,5333248
0.03,5332840
0.03,5298338
0.03,5180780
0.03,5097959
0.03,5062433
0.03,5045545
0.03,5020048
0.03,4996406
0.03,4994545
0.03,4968671
0.03,4938327
0.03,4932904
0.03,4928293
0.03,4846658
0.03,4846502
0.03,4844673
0.03,4709963
0.03,4668303
0.03,4639681
0.03,4633078
0.03,4621165
0.03,4603436
0.03,4595628
0.03,4581515
0.03,4570920
0.04,4531405
0.04,4506692
0.04,4500725
0.04,4487592
0.04,4460774
0.04,4434633
0.04,4336860
0.04,4326156
0.04,4270616
0.04,4254023
0.04,4235236
0.04,4230156
0.04,4225764
0.04,4219693
0.04,4199677
0.04,4168109
0.04,4122693
0.04,4121318
0.04,4075136
0.04,4049938
0.04,4044761
0.04,3977894
0.04,3932991
0.04,3928327
0.04,3893406
0.04,3870361
0.04,3847524
0.04,3820820
0.04,3759707
0.04,3753160
0.04,3748059
0.04,3734690
0.04,3727279
0.04,3701897
0.05,3673186
0.05,3672861
0.05,3624186
0.05,3601612
0.05,3589447
0.05,3537463
0.05,3500071
0.05,3410002
0.05,3396444
0.05,3390987
0.05,3341444
0.05,3319462
0.05,3303604
0.05,3295117
0.05,3292719
0.05,3287886
0.05,3286955
0.05,3201905
0.05,3189428
0.05,3189226
0.06,3188933
0.06,3175042
0.06,3171935
0.07,3140617
0.07,3111095
0.07,3065916
0.07,3046847
0.07,3045516
0.07,3032303
0.07,3016949
0.07,3009418
0.07,2967153
0.07,2940921
0.07,2913563
0.07,2882518
0.08,2882163
0.08,2868221
0.08,2844580
0.08,2793364
0.08,2789245
0.08,2787972
0.08,2782149
0.08,2781018
0.08,2778411
0.08,2760667
0.08,2732171
0.08,2715932
0.08,2693924
0.08,2693673
0.08,2683345
0.08,2677117
0.08,2652475
0.08,2638258
0.08,2634413
0.09,2632537
0.09,2614495
0.09,2610497
0.09,2591488
0.09,2589306
0.09,2559294
0.09,2558789
0.09,2551355
0.09,2537664
0.09,2488028
0.09,2484450
0.09,2459540
0.09,2458788
0.09,2458493
0.09,2458016
0.09,2442064
0.09,2422793
0.09,2418945
0.09,2415051
0.09,2410063
0.09,2400742
0.09,2400037
0.09,2360675
0.10,2327460
0.10,2324799
0.10,2322755
0.10,2315979
0.10,2315362
0.10,2303360
0.10,2302107
0.10,2279336
0.10,2268394
0.10,2263224
0.10,2239941
0.15,2239789
0.15,2219747
0.15,2215705
0.15,2211867
0.15,2207872
0.15,2205588
0.15,2205191
0.15,2196343
0.15,2194974
0.15,2191108
0.16,2186040
0.16,2185533
0.16,2180850
0.16,2178466
0.16,2176620
0.16,2175212
0.16,2171640
0.16,2141816
0.16,2139728
0.16,2115747
0.16,2115242
0.16,2106226
0.16,2104444
0.16,2097591
0.16,2093783
0.16,2045781
0.16,2043741
0.16,2039172
0.16,2037105
0.16,2034655
0.16,2032029
0.17,2021599
0.17,2021061
0.17,1991266
0.17,1989190
0.17,1986598
0.17,1969450
0.17,1944203
0.17,1938348
0.17,1937246
0.17,1916323
0.17,1904327
0.17,1901114
0.17,1881829
0.17,1873400
0.17,1837172
0.17,1820496
0.17,1817024
0.17,1814481
0.17,1799415
0.17,1786185
0.17,1772136
0.17,1760963
0.17,1715337
0.17,1713933
0.17,1713381
0.17,1712645
0.17,1707766
0.17,1706704
0.17,1705619
0.17,1701759
0.18,1696935
0.18,1676516
0.18,1666523
0.18,1664676
0.18,1653254
0.18,1650614
0.18,1648537
0.18,1645208
0.18,1633893
0.18,1622197
0.18,1616037
0.18,1615496
0.18,1608855
0.18,1604995
0.18,1594866
0.18,1594004
0.18,1585749
0.18,1573993
0.18,1551233
0.18,1549374
0.18,1543280
0.18,1514462
0.18,1514459
0.18,1514451
0.19,1512808
0.19,1496623
0.19,1495313
0.19,1494961
0.19,1490980
0.19,1488490
0.19,1475871
0.19,1474810
0.19,1460134
0.19,1437128
0.19,1430542
0.19,1410046
0.19,1409676
0.19,1408911
0.19,1401387
0.19,1394900
0.19,1379096
0.19,1377909
0.19,1377581
0.19,1363161
0.19,1355906
0.19,1355736
0.19,1331790
0.20,1325260
0.20,1324676
0.20,1323300
0.20,1320589
0.20,1311153
0.20,1310693
0.20,1295882
0.20,1283881
0.20,1277525
0.20,1276548
0.20,1248550
0.20,1247218
0.20,1246240
0.20,1243032
0.20,1238548
0.20,1232504
0.20,1219720
0.20,1213929
0.20,1213012
0.20,1206407
0.21,1205299
0.21,1197480
0.21,1197404
0.21,1195780
0.21,1180730
0.21,1171955
0.21,1171955
0.21,1166957
0.21,1162952
0.22,1161678
0.22,1158228
0.22,1148301
0.22,1140752
0.22,1138189
0.22,1128232
0.22,1126984
0.22,1123132
0.22,1121511
0.22,1120098
0.23,1118398
0.23,1117110
0.23,1097936
0.23,1096561
0.23,1093221
0.28,1091908
0.28,1084658
0.29,1084311
0.29,1083537
0.29,1082252
0.29,1079545
0.29,1076021
0.29,1074968
0.29,1069164
0.29,1061835
0.29,1061043
0.29,1059887
0.30,1053764
0.30,1051371
0.30,1047404
0.30,1036038
0.30,1032187
0.31,1024038
0.31,1022166
0.31,1022002
0.32,1019084
0.32,1015663
0.32,1001755
0.32,997062
0.33,993488
0.33,973905
0.33,971941
0.34,971364
0.34,961452
0.35,955818
0.35,955692
0.35,952073
0.36,946533
0.36,944742
0.36,936279
0.36,929080
0.36,927569
0.36,927569
0.37,924739
0.38,923395
0.38,915629
0.38,905873
0.39,902708
0.39,901624
0.42,898583
0.43,896259
0.47,891930
0.49,887090
0.50,885830
0.62,884325
0.62,870651
0.63,861399
0.63,861284
0.64,861067
0.68,861028
0.72,860103
0.83,858834
0.83,851166
0.83,849881
0.85,847908
0.86,847908
0.90,845753
2.79,845273
2.79,841213
2.80,840096
2.94,835121
2.94,835121
2.94,831724
2.94,830525
2.95,830404
2.95,827941
2.96,827116
2.96,826217
2.97,821665
3.00,818989
3.02,818594
43.06,815851
123.17,814499
200.87,813788
329.64,812814
567.06,812505
567.06,812466
