0.06,5796135
0.06,5713731
0.06,5623785
0.06,5589451
0.06,5568725
0.06,5553712
0.06,5544982
0.06,5536463
0.07,5523071
0.07,5504751
0.07,5429923
0.07,5426973
0.07,5413255
0.07,5411669
0.07,5332030
0.07,5300443
0.07,5292077
0.07,5288313
0.07,5267632
0.07,5232966
0.07,5215257
0.07,5167559
0.07,5131856
0.07,5128587
0.08,5126527
0.08,5113434
0.08,5092992
0.08,5072798
0.08,4980997
0.08,4969296
0.08,4956841
0.08,4955313
0.08,4933136
0.08,4913595
0.08,4874307
0.08,4842383
0.08,4808217
0.08,4797534
0.08,4792369
0.08,4753317
0.08,4645504
0.08,4574957
0.08,4573464
0.08,4546699
0.08,4524412
0.08,4482882
0.08,4476811
0.08,4360676
0.08,4331478
0.08,4328903
0.08,4325390
0.08,4262694
0.08,4208069
0.08,4191173
0.08,4187763
0.08,4155197
0.08,4109348
0.08,4100602
0.08,4098734
0.08,4085387
0.08,4075191
0.08,4072316
0.08,4065262
0.08,4017812
0.08,3979424
0.08,3951661
0.08,3919375
0.08,3914706
0.08,3889051
0.09,3827283
0.09,3800646
0.09,3760751
0.09,3748624
0.09,3747953
0.09,3746899
0.09,3713151
0.09,3703367
0.09,3693447
0.09,3661635
0.09,3660011
0.09,3645694
0.09,3610172
0.09,3576611
0.09,3557011
0.09,3535370
0.09,3532208
0.09,3461591
0.09,3460830
0.09,3445377
0.09,3429586
0.09,3421222
0.09,3401799
0.09,3368828
0.09,3304501
0.09,3252237
0.09,3250723
0.09,3179943
0.09,3130087
0.09,3121754
0.09,3109547
0.09,3089686
0.09,3084875
0.09,3056306
0.09,3051939
0.09,3010256
0.09,3001055
0.09,2996357
0.09,2984383
0.09,2971831
0.09,2969222
0.09,2968833
0.09,2966606
0.09,2946859
0.09,2936691
0.09,2930553
0.09,2928700
0.09,2912721
0.09,2909064
0.09,2907240
0.09,2902069
0.09,2880257
0.09,2876767
0.09,2861551
0.09,2828887
0.09,2824558
0.09,2816481
0.09,2801772
0.09,2798336
0.09,2793169
0.09,2780641
0.09,2777934
0.09,2741730
0.09,2735891
0.09,2708047
0.10,2706318
0.10,2701562
0.10,2681388
0.10,2677978
0.10,2662563
0.10,2660383
0.10,2634675
0.10,2610959
0.10,2595821
0.10,2553597
0.10,2522404
0.10,2507332
0.10,2499568
0.10,2497464
0.10,2472315
0.10,2472131
0.10,2464955
0.10,2463109
0.10,2451172
0.10,2428497
0.10,2426775
0.10,2422751
0.10,2421301
0.10,2403426
0.10,2392225
0.10,2380511
0.10,2379052
0.10,2333586
0.10,2330358
0.10,2322980
0.10,2314405
0.10,2304656
0.11,2276747
0.11,2274271
0.11,2257731
0.11,2256010
0.11,2243465
0.11,2215321
0.11,2197891
0.11,2194998
0.11,2182763
0.11,2177406
0.11,2158200
0.11,2150673
0.11,2129601
0.11,2123877
0.11,2116684
0.11,2108215
0.11,2103884
0.11,2067887
0.11,2067605
0.12,2046794
0.12,2045628
0.12,2036771
0.12,2027213
0.12,2021278
0.12,2006591
0.12,2005981
0.12,1996294
0.12,1992573
0.12,1971330
0.12,1969733
0.12,1951997
0.12,1945367
0.12,1942504
0.12,1926083
0.13,1909889
0.13,1906160
0.13,1899614
0.13,1881995
0.13,1881151
0.13,1879730
0.13,1850048
0.13,1817724
0.13,1767901
0.13,1748378
0.13,1744227
0.13,1735220
0.13,1727611
0.13,1722786
0.13,1704844
0.13,1704519
0.13,1683591
0.13,1679902
0.13,1674223
0.13,1648487
0.13,1647478
0.13,1635563
0.16,1631943
0.16,1615698
0.16,1613968
0.18,1609858
0.18,1607155
0.19,1598039
0.20,1586232
0.20,1565200
0.20,1562114
0.20,1524766
0.20,1507232
0.54,1493550
0.54,1490735
0.63,1483227
0.63,1481643
0.63,1476969
0.65,1449845
0.65,1448864
0.65,1446002
0.65,1436948
0.65,1412547
1.04,1391131
1.04,1390741
1.05,1390707
1.05,1386184
1.05,1382862
1.05,1382518
1.14,1360817
1.14,1352032
1.25,1351804
1.25,1344325
1.25,1341730
1.26,1338846
1.26,1333907
1.53,1333138
1.53,1332128
1.53,1331674
1.53,1326527
1.53,1324003
1.53,1323993
1.69,1316078
1.69,1313978
1.77,1302070
1.77,1299384
1.77,1298678
1.77,1287544
1.77,1272204
1.77,1264256
1.80,1249915
1.80,1247320
1.80,1238588
1.80,1234788
1.95,1230490
2.29,1225701
2.29,1224701
2.29,1222776
2.30,1209118
2.30,1207459
2.30,1200617
2.30,1196543
2.30,1196144
2.30,1193271
2.30,1192808
2.30,1191428
2.30,1175543
2.31,1169033
2.31,1164799
2.31,1164610
2.31,1163606
2.50,1162346
2.50,1150438
2.50,1145997
2.50,1145922
2.51,1136849
2.53,1135271
2.55,1133714
2.55,1100102
2.55,1099501
2.55,1098617
2.55,1093458
2.55,1083347
2.60,1077830
2.60,1073923
2.60,1069169
2.60,1060380
2.60,1059216
3.70,1048522
3.70,1041616
3.71,1030261
3.71,1028354
3.71,1017815
3.71,1014645
3.71,1013111
3.71,1009912
3.71,1009276
3.79,1006690
3.79,996320
4.50,993712
4.50,993606
4.50,992689
4.50,992635
4.50,988234
4.50,985494
4.54,982310
4.54,979859
4.54,978531
4.54,978008
4.54,969710
4.54,966255
4.54,965806
4.54,965252
4.54,964405
4.54,957852
4.55,957026
4.55,938412
4.76,936743
4.89,933996
4.89,932423
4.90,932047
4.90,929508
4.90,923299
4.90,921443
4.90,919748
5.15,917309
5.15,916587
5.15,916533
5.43,915571
5.43,914195
5.45,910879
5.45,909345
5.48,905872
5.82,905808
5.82,905639
5.82,905455
5.82,895302
5.82,892314
5.82,891596
5.82,891589
5.83,883993
5.83,880595
5.83,873106
5.83,872264
5.83,871243
5.83,867215
5.84,863841
6.56,863205
6.56,862662
6.56,860329
6.69,859850
6.75,859610
6.75,856488
6.75,856081
6.80,852346
6.80,851604
6.80,849572
6.80,848696
6.92,848385
6.92,843703
6.92,837883
6.92,837723
7.22,837086
7.22,835469
7.22,834384
7.52,833071
7.52,832464
7.99,828913
8.00,828066
8.12,827986
8.12,826658
8.24,825155
8.25,825117
8.47,824369
8.48,822183
8.48,822113
8.48,822074
8.48,819068
8.48,818139
8.49,817595
8.49,815898
10.04,814238
10.04,814156
10.04,813217
11.46,813074
12.14,812711
12.78,812324
12.80,812232
12.80,811836
12.80,811393
12.81,810998
13.42,810730
14.27,810691
