0.00,6027482
0.01,5992848
0.01,5979786
0.01,5776806
0.01,5749604
0.01,5739185
0.01,5699131
0.01,5634435
0.01,5593318
0.01,5537556
0.01,5537468
0.01,5536420
0.01,5462581
0.01,5445020
0.01,5395834
0.02,5386387
0.02,5380316
0.02,5324640
0.02,5307749
0.02,5300031
0.02,5296061
0.02,5294140
0.02,5278184
0.02,5200010
0.02,5198174
0.02,5194752
0.02,5156379
0.02,5154518
0.02,5120406
0.02,5068985
0.02,5065681
0.02,5000399
0.02,4996525
0.02,4933913
0.02,4921204
0.02,4916264
0.02,4899001
0.02,4885588
0.02,4870302
0.02,4839180
0.02,4837995
0.02,4706803
0.02,4679614
0.02,4658726
0.02,4625043
0.02,4615461
0.02,4497803
0.02,4495349
0.02,4485656
0.02,4402787
0.02,4395607
0.03,4394152
0.03,4349781
0.03,4306905
0.03,4296170
0.03,4283123
0.03,4270906
0.03,4251555
0.03,4244492
0.03,4228332
0.03,4227831
0.03,4219265
0.03,4204970
0.03,4202739
0.03,4188968
0.03,4143857
0.03,4133920
0.03,4131449
0.03,4115753
0.03,4004229
0.03,3997724
0.03,3994755
0.03,3959014
0.03,3958857
0.03,3954218
0.03,3877884
0.03,3872758
0.03,3807108
0.03,3801715
0.03,3756974
0.03,3752882
0.03,3749982
0.03,3725569
0.03,3712680
0.03,3656989
0.03,3653115
0.04,3650730
0.04,3646423
0.04,3640776
0.04,3639930
0.04,3626514
0.04,3614327
0.04,3598095
0.04,3592236
0.04,3555536
0.04,3522504
0.04,3506038
0.04,3503169
0.04,3493595
0.04,3482064
0.04,3439031
0.04,3361901
0.04,3325266
0.04,3284457
0.04,3277201
0.04,3277011
0.04,3268706
0.04,3258816
0.04,3183517
0.04,3175877
0.04,3172174
0.04,3137357
0.04,3050266
0.04,3001152
0.04,2991763
0.04,2943862
0.04,2907715
0.04,2897708
0.04,2897554
0.04,2886203
0.04,2886195
0.04,2805685
0.04,2729975
0.04,2686206
0.04,2679090
0.04,2677288
0.05,2643649
0.05,2643642
0.05,2641071
0.05,2631879
0.05,2625410
0.05,2610286
0.05,2600937
0.05,2597256
0.05,2585449
0.05,2584883
0.05,2567493
0.05,2550846
0.05,2529116
0.05,2527629
0.05,2526153
0.05,2511497
0.05,2500184
0.05,2474577
0.05,2464885
0.05,2463716
0.05,2455553
0.05,2447006
0.05,2445834
0.05,2419522
0.05,2408398
0.05,2384975
0.05,2381485
0.05,2363621
0.05,2348185
0.05,2339016
0.05,2316226
0.05,2313205
0.05,2296601
0.05,2291622
0.06,2287532
0.06,2287274
0.06,2232639
0.06,2208069
0.06,2207604
0.06,2197909
0.06,2190722
0.06,2189465
0.06,2173015
0.06,2171900
0.06,2166250
0.06,2146210
0.06,2133999
0.06,2132552
0.06,2095747
0.06,2085365
0.06,2083922
0.06,2082276
0.06,2074532
0.06,2065376
0.06,2054258
0.06,2041575
0.06,2041552
0.06,2034357
0.06,2023904
0.06,2012160
0.06,2007876
0.06,1953075
0.06,1937155
0.06,1931560
0.06,1875923
0.07,1869856
0.07,1863703
0.07,1863362
0.07,1853844
0.07,1851411
0.07,1848479
0.07,1845492
0.07,1818956
0.07,1796787
0.07,1791810
0.07,1781197
0.07,1779041
0.07,1778434
0.07,1767801
0.07,1752842
0.07,1736435
0.07,1721631
0.07,1715711
0.07,1708554
0.07,1707997
0.07,1693841
0.07,1673986
0.07,1671869
0.07,1664918
0.07,1664384
0.07,1662578
0.08,1650466
0.08,1638666
0.08,1619890
0.08,1611961
0.08,1596972
0.08,1596858
0.08,1576780
0.08,1540983
0.08,1539859
0.08,1539742
0.08,1527116
0.08,1526280
0.08,1516974
0.08,1513311
0.09,1502997
0.09,1501973
0.09,1499972
0.09,1490676
0.09,1487747
0.09,1483690
0.09,1450119
0.09,1446490
0.09,1439923
0.09,1436739
0.09,1420362
0.09,1420344
0.09,1419287
0.09,1392679
0.09,1391651
0.09,1387130
0.09,1379299
0.09,1364418
0.09,1362377
0.09,1359761
0.09,1356377
0.10,1353529
0.10,1346168
0.10,1331775
0.10,1310460
0.10,1310239
0.10,1307619
0.10,1301015
0.10,1296854
0.11,1294733
0.11,1288395
0.11,1283580
0.11,1276567
0.11,1274261
0.11,1269580
0.11,1268737
0.11,1253299
0.12,1252229
0.12,1248224
0.12,1243223
0.12,1240871
0.12,1240126
0.12,1237098
0.13,1236070
0.13,1233023
0.13,1219219
0.13,1218008
0.13,1209018
0.14,1208635
0.14,1198458
0.14,1197313
0.14,1194503
0.15,1183775
0.15,1180607
0.15,1176444
0.15,1165758
0.15,1163436
0.15,1158544
0.16,1152494
0.16,1141257
0.16,1140628
0.16,1139228
0.16,1138932
0.16,1100634
0.16,1097132
0.17,1094468
0.17,1094082
0.17,1085263
0.17,1084521
0.17,1076961
0.18,1067393
0.18,1061832
0.18,1060134
0.18,1059545
0.19,1052959
0.19,1049582
0.19,1045198
0.20,1045010
0.20,1041968
0.20,1041751
0.21,1041744
0.21,1041338
0.21,1034726
0.21,1023853
0.21,1019770
0.21,1019368
0.22,1012160
0.22,1000771
0.22,999982
0.23,999027
0.23,996051
0.23,996051
0.23,991817
0.24,967899
0.25,962521
0.25,955253
0.25,955124
0.26,952086
0.29,951692
0.30,951122
0.33,949804
0.34,949411
0.34,938273
0.38,937854
0.47,933748
0.47,929406
0.48,922282
0.48,910926
0.48,909948
0.50,907624
0.52,907230
0.56,904452
0.96,904428
1.05,889406
1.08,887795
1.21,887466
1.23,882586
1.24,874673
1.25,866611
1.27,862741
1.91,859231
1.92,854679
2.01,847187
2.01,840944
2.01,831649
2.03,830811
2.20,823576
5.77,823439
5.79,820992
5.96,819368
5.98,818391
5.99,817996
55.29,817609
55.32,816771
118.06,813040
118.07,813040
118.19,810934
