0.00,9807827
0.01,9807327
0.01,9610240
0.01,9368368
0.01,9343732
0.01,9342805
0.01,9328116
0.01,9321996
0.01,9055831
0.01,9046013
0.01,9041049
0.01,9040668
0.01,9007986
0.01,8946990
0.01,8945687
0.01,8906254
0.01,8742564
0.01,8712022
0.01,8635968
0.01,8530142
0.01,8501413
0.01,8400084
0.01,8397359
0.01,8363539
0.01,8349233
0.01,8332755
0.01,8288492
0.01,8286448
0.01,8285937
0.01,8247832
0.01,8243655
0.02,8171724
0.02,8160355
0.02,8086751
0.02,8073564
0.02,8044856
0.02,8033256
0.02,7899809
0.02,7898484
0.02,7879592
0.02,7872670
0.02,7870732
0.02,7757501
0.02,7687542
0.02,7686119
0.02,7684443
0.02,7644292
0.02,7549822
0.02,7541118
0.02,7539808
0.02,7527948
0.02,7454701
0.02,7351952
0.02,7348890
0.02,7339496
0.02,7332625
0.03,7327918
0.03,7188769
0.03,6874107
0.03,6822027
0.03,6820271
0.03,6761641
0.03,6759098
0.03,6598356
0.03,6528497
0.03,6499323
0.03,6470297
0.03,6467779
0.03,6449050
0.03,6435052
0.03,6363536
0.03,6360625
0.03,6299333
0.03,6297356
0.03,6226522
0.03,6150288
0.03,6096423
0.03,6032934
0.03,6031481
0.03,6029865
0.03,6027237
0.03,6024163
0.03,5989195
0.03,5987565
0.03,5986987
0.03,5977471
0.03,5954419
0.03,5927896
0.03,5839834
0.03,5809459
0.03,5808696
0.03,5711912
0.03,5672114
0.03,5670099
0.03,5620190
0.03,5580259
0.03,5579109
0.03,5570243
0.03,5461581
0.03,5457609
0.03,5452281
0.04,5437964
0.04,5418607
0.04,5383405
0.04,5314322
0.04,5297316
0.04,5273734
0.04,5268993
0.04,5263587
0.04,5257176
0.04,5255188
0.04,5244813
0.04,5239492
0.04,5236740
0.04,5214720
0.04,5205140
0.04,5161435
0.04,5160781
0.04,5143379
0.04,5140036
0.04,5100035
0.04,5024928
0.04,4989850
0.04,4839634
0.04,4720068
0.04,4718362
0.04,4717319
0.04,4709204
0.04,4703073
0.04,4657361
0.04,4655816
0.04,4653288
0.04,4647710
0.04,4644725
0.04,4616772
0.04,4562473
0.04,4520136
0.04,4518025
0.04,4516127
0.04,4514980
0.04,4512980
0.04,4510893
0.04,4477903
0.04,4464371
0.04,4433623
0.04,4337965
0.04,4333032
0.04,4332061
0.04,4331803
0.04,4331794
0.04,4297398
0.04,4296680
0.04,4278309
0.04,4220727
0.05,4215746
0.05,4208729
0.05,4183247
0.05,4074988
0.05,4055329
0.05,4026494
0.05,3985441
0.05,3973759
0.05,3972814
0.05,3970727
0.05,3970251
0.05,3883401
0.05,3881770
0.05,3863148
0.05,3858324
0.05,3856265
0.05,3844108
0.05,3822084
0.05,3758266
0.05,3708758
0.05,3707152
0.05,3640661
0.05,3638694
0.05,3635525
0.05,3632307
0.05,3618663
0.05,3617198
0.05,3604966
0.05,3526490
0.05,3458291
0.05,3437858
0.05,3436353
0.05,3419555
0.05,3409775
0.05,3407641
0.05,3333373
0.05,3313517
0.05,3274270
0.05,3239617
0.05,3235016
0.05,3191383
0.05,3127357
0.05,3124037
0.05,3024337
0.05,3023327
0.05,3020611
0.05,3018187
0.05,3014720
0.05,3009020
0.06,2986539
0.06,2952993
0.06,2917069
0.06,2910696
0.06,2798776
0.06,2798610
0.06,2797664
0.06,2766272
0.06,2766173
0.06,2735098
0.06,2697904
0.06,2697320
0.06,2692827
0.06,2690223
0.06,2578495
0.06,2567397
0.06,2559848
0.06,2559805
0.06,2559244
0.06,2557949
0.06,2539320
0.06,2509815
0.06,2507810
0.06,2488850
0.06,2414854
0.06,2414210
0.06,2410026
0.06,2390129
0.06,2359555
0.06,2359060
0.06,2358953
0.06,2356107
0.07,2350339
0.07,2341983
0.07,2340452
0.07,2329286
0.07,2313925
0.07,2303445
0.07,2300796
0.07,2283111
0.07,2274159
0.07,2272064
0.07,2269971
0.07,2269452
0.07,2253979
0.07,2243676
0.07,2242033
0.07,2238763
0.07,2209705
0.07,2208363
0.07,2205485
0.07,2203152
0.07,2122418
0.07,2110230
0.07,2110142
0.07,2096820
0.07,2096164
0.08,2082752
0.08,2082717
0.08,2052757
0.08,2050989
0.08,2049180
0.08,2048567
0.08,2031525
0.08,2031482
0.08,2011358
0.08,2005282
0.08,2004765
0.08,1998676
0.08,1983227
0.08,1983164
0.08,1960625
0.08,1877645
0.08,1872790
0.08,1872555
0.08,1871333
0.08,1852276
0.08,1827030
0.08,1826445
0.08,1820849
0.08,1816922
0.08,1754823
0.09,1707178
0.09,1706222
0.09,1661307
0.09,1647603
0.09,1646842
0.09,1642390
0.09,1615334
0.09,1586827
0.09,1584043
0.09,1583199
0.09,1577359
0.09,1574891
0.09,1533710
0.09,1533685
0.09,1531294
0.09,1531117
0.09,1522965
0.09,1522331
0.09,1514909
0.10,1514671
0.10,1514658
0.10,1507487
0.10,1507023
0.10,1449662
0.10,1448655
0.10,1447309
0.11,1447263
0.11,1447057
0.11,1442674
0.11,1442521
0.11,1433756
0.11,1426276
0.11,1425750
0.11,1412270
0.11,1412206
0.11,1411872
0.12,1406298
0.12,1404925
0.12,1404431
0.12,1389185
0.12,1387375
0.12,1375925
0.12,1375874
0.12,1365216
0.12,1357476
0.13,1352005
0.13,1352003
0.13,1350262
0.13,1345039
0.13,1344605
0.13,1343757
0.13,1342692
0.14,1330942
0.14,1328867
0.14,1328270
0.14,1325357
0.14,1320713
0.15,1303712
0.15,1302973
0.16,1298640
0.16,1292611
0.16,1289315
0.16,1281132
0.17,1279166
0.17,1266362
0.17,1257565
0.18,1253188
0.18,1251718
0.18,1242418
0.19,1240409
0.20,1239894
0.20,1236032
0.21,1235905
0.22,1235423
0.24,1229553
0.25,1228746
0.27,1225956
0.27,1225332
0.29,1225083
0.31,1224460
0.31,1224352
0.34,1223192
0.36,1220973
0.36,1220311
0.37,1219904
0.39,1219835
0.40,1219581
0.43,1219577
0.45,1219250
4.06,1212122
4.09,1211946
4.60,1204305
4.62,1202340
4.66,1201310
4.96,1199474
4.96,1198734
4.97,1194017
4.97,1191228
4.99,1190890
5.01,1189625
5.03,1189415
5.05,1189415
5.08,1188652
5.08,1186648
40.06,1178116
40.08,1176151
