0.06,9843676
0.07,9798969
0.07,9789002
0.07,9783939
0.07,9759652
0.07,9667897
0.07,9528113
0.07,9511764
0.07,9478070
0.07,9294042
0.07,9208342
0.07,9203302
0.07,9166573
0.07,9166484
0.07,9159447
0.07,9103184
0.07,8965925
0.07,8963838
0.07,8956919
0.07,8953871
0.07,8942355
0.07,8926239
0.08,8885216
0.08,8802026
0.08,8780066
0.08,8754375
0.08,8684902
0.08,8677830
0.08,8676021
0.08,8673604
0.08,8645027
0.08,8644810
0.08,8633901
0.08,8576003
0.08,8559002
0.08,8556145
0.08,8509892
0.08,8506481
0.08,8378083
0.08,8372856
0.08,8366779
0.08,8365871
0.08,8364336
0.09,8360395
0.09,8269126
0.09,8238446
0.09,8073331
0.09,8072832
0.09,7922564
0.09,7842505
0.09,7832058
0.09,7830695
0.09,7758427
0.09,7755839
0.09,7678132
0.09,7671818
0.09,7655968
0.09,7492431
0.09,7492344
0.09,7491532
0.09,7488186
0.09,7487644
0.09,7444444
0.09,7374912
0.09,7342092
0.09,7339770
0.09,7297976
0.09,7287251
0.09,7282074
0.09,7275427
0.09,7271572
0.09,7266108
0.09,7231474
0.09,7229172
0.09,7226499
0.09,7135565
0.09,7047163
0.09,7033581
0.09,6982579
0.09,6946106
0.09,6915972
0.09,6868872
0.09,6790437
0.09,6789546
0.09,6715439
0.09,6685228
0.09,6679371
0.09,6665076
0.09,6651779
0.09,6628580
0.09,6626011
0.10,6532971
0.10,6530114
0.10,6528681
0.10,6508376
0.10,6382533
0.10,6381215
0.10,6333918
0.10,6331828
0.10,6270652
0.10,6265395
0.10,6140657
0.10,6138002
0.10,6043059
0.10,5922466
0.10,5835778
0.10,5712361
0.10,5678560
0.10,5671451
0.10,5647336
0.10,5614869
0.10,5582999
0.10,5582868
0.10,5580769
0.10,5557383
0.10,5555268
0.10,5548081
0.10,5492662
0.10,5353133
0.10,5346696
0.10,5317513
0.10,5300364
0.10,5285537
0.10,5276047
0.10,5182796
0.10,5107586
0.10,5101293
0.10,5054155
0.10,5052698
0.10,5028411
0.10,5006140
0.10,4995294
0.10,4968987
0.10,4958354
0.10,4952812
0.10,4952706
0.10,4908721
0.10,4885596
0.10,4879513
0.10,4872685
0.10,4870923
0.10,4828473
0.10,4793403
0.10,4785158
0.10,4781780
0.10,4777110
0.10,4733166
0.10,4704397
0.11,4693425
0.11,4673384
0.11,4619449
0.11,4578874
0.11,4575872
0.11,4543934
0.11,4543648
0.11,4542532
0.11,4536573
0.11,4386684
0.11,4334770
0.11,4303505
0.11,4291712
0.11,4272262
0.11,4257226
0.11,4217592
0.11,4196938
0.11,4123506
0.11,4097025
0.11,4088262
0.11,4087932
0.11,4079518
0.11,4049973
0.11,4048013
0.11,4047487
0.11,3989467
0.11,3989215
0.11,3958664
0.11,3820702
0.11,3819637
0.11,3742532
0.11,3700564
0.11,3698245
0.11,3698016
0.11,3695728
0.11,3670422
0.11,3648946
0.11,3638643
0.11,3636631
0.11,3633693
0.11,3628456
0.11,3615808
0.11,3610274
0.11,3607598
0.12,3599815
0.12,3598351
0.12,3589147
0.12,3530819
0.12,3520221
0.12,3517557
0.12,3506262
0.12,3495264
0.12,3486164
0.12,3480664
0.12,3435795
0.12,3397358
0.12,3386613
0.12,3321647
0.12,3308219
0.12,3285591
0.12,3273821
0.12,3269664
0.12,3269589
0.12,3257536
0.12,3256853
0.12,3246101
0.12,3187162
0.12,3174866
0.12,3103468
0.12,3102513
0.12,3100582
0.12,3092485
0.12,3084272
0.12,3083660
0.12,3080213
0.12,3076385
0.12,3071043
0.12,3067405
0.12,3065740
0.12,3014383
0.12,3002108
0.12,2987894
0.12,2977025
0.12,2970741
0.12,2968226
0.12,2955046
0.13,2952999
0.13,2952914
0.13,2945329
0.13,2837262
0.13,2835271
0.13,2811676
0.13,2804011
0.13,2803159
0.13,2754844
0.13,2729367
0.13,2720313
0.13,2719596
0.13,2714530
0.13,2713989
0.13,2689986
0.13,2683164
0.13,2653056
0.13,2627620
0.13,2618006
0.13,2589099
0.13,2587503
0.13,2557293
0.13,2556836
0.13,2544549
0.13,2541919
0.13,2538730
0.13,2517003
0.14,2516102
0.14,2515274
0.14,2514445
0.14,2509909
0.14,2506500
0.14,2485645
0.14,2484136
0.14,2482800
0.14,2454004
0.14,2450141
0.14,2446968
0.14,2444145
0.14,2436006
0.14,2431470
0.14,2425973
0.14,2361666
0.14,2360881
0.14,2359221
0.15,2358873
0.15,2358021
0.15,2343659
0.15,2312986
0.15,2300385
0.15,2290319
0.15,2234707
0.15,2231453
0.15,2208393
0.15,2205814
0.15,2203978
0.16,2203629
0.16,2198793
0.16,2196016
0.16,2193711
0.16,2184729
0.16,2159757
0.16,2149601
0.16,2148051
0.16,2146235
0.16,2142629
0.16,2141783
0.16,2139351
0.16,2126815
0.16,2120170
0.16,2116590
0.16,2105208
0.16,2043631
0.16,2040505
0.16,2035576
0.16,2034326
0.16,2031033
0.17,2025527
0.17,2006916
0.17,2003696
0.17,2000131
0.17,1986450
0.17,1982896
0.17,1972362
0.17,1966023
0.17,1939731
0.17,1936285
0.17,1932129
0.17,1930287
0.18,1927907
0.20,1926349
0.20,1921080
0.20,1920608
0.20,1905326
0.20,1899412
0.20,1898941
0.20,1891231
0.20,1887601
0.20,1867547
0.20,1855102
0.20,1835519
0.20,1830185
0.20,1815931
0.20,1807311
0.20,1804475
0.20,1802140
0.20,1796205
0.20,1781986
0.20,1775882
0.20,1768296
0.20,1766168
0.20,1745277
0.20,1738103
0.21,1732391
0.21,1730468
0.21,1716027
0.21,1709604
0.25,1704174
0.25,1701038
0.34,1700253
0.34,1690025
0.37,1686699
0.37,1681116
0.37,1680028
0.37,1677978
0.37,1665736
0.37,1653578
0.45,1650215
0.45,1645394
0.45,1640125
0.45,1634751
0.46,1631656
0.46,1592957
0.46,1592345
0.49,1589846
0.49,1582444
0.49,1579013
0.98,1569332
0.98,1568890
0.98,1564299
0.98,1564180
0.98,1560167
0.98,1557746
0.98,1555716
1.03,1548643
1.03,1543873
1.03,1543764
1.03,1522259
1.03,1521547
1.03,1514392
1.03,1513834
2.01,1511744
2.01,1504801
2.01,1498100
2.01,1495056
2.06,1486431
2.06,1485786
2.06,1482044
2.06,1479363
2.06,1479356
2.06,1477283
2.07,1473970
2.07,1473082
2.07,1469338
2.57,1460974
2.57,1459062
2.57,1457327
2.57,1456635
2.58,1456465
2.58,1455579
2.58,1453454
2.58,1453286
2.58,1451154
2.58,1448932
3.16,1422024
3.16,1421607
3.16,1414968
3.16,1408678
3.16,1407550
3.68,1396406
4.24,1391016
4.93,1387085
4.93,1383416
5.04,1367917
5.05,1361776
5.05,1358430
5.05,1358282
5.05,1354156
5.13,1354009
5.13,1352319
5.13,1350758
5.13,1350231
5.33,1349399
5.34,1337784
5.34,1336408
5.35,1332675
5.35,1327841
5.35,1324782
5.35,1323263
5.35,1320528
5.35,1318850
5.35,1316416
5.35,1316045
5.35,1312836
5.35,1308825
5.59,1304811
5.59,1304115
5.59,1303000
5.59,1299260
5.59,1298236
5.64,1294962
5.66,1292900
5.81,1291057
5.81,1284144
5.82,1281129
5.82,1278706
5.82,1270739
5.82,1270709
5.82,1268602
5.82,1267907
7.11,1266659
7.11,1266522
7.12,1266440
7.12,1266440
7.12,1266233
7.12,1264885
7.81,1262909
7.90,1261305
7.90,1260636
7.90,1259808
7.91,1258106
7.91,1253615
7.91,1253353
7.91,1251683
7.91,1248253
7.91,1246879
7.91,1242411
7.91,1240144
7.91,1231399
7.92,1230655
7.92,1227463
7.92,1225802
8.68,1225562
8.72,1225547
8.72,1224770
8.73,1223749
8.74,1222792
9.50,1222543
9.50,1216583
9.50,1212719
9.50,1212547
9.53,1211200
10.52,1211029
10.52,1211026
10.52,1210908
10.52,1210691
10.53,1209195
10.53,1208548
11.15,1208164
11.15,1206214
11.15,1204750
11.15,1204467
11.72,1204128
12.08,1202424
12.30,1200435
13.06,1199784
13.06,1199427
13.06,1198612
13.06,1198405
13.06,1196955
13.07,1192185
13.07,1191956
13.97,1191676
13.97,1191496
14.42,1189843
15.22,1189787
15.22,1188684
15.27,1188440
15.28,1188295
15.28,1187461
15.31,1186978
15.37,1186642
15.37,1185686
15.37,1185317
15.38,1184214
16.40,1184167
16.40,1183713
16.41,1183568
16.47,1182283
16.47,1181426
16.48,1180619
16.48,1178930
19.64,1178876
19.65,1177995
19.66,1177901
19.66,1177694
19.66,1177553
19.66,1177336
22.23,1177095
22.32,1176327
23.83,1176262
25.51,1176211
27.28,1176151
