0.00,9807978
0.01,9788760
0.01,9716532
0.01,9714423
0.01,9673124
0.01,9623429
0.01,9618460
0.01,9611125
0.01,9608125
0.01,9601880
0.01,9595429
0.01,9594364
0.01,9593677
0.01,9587538
0.01,9569589
0.01,9511080
0.01,9488181
0.01,9487458
0.01,9485535
0.01,9475911
0.01,9409426
0.01,9409380
0.01,9400478
0.01,9400095
0.01,9398606
0.01,9273675
0.01,9262429
0.01,9235391
0.01,9229078
0.01,9179128
0.01,9139051
0.01,9117106
0.01,9116856
0.01,9090961
0.01,8983100
0.01,8969360
0.01,8968219
0.01,8860154
0.02,8792382
0.02,8702412
0.02,8680796
0.02,8606869
0.02,8604858
0.02,8603636
0.02,8556361
0.02,8548238
0.02,8519352
0.02,8508770
0.02,8471554
0.02,8425547
0.02,8415489
0.02,8375820
0.02,8348772
0.02,8205849
0.02,8161288
0.02,8146666
0.02,8146215
0.02,8030363
0.02,8027936
0.02,7983230
0.02,7974980
0.03,7906955
0.03,7811083
0.03,7804447
0.03,7802141
0.03,7740385
0.03,7622503
0.03,7534066
0.03,7528227
0.03,7517931
0.03,7510104
0.03,7510092
0.03,7506965
0.03,7500755
0.03,7499897
0.03,7496647
0.03,7441777
0.03,7436199
0.03,7406865
0.03,7286931
0.03,7279765
0.03,7193315
0.03,7063550
0.03,7022927
0.03,6979999
0.03,6967878
0.03,6897879
0.03,6872920
0.03,6843109
0.03,6802921
0.03,6682442
0.03,6669669
0.03,6408224
0.03,6407857
0.03,6407856
0.03,6380446
0.03,6378469
0.03,6361864
0.03,6359383
0.03,6339503
0.03,6174605
0.03,6168914
0.03,6146823
0.03,6002867
0.03,6000191
0.03,5960423
0.03,5959167
0.03,5957365
0.03,5953180
0.03,5947401
0.03,5947122
0.03,5947067
0.03,5859772
0.04,5859547
0.04,5845099
0.04,5841244
0.04,5739576
0.04,5725566
0.04,5640796
0.04,5619707
0.04,5588117
0.04,5587203
0.04,5567166
0.04,5553411
0.04,5532901
0.04,5486221
0.04,5471936
0.04,5452304
0.04,5442471
0.04,5438406
0.04,5430301
0.04,5420431
0.04,5394760
0.04,5390418
0.04,5385728
0.04,5372095
0.04,5357860
0.04,5232973
0.04,5162924
0.04,5161509
0.04,5157977
0.04,5157012
0.04,5153438
0.04,5145715
0.04,5132869
0.04,5095862
0.04,5083586
0.04,5080555
0.04,5079883
0.04,5060433
0.04,5044838
0.04,4926291
0.04,4920152
0.04,4902894
0.04,4902688
0.04,4868219
0.04,4855984
0.04,4855892
0.04,4854851
0.04,4815326
0.04,4754954
0.04,4648629
0.04,4630997
0.04,4625362
0.04,4623219
0.04,4597646
0.04,4594161
0.04,4563028
0.04,4527691
0.04,4501676
0.04,4486261
0.04,4475066
0.04,4462150
0.04,4439672
0.04,4434480
0.04,4429583
0.05,4428037
0.05,4402402
0.05,4393352
0.05,4362453
0.05,4183579
0.05,4175212
0.05,4164868
0.05,4137341
0.05,4136661
0.05,4135393
0.05,4128293
0.05,4120660
0.05,4120435
0.05,4112870
0.05,4112666
0.05,4078568
0.05,4078543
0.05,4072919
0.05,4039747
0.05,4037766
0.05,4031680
0.05,4019158
0.05,3970624
0.05,3940101
0.05,3876007
0.05,3792072
0.05,3791683
0.05,3789039
0.05,3787986
0.05,3723045
0.05,3718991
0.05,3714381
0.05,3669125
0.05,3666477
0.05,3620318
0.05,3609924
0.05,3598816
0.05,3590692
0.05,3586416
0.05,3545081
0.05,3536873
0.05,3536654
0.05,3507553
0.05,3495597
0.05,3495531
0.05,3493926
0.05,3490450
0.05,3461743
0.05,3458646
0.05,3457553
0.05,3435660
0.05,3410994
0.05,3397643
0.05,3389263
0.05,3361182
0.05,3344654
0.05,3341244
0.05,3308676
0.05,3222062
0.05,3220453
0.05,3220280
0.05,3219787
0.05,3209330
0.05,3209189
0.05,3194663
0.06,3184258
0.06,3184196
0.06,3181876
0.06,3176235
0.06,3174282
0.06,3170697
0.06,3167432
0.06,3166912
0.06,3163000
0.06,3096509
0.06,3095767
0.06,3093534
0.06,3090575
0.06,3065082
0.06,3056310
0.06,3055491
0.06,3055203
0.06,2935698
0.06,2926679
0.06,2866986
0.06,2859756
0.06,2815322
0.06,2814768
0.06,2696945
0.06,2644799
0.06,2643619
0.06,2635884
0.06,2609754
0.06,2498546
0.06,2490359
0.06,2475361
0.06,2469778
0.06,2443279
0.06,2421936
0.06,2412308
0.06,2385364
0.06,2376605
0.06,2364559
0.06,2336020
0.07,2333539
0.07,2331985
0.07,2328621
0.07,2278760
0.07,2236090
0.07,2235310
0.07,2234680
0.07,2233903
0.07,2228151
0.07,2217329
0.07,2216876
0.07,2214703
0.07,2206548
0.07,2204849
0.07,2201858
0.07,2200660
0.07,2197532
0.07,2183046
0.08,2180926
0.08,2175796
0.08,2167694
0.08,2144877
0.08,2136774
0.08,2132648
0.08,2099845
0.08,2076961
0.08,2075854
0.08,2061824
0.08,2061011
0.08,2050879
0.08,2050661
0.08,2048981
0.08,2045799
0.08,2038901
0.08,2038649
0.08,2036940
0.08,2036218
0.08,2022262
0.08,1983311
0.08,1968028
0.08,1966290
0.08,1961744
0.09,1960080
0.09,1953386
0.09,1920506
0.09,1918005
0.09,1917725
0.09,1916910
0.09,1914653
0.09,1904019
0.09,1900800
0.09,1899477
0.09,1898987
0.09,1898940
0.09,1896837
0.09,1860623
0.09,1860490
0.09,1859632
0.09,1853323
0.09,1850074
0.09,1840096
0.10,1831049
0.10,1830432
0.10,1830172
0.10,1824809
0.10,1788349
0.10,1787477
0.10,1784123
0.10,1783966
0.10,1781957
0.10,1760468
0.10,1759258
0.10,1753820
0.10,1753476
0.10,1750990
0.10,1742863
0.10,1737151
0.10,1730597
0.10,1727191
0.10,1720337
0.11,1710983
0.11,1710374
0.11,1692337
0.11,1688689
0.12,1659185
0.12,1655976
0.12,1654803
0.12,1651882
0.12,1649571
0.12,1648410
0.12,1623939
0.12,1620164
0.12,1614321
0.13,1609471
0.13,1604527
0.13,1598759
0.13,1597338
0.13,1591886
0.13,1584459
0.13,1569150
0.13,1568668
0.13,1568187
0.13,1564379
0.13,1558499
0.14,1547657
0.14,1546867
0.14,1528504
0.14,1492943
0.14,1485930
0.14,1478996
0.14,1465278
0.15,1464137
0.15,1463962
0.15,1463931
0.15,1460500
0.15,1453885
0.15,1438925
0.15,1410150
0.16,1409056
0.16,1393966
0.16,1391851
0.16,1391819
0.16,1391487
0.16,1388263
0.16,1383922
0.17,1382057
0.17,1342143
0.17,1327017
0.17,1326966
0.18,1326159
0.18,1325323
0.18,1319974
0.19,1302385
0.19,1299864
0.20,1299238
0.20,1298885
0.20,1291969
0.21,1291332
0.21,1286004
0.21,1285463
0.21,1284407
0.21,1281800
0.23,1244703
0.24,1241827
0.25,1239358
0.27,1239206
0.28,1237405
0.29,1234615
0.30,1232396
0.32,1231290
0.43,1228239
0.44,1222606
0.67,1203102
5.76,1188511
5.76,1187704
52.49,1186334
52.51,1184369
52.52,1180130
52.53,1179323
55.99,1177881
113.25,1177498
113.28,1176691
113.31,1176691
164.36,1176211
