0.00,9689670
0.01,9668742
0.01,9661674
0.01,9630260
0.01,9629634
0.01,9387762
0.01,9383553
0.01,9282863
0.01,9210159
0.01,9203222
0.01,9197648
0.01,9124707
0.01,8871834
0.01,8851785
0.01,8740137
0.01,8688404
0.01,8579623
0.01,8465455
0.01,8441871
0.01,8439998
0.01,8365202
0.01,8340600
0.01,8340410
0.01,8213376
0.01,8180836
0.01,8180431
0.01,8180206
0.01,8120906
0.01,8089156
0.01,8058384
0.02,8052213
0.02,8013460
0.02,8005412
0.02,7990720
0.02,7915293
0.02,7852468
0.02,7786393
0.02,7770963
0.02,7707878
0.02,7673260
0.02,7672581
0.02,7658521
0.02,7652148
0.02,7624860
0.02,7411227
0.02,7334838
0.02,7318822
0.02,7304410
0.02,7277160
0.02,7276738
0.02,7272921
0.02,7260948
0.02,7218894
0.03,7218558
0.03,7211617
0.03,7034854
0.03,6937723
0.03,6935940
0.03,6905497
0.03,6858729
0.03,6849890
0.03,6824948
0.03,6823800
0.03,6747432
0.03,6744350
0.03,6637512
0.03,6529416
0.03,6465778
0.03,6432087
0.03,6320148
0.03,6319989
0.03,6316865
0.03,6295391
0.03,6267396
0.03,6255526
0.04,6254471
0.04,6214684
0.04,6209216
0.04,6193331
0.04,6163243
0.04,6059886
0.04,6053202
0.04,6036249
0.04,5985015
0.04,5981356
0.04,5974283
0.04,5952506
0.04,5940766
0.04,5842219
0.04,5829912
0.04,5787376
0.04,5743136
0.04,5723435
0.04,5698408
0.04,5691673
0.04,5685064
0.04,5681637
0.04,5679507
0.04,5679068
0.04,5632389
0.04,5569410
0.04,5567939
0.04,5540155
0.04,5540106
0.04,5456584
0.04,5355018
0.04,5354952
0.04,5304910
0.04,5237355
0.04,5176715
0.04,5172586
0.04,5076850
0.04,5075859
0.04,5030869
0.04,5025297
0.04,5021589
0.04,4956118
0.04,4897864
0.04,4879556
0.04,4879371
0.04,4873943
0.04,4865101
0.04,4864304
0.04,4862850
0.04,4858306
0.04,4846096
0.04,4844464
0.04,4825562
0.04,4791695
0.04,4741800
0.04,4735549
0.04,4686871
0.04,4684168
0.04,4639653
0.04,4634967
0.04,4583713
0.04,4568978
0.05,4563881
0.05,4560222
0.05,4551719
0.05,4421314
0.05,4420033
0.05,4415230
0.05,4413816
0.05,4295030
0.05,4182421
0.05,4175505
0.05,4144574
0.05,4133940
0.05,4130721
0.05,4129099
0.05,4124855
0.05,4117947
0.05,4113899
0.05,4083472
0.05,4061255
0.05,4055754
0.05,4055401
0.05,3953650
0.05,3949631
0.05,3949467
0.05,3905630
0.05,3881033
0.05,3869677
0.05,3869196
0.05,3867130
0.05,3842982
0.05,3775399
0.05,3704780
0.05,3695474
0.05,3679281
0.05,3679237
0.05,3678024
0.05,3667970
0.05,3537527
0.05,3527136
0.05,3526648
0.05,3498054
0.05,3479386
0.05,3372933
0.05,3352387
0.05,3333636
0.05,3326847
0.05,3304152
0.05,3209314
0.05,3209036
0.05,3208660
0.05,3174908
0.05,3173240
0.05,3167417
0.06,3166388
0.06,3093372
0.06,3081013
0.06,3078503
0.06,3035224
0.06,3034521
0.06,3031851
0.06,3029362
0.06,3029207
0.06,3027342
0.06,3024418
0.06,3023938
0.06,3010406
0.06,3007455
0.06,2967950
0.06,2880572
0.06,2879259
0.06,2851764
0.06,2832186
0.06,2831040
0.06,2825010
0.06,2824430
0.06,2823750
0.06,2816911
0.06,2814189
0.06,2811290
0.06,2802286
0.06,2799137
0.06,2796197
0.06,2795399
0.06,2793755
0.06,2774354
0.06,2768512
0.06,2760198
0.06,2757641
0.06,2757158
0.06,2756574
0.06,2753235
0.06,2660131
0.06,2659808
0.06,2636814
0.07,2618045
0.07,2608973
0.07,2594048
0.07,2593971
0.07,2592425
0.07,2591447
0.07,2590162
0.07,2589136
0.07,2588857
0.07,2582210
0.07,2531005
0.07,2522349
0.07,2520997
0.07,2507279
0.07,2506447
0.07,2494990
0.07,2492783
0.07,2484490
0.07,2457890
0.07,2455992
0.07,2452714
0.07,2447965
0.07,2447455
0.07,2447388
0.07,2441827
0.08,2436595
0.08,2433275
0.08,2428240
0.08,2424797
0.08,2418268
0.08,2408306
0.08,2403207
0.08,2394843
0.08,2389645
0.08,2389571
0.08,2384136
0.08,2382617
0.08,2382098
0.08,2297614
0.08,2290023
0.08,2288741
0.08,2284361
0.08,2278212
0.08,2277952
0.08,2273717
0.08,2262737
0.08,2261516
0.08,2251483
0.08,2240089
0.08,2236276
0.08,2223740
0.08,2222109
0.08,2221226
0.08,2206222
0.08,2204933
0.08,2192778
0.08,2176479
0.09,2170868
0.09,2170685
0.09,2086446
0.09,2006418
0.09,2004347
0.09,2002074
0.09,1995212
0.09,1994994
0.09,1994162
0.09,1993311
0.09,1991743
0.09,1990649
0.09,1990019
0.09,1988525
0.09,1968395
0.09,1967930
0.09,1966688
0.09,1966546
0.09,1966269
0.10,1954512
0.10,1953997
0.10,1948039
0.10,1946745
0.10,1935734
0.10,1898807
0.10,1891778
0.10,1890514
0.10,1886289
0.10,1881776
0.10,1881700
0.10,1815869
0.10,1800184
0.10,1793965
0.10,1793190
0.10,1776208
0.10,1771093
0.10,1770496
0.11,1764496
0.11,1764187
0.11,1757797
0.11,1750943
0.11,1749717
0.11,1645289
0.11,1629514
0.11,1607488
0.11,1606562
0.11,1606033
0.12,1605378
0.12,1605262
0.12,1604132
0.12,1603306
0.12,1583600
0.12,1580445
0.12,1580025
0.12,1574873
0.13,1561693
0.13,1535100
0.13,1533495
0.13,1505489
0.14,1505272
0.14,1503192
0.14,1502866
0.14,1502162
0.14,1500059
0.14,1499897
0.14,1493042
0.14,1489172
0.15,1487951
0.15,1469263
0.15,1468837
0.15,1460796
0.15,1441653
0.15,1441092
0.15,1439083
0.15,1436659
0.16,1405323
0.16,1386082
0.16,1383695
0.16,1375659
0.16,1367107
0.16,1360679
0.17,1360131
0.18,1357210
0.19,1351639
0.20,1349214
0.21,1344473
0.22,1341597
0.22,1341391
0.23,1335520
0.23,1331677
0.23,1328240
0.23,1327616
0.24,1325189
0.26,1316088
0.27,1315606
0.37,1306537
0.38,1306007
0.39,1305012
0.39,1303689
0.39,1290492
0.40,1284409
0.40,1276368
0.40,1276167
0.41,1257446
0.42,1255481
0.42,1254996
0.43,1247500
0.44,1247500
0.45,1246837
0.68,1240667
0.69,1239860
0.72,1239319
5.62,1239161
5.62,1227130
5.65,1208090
5.69,1207935
5.69,1207511
5.70,1207141
5.73,1206666
7.68,1200040
7.68,1199037
7.69,1198230
7.80,1197034
7.82,1196510
7.82,1194128
7.83,1192529
7.85,1192124
7.86,1192124
7.89,1191917
10.98,1190670
11.19,1183548
28.20,1181666
90.83,1180817
90.85,1180421
111.24,1179828
111.24,1178807
111.26,1178278
128.47,1177275
128.51,1176676
203.49,1176569
203.86,1176211
589.78,1176151
