0.00,9556364
0.01,9484955
0.01,9404574
0.01,9397589
0.01,9397469
0.01,9391985
0.01,9391542
0.01,9389579
0.01,9373335
0.01,9355788
0.01,9341554
0.01,9318639
0.01,9294661
0.01,9289106
0.01,9200774
0.01,9188359
0.01,9178271
0.01,9170499
0.01,9150345
0.01,9127838
0.01,9124256
0.01,9120905
0.01,9119718
0.01,9049034
0.01,9034781
0.01,9022976
0.01,8795661
0.01,8795477
0.01,8749518
0.01,8581039
0.01,8557020
0.02,8494186
0.02,8489349
0.02,8462078
0.02,8427644
0.02,8304852
0.02,8285114
0.02,8187931
0.02,8134399
0.02,7989586
0.02,7989126
0.02,7903084
0.02,7883506
0.02,7789399
0.02,7786978
0.02,7747164
0.02,7737925
0.02,7736325
0.02,7694330
0.02,7628530
0.02,7532547
0.02,7517322
0.02,7516932
0.02,7499948
0.02,7455343
0.02,7422935
0.02,7378132
0.02,7211931
0.02,7002528
0.02,7002162
0.02,6868759
0.03,6811401
0.03,6790717
0.03,6787834
0.03,6782409
0.03,6712113
0.03,6679481
0.03,6544590
0.03,6543798
0.03,6493361
0.03,6421442
0.03,6421387
0.03,6314782
0.03,6307914
0.03,6304372
0.03,6304026
0.03,6292955
0.03,6278386
0.03,6250104
0.03,6248194
0.03,6247304
0.03,6239029
0.03,6219361
0.03,6184784
0.03,6178780
0.03,6176031
0.03,6079684
0.03,6079076
0.03,6077123
0.03,6007785
0.03,6004778
0.03,5974158
0.03,5953636
0.03,5880737
0.03,5857202
0.03,5850533
0.04,5826879
0.04,5775857
0.04,5745117
0.04,5647371
0.04,5580479
0.04,5572756
0.04,5559813
0.04,5557061
0.04,5499845
0.04,5495862
0.04,5495303
0.04,5466772
0.04,5457534
0.04,5435774
0.04,5374156
0.04,5360195
0.04,5356573
0.04,5352374
0.04,5351737
0.04,5329365
0.04,5315193
0.04,5297432
0.04,5281193
0.04,5273412
0.04,5197119
0.04,5154856
0.04,5154437
0.04,5151594
0.04,5054887
0.04,5050518
0.04,4822758
0.04,4803746
0.04,4758777
0.04,4730802
0.04,4625177
0.04,4599970
0.04,4595602
0.04,4592914
0.04,4587324
0.04,4580001
0.04,4574030
0.04,4560998
0.04,4495040
0.04,4489214
0.04,4488139
0.04,4411898
0.04,4389373
0.04,4376077
0.04,4351629
0.04,4347176
0.04,4295628
0.04,4268483
0.04,4261079
0.04,4254785
0.04,4132739
0.04,3923673
0.05,3884272
0.05,3873208
0.05,3854350
0.05,3854230
0.05,3591677
0.05,3555744
0.05,3552450
0.05,3487851
0.05,3486343
0.05,3484837
0.05,3475373
0.05,3445405
0.05,3444390
0.05,3440957
0.05,3436045
0.05,3433549
0.05,3419757
0.05,3413066
0.05,3408947
0.05,3404844
0.05,3403497
0.05,3344849
0.05,3344767
0.05,3335332
0.05,3327205
0.05,3325850
0.05,3323812
0.05,3319409
0.05,3300390
0.05,3286639
0.05,3261406
0.05,3220060
0.05,3217492
0.05,3208900
0.05,3187712
0.05,3180487
0.06,3179918
0.06,3167533
0.06,3149030
0.06,3072120
0.06,3071985
0.06,3066701
0.06,3042091
0.06,3037689
0.06,3036316
0.06,3021279
0.06,3017871
0.06,3016389
0.06,3013034
0.06,2953702
0.06,2932925
0.06,2930643
0.06,2913933
0.06,2913487
0.06,2910993
0.06,2889965
0.06,2886987
0.06,2885922
0.06,2869609
0.06,2868150
0.06,2833978
0.06,2832720
0.06,2821212
0.06,2785347
0.06,2778434
0.06,2769130
0.06,2761504
0.06,2760268
0.06,2697606
0.06,2697557
0.06,2668830
0.06,2631095
0.06,2630864
0.06,2628922
0.06,2628516
0.07,2619822
0.07,2615847
0.07,2615427
0.07,2615145
0.07,2587511
0.07,2566830
0.07,2564113
0.07,2562247
0.07,2555995
0.07,2555204
0.07,2554268
0.07,2552050
0.07,2544523
0.07,2534252
0.07,2489306
0.07,2469059
0.07,2463267
0.07,2463058
0.07,2454400
0.07,2450373
0.07,2440868
0.07,2435243
0.07,2433864
0.07,2421312
0.07,2418769
0.08,2418732
0.08,2411261
0.08,2409430
0.08,2408748
0.08,2402152
0.08,2380740
0.08,2351543
0.08,2344011
0.08,2336966
0.08,2336876
0.08,2333542
0.08,2315292
0.08,2314364
0.08,2307369
0.08,2305243
0.08,2296554
0.08,2282099
0.08,2278977
0.08,2271860
0.08,2226797
0.08,2221361
0.08,2221101
0.08,2197363
0.08,2192701
0.08,2190930
0.08,2189943
0.08,2188691
0.09,2187709
0.09,2149243
0.09,2108088
0.09,2101172
0.09,2100698
0.09,2097062
0.09,2093040
0.09,2092492
0.09,2080828
0.09,2080071
0.09,2050566
0.09,2030436
0.09,2029222
0.09,2000541
0.09,1965419
0.09,1963327
0.09,1959428
0.09,1956109
0.09,1953451
0.09,1950890
0.09,1932711
0.09,1931431
0.10,1927913
0.10,1919680
0.10,1919270
0.10,1846429
0.10,1845456
0.10,1844323
0.11,1838627
0.11,1834307
0.11,1834120
0.11,1834116
0.11,1806942
0.11,1804230
0.11,1799834
0.12,1798723
0.12,1757092
0.12,1753444
0.12,1753048
0.12,1752701
0.12,1739246
0.12,1730920
0.12,1721260
0.12,1717933
0.12,1711624
0.12,1705388
0.12,1684039
0.13,1678126
0.13,1677805
0.13,1652149
0.14,1648926
0.14,1648492
0.14,1648002
0.14,1637520
0.14,1637177
0.14,1635133
0.14,1634727
0.14,1622046
0.14,1614216
0.14,1601742
0.14,1600232
0.14,1597945
0.15,1595926
0.15,1582585
0.15,1576924
0.15,1576646
0.15,1554145
0.15,1553787
0.16,1549108
0.16,1547374
0.16,1546802
0.16,1535634
0.16,1531772
0.16,1524360
0.16,1524222
0.17,1524222
0.17,1523960
0.17,1513394
0.17,1508437
0.17,1490400
0.18,1490346
0.18,1489828
0.18,1489676
0.18,1489469
0.19,1489384
0.19,1489338
0.19,1488695
0.19,1483200
0.20,1481853
0.20,1479697
0.21,1478633
0.21,1477802
0.21,1476511
0.21,1467493
0.22,1448042
0.22,1439220
0.23,1433870
0.23,1433712
0.23,1429333
0.24,1417366
0.25,1416730
0.25,1413401
0.25,1413159
0.25,1404314
0.27,1403537
0.28,1391947
0.29,1390917
0.29,1389737
0.29,1369978
0.30,1366285
0.31,1365614
0.31,1364145
0.31,1363774
0.31,1361347
0.32,1359758
0.32,1359616
0.32,1357698
0.32,1357597
0.32,1348644
0.33,1348302
0.34,1345847
0.35,1335004
0.35,1318125
0.35,1316802
0.35,1311440
0.36,1300956
0.38,1295860
0.39,1295561
0.69,1278040
0.70,1275115
0.70,1274708
0.70,1274690
0.71,1266656
0.71,1265575
0.72,1259967
0.72,1258959
0.72,1251424
0.72,1249772
0.72,1249712
0.72,1244852
0.73,1244547
0.73,1244345
0.75,1243374
0.75,1243259
0.77,1238192
0.77,1237128
0.80,1220821
1.42,1207029
1.42,1206926
1.42,1206109
1.42,1206030
1.43,1205135
1.43,1205115
1.43,1202743
1.44,1202537
1.45,1193774
1.46,1193671
1.47,1192720
1.47,1184525
1.48,1183717
1.49,1182691
1.51,1181001
8.11,1179658
8.12,1177926
8.12,1176273
