0.00,9683132
0.01,9677149
0.01,9551234
0.01,9551119
0.01,9503187
0.01,9502683
0.01,9483260
0.01,9481955
0.01,9475564
0.01,9459770
0.01,9328767
0.01,9199585
0.01,9196852
0.01,9131910
0.01,9096615
0.01,9020560
0.01,8945902
0.01,8866030
0.01,8865853
0.01,8764243
0.01,8760382
0.01,8742679
0.01,8707311
0.01,8701558
0.01,8614403
0.01,8611070
0.01,8586556
0.01,8560526
0.01,8554597
0.01,8554254
0.01,8516912
0.01,8445574
0.01,8443637
0.01,8290776
0.01,8123839
0.02,8121113
0.02,8001947
0.02,7919068
0.02,7918976
0.02,7846238
0.02,7837462
0.02,7603409
0.02,7544212
0.02,7504983
0.02,7278855
0.02,7277673
0.02,7196725
0.02,7190754
0.02,7184700
0.02,7070232
0.02,7063109
0.02,7061509
0.02,6979574
0.02,6962757
0.02,6891348
0.02,6779088
0.03,6756887
0.03,6748511
0.03,6701439
0.03,6696836
0.03,6686655
0.03,6686190
0.03,6653615
0.03,6506990
0.03,6435275
0.03,6392729
0.03,6202062
0.03,6138652
0.03,6126819
0.03,6079136
0.03,6033555
0.03,6007344
0.03,6000559
0.03,5925881
0.03,5877277
0.03,5799647
0.03,5783274
0.03,5762629
0.03,5678863
0.03,5668372
0.03,5663002
0.03,5655943
0.04,5641804
0.04,5640280
0.04,5622478
0.04,5621446
0.04,5581119
0.04,5575312
0.04,5496008
0.04,5460470
0.04,5455228
0.04,5432247
0.04,5423695
0.04,5409424
0.04,5403587
0.04,5400179
0.04,5366677
0.04,5358512
0.04,5309184
0.04,5230987
0.04,5173603
0.04,5142909
0.04,5135845
0.04,5088590
0.04,5087755
0.04,5072952
0.04,5066848
0.04,4938263
0.04,4936417
0.04,4932836
0.04,4932763
0.04,4932310
0.04,4800154
0.04,4785687
0.04,4768071
0.04,4767319
0.04,4639928
0.04,4639131
0.04,4612980
0.04,4612738
0.04,4556042
0.04,4554136
0.04,4551627
0.04,4535121
0.04,4483090
0.04,4472641
0.04,4448657
0.04,4435455
0.04,4433003
0.04,4432779
0.04,4431674
0.04,4337993
0.04,4335788
0.04,4332159
0.04,4323382
0.04,4323360
0.04,4321863
0.04,4244810
0.04,4229887
0.04,4229169
0.04,4208831
0.05,4189028
0.05,4167025
0.05,4145757
0.05,4136464
0.05,4112402
0.05,3986464
0.05,3974407
0.05,3973863
0.05,3829458
0.05,3827903
0.05,3818270
0.05,3717228
0.05,3713354
0.05,3701177
0.05,3698522
0.05,3696454
0.05,3692046
0.05,3634835
0.05,3634345
0.05,3632504
0.05,3632107
0.05,3629132
0.05,3615104
0.05,3546377
0.05,3536145
0.05,3525138
0.05,3522734
0.05,3521451
0.05,3511500
0.05,3503212
0.05,3497167
0.05,3495564
0.05,3492807
0.05,3460953
0.05,3460896
0.05,3419960
0.05,3413172
0.05,3397262
0.06,3351005
0.06,3325735
0.06,3314591
0.06,3219858
0.06,3125436
0.06,3121018
0.06,3118797
0.06,3114081
0.06,3112173
0.06,3100534
0.06,3094074
0.06,3093927
0.06,3093483
0.06,3019950
0.06,2999197
0.06,2993094
0.06,2979374
0.06,2970554
0.06,2892098
0.06,2890987
0.06,2867887
0.06,2864440
0.06,2818879
0.06,2818805
0.06,2816086
0.06,2815490
0.06,2786668
0.06,2786384
0.06,2765726
0.06,2763878
0.06,2748230
0.06,2727302
0.06,2707050
0.06,2700792
0.06,2695508
0.06,2693451
0.06,2692431
0.06,2691632
0.06,2689841
0.06,2674862
0.07,2669177
0.07,2663006
0.07,2660890
0.07,2645339
0.07,2644433
0.07,2642434
0.07,2607485
0.07,2544189
0.07,2542990
0.07,2541036
0.07,2538505
0.07,2536978
0.07,2459755
0.07,2416563
0.07,2416243
0.07,2407463
0.07,2344393
0.07,2343225
0.07,2331730
0.08,2330101
0.08,2328955
0.08,2323032
0.08,2322714
0.08,2322564
0.08,2262094
0.08,2251276
0.08,2248056
0.08,2207278
0.08,2195287
0.08,2195202
0.08,2189314
0.08,2115990
0.08,2098677
0.08,2097370
0.08,2091960
0.08,2089923
0.08,2089744
0.08,2088311
0.08,2018168
0.08,2015234
0.08,2008880
0.08,2008723
0.08,2006848
0.09,2006738
0.09,1969571
0.09,1960990
0.09,1949364
0.09,1897384
0.09,1884117
0.09,1880953
0.09,1879289
0.09,1879247
0.09,1879162
0.09,1873514
0.09,1873459
0.09,1870075
0.09,1864368
0.09,1864169
0.10,1864083
0.10,1850625
0.10,1841456
0.10,1840275
0.10,1837251
0.10,1815415
0.10,1801851
0.10,1800781
0.10,1799512
0.10,1798118
0.10,1793316
0.11,1790610
0.11,1788330
0.11,1758367
0.11,1733511
0.11,1732983
0.11,1699094
0.11,1699002
0.11,1693089
0.11,1692047
0.11,1691738
0.11,1691721
0.11,1684215
0.11,1682864
0.12,1672380
0.12,1672304
0.12,1663356
0.12,1662190
0.12,1661448
0.12,1657108
0.13,1630794
0.13,1630350
0.13,1623106
0.13,1621889
0.13,1587347
0.13,1581195
0.13,1579024
0.13,1578845
0.13,1575994
0.13,1575678
0.13,1575320
0.13,1561250
0.13,1538213
0.14,1534732
0.14,1533654
0.14,1533416
0.14,1532063
0.14,1529125
0.14,1526827
0.14,1521934
0.14,1517891
0.14,1488034
0.14,1487536
0.14,1485724
0.14,1485583
0.15,1485506
0.15,1484096
0.15,1484092
0.15,1483234
0.15,1473920
0.15,1473396
0.15,1464552
0.15,1464224
0.15,1459128
0.15,1456838
0.15,1455869
0.15,1454094
0.15,1438408
0.16,1437757
0.16,1428071
0.16,1428009
0.16,1403553
0.16,1403252
0.16,1403016
0.16,1401537
0.17,1401059
0.17,1395173
0.17,1394201
0.17,1393952
0.18,1392950
0.18,1391297
0.18,1365389
0.18,1363906
0.19,1360497
0.19,1360080
0.19,1333645
0.19,1325511
0.20,1306030
0.20,1305778
0.21,1305770
0.21,1305713
0.21,1305609
0.21,1300412
0.21,1298446
0.21,1295650
0.21,1289779
0.22,1288715
0.22,1287750
0.22,1287622
0.23,1287609
0.23,1287429
0.23,1286885
0.24,1286611
0.24,1285786
0.24,1280836
0.25,1266702
0.28,1256402
0.29,1255832
0.48,1250613
0.48,1247364
0.49,1247066
0.50,1245089
0.50,1243468
0.51,1243338
0.51,1236936
0.52,1236454
0.54,1233847
1.09,1231889
1.10,1231219
1.11,1230582
1.12,1228437
1.60,1201525
1.66,1200718
9.89,1192713
9.92,1191906
9.96,1191906
14.06,1191720
14.10,1191245
21.67,1188178
21.67,1187879
21.70,1187728
21.72,1186899
21.74,1186755
21.76,1178640
69.62,1177163
291.93,1177154
291.94,1176900
291.94,1176896
291.95,1176569
408.08,1176517
408.09,1176466
408.11,1176211
