0.00,9609017
0.01,9540695
0.01,9289451
0.01,9132250
0.01,9118294
0.01,9081889
0.01,9030798
0.01,8988653
0.01,8984376
0.01,8978879
0.01,8970632
0.01,8970001
0.01,8968520
0.01,8968365
0.01,8951673
0.01,8948136
0.01,8890933
0.01,8865453
0.02,8847282
0.02,8691783
0.02,8671606
0.02,8669484
0.02,8656430
0.02,8560872
0.02,8511706
0.02,8460351
0.02,8457400
0.02,8400793
0.02,8388043
0.02,8358180
0.02,8357258
0.02,8352068
0.02,8342056
0.02,8309614
0.02,8307520
0.02,8277140
0.02,8262544
0.02,8261208
0.02,8132598
0.02,8118325
0.02,8116432
0.02,7963289
0.02,7956185
0.02,7878120
0.02,7862359
0.02,7831386
0.03,7818291
0.03,7804488
0.03,7721581
0.03,7709991
0.03,7706365
0.03,7673301
0.03,7672518
0.03,7571884
0.03,7553328
0.03,7549290
0.03,7545352
0.03,7540405
0.03,7400409
0.03,7391267
0.03,7357084
0.03,7342229
0.03,7304241
0.03,7264569
0.03,7203952
0.03,7203411
0.03,7180514
0.04,7179992
0.04,7171126
0.04,7063623
0.04,7062407
0.04,7061188
0.04,7031762
0.04,6999360
0.04,6982046
0.04,6933457
0.04,6928325
0.04,6927027
0.04,6925669
0.04,6922575
0.04,6895285
0.04,6889469
0.04,6852391
0.04,6757970
0.04,6695323
0.04,6659787
0.04,6643071
0.04,6623356
0.04,6621805
0.04,6611463
0.04,6610618
0.04,6571718
0.04,6547243
0.04,6510406
0.04,6453917
0.04,6450325
0.04,6425768
0.04,6424523
0.04,6345266
0.04,6295830
0.04,6273367
0.04,6270762
0.04,6250863
0.04,6234523
0.04,6221942
0.04,6183681
0.04,6139395
0.04,6123829
0.05,6086222
0.05,5938090
0.05,5938068
0.05,5931901
0.05,5931092
0.05,5781774
0.05,5779655
0.05,5761889
0.05,5749478
0.05,5718880
0.05,5718550
0.05,5715295
0.05,5714804
0.05,5674805
0.05,5574608
0.05,5524620
0.05,5513253
0.05,5495655
0.05,5373612
0.05,5364089
0.05,5344696
0.05,5313748
0.05,5302355
0.05,5163971
0.05,5123759
0.05,5118527
0.05,5041063
0.05,4998876
0.05,4984663
0.05,4982028
0.05,4960756
0.05,4867702
0.05,4865408
0.05,4862817
0.05,4835189
0.05,4810574
0.05,4795499
0.05,4792231
0.05,4774522
0.05,4699536
0.05,4625422
0.05,4602555
0.05,4600038
0.05,4591690
0.05,4575333
0.05,4554280
0.05,4508550
0.05,4481109
0.05,4453187
0.05,4452585
0.05,4441119
0.05,4438746
0.05,4377433
0.06,4376341
0.06,4374594
0.06,4314929
0.06,4290865
0.06,4279560
0.06,4279190
0.06,4213389
0.06,4199069
0.06,4136096
0.06,4129873
0.06,4060571
0.06,4055204
0.06,4038057
0.06,4033207
0.06,4009329
0.06,4008930
0.06,4002417
0.06,3925612
0.06,3912063
0.06,3900437
0.06,3895314
0.06,3830221
0.06,3805813
0.06,3771378
0.06,3764258
0.06,3739831
0.06,3735746
0.06,3731087
0.06,3704864
0.06,3704675
0.06,3701011
0.06,3693362
0.06,3678994
0.06,3671509
0.06,3590492
0.06,3587676
0.06,3585925
0.06,3575880
0.06,3573302
0.06,3555498
0.06,3540181
0.06,3539857
0.06,3503098
0.06,3478006
0.06,3447252
0.06,3444822
0.06,3432028
0.06,3408584
0.06,3406765
0.06,3402546
0.07,3402536
0.07,3397025
0.07,3395743
0.07,3392970
0.07,3379860
0.07,3325710
0.07,3317773
0.07,3298127
0.07,3254171
0.07,3205707
0.07,3175729
0.07,3101770
0.07,3101752
0.07,3096072
0.07,3007053
0.07,3002125
0.07,2996533
0.07,2996406
0.07,2979495
0.07,2974692
0.07,2973360
0.07,2957720
0.07,2939723
0.07,2885628
0.07,2884490
0.07,2883747
0.07,2862914
0.07,2791596
0.07,2787011
0.07,2784824
0.07,2783278
0.07,2769409
0.07,2704793
0.07,2699960
0.07,2614103
0.07,2612560
0.07,2564050
0.08,2549599
0.08,2538625
0.08,2524415
0.08,2523063
0.08,2521641
0.08,2510032
0.08,2481379
0.08,2478296
0.08,2478261
0.08,2470415
0.08,2441956
0.08,2415189
0.08,2414533
0.08,2410961
0.08,2405357
0.08,2378468
0.08,2357946
0.08,2354881
0.08,2346090
0.08,2344607
0.08,2330703
0.08,2322784
0.08,2317553
0.08,2307657
0.08,2307031
0.08,2287505
0.08,2278194
0.08,2262171
0.08,2216853
0.08,2194851
0.09,2098728
0.09,2075291
0.09,2074769
0.09,2065455
0.09,2065324
0.09,2060931
0.09,2060501
0.09,2047310
0.09,2046165
0.09,2046138
0.09,2039090
0.09,2038912
0.09,2038392
0.09,2004647
0.09,2000455
0.09,1995638
0.09,1988103
0.09,1951579
0.09,1864988
0.09,1851360
0.09,1845997
0.09,1845605
0.09,1842527
0.09,1842379
0.09,1841136
0.10,1826317
0.10,1823668
0.10,1802563
0.10,1802532
0.10,1800694
0.10,1800637
0.10,1748390
0.10,1748190
0.11,1747670
0.11,1708739
0.11,1680830
0.11,1679693
0.11,1677991
0.11,1677553
0.11,1676518
0.11,1671796
0.11,1670883
0.11,1669843
0.11,1666606
0.11,1644365
0.12,1643778
0.12,1639979
0.12,1634382
0.12,1630898
0.12,1613662
0.12,1609846
0.12,1608357
0.12,1595564
0.12,1583263
0.12,1574206
0.12,1569497
0.12,1568945
0.12,1565871
0.12,1555298
0.13,1554125
0.13,1544083
0.13,1536722
0.13,1523627
0.13,1523624
0.13,1523532
0.13,1513275
0.13,1508624
0.13,1508493
0.13,1507186
0.14,1503780
0.14,1488779
0.14,1487407
0.14,1477112
0.15,1466612
0.15,1463792
0.15,1430982
0.15,1428861
0.15,1428861
0.15,1425737
0.15,1423310
0.16,1422914
0.16,1422543
0.16,1419752
0.16,1419152
0.16,1411567
0.16,1406635
0.17,1403378
0.17,1395802
0.17,1395257
0.18,1386304
0.18,1378712
0.18,1378610
0.18,1377399
0.19,1376925
0.19,1366366
0.19,1366165
0.19,1365088
0.20,1363823
0.20,1363681
0.20,1360704
0.20,1346993
0.21,1296942
0.23,1292724
0.23,1292609
0.25,1291819
0.66,1275633
0.67,1264813
0.84,1262322
0.85,1260804
0.95,1259903
0.96,1258550
0.96,1248305
0.97,1248034
0.98,1246565
0.98,1243607
0.99,1242771
0.99,1242273
1.01,1239752
1.02,1238975
1.02,1236600
1.02,1236424
1.03,1234178
1.05,1227271
1.05,1221592
1.17,1213305
1.18,1210784
1.20,1209803
1.23,1209734
1.25,1209480
1.27,1209476
1.28,1208731
30.42,1206954
30.42,1205951
30.43,1201732
30.43,1196839
30.44,1194566
30.44,1194125
30.44,1193610
30.44,1193483
30.63,1185158
30.63,1182732
30.64,1176861
30.65,1176861
216.67,1176273
