0.00,9754629
0.01,9653019
0.01,9452877
0.01,9407695
0.01,9370087
0.01,9310315
0.01,9157052
0.01,9156425
0.01,9108195
0.01,9042344
0.01,9026097
0.01,9008753
0.01,8967320
0.01,8922146
0.01,8904987
0.01,8896464
0.01,8854155
0.01,8849945
0.01,8819106
0.01,8791558
0.01,8591818
0.01,8577744
0.01,8548249
0.01,8458416
0.01,8425462
0.01,8380573
0.01,8372673
0.01,8213241
0.01,8212058
0.02,8101412
0.02,8068344
0.02,8066547
0.02,7874686
0.02,7868673
0.02,7840099
0.02,7773470
0.02,7680762
0.02,7659307
0.02,7639657
0.02,7634830
0.02,7634781
0.02,7607021
0.02,7605814
0.02,7592678
0.02,7568810
0.02,7453223
0.02,7429292
0.02,7392111
0.02,7292674
0.02,7290589
0.02,7254663
0.02,7238845
0.02,7236543
0.02,7226633
0.02,7193486
0.02,7154930
0.02,7145550
0.02,7035485
0.02,6993427
0.02,6992509
0.03,6971150
0.03,6971099
0.03,6951446
0.03,6948496
0.03,6929738
0.03,6906391
0.03,6867562
0.03,6725920
0.03,6705537
0.03,6704216
0.03,6684527
0.03,6680434
0.03,6678920
0.03,6540490
0.03,6536956
0.03,6530283
0.03,6527548
0.03,6496252
0.03,6429729
0.03,6341594
0.03,6230759
0.03,6230702
0.03,6177627
0.03,6161224
0.03,6140130
0.03,6085510
0.04,6041693
0.04,6035550
0.04,5962676
0.04,5842072
0.04,5807758
0.04,5803193
0.04,5741685
0.04,5725399
0.04,5719225
0.04,5684586
0.04,5606335
0.04,5527884
0.04,5522241
0.04,5521690
0.04,5467114
0.04,5395377
0.04,5345382
0.04,5345283
0.04,5223040
0.04,5209978
0.04,5154060
0.04,5144503
0.04,5143393
0.04,5115104
0.04,4953123
0.04,4930511
0.04,4897874
0.04,4894492
0.04,4880312
0.04,4862456
0.04,4813524
0.04,4740015
0.04,4733405
0.04,4733292
0.04,4728618
0.04,4707957
0.04,4702564
0.04,4701721
0.04,4690691
0.04,4690425
0.04,4688414
0.04,4687593
0.04,4656511
0.04,4640439
0.04,4629900
0.04,4629611
0.04,4564509
0.04,4563014
0.04,4561724
0.05,4557412
0.05,4514335
0.05,4505570
0.05,4495052
0.05,4480329
0.05,4462623
0.05,4450263
0.05,4450126
0.05,4435905
0.05,4406409
0.05,4402751
0.05,4348415
0.05,4348265
0.05,4343289
0.05,4338016
0.05,4337615
0.05,4331359
0.05,4324926
0.05,4308313
0.05,4216049
0.05,4193623
0.05,4100216
0.05,4098365
0.05,4082501
0.05,4073387
0.05,4066867
0.05,3977063
0.05,3960004
0.05,3958888
0.05,3954883
0.05,3953210
0.05,3948870
0.05,3912471
0.05,3873821
0.05,3872592
0.05,3854144
0.05,3841143
0.05,3826339
0.05,3805741
0.05,3802364
0.05,3800806
0.05,3786327
0.05,3782027
0.05,3782006
0.05,3778526
0.05,3778335
0.05,3775268
0.05,3766200
0.05,3765593
0.05,3750906
0.05,3749558
0.05,3717936
0.05,3673085
0.05,3672928
0.05,3662059
0.05,3656951
0.05,3652301
0.06,3641624
0.06,3641136
0.06,3634141
0.06,3633526
0.06,3628891
0.06,3607136
0.06,3604710
0.06,3557640
0.06,3497379
0.06,3335524
0.06,3334674
0.06,3290347
0.06,3287927
0.06,3278261
0.06,3257339
0.06,3234098
0.06,3130738
0.06,3094531
0.06,3068320
0.06,3060802
0.06,3051327
0.06,3042108
0.06,3023893
0.06,3023617
0.06,3023485
0.06,3009523
0.06,2999649
0.06,2949665
0.06,2949128
0.06,2886692
0.06,2865643
0.06,2856664
0.06,2846631
0.07,2845109
0.07,2781187
0.07,2767260
0.07,2760564
0.07,2753334
0.07,2744606
0.07,2732541
0.07,2721842
0.07,2720042
0.07,2601206
0.07,2574088
0.07,2573946
0.07,2547950
0.07,2482086
0.07,2481073
0.07,2478566
0.07,2478532
0.07,2478500
0.07,2460162
0.07,2460124
0.08,2456381
0.08,2451037
0.08,2450764
0.08,2428770
0.08,2428245
0.08,2424909
0.08,2400539
0.08,2338215
0.08,2325288
0.08,2325142
0.08,2323500
0.08,2321713
0.08,2273013
0.08,2251567
0.08,2247161
0.08,2246905
0.08,2245389
0.08,2219258
0.08,2214135
0.08,2162355
0.08,2158782
0.08,2124717
0.08,2123485
0.09,2120206
0.09,2118238
0.09,2117017
0.09,2116522
0.09,2102768
0.09,2075295
0.09,2075022
0.09,2070923
0.09,2045304
0.09,2044498
0.09,2024174
0.09,2021894
0.09,2021759
0.09,2018931
0.09,1994320
0.09,1994291
0.09,1937293
0.09,1928336
0.10,1924793
0.10,1923318
0.10,1922473
0.10,1906449
0.10,1885329
0.10,1877925
0.10,1872286
0.10,1864415
0.10,1860800
0.10,1850429
0.10,1849016
0.10,1848998
0.10,1835093
0.10,1832109
0.11,1824430
0.11,1824268
0.11,1818550
0.11,1787743
0.11,1782755
0.11,1774318
0.11,1772756
0.11,1769000
0.12,1759026
0.12,1758881
0.12,1758121
0.12,1720683
0.12,1651413
0.12,1617978
0.12,1617330
0.12,1615972
0.12,1614452
0.12,1614283
0.13,1613130
0.13,1612797
0.13,1604922
0.13,1604843
0.13,1597499
0.13,1596794
0.13,1509820
0.14,1508918
0.14,1508765
0.14,1508220
0.14,1507651
0.15,1495754
0.15,1484376
0.15,1472989
0.15,1418279
0.15,1416104
0.15,1415039
0.15,1410128
0.15,1398112
0.15,1390815
0.16,1388476
0.16,1374189
0.17,1374138
0.17,1372605
0.17,1366769
0.17,1365189
0.18,1365145
0.18,1364997
0.18,1363441
0.19,1362900
0.19,1357833
0.19,1357505
0.20,1355511
0.22,1355256
0.22,1348026
0.23,1345857
0.23,1342834
0.23,1342802
0.25,1341892
0.26,1341782
0.27,1340717
0.27,1340602
0.28,1339946
0.29,1337465
0.30,1335575
0.30,1333610
0.31,1318946
0.31,1318878
0.32,1318878
1.19,1308038
1.20,1301134
1.24,1300624
1.26,1297082
1.27,1296242
1.40,1293969
1.40,1291179
1.41,1286337
1.42,1286337
1.43,1286251
1.46,1286093
1.49,1285783
1.50,1284820
1.52,1284693
1.53,1284583
1.54,1284481
1.54,1284374
1.55,1283767
1.55,1283111
1.58,1281326
1.59,1281125
1.63,1281010
2.07,1280908
2.08,1275037
2.27,1271110
2.27,1269703
2.29,1267179
2.29,1266594
2.29,1265993
2.30,1265169
2.32,1264408
2.32,1264037
2.36,1263007
2.38,1262665
2.38,1262210
2.38,1260124
2.75,1242406
2.78,1242109
2.79,1240803
2.80,1240238
3.13,1222796
19.42,1220663
19.42,1220408
19.42,1219405
19.45,1219354
19.46,1218101
23.59,1216528
23.60,1214527
23.61,1214453
23.63,1212809
23.67,1210664
31.05,1209758
31.07,1209504
31.08,1209108
42.11,1207296
42.12,1206696
42.13,1205889
50.20,1202440
50.22,1202251
50.22,1201776
50.26,1201776
50.30,1197059
50.43,1196208
50.44,1195791
50.44,1193787
52.74,1185233
52.77,1184426
52.95,1177878
52.98,1177472
53.01,1177266
183.08,1176740
183.10,1176211
