0.06,11171065
0.06,11159935
0.06,11159467
0.06,11154241
0.06,11048345
0.06,11026677
0.06,11011682
0.06,10768595
0.06,10768395
0.07,10680715
0.07,10653748
0.07,10598079
0.07,10379928
0.07,10368056
0.07,10365267
0.07,10355679
0.07,10286056
0.07,10125212
0.07,10096582
0.07,10093045
0.07,10088020
0.07,10082708
0.07,9920000
0.07,9866903
0.07,9612606
0.07,9601341
0.07,9557624
0.07,9533488
0.07,9529490
0.07,9529488
0.08,9508163
0.08,9488791
0.08,9478923
0.08,9444651
0.08,9443137
0.08,9441648
0.08,9344759
0.08,9334181
0.08,9148007
0.08,9009106
0.08,8999030
0.08,8986675
0.08,8938149
0.08,8858189
0.08,8848179
0.08,8831822
0.08,8809226
0.08,8804925
0.08,8777594
0.08,8748553
0.08,8641875
0.08,8641393
0.08,8560874
0.08,8505966
0.08,8502566
0.08,8454175
0.08,8305331
0.08,8197738
0.08,8191238
0.08,8186195
0.08,8174812
0.08,8034947
0.08,8033575
0.08,7992461
0.08,7813100
0.08,7800683
0.08,7781712
0.08,7652649
0.08,7640949
0.08,7629370
0.08,7609811
0.08,7573664
0.08,7517638
0.08,7325969
0.08,7192392
0.08,7179538
0.08,7117680
0.08,7115033
0.08,7106986
0.08,7105092
0.08,7087182
0.08,7081217
0.08,7042055
0.09,6994780
0.09,6985657
0.09,6903781
0.09,6872240
0.09,6810806
0.09,6800345
0.09,6769244
0.09,6764032
0.09,6654798
0.09,6602731
0.09,6589383
0.09,6560138
0.09,6556845
0.09,6499559
0.09,6335899
0.09,6246904
0.09,6229358
0.09,6214594
0.09,6205698
0.09,6183626
0.09,6126890
0.09,6023735
0.09,6023072
0.09,5999632
0.09,5992103
0.09,5963577
0.09,5957983
0.09,5879408
0.09,5805390
0.09,5805244
0.09,5805042
0.09,5795463
0.09,5773471
0.09,5771647
0.09,5640779
0.09,5593027
0.09,5592615
0.09,5591263
0.09,5488658
0.09,5483859
0.09,5443237
0.09,5380299
0.09,5377564
0.09,5358669
0.09,5337924
0.09,5287170
0.09,5281849
0.09,5279496
0.09,5259176
0.09,5213757
0.09,5211521
0.09,5192352
0.09,5151215
0.09,5151208
0.09,5149329
0.09,5114599
0.09,5051277
0.09,5050382
0.09,5038854
0.09,4947290
0.09,4888971
0.09,4861898
0.10,4861417
0.10,4858882
0.10,4825107
0.10,4811336
0.10,4804160
0.10,4802839
0.10,4791150
0.10,4788734
0.10,4786261
0.10,4755410
0.10,4755178
0.10,4637765
0.10,4637590
0.10,4609031
0.10,4558502
0.10,4556394
0.10,4555625
0.10,4555603
0.10,4546384
0.10,4546117
0.10,4543966
0.10,4540755
0.10,4525268
0.10,4486230
0.10,4413964
0.10,4394868
0.10,4394255
0.10,4371210
0.10,4322104
0.10,4321671
0.10,4268050
0.10,4244377
0.10,4244146
0.10,4214788
0.10,4172269
0.10,4164615
0.10,4158121
0.10,4150077
0.10,4116983
0.10,4109845
0.10,4101488
0.10,4068141
0.10,4067318
0.10,4060832
0.10,4058152
0.10,4053156
0.10,4051479
0.10,4051378
0.10,4049803
0.10,4049756
0.10,3977698
0.10,3975548
0.10,3975506
0.10,3956585
0.10,3954534
0.10,3939688
0.10,3935716
0.10,3897445
0.10,3893458
0.10,3843969
0.10,3827859
0.10,3827381
0.10,3823579
0.10,3821707
0.10,3820166
0.10,3747177
0.10,3724398
0.10,3719745
0.10,3719510
0.11,3712510
0.11,3705041
0.11,3697963
0.11,3695934
0.11,3695706
0.11,3677251
0.11,3661285
0.11,3656222
0.11,3649019
0.11,3582958
0.11,3512770
0.11,3510043
0.11,3505376
0.11,3503471
0.11,3501795
0.11,3497375
0.11,3486607
0.11,3456517
0.11,3454973
0.11,3430894
0.11,3423213
0.11,3251732
0.11,3222193
0.11,3221877
0.11,3154545
0.11,3139047
0.11,3137557
0.11,3117541
0.11,3114739
0.11,3112423
0.11,3104951
0.11,3091671
0.11,3071748
0.11,3036632
0.11,3029679
0.11,3027486
0.11,3026045
0.12,3022242
0.12,2990429
0.12,2972512
0.12,2953734
0.12,2953090
0.12,2924489
0.12,2860710
0.12,2850009
0.12,2786305
0.12,2784664
0.12,2773935
0.12,2769953
0.12,2767822
0.12,2757272
0.12,2737084
0.12,2701524
0.12,2699684
0.12,2696727
0.12,2683289
0.12,2681870
0.12,2679964
0.12,2672845
0.12,2650366
0.12,2640076
0.12,2636520
0.12,2630136
0.12,2625059
0.12,2581356
0.12,2568427
0.12,2567075
0.12,2563177
0.12,2562837
0.12,2562649
0.13,2544303
0.13,2539873
0.13,2538871
0.13,2513303
0.13,2500441
0.13,2472618
0.13,2456690
0.13,2449075
0.13,2447878
0.13,2445725
0.13,2422741
0.13,2413800
0.13,2407405
0.13,2403026
0.13,2393919
0.13,2392472
0.13,2379532
0.13,2376686
0.13,2376373
0.13,2374877
0.13,2358269
0.13,2355265
0.13,2346490
0.13,2334559
0.13,2329328
0.13,2328877
0.13,2318064
0.13,2312819
0.13,2311393
0.14,2310248
0.14,2304663
0.14,2291584
0.14,2288531
0.14,2278049
0.14,2244795
0.14,2243495
0.14,2224713
0.14,2219031
0.14,2215994
0.14,2139475
0.14,2127680
0.14,2124648
0.14,2108206
0.14,2107709
0.14,2104947
0.14,2102643
0.15,2087482
0.15,2084027
0.15,2082567
0.15,2077797
0.15,2074840
0.15,2074248
0.15,2070861
0.15,2068429
0.15,2062681
0.15,2059261
0.15,1995800
0.15,1991211
0.15,1990897
0.15,1983037
0.15,1981353
0.15,1978675
0.15,1974110
0.15,1969407
0.15,1967947
0.15,1957787
0.15,1954693
0.16,1923883
0.16,1902860
0.16,1899052
0.16,1896487
0.16,1896382
0.16,1893214
0.16,1890995
0.16,1883527
0.16,1882783
0.16,1882673
0.16,1878715
0.16,1876192
0.16,1867082
0.16,1858137
0.17,1828850
0.17,1827556
0.17,1825160
0.17,1822807
0.17,1822054
0.17,1811915
0.17,1811278
0.17,1811006
0.17,1806039
0.17,1796138
0.17,1789967
0.17,1787364
0.18,1782941
0.27,1782501
0.27,1778388
0.27,1778301
0.27,1771688
0.27,1769857
0.27,1768777
0.27,1768666
0.27,1763547
0.27,1762303
0.27,1761974
0.27,1749064
0.27,1712691
0.27,1712434
0.27,1711574
0.27,1706748
0.29,1696265
0.29,1692357
0.47,1689556
0.47,1685840
0.47,1676621
0.47,1655034
0.47,1651117
0.47,1643423
0.47,1622288
0.47,1618870
0.48,1616236
0.48,1615918
0.48,1610834
0.48,1608333
0.48,1599353
0.48,1598386
0.61,1590032
0.61,1587108
0.61,1585101
1.01,1584518
1.01,1583786
1.24,1574791
1.24,1570251
1.28,1555584
1.28,1551756
1.28,1545539
1.28,1541097
1.28,1540535
1.28,1539116
1.54,1527013
1.54,1522379
1.55,1521139
1.55,1520577
1.55,1503266
1.55,1502418
1.55,1499747
1.62,1495506
1.62,1493721
1.62,1486068
1.62,1484046
1.62,1481975
1.62,1481909
1.62,1477853
1.62,1475289
1.62,1467901
1.62,1465352
1.62,1461126
1.62,1459698
2.11,1453534
2.11,1451595
2.11,1451525
2.11,1447657
2.33,1444126
2.58,1436666
2.58,1435123
2.62,1433306
2.62,1432495
2.62,1432447
2.62,1429704
2.62,1426693
2.62,1422956
2.63,1422495
2.63,1421026
2.84,1418015
2.84,1414534
2.84,1406296
2.84,1405267
2.84,1400929
2.84,1399774
2.84,1396984
2.84,1388318
2.84,1386176
2.84,1381764
3.22,1381378
3.22,1379521
3.22,1378755
3.61,1377392
3.61,1373362
3.87,1371590
3.87,1371272
3.87,1366205
3.87,1366205
3.87,1363594
3.87,1361271
3.90,1360230
3.90,1356942
3.94,1353901
3.94,1349413
3.94,1348176
3.94,1336384
3.94,1336110
3.94,1335273
3.94,1334615
3.94,1334563
3.94,1333002
3.94,1332389
3.94,1332044
3.94,1327083
3.94,1324657
3.94,1318371
3.95,1313933
3.95,1303839
3.95,1301849
3.95,1294872
3.95,1294366
5.46,1291746
5.46,1290078
5.46,1287424
5.54,1287231
5.61,1285610
5.61,1285352
5.61,1284383
5.62,1283012
5.62,1281995
6.20,1277040
6.20,1272818
6.24,1272607
6.27,1269069
6.28,1267038
6.28,1266153
6.28,1260788
6.28,1259963
6.28,1259044
6.28,1258148
6.37,1257019
6.37,1256114
6.37,1254109
6.37,1249414
6.38,1240313
6.38,1240192
7.01,1239737
7.01,1238859
7.14,1238713
7.14,1237439
7.15,1234893
7.44,1234680
7.44,1234476
7.44,1233867
7.44,1233415
7.44,1231491
7.44,1231442
7.45,1229829
7.45,1228716
7.45,1226817
7.45,1223619
7.45,1222372
7.64,1218999
8.24,1218984
8.25,1216580
8.81,1213570
8.81,1210058
8.81,1209720
8.81,1209003
9.13,1207673
10.04,1207318
10.05,1203454
10.05,1203026
10.05,1199708
10.05,1198239
10.06,1197044
10.06,1196581
10.97,1195746
10.97,1195572
10.97,1194103
10.97,1193845
10.97,1193774
10.98,1193559
10.98,1192382
10.98,1191288
10.98,1190620
12.66,1190148
12.66,1189828
13.44,1189555
13.44,1189427
13.44,1188620
13.63,1188388
13.63,1188044
13.64,1188003
13.79,1187250
14.45,1187128
14.45,1186782
14.45,1186176
14.45,1185289
14.54,1184714
14.59,1183683
14.61,1183224
14.86,1182426
14.86,1182398
14.87,1182145
14.87,1181067
14.87,1180990
15.08,1180823
15.08,1180431
15.10,1180422
15.11,1180378
15.61,1180243
16.25,1180007
16.34,1179780
16.63,1179516
16.64,1178877
16.64,1178379
16.72,1178287
16.72,1178070
16.72,1177826
16.72,1177814
17.02,1177659
17.03,1177549
17.04,1177000
17.04,1176838
19.00,1176732
19.67,1176551
20.77,1176276
20.82,1176211
22.31,1176151
