0.00,9711338
0.01,9685083
0.01,9503642
0.01,9502804
0.01,9484322
0.01,9448164
0.01,9393623
0.01,9333281
0.01,9217469
0.01,9161628
0.01,9074473
0.01,9073598
0.01,9072901
0.01,8873907
0.01,8764628
0.01,8759579
0.01,8588373
0.01,8413443
0.01,8381537
0.01,8338217
0.01,8280327
0.01,8232561
0.01,8185242
0.02,8185017
0.02,8028465
0.02,7974912
0.02,7934696
0.02,7747767
0.02,7746617
0.02,7739902
0.02,7739455
0.02,7694230
0.02,7685624
0.02,7565962
0.02,7436296
0.02,7433526
0.02,7428995
0.02,7277928
0.02,7267329
0.02,7246227
0.02,7237685
0.02,7230840
0.02,7195634
0.02,7183482
0.02,7016677
0.02,7013947
0.02,6875654
0.02,6874202
0.02,6869577
0.02,6826850
0.02,6690668
0.02,6621608
0.02,6600978
0.02,6436592
0.02,6435541
0.02,6364844
0.03,6263502
0.03,6176484
0.03,6172790
0.03,6170333
0.03,5955062
0.03,5952627
0.03,5939680
0.03,5878495
0.03,5867051
0.03,5852208
0.03,5849149
0.03,5821279
0.03,5808032
0.03,5775494
0.03,5772515
0.03,5704729
0.03,5701961
0.03,5642215
0.03,5640231
0.03,5638165
0.03,5631583
0.03,5610493
0.03,5575581
0.04,5561731
0.04,5555223
0.04,5539607
0.04,5537104
0.04,5535966
0.04,5527533
0.04,5525864
0.04,5520239
0.04,5516446
0.04,5455333
0.04,5391593
0.04,5365281
0.04,5363151
0.04,5297711
0.04,5293051
0.04,5281744
0.04,5267265
0.04,5208550
0.04,5200054
0.04,5198382
0.04,5195642
0.04,5162382
0.04,5142092
0.04,5140674
0.04,5129141
0.04,5066206
0.04,4976183
0.04,4965288
0.04,4958792
0.04,4958726
0.04,4859183
0.04,4846173
0.04,4845490
0.04,4734000
0.04,4732658
0.04,4732435
0.04,4730159
0.04,4699374
0.04,4676449
0.04,4654172
0.04,4648656
0.04,4646171
0.04,4547408
0.04,4507299
0.04,4498808
0.04,4448564
0.04,4417916
0.04,4382394
0.04,4381436
0.04,4381361
0.04,4318069
0.04,4277761
0.04,4277491
0.04,4277365
0.04,4261688
0.04,4237965
0.04,4236120
0.04,4152204
0.04,4151241
0.04,4128227
0.05,4114658
0.05,4110743
0.05,4106955
0.05,4106746
0.05,4105878
0.05,4100888
0.05,4095670
0.05,4094923
0.05,4089905
0.05,4089102
0.05,4085951
0.05,4082472
0.05,3974112
0.05,3971006
0.05,3922289
0.05,3844314
0.05,3836480
0.05,3834298
0.05,3813225
0.05,3792155
0.05,3787946
0.05,3777099
0.05,3777059
0.05,3769642
0.05,3769122
0.05,3765506
0.05,3726716
0.05,3678354
0.05,3677150
0.05,3666192
0.05,3630317
0.05,3629579
0.05,3623055
0.05,3607695
0.05,3594886
0.05,3594352
0.05,3567064
0.05,3565878
0.05,3562780
0.05,3537805
0.05,3526380
0.05,3496663
0.05,3458653
0.05,3407292
0.05,3382994
0.05,3259586
0.05,3223579
0.05,3219748
0.05,3218746
0.05,3203705
0.06,3203573
0.06,3184343
0.06,3046652
0.06,3045330
0.06,3045282
0.06,3021923
0.06,3018614
0.06,3017536
0.06,2965931
0.06,2961096
0.06,2959257
0.06,2949789
0.06,2910669
0.06,2899068
0.06,2881214
0.06,2878569
0.06,2878556
0.06,2869453
0.06,2832366
0.06,2829226
0.06,2828260
0.06,2699622
0.06,2672405
0.06,2670746
0.06,2669576
0.06,2668247
0.07,2660965
0.07,2660091
0.07,2655203
0.07,2654098
0.07,2652285
0.07,2649857
0.07,2645713
0.07,2643551
0.07,2641575
0.07,2635981
0.07,2632488
0.07,2575110
0.07,2574109
0.07,2571345
0.07,2570960
0.07,2494584
0.07,2465301
0.07,2450605
0.07,2349158
0.07,2347984
0.07,2345989
0.07,2345604
0.07,2343356
0.07,2332241
0.07,2327759
0.07,2327504
0.07,2325061
0.07,2316308
0.07,2297987
0.07,2289143
0.07,2236640
0.07,2231822
0.07,2228673
0.07,2228375
0.07,2225926
0.07,2174267
0.08,2163919
0.08,2163664
0.08,2163649
0.08,2104897
0.08,2064604
0.08,2064310
0.08,2060706
0.08,2051395
0.08,1991078
0.08,1990425
0.08,1989689
0.08,1955812
0.08,1955794
0.08,1948161
0.09,1948006
0.09,1947624
0.09,1943776
0.09,1934854
0.09,1924295
0.09,1920489
0.09,1920427
0.09,1918184
0.09,1916377
0.09,1883011
0.09,1879876
0.09,1877929
0.09,1859466
0.09,1858684
0.09,1856204
0.09,1854999
0.09,1784841
0.10,1783381
0.10,1754960
0.10,1749742
0.10,1746763
0.10,1745542
0.10,1702797
0.10,1702691
0.10,1702670
0.10,1694128
0.10,1692722
0.10,1690576
0.10,1688940
0.10,1688148
0.10,1686617
0.10,1679119
0.10,1673352
0.10,1667726
0.10,1659851
0.10,1659786
0.11,1655835
0.11,1654673
0.11,1642633
0.11,1641893
0.11,1641884
0.11,1641442
0.11,1638483
0.11,1638374
0.11,1633141
0.11,1632892
0.11,1605449
0.11,1605134
0.11,1604993
0.11,1604922
0.11,1585958
0.11,1579392
0.11,1579300
0.11,1572118
0.11,1566342
0.12,1564829
0.12,1524054
0.12,1524045
0.12,1521648
0.12,1521173
0.12,1516132
0.12,1511770
0.12,1511243
0.12,1508080
0.12,1505308
0.13,1505168
0.13,1499707
0.13,1471987
0.13,1439528
0.13,1431091
0.13,1431078
0.13,1429195
0.13,1428710
0.13,1425349
0.13,1423372
0.13,1422862
0.13,1420771
0.14,1420667
0.14,1420572
0.14,1418956
0.14,1418279
0.14,1415940
0.14,1410384
0.14,1410052
0.15,1409764
0.15,1408147
0.15,1400816
0.15,1397875
0.15,1397133
0.16,1396104
0.16,1395261
0.16,1395060
0.16,1392407
0.17,1388782
0.17,1384650
0.17,1384135
0.17,1383956
0.18,1379298
0.18,1370198
0.18,1369699
0.18,1369537
0.18,1367113
0.19,1364129
0.19,1363065
0.19,1362683
0.19,1361472
0.20,1360431
0.21,1358185
0.21,1355254
0.21,1350287
0.21,1350110
0.21,1346325
0.22,1345439
0.22,1331134
0.23,1324357
0.25,1323006
0.27,1317518
0.28,1317221
0.45,1287128
1.28,1285442
1.31,1279925
1.31,1279318
1.43,1275290
1.43,1269887
1.44,1256900
1.45,1256093
1.45,1251146
1.46,1251052
1.47,1249561
1.48,1249561
1.48,1246316
1.49,1246044
1.50,1245015
1.51,1242769
1.52,1242661
1.54,1242382
2.27,1238862
2.27,1237186
2.28,1236593
2.28,1227673
2.28,1227226
2.28,1226929
2.29,1226719
2.29,1221914
2.29,1221151
2.29,1219146
2.30,1213276
2.31,1210767
2.32,1208801
2.33,1202267
2.33,1197617
2.35,1193379
20.71,1187729
20.72,1183511
20.72,1180572
20.74,1179765
20.74,1179129
147.66,1177226
147.67,1176889
299.71,1176854
299.74,1176740
299.74,1176211
