0.00,9672455
0.01,9653414
0.01,9653403
0.01,9653355
0.01,9643800
0.01,9609925
0.01,9522366
0.01,9422330
0.01,9359441
0.01,9323264
0.01,9314051
0.01,9309888
0.01,9270966
0.01,9193242
0.01,9173367
0.01,9103450
0.01,9102254
0.01,9016328
0.01,8990275
0.01,8918866
0.01,8807490
0.01,8755953
0.01,8553055
0.01,8550246
0.01,8527393
0.01,8526019
0.01,8453575
0.01,8327037
0.01,8286509
0.01,8272276
0.01,8182335
0.01,8020920
0.01,8016609
0.01,7873601
0.01,7815659
0.02,7812132
0.02,7805417
0.02,7771873
0.02,7557099
0.02,7524875
0.02,7518379
0.02,7506516
0.02,7454040
0.02,7453090
0.02,7432815
0.02,7392412
0.02,7391842
0.02,7383602
0.02,7376172
0.02,7159595
0.02,7145853
0.02,7145843
0.02,7107357
0.02,7105914
0.02,7100476
0.02,7097185
0.02,7091463
0.02,7018539
0.02,6864065
0.02,6778180
0.02,6770118
0.03,6767135
0.03,6760069
0.03,6759943
0.03,6755549
0.03,6587080
0.03,6586682
0.03,6580985
0.03,6495944
0.03,6366358
0.03,6286105
0.03,6268607
0.03,6212436
0.03,6149906
0.03,6046984
0.03,6046225
0.03,6046176
0.03,6030160
0.03,5916077
0.03,5913677
0.03,5853351
0.03,5853205
0.03,5787495
0.03,5773142
0.03,5770038
0.03,5768346
0.03,5767224
0.03,5712176
0.03,5707912
0.03,5706363
0.03,5644955
0.03,5625854
0.03,5598394
0.03,5580551
0.03,5540047
0.03,5536431
0.03,5524007
0.03,5515352
0.03,5425830
0.03,5374153
0.03,5372728
0.03,5372235
0.03,5371466
0.03,5363472
0.03,5363327
0.03,5357513
0.03,5337102
0.03,5307435
0.03,5306981
0.03,5305251
0.04,5274380
0.04,5271416
0.04,5261295
0.04,5201691
0.04,5201689
0.04,5162522
0.04,5159531
0.04,5123142
0.04,5122365
0.04,5106401
0.04,5062972
0.04,5028055
0.04,5018828
0.04,4848352
0.04,4840369
0.04,4837765
0.04,4832916
0.04,4735433
0.04,4716197
0.04,4694552
0.04,4694337
0.04,4650553
0.04,4644846
0.04,4497966
0.04,4493368
0.04,4486027
0.04,4474663
0.04,4456334
0.04,4451987
0.04,4451437
0.04,4449291
0.04,4448255
0.04,4437497
0.04,4419783
0.04,4418900
0.04,4353946
0.04,4329000
0.04,4310500
0.04,4274073
0.04,4274064
0.04,4246436
0.04,4205083
0.04,4146047
0.04,4133137
0.04,4102249
0.04,4075589
0.04,4053372
0.04,4053120
0.04,4051597
0.04,3964133
0.04,3950812
0.04,3945412
0.04,3942739
0.04,3937277
0.04,3936028
0.04,3914876
0.04,3846569
0.04,3763792
0.05,3758277
0.05,3669390
0.05,3660780
0.05,3659884
0.05,3649445
0.05,3491800
0.05,3485897
0.05,3484290
0.05,3436923
0.05,3422045
0.05,3421648
0.05,3363119
0.05,3358783
0.05,3357159
0.05,3346518
0.05,3282908
0.05,3280014
0.05,3275294
0.05,3167525
0.05,3164248
0.05,3088666
0.05,3088277
0.05,3084633
0.05,3083664
0.05,3027159
0.05,3019648
0.05,3009529
0.05,2997866
0.05,2989440
0.05,2978054
0.05,2901536
0.05,2891833
0.06,2890429
0.06,2837230
0.06,2832856
0.06,2719684
0.06,2678946
0.06,2667050
0.06,2637088
0.06,2635527
0.06,2622450
0.06,2615235
0.06,2573684
0.06,2568886
0.06,2552250
0.06,2536992
0.06,2534521
0.06,2501141
0.06,2489144
0.06,2485646
0.06,2471367
0.06,2441062
0.06,2439006
0.06,2417893
0.06,2370012
0.06,2290037
0.06,2280902
0.06,2272071
0.06,2271647
0.06,2223590
0.06,2223523
0.06,2222996
0.06,2221933
0.06,2217716
0.06,2157842
0.07,2153999
0.07,2129655
0.07,2119821
0.07,2119685
0.07,2118883
0.07,2115723
0.07,2115584
0.07,2113784
0.07,2112483
0.07,2112475
0.07,2112228
0.07,2093830
0.07,2090343
0.07,2088130
0.07,2083948
0.07,2077342
0.07,2076525
0.07,2076493
0.07,2071524
0.07,2071209
0.07,2065354
0.07,2034196
0.08,2029356
0.08,2017222
0.08,2009304
0.08,2006335
0.08,1958569
0.08,1932155
0.08,1929472
0.08,1926645
0.08,1916273
0.08,1875619
0.08,1875320
0.08,1873914
0.08,1869537
0.08,1869015
0.08,1861996
0.08,1850421
0.08,1842331
0.08,1835668
0.09,1831769
0.09,1828164
0.09,1824030
0.09,1821662
0.09,1818882
0.09,1799016
0.09,1792680
0.09,1792146
0.09,1755426
0.09,1746112
0.09,1745590
0.09,1745563
0.09,1738624
0.09,1738411
0.09,1729533
0.09,1727197
0.09,1726610
0.10,1661691
0.10,1646418
0.10,1625769
0.10,1625733
0.10,1625605
0.10,1622708
0.10,1616907
0.10,1614495
0.10,1613845
0.10,1613432
0.10,1595261
0.10,1594174
0.11,1591167
0.11,1588742
0.11,1587523
0.11,1586016
0.11,1585534
0.11,1585195
0.11,1583532
0.11,1580234
0.11,1579761
0.11,1578149
0.12,1575292
0.12,1566314
0.12,1566277
0.12,1557542
0.12,1554262
0.12,1553418
0.12,1552524
0.13,1519089
0.13,1517948
0.13,1517878
0.13,1502424
0.13,1498034
0.14,1495152
0.14,1493099
0.14,1482274
0.14,1480480
0.14,1479854
0.15,1469105
0.15,1466165
0.15,1453778
0.15,1453433
0.15,1453397
0.15,1451889
0.16,1410012
0.16,1409942
0.16,1392980
0.16,1375656
0.17,1351436
0.17,1344749
0.17,1343960
0.17,1341267
0.18,1335804
0.18,1282629
0.18,1282578
0.19,1265372
0.19,1264857
0.20,1263959
0.20,1262225
0.22,1253735
0.22,1252626
0.23,1250309
0.23,1249344
0.24,1246803
0.24,1246252
0.24,1245427
0.25,1245191
0.25,1240321
0.25,1240115
0.26,1239444
0.26,1238548
0.26,1238548
0.28,1238148
0.28,1237916
0.29,1232922
0.29,1232098
0.29,1232051
0.30,1228622
0.31,1227385
0.32,1226144
0.32,1224773
0.33,1224560
0.34,1223340
0.37,1222016
0.37,1221810
0.53,1221224
0.55,1220817
5.09,1220781
5.10,1219822
5.10,1219058
5.11,1218422
5.11,1218395
5.11,1218303
5.12,1218145
5.13,1218059
5.14,1217215
5.14,1216809
5.15,1214805
5.17,1214598
5.19,1214261
5.21,1212778
5.30,1209650
5.30,1206718
5.31,1206219
5.32,1186332
5.33,1186326
5.33,1185986
5.33,1185538
5.34,1185430
5.34,1184829
5.35,1184719
5.36,1182754
5.39,1182639
5.40,1182511
5.41,1182273
5.42,1180675
5.44,1180004
5.45,1179587
5.45,1179313
5.48,1178851
5.49,1178445
5.50,1178107
5.51,1177901
5.73,1177011
108.59,1176861
526.78,1176333
550.48,1176211
