0.06,9506984
0.07,9500990
0.07,9484561
0.07,9396354
0.07,9348450
0.07,9290734
0.07,9290389
0.07,9228358
0.07,9206807
0.07,9136201
0.07,9121505
0.07,9044287
0.07,9023243
0.07,8997530
0.07,8933743
0.07,8931828
0.07,8854955
0.08,8851603
0.08,8840248
0.08,8765130
0.08,8724329
0.08,8722718
0.08,8722256
0.08,8626273
0.08,8613847
0.08,8480526
0.08,8300964
0.08,8267751
0.08,8261154
0.08,8249767
0.08,8247117
0.08,8166869
0.08,8141474
0.08,8034125
0.08,7879765
0.08,7825955
0.08,7719845
0.08,7646440
0.08,7638274
0.08,7635165
0.08,7607569
0.08,7527707
0.08,7404122
0.08,7321141
0.08,7217923
0.08,7168553
0.08,7154260
0.08,7103450
0.08,7023841
0.08,7023059
0.08,6933129
0.08,6930729
0.08,6837799
0.08,6769362
0.08,6703339
0.08,6660231
0.08,6634925
0.08,6580582
0.09,6579773
0.09,6509722
0.09,6504813
0.09,6436356
0.09,6401617
0.09,6336443
0.09,6322818
0.09,6232561
0.09,6196130
0.09,6166412
0.09,6162068
0.09,6158309
0.09,6105589
0.09,6031121
0.09,6016890
0.09,5980423
0.09,5974324
0.09,5917995
0.09,5867776
0.09,5850322
0.09,5765371
0.09,5707655
0.09,5600230
0.09,5563111
0.09,5518378
0.09,5513157
0.09,5448292
0.09,5404317
0.09,5245926
0.09,5213879
0.09,5157058
0.09,5095544
0.09,5051468
0.09,5034348
0.09,5021160
0.09,4947695
0.09,4941703
0.09,4939880
0.09,4936767
0.09,4932012
0.09,4887808
0.09,4846863
0.09,4840542
0.09,4838386
0.09,4732156
0.09,4729697
0.10,4718092
0.10,4712580
0.10,4711714
0.10,4629329
0.10,4530134
0.10,4486663
0.10,4483276
0.10,4483238
0.10,4419617
0.10,4417489
0.10,4410762
0.10,4358390
0.10,4356692
0.10,4353072
0.10,4352909
0.10,4352042
0.10,4347268
0.10,4327561
0.10,4327229
0.10,4239657
0.10,4237057
0.10,4231916
0.10,4229415
0.10,4189272
0.10,4186750
0.10,4159195
0.10,4132511
0.10,4129525
0.10,4128286
0.10,4073350
0.10,4070529
0.10,4052191
0.10,4043168
0.10,3994603
0.10,3988998
0.10,3980792
0.10,3970742
0.10,3960305
0.10,3953221
0.10,3945629
0.10,3945081
0.10,3875359
0.10,3853858
0.10,3850677
0.10,3758173
0.10,3757848
0.11,3746468
0.11,3735956
0.11,3689259
0.11,3679321
0.11,3670273
0.11,3652400
0.11,3643447
0.11,3639447
0.11,3637565
0.11,3628001
0.11,3624453
0.11,3617804
0.11,3617393
0.11,3614391
0.11,3581835
0.11,3577201
0.11,3570038
0.11,3499707
0.11,3480356
0.11,3462062
0.11,3455314
0.11,3437851
0.11,3434375
0.11,3349541
0.11,3342035
0.11,3341019
0.11,3335894
0.11,3290332
0.11,3264741
0.12,3248941
0.12,3248523
0.12,3247999
0.12,3244096
0.12,3244068
0.12,3233970
0.12,3211744
0.12,3190999
0.12,3183492
0.12,3176341
0.12,3172972
0.12,3171622
0.12,3167650
0.12,3156328
0.12,3148549
0.12,3135065
0.12,3096132
0.13,3081001
0.13,3080244
0.13,2973292
0.13,2958728
0.13,2958516
0.13,2955825
0.13,2941596
0.13,2891614
0.13,2888761
0.13,2880604
0.13,2873683
0.13,2873480
0.13,2864471
0.13,2864413
0.13,2862793
0.13,2862198
0.13,2860974
0.13,2860214
0.13,2847361
0.14,2847236
0.14,2843209
0.14,2837806
0.14,2803958
0.14,2795488
0.14,2752076
0.14,2701782
0.14,2698651
0.14,2695958
0.14,2682518
0.14,2676678
0.14,2650565
0.14,2633627
0.14,2632047
0.14,2628886
0.14,2602230
0.14,2596850
0.14,2548623
0.14,2546158
0.14,2530324
0.15,2523249
0.15,2522490
0.15,2509680
0.15,2509639
0.15,2495327
0.15,2427624
0.15,2424660
0.15,2423691
0.15,2419249
0.15,2416857
0.15,2412439
0.15,2381243
0.15,2379021
0.15,2345935
0.15,2345872
0.15,2342947
0.15,2340230
0.15,2330113
0.15,2328671
0.15,2326698
0.15,2323317
0.15,2317994
0.16,2315025
0.16,2313019
0.16,2302591
0.16,2301001
0.16,2298635
0.16,2279278
0.16,2277962
0.16,2260552
0.16,2256199
0.16,2251401
0.16,2226773
0.16,2226540
0.16,2225558
0.16,2213357
0.16,2211855
0.17,2208731
0.17,2158323
0.17,2158120
0.17,2149967
0.18,2145119
0.18,2134233
0.19,2118707
0.19,2103709
0.19,2092444
0.19,2089207
0.20,2085525
0.20,2084252
0.20,2074949
0.20,2074150
0.20,2073871
0.20,2060244
0.20,2058283
0.20,2052877
0.20,2052456
0.22,2050507
0.22,2026269
0.22,2022813
0.22,2017213
0.22,2015367
0.22,2015064
0.23,1993476
0.23,1992371
0.23,1991875
0.23,1981996
0.23,1975336
0.23,1974305
0.23,1928034
0.23,1926391
0.23,1903023
0.24,1897843
0.24,1896179
0.28,1891726
0.28,1890890
0.28,1874997
0.28,1869493
0.28,1861023
0.28,1857257
0.28,1855654
0.28,1824649
0.28,1823737
0.28,1811561
0.39,1805957
0.39,1802862
0.39,1801764
0.39,1800809
0.39,1791699
0.44,1784442
0.44,1778748
0.44,1774328
0.44,1774025
0.44,1758883
0.44,1753599
0.44,1749475
0.44,1749398
0.44,1733517
0.44,1732601
0.44,1724198
0.44,1722905
0.45,1722509
0.45,1722174
0.45,1717726
0.45,1706001
0.45,1697915
0.45,1697171
0.66,1695924
0.66,1694348
0.66,1667954
0.66,1663362
0.66,1661113
0.66,1657361
0.66,1656640
0.66,1656207
0.66,1655915
0.66,1643119
0.66,1619516
0.70,1616655
0.70,1608020
0.70,1607733
0.70,1602080
0.70,1599371
0.70,1599365
0.70,1598972
0.70,1598944
0.70,1597465
0.70,1593794
0.70,1590157
0.70,1589917
0.70,1589547
1.08,1561453
1.08,1546498
1.08,1545804
1.08,1545362
1.09,1542121
1.09,1520726
1.09,1515630
1.09,1515222
1.09,1513634
1.09,1510336
1.09,1510094
1.09,1505918
1.09,1505886
1.15,1505451
1.15,1504348
1.16,1502251
1.41,1501821
1.41,1501813
1.41,1495251
1.41,1493814
1.41,1492295
1.93,1482067
1.94,1478240
1.94,1471202
2.06,1464811
2.06,1463974
2.30,1462930
2.43,1462625
2.44,1459320
2.44,1452971
2.44,1451096
2.44,1445856
2.44,1445118
2.45,1439463
2.45,1439019
2.45,1436005
2.45,1435369
2.45,1432621
2.45,1429420
2.45,1427795
2.45,1420414
2.45,1420148
2.45,1391348
2.45,1389658
2.46,1389594
2.46,1384092
2.46,1377216
2.46,1353384
3.25,1343908
3.25,1343471
3.25,1336565
3.25,1336169
3.26,1331594
4.41,1330642
4.41,1327675
4.43,1321892
4.43,1319815
4.43,1307311
4.44,1291620
4.44,1288951
4.44,1284678
4.44,1284519
4.44,1284421
4.67,1279938
4.67,1277639
4.67,1276555
4.67,1275756
4.67,1274557
5.12,1273794
5.12,1272960
5.17,1265877
5.17,1264900
5.17,1263370
5.17,1263086
5.58,1260983
5.60,1250771
6.18,1250203
6.26,1249103
6.26,1246844
6.26,1238450
6.26,1237656
6.88,1236837
6.88,1236782
6.89,1230612
6.89,1228525
6.89,1228451
7.31,1226588
7.41,1219747
7.41,1218487
8.64,1217637
8.64,1216917
8.65,1212748
8.99,1212199
8.99,1209771
9.93,1209292
9.93,1207752
9.93,1207424
9.93,1205270
9.93,1205056
9.93,1203324
9.93,1202663
10.45,1202310
10.49,1200663
10.62,1200626
10.62,1199800
10.62,1197094
10.84,1195170
11.91,1194121
11.91,1193980
11.91,1193335
11.92,1193308
12.56,1192072
12.56,1192053
12.56,1191421
12.58,1190191
13.16,1188213
13.74,1187669
13.74,1186960
13.75,1186151
13.75,1186118
13.75,1185640
14.00,1185192
14.00,1184688
14.00,1184368
14.01,1184158
14.02,1184120
14.03,1184055
14.03,1183728
14.03,1182563
14.03,1182406
14.04,1181949
14.51,1181284
14.52,1180595
15.75,1180491
15.75,1180171
16.13,1180092
16.13,1180027
16.14,1179220
16.14,1179064
16.20,1178848
16.20,1177208
17.52,1177128
17.52,1176872
19.13,1176795
19.13,1176654
19.14,1176649
19.15,1176640
19.67,1176590
19.68,1176590
19.69,1176384
21.80,1176273
22.03,1176273
