0.06,10832761
0.06,10792152
0.06,10784508
0.06,10739888
0.07,10737163
0.07,10648583
0.07,10648488
0.07,10579451
0.07,10360900
0.07,10350554
0.07,10168544
0.07,9999034
0.07,9968572
0.07,9966729
0.07,9919389
0.07,9908833
0.07,9878802
0.07,9878750
0.07,9849445
0.07,9594769
0.07,9513565
0.07,9360332
0.07,9353610
0.07,9353418
0.08,9313977
0.08,9304903
0.08,9281656
0.08,9218533
0.08,9186598
0.08,9183004
0.08,9166748
0.08,9152821
0.08,9037235
0.08,9000299
0.08,8988445
0.08,8973482
0.08,8955063
0.08,8843582
0.08,8838208
0.08,8831225
0.08,8815524
0.08,8803175
0.08,8757048
0.08,8575070
0.08,8565001
0.08,8476051
0.08,8417066
0.08,8378555
0.08,8378473
0.08,8306087
0.08,8206594
0.08,8169587
0.09,8168935
0.09,8099671
0.09,8088846
0.09,7987902
0.09,7896807
0.09,7873425
0.09,7872750
0.09,7691254
0.09,7659496
0.09,7656930
0.09,7525912
0.09,7464645
0.09,7447106
0.09,7399791
0.09,7333762
0.09,7268885
0.09,7198536
0.09,7062709
0.09,6846105
0.09,6771597
0.09,6738231
0.09,6714490
0.09,6685702
0.09,6650046
0.09,6648907
0.09,6636536
0.09,6620207
0.09,6619548
0.09,6617271
0.09,6514711
0.09,6507452
0.09,6427167
0.09,6417094
0.09,6354999
0.09,6289435
0.09,6280570
0.09,6280136
0.09,6235485
0.09,6224908
0.09,6201316
0.09,6193564
0.09,6183209
0.09,6118011
0.09,6114010
0.09,6063036
0.09,6059384
0.09,6055480
0.09,5988849
0.09,5765314
0.09,5762665
0.09,5710846
0.09,5666542
0.09,5660573
0.09,5645872
0.09,5640258
0.10,5630186
0.10,5462475
0.10,5326348
0.10,5285130
0.10,5164585
0.10,5159699
0.10,5156307
0.10,5117576
0.10,5101311
0.10,5080072
0.10,5079481
0.10,5007051
0.10,4999652
0.10,4993997
0.10,4979189
0.10,4977600
0.10,4973348
0.10,4931506
0.10,4913406
0.10,4909782
0.10,4908797
0.10,4838655
0.10,4786382
0.10,4764523
0.10,4759719
0.10,4734311
0.10,4732410
0.10,4729344
0.10,4728963
0.10,4716130
0.10,4714584
0.10,4668636
0.10,4606795
0.10,4605608
0.10,4585684
0.10,4533962
0.10,4526092
0.10,4481396
0.10,4475717
0.10,4474129
0.10,4437676
0.10,4436598
0.10,4414256
0.10,4402102
0.10,4399038
0.10,4370928
0.10,4367293
0.10,4339474
0.10,4321512
0.10,4302366
0.10,4209665
0.10,4209464
0.10,4196691
0.10,4156312
0.10,4111246
0.10,4051513
0.10,4050396
0.11,4025114
0.11,4022301
0.11,4016977
0.11,3938439
0.11,3859235
0.11,3852588
0.11,3829591
0.11,3826336
0.11,3821873
0.11,3821365
0.11,3820858
0.11,3749866
0.11,3717764
0.11,3715784
0.11,3712107
0.11,3645831
0.11,3601101
0.11,3575389
0.11,3570155
0.11,3567927
0.11,3567508
0.11,3563917
0.11,3543369
0.11,3501800
0.11,3466847
0.11,3456247
0.11,3431090
0.11,3381666
0.11,3348902
0.11,3337514
0.11,3326448
0.11,3322160
0.11,3287945
0.11,3283044
0.11,3282928
0.11,3282280
0.11,3270238
0.11,3269746
0.11,3264202
0.11,3259660
0.11,3251057
0.11,3214100
0.11,3213316
0.12,3205948
0.12,3201568
0.12,3198824
0.12,3197430
0.12,3162148
0.12,3149404
0.12,3142205
0.12,3141139
0.12,3133694
0.12,3127602
0.12,3108039
0.12,3083421
0.12,3069793
0.12,3064732
0.12,3036481
0.12,3030481
0.12,3024856
0.12,2999212
0.12,2943432
0.12,2941886
0.12,2941770
0.12,2938358
0.13,2931600
0.13,2925213
0.13,2924755
0.13,2913290
0.13,2911330
0.13,2911148
0.13,2909157
0.13,2905277
0.13,2878513
0.13,2845388
0.13,2844575
0.13,2831265
0.13,2822280
0.13,2810543
0.13,2807615
0.13,2791392
0.13,2779012
0.13,2757542
0.13,2755038
0.13,2695114
0.13,2686475
0.13,2663431
0.13,2663085
0.13,2658926
0.13,2655967
0.14,2645068
0.14,2631282
0.14,2631165
0.14,2631009
0.14,2630758
0.14,2626150
0.14,2612827
0.14,2612355
0.14,2610775
0.14,2530892
0.14,2529562
0.14,2528940
0.14,2526794
0.14,2526794
0.14,2524930
0.14,2524088
0.14,2520910
0.14,2520182
0.14,2508363
0.14,2496107
0.14,2460832
0.14,2460778
0.14,2456145
0.14,2450764
0.14,2443095
0.15,2402948
0.15,2385749
0.15,2366700
0.15,2361654
0.15,2359398
0.15,2358722
0.15,2326452
0.17,2318420
0.17,2274324
0.17,2272139
0.17,2270178
0.17,2265101
0.17,2262961
0.17,2261463
0.17,2257978
0.17,2255054
0.17,2255014
0.17,2203398
0.17,2202449
0.17,2185608
0.17,2160310
0.17,2150334
0.17,2144896
0.17,2144827
0.17,2121813
0.17,2117028
0.17,2113859
0.17,2101922
0.17,2099316
0.17,2094091
0.17,2084216
0.17,2083278
0.17,2078328
0.22,2035067
0.27,2029909
0.27,2025688
0.27,2025426
0.27,2016912
0.27,2004394
0.27,2003894
0.27,2003886
0.27,1966030
0.27,1958680
0.27,1958631
0.27,1938011
0.27,1930311
0.27,1902326
0.27,1893813
0.28,1892226
0.28,1860977
0.28,1858962
0.28,1857167
0.28,1852327
0.28,1846563
0.28,1843019
0.28,1835632
0.28,1835386
0.28,1834788
0.28,1830262
0.29,1829316
0.29,1828930
0.29,1825966
0.29,1804562
0.29,1801142
0.29,1799748
0.29,1793072
0.29,1786821
0.29,1785656
0.29,1781004
0.29,1778666
0.31,1778217
0.31,1772680
0.31,1772638
0.31,1764966
0.31,1759345
0.31,1744094
0.31,1743268
0.31,1730911
0.31,1730637
0.31,1728093
0.31,1711649
0.32,1706235
0.32,1704429
0.33,1702734
0.33,1691878
0.33,1686230
0.33,1686170
0.33,1679333
0.33,1654064
0.33,1647375
0.33,1643579
0.33,1642212
0.33,1638387
0.33,1637574
0.33,1635451
0.43,1634476
0.43,1634084
0.43,1630085
0.50,1624223
0.50,1609043
0.50,1601428
0.50,1599918
0.55,1599674
0.55,1598495
0.55,1592200
1.01,1589812
1.01,1588051
1.01,1587823
1.13,1586035
1.13,1581763
1.13,1580993
1.14,1576318
1.14,1576107
1.14,1572755
1.22,1571409
1.22,1570724
1.22,1561818
1.22,1561495
1.22,1560355
1.22,1556067
1.22,1555825
1.22,1555508
1.22,1547595
1.22,1547097
1.22,1517826
1.22,1516726
1.22,1516468
1.23,1514337
1.23,1485321
1.23,1484275
2.60,1484235
2.60,1482434
2.61,1480851
2.61,1480818
3.08,1479952
3.08,1472019
3.08,1467514
3.08,1466711
3.33,1463805
3.33,1460514
3.33,1457015
3.33,1454226
3.46,1453915
3.46,1452693
3.46,1452104
3.46,1450219
3.46,1447174
3.46,1446172
3.50,1436249
3.50,1435647
3.60,1430615
3.60,1424808
3.60,1424036
3.60,1422672
3.61,1420060
3.61,1419348
3.61,1416538
3.61,1415558
3.61,1402343
3.61,1401152
3.61,1400575
3.61,1400474
3.61,1396511
3.61,1393516
3.61,1393480
3.61,1391071
3.62,1388478
3.62,1388039
3.62,1387275
3.62,1387038
3.62,1384890
3.62,1381209
3.62,1378370
3.62,1371822
3.62,1371425
3.97,1370057
3.97,1369725
3.97,1369671
3.97,1369332
3.97,1355272
3.98,1350706
3.98,1349703
3.98,1349398
5.04,1349040
5.04,1347032
5.04,1346548
5.04,1344536
5.04,1340652
5.04,1337357
5.04,1333640
5.04,1332717
5.04,1331660
5.04,1331579
5.04,1331575
5.04,1328580
5.49,1320527
5.50,1303038
5.61,1299897
5.61,1299861
5.61,1299723
5.61,1298070
5.61,1298035
5.61,1296951
5.61,1295941
5.61,1293994
5.61,1293807
5.62,1292185
5.62,1291007
5.64,1289868
5.64,1289024
5.64,1288658
5.65,1287327
5.65,1285687
5.65,1283494
5.66,1283202
5.66,1280118
6.37,1277678
6.38,1274267
6.47,1274036
6.47,1273435
6.47,1270043
6.47,1269651
6.47,1269155
6.49,1263643
6.49,1263345
6.49,1262166
6.49,1260882
6.49,1258036
7.22,1252007
7.22,1249293
7.22,1247367
7.22,1246319
7.22,1245968
7.22,1243343
7.22,1239298
7.46,1238030
7.98,1237601
7.99,1236382
7.99,1236084
8.07,1233453
8.07,1231990
8.08,1231005
8.08,1229672
8.08,1227682
8.46,1222911
8.85,1220152
10.14,1219566
10.24,1217785
10.25,1216353
10.54,1215432
10.54,1215245
10.54,1212818
10.54,1212677
10.54,1211229
10.69,1209835
11.09,1208700
11.09,1208143
11.09,1206585
11.09,1206544
11.10,1205763
11.10,1205632
11.10,1201647
11.10,1201103
11.98,1200177
11.98,1199152
11.98,1198641
11.98,1196417
13.43,1194719
13.43,1194607
14.44,1193802
14.46,1193596
14.55,1192444
14.55,1191465
14.55,1191436
14.55,1190592
14.55,1189767
14.56,1189022
14.56,1188399
14.56,1187921
14.58,1185296
14.58,1184193
17.09,1183267
17.10,1183263
17.10,1182250
17.10,1182109
17.36,1181857
17.37,1181378
17.39,1180940
17.39,1180370
17.39,1179878
17.40,1179854
17.40,1179518
18.74,1178942
18.74,1178546
18.74,1178437
19.32,1178408
20.55,1178405
20.84,1177871
20.90,1177767
20.91,1177530
20.92,1177324
20.92,1176954
22.28,1176801
23.06,1176789
23.08,1176786
23.09,1176531
23.09,1176530
23.11,1176479
23.12,1176273
