0.05,10064411
0.06,10046957
0.06,10007954
0.06,10007919
0.06,9759742
0.06,9726165
0.06,9667072
0.06,9427458
0.06,9398776
0.06,9328220
0.06,9324181
0.06,9286995
0.06,9126707
0.06,9125678
0.06,9089632
0.07,8944453
0.07,8931298
0.07,8845201
0.07,8845053
0.07,8840492
0.07,8787327
0.07,8585566
0.07,8575251
0.07,8566188
0.07,8498332
0.07,8468446
0.07,8458277
0.07,8454367
0.07,8429164
0.07,8418061
0.07,8410848
0.07,8410820
0.07,8323211
0.07,8321151
0.07,8320002
0.07,8167210
0.07,8127814
0.07,8086779
0.08,8003059
0.08,7893805
0.08,7751065
0.08,7742083
0.08,7711221
0.08,7523951
0.08,7523641
0.08,7522641
0.08,7516025
0.08,7389135
0.08,7388921
0.08,7386503
0.08,7385950
0.08,7376644
0.08,7242497
0.08,7238246
0.08,7151573
0.08,7029512
0.08,6937640
0.08,6917546
0.08,6904471
0.08,6886943
0.08,6866937
0.08,6861768
0.08,6834547
0.08,6831509
0.08,6811074
0.08,6775729
0.08,6747606
0.08,6747519
0.08,6735074
0.08,6730309
0.08,6517566
0.08,6472993
0.08,6373769
0.08,6331742
0.08,6284832
0.08,6279306
0.08,6140042
0.08,6043722
0.08,6006217
0.08,6006019
0.08,5981687
0.08,5976175
0.08,5936321
0.08,5913519
0.08,5904603
0.08,5870406
0.08,5866799
0.09,5854377
0.09,5846464
0.09,5802335
0.09,5802335
0.09,5787633
0.09,5731136
0.09,5717817
0.09,5690586
0.09,5650420
0.09,5633236
0.09,5628352
0.09,5529474
0.09,5427186
0.09,5401340
0.09,5367124
0.09,5361933
0.09,5323479
0.09,5283902
0.09,5267276
0.09,5225801
0.09,5208047
0.09,5197565
0.09,5127207
0.09,5121246
0.09,5092561
0.09,5089488
0.09,5081113
0.09,5079579
0.09,4992136
0.09,4977221
0.09,4959285
0.09,4925032
0.09,4917724
0.09,4886089
0.09,4846831
0.09,4800191
0.09,4677552
0.09,4660065
0.09,4640787
0.09,4554853
0.09,4547381
0.09,4545189
0.09,4542248
0.09,4535642
0.09,4443802
0.09,4423945
0.09,4421916
0.09,4420550
0.09,4341253
0.09,4334042
0.09,4332867
0.09,4295147
0.09,4279583
0.09,4257992
0.09,4212236
0.09,4209614
0.10,4207598
0.10,4158809
0.10,4110499
0.10,3984536
0.10,3979612
0.10,3886167
0.10,3873509
0.10,3868734
0.10,3868642
0.10,3856388
0.10,3797037
0.10,3748787
0.10,3738618
0.10,3719537
0.10,3648448
0.10,3596414
0.10,3570865
0.10,3528559
0.10,3418168
0.10,3415627
0.10,3414902
0.10,3398193
0.10,3398147
0.10,3386575
0.10,3382072
0.10,3353521
0.10,3353215
0.10,3311854
0.10,3309694
0.10,3309307
0.10,3309275
0.10,3308109
0.10,3261767
0.10,3261715
0.10,3239512
0.10,3239512
0.10,3218699
0.10,3181783
0.10,3175402
0.11,3150848
0.11,3145403
0.11,3131367
0.11,3122967
0.11,3105236
0.11,3104841
0.11,3103996
0.11,3097723
0.11,3082437
0.11,3063206
0.11,3048209
0.11,3015658
0.11,2976816
0.11,2974573
0.11,2974484
0.11,2972227
0.11,2945913
0.11,2923656
0.11,2907603
0.11,2784371
0.11,2766304
0.11,2765958
0.11,2758394
0.11,2749615
0.11,2690250
0.11,2642481
0.11,2615694
0.11,2615149
0.11,2607158
0.11,2606995
0.11,2588469
0.12,2569212
0.12,2567877
0.12,2497743
0.12,2492686
0.12,2479675
0.12,2479614
0.12,2460649
0.12,2457550
0.12,2449965
0.12,2420936
0.12,2416127
0.12,2413664
0.12,2392038
0.12,2389503
0.12,2389446
0.12,2368166
0.12,2366960
0.12,2364099
0.12,2360849
0.12,2349571
0.12,2349340
0.12,2305520
0.12,2297455
0.12,2296608
0.12,2286695
0.12,2283536
0.12,2278022
0.13,2276111
0.13,2271799
0.13,2264261
0.13,2264075
0.13,2262708
0.13,2259920
0.13,2254076
0.13,2251828
0.13,2251156
0.13,2250642
0.13,2239047
0.13,2233822
0.13,2224938
0.13,2218242
0.13,2214131
0.13,2206854
0.13,2206572
0.13,2200438
0.13,2199883
0.14,2192860
0.14,2163820
0.15,2146883
0.15,2139962
0.15,2124204
0.15,2084298
0.15,2066864
0.15,2061799
0.15,2027798
0.15,2027258
0.15,2027115
0.15,2025904
0.15,2022474
0.15,2013977
0.15,2004506
0.15,1994557
0.15,1987160
0.15,1980627
0.16,1957670
0.16,1954702
0.16,1949936
0.16,1941682
0.18,1939836
0.18,1935061
0.18,1932943
0.19,1932903
0.20,1924256
0.20,1920137
0.20,1916533
0.20,1916019
0.20,1914356
0.20,1914205
0.20,1911051
0.20,1901176
0.20,1876019
0.20,1871500
0.22,1862556
0.22,1859969
0.22,1859746
0.22,1858796
0.22,1846613
0.23,1843915
0.23,1839866
0.23,1835179
0.23,1826231
0.23,1819675
0.23,1816715
0.23,1815755
0.24,1814684
0.24,1813726
0.24,1803091
0.24,1802952
0.24,1798481
0.24,1797188
0.25,1789588
0.25,1787395
0.25,1750253
0.25,1748277
0.25,1745456
0.25,1719624
0.25,1712166
0.36,1700870
0.36,1691969
0.36,1691226
0.36,1681256
0.36,1678389
0.36,1672414
0.36,1658678
0.66,1652051
0.66,1651160
0.66,1649046
0.69,1625420
0.69,1625232
0.69,1624177
0.83,1607828
0.83,1606371
0.83,1604831
0.83,1604171
0.83,1601410
1.24,1600225
1.48,1590961
1.48,1588015
1.48,1585875
1.48,1580979
1.48,1573631
1.48,1573144
1.48,1573121
1.48,1565110
1.49,1559952
1.57,1544778
1.57,1544222
1.58,1541019
1.58,1540276
1.58,1539839
1.58,1536659
1.58,1535906
1.61,1533289
1.61,1527822
1.61,1520864
1.64,1512723
1.79,1509437
1.79,1508456
1.79,1506801
1.79,1505640
1.80,1502977
1.80,1500746
1.81,1496056
1.81,1495017
1.81,1494845
1.81,1493769
1.81,1493286
1.81,1473799
1.81,1472651
1.81,1471061
2.02,1467083
2.02,1466128
2.02,1465682
2.02,1465206
2.02,1463183
2.02,1447427
2.02,1438113
2.03,1436966
2.03,1436036
2.03,1434528
2.03,1432161
2.03,1431451
2.04,1430137
2.04,1419198
2.36,1417159
2.36,1407263
2.36,1396322
2.36,1394269
2.36,1394031
3.05,1388941
3.05,1387982
3.64,1387326
3.64,1386783
3.64,1380773
3.64,1373511
3.64,1371955
3.64,1371331
3.64,1368092
3.64,1364396
3.65,1364285
3.65,1362272
3.65,1354881
4.28,1354222
4.28,1349989
4.28,1349085
4.28,1348677
4.28,1339171
4.28,1338108
4.28,1330262
4.28,1328489
4.29,1328419
4.29,1321237
4.32,1319721
4.43,1319028
4.43,1314093
4.52,1314047
4.52,1313382
4.52,1311515
4.52,1311052
4.55,1309993
4.59,1309943
4.59,1309211
4.59,1307876
4.59,1307813
4.59,1299078
4.59,1298442
4.59,1292885
4.59,1292869
4.59,1288833
4.59,1288198
4.59,1283587
4.59,1283465
4.59,1282338
5.30,1282085
5.30,1278572
5.30,1277701
5.93,1274736
5.93,1272207
5.94,1270339
5.94,1267306
5.94,1266829
5.94,1265038
5.97,1261981
5.97,1259930
6.41,1259895
6.51,1257918
6.53,1256273
6.56,1255042
6.56,1254465
6.56,1253086
6.56,1252941
6.56,1249751
6.56,1246898
6.72,1245088
6.72,1240778
6.98,1239962
6.98,1239675
6.98,1237112
6.98,1236486
7.27,1236306
7.40,1233506
7.94,1229916
7.94,1229403
7.94,1229333
7.94,1228409
7.94,1226533
7.94,1225904
7.95,1224087
7.95,1224041
7.95,1218973
7.95,1218321
7.98,1214478
7.98,1213878
7.98,1213782
8.54,1212898
8.54,1212850
9.85,1209776
9.85,1209763
9.85,1209590
9.86,1209201
9.86,1208660
9.86,1208550
10.02,1208547
10.09,1208508
10.09,1207163
10.09,1205982
10.09,1204888
10.09,1204039
10.56,1203790
10.58,1201446
10.59,1198557
10.59,1198356
11.40,1197223
11.59,1196296
11.59,1196203
11.83,1194957
11.83,1194852
11.84,1193612
11.84,1193137
11.84,1192594
11.84,1189636
11.84,1189546
12.27,1188193
12.27,1187969
12.28,1187881
12.47,1187778
12.56,1187553
12.56,1187531
12.56,1186371
13.04,1185921
13.04,1185766
13.04,1185557
13.22,1184942
13.26,1184785
14.05,1184457
14.05,1184417
14.05,1183592
14.05,1183566
14.05,1183356
14.05,1182981
14.66,1182357
14.78,1182316
14.78,1181977
14.78,1180911
15.08,1180518
15.57,1180442
15.58,1180300
15.58,1180063
15.58,1179901
15.58,1179094
15.58,1177804
17.06,1177757
17.06,1177616
17.43,1177505
17.43,1177390
17.71,1177312
17.72,1176705
19.13,1176469
19.99,1176327
20.88,1176327
21.42,1176211
22.90,1176202
22.92,1176151
