0.06,10788069
0.06,10784604
0.06,10784596
0.06,10640285
0.06,10630061
0.06,10581830
0.06,10580734
0.06,10371568
0.06,10360519
0.07,10226492
0.07,9983638
0.07,9960723
0.07,9799226
0.07,9772770
0.07,9718090
0.07,9648731
0.07,9572652
0.07,9554671
0.07,9542234
0.07,9394579
0.07,9387107
0.07,9353810
0.07,9335626
0.07,9067247
0.07,9034680
0.07,9016773
0.07,8917929
0.08,8647410
0.08,8601548
0.08,8467853
0.08,8369201
0.08,8363594
0.08,8363070
0.08,8140330
0.08,8073803
0.08,8057511
0.08,8057404
0.08,8051006
0.08,8036738
0.08,7991428
0.08,7972181
0.08,7961995
0.08,7959658
0.08,7956701
0.08,7954592
0.08,7949112
0.08,7945085
0.08,7942468
0.08,7931122
0.08,7885642
0.08,7885273
0.08,7875390
0.08,7874711
0.08,7872323
0.08,7865012
0.08,7863094
0.08,7862306
0.08,7856993
0.08,7850378
0.08,7843392
0.08,7733327
0.08,7699983
0.08,7697661
0.08,7664659
0.08,7641585
0.08,7612835
0.08,7611737
0.08,7543799
0.08,7441936
0.08,7441220
0.08,7440854
0.08,7293007
0.08,7288317
0.08,7241015
0.08,7234564
0.08,7201766
0.08,7170166
0.08,7105878
0.08,7008970
0.08,6961911
0.09,6961898
0.09,6891937
0.09,6847640
0.09,6775103
0.09,6726595
0.09,6717368
0.09,6669985
0.09,6595143
0.09,6481839
0.09,6452961
0.09,6449864
0.09,6436137
0.09,6416033
0.09,6415898
0.09,6163507
0.09,6119233
0.09,6111438
0.09,6068227
0.09,6020077
0.09,6011268
0.09,5950146
0.09,5947870
0.09,5810081
0.09,5770039
0.09,5618000
0.09,5552456
0.09,5499989
0.09,5498413
0.09,5416193
0.09,5410702
0.09,5409651
0.09,5331172
0.09,5331166
0.09,5264078
0.09,5250658
0.09,5246542
0.09,5240039
0.09,5239909
0.09,5128401
0.09,5123969
0.09,5122716
0.09,5078192
0.09,5064343
0.09,5064271
0.09,5054251
0.09,5031305
0.09,5028942
0.09,4959240
0.09,4937609
0.09,4935619
0.09,4932019
0.09,4916265
0.09,4909793
0.09,4905012
0.09,4888778
0.09,4883280
0.09,4822637
0.09,4791727
0.09,4789009
0.09,4762855
0.09,4758022
0.09,4727150
0.09,4707998
0.09,4699811
0.09,4699472
0.09,4688884
0.10,4680152
0.10,4650799
0.10,4649409
0.10,4648677
0.10,4648461
0.10,4642295
0.10,4635201
0.10,4632996
0.10,4628647
0.10,4620731
0.10,4617980
0.10,4617879
0.10,4605791
0.10,4535287
0.10,4518632
0.10,4511740
0.10,4501153
0.10,4496898
0.10,4494470
0.10,4362519
0.10,4358363
0.10,4358111
0.10,4312003
0.10,4188245
0.10,4187222
0.10,4089067
0.10,4087666
0.10,4064842
0.10,4063130
0.10,4058755
0.10,4057097
0.10,4044076
0.10,4042180
0.10,3995636
0.10,3964180
0.10,3912228
0.10,3889420
0.10,3889229
0.10,3885714
0.10,3869929
0.10,3827018
0.10,3822857
0.10,3819054
0.10,3816963
0.10,3816955
0.10,3815380
0.11,3806403
0.11,3779992
0.11,3661839
0.11,3647535
0.11,3641851
0.11,3604091
0.11,3603091
0.11,3599639
0.11,3593468
0.11,3579648
0.11,3533412
0.11,3527018
0.11,3521872
0.11,3518746
0.11,3515636
0.11,3477204
0.11,3476966
0.11,3418442
0.11,3418278
0.11,3411877
0.11,3410596
0.11,3403649
0.11,3401104
0.11,3391446
0.11,3390793
0.11,3388224
0.11,3388224
0.11,3380922
0.11,3376789
0.11,3376689
0.11,3374286
0.11,3370598
0.11,3353178
0.11,3347869
0.11,3277205
0.11,3265393
0.11,3231605
0.11,3223812
0.11,3194057
0.12,3179385
0.12,3171248
0.12,3168583
0.12,3152850
0.12,3145368
0.12,3139848
0.12,3135540
0.12,3134414
0.12,3132955
0.12,3128050
0.12,3094780
0.12,3093978
0.12,3093016
0.12,3080363
0.12,3068734
0.12,3067805
0.12,3065628
0.12,3065625
0.12,3053125
0.12,3045965
0.12,3040235
0.12,3030848
0.12,3012095
0.12,2997485
0.12,2994334
0.12,2994325
0.12,2994208
0.12,2993119
0.12,2955999
0.12,2891587
0.12,2890579
0.12,2889582
0.12,2875834
0.12,2871579
0.13,2827379
0.13,2816096
0.13,2797749
0.13,2766495
0.13,2763102
0.13,2757547
0.13,2755727
0.13,2752743
0.13,2749873
0.13,2721408
0.13,2706144
0.13,2703159
0.13,2702825
0.13,2697409
0.13,2680633
0.13,2658158
0.13,2642169
0.13,2640574
0.13,2635784
0.13,2630923
0.13,2630359
0.14,2629875
0.14,2621921
0.14,2610850
0.14,2579854
0.14,2573654
0.14,2573409
0.14,2567520
0.14,2555790
0.14,2551230
0.14,2549752
0.14,2516001
0.14,2496703
0.14,2474418
0.14,2442175
0.14,2439100
0.14,2434574
0.14,2426641
0.14,2416446
0.14,2398488
0.14,2396384
0.15,2390113
0.15,2389472
0.15,2388011
0.15,2381279
0.15,2331035
0.15,2322298
0.15,2322022
0.15,2304901
0.15,2303895
0.15,2303059
0.15,2302446
0.15,2290161
0.15,2288946
0.15,2288430
0.15,2288343
0.15,2283668
0.16,2256983
0.16,2227166
0.16,2215525
0.16,2204174
0.16,2196913
0.16,2187758
0.16,2185139
0.16,2181680
0.16,2180207
0.16,2178345
0.16,2175675
0.16,2117131
0.16,2116532
0.16,2108412
0.16,2105642
0.17,2100154
0.17,2095963
0.17,2093110
0.17,2092736
0.17,2086006
0.17,2084105
0.17,2073721
0.17,2053063
0.17,2052318
0.17,2044787
0.17,2044237
0.17,2040894
0.17,2039477
0.17,2035377
0.17,2035165
0.17,2035151
0.17,2034526
0.18,2026337
0.18,2022471
0.18,2004473
0.18,2000307
0.18,1999283
0.18,1997961
0.18,1997643
0.18,1997289
0.18,1989397
0.18,1989367
0.18,1984554
0.19,1961695
0.19,1961134
0.19,1958602
0.19,1954219
0.19,1946549
0.19,1944444
0.19,1935548
0.19,1935524
0.19,1933026
0.19,1930876
0.20,1927481
0.20,1904807
0.20,1902791
0.20,1900925
0.20,1884943
0.25,1883978
0.26,1883612
0.26,1866994
0.26,1866804
0.26,1865344
0.26,1865171
0.27,1816645
0.27,1812780
0.27,1811216
0.27,1810703
0.27,1808398
0.27,1808394
0.27,1789130
0.27,1786481
0.27,1783072
0.27,1777866
0.27,1754873
0.27,1754547
0.27,1734157
0.27,1733788
0.27,1731492
0.27,1723372
0.28,1716012
0.28,1686388
0.28,1680700
0.28,1678872
0.45,1673360
0.45,1662188
0.45,1658984
0.45,1652209
0.45,1650849
0.45,1647185
0.45,1644135
0.45,1643525
0.45,1636274
0.96,1634198
0.96,1629049
0.96,1628722
0.96,1628147
0.96,1624703
0.96,1619540
0.96,1617441
0.96,1612726
0.96,1609778
0.96,1583160
0.96,1582623
0.96,1582623
0.96,1577447
1.07,1574035
1.07,1566038
1.07,1559731
1.08,1558688
1.13,1544349
1.13,1543103
1.13,1535518
1.13,1534783
1.13,1518903
1.13,1518455
1.13,1517949
1.13,1516329
1.77,1506880
1.77,1503118
1.77,1502623
1.77,1500143
1.77,1496095
1.77,1494046
1.77,1489832
1.77,1486033
1.77,1485983
1.77,1485181
1.77,1479275
1.77,1476800
1.79,1461180
1.79,1458225
1.79,1455763
1.79,1449822
1.79,1418939
1.80,1408280
1.80,1402645
1.80,1390377
1.80,1389437
1.80,1388112
1.80,1388096
1.80,1384960
1.80,1384933
1.80,1383727
1.92,1383361
4.14,1377882
4.14,1372670
4.15,1371963
4.15,1369514
4.17,1369272
4.17,1357499
4.17,1356682
4.17,1354108
4.17,1353507
4.65,1349592
4.65,1349301
4.88,1348514
4.88,1342508
4.88,1336776
4.88,1333766
4.89,1332089
4.89,1331522
4.89,1330674
4.90,1329188
4.90,1328250
5.41,1315818
5.41,1315652
5.41,1314600
5.42,1312653
5.42,1312393
5.42,1311346
5.42,1307758
5.59,1305785
5.59,1304293
5.59,1297213
5.79,1288231
5.79,1284188
5.80,1274033
5.95,1271790
5.95,1271726
5.95,1270702
5.95,1262696
5.95,1262254
5.95,1261080
5.95,1261080
5.95,1259147
5.95,1259037
6.02,1256182
6.02,1253200
6.02,1248284
6.02,1247430
6.02,1246525
6.90,1246230
6.90,1243196
7.03,1239603
7.03,1239504
7.03,1237686
7.04,1237445
7.18,1236874
7.18,1234471
7.18,1234242
7.19,1232247
7.19,1231693
7.19,1228203
7.85,1226783
7.85,1225976
7.85,1225901
8.50,1225673
8.50,1224890
8.54,1223845
8.56,1223498
8.56,1223204
8.57,1222021
8.98,1221400
8.99,1216210
9.48,1216026
9.48,1215235
9.48,1214091
9.48,1213742
9.85,1211945
9.85,1211549
9.85,1211387
9.96,1210983
10.39,1210033
10.39,1208110
10.48,1205408
10.48,1204465
10.63,1202512
10.67,1200794
10.67,1199252
10.67,1199039
11.50,1198788
11.50,1197952
11.52,1196614
11.92,1196478
11.93,1196048
11.93,1195918
11.93,1195142
12.26,1193625
12.26,1191892
12.26,1191609
12.27,1191433
12.28,1189763
12.69,1189323
12.69,1188970
12.76,1188654
12.76,1188066
12.76,1187742
13.62,1187293
13.62,1186579
13.63,1185456
13.63,1185453
13.63,1185014
13.63,1184540
13.63,1182495
14.60,1182122
14.82,1180484
14.82,1179884
16.17,1179833
16.17,1179768
16.17,1178932
16.17,1178348
17.77,1178064
18.08,1177677
18.92,1177480
18.93,1177083
19.30,1176949
19.31,1176839
19.36,1176708
19.82,1176618
21.28,1176552
21.28,1176501
21.39,1176441
21.39,1176327
21.73,1176292
21.78,1176202
21.83,1176151
