0.00,9714426
0.00,9611351
0.01,9577533
0.01,9495423
0.01,9449325
0.01,9429776
0.01,9405098
0.01,9358034
0.01,9265252
0.01,9251147
0.01,9135553
0.01,9093767
0.01,8970190
0.01,8915851
0.01,8873730
0.01,8873690
0.01,8816525
0.01,8813514
0.01,8802751
0.01,8743892
0.01,8531344
0.01,8498759
0.01,8497796
0.01,8493621
0.01,8410230
0.01,8398915
0.01,8300635
0.01,8240655
0.01,8214457
0.01,8190390
0.01,8092516
0.01,8073476
0.01,8071808
0.01,7992056
0.01,7983781
0.01,7978861
0.01,7872341
0.01,7811560
0.01,7799271
0.01,7790017
0.01,7663660
0.01,7612312
0.02,7597586
0.02,7543433
0.02,7543195
0.02,7532633
0.02,7524432
0.02,7498038
0.02,7458623
0.02,7378471
0.02,7353064
0.02,7283916
0.02,7242677
0.02,7234966
0.02,7218099
0.02,7086095
0.02,7047973
0.02,6949763
0.02,6946535
0.02,6842008
0.02,6827812
0.02,6811343
0.02,6760397
0.02,6717594
0.02,6612278
0.02,6599150
0.02,6592364
0.02,6415742
0.03,6410565
0.03,6401055
0.03,6393384
0.03,6375560
0.03,6323030
0.03,6176579
0.03,6170701
0.03,6153217
0.03,6152074
0.03,6144921
0.03,6141377
0.03,6128297
0.03,6125302
0.03,6077869
0.03,5991015
0.03,5965599
0.03,5771802
0.03,5768480
0.03,5718141
0.03,5708270
0.03,5695099
0.03,5625414
0.03,5616359
0.03,5570042
0.03,5536471
0.03,5522885
0.03,5487529
0.03,5476110
0.03,5393851
0.03,5385842
0.03,5379611
0.03,5363344
0.03,5350303
0.03,5346639
0.03,5300535
0.03,5280117
0.03,5270767
0.03,5245805
0.03,5197539
0.03,5197389
0.03,5192388
0.03,5191166
0.03,5190589
0.03,5190242
0.03,5154533
0.03,5148602
0.03,5143626
0.03,5142655
0.03,5120550
0.03,5119566
0.03,5073708
0.03,5072238
0.03,5064684
0.03,5041930
0.03,5039550
0.03,5038928
0.03,4991742
0.03,4979805
0.03,4959816
0.03,4954544
0.04,4937048
0.04,4927518
0.04,4875717
0.04,4875496
0.04,4871475
0.04,4854332
0.04,4772767
0.04,4761343
0.04,4751826
0.04,4723112
0.04,4710630
0.04,4710272
0.04,4667558
0.04,4667062
0.04,4630727
0.04,4627802
0.04,4622306
0.04,4620045
0.04,4616643
0.04,4614764
0.04,4587177
0.04,4578848
0.04,4566906
0.04,4563380
0.04,4532916
0.04,4531877
0.04,4513248
0.04,4509265
0.04,4506240
0.04,4477075
0.04,4454105
0.04,4442560
0.04,4416098
0.04,4413348
0.04,4411185
0.04,4393311
0.04,4365560
0.04,4359644
0.04,4336914
0.04,4315855
0.04,4285324
0.04,4229397
0.04,4227077
0.04,4223639
0.04,4189763
0.04,4177018
0.04,4176390
0.04,4165854
0.04,4157994
0.04,4157768
0.04,4150747
0.04,4101674
0.04,4024679
0.04,4020368
0.04,3952454
0.04,3937163
0.04,3934514
0.04,3934439
0.04,3931557
0.04,3888222
0.04,3886525
0.04,3883776
0.04,3879318
0.04,3879231
0.04,3869638
0.04,3809030
0.04,3803802
0.04,3711129
0.04,3671758
0.04,3649720
0.04,3648097
0.05,3641747
0.05,3632738
0.05,3612182
0.05,3564066
0.05,3558970
0.05,3452979
0.05,3435833
0.05,3424714
0.05,3375590
0.05,3375033
0.05,3374815
0.05,3374198
0.05,3362277
0.05,3340337
0.05,3337805
0.05,3337729
0.05,3324447
0.05,3323812
0.05,3318153
0.05,3315314
0.05,3298703
0.05,3290138
0.05,3287444
0.05,3265009
0.05,3262528
0.05,3257568
0.05,3257353
0.05,3255303
0.05,3247188
0.05,3246950
0.05,3245299
0.05,3242277
0.05,3242222
0.05,3236133
0.05,3234612
0.05,3210369
0.05,3206004
0.05,3183694
0.05,3117129
0.05,3116544
0.05,3115103
0.05,3106449
0.05,3101371
0.05,3086280
0.05,3011544
0.05,3008772
0.05,3007408
0.06,2997370
0.06,2992388
0.06,2992123
0.06,2992082
0.06,2930304
0.06,2919500
0.06,2919202
0.06,2906633
0.06,2895925
0.06,2892923
0.06,2873153
0.06,2831660
0.06,2799608
0.06,2798573
0.06,2794092
0.06,2784953
0.06,2782761
0.06,2781890
0.06,2770351
0.06,2754147
0.06,2740023
0.06,2730948
0.06,2698468
0.06,2653288
0.06,2652831
0.06,2652625
0.06,2639895
0.06,2563789
0.06,2505616
0.06,2489054
0.06,2483681
0.06,2483544
0.06,2481915
0.06,2456638
0.07,2421636
0.07,2419592
0.07,2416926
0.07,2414730
0.07,2378732
0.07,2373169
0.07,2371080
0.07,2370535
0.07,2369901
0.07,2367248
0.07,2366774
0.07,2363220
0.07,2359917
0.07,2359765
0.07,2359765
0.07,2358387
0.07,2355960
0.07,2344703
0.07,2335931
0.07,2335194
0.07,2331353
0.07,2320842
0.08,2315035
0.08,2313786
0.08,2289087
0.08,2285958
0.08,2285405
0.08,2284853
0.08,2284648
0.08,2279262
0.08,2262815
0.08,2237572
0.08,2235056
0.08,2233698
0.08,2218058
0.08,2206923
0.08,2206611
0.08,2204575
0.08,2202588
0.08,2189976
0.08,2189834
0.08,2146896
0.08,2113903
0.08,2112824
0.08,2093167
0.08,2080789
0.08,2070272
0.08,2066195
0.08,2045978
0.08,1943298
0.08,1942778
0.08,1927003
0.08,1917304
0.08,1910272
0.09,1909513
0.09,1908314
0.09,1905186
0.09,1889940
0.09,1844883
0.09,1797057
0.09,1795525
0.09,1757178
0.09,1752017
0.10,1752011
0.10,1750660
0.10,1730012
0.10,1729849
0.10,1725415
0.10,1722001
0.10,1720811
0.10,1717146
0.10,1710502
0.10,1708427
0.10,1696035
0.10,1695925
0.10,1695834
0.10,1695295
0.10,1679967
0.10,1668017
0.10,1663128
0.10,1663103
0.11,1662824
0.11,1660954
0.11,1657877
0.11,1644715
0.11,1643607
0.11,1643145
0.11,1642713
0.11,1635554
0.11,1635340
0.11,1609738
0.12,1608608
0.12,1598342
0.12,1580495
0.12,1578786
0.12,1576381
0.12,1572689
0.12,1571310
0.12,1568628
0.12,1566746
0.12,1552841
0.13,1538808
0.13,1538374
0.13,1537567
0.13,1527566
0.13,1523672
0.14,1520813
0.14,1497507
0.14,1497025
0.14,1490299
0.14,1486357
0.14,1471863
0.14,1471422
0.14,1470281
0.14,1469857
0.15,1467173
0.15,1464377
0.15,1456240
0.15,1453815
0.15,1450101
0.15,1448438
0.15,1444105
0.15,1440910
0.15,1440809
0.15,1429369
0.15,1429318
0.15,1418795
0.16,1417914
0.16,1412243
0.16,1412210
0.16,1411879
0.16,1411007
0.17,1410986
0.17,1410951
0.17,1409798
0.17,1407933
0.18,1407868
0.18,1407866
0.18,1384998
0.18,1376045
0.19,1359235
0.19,1358953
0.20,1358536
0.20,1358045
0.20,1355645
0.20,1355115
0.20,1354437
0.22,1352797
0.23,1351767
0.23,1351025
0.23,1348414
0.24,1347910
0.25,1347340
0.25,1343389
0.28,1343183
0.38,1340754
0.38,1331654
0.38,1327088
0.39,1326189
0.39,1300307
0.39,1288807
0.41,1288756
0.74,1284987
1.28,1280163
1.53,1276172
1.53,1276102
1.53,1275854
1.54,1269427
1.55,1263793
1.55,1262698
1.55,1262525
1.56,1261431
1.57,1258911
1.59,1258104
1.59,1229015
1.59,1228474
1.61,1227410
1.76,1223710
1.77,1221189
1.78,1215712
1.78,1177378
1.80,1177223
1.83,1176747
1.84,1176273
273.56,1176211
