0.06,10081843
0.06,10069564
0.06,10067165
0.06,9968121
0.06,9908234
0.06,9653923
0.06,9587546
0.06,9536934
0.06,9494283
0.07,9456793
0.07,9434679
0.07,9399373
0.07,9398852
0.07,9245423
0.07,9228849
0.07,9109150
0.07,9041065
0.07,8991578
0.07,8985812
0.07,8919774
0.07,8888658
0.07,8882716
0.07,8789973
0.07,8775063
0.07,8772133
0.07,8667863
0.08,8581824
0.08,8460097
0.08,8312913
0.08,8271330
0.08,8201152
0.08,8056604
0.08,8035070
0.08,8011356
0.08,8008426
0.08,7999208
0.08,7897998
0.08,7896387
0.08,7881499
0.08,7858449
0.08,7848259
0.08,7845460
0.08,7810112
0.08,7765771
0.08,7765714
0.08,7765037
0.08,7467898
0.08,7430916
0.08,7421438
0.08,7418179
0.08,7267574
0.08,7228354
0.08,7169439
0.08,7149907
0.08,7141497
0.08,7133913
0.08,6994724
0.08,6993834
0.08,6863500
0.08,6863469
0.08,6856638
0.08,6846981
0.08,6833889
0.08,6783859
0.08,6734169
0.08,6696418
0.08,6590889
0.08,6557636
0.08,6548861
0.08,6537715
0.08,6530735
0.09,6521708
0.09,6397425
0.09,6396821
0.09,6333414
0.09,6331762
0.09,6234001
0.09,6220053
0.09,6137980
0.09,6072914
0.09,5951106
0.09,5786470
0.09,5781465
0.09,5701836
0.09,5655292
0.09,5649212
0.09,5634914
0.09,5592226
0.09,5567355
0.09,5525117
0.09,5518685
0.09,5479103
0.09,5456671
0.09,5452683
0.09,5439957
0.09,5400243
0.09,5391416
0.09,5390416
0.09,5380553
0.09,5369509
0.09,5365524
0.09,5353105
0.09,5184702
0.09,5155554
0.09,5143850
0.09,5125334
0.09,4982339
0.09,4946617
0.09,4893622
0.09,4873268
0.09,4810703
0.09,4794919
0.09,4739673
0.09,4737083
0.09,4730900
0.09,4548450
0.09,4454114
0.09,4451645
0.09,4448944
0.09,4425932
0.09,4411386
0.09,4370470
0.09,4369687
0.09,4366019
0.09,4264582
0.09,4262708
0.10,4047238
0.10,3999967
0.10,3995422
0.10,3986653
0.10,3968240
0.10,3966913
0.10,3965713
0.10,3962020
0.10,3948231
0.10,3910485
0.10,3907394
0.10,3906961
0.10,3906460
0.10,3870882
0.10,3869351
0.10,3869123
0.10,3857879
0.10,3839456
0.10,3837590
0.10,3837268
0.10,3836426
0.10,3820510
0.10,3799346
0.10,3774179
0.10,3761932
0.10,3760390
0.10,3695821
0.10,3693990
0.10,3689909
0.10,3689353
0.10,3682232
0.10,3681894
0.10,3677037
0.10,3675979
0.10,3621632
0.10,3617510
0.10,3573819
0.10,3565751
0.10,3535723
0.10,3475000
0.10,3474525
0.11,3454063
0.11,3447207
0.11,3433674
0.11,3432604
0.11,3419419
0.11,3358878
0.11,3351776
0.11,3350000
0.11,3344248
0.11,3324621
0.11,3321560
0.11,3311341
0.11,3263338
0.11,3261881
0.11,3242242
0.11,3234759
0.11,3184187
0.11,3182925
0.11,3128745
0.11,3124827
0.11,3124529
0.11,3123335
0.11,3063323
0.11,3058867
0.11,3045284
0.11,3043142
0.11,3036857
0.11,3028187
0.11,3022216
0.11,3016954
0.11,2999089
0.11,2998774
0.11,2996710
0.11,2985316
0.11,2976033
0.11,2975874
0.11,2968184
0.11,2952740
0.12,2926657
0.12,2888588
0.12,2868920
0.12,2859187
0.12,2856375
0.12,2852560
0.12,2825592
0.12,2820455
0.12,2809710
0.12,2746669
0.12,2745607
0.12,2745071
0.12,2738009
0.12,2736686
0.12,2734259
0.12,2731886
0.12,2731133
0.12,2724033
0.12,2723247
0.12,2709217
0.12,2708871
0.12,2653733
0.12,2638741
0.12,2633426
0.12,2633400
0.12,2631665
0.12,2630050
0.13,2616355
0.13,2547833
0.13,2520877
0.13,2497130
0.13,2495960
0.13,2487434
0.13,2483030
0.13,2452296
0.13,2450204
0.13,2440633
0.13,2436767
0.13,2436392
0.13,2416428
0.13,2336890
0.13,2327131
0.13,2321927
0.13,2320627
0.13,2302690
0.13,2298473
0.13,2295439
0.13,2278932
0.13,2272376
0.13,2268560
0.13,2262299
0.13,2255292
0.13,2238996
0.13,2230778
0.13,2221343
0.13,2219753
0.13,2219322
0.14,2213051
0.14,2212440
0.14,2209157
0.14,2207502
0.14,2206910
0.14,2205662
0.14,2205401
0.14,2194872
0.14,2181757
0.14,2179315
0.14,2040079
0.14,2038078
0.14,2029873
0.14,2018708
0.14,2014020
0.14,2013010
0.14,2000928
0.14,1997144
0.14,1993679
0.14,1992549
0.14,1990869
0.14,1986715
0.14,1982147
0.14,1974303
0.14,1966943
0.14,1965012
0.15,1962656
0.15,1961153
0.15,1956374
0.15,1950757
0.15,1946716
0.15,1938933
0.15,1902753
0.15,1897169
0.15,1895512
0.16,1894881
0.16,1886265
0.16,1884519
0.16,1878824
0.17,1873672
0.17,1873061
0.17,1865065
0.17,1864482
0.17,1860429
0.17,1859783
0.17,1857015
0.17,1834685
0.17,1829056
0.18,1821717
0.18,1817417
0.18,1816860
0.18,1803757
0.18,1798145
0.18,1797135
0.18,1795077
0.26,1794407
0.26,1786241
0.26,1776802
0.26,1774577
0.26,1773665
0.26,1771535
0.26,1766646
0.26,1759692
0.29,1758054
0.29,1750370
0.29,1747658
0.30,1741521
0.30,1736281
0.39,1734967
0.39,1732550
0.39,1727788
0.39,1725219
0.40,1721325
0.40,1719970
0.40,1713318
0.40,1694295
0.40,1692669
0.40,1692412
0.40,1690350
0.40,1679838
0.40,1679609
0.47,1643855
0.47,1627945
0.47,1621396
0.59,1615157
0.59,1614327
0.59,1611900
0.59,1608838
0.59,1586812
0.59,1585408
0.59,1583590
0.59,1583046
1.00,1580742
1.01,1573612
1.01,1565339
1.47,1564192
1.47,1562693
1.47,1562209
1.47,1556962
1.48,1551988
1.54,1550066
1.54,1547900
1.54,1545351
1.60,1536436
1.60,1531939
1.60,1531851
1.60,1520064
1.60,1515996
1.60,1514811
1.60,1504334
1.60,1498718
1.60,1495839
1.60,1494491
1.73,1493577
1.80,1490545
1.80,1489557
1.80,1487575
1.96,1484794
1.97,1479277
1.97,1478812
1.97,1476176
1.97,1475850
1.97,1473899
1.97,1473321
2.10,1432138
2.10,1431810
2.57,1430361
2.83,1430189
2.83,1430158
2.83,1425569
2.83,1423946
2.84,1422931
2.84,1421630
2.84,1416040
2.84,1415175
2.84,1414573
2.84,1414188
2.84,1377369
2.84,1372698
2.84,1364804
2.84,1362837
2.84,1362439
2.84,1348240
2.84,1346803
2.84,1343474
2.84,1342008
3.48,1337683
3.48,1326030
3.48,1322058
3.48,1321841
4.47,1317722
4.81,1314194
4.82,1312805
4.82,1304334
4.82,1298437
4.82,1297546
4.82,1293911
4.82,1290234
5.00,1286643
5.00,1284256
5.00,1275971
5.00,1269693
5.00,1267537
5.68,1267205
5.88,1266167
5.88,1265929
5.88,1265350
5.88,1264541
6.20,1262952
6.22,1260258
6.22,1258201
6.22,1255346
6.59,1252277
6.67,1251552
6.67,1247213
6.67,1244786
6.67,1241711
6.67,1241367
6.67,1240567
6.67,1238371
6.68,1234788
6.68,1232990
6.68,1231456
7.02,1223680
7.02,1223050
7.34,1219346
8.88,1219015
8.88,1218485
9.04,1216192
9.37,1213893
9.37,1213464
9.37,1211268
9.85,1210256
9.85,1209078
9.85,1207485
9.85,1206249
10.64,1203949
11.14,1202986
11.14,1199980
11.17,1198982
11.17,1198910
11.30,1198285
11.50,1197739
11.89,1196548
11.89,1194567
12.06,1194444
12.32,1194085
12.37,1191773
12.37,1191352
12.67,1190615
12.68,1190141
12.88,1190072
12.88,1189675
12.88,1189268
13.10,1189251
13.26,1188445
13.26,1188057
13.26,1186525
13.26,1186523
13.26,1186411
13.26,1185811
13.27,1184909
13.27,1183739
13.27,1183087
14.02,1181833
15.53,1180923
15.72,1180854
15.72,1180854
15.73,1179610
15.73,1179500
16.28,1178931
16.28,1178269
16.86,1178124
16.86,1177918
16.86,1177701
16.86,1177136
18.58,1176823
19.73,1176467
20.19,1176403
21.02,1176216
21.84,1176211
