0.06,10365663
0.07,10222160
0.07,10063960
0.07,10062239
0.07,9918076
0.07,9915833
0.07,9874366
0.07,9872900
0.07,9827026
0.07,9740172
0.07,9735293
0.08,9734779
0.08,9707271
0.08,9683766
0.08,9624595
0.08,9472765
0.08,9413502
0.08,9368138
0.08,9361783
0.08,9261322
0.08,9068102
0.08,9039178
0.08,8990177
0.08,8988246
0.08,8971709
0.08,8944420
0.09,8943827
0.09,8937634
0.09,8862377
0.09,8859567
0.09,8706699
0.09,8702039
0.09,8702016
0.09,8701900
0.09,8612441
0.09,8608724
0.09,8604735
0.09,8598106
0.09,8574992
0.09,8360429
0.09,8322676
0.09,8298553
0.09,8234468
0.09,8143420
0.09,7897100
0.09,7862749
0.09,7859939
0.09,7844403
0.09,7844308
0.09,7585763
0.09,7563754
0.09,7551468
0.09,7551356
0.09,7512613
0.09,7437061
0.09,7417111
0.09,7258745
0.09,7257310
0.09,7204212
0.09,7203607
0.09,7201448
0.09,7084619
0.09,7074836
0.09,6833589
0.10,6831909
0.10,6802469
0.10,6776430
0.10,6765651
0.10,6752445
0.10,6745495
0.10,6682183
0.10,6672592
0.10,6634331
0.10,6613964
0.10,6611064
0.10,6559556
0.10,6529698
0.10,6526102
0.10,6445334
0.10,6428109
0.10,6411691
0.10,6365872
0.10,6360746
0.10,6315154
0.10,6215438
0.10,6165898
0.10,6165337
0.10,6163791
0.10,6160723
0.10,6143463
0.10,6128735
0.10,6013695
0.10,5796001
0.10,5790057
0.10,5783408
0.10,5773331
0.10,5752447
0.10,5711355
0.10,5565927
0.10,5560437
0.10,5558244
0.10,5556225
0.10,5552621
0.10,5518948
0.10,5426182
0.10,5343139
0.10,5341957
0.10,5341637
0.11,5324704
0.11,5314050
0.11,5222534
0.11,5221448
0.11,5199214
0.11,5198928
0.11,5198626
0.11,5191198
0.11,5125648
0.11,5082992
0.11,5027972
0.11,5026909
0.11,5025987
0.11,5008959
0.11,4995980
0.11,4902899
0.11,4901773
0.11,4898311
0.11,4798447
0.11,4769507
0.11,4762285
0.11,4760014
0.11,4725339
0.11,4696172
0.11,4671090
0.11,4666620
0.11,4641237
0.11,4568050
0.11,4514859
0.11,4473854
0.11,4417821
0.11,4411617
0.11,4305208
0.11,4291633
0.11,4269306
0.11,4122039
0.11,4121473
0.11,4082733
0.11,4051138
0.11,4049872
0.11,4035311
0.11,4024966
0.11,4010236
0.11,3991020
0.11,3989972
0.11,3969912
0.11,3963327
0.11,3960534
0.11,3928542
0.11,3909663
0.11,3907790
0.11,3907536
0.11,3895806
0.11,3895321
0.11,3852130
0.11,3635920
0.11,3619085
0.11,3618254
0.12,3618008
0.12,3616967
0.12,3607051
0.12,3589489
0.12,3589448
0.12,3542625
0.12,3530910
0.12,3485043
0.12,3480031
0.12,3449434
0.12,3442409
0.12,3404121
0.12,3402251
0.12,3389690
0.12,3378098
0.12,3377234
0.12,3368778
0.12,3368773
0.12,3341033
0.12,3319644
0.12,3318816
0.12,3316531
0.12,3316511
0.12,3282518
0.12,3265601
0.12,3265124
0.12,3253707
0.12,3249865
0.12,3248696
0.12,3244560
0.12,3244493
0.12,3242882
0.12,3240358
0.12,3209629
0.12,3207983
0.13,3203865
0.13,3203602
0.13,3198113
0.13,3193786
0.13,3190755
0.13,3187432
0.13,3133140
0.13,3122088
0.13,3086020
0.13,3085988
0.13,3061097
0.13,3058809
0.13,3036909
0.13,3011764
0.13,3011526
0.13,3008288
0.13,3008227
0.13,2999027
0.13,2997026
0.13,2996384
0.13,2994961
0.13,2978029
0.13,2975014
0.13,2973066
0.13,2953757
0.13,2948048
0.13,2946972
0.13,2941594
0.13,2933133
0.13,2922211
0.14,2922057
0.14,2885800
0.14,2874883
0.14,2856309
0.14,2855775
0.14,2843290
0.14,2840583
0.14,2832873
0.14,2831784
0.14,2831534
0.14,2807119
0.14,2804906
0.14,2794343
0.14,2793900
0.14,2792985
0.14,2786652
0.14,2773589
0.14,2749916
0.14,2741696
0.14,2649765
0.14,2640772
0.14,2634219
0.14,2632861
0.14,2627185
0.14,2603535
0.14,2597592
0.14,2563806
0.14,2559939
0.14,2512117
0.15,2509361
0.15,2499227
0.15,2499007
0.15,2493627
0.15,2493318
0.15,2478677
0.15,2466250
0.15,2460046
0.15,2438042
0.15,2436687
0.15,2429761
0.15,2412850
0.15,2406087
0.16,2394447
0.16,2386648
0.16,2386081
0.16,2371231
0.16,2358130
0.16,2317671
0.16,2314714
0.16,2314585
0.16,2306075
0.16,2304858
0.16,2286676
0.16,2283573
0.16,2268812
0.16,2256656
0.17,2253977
0.17,2244070
0.17,2237991
0.17,2234650
0.17,2225247
0.17,2225134
0.17,2217812
0.17,2209144
0.18,2202793
0.18,2195999
0.18,2188922
0.18,2188568
0.18,2182734
0.18,2180013
0.18,2173859
0.18,2157083
0.18,2147376
0.18,2146934
0.18,2141149
0.18,2106608
0.18,2099127
0.18,2095041
0.19,2094633
0.19,2082319
0.19,2052706
0.19,2023184
0.19,2021851
0.19,2020300
0.19,2013773
0.19,2002722
0.21,1997423
0.21,1994000
0.21,1989085
0.21,1987401
0.22,1976166
0.22,1973389
0.22,1972250
0.23,1957303
0.23,1944409
0.23,1923161
0.23,1915638
0.23,1904936
0.23,1874493
0.23,1872421
0.23,1867850
0.24,1867542
0.24,1856264
0.24,1851822
0.24,1848304
0.24,1840309
0.24,1805548
0.24,1805223
0.24,1798107
0.24,1797388
0.24,1785175
0.24,1763573
0.24,1759995
0.24,1748630
0.26,1747740
0.28,1741703
0.28,1741688
0.29,1741130
0.29,1735046
0.29,1735042
0.29,1717552
0.29,1717193
0.29,1713770
0.29,1713069
0.29,1689802
0.29,1680093
0.75,1677573
0.75,1676326
0.75,1645572
1.39,1643533
1.39,1642927
1.39,1635925
1.39,1629356
1.40,1626223
1.40,1622219
1.40,1614722
1.40,1608989
1.40,1607810
1.40,1605479
1.40,1598363
1.40,1598228
1.40,1596146
1.42,1594977
1.42,1593586
1.51,1591602
1.58,1590253
1.58,1584903
1.58,1581224
1.80,1573995
1.80,1572358
1.95,1559845
1.95,1554071
1.95,1553385
1.96,1551589
1.96,1543455
1.96,1536398
1.96,1531727
1.96,1527603
1.96,1522077
1.96,1520893
1.96,1514908
1.96,1512543
1.96,1511946
1.99,1510528
2.35,1503364
2.35,1502207
2.35,1499230
2.35,1491803
2.35,1488966
2.36,1457295
2.36,1456966
2.36,1448146
2.36,1448047
2.36,1447895
2.36,1445080
2.36,1444940
2.36,1444517
2.36,1443681
2.79,1440602
2.80,1440182
2.80,1434816
2.80,1432681
2.80,1431184
2.80,1426140
2.94,1419607
2.94,1418794
2.94,1415963
2.94,1415932
2.94,1415790
2.94,1415207
2.94,1412941
2.95,1411556
2.95,1406689
3.59,1406576
3.59,1406115
3.84,1399254
3.84,1393621
3.84,1391205
3.84,1390202
3.99,1389285
3.99,1387819
4.15,1386257
4.15,1384193
4.15,1383908
4.15,1374407
4.25,1372409
4.25,1359935
4.25,1359676
4.25,1355403
4.28,1353137
5.04,1344738
5.04,1343675
5.04,1340954
5.04,1340473
5.04,1340220
5.04,1339324
5.04,1331571
5.04,1323658
5.04,1321926
5.43,1320074
5.43,1319531
5.43,1315488
5.43,1313668
5.76,1308556
5.76,1307552
5.76,1302421
5.76,1300886
5.76,1300667
5.76,1300398
5.76,1299738
5.76,1294922
5.76,1294781
5.76,1291529
5.77,1287441
5.77,1285758
6.16,1281435
6.16,1281263
6.17,1277907
6.17,1270134
6.17,1269684
6.17,1265294
6.17,1263712
6.18,1262651
6.18,1261135
6.65,1255048
6.71,1251972
6.71,1248108
7.12,1247749
7.12,1233289
8.39,1232516
8.39,1231054
8.39,1229765
8.39,1224350
8.40,1222612
8.40,1222537
9.10,1221639
9.10,1220135
9.78,1215825
9.78,1214859
9.79,1214852
10.54,1213778
10.54,1213623
10.54,1213007
10.61,1210603
10.61,1209465
10.61,1205912
12.08,1205064
12.08,1201413
12.08,1201374
12.09,1197319
12.09,1197021
12.09,1195257
12.09,1193849
12.09,1193268
12.09,1193030
13.52,1192380
13.52,1191544
14.09,1189995
14.10,1189665
14.10,1189167
14.97,1187970
14.98,1187115
14.98,1187074
14.98,1186706
14.98,1185642
14.98,1184445
14.98,1183334
14.99,1183271
14.99,1182602
15.02,1182264
15.02,1181097
15.02,1180880
17.44,1180688
17.45,1179703
17.45,1178450
19.57,1178316
19.58,1177941
19.59,1177496
20.37,1177431
20.39,1177177
20.82,1176786
20.83,1176531
20.83,1176389
23.75,1176324
