0.06,10193696
0.07,10167545
0.07,10158765
0.07,10147311
0.07,10146676
0.07,9949551
0.07,9949450
0.07,9722438
0.07,9721986
0.07,9613650
0.07,9444580
0.07,9397510
0.07,9358456
0.07,9311515
0.07,9302346
0.07,9276904
0.07,9272281
0.07,9270019
0.07,9254464
0.07,9253762
0.07,9235040
0.07,9234331
0.08,9157887
0.08,9157285
0.08,9156773
0.08,9143760
0.08,9097151
0.08,9096344
0.08,9090402
0.08,8952010
0.08,8951948
0.08,8923506
0.08,8869977
0.08,8736251
0.08,8713468
0.08,8640207
0.08,8572802
0.08,8542923
0.08,8504119
0.08,8499267
0.08,8489548
0.08,8466573
0.08,8443785
0.08,8423898
0.08,8216088
0.08,8165867
0.08,8113612
0.09,8076441
0.09,8070318
0.09,8053901
0.09,7846529
0.09,7763543
0.09,7715224
0.09,7705360
0.09,7612155
0.09,7355953
0.09,7351957
0.09,7310232
0.09,7303396
0.09,7299515
0.09,7098889
0.09,7094255
0.09,7030140
0.09,6867167
0.09,6846005
0.09,6806481
0.09,6800024
0.09,6785966
0.09,6779572
0.09,6771338
0.09,6574728
0.09,6545434
0.09,6538015
0.09,6535442
0.09,6505455
0.09,6501948
0.09,6491733
0.09,6445230
0.09,6443379
0.09,6420242
0.09,6410491
0.09,6358939
0.09,6332635
0.09,6276107
0.09,6265282
0.09,6262334
0.09,6257236
0.09,6183310
0.09,6174567
0.09,6166855
0.09,6131574
0.09,6131273
0.09,6129745
0.09,6116516
0.09,5865678
0.09,5845538
0.10,5842229
0.10,5761623
0.10,5739198
0.10,5651519
0.10,5649182
0.10,5646098
0.10,5644441
0.10,5637388
0.10,5637001
0.10,5632182
0.10,5610423
0.10,5593330
0.10,5592483
0.10,5571698
0.10,5570819
0.10,5555632
0.10,5555597
0.10,5551953
0.10,5509818
0.10,5489001
0.10,5480644
0.10,5477234
0.10,5456494
0.10,5449035
0.10,5448166
0.10,5443070
0.10,5392958
0.10,5382373
0.10,5378179
0.10,5303063
0.10,5300692
0.10,5299907
0.10,5283877
0.10,5282476
0.10,5249452
0.10,5161850
0.10,5123346
0.10,5120125
0.10,5067931
0.10,5063495
0.10,5058755
0.10,5057998
0.10,5056590
0.10,5040597
0.10,5033514
0.10,4997961
0.10,4930564
0.10,4922580
0.10,4869674
0.10,4828581
0.10,4806426
0.10,4785500
0.10,4738788
0.10,4716116
0.10,4689940
0.10,4647399
0.10,4643299
0.10,4628348
0.10,4624204
0.10,4610030
0.10,4515903
0.10,4504532
0.11,4504061
0.11,4441492
0.11,4441088
0.11,4436994
0.11,4425812
0.11,4408124
0.11,4405651
0.11,4404962
0.11,4372619
0.11,4372396
0.11,4243816
0.11,4234984
0.11,4234315
0.11,4233635
0.11,4208137
0.11,4205456
0.11,4204295
0.11,4203222
0.11,4199468
0.11,4190655
0.11,4082002
0.11,4013544
0.11,3959457
0.11,3948058
0.11,3942713
0.11,3942598
0.11,3942045
0.11,3923958
0.11,3922136
0.11,3917911
0.11,3914281
0.11,3876743
0.11,3835628
0.11,3830922
0.11,3798911
0.11,3774329
0.11,3759093
0.11,3754008
0.11,3735988
0.11,3724261
0.11,3718043
0.11,3700436
0.11,3608021
0.11,3606626
0.11,3604660
0.11,3602227
0.12,3576697
0.12,3539475
0.12,3520321
0.12,3509097
0.12,3501673
0.12,3457770
0.12,3451192
0.12,3420801
0.12,3420430
0.12,3417589
0.12,3416855
0.12,3410030
0.12,3405578
0.12,3379925
0.12,3376087
0.12,3375324
0.12,3374356
0.12,3368733
0.12,3365777
0.12,3343862
0.12,3340920
0.12,3319227
0.12,3314102
0.12,3284598
0.12,3265919
0.12,3262125
0.12,3254295
0.12,3247147
0.12,3243979
0.12,3236197
0.12,3220815
0.12,3220712
0.12,3219445
0.12,3203425
0.12,3177212
0.12,3176530
0.12,3174710
0.12,3174324
0.12,3170796
0.12,3169359
0.12,3168316
0.12,3164785
0.12,3160244
0.12,3156214
0.13,3138460
0.13,3137148
0.13,3132961
0.13,3123108
0.13,3101717
0.13,3101203
0.13,3082654
0.13,3067746
0.13,2982682
0.13,2974452
0.13,2972812
0.13,2953642
0.13,2941198
0.13,2939198
0.13,2926090
0.13,2923696
0.13,2910712
0.13,2905388
0.13,2903341
0.13,2866196
0.13,2864882
0.13,2858659
0.13,2856229
0.13,2847014
0.13,2838513
0.13,2824769
0.13,2809776
0.13,2807127
0.13,2803673
0.13,2801671
0.13,2789587
0.13,2787782
0.13,2786726
0.13,2649517
0.13,2640751
0.14,2603974
0.14,2603627
0.14,2603241
0.14,2587887
0.14,2585980
0.14,2570226
0.14,2563613
0.14,2547587
0.14,2543131
0.14,2496920
0.14,2496830
0.14,2480464
0.14,2477408
0.14,2458023
0.14,2451889
0.14,2439514
0.15,2424056
0.15,2416844
0.15,2414326
0.15,2412673
0.15,2399512
0.15,2371508
0.15,2369766
0.15,2368599
0.15,2366028
0.17,2363263
0.17,2362420
0.17,2355112
0.17,2349667
0.17,2321508
0.17,2314720
0.18,2308409
0.18,2300718
0.18,2298223
0.18,2278030
0.18,2276884
0.18,2275603
0.18,2263813
0.18,2262790
0.18,2243326
0.18,2241351
0.18,2240267
0.18,2235909
0.18,2233851
0.18,2223760
0.18,2220758
0.18,2216168
0.18,2212511
0.19,2197090
0.19,2196919
0.19,2152039
0.19,2151771
0.19,2150730
0.19,2139143
0.19,2138501
0.19,2136508
0.19,2133693
0.19,2127546
0.19,2120418
0.20,2104863
0.20,2103044
0.20,2098458
0.20,2095426
0.20,2083611
0.20,2077908
0.20,2072981
0.20,2067374
0.20,2048053
0.20,2038859
0.20,2038512
0.20,2037600
0.20,2036018
0.20,2033545
0.20,2031187
0.20,2030723
0.20,2016962
0.20,2011314
0.20,2007093
0.20,2007006
0.20,2006576
0.21,2000194
0.21,1989572
0.24,1984693
0.24,1982466
0.24,1981441
0.24,1976317
0.24,1954192
0.24,1950941
0.24,1931208
0.24,1928298
0.25,1923206
0.25,1909260
0.25,1907794
0.25,1906072
0.25,1899831
0.25,1885741
0.25,1881507
0.25,1881126
0.25,1864642
0.25,1863704
0.25,1860223
0.25,1854037
0.25,1850533
0.25,1833253
0.25,1832900
0.25,1824199
0.25,1809540
0.25,1797811
0.26,1784485
0.26,1783936
0.26,1783427
0.26,1782787
0.37,1781767
0.39,1780799
0.40,1774710
0.41,1769047
0.41,1757898
0.41,1746734
0.41,1746142
0.41,1736465
0.41,1735354
0.41,1726698
0.41,1724487
0.41,1721580
0.41,1715001
0.41,1700845
0.43,1697663
0.43,1697149
0.44,1688835
0.44,1688768
0.44,1686143
0.44,1681935
0.84,1674284
0.84,1666251
0.84,1663656
0.84,1661698
0.84,1658417
0.84,1656724
0.84,1649685
0.84,1649423
0.84,1638183
0.84,1631694
0.84,1628588
0.84,1628366
0.84,1627705
0.85,1624913
0.85,1622603
0.85,1621606
0.85,1612893
0.87,1610780
0.87,1610236
0.87,1586608
0.87,1570051
0.87,1569913
0.87,1568411
0.87,1567378
0.95,1563300
0.95,1553598
1.53,1547191
1.53,1546564
1.53,1538039
1.53,1537656
1.53,1537161
1.54,1534879
2.29,1532932
2.29,1532533
2.29,1532312
2.29,1530489
2.29,1530076
2.29,1524863
2.30,1516965
2.30,1514754
2.30,1514340
2.30,1513923
2.30,1513625
2.32,1511080
2.32,1508547
2.32,1506421
2.32,1504199
2.32,1502027
2.32,1500131
2.32,1487860
2.32,1482539
2.32,1449906
2.32,1448228
2.32,1440716
2.32,1436307
2.32,1433520
2.32,1412739
2.32,1411529
2.32,1410382
2.32,1409358
2.32,1407572
2.32,1404360
2.33,1403489
3.72,1403306
3.72,1403192
3.72,1400735
3.72,1400107
3.72,1394045
3.72,1389103
3.72,1384868
3.72,1380978
3.72,1380662
3.72,1379812
3.72,1379587
4.45,1371412
4.45,1371281
4.45,1370334
4.45,1365731
4.45,1365188
4.46,1358970
4.46,1356729
4.46,1355161
4.46,1353061
4.46,1349934
4.46,1347993
4.46,1346386
4.46,1345993
4.46,1345811
4.46,1342651
4.46,1341118
4.46,1336787
4.46,1329702
4.77,1328572
4.81,1327996
4.81,1325522
4.81,1324552
4.81,1319459
4.81,1316354
4.83,1315553
4.83,1311628
4.84,1310068
4.84,1307358
4.84,1305729
4.84,1305329
4.84,1300922
4.84,1300914
4.84,1296904
5.94,1295509
5.94,1295265
6.01,1294074
6.01,1293547
6.02,1292852
6.02,1289671
6.02,1286619
6.02,1286584
6.02,1280161
6.61,1279803
6.61,1275909
6.67,1274019
6.67,1271085
6.67,1270027
6.67,1264462
6.67,1263830
6.91,1263781
6.91,1261120
6.91,1260681
6.91,1258681
6.91,1255282
6.91,1254858
7.58,1250141
7.85,1249435
7.85,1247027
7.86,1241912
7.86,1241247
7.86,1241032
7.86,1239032
7.86,1238610
7.86,1238175
7.92,1236552
7.92,1234666
9.04,1233259
9.04,1231949
9.04,1230572
9.43,1228727
9.56,1228626
9.56,1222248
9.56,1221076
9.56,1219435
10.02,1218786
10.02,1218320
10.02,1216175
10.03,1215936
10.03,1213691
10.03,1213474
10.90,1213402
10.90,1209739
10.90,1208714
10.90,1207414
10.90,1207307
11.35,1206915
11.70,1203849
12.88,1203654
12.89,1202482
12.97,1201554
12.98,1201519
12.98,1201302
12.98,1201164
12.98,1201023
13.13,1200783
13.40,1200351
13.40,1199817
13.40,1198727
13.40,1198607
13.68,1196607
13.68,1196538
13.72,1195811
13.72,1195763
13.73,1195002
13.73,1194433
13.73,1194215
13.73,1193086
14.02,1192440
14.02,1190880
14.03,1188579
14.03,1188532
14.40,1187387
14.41,1186913
14.85,1186319
14.85,1185213
14.86,1184406
14.86,1184205
15.83,1184152
16.65,1183863
16.65,1183226
16.67,1181737
16.97,1181680
16.97,1178228
16.98,1178033
19.19,1177591
20.54,1177511
20.70,1177392
21.06,1177196
22.18,1176801
23.04,1176743
23.79,1176692
23.84,1176691
23.85,1176485
23.85,1176327
24.98,1176216
25.29,1176202
25.31,1176151
