0.06,10496701
0.06,10491683
0.06,10345962
0.06,10301595
0.06,10236820
0.06,10210397
0.06,10154270
0.07,10140805
0.07,10137024
0.07,9902017
0.07,9884590
0.07,9843080
0.07,9812904
0.07,9745131
0.07,9673132
0.07,9588930
0.07,9580932
0.07,9563115
0.07,9425628
0.07,9248047
0.08,9152343
0.08,9055275
0.08,8965460
0.08,8900719
0.08,8900642
0.08,8889570
0.08,8880057
0.08,8879707
0.08,8864471
0.08,8819571
0.08,8814426
0.08,8781054
0.08,8647733
0.08,8646122
0.08,8561666
0.08,8554637
0.08,8536542
0.08,8521899
0.08,8514173
0.08,8319459
0.08,8317530
0.08,8296878
0.08,8275772
0.08,8264706
0.08,8132614
0.08,8010535
0.08,7981063
0.08,7850542
0.08,7840663
0.08,7838087
0.08,7699934
0.08,7592051
0.08,7570997
0.08,7562790
0.08,7510255
0.08,7509509
0.08,7416317
0.08,7331722
0.08,7319506
0.08,7258441
0.08,7250976
0.08,7224892
0.08,7219369
0.08,7209428
0.08,7183552
0.08,7171316
0.08,7161152
0.08,7060413
0.08,7040477
0.09,7034407
0.09,7019061
0.09,6953445
0.09,6944150
0.09,6928326
0.09,6797360
0.09,6700545
0.09,6699369
0.09,6698566
0.09,6623334
0.09,6619119
0.09,6615720
0.09,6574942
0.09,6565887
0.09,6534242
0.09,6463182
0.09,6423994
0.09,6422285
0.09,6372545
0.09,6367251
0.09,6343178
0.09,6245582
0.09,6241499
0.09,6191853
0.09,6135699
0.09,6132596
0.09,6064612
0.09,6059352
0.09,6059329
0.09,6030289
0.09,6021969
0.09,6017880
0.09,5932443
0.09,5924701
0.09,5904251
0.09,5892302
0.09,5864322
0.09,5859615
0.09,5821358
0.09,5820203
0.09,5808391
0.09,5777897
0.09,5773405
0.09,5770694
0.09,5762491
0.09,5689771
0.09,5592490
0.09,5567728
0.09,5542877
0.09,5533267
0.09,5450542
0.09,5437981
0.09,5429788
0.09,5415481
0.09,5414506
0.09,5412344
0.09,5408362
0.09,5405628
0.10,5309174
0.10,5185206
0.10,5185118
0.10,5133242
0.10,4952946
0.10,4928057
0.10,4901492
0.10,4901457
0.10,4852748
0.10,4846839
0.10,4818023
0.10,4807987
0.10,4733957
0.10,4726326
0.10,4684585
0.10,4668726
0.10,4647981
0.10,4604660
0.10,4580690
0.10,4568456
0.10,4546343
0.10,4525054
0.10,4488625
0.10,4357282
0.10,4350177
0.10,4291513
0.10,4276905
0.10,4259687
0.10,4242179
0.10,4221574
0.10,4192601
0.10,4186302
0.10,4183224
0.10,4121549
0.10,4082988
0.10,4075749
0.10,4032342
0.10,4028257
0.10,4009866
0.10,3932759
0.10,3909432
0.10,3901464
0.10,3888354
0.10,3837873
0.10,3742593
0.10,3742263
0.11,3736885
0.11,3706969
0.11,3704159
0.11,3698969
0.11,3691539
0.11,3652215
0.11,3642818
0.11,3639161
0.11,3607243
0.11,3606969
0.11,3600434
0.11,3596694
0.11,3586612
0.11,3584182
0.11,3552594
0.11,3545544
0.11,3479631
0.11,3380600
0.11,3380276
0.11,3368658
0.11,3367651
0.11,3360154
0.11,3354221
0.11,3348732
0.11,3280433
0.11,3278631
0.11,3277868
0.11,3272538
0.11,3266696
0.11,3260985
0.11,3258185
0.11,3251699
0.11,3223727
0.12,3173351
0.12,3166163
0.12,3144737
0.12,3129162
0.12,3128608
0.12,3118675
0.12,3117250
0.12,3048241
0.12,3047302
0.12,3016705
0.12,3012953
0.12,3007263
0.12,3006485
0.12,3001405
0.12,3001360
0.12,2999872
0.12,2998955
0.12,2982584
0.12,2977863
0.12,2975386
0.12,2956101
0.12,2906692
0.12,2905155
0.12,2883227
0.12,2880576
0.12,2848287
0.12,2847148
0.12,2796095
0.12,2795137
0.13,2784883
0.13,2776287
0.13,2774090
0.13,2770037
0.13,2742499
0.13,2738960
0.13,2735970
0.13,2735968
0.13,2708571
0.13,2677782
0.13,2674094
0.13,2665658
0.13,2662858
0.13,2652372
0.13,2616692
0.13,2614968
0.13,2600602
0.13,2577487
0.13,2564029
0.13,2563415
0.13,2563027
0.13,2561368
0.13,2547313
0.13,2537860
0.13,2517965
0.13,2507330
0.13,2502200
0.13,2494053
0.13,2492418
0.13,2486469
0.13,2482421
0.13,2464295
0.13,2452937
0.13,2427008
0.13,2419104
0.13,2409643
0.13,2399488
0.13,2398727
0.13,2395999
0.13,2393571
0.14,2385745
0.14,2378430
0.14,2362607
0.14,2358539
0.14,2353064
0.14,2353024
0.14,2352360
0.14,2347686
0.14,2347468
0.14,2346952
0.14,2340001
0.14,2339683
0.14,2328725
0.14,2304075
0.14,2302142
0.14,2269386
0.15,2240521
0.15,2236481
0.15,2215057
0.16,2181122
0.16,2176821
0.16,2157432
0.16,2145878
0.16,2136964
0.16,2135632
0.16,2133632
0.16,2116888
0.16,2114546
0.16,2107016
0.16,2100450
0.16,2098135
0.16,2095141
0.16,2089842
0.16,2088445
0.16,2060193
0.16,2052220
0.16,2047492
0.16,2015018
0.16,2011084
0.16,1999919
0.16,1995956
0.19,1992641
0.19,1986655
0.19,1984500
0.19,1984075
0.19,1961646
0.19,1959685
0.19,1957248
0.19,1954900
0.19,1953394
0.19,1945605
0.19,1925913
0.20,1925552
0.20,1920866
0.20,1905944
0.20,1903882
0.20,1870945
0.21,1870544
0.21,1867906
0.21,1860131
0.21,1852084
0.21,1847639
0.21,1844386
0.21,1833747
0.26,1820877
0.26,1807373
0.27,1801616
0.28,1798785
0.28,1795247
0.28,1795150
0.28,1790846
0.36,1780575
0.36,1775918
0.37,1769875
0.37,1751084
0.37,1744510
0.37,1744319
0.37,1742022
0.37,1739323
0.37,1731363
0.37,1722619
0.37,1714853
0.37,1705927
0.37,1699829
0.37,1691889
0.38,1687458
0.38,1670362
0.39,1666063
0.39,1664884
0.39,1662702
0.39,1649922
0.40,1649254
0.40,1646469
0.40,1645291
0.40,1634251
0.40,1626928
0.40,1621153
0.41,1599772
0.41,1599701
0.41,1599168
0.41,1598695
0.41,1594106
0.41,1592919
0.41,1592663
1.34,1584172
1.34,1582328
1.35,1581633
1.35,1573183
1.35,1566515
1.35,1563567
1.54,1559049
1.87,1553077
1.87,1548714
1.87,1547078
1.87,1546462
1.87,1542454
1.87,1541736
1.88,1536886
2.02,1528265
2.02,1528100
2.02,1527996
2.02,1525961
2.02,1523277
2.14,1500729
2.26,1492481
2.26,1489622
2.26,1488754
2.26,1486532
2.26,1484276
2.26,1483540
2.26,1470358
2.26,1469214
2.72,1458362
2.72,1457555
2.74,1450222
2.74,1445781
2.74,1437096
2.74,1434637
2.74,1434609
2.74,1424212
2.74,1417789
2.74,1415582
2.74,1409462
3.28,1407191
3.28,1407134
3.28,1406955
3.28,1406775
3.28,1406224
3.28,1406149
3.28,1405816
3.28,1404955
3.56,1404784
3.56,1403931
3.56,1403837
4.15,1402978
4.15,1401888
4.15,1394218
4.15,1393561
4.15,1388629
4.15,1388288
4.15,1384466
4.15,1383922
4.15,1383902
4.15,1383721
4.15,1380550
4.15,1380492
4.34,1372343
4.34,1367121
4.45,1364044
4.45,1363451
4.45,1363308
4.45,1361649
4.45,1361568
4.45,1360716
4.45,1354436
4.46,1330886
4.46,1326020
4.46,1324617
4.46,1323351
4.46,1317921
4.46,1317751
4.46,1317445
5.03,1316359
5.03,1316156
5.04,1314082
5.04,1311747
5.33,1296457
5.65,1294874
5.65,1293636
5.65,1291295
5.65,1290665
5.65,1287929
5.65,1287083
5.65,1285915
6.60,1278731
6.60,1278169
6.60,1277936
6.60,1277746
6.62,1273513
6.62,1273498
6.62,1272047
6.62,1271745
7.07,1268914
7.07,1265559
7.07,1261710
7.11,1261705
7.11,1260957
7.11,1260050
7.11,1254430
7.11,1254098
7.12,1252868
7.12,1252802
7.12,1252175
7.12,1250323
7.12,1249684
7.12,1248516
7.96,1247153
7.96,1247142
8.02,1246324
8.03,1237922
8.79,1235256
8.80,1234511
8.80,1233600
8.80,1231860
8.80,1229937
8.80,1229490
8.92,1225004
8.92,1223994
8.93,1222233
9.40,1222008
9.63,1221526
9.63,1221477
9.64,1221163
9.64,1220524
9.64,1220358
9.64,1219258
9.64,1216682
9.66,1214740
10.47,1214678
10.47,1214536
10.47,1211596
10.47,1208806
10.69,1208701
10.69,1205957
10.69,1204987
10.69,1204655
10.69,1204206
10.69,1204206
10.69,1203758
10.69,1203710
10.69,1203086
10.69,1201400
12.62,1199943
12.62,1199347
12.63,1198288
12.63,1198148
12.65,1197894
12.65,1197668
12.65,1196886
12.65,1195536
12.65,1195478
12.65,1195337
12.65,1194530
12.66,1194177
12.79,1193717
12.79,1193511
13.72,1192972
13.72,1192891
13.77,1192809
13.77,1192416
13.77,1191959
13.77,1190778
13.78,1190771
13.78,1190569
14.87,1189542
14.98,1188562
14.98,1187884
14.98,1187063
15.86,1186936
15.95,1186583
15.96,1186437
15.98,1186022
15.99,1184631
15.99,1184623
15.99,1183098
16.40,1182833
16.41,1182498
16.41,1182398
16.42,1181322
16.43,1180631
16.43,1180311
16.43,1179992
17.94,1179028
19.09,1178976
19.10,1178925
19.10,1178467
19.12,1178101
19.12,1177884
19.12,1177823
19.15,1177623
19.56,1176599
20.81,1176533
20.81,1176533
22.16,1176468
22.17,1176211
26.12,1176151
