0.00,9747417
0.01,9698946
0.01,9696284
0.01,9572723
0.01,9452174
0.01,9421373
0.01,9381344
0.01,9379286
0.01,9378408
0.01,9140316
0.01,9126444
0.01,9097207
0.01,9095172
0.01,9069184
0.01,9003822
0.01,8958530
0.01,8939313
0.01,8937166
0.01,8937063
0.01,8914983
0.01,8913089
0.01,8786935
0.01,8784931
0.01,8782142
0.02,8748089
0.02,8588412
0.02,8587895
0.02,8539010
0.02,8492642
0.02,8379775
0.02,8290112
0.02,8280970
0.02,8280475
0.02,8271195
0.02,8261460
0.02,8246405
0.02,8118708
0.02,8077730
0.02,7995859
0.02,7995320
0.02,7988692
0.02,7955364
0.02,7896682
0.02,7895093
0.02,7859347
0.02,7751450
0.02,7577451
0.02,7518169
0.02,7473167
0.02,7440185
0.02,7378910
0.02,7352198
0.02,7291480
0.02,7271621
0.02,7240042
0.03,7208476
0.03,7127531
0.03,7124176
0.03,7118263
0.03,7113804
0.03,7105058
0.03,7046175
0.03,7037213
0.03,7033039
0.03,7030851
0.03,6995943
0.03,6995900
0.03,6995845
0.03,6992888
0.03,6977897
0.03,6891635
0.03,6875673
0.03,6703284
0.03,6617937
0.03,6615869
0.03,6601540
0.03,6497550
0.03,6495189
0.03,6489589
0.03,6484430
0.03,6475077
0.03,6386222
0.03,6385851
0.03,6309107
0.03,6268583
0.04,6163652
0.04,6094307
0.04,6093396
0.04,6091523
0.04,6089814
0.04,6081741
0.04,5971177
0.04,5901482
0.04,5862014
0.04,5823017
0.04,5804863
0.04,5796752
0.04,5704933
0.04,5702799
0.04,5697766
0.04,5682160
0.04,5675920
0.04,5668989
0.04,5665220
0.04,5664221
0.04,5663834
0.04,5581857
0.04,5526835
0.04,5518803
0.04,5518453
0.04,5491727
0.04,5431931
0.04,5390485
0.04,5380707
0.04,5378900
0.04,5373073
0.04,5356540
0.04,5283731
0.04,5214654
0.04,5201892
0.04,5161733
0.04,5154154
0.04,5052143
0.04,5033239
0.04,5033074
0.04,5020459
0.04,5000932
0.04,4999380
0.04,4996370
0.04,4993443
0.04,4975451
0.04,4907858
0.04,4902174
0.04,4898887
0.04,4732449
0.04,4727824
0.04,4691083
0.04,4689100
0.04,4631884
0.04,4593583
0.04,4593534
0.04,4543095
0.04,4516565
0.05,4454824
0.05,4443511
0.05,4434775
0.05,4411083
0.05,4392104
0.05,4391592
0.05,4387825
0.05,4380241
0.05,4378691
0.05,4376522
0.05,4375894
0.05,4361892
0.05,4361765
0.05,4353787
0.05,4318551
0.05,4317808
0.05,4301046
0.05,4300381
0.05,4263471
0.05,4227907
0.05,4213257
0.05,4180284
0.05,4168396
0.05,4147593
0.05,4130747
0.05,4118989
0.05,4109480
0.05,4071337
0.05,4064510
0.05,4051498
0.05,4038670
0.05,4038154
0.05,4015753
0.05,4013988
0.05,3946997
0.05,3934584
0.05,3929654
0.05,3923795
0.05,3879338
0.05,3805679
0.05,3805381
0.05,3739773
0.05,3715704
0.05,3714737
0.05,3707478
0.05,3690096
0.05,3686939
0.05,3671917
0.05,3642208
0.05,3623025
0.05,3589769
0.06,3585267
0.06,3582769
0.06,3581908
0.06,3497722
0.06,3482490
0.06,3480774
0.06,3479147
0.06,3478705
0.06,3425301
0.06,3423215
0.06,3419412
0.06,3415242
0.06,3414912
0.06,3414608
0.06,3371815
0.06,3364483
0.06,3347718
0.06,3342222
0.06,3287050
0.06,3286658
0.06,3251430
0.06,3242223
0.06,3233959
0.06,3233959
0.06,3233024
0.06,3232139
0.06,3223666
0.06,3220592
0.06,3217049
0.06,3209238
0.06,3206194
0.06,3115730
0.06,3108591
0.06,3108590
0.06,3094958
0.07,3091228
0.07,3090715
0.07,2998064
0.07,2973913
0.07,2973645
0.07,2904927
0.07,2897135
0.07,2894399
0.07,2891142
0.07,2825800
0.07,2815395
0.07,2780939
0.07,2719174
0.07,2718056
0.07,2714877
0.07,2707811
0.07,2704850
0.07,2662171
0.07,2656694
0.07,2636683
0.07,2627927
0.07,2617343
0.07,2606239
0.07,2578165
0.07,2574396
0.07,2570673
0.07,2552893
0.07,2551887
0.07,2545111
0.07,2543406
0.07,2532274
0.07,2528628
0.07,2527559
0.07,2526673
0.07,2524994
0.07,2524157
0.07,2522314
0.07,2522113
0.07,2462892
0.07,2456798
0.07,2455756
0.07,2453697
0.07,2430609
0.07,2429349
0.08,2429213
0.08,2426673
0.08,2413510
0.08,2360884
0.08,2335669
0.08,2334842
0.08,2334570
0.08,2334108
0.08,2326087
0.08,2318452
0.08,2280526
0.08,2278398
0.08,2257514
0.08,2240805
0.08,2237942
0.08,2225612
0.08,2213522
0.08,2191912
0.08,2191097
0.08,2178539
0.08,2168410
0.08,2165905
0.08,2160810
0.08,2158735
0.08,2158136
0.08,2155121
0.08,2154492
0.08,2146201
0.08,2108354
0.08,2104430
0.08,2103490
0.08,2090292
0.08,2088468
0.08,2078636
0.08,2070007
0.09,2021146
0.09,2020975
0.09,2019382
0.09,2018492
0.09,2001410
0.09,1970229
0.09,1954242
0.09,1954167
0.09,1953919
0.09,1951990
0.09,1950336
0.09,1921762
0.09,1921156
0.09,1889024
0.09,1887387
0.09,1882791
0.09,1874467
0.09,1856785
0.09,1856648
0.09,1856001
0.09,1840420
0.09,1793162
0.09,1789220
0.09,1786846
0.09,1779934
0.09,1750079
0.09,1747877
0.09,1746846
0.09,1744589
0.09,1744379
0.10,1744118
0.10,1723229
0.10,1723067
0.10,1688525
0.10,1683462
0.10,1681679
0.10,1679275
0.10,1617261
0.10,1616746
0.10,1614535
0.11,1613756
0.11,1613067
0.11,1607012
0.11,1599916
0.11,1598707
0.11,1598490
0.11,1596388
0.11,1596284
0.11,1592468
0.11,1586660
0.11,1586056
0.11,1584485
0.11,1584066
0.11,1567885
0.12,1548362
0.12,1547731
0.12,1547311
0.12,1544645
0.12,1544180
0.12,1543556
0.12,1541081
0.12,1535884
0.12,1534651
0.13,1534502
0.13,1532624
0.13,1531998
0.13,1511152
0.13,1511123
0.13,1510240
0.13,1494175
0.14,1490310
0.14,1488800
0.14,1488682
0.14,1480641
0.14,1460898
0.14,1460061
0.15,1458550
0.15,1444324
0.15,1444324
0.16,1438543
0.16,1438467
0.16,1438440
0.16,1438318
0.16,1425513
0.17,1414954
0.17,1414812
0.17,1412768
0.18,1409215
0.18,1408936
0.18,1408246
0.19,1392113
0.19,1392062
0.20,1388962
0.21,1362431
0.24,1361691
0.25,1360884
0.26,1360207
0.26,1360156
0.27,1360153
0.29,1354655
0.29,1350705
0.29,1350227
0.30,1347853
0.31,1347554
0.31,1347485
0.43,1340915
0.43,1339591
0.43,1339245
0.44,1332866
0.44,1332759
0.45,1332298
0.45,1331508
0.49,1327289
0.49,1327289
0.93,1317526
0.95,1308729
0.97,1302858
1.00,1300068
1.11,1285365
1.11,1282403
1.12,1280007
1.13,1279641
1.13,1275047
1.15,1274257
1.15,1272618
1.17,1272618
2.35,1264123
2.77,1259824
2.79,1259090
2.80,1256370
2.81,1255632
2.81,1252755
2.83,1251162
2.88,1250056
2.91,1247629
2.98,1247247
3.01,1247041
3.65,1215734
3.68,1215498
3.71,1196458
3.73,1196252
14.13,1185595
14.14,1183168
14.14,1182623
14.16,1181734
14.18,1180628
17.02,1180224
17.06,1178258
18.36,1177624
110.40,1176211
529.23,1176211
