0.00,9810775
0.01,9745252
0.01,9546240
0.01,9440878
0.01,9401421
0.01,9319390
0.01,9249802
0.01,9147719
0.01,9101759
0.01,9095003
0.01,9075842
0.01,8955025
0.01,8952525
0.01,8941662
0.01,8940877
0.01,8939945
0.01,8886826
0.01,8882651
0.01,8857926
0.01,8767043
0.01,8734749
0.01,8676841
0.01,8667984
0.01,8520245
0.01,8515077
0.01,8504237
0.01,8502335
0.01,8463826
0.01,8455195
0.01,8313921
0.01,8304689
0.02,8304091
0.02,8264568
0.02,8037699
0.02,7999929
0.02,7973730
0.02,7960561
0.02,7929335
0.02,7915935
0.02,7890042
0.02,7888664
0.02,7848221
0.02,7838597
0.02,7832762
0.02,7802963
0.02,7800198
0.02,7787740
0.02,7787644
0.02,7784994
0.02,7744515
0.02,7696243
0.02,7695909
0.02,7695333
0.02,7665065
0.02,7632228
0.03,7631750
0.03,7511062
0.03,7506605
0.03,7490644
0.03,7462128
0.03,7421078
0.03,7371135
0.03,7320687
0.03,7314567
0.03,7309629
0.03,7290839
0.03,7241025
0.03,7149468
0.03,7134904
0.03,7092261
0.03,7028824
0.03,7028300
0.03,7025718
0.03,7025603
0.03,7022468
0.03,6875910
0.03,6840977
0.03,6772805
0.03,6770816
0.03,6760871
0.03,6740322
0.03,6733459
0.03,6690930
0.03,6690692
0.03,6667080
0.03,6626220
0.03,6624924
0.03,6593801
0.03,6592254
0.03,6587802
0.03,6566635
0.03,6539067
0.03,6407965
0.03,6405785
0.03,6347716
0.03,6137359
0.03,6036637
0.03,6036575
0.03,6035734
0.03,6002934
0.03,6002577
0.03,5997188
0.04,5997102
0.04,5996551
0.04,5857652
0.04,5786456
0.04,5782168
0.04,5774513
0.04,5734668
0.04,5722724
0.04,5693375
0.04,5676538
0.04,5670153
0.04,5393698
0.04,5325933
0.04,5206173
0.04,5192507
0.04,5180543
0.04,5069116
0.04,5059290
0.04,5058374
0.04,5015464
0.04,5011859
0.04,5002686
0.04,4956582
0.04,4931140
0.04,4921621
0.04,4887213
0.04,4806686
0.04,4770022
0.04,4769593
0.04,4763653
0.04,4652717
0.04,4652329
0.04,4651255
0.04,4600087
0.04,4542771
0.04,4528533
0.04,4489698
0.04,4461039
0.04,4459031
0.04,4455271
0.04,4444367
0.04,4424691
0.04,4421118
0.04,4419454
0.05,4390687
0.05,4379069
0.05,4315545
0.05,4259532
0.05,4257059
0.05,4189381
0.05,4156590
0.05,4153281
0.05,3971271
0.05,3943186
0.05,3942410
0.05,3939910
0.05,3901823
0.05,3888166
0.05,3882721
0.05,3755337
0.05,3749367
0.05,3749366
0.05,3743999
0.05,3672130
0.05,3645035
0.05,3633505
0.05,3632192
0.05,3631732
0.05,3624976
0.05,3552804
0.05,3535867
0.05,3533894
0.05,3528287
0.05,3522765
0.05,3522716
0.05,3476655
0.05,3475498
0.05,3474652
0.05,3469673
0.05,3440632
0.05,3422708
0.05,3400184
0.05,3399899
0.05,3398431
0.05,3303522
0.05,3298512
0.05,3297783
0.05,3289276
0.05,3235315
0.06,3231715
0.06,3231183
0.06,3176797
0.06,3166592
0.06,3150500
0.06,3121937
0.06,3061348
0.06,3053680
0.06,2988681
0.06,2987086
0.06,2940648
0.06,2939211
0.06,2935236
0.06,2927343
0.06,2896712
0.06,2891124
0.06,2865453
0.06,2864829
0.06,2863804
0.06,2861805
0.06,2854106
0.06,2848229
0.06,2839355
0.06,2832260
0.06,2826176
0.06,2810655
0.06,2778298
0.06,2776833
0.06,2776344
0.06,2775649
0.06,2773331
0.06,2772960
0.06,2729413
0.06,2624160
0.06,2621855
0.06,2620045
0.06,2609347
0.07,2606928
0.07,2585050
0.07,2583498
0.07,2573876
0.07,2572433
0.07,2553877
0.07,2545361
0.07,2543978
0.07,2543859
0.07,2543661
0.07,2528098
0.07,2515880
0.07,2500615
0.07,2486884
0.07,2485338
0.07,2483986
0.07,2476250
0.07,2461421
0.07,2461181
0.07,2444595
0.07,2444567
0.07,2441148
0.07,2440932
0.07,2439977
0.07,2437142
0.07,2436413
0.07,2436383
0.07,2429626
0.07,2413142
0.08,2409885
0.08,2409408
0.08,2409301
0.08,2408670
0.08,2408253
0.08,2367698
0.08,2366948
0.08,2363705
0.08,2356608
0.08,2340473
0.08,2340409
0.08,2317478
0.08,2274989
0.08,2272315
0.08,2265913
0.08,2259820
0.08,2254342
0.08,2244588
0.08,2238140
0.08,2238028
0.08,2237153
0.08,2176253
0.09,2167365
0.09,2167075
0.09,2165689
0.09,2165599
0.09,2139160
0.09,2125935
0.09,2108190
0.09,2107136
0.09,2104128
0.09,2087396
0.09,2082467
0.09,2082432
0.09,2081999
0.09,2070550
0.09,2066874
0.09,1994762
0.09,1994005
0.09,1993103
0.09,1961448
0.09,1961168
0.09,1950254
0.09,1949416
0.09,1941971
0.10,1941248
0.10,1896082
0.10,1855506
0.10,1817274
0.10,1817096
0.10,1810083
0.10,1809627
0.10,1808448
0.10,1795835
0.10,1794692
0.10,1777781
0.10,1757301
0.10,1739527
0.10,1738108
0.10,1731074
0.10,1717039
0.10,1716009
0.10,1711204
0.10,1699571
0.10,1698473
0.10,1656026
0.11,1649171
0.11,1648851
0.11,1633165
0.11,1627389
0.11,1574679
0.11,1541660
0.11,1541215
0.11,1521707
0.11,1519978
0.11,1519927
0.11,1519061
0.11,1516868
0.11,1510091
0.11,1509721
0.11,1507841
0.12,1504330
0.12,1502715
0.12,1483994
0.12,1482741
0.12,1482461
0.12,1475550
0.12,1466304
0.12,1465221
0.12,1461280
0.13,1460314
0.13,1458068
0.13,1452996
0.13,1450225
0.13,1448260
0.13,1447093
0.14,1447024
0.14,1441983
0.14,1441983
0.15,1437302
0.15,1437116
0.15,1421374
0.15,1411244
0.15,1410725
0.15,1406207
0.16,1405774
0.16,1402394
0.16,1402253
0.17,1401876
0.17,1397744
0.17,1396353
0.17,1396117
0.17,1392711
0.18,1382737
0.18,1382530
0.18,1373451
0.18,1372113
0.18,1363278
0.19,1347272
0.19,1346068
0.20,1345201
0.20,1339713
0.20,1339554
0.21,1338389
0.21,1336555
0.21,1332031
0.21,1328167
0.22,1324738
0.23,1321358
0.24,1321284
0.24,1321174
0.25,1319764
0.29,1318074
0.58,1317617
0.74,1311345
1.48,1292801
1.49,1291912
2.05,1290606
2.05,1285582
2.05,1285316
2.05,1271411
2.06,1267813
2.06,1265739
2.07,1218872
2.09,1206068
2.10,1205261
2.11,1205250
3.41,1205171
3.58,1205049
4.79,1202648
4.79,1201980
8.33,1184856
8.34,1183871
8.34,1182731
8.35,1177861
8.37,1177379
8.40,1177328
28.28,1176333
74.11,1176211
411.76,1176151
