0.07,10358329
0.07,10320662
0.07,10287616
0.07,10278185
0.07,10240426
0.07,10219610
0.07,10113129
0.07,10057471
0.07,10052661
0.08,10052543
0.08,9983464
0.08,9962774
0.08,9957121
0.08,9764014
0.08,9708729
0.08,9693628
0.08,9672253
0.08,9539051
0.08,9534570
0.08,9525069
0.08,9468335
0.08,9424549
0.08,9423825
0.08,9412290
0.08,9411106
0.08,9398222
0.08,9230285
0.09,9221052
0.09,9184034
0.09,9160263
0.09,9149822
0.09,9099247
0.09,9008226
0.09,8966289
0.09,8875995
0.09,8788647
0.09,8528300
0.09,8522838
0.09,8521702
0.09,8507927
0.09,8367965
0.09,8290827
0.09,8277043
0.09,8271788
0.09,8146957
0.09,8070935
0.09,7976749
0.09,7970700
0.09,7914454
0.09,7846330
0.09,7818286
0.09,7791912
0.09,7791000
0.09,7770150
0.09,7692543
0.09,7691285
0.09,7686600
0.09,7686006
0.09,7624957
0.09,7624584
0.09,7616864
0.09,7615156
0.09,7614850
0.09,7583141
0.09,7582774
0.09,7564417
0.09,7564222
0.09,7471506
0.09,7458318
0.10,7379461
0.10,7378428
0.10,7201035
0.10,7191471
0.10,7169919
0.10,7163318
0.10,7114963
0.10,7060754
0.10,7059547
0.10,6990584
0.10,6940882
0.10,6914681
0.10,6904685
0.10,6852348
0.10,6841747
0.10,6788133
0.10,6692971
0.10,6662809
0.10,6631952
0.10,6631859
0.10,6622519
0.10,6579304
0.10,6515124
0.10,6474681
0.10,6305171
0.10,6300180
0.10,6266553
0.10,6138519
0.10,6111945
0.10,6094767
0.10,6084524
0.10,6080718
0.10,6065737
0.10,6064101
0.10,6063006
0.10,6060204
0.10,5972443
0.10,5947738
0.10,5744521
0.10,5719957
0.10,5707433
0.10,5705315
0.10,5686808
0.10,5667589
0.10,5538869
0.10,5512119
0.11,5491590
0.11,5465297
0.11,5447658
0.11,5287667
0.11,5257531
0.11,5232742
0.11,5225519
0.11,5223095
0.11,5210299
0.11,5150004
0.11,5009160
0.11,4987499
0.11,4984174
0.11,4983977
0.11,4983270
0.11,4982410
0.11,4981978
0.11,4978140
0.11,4949307
0.11,4944375
0.11,4903525
0.11,4901664
0.11,4849908
0.11,4770912
0.11,4710408
0.11,4705089
0.11,4704008
0.11,4699098
0.11,4681567
0.11,4655169
0.11,4595843
0.11,4544027
0.11,4540758
0.11,4533754
0.11,4421006
0.11,4410969
0.11,4409268
0.11,4406061
0.11,4401803
0.11,4335260
0.11,4302759
0.11,4275732
0.11,4239437
0.11,4233653
0.11,4197603
0.11,4163167
0.11,4145690
0.11,4145488
0.11,4133925
0.11,4133840
0.11,4132860
0.11,4126997
0.11,4122407
0.11,4079408
0.12,4074466
0.12,3988218
0.12,3987413
0.12,3982021
0.12,3981378
0.12,3974123
0.12,3972164
0.12,3941872
0.12,3936533
0.12,3911874
0.12,3894551
0.12,3850624
0.12,3850085
0.12,3834154
0.12,3832314
0.12,3805049
0.12,3803738
0.12,3803379
0.12,3712278
0.12,3700084
0.12,3699213
0.12,3662954
0.12,3635129
0.12,3634122
0.12,3633180
0.12,3629227
0.12,3577939
0.12,3563595
0.12,3563428
0.12,3557114
0.12,3540165
0.12,3537583
0.12,3536510
0.12,3495327
0.12,3473060
0.12,3468254
0.12,3426632
0.12,3420447
0.13,3417225
0.13,3409959
0.13,3408138
0.13,3405864
0.13,3391807
0.13,3389185
0.13,3388310
0.13,3379001
0.13,3356448
0.13,3351703
0.13,3347763
0.13,3334063
0.13,3322754
0.13,3251394
0.13,3236593
0.13,3232857
0.13,3191532
0.13,3191148
0.13,3189680
0.13,3168732
0.13,3163601
0.13,3160363
0.13,3153137
0.13,3149358
0.13,3143994
0.13,3140412
0.13,3126378
0.13,3105958
0.13,3088635
0.13,3055045
0.13,3052214
0.13,3051897
0.13,3050852
0.13,3049542
0.13,3048648
0.13,3036761
0.13,3027773
0.13,3027188
0.13,3014428
0.13,3011855
0.13,2996711
0.13,2987204
0.13,2974488
0.13,2972811
0.13,2970878
0.13,2964997
0.13,2964527
0.14,2961596
0.14,2961488
0.14,2926026
0.14,2870122
0.14,2862331
0.14,2800708
0.14,2785934
0.14,2718416
0.14,2716828
0.14,2716257
0.14,2713991
0.14,2669651
0.14,2662299
0.14,2660208
0.14,2657693
0.14,2657573
0.14,2653573
0.14,2650635
0.15,2629671
0.15,2626781
0.15,2610097
0.15,2608514
0.15,2589705
0.15,2557911
0.15,2555248
0.15,2540277
0.15,2540193
0.15,2471658
0.15,2465321
0.15,2433543
0.15,2429735
0.15,2424433
0.15,2423478
0.15,2392017
0.15,2318523
0.15,2318212
0.15,2304874
0.15,2266058
0.15,2255243
0.15,2237751
0.15,2231374
0.15,2226553
0.15,2217787
0.15,2214001
0.15,2205947
0.15,2191051
0.16,2189034
0.16,2179888
0.17,2177008
0.17,2171508
0.17,2167081
0.17,2166898
0.17,2157889
0.17,2156401
0.17,2150282
0.17,2148560
0.17,2127903
0.17,2123932
0.17,2122068
0.17,2115734
0.18,2115603
0.18,2104787
0.18,2104571
0.18,2098045
0.18,2082382
0.18,2073366
0.18,2065306
0.18,2063574
0.18,2063498
0.18,2062274
0.18,2053245
0.18,2048107
0.18,2047042
0.18,2046946
0.18,2044988
0.18,2040013
0.21,2039807
0.21,2028157
0.26,2014029
0.26,2000070
0.26,1998183
0.26,1963772
0.26,1961186
0.26,1958662
0.26,1955148
0.26,1954483
0.26,1953814
0.26,1952017
0.26,1949228
0.26,1949010
0.26,1947790
0.26,1943834
0.26,1940839
0.28,1925286
0.28,1919107
0.28,1913691
0.28,1907908
0.28,1897334
0.28,1894264
0.31,1893147
0.31,1892309
0.31,1891690
0.31,1891399
0.31,1885828
0.31,1881243
0.31,1879937
0.31,1878639
0.31,1878499
0.31,1877170
0.31,1876161
0.31,1873185
0.36,1854660
0.36,1853042
0.36,1834598
0.36,1828986
0.37,1823266
0.37,1819816
0.37,1812285
0.37,1809112
0.37,1806764
0.37,1803492
0.37,1801159
0.37,1796675
0.37,1781597
0.37,1781054
0.37,1773188
0.37,1769021
0.37,1767690
0.37,1748651
0.37,1747845
0.40,1743117
0.40,1742556
0.40,1733667
0.41,1729229
0.41,1724196
0.65,1715132
0.65,1678259
0.65,1673658
0.91,1660053
0.91,1657003
0.91,1648450
0.91,1635200
0.91,1635196
0.91,1624761
0.91,1622563
0.91,1619640
0.91,1606560
0.91,1604135
0.91,1603600
0.91,1601796
0.91,1601114
0.92,1600883
1.47,1587123
1.48,1580527
1.48,1578855
1.48,1577549
1.48,1556371
1.48,1554831
1.48,1552041
1.48,1546671
1.48,1543589
1.48,1540918
1.48,1540593
1.48,1536325
1.48,1525216
1.48,1516938
1.48,1516058
1.48,1514655
1.73,1509713
1.73,1508548
1.73,1500777
2.53,1498216
2.53,1496392
2.53,1495278
2.53,1495030
2.53,1484684
2.53,1483766
2.53,1480417
2.53,1478293
2.53,1468889
2.53,1465959
2.55,1465870
2.55,1462273
2.55,1453194
2.55,1453109
2.55,1441569
3.39,1436714
3.39,1436130
3.44,1435654
3.44,1435489
3.44,1435470
3.44,1435089
3.44,1431161
3.44,1423478
3.44,1422611
3.72,1420850
3.72,1412236
3.79,1404510
3.98,1393196
3.98,1393000
3.98,1384042
4.48,1383475
4.93,1382777
4.94,1378162
4.94,1377652
4.94,1376424
4.94,1375945
4.94,1371822
4.94,1370653
5.19,1369030
5.19,1367749
5.19,1363587
5.19,1354712
5.19,1340475
5.19,1340304
5.19,1338449
5.19,1332050
5.19,1331177
5.19,1331141
5.19,1330743
5.19,1330268
5.19,1327172
5.62,1326588
5.62,1323454
5.62,1320321
5.63,1318308
5.63,1314756
5.63,1313949
6.03,1310542
6.15,1310050
6.15,1307267
6.17,1305690
6.17,1304651
6.17,1301850
6.17,1300365
6.17,1300233
6.17,1298232
6.17,1291096
6.18,1290250
6.18,1288288
6.19,1280218
6.19,1280169
6.19,1275449
6.19,1272136
6.19,1268968
6.19,1268284
6.19,1265518
6.19,1259022
6.20,1258159
6.20,1256226
6.20,1254832
6.20,1254355
7.56,1252067
7.56,1237222
7.56,1236054
7.56,1235147
7.56,1235106
7.57,1235088
7.57,1232535
7.57,1230310
7.57,1228092
7.58,1226252
7.58,1221369
10.00,1220002
10.00,1219947
10.00,1218769
10.16,1217752
10.62,1217290
10.62,1216394
10.62,1215162
10.63,1214859
10.90,1214547
10.90,1213892
10.90,1213428
10.90,1211001
10.90,1209292
11.40,1207414
11.74,1206739
11.74,1205454
11.74,1205428
12.04,1205376
12.04,1203336
12.12,1201774
12.12,1200747
12.12,1200381
12.12,1200136
12.12,1199994
12.13,1199633
12.16,1199565
13.01,1199145
13.01,1198486
13.58,1197383
13.62,1196683
13.62,1196084
13.62,1196041
13.62,1195646
13.62,1194976
13.62,1192938
13.62,1192829
13.63,1192407
13.63,1191207
13.63,1190919
13.63,1189947
14.64,1189269
14.64,1188792
14.64,1188597
14.64,1187708
14.64,1187109
14.72,1186489
16.15,1186063
16.37,1184693
16.37,1181782
17.79,1181423
17.81,1180712
17.81,1180159
17.81,1179697
17.81,1179307
17.82,1179199
17.82,1179197
17.83,1178946
18.32,1178787
20.13,1178665
20.13,1178614
20.13,1178549
20.13,1178143
20.25,1178060
21.03,1177754
22.21,1177635
22.39,1177235
22.39,1177028
22.43,1176824
22.44,1176758
23.03,1176694
23.03,1176694
23.16,1176533
23.20,1176416
23.20,1176352
23.21,1176276
24.11,1176211
25.26,1176202
29.50,1176151
