0.06,9473883
0.07,9368430
0.07,9366025
0.07,9365211
0.07,9220789
0.07,9213607
0.07,9080548
0.07,9075302
0.07,9068380
0.07,8976404
0.07,8944934
0.07,8920596
0.07,8811210
0.08,8734119
0.08,8675906
0.08,8588442
0.08,8456793
0.08,8453767
0.08,8406615
0.08,8400409
0.08,8346520
0.08,8313427
0.08,8094660
0.08,8087148
0.09,7956749
0.09,7951335
0.09,7865410
0.09,7828478
0.09,7751369
0.09,7701172
0.09,7619049
0.09,7616643
0.09,7596511
0.09,7589704
0.09,7585599
0.09,7574526
0.09,7562101
0.09,7560620
0.09,7557642
0.09,7529619
0.09,7413928
0.09,7413741
0.09,7358104
0.09,7354769
0.09,7299093
0.09,7205557
0.09,7202061
0.09,7056425
0.09,7055830
0.09,7048141
0.09,7042830
0.09,7038233
0.09,7037216
0.09,6659455
0.09,6658081
0.09,6441699
0.09,6420250
0.09,6385315
0.09,6282038
0.09,6266594
0.09,6253933
0.09,6214215
0.09,6201107
0.09,6168116
0.09,6166863
0.09,6153060
0.09,6145965
0.10,6132244
0.10,6078528
0.10,6020665
0.10,5966260
0.10,5965641
0.10,5949254
0.10,5878699
0.10,5825943
0.10,5799576
0.10,5781166
0.10,5776934
0.10,5734247
0.10,5733798
0.10,5728872
0.10,5726540
0.10,5718949
0.10,5714825
0.10,5687692
0.10,5643511
0.10,5623243
0.10,5610574
0.10,5569997
0.10,5536862
0.10,5525477
0.10,5510791
0.10,5498487
0.10,5482805
0.10,5386870
0.10,5380717
0.10,5362880
0.10,5361319
0.10,5349859
0.10,5335297
0.10,5326445
0.10,5323331
0.10,5306845
0.10,5298987
0.10,5285322
0.10,5271740
0.10,5262990
0.10,5260382
0.10,5259930
0.10,5168533
0.10,5138080
0.10,5082934
0.10,5080249
0.10,5017072
0.10,4983901
0.10,4983346
0.10,4973402
0.10,4963205
0.11,4940491
0.11,4938702
0.11,4938467
0.11,4878137
0.11,4791927
0.11,4779806
0.11,4748879
0.11,4744401
0.11,4728652
0.11,4728535
0.11,4691078
0.11,4689692
0.11,4688324
0.11,4637468
0.11,4615723
0.11,4612672
0.11,4604872
0.11,4597126
0.11,4572582
0.11,4569458
0.11,4540369
0.11,4517952
0.11,4507997
0.11,4502271
0.11,4457914
0.11,4457608
0.11,4420078
0.11,4348009
0.11,4340516
0.11,4326418
0.11,4310111
0.11,4184738
0.11,4097081
0.11,4063290
0.11,4025776
0.11,4003052
0.12,4002890
0.12,3967473
0.12,3952389
0.12,3948779
0.12,3928814
0.12,3927929
0.12,3927893
0.12,3912412
0.12,3910198
0.12,3829549
0.12,3825113
0.12,3817718
0.12,3789877
0.12,3787031
0.12,3755523
0.12,3753638
0.12,3751570
0.12,3745131
0.12,3729217
0.12,3728308
0.12,3727949
0.13,3719200
0.13,3716665
0.13,3713213
0.13,3667997
0.13,3657430
0.13,3652499
0.13,3652486
0.13,3648612
0.13,3630230
0.13,3602845
0.13,3590561
0.13,3585097
0.13,3577377
0.13,3566906
0.13,3566713
0.13,3566512
0.13,3563486
0.13,3515889
0.14,3481218
0.14,3460390
0.14,3424211
0.14,3424094
0.14,3393058
0.14,3390133
0.14,3383199
0.14,3370202
0.14,3351330
0.14,3349482
0.14,3341848
0.14,3339744
0.14,3315309
0.14,3228960
0.14,3204014
0.14,3202230
0.14,3197419
0.14,3168813
0.14,3164705
0.14,3164043
0.14,3154085
0.14,3153772
0.14,3149164
0.14,3131594
0.14,3091231
0.14,3091191
0.14,3087922
0.15,3067086
0.15,3036707
0.15,3031802
0.15,3014872
0.15,2994528
0.15,2994192
0.15,2990823
0.15,2990364
0.15,2975360
0.15,2972423
0.15,2940959
0.15,2934593
0.15,2924721
0.15,2916891
0.15,2913092
0.15,2907461
0.15,2893010
0.15,2892702
0.15,2892697
0.15,2888034
0.15,2830722
0.15,2817369
0.15,2817242
0.15,2814003
0.15,2813553
0.15,2812290
0.15,2807178
0.15,2804764
0.15,2797688
0.15,2733830
0.15,2732751
0.15,2703832
0.15,2703172
0.16,2683130
0.16,2682877
0.16,2613721
0.16,2602519
0.16,2601075
0.16,2597204
0.16,2596844
0.16,2592985
0.16,2591938
0.16,2569395
0.17,2566705
0.17,2566414
0.17,2557168
0.17,2550539
0.17,2549600
0.17,2549042
0.17,2544632
0.17,2541683
0.17,2541104
0.17,2540491
0.17,2501647
0.17,2486710
0.17,2481271
0.17,2481243
0.17,2478772
0.17,2475652
0.17,2474827
0.17,2433086
0.17,2433081
0.17,2414365
0.17,2393583
0.17,2367158
0.17,2364567
0.17,2357689
0.17,2349803
0.17,2342654
0.18,2340611
0.18,2329330
0.18,2316588
0.18,2304748
0.18,2304628
0.18,2301089
0.18,2299143
0.18,2294667
0.18,2276655
0.18,2270349
0.18,2246420
0.18,2243715
0.18,2240756
0.18,2240262
0.18,2234559
0.18,2233167
0.18,2224958
0.18,2193061
0.18,2179155
0.18,2169180
0.18,2140380
0.18,2139016
0.18,2125973
0.18,2109559
0.18,2104793
0.18,2092991
0.18,2079443
0.18,2078510
0.18,2077731
0.18,2075238
0.18,2071339
0.18,2066109
0.18,2064799
0.19,2055270
0.19,2051528
0.19,2051007
0.19,2050268
0.19,2009406
0.19,2001584
0.19,1996261
0.20,1992772
0.21,1975149
0.21,1940821
0.21,1940821
0.21,1934282
0.21,1933003
0.21,1931644
0.21,1918959
0.21,1918195
0.21,1918154
0.21,1899859
0.21,1898191
0.21,1895787
0.21,1894398
0.21,1857611
0.21,1856742
0.21,1854833
0.21,1854414
0.21,1820073
0.21,1814362
0.21,1799014
0.21,1791727
0.21,1791306
0.23,1779618
0.29,1777186
0.29,1768491
0.29,1759169
0.29,1756858
0.31,1716303
0.31,1715049
0.31,1704771
0.31,1704590
0.32,1696204
0.32,1691008
0.32,1671385
0.32,1667100
0.32,1659065
0.32,1658833
0.32,1658198
0.34,1649886
0.34,1648119
0.35,1645591
0.35,1636605
0.94,1633828
0.94,1628428
0.94,1628069
0.94,1627530
0.94,1625915
0.95,1617102
0.95,1611494
0.95,1607052
1.36,1600924
1.36,1599533
1.36,1593576
1.36,1580941
1.36,1580915
1.36,1577758
1.36,1562662
1.36,1561577
1.36,1560556
1.57,1560160
1.57,1560123
1.57,1558089
1.57,1557856
1.57,1555637
1.57,1555396
1.57,1553437
1.96,1534519
2.12,1533741
2.12,1531477
2.12,1531203
2.12,1531128
2.12,1522558
2.13,1522395
2.13,1522253
2.13,1521795
2.13,1518770
2.14,1515388
2.14,1506475
2.14,1502236
2.14,1501906
2.14,1499242
2.14,1498926
2.14,1497141
2.14,1491881
2.14,1490595
2.14,1483409
2.14,1482852
2.14,1481387
2.14,1480377
2.14,1478538
2.14,1478089
2.14,1476092
2.14,1472613
2.14,1471288
2.14,1468142
2.14,1456113
2.14,1455916
2.14,1450662
2.14,1450614
2.15,1444165
2.15,1443886
2.15,1438008
2.15,1433432
2.15,1427817
2.15,1425511
2.45,1424878
2.45,1404693
2.45,1400723
3.32,1399758
3.32,1397659
3.32,1394156
3.32,1390435
3.33,1380469
4.26,1373063
4.37,1369666
4.37,1369324
4.37,1363426
4.38,1361455
4.38,1359168
4.38,1356064
4.56,1355978
4.56,1352827
4.56,1352206
4.56,1345352
4.56,1341761
4.57,1339281
4.58,1338589
4.58,1337691
4.72,1336905
4.72,1334847
4.72,1332594
4.72,1332059
5.28,1331889
5.28,1330390
5.28,1329613
5.28,1327590
5.28,1327449
5.28,1326703
5.61,1321719
5.78,1319647
5.78,1318889
5.79,1317435
5.79,1316219
5.79,1316097
5.79,1314028
5.79,1313624
5.79,1313388
5.79,1313224
5.79,1311234
5.80,1293555
5.80,1290608
5.96,1290311
5.96,1290247
5.96,1289360
5.97,1288767
5.97,1284543
5.98,1282916
5.98,1282186
5.99,1280645
5.99,1279945
5.99,1279283
5.99,1273264
5.99,1270500
5.99,1269029
5.99,1268927
5.99,1265439
5.99,1263439
5.99,1258259
6.00,1257769
6.00,1254972
6.00,1254729
7.36,1254383
7.37,1252424
7.37,1252156
7.37,1248828
7.37,1247783
7.37,1247574
7.96,1246972
8.06,1246433
8.24,1245545
8.24,1243400
8.24,1242851
8.24,1238099
8.24,1237486
8.24,1237053
8.24,1236144
8.40,1236040
8.44,1235981
8.45,1235947
8.45,1235679
8.45,1234318
8.90,1234113
8.90,1233030
8.90,1232763
8.90,1226003
8.90,1224796
8.91,1224099
9.34,1223623
9.34,1223513
9.34,1221410
9.36,1221001
9.42,1220010
9.43,1215694
9.43,1215652
9.43,1212420
9.43,1210040
10.56,1209416
11.21,1208142
11.52,1208048
11.52,1205856
11.52,1205629
11.92,1204147
11.96,1202630
11.96,1201974
12.89,1201686
12.90,1199535
12.90,1198373
13.29,1197543
13.29,1196841
13.29,1196210
13.29,1195904
13.29,1195394
13.29,1195394
13.29,1194998
13.29,1194983
13.29,1194638
13.29,1192998
13.29,1192628
13.29,1191747
13.30,1190985
13.30,1190850
13.30,1189878
13.30,1189288
14.51,1188881
14.51,1188358
14.61,1188041
15.44,1187705
15.88,1186089
15.88,1185873
15.88,1185807
15.88,1185139
15.89,1183670
15.89,1182849
15.89,1182187
17.04,1181818
17.22,1180523
17.22,1180488
17.63,1180138
17.63,1180026
17.63,1179693
17.82,1179395
17.87,1177651
18.54,1177526
18.55,1177421
18.57,1176808
22.87,1176729
22.87,1176729
23.08,1176443
25.78,1176435
25.89,1176262
25.90,1176211
