0.06,9825867
0.06,9823406
0.06,9816915
0.06,9795051
0.06,9766751
0.06,9659875
0.06,9657197
0.06,9577585
0.06,9504746
0.06,9424196
0.06,9363002
0.06,9337491
0.07,9215398
0.07,9088281
0.07,9083132
0.07,9081560
0.07,9065894
0.07,9009248
0.07,8985311
0.07,8778561
0.07,8775480
0.07,8508102
0.07,8503728
0.07,8501745
0.07,8434070
0.07,8426941
0.07,8373650
0.07,8344694
0.07,8206132
0.07,8136583
0.07,8096009
0.07,8090237
0.07,8073532
0.08,8040216
0.08,7749095
0.08,7723934
0.08,7700490
0.08,7694749
0.08,7683600
0.08,7652047
0.08,7644015
0.08,7615448
0.08,7615402
0.08,7488575
0.08,7450008
0.08,7447162
0.08,7403375
0.08,7264707
0.08,7205021
0.08,7045813
0.08,7042490
0.08,6971348
0.08,6961783
0.08,6948710
0.08,6843319
0.08,6833403
0.08,6816812
0.08,6806936
0.08,6767200
0.08,6748907
0.08,6740227
0.08,6704698
0.08,6704609
0.08,6704577
0.08,6701474
0.08,6676531
0.08,6671538
0.08,6518539
0.08,6498626
0.08,6488438
0.08,6392350
0.08,6355907
0.08,6344577
0.08,6307632
0.08,6289827
0.08,6279661
0.08,6251505
0.08,6170851
0.08,6167908
0.08,6123779
0.08,6093861
0.08,6051275
0.09,6007019
0.09,5988820
0.09,5958568
0.09,5883703
0.09,5710464
0.09,5699508
0.09,5567117
0.09,5559481
0.09,5528647
0.09,5515080
0.09,5429675
0.09,5427510
0.09,5396426
0.09,5386637
0.09,5317541
0.09,5315512
0.09,5243171
0.09,5231284
0.09,5229941
0.09,5227460
0.09,5221906
0.09,5220435
0.09,5188640
0.09,5181520
0.09,5160415
0.09,5160414
0.09,5062932
0.09,4986178
0.09,4951995
0.09,4951457
0.09,4853941
0.09,4847293
0.09,4825528
0.09,4819725
0.09,4813833
0.09,4812553
0.09,4806519
0.09,4775377
0.09,4771021
0.09,4765262
0.09,4762972
0.09,4746173
0.09,4743090
0.09,4737747
0.09,4684773
0.09,4681682
0.09,4678795
0.09,4631373
0.09,4625258
0.09,4616841
0.09,4607716
0.09,4599247
0.09,4598596
0.09,4597821
0.09,4564648
0.09,4562821
0.09,4551546
0.09,4551346
0.09,4546017
0.09,4543143
0.10,4495748
0.10,4494294
0.10,4471688
0.10,4426975
0.10,4410379
0.10,4330800
0.10,4306536
0.10,4249648
0.10,4242595
0.10,4212456
0.10,4178267
0.10,4174165
0.10,4090922
0.10,4089598
0.10,4077808
0.10,4052828
0.10,4049598
0.10,3980861
0.10,3898986
0.10,3897962
0.10,3896023
0.10,3895988
0.10,3894328
0.10,3876572
0.10,3875645
0.10,3867030
0.10,3862469
0.10,3850268
0.10,3838014
0.10,3821731
0.10,3821512
0.10,3794171
0.10,3787759
0.10,3783535
0.10,3762992
0.10,3721595
0.10,3687590
0.10,3672754
0.10,3672318
0.10,3668339
0.10,3668262
0.10,3620521
0.10,3619708
0.10,3558928
0.10,3558521
0.10,3556753
0.10,3552920
0.10,3541583
0.10,3538234
0.10,3532978
0.10,3531324
0.10,3502555
0.10,3484229
0.10,3437751
0.10,3435927
0.10,3433861
0.10,3433718
0.10,3424219
0.10,3424070
0.10,3414882
0.10,3414848
0.10,3409782
0.10,3382811
0.10,3379777
0.10,3379169
0.11,3324833
0.11,3311153
0.11,3310701
0.11,3265125
0.11,3261808
0.11,3228692
0.11,3226675
0.11,3215151
0.11,3208709
0.11,3203777
0.11,3200911
0.11,3144582
0.11,3144344
0.11,3142960
0.11,3141339
0.11,3121102
0.11,3109479
0.11,3103328
0.11,3098289
0.11,3095504
0.11,3014045
0.11,2966423
0.11,2953681
0.11,2948313
0.11,2939903
0.11,2932278
0.11,2931661
0.11,2923648
0.11,2918434
0.11,2845075
0.11,2841260
0.11,2836367
0.11,2831155
0.11,2817468
0.11,2817050
0.11,2814027
0.11,2793899
0.11,2786509
0.11,2785170
0.11,2755863
0.12,2749788
0.12,2745336
0.12,2592305
0.12,2591395
0.12,2589788
0.12,2567170
0.12,2547460
0.12,2524195
0.12,2501330
0.12,2496444
0.12,2494566
0.12,2492609
0.12,2485866
0.12,2422255
0.12,2403794
0.12,2400351
0.12,2389934
0.12,2377725
0.12,2355074
0.12,2351986
0.12,2265255
0.12,2247761
0.12,2245290
0.12,2235753
0.12,2234620
0.12,2199003
0.12,2198971
0.12,2197429
0.13,2196578
0.13,2191279
0.13,2181359
0.13,2180410
0.13,2179998
0.13,2151199
0.13,2146328
0.13,2143664
0.13,2141953
0.13,2140805
0.13,2136124
0.13,2127558
0.13,2126347
0.14,2119360
0.14,2097360
0.14,2096734
0.14,2091619
0.14,2090541
0.15,2085662
0.15,2083195
0.15,2042393
0.15,2038439
0.15,2033065
0.15,2018043
0.15,2012616
0.15,2010561
0.15,2010330
0.15,2010194
0.15,2009580
0.15,2007233
0.15,1993278
0.18,1969018
0.18,1965716
0.18,1963429
0.18,1953721
0.18,1949835
0.18,1949323
0.18,1941357
0.18,1906155
0.18,1890364
0.18,1887492
0.18,1886831
0.18,1886824
0.18,1886713
0.19,1879815
0.19,1876456
0.19,1875495
0.19,1872024
0.19,1871759
0.19,1871247
0.19,1869217
0.19,1861230
0.20,1860821
0.20,1856297
0.20,1853415
0.20,1853163
0.20,1848203
0.20,1845016
0.20,1831885
0.20,1830951
0.20,1825387
0.20,1825331
0.20,1818090
0.21,1816955
0.21,1811619
0.21,1805691
0.25,1791748
0.25,1778760
0.25,1775925
0.25,1774081
0.25,1773474
0.25,1732628
0.25,1731004
0.25,1730550
0.25,1728647
0.25,1725331
0.25,1725237
0.25,1689454
0.31,1672858
0.31,1662524
0.31,1651638
0.61,1647063
0.61,1642462
0.61,1642049
0.61,1627389
0.61,1618629
0.62,1615150
0.62,1610583
0.62,1606723
0.62,1601597
0.62,1601323
0.62,1595625
0.65,1595519
0.65,1594790
0.65,1578870
0.65,1570646
0.65,1568183
0.70,1562179
0.70,1561801
0.70,1552356
0.70,1548715
0.70,1544176
0.76,1535337
1.54,1531522
1.54,1525973
1.54,1513353
1.54,1500563
1.98,1500498
1.98,1500360
1.99,1499427
1.99,1498054
1.99,1494628
1.99,1493420
1.99,1493151
1.99,1488565
1.99,1482950
1.99,1476438
2.14,1467607
2.14,1464744
2.14,1462930
2.14,1462900
2.14,1456085
2.14,1454376
2.14,1453947
2.15,1448998
2.15,1447608
2.15,1445453
2.15,1444827
2.31,1434361
2.31,1423193
2.31,1420332
2.31,1420023
2.31,1418522
2.31,1396170
2.31,1396125
2.31,1380338
3.23,1378806
3.23,1378252
3.23,1378218
3.31,1376155
3.31,1375677
3.31,1364088
3.31,1363934
4.01,1362263
4.30,1362094
4.30,1360485
4.30,1359835
4.30,1354942
4.30,1354757
4.30,1339103
4.30,1338864
4.35,1336019
4.35,1335426
4.35,1334591
4.35,1331596
4.62,1330350
4.63,1329465
4.63,1328018
4.63,1325910
4.63,1325486
4.65,1320812
4.65,1320339
4.65,1320054
4.65,1318145
4.65,1317302
4.65,1313490
4.65,1311642
4.65,1310233
4.66,1301803
4.66,1301360
4.66,1299808
4.96,1290928
4.96,1289594
4.96,1288857
4.97,1288675
4.97,1288116
4.97,1287645
4.97,1284106
5.68,1283373
5.68,1282951
5.68,1282413
5.68,1280779
5.68,1280202
5.68,1280030
5.68,1279797
5.68,1279782
5.68,1278966
5.68,1276274
5.72,1271986
5.72,1270415
5.72,1270123
5.72,1269297
5.72,1269045
5.72,1266293
5.72,1254027
5.74,1250541
5.74,1250332
5.74,1249928
5.74,1244105
5.74,1243675
7.23,1238883
7.23,1234717
7.23,1233026
7.23,1226517
7.23,1225917
7.23,1225381
7.23,1224420
8.66,1220923
8.66,1220697
8.70,1218833
8.70,1214984
8.70,1214979
8.71,1214225
8.71,1213389
9.76,1212535
9.78,1212139
9.99,1211868
9.99,1210647
10.29,1209209
10.51,1208261
10.51,1205578
10.51,1204108
10.56,1202827
11.12,1201594
11.12,1199747
11.13,1196468
11.13,1196426
11.13,1194700
12.25,1194118
12.26,1193311
12.26,1192193
12.65,1191718
12.65,1189114
12.65,1188549
12.65,1188274
12.90,1187705
12.90,1187227
12.90,1186244
13.06,1185827
13.06,1185261
13.11,1184752
13.11,1184622
13.54,1181930
13.55,1181531
14.22,1181132
14.22,1180587
14.22,1180547
15.76,1180448
15.77,1179567
15.95,1179337
15.96,1179281
16.00,1178996
16.00,1177397
17.92,1177305
19.88,1177206
19.89,1176595
20.11,1176531
20.12,1176415
22.41,1176273
22.54,1176273
