0.06,9629673
0.06,9625783
0.07,9623461
0.07,9551861
0.07,9502675
0.07,9418076
0.07,9367305
0.07,9304426
0.07,9177522
0.07,9144146
0.07,9079001
0.07,8904881
0.07,8895676
0.07,8892976
0.07,8877373
0.07,8844438
0.07,8837841
0.07,8737730
0.07,8715971
0.07,8666730
0.07,8665276
0.07,8558270
0.07,8483150
0.07,8441414
0.07,8438417
0.07,8436354
0.07,8380105
0.08,8373397
0.08,8337838
0.08,8334963
0.08,8333431
0.08,8328877
0.08,8307347
0.08,8307206
0.08,8167911
0.08,7980595
0.08,7977673
0.08,7961186
0.08,7958194
0.08,7927753
0.08,7746757
0.08,7715016
0.08,7713506
0.08,7699714
0.08,7688424
0.08,7644012
0.08,7571569
0.08,7395930
0.08,7354875
0.08,7347669
0.08,7344409
0.09,7294638
0.09,7294106
0.09,7271106
0.09,7271086
0.09,7230850
0.09,7222535
0.09,7195431
0.09,7192143
0.09,7175586
0.09,7173546
0.09,7144035
0.09,7139000
0.09,7138873
0.09,7083122
0.09,7071713
0.09,7065063
0.09,7054186
0.09,6968750
0.09,6963715
0.09,6948770
0.09,6942772
0.09,6941292
0.09,6939171
0.09,6925602
0.09,6925213
0.09,6924879
0.09,6876633
0.09,6766917
0.09,6754267
0.09,6753625
0.09,6751219
0.09,6749855
0.09,6721786
0.09,6652800
0.09,6635715
0.09,6619487
0.09,6565253
0.09,6547524
0.09,6540627
0.09,6480588
0.09,6470821
0.09,6461620
0.09,6433259
0.09,6413558
0.09,6337331
0.09,6323320
0.10,6311327
0.10,6301361
0.10,6261514
0.10,6258880
0.10,6245064
0.10,6242059
0.10,6006189
0.10,6004064
0.10,5954640
0.10,5936850
0.10,5925088
0.10,5902346
0.10,5832478
0.10,5783687
0.10,5705272
0.10,5703341
0.10,5652873
0.10,5646628
0.10,5638796
0.10,5598808
0.10,5574611
0.10,5505548
0.10,5384026
0.10,5362466
0.10,5340645
0.10,5298748
0.10,5283481
0.10,5275902
0.10,5271258
0.10,5263982
0.10,5263793
0.10,5252350
0.10,5235361
0.10,5234955
0.10,5131489
0.10,5117075
0.10,5086674
0.10,5054109
0.10,5047415
0.10,5009723
0.10,5008668
0.10,4938008
0.10,4823348
0.10,4818278
0.10,4812058
0.10,4801356
0.10,4771509
0.10,4725432
0.10,4704661
0.10,4696758
0.10,4695546
0.10,4692214
0.10,4688927
0.10,4684282
0.10,4683465
0.10,4677238
0.10,4676812
0.10,4584330
0.10,4581236
0.10,4535275
0.10,4519256
0.10,4516936
0.10,4443462
0.10,4442366
0.10,4442256
0.11,4402551
0.11,4390726
0.11,4389766
0.11,4361430
0.11,4348563
0.11,4336169
0.11,4321164
0.11,4268635
0.11,4250704
0.11,4222333
0.11,4217389
0.11,4201731
0.11,4177729
0.11,4124516
0.11,4124308
0.11,4124147
0.11,4123761
0.11,4123393
0.11,4101084
0.11,4097982
0.11,4080058
0.11,4074161
0.11,4073633
0.11,4067057
0.11,4066708
0.11,4015102
0.11,4010533
0.11,4004057
0.11,3991070
0.11,3974866
0.11,3957634
0.11,3955387
0.11,3955296
0.11,3954906
0.11,3881435
0.11,3881279
0.11,3858466
0.11,3822167
0.11,3800230
0.11,3776029
0.11,3775583
0.11,3772025
0.11,3748586
0.11,3692175
0.11,3686171
0.11,3679520
0.11,3664404
0.11,3646979
0.11,3643844
0.11,3611665
0.11,3600937
0.11,3600821
0.11,3600006
0.11,3584891
0.11,3580643
0.11,3533571
0.11,3424143
0.11,3423793
0.11,3409664
0.12,3403275
0.12,3402269
0.12,3381588
0.12,3376296
0.12,3360626
0.12,3340529
0.12,3337483
0.12,3268932
0.12,3263895
0.12,3258152
0.12,3242931
0.12,3241252
0.12,3235993
0.12,3219344
0.12,3200575
0.12,3179830
0.12,3170893
0.12,3148667
0.12,3099511
0.12,3088274
0.12,3083461
0.12,3057300
0.12,3056560
0.12,3055589
0.12,3045215
0.12,3043590
0.12,3005313
0.12,2971809
0.12,2956747
0.12,2951682
0.12,2943107
0.12,2942630
0.12,2933399
0.12,2869772
0.12,2837379
0.12,2835140
0.12,2830530
0.12,2827345
0.12,2761688
0.12,2751847
0.12,2715273
0.12,2713975
0.13,2675869
0.13,2672034
0.13,2632554
0.13,2622502
0.13,2620864
0.13,2618745
0.13,2611095
0.13,2610905
0.13,2610208
0.13,2601222
0.13,2592245
0.13,2591682
0.13,2582398
0.13,2577249
0.13,2575800
0.13,2528089
0.13,2525852
0.13,2523339
0.13,2522036
0.13,2521173
0.13,2494420
0.14,2475370
0.14,2473027
0.14,2472422
0.14,2458320
0.14,2422795
0.14,2418739
0.14,2404489
0.14,2404125
0.14,2403994
0.14,2401091
0.14,2400455
0.14,2388528
0.14,2387228
0.14,2383479
0.14,2336776
0.14,2333083
0.14,2317718
0.14,2302524
0.14,2288856
0.14,2261847
0.14,2261793
0.15,2252354
0.15,2250473
0.15,2243741
0.16,2201083
0.16,2179716
0.17,2137868
0.17,2133646
0.17,2131791
0.17,2129486
0.17,2124136
0.17,2121136
0.17,2112254
0.17,2109102
0.17,2100618
0.17,2099493
0.17,2098895
0.17,2048538
0.17,2040730
0.17,2039945
0.17,2035190
0.17,2021556
0.17,1969483
0.18,1965322
0.18,1962742
0.18,1960546
0.18,1958857
0.18,1936430
0.18,1935553
0.18,1924729
0.18,1923601
0.18,1919234
0.18,1917861
0.18,1912499
0.18,1909279
0.18,1909013
0.18,1907719
0.18,1905774
0.19,1896646
0.20,1895558
0.20,1895487
0.20,1887430
0.20,1883668
0.21,1880124
0.21,1879845
0.21,1875965
0.21,1868503
0.21,1855454
0.21,1855446
0.21,1852586
0.21,1848361
0.21,1843870
0.21,1836553
0.21,1818153
0.21,1815093
0.21,1814541
0.21,1813014
0.21,1811692
0.21,1810196
0.21,1809677
0.21,1808054
0.21,1806523
0.21,1806299
0.22,1805404
0.22,1801571
0.22,1798442
0.22,1797296
0.22,1794635
0.22,1787108
0.40,1786726
0.40,1781984
0.40,1780547
0.40,1774416
0.40,1766230
0.40,1765791
0.40,1740467
0.40,1717846
0.40,1710959
0.40,1708675
0.40,1704575
0.40,1703643
0.52,1698335
0.52,1696275
0.52,1688905
0.52,1688323
0.52,1687639
0.53,1683332
0.53,1678715
0.53,1677142
0.53,1675889
0.53,1669828
0.53,1669649
0.53,1668381
0.53,1667118
0.53,1663386
0.53,1659766
0.53,1653040
0.53,1646453
0.53,1644770
0.53,1630286
0.53,1630121
0.53,1628476
0.53,1627624
0.55,1618916
0.55,1618519
0.55,1612181
0.55,1607197
0.55,1603682
0.56,1602336
0.91,1593741
0.91,1592654
0.91,1576714
0.91,1565506
0.92,1551040
1.15,1548160
1.15,1533826
1.15,1523643
1.68,1518921
1.68,1518605
1.68,1503948
1.68,1498687
1.68,1497160
1.68,1495894
1.68,1465148
1.68,1464412
1.69,1464166
1.69,1463901
1.69,1447651
1.69,1441006
1.69,1440153
1.69,1438087
1.69,1431614
1.69,1429539
2.93,1416058
2.93,1414972
2.93,1409854
2.94,1409302
2.94,1409042
2.94,1407523
2.94,1398661
3.60,1392864
3.60,1392572
3.60,1378165
3.60,1374890
3.60,1372760
3.60,1372568
3.60,1368796
3.60,1366971
3.60,1364116
3.60,1361293
3.60,1357154
3.60,1354725
3.60,1352388
3.60,1351186
3.61,1342793
3.61,1340689
3.61,1338192
3.62,1337402
3.62,1337380
4.27,1331736
4.27,1331210
4.27,1331029
4.27,1321667
4.27,1320266
4.27,1318601
4.32,1313101
4.98,1305106
4.98,1297917
4.98,1295223
5.61,1291130
5.61,1289755
5.61,1288135
5.61,1254614
5.61,1254091
5.61,1253757
5.63,1252294
5.63,1251633
6.91,1250730
6.91,1245121
6.91,1244268
6.91,1242442
7.80,1242194
7.96,1239934
8.18,1239356
8.18,1239012
8.71,1236905
8.71,1236749
8.72,1234296
8.76,1233997
8.76,1232619
8.76,1232325
8.76,1228053
8.76,1227520
8.99,1225155
9.00,1224829
9.88,1222051
9.92,1221871
9.95,1220348
9.95,1219669
10.44,1218322
10.44,1216983
11.10,1212334
11.10,1211793
11.10,1208383
11.99,1207337
12.29,1207143
12.67,1207009
12.97,1206928
12.97,1206104
12.99,1206003
12.99,1205195
13.17,1204652
13.20,1203659
13.71,1203183
13.71,1202957
13.72,1201057
13.72,1201054
14.05,1200118
14.32,1199929
14.32,1199530
14.33,1198868
14.34,1198123
14.37,1196597
14.37,1193980
14.37,1193319
15.67,1193261
15.67,1192807
16.72,1190601
18.18,1190440
18.41,1190156
18.65,1189870
18.74,1189393
19.66,1189351
19.67,1188806
19.67,1188410
19.68,1188398
19.68,1188347
19.68,1188287
19.76,1188210
19.94,1187714
19.94,1187536
21.33,1187431
23.51,1187357
25.24,1187215
26.11,1187164
26.88,1187164
