0.06,10049675
0.06,10024471
0.06,10017765
0.06,10007135
0.06,9995379
0.07,9932996
0.07,9688895
0.07,9676250
0.07,9667338
0.07,9507095
0.07,9500738
0.07,9499543
0.07,9456730
0.07,9443487
0.07,9392796
0.07,9383446
0.07,9372835
0.07,9298873
0.07,9298310
0.07,9223383
0.07,9176888
0.07,9097540
0.07,9071123
0.08,8954828
0.08,8879473
0.08,8575056
0.08,8561702
0.08,8557992
0.08,8430158
0.08,8415770
0.08,8353620
0.08,8350977
0.08,8350302
0.08,8341843
0.08,8327526
0.08,8323768
0.08,8195467
0.08,8180295
0.08,8121187
0.08,8117072
0.08,8057899
0.08,7992684
0.08,7929811
0.08,7613462
0.08,7571929
0.08,7550744
0.08,7548481
0.08,7475560
0.08,7475525
0.08,7475460
0.08,7454373
0.08,7425915
0.08,7424408
0.08,7414353
0.08,7374872
0.08,7362049
0.08,7361929
0.08,7317541
0.08,7298124
0.08,7217101
0.08,7207619
0.08,7106986
0.08,6955722
0.08,6949136
0.08,6841194
0.09,6819891
0.09,6792212
0.09,6791660
0.09,6615546
0.09,6598580
0.09,6596568
0.09,6594286
0.09,6592606
0.09,6561960
0.09,6560473
0.09,6493018
0.09,6484791
0.09,6462766
0.09,6458253
0.09,6305995
0.09,6089694
0.09,6075951
0.09,6033442
0.09,6023883
0.09,6023533
0.09,5994768
0.09,5994129
0.09,5990076
0.09,5981109
0.09,5963377
0.09,5861593
0.09,5861563
0.09,5816656
0.09,5806988
0.09,5805346
0.09,5801468
0.09,5790856
0.09,5726112
0.09,5722914
0.09,5721540
0.09,5678164
0.09,5663752
0.09,5656671
0.09,5527632
0.09,5490951
0.09,5464971
0.09,5462749
0.09,5401789
0.09,5393414
0.09,5390087
0.09,5383826
0.09,5374154
0.09,5365897
0.09,5225169
0.09,5158405
0.09,5157591
0.09,5155949
0.09,5026584
0.09,4983685
0.09,4977494
0.09,4934965
0.10,4890775
0.10,4862772
0.10,4854961
0.10,4822989
0.10,4818895
0.10,4818181
0.10,4768411
0.10,4766902
0.10,4732589
0.10,4717077
0.10,4677380
0.10,4672237
0.10,4665940
0.10,4653823
0.10,4628502
0.10,4627181
0.10,4612658
0.10,4510396
0.10,4489255
0.10,4481836
0.10,4444907
0.10,4385033
0.10,4370325
0.10,4367650
0.10,4367487
0.10,4366833
0.10,4362720
0.10,4346571
0.10,4240196
0.10,4177461
0.10,4175795
0.10,4167071
0.10,4157727
0.10,4156738
0.10,4140273
0.10,4069488
0.10,4049957
0.10,4044505
0.10,4043072
0.10,4025810
0.10,3977790
0.10,3883778
0.10,3879225
0.10,3878789
0.10,3876867
0.10,3862322
0.10,3860478
0.10,3851963
0.10,3841166
0.10,3838480
0.10,3802742
0.10,3773153
0.10,3749380
0.10,3740976
0.10,3738552
0.10,3736621
0.10,3732795
0.10,3707953
0.10,3707030
0.10,3700368
0.10,3684093
0.10,3682359
0.11,3676898
0.11,3664738
0.11,3652924
0.11,3590226
0.11,3587450
0.11,3579276
0.11,3574006
0.11,3515886
0.11,3508921
0.11,3504819
0.11,3477755
0.11,3466363
0.11,3455917
0.11,3447099
0.11,3446008
0.11,3441505
0.11,3412027
0.11,3411554
0.11,3408296
0.11,3407184
0.11,3406690
0.11,3398089
0.11,3396446
0.11,3396255
0.11,3394196
0.11,3384431
0.11,3376523
0.11,3373208
0.11,3352975
0.11,3338438
0.11,3312605
0.11,3276080
0.11,3256161
0.12,3178949
0.12,3175112
0.12,3172559
0.12,3111040
0.12,3104271
0.12,3103847
0.12,3078254
0.12,3067042
0.12,3058676
0.12,3031052
0.12,3025819
0.12,3009848
0.12,3005813
0.12,3004817
0.12,2999249
0.12,2997650
0.12,2949015
0.12,2940717
0.12,2924171
0.12,2920831
0.12,2909861
0.12,2889457
0.12,2880604
0.12,2879289
0.12,2879011
0.12,2874056
0.12,2873753
0.12,2856293
0.12,2853550
0.12,2847253
0.12,2847232
0.12,2798926
0.12,2795165
0.12,2794769
0.12,2786423
0.13,2770572
0.13,2755054
0.13,2752867
0.13,2752306
0.13,2747476
0.13,2728719
0.13,2727883
0.13,2683429
0.13,2681336
0.13,2681179
0.13,2679657
0.13,2679309
0.13,2641637
0.13,2627449
0.13,2624787
0.13,2619039
0.13,2597213
0.13,2576102
0.13,2575170
0.13,2564929
0.13,2564112
0.13,2536885
0.13,2497926
0.13,2492486
0.13,2490804
0.13,2483835
0.13,2476455
0.13,2474435
0.13,2474366
0.13,2471932
0.13,2442285
0.13,2429738
0.14,2424585
0.14,2422330
0.14,2421365
0.14,2416032
0.14,2414697
0.14,2412049
0.14,2409560
0.14,2324631
0.15,2319551
0.15,2305447
0.15,2294711
0.15,2290530
0.15,2290324
0.15,2288075
0.15,2258567
0.15,2256025
0.15,2182677
0.15,2170942
0.15,2169882
0.15,2152375
0.15,2149264
0.15,2149170
0.15,2144996
0.15,2139602
0.15,2126335
0.15,2120604
0.15,2115614
0.15,2115415
0.15,2103215
0.15,2098585
0.15,2087998
0.15,2085600
0.15,2083954
0.15,2083016
0.15,2080287
0.16,2079035
0.16,2076630
0.17,2073410
0.20,2046784
0.20,2044799
0.20,2030223
0.20,2024789
0.20,1995524
0.20,1985088
0.21,1982653
0.21,1976490
0.21,1971129
0.21,1970158
0.23,1954126
0.23,1945734
0.23,1942490
0.23,1940416
0.23,1914935
0.23,1898287
0.23,1890332
0.23,1887147
0.23,1881100
0.23,1875237
0.23,1868294
0.23,1864496
0.23,1860700
0.23,1853445
0.24,1837742
0.24,1836492
0.24,1815840
0.24,1795738
0.24,1794012
0.24,1790691
0.24,1787567
0.24,1773643
0.24,1772474
0.24,1770418
0.24,1766515
0.24,1761237
0.24,1714276
0.24,1711735
0.24,1706253
0.31,1691889
0.34,1684663
0.34,1684061
0.34,1674649
0.34,1673444
0.34,1664679
0.34,1659239
0.34,1659100
0.74,1653004
0.74,1644513
0.74,1640932
0.74,1633933
0.74,1632183
0.74,1628390
0.74,1619333
0.74,1612976
0.96,1609138
0.96,1586107
0.96,1584142
0.96,1583483
0.96,1582627
0.96,1582282
0.96,1576030
0.96,1575766
0.96,1567337
0.96,1563361
0.96,1560195
0.96,1559876
0.96,1559618
0.96,1558025
0.96,1552788
0.96,1545341
0.96,1544731
1.61,1536752
2.26,1532197
2.26,1529786
2.27,1523613
2.27,1522349
2.27,1521386
2.27,1515652
2.27,1509323
2.27,1506406
2.27,1481502
2.27,1481425
2.28,1478591
2.28,1475550
2.28,1475241
2.28,1475144
2.28,1474218
2.28,1472734
2.28,1471916
2.29,1468684
2.29,1461394
2.29,1457259
2.29,1454972
2.29,1451613
2.29,1438414
2.29,1438176
2.29,1431570
2.29,1429656
2.29,1426715
3.43,1426326
3.44,1419311
3.44,1418034
3.44,1411882
3.44,1402026
3.44,1395789
3.44,1395466
3.44,1395067
3.44,1390519
3.44,1387516
3.44,1387043
3.45,1381568
3.45,1375490
3.45,1373608
3.45,1360940
3.45,1358029
4.52,1349315
5.20,1345150
5.21,1344753
5.22,1340835
5.33,1338737
5.33,1331114
5.33,1329851
5.53,1326365
5.53,1325818
5.53,1325814
5.53,1325483
5.53,1322942
5.54,1317321
5.54,1317311
5.55,1314966
5.55,1313466
5.55,1305762
5.55,1304825
5.55,1304591
5.55,1303463
5.56,1302443
5.56,1299723
5.56,1290672
5.67,1290515
5.67,1289178
5.67,1289142
5.67,1288716
5.67,1287571
5.67,1286209
5.67,1284231
6.69,1283183
6.69,1281693
6.69,1278549
6.69,1278321
6.69,1277402
6.69,1274698
6.69,1274685
6.69,1273041
6.69,1272832
6.70,1265523
6.71,1263887
6.71,1261346
7.77,1260874
7.82,1258507
7.91,1258394
7.91,1258248
7.91,1255976
7.92,1247391
7.92,1246748
7.92,1244427
7.92,1242350
7.92,1238730
7.92,1238275
7.92,1231388
7.92,1231297
7.92,1229204
7.92,1225047
7.92,1224565
8.71,1215380
8.71,1213735
8.71,1212144
10.49,1210457
10.49,1210355
10.80,1209896
10.80,1207573
10.97,1207262
10.97,1207041
10.97,1206886
10.97,1205617
10.97,1203530
10.97,1203194
11.80,1202630
11.81,1201947
11.81,1201218
11.81,1199917
12.59,1199214
12.59,1197758
13.16,1197461
13.16,1196671
13.16,1195763
13.16,1195420
13.21,1195031
13.52,1194971
13.55,1194188
13.56,1193768
13.56,1193699
13.56,1192473
14.01,1191978
14.01,1191594
14.01,1190523
14.01,1189716
14.01,1189651
14.02,1188118
14.17,1188043
14.27,1187902
14.28,1186967
15.10,1186557
15.10,1182415
15.12,1182385
15.12,1181766
15.80,1181423
17.08,1180227
17.09,1180091
17.38,1179873
17.99,1179276
18.18,1179190
18.18,1179063
18.19,1178847
18.19,1178847
18.59,1178817
18.59,1178482
18.60,1178305
18.60,1177735
18.60,1177142
18.61,1177140
18.62,1176937
18.62,1176823
20.80,1176712
21.49,1176468
22.58,1176457
22.60,1176292
22.60,1176151
