0.00,9812327
0.01,9712055
0.01,9711986
0.01,9696088
0.01,9587257
0.01,9586141
0.01,9521578
0.01,9313609
0.01,9313570
0.01,8990640
0.01,8897439
0.01,8895095
0.01,8879489
0.01,8641066
0.01,8639052
0.01,8381455
0.01,8298875
0.02,8172283
0.02,8166465
0.02,8139642
0.02,8134147
0.02,8125953
0.02,8110219
0.02,8056140
0.02,8054525
0.02,8005926
0.02,7744645
0.02,7545060
0.02,7542807
0.03,7411315
0.03,7365220
0.03,7300246
0.03,7160113
0.03,7013334
0.03,6894133
0.03,6892489
0.03,6892486
0.03,6843690
0.03,6818550
0.03,6802432
0.03,6800627
0.03,6771193
0.03,6759282
0.03,6725406
0.03,6719401
0.03,6719392
0.03,6714182
0.03,6711802
0.03,6605757
0.03,6600555
0.03,6599536
0.03,6595812
0.03,6583918
0.03,6487288
0.03,6480735
0.04,6417283
0.04,6407316
0.04,6358880
0.04,6354734
0.04,6354521
0.04,6335137
0.04,6334986
0.04,6299200
0.04,6148095
0.04,6111138
0.04,6095381
0.04,6031984
0.04,6004349
0.04,6002855
0.04,5959126
0.04,5911950
0.04,5907508
0.04,5868014
0.04,5821465
0.04,5792160
0.04,5780767
0.04,5778127
0.04,5764608
0.04,5755453
0.04,5751033
0.04,5750794
0.04,5679408
0.05,5667253
0.05,5661927
0.05,5608286
0.05,5600878
0.05,5598380
0.05,5595014
0.05,5588041
0.05,5551052
0.05,5501728
0.05,5485002
0.05,5463399
0.05,5463260
0.05,5462944
0.05,5461789
0.05,5460775
0.05,5454496
0.05,5377559
0.05,5371854
0.05,5358452
0.05,5348661
0.05,5345745
0.05,5309451
0.05,5237462
0.05,5224597
0.05,5163127
0.05,5146361
0.05,5065432
0.05,5061385
0.05,5060678
0.05,5046811
0.05,5024168
0.05,4991821
0.05,4920769
0.05,4920577
0.05,4888322
0.05,4882231
0.05,4862414
0.05,4829385
0.05,4793146
0.05,4780759
0.05,4778800
0.05,4776498
0.05,4742567
0.05,4741814
0.05,4740732
0.05,4740535
0.05,4679791
0.05,4672001
0.05,4669797
0.05,4660918
0.05,4630119
0.05,4626365
0.05,4624804
0.06,4623096
0.06,4556555
0.06,4546772
0.06,4490728
0.06,4490567
0.06,4490153
0.06,4472120
0.06,4471096
0.06,4420146
0.06,4393224
0.06,4381148
0.06,4380516
0.06,4307727
0.06,4286642
0.06,4281548
0.06,4260744
0.06,4255864
0.06,4215329
0.06,4098134
0.06,4093666
0.06,4083899
0.06,4065144
0.06,4008747
0.06,3995128
0.06,3925324
0.06,3902180
0.06,3878284
0.06,3878191
0.06,3852773
0.06,3823538
0.06,3808218
0.06,3736793
0.06,3724521
0.06,3723841
0.06,3673527
0.06,3667949
0.06,3660895
0.06,3611022
0.06,3572763
0.06,3544772
0.06,3543445
0.06,3534018
0.06,3507338
0.06,3505488
0.06,3502633
0.06,3496443
0.06,3493051
0.06,3479597
0.06,3450405
0.06,3416170
0.06,3415204
0.06,3402493
0.06,3396968
0.07,3391226
0.07,3384393
0.07,3384286
0.07,3372958
0.07,3330340
0.07,3327379
0.07,3324969
0.07,3324780
0.07,3320318
0.07,3295041
0.07,3287260
0.07,3251125
0.07,3238767
0.07,3227480
0.07,3225789
0.07,3225106
0.07,3190801
0.07,3176580
0.07,3125921
0.07,3040514
0.07,3036581
0.07,3005911
0.07,2949820
0.07,2948156
0.07,2946469
0.07,2939386
0.07,2937260
0.07,2931250
0.07,2929362
0.07,2918550
0.07,2918332
0.07,2794001
0.07,2779505
0.07,2778876
0.07,2778638
0.07,2698637
0.08,2696245
0.08,2694364
0.08,2670985
0.08,2670553
0.08,2667819
0.08,2646463
0.08,2633859
0.08,2633114
0.08,2617789
0.08,2551716
0.08,2551702
0.08,2515613
0.08,2462948
0.08,2458949
0.08,2458863
0.08,2449839
0.08,2381835
0.08,2375141
0.08,2374874
0.08,2353038
0.08,2347336
0.08,2344907
0.08,2344228
0.08,2324549
0.08,2320266
0.08,2318840
0.08,2316255
0.08,2314774
0.08,2300278
0.08,2300137
0.08,2229978
0.08,2219163
0.09,2208192
0.09,2181676
0.09,2181676
0.09,2179668
0.09,2159943
0.09,2159010
0.09,2158342
0.09,2130040
0.09,2129987
0.09,2107034
0.09,2104366
0.09,2096565
0.09,2024136
0.09,2022064
0.09,2018743
0.09,2007335
0.09,2007128
0.09,2006426
0.09,1992224
0.09,1990021
0.09,1989183
0.09,1984695
0.09,1941849
0.09,1941264
0.09,1938136
0.09,1937997
0.10,1931797
0.10,1927891
0.10,1927162
0.10,1914409
0.10,1912223
0.10,1910139
0.10,1909659
0.10,1909420
0.10,1873376
0.10,1858187
0.10,1854443
0.10,1853379
0.10,1840011
0.10,1838278
0.10,1830128
0.10,1824724
0.10,1817123
0.10,1815290
0.10,1813038
0.10,1811915
0.10,1808158
0.10,1787360
0.11,1784499
0.11,1779635
0.11,1775746
0.11,1768420
0.11,1768074
0.12,1767502
0.12,1767448
0.12,1766927
0.12,1765749
0.12,1742386
0.12,1738445
0.12,1737677
0.12,1736085
0.12,1684887
0.12,1683405
0.12,1680704
0.13,1680245
0.13,1679344
0.13,1676807
0.13,1676737
0.13,1676290
0.13,1670542
0.13,1668872
0.13,1656720
0.13,1654338
0.13,1654170
0.14,1652672
0.14,1622294
0.14,1613572
0.14,1604047
0.14,1595724
0.14,1592406
0.14,1588181
0.14,1561735
0.14,1557793
0.14,1537687
0.14,1532572
0.14,1530956
0.14,1529604
0.14,1527310
0.14,1512292
0.14,1507342
0.15,1485377
0.15,1485247
0.15,1482908
0.15,1479647
0.15,1479528
0.15,1477101
0.15,1466299
0.15,1466257
0.16,1466106
0.16,1449487
0.16,1441050
0.17,1441042
0.17,1440293
0.17,1430252
0.18,1427375
0.19,1424409
0.19,1418852
0.19,1412474
0.20,1408059
0.21,1406374
0.22,1406308
0.22,1405976
0.23,1395539
0.23,1393320
0.23,1392484
0.24,1350153
0.25,1349550
0.25,1349051
0.26,1348618
0.26,1348477
0.27,1344669
0.27,1336438
0.30,1334748
0.41,1332492
0.42,1332443
0.43,1330404
0.46,1311560
0.65,1296862
0.66,1295902
0.67,1295871
0.68,1295761
0.68,1294780
0.69,1294752
0.72,1278628
0.82,1278503
0.83,1272555
0.83,1271949
0.85,1271875
0.86,1271444
0.88,1270586
0.90,1269591
4.84,1264612
4.84,1257699
4.84,1257194
4.84,1256377
4.85,1254256
4.86,1253517
4.86,1253042
4.87,1250769
4.88,1250489
4.88,1248849
4.89,1248648
4.93,1248533
5.09,1247754
5.41,1246966
5.42,1246790
5.42,1245341
5.43,1244717
5.51,1243070
5.52,1241859
5.54,1241686
5.54,1241447
5.54,1241421
5.55,1238776
5.55,1238776
5.56,1238359
5.58,1236849
5.58,1236735
5.60,1236669
5.75,1236013
5.77,1235983
5.78,1235777
5.81,1235708
6.30,1232130
6.33,1231323
11.21,1229071
11.22,1224853
11.22,1223788
11.23,1222379
11.24,1205765
11.24,1205761
11.25,1205015
11.27,1199992
15.78,1198572
15.79,1188014
15.80,1187414
15.81,1185449
15.84,1179668
15.84,1179164
15.87,1177674
15.89,1177519
15.90,1176620
15.93,1176569
383.79,1176211
535.86,1176151
