0.05,10262571
0.06,10166721
0.06,9989616
0.06,9985696
0.06,9857435
0.06,9855251
0.06,9853704
0.06,9853515
0.06,9752386
0.06,9478198
0.06,9475764
0.06,9409029
0.06,9406148
0.06,9338331
0.07,9335754
0.07,9243890
0.07,9133390
0.07,9126227
0.07,9032111
0.07,8996562
0.07,8994767
0.07,8984729
0.07,8967058
0.07,8960348
0.07,8825457
0.07,8824766
0.07,8801654
0.07,8750377
0.07,8733334
0.07,8729432
0.07,8709434
0.07,8566502
0.07,8510767
0.07,8320457
0.07,8302640
0.07,8268992
0.08,8265588
0.08,8148203
0.08,8049578
0.08,8047239
0.08,8029758
0.08,8010447
0.08,8009669
0.08,7836791
0.08,7826125
0.08,7687824
0.08,7641734
0.08,7609396
0.08,7609006
0.08,7605294
0.08,7341586
0.08,7235692
0.08,7202847
0.08,7038212
0.08,7026095
0.08,7003267
0.08,6889291
0.08,6885845
0.08,6798681
0.08,6771101
0.08,6747638
0.08,6746188
0.08,6743997
0.08,6743757
0.08,6739338
0.08,6738365
0.08,6698586
0.08,6688506
0.08,6679735
0.08,6675183
0.08,6640071
0.08,6616813
0.08,6524449
0.08,6462865
0.08,6461366
0.08,6450833
0.08,6423855
0.08,6344966
0.08,6340469
0.08,6340424
0.08,6316300
0.08,6283976
0.08,6255012
0.08,6231189
0.08,6199551
0.08,6162595
0.08,6161043
0.08,6131012
0.08,6110148
0.08,6086175
0.09,6032749
0.09,5966704
0.09,5855339
0.09,5845667
0.09,5764697
0.09,5693062
0.09,5690547
0.09,5552539
0.09,5448320
0.09,5287835
0.09,5253402
0.09,5248143
0.09,5231076
0.09,5222530
0.09,5220047
0.09,5191237
0.09,5188903
0.09,5188600
0.09,5185287
0.09,5181259
0.09,5168656
0.09,5118314
0.09,5118229
0.09,5117581
0.09,5116426
0.09,5113050
0.09,5008704
0.09,4992467
0.09,4876046
0.09,4734703
0.09,4733404
0.09,4709160
0.09,4708924
0.09,4706457
0.09,4648723
0.09,4617345
0.09,4599682
0.09,4593227
0.09,4593091
0.09,4569616
0.09,4515234
0.09,4487985
0.09,4460852
0.09,4456154
0.09,4441697
0.09,4413050
0.09,4404164
0.09,4404138
0.09,4402845
0.09,4393545
0.09,4393451
0.09,4386757
0.09,4318169
0.09,4312023
0.09,4277310
0.09,4264004
0.09,4205677
0.09,4204107
0.09,4114818
0.09,4110299
0.09,4106003
0.09,4060365
0.09,4059337
0.09,4009451
0.10,3991654
0.10,3949066
0.10,3940646
0.10,3938142
0.10,3898832
0.10,3853675
0.10,3811647
0.10,3801920
0.10,3785120
0.10,3780327
0.10,3706778
0.10,3702164
0.10,3700364
0.10,3682970
0.10,3682866
0.10,3673086
0.10,3664598
0.10,3661067
0.10,3653465
0.10,3644484
0.10,3643844
0.10,3635113
0.10,3634539
0.10,3604744
0.10,3604040
0.10,3602386
0.10,3599570
0.10,3597985
0.10,3597041
0.10,3585334
0.10,3547786
0.10,3546815
0.10,3546304
0.10,3544703
0.10,3529406
0.10,3496735
0.10,3495553
0.10,3474470
0.10,3471385
0.10,3470164
0.10,3447322
0.10,3446880
0.10,3444826
0.10,3424589
0.10,3412545
0.10,3381855
0.10,3381174
0.10,3374263
0.10,3245432
0.10,3239030
0.10,3208948
0.10,3197386
0.10,3190707
0.10,3181959
0.10,3181276
0.10,3174542
0.11,3168642
0.11,3150536
0.11,3090550
0.11,3054675
0.11,3012364
0.11,3003466
0.11,3000956
0.11,2977771
0.11,2945724
0.11,2940131
0.11,2910960
0.11,2908110
0.11,2865439
0.11,2863330
0.11,2861535
0.11,2842169
0.11,2839472
0.11,2810398
0.11,2808589
0.11,2791198
0.11,2748178
0.11,2740817
0.11,2729457
0.11,2719547
0.11,2672169
0.11,2670926
0.11,2670123
0.11,2669376
0.11,2668301
0.11,2646386
0.11,2635420
0.11,2634287
0.11,2633001
0.11,2600865
0.11,2597223
0.12,2589101
0.12,2572997
0.12,2566218
0.12,2539396
0.12,2537030
0.12,2535104
0.12,2534784
0.12,2493403
0.12,2490598
0.12,2482372
0.12,2470485
0.12,2459048
0.12,2454853
0.12,2452306
0.12,2452023
0.12,2450289
0.12,2446134
0.12,2446133
0.12,2429350
0.12,2425283
0.12,2388219
0.12,2380414
0.12,2335037
0.12,2334789
0.12,2332633
0.12,2329572
0.12,2279384
0.12,2258817
0.12,2256336
0.12,2244347
0.12,2240785
0.13,2237784
0.13,2237673
0.13,2222341
0.13,2220831
0.13,2218129
0.13,2197471
0.13,2195458
0.13,2190802
0.13,2189588
0.13,2176105
0.13,2170623
0.13,2156493
0.13,2153787
0.13,2148377
0.13,2144016
0.13,2140385
0.13,2111673
0.13,2107226
0.13,2100941
0.13,2100312
0.13,2099942
0.13,2091738
0.13,2073921
0.13,2073600
0.13,2073147
0.13,2072131
0.13,2067688
0.13,2051804
0.13,2049810
0.13,2049305
0.13,2048693
0.13,2047772
0.13,2046617
0.13,2046509
0.13,2046148
0.13,2046129
0.13,2037971
0.13,2036160
0.13,2031380
0.14,2030140
0.14,2007496
0.14,1976758
0.14,1955842
0.14,1951222
0.16,1942023
0.16,1901664
0.16,1895535
0.16,1890953
0.16,1889638
0.16,1882415
0.17,1859567
0.17,1859232
0.17,1815614
0.17,1813792
0.17,1812945
0.17,1806281
0.17,1806251
0.17,1794519
0.17,1793453
0.17,1767865
0.17,1761123
0.17,1760474
0.17,1759151
0.17,1756456
0.17,1755308
0.17,1751099
0.17,1750499
0.17,1748489
0.17,1746603
0.17,1746090
0.17,1718690
0.17,1711506
0.17,1708015
0.50,1707341
0.50,1705377
0.50,1705137
0.50,1703537
0.51,1702167
0.51,1695981
0.51,1694335
0.51,1682758
0.51,1681686
0.51,1680173
0.51,1677858
0.51,1676259
0.51,1671885
0.51,1665729
0.57,1662463
0.58,1659571
0.59,1659040
0.59,1657491
0.59,1647649
0.59,1642769
0.60,1630288
0.60,1627101
0.60,1623635
0.60,1621018
0.60,1613158
0.60,1611138
0.62,1609490
0.62,1608806
0.62,1605205
0.62,1604686
0.62,1603031
0.62,1597160
0.62,1596890
0.62,1596442
0.62,1590839
0.62,1583976
0.62,1582386
0.62,1578125
0.64,1575212
0.71,1574861
0.71,1571622
0.71,1568665
0.71,1568341
0.71,1568236
1.05,1567455
1.05,1567239
1.05,1563498
1.05,1563466
1.05,1559401
1.05,1538174
1.05,1528474
1.05,1518445
1.05,1515149
1.13,1511968
2.01,1509773
2.01,1509457
2.01,1509005
2.01,1500633
2.01,1498178
2.01,1496799
2.01,1492249
2.01,1490429
2.49,1490181
2.49,1488014
2.49,1486264
2.49,1469500
2.79,1458570
2.79,1458400
2.80,1446059
2.80,1446028
2.80,1433968
2.80,1433840
2.80,1433544
2.80,1414440
2.80,1413238
2.80,1411642
2.80,1405693
2.80,1403897
3.35,1402150
3.35,1396272
3.49,1389417
3.49,1382249
3.49,1380145
3.49,1374831
3.49,1373629
3.50,1370762
3.51,1363722
3.51,1361493
3.51,1361493
3.51,1361097
3.51,1355542
3.71,1352249
3.99,1351218
3.99,1349754
3.99,1348785
3.99,1347236
3.99,1346380
3.99,1345157
4.08,1341953
4.08,1333319
4.11,1330612
4.12,1327092
4.12,1326790
4.12,1322821
4.12,1322480
4.12,1318749
4.12,1316846
4.12,1314327
4.12,1307784
4.12,1301945
4.12,1301905
4.12,1299527
4.12,1297816
4.12,1288755
4.12,1288640
5.33,1288495
5.33,1288097
5.33,1287453
5.33,1284716
5.33,1284060
5.34,1279888
5.34,1277317
5.52,1275189
5.52,1273078
5.52,1268509
5.52,1265608
6.27,1260222
6.28,1259441
6.45,1256812
6.81,1253615
6.81,1253610
6.81,1253532
6.81,1250692
6.81,1250567
6.81,1249709
6.93,1247016
6.93,1245144
6.93,1244233
6.93,1243549
6.93,1234342
6.93,1229665
8.24,1226859
8.24,1225452
8.24,1224890
8.24,1224798
8.38,1224164
8.38,1222106
8.38,1221227
8.38,1220076
8.38,1219967
8.65,1219715
8.65,1219596
9.27,1219411
9.27,1217020
9.27,1213373
9.27,1212967
9.43,1212828
9.43,1212029
9.43,1210489
9.43,1208751
9.44,1204532
9.62,1204190
9.62,1204118
9.63,1203940
10.35,1202833
10.35,1202395
10.35,1199143
10.91,1198597
11.13,1198261
11.13,1197838
11.14,1197331
11.14,1197271
11.17,1196677
11.18,1196078
11.85,1195663
11.85,1195063
11.96,1194908
11.96,1194691
11.98,1193435
11.98,1192274
11.98,1191964
11.98,1190744
11.98,1190490
11.98,1190284
11.98,1190142
12.00,1189348
13.55,1188167
13.56,1187293
13.57,1187136
13.57,1186583
13.57,1185614
13.57,1184935
13.88,1184085
14.59,1182866
14.59,1179924
16.08,1179888
16.08,1179458
17.27,1179337
17.28,1179215
17.28,1178501
18.55,1178312
18.56,1178020
18.56,1177959
18.56,1177059
19.07,1176858
19.26,1176818
19.26,1176753
19.70,1176532
19.70,1176467
19.70,1176325
19.71,1176211
22.22,1176202
23.12,1176151
