0.06,10761382
0.06,10566200
0.06,10474767
0.06,10427298
0.06,10411907
0.06,10319630
0.07,10319613
0.07,10306407
0.07,10223203
0.07,10162182
0.07,10157604
0.07,10058857
0.07,10044088
0.07,9992821
0.07,9988550
0.07,9987459
0.07,9975171
0.07,9964675
0.07,9964455
0.07,9786156
0.07,9636796
0.07,9627544
0.07,9542013
0.07,9541713
0.07,9481203
0.07,9432376
0.08,9267264
0.08,9241329
0.08,9168899
0.08,8896149
0.08,8895271
0.08,8851773
0.08,8837167
0.08,8741352
0.08,8738153
0.08,8707903
0.08,8564385
0.08,8560874
0.08,8542336
0.08,8542236
0.08,8538991
0.08,8431226
0.08,8372307
0.08,8329669
0.08,8273157
0.08,8205272
0.08,8201640
0.08,8155698
0.08,8141166
0.08,8139997
0.08,8121553
0.08,8118391
0.08,8116327
0.08,8115103
0.08,8018228
0.08,8006509
0.08,7981526
0.08,7904230
0.08,7896876
0.08,7888865
0.08,7879152
0.08,7863475
0.08,7857847
0.08,7842577
0.08,7682999
0.08,7671245
0.08,7665698
0.08,7641726
0.09,7634330
0.09,7622157
0.09,7594112
0.09,7560005
0.09,7498554
0.09,7491512
0.09,7394530
0.09,7359623
0.09,7345305
0.09,7332878
0.09,7316956
0.09,7313506
0.09,7302174
0.09,7185445
0.09,7086651
0.09,7008061
0.09,6962301
0.09,6960114
0.09,6959044
0.09,6926336
0.09,6921230
0.09,6919938
0.09,6770443
0.09,6754778
0.09,6728176
0.09,6707825
0.09,6647581
0.09,6642710
0.09,6639437
0.09,6639093
0.09,6579520
0.09,6577848
0.09,6561404
0.09,6553283
0.09,6508449
0.09,6504065
0.09,6483910
0.09,6469576
0.09,6261326
0.09,6167695
0.09,6167457
0.09,6151852
0.09,6119697
0.09,6116659
0.09,6098748
0.09,6070696
0.09,6066493
0.09,6064583
0.09,6014976
0.09,6013149
0.09,5988464
0.09,5938253
0.09,5873827
0.09,5867540
0.09,5839431
0.09,5828537
0.09,5826161
0.10,5795963
0.10,5793179
0.10,5787246
0.10,5771576
0.10,5723045
0.10,5715147
0.10,5684585
0.10,5681268
0.10,5679017
0.10,5669829
0.10,5644900
0.10,5602438
0.10,5598232
0.10,5597602
0.10,5588765
0.10,5588641
0.10,5565686
0.10,5564929
0.10,5550738
0.10,5451728
0.10,5451319
0.10,5416838
0.10,5410980
0.10,5409827
0.10,5405943
0.10,5382122
0.10,5377346
0.10,5264666
0.10,5261380
0.10,5243687
0.10,5211058
0.10,5200270
0.10,5148266
0.10,5141663
0.10,5132522
0.10,5097057
0.10,5092738
0.10,5037776
0.10,5010642
0.10,4994415
0.10,4994169
0.10,4985204
0.10,4965270
0.10,4964811
0.10,4943482
0.10,4934221
0.10,4918119
0.10,4904761
0.10,4829747
0.10,4825523
0.10,4820959
0.10,4803789
0.10,4782881
0.10,4753246
0.10,4745127
0.10,4732574
0.10,4731888
0.10,4731451
0.10,4684658
0.10,4683291
0.10,4668441
0.10,4668224
0.10,4662095
0.10,4658834
0.10,4488872
0.10,4458860
0.10,4438166
0.11,4438142
0.11,4435314
0.11,4433714
0.11,4415057
0.11,4412509
0.11,4395183
0.11,4394171
0.11,4294071
0.11,4273713
0.11,4247607
0.11,4239720
0.11,4222966
0.11,4210548
0.11,4199781
0.11,4195709
0.11,4188973
0.11,4113856
0.11,4100223
0.11,4059508
0.11,4040887
0.11,4040723
0.11,3947937
0.11,3945095
0.11,3943156
0.11,3942155
0.11,3935357
0.11,3928628
0.11,3928383
0.11,3871695
0.11,3870851
0.11,3868493
0.11,3848165
0.11,3846519
0.11,3837850
0.11,3834001
0.11,3828459
0.11,3827486
0.11,3824739
0.11,3823284
0.11,3822482
0.11,3800238
0.11,3740241
0.11,3738425
0.11,3726361
0.11,3725618
0.11,3712083
0.11,3701868
0.11,3693339
0.11,3662678
0.11,3662618
0.11,3647455
0.11,3599581
0.11,3591794
0.12,3586692
0.12,3586660
0.12,3584695
0.12,3551969
0.12,3526213
0.12,3517760
0.12,3450109
0.12,3449438
0.12,3443378
0.12,3443138
0.12,3438178
0.12,3419362
0.12,3403013
0.12,3378668
0.12,3375009
0.12,3273257
0.12,3217420
0.12,3217101
0.12,3209011
0.12,3204785
0.12,3186588
0.12,3160572
0.12,3159480
0.12,3147746
0.12,3141878
0.12,3138710
0.12,3128377
0.12,3082039
0.12,3079142
0.12,3078737
0.12,3076299
0.12,3068630
0.12,3066512
0.12,3060718
0.12,3059537
0.12,3056553
0.12,3056152
0.12,3055503
0.12,3011972
0.12,3001472
0.12,2996140
0.12,2986835
0.12,2971030
0.12,2970834
0.12,2969060
0.13,2968316
0.13,2953704
0.13,2946791
0.13,2929544
0.13,2873267
0.13,2872655
0.13,2867172
0.13,2835040
0.13,2833886
0.13,2825966
0.13,2815194
0.13,2802303
0.13,2801096
0.13,2789632
0.13,2772155
0.13,2771228
0.13,2731172
0.13,2728522
0.13,2727557
0.13,2723007
0.13,2671154
0.13,2666511
0.14,2658147
0.14,2647796
0.14,2636295
0.14,2633876
0.14,2627761
0.14,2612028
0.14,2601561
0.14,2599596
0.14,2597872
0.14,2596246
0.14,2577857
0.14,2571400
0.14,2549291
0.14,2542989
0.14,2534822
0.14,2532026
0.14,2529922
0.14,2524442
0.14,2520634
0.14,2469594
0.14,2468721
0.14,2447494
0.14,2408976
0.14,2404245
0.14,2384345
0.14,2383071
0.14,2335939
0.14,2335532
0.14,2333777
0.14,2308071
0.15,2217754
0.15,2217220
0.15,2214605
0.15,2212121
0.16,2207533
0.16,2206274
0.16,2198358
0.16,2188687
0.16,2187951
0.16,2177493
0.16,2175661
0.16,2168388
0.17,2165453
0.17,2136438
0.17,2125436
0.17,2097541
0.17,2090244
0.17,2059900
0.19,2054488
0.19,2054037
0.19,2053879
0.19,2051124
0.20,2047801
0.20,2047490
0.20,2046289
0.20,2042503
0.20,2042465
0.20,2039412
0.20,2039148
0.20,2038353
0.20,2035433
0.20,2023708
0.20,2021360
0.20,2019378
0.20,2004949
0.20,2000888
0.20,2000615
0.20,1997261
0.20,1997058
0.20,1996983
0.20,1995411
0.20,1987546
0.20,1984633
0.20,1979677
0.20,1979250
0.20,1978753
0.20,1978408
0.20,1962498
0.20,1956892
0.21,1955416
0.21,1953194
0.21,1906414
0.21,1904369
0.21,1903458
0.21,1891082
0.21,1889156
0.21,1887209
0.21,1885564
0.21,1871384
0.21,1867029
0.21,1828946
0.23,1816582
0.23,1813001
0.24,1798143
0.24,1798137
0.24,1795868
0.24,1793436
0.24,1788194
0.24,1753509
0.24,1747737
0.24,1737569
0.24,1727121
0.24,1715095
0.25,1711719
0.25,1709333
0.25,1709154
0.25,1694773
0.25,1690226
0.62,1685364
0.62,1669609
0.62,1667207
0.62,1656866
0.78,1645164
0.78,1640942
0.78,1640588
0.78,1638837
0.78,1632520
0.78,1631492
0.80,1627029
0.80,1626652
0.85,1625994
0.85,1623869
0.85,1623837
0.88,1606708
0.88,1606411
0.88,1602848
0.88,1592757
0.88,1592029
0.89,1587416
0.89,1582392
0.89,1571833
0.89,1570720
0.89,1568293
0.89,1567654
1.49,1567328
1.49,1558693
1.49,1558207
1.49,1558169
1.49,1557655
1.49,1557211
1.49,1552270
1.89,1545932
1.90,1543618
1.90,1538793
1.90,1538763
1.95,1536501
1.95,1516389
1.95,1516382
1.95,1509806
1.96,1509557
1.98,1507714
1.98,1504965
2.08,1502771
2.08,1500240
2.08,1498874
2.08,1498233
2.08,1478834
2.10,1473679
2.11,1473079
2.11,1467131
2.11,1464646
2.11,1461919
2.11,1461371
2.11,1460349
2.11,1456998
2.11,1454035
2.11,1437062
2.11,1436889
2.76,1436313
2.76,1433486
2.76,1430959
3.03,1430342
3.03,1423616
3.04,1421716
3.05,1419801
3.05,1417814
3.05,1415802
3.05,1415764
3.05,1400074
3.05,1395168
3.12,1394520
3.12,1394472
3.12,1389790
3.15,1387412
3.15,1386314
3.16,1382788
3.67,1377302
3.98,1371828
3.98,1371700
3.98,1367901
3.99,1366348
3.99,1364010
3.99,1358219
3.99,1345655
3.99,1342627
3.99,1340944
3.99,1340109
3.99,1336981
4.57,1336934
4.57,1334065
4.57,1331863
4.57,1329962
4.57,1323177
4.57,1322607
4.57,1316161
4.57,1315288
4.57,1310707
4.57,1310684
4.57,1310347
4.57,1308243
4.57,1305552
4.57,1297381
4.57,1292019
4.58,1290472
5.08,1285674
5.21,1283626
5.22,1278276
5.22,1277699
5.66,1264202
5.66,1263670
5.84,1262706
5.85,1262579
5.85,1253613
5.85,1253270
5.85,1252677
6.07,1251886
6.08,1250665
6.08,1250649
6.08,1249556
6.72,1238097
7.31,1237837
7.31,1229553
7.31,1229257
7.31,1226994
7.37,1226965
7.37,1224239
7.37,1220883
7.37,1220809
7.81,1220699
7.82,1218647
8.54,1218628
8.54,1217572
8.54,1217557
8.55,1217151
8.92,1216310
8.92,1214077
8.92,1212180
8.92,1211629
8.92,1211453
9.98,1210038
9.98,1209906
9.98,1208101
9.98,1206411
9.98,1206202
10.27,1205728
10.27,1205711
10.27,1201963
10.27,1201757
10.28,1201554
10.28,1200317
10.28,1199904
10.43,1199512
10.43,1199200
11.01,1199157
11.15,1193765
11.15,1193104
11.15,1192106
12.12,1191743
12.13,1190665
12.13,1190140
12.13,1188467
12.68,1188233
12.68,1188176
12.91,1187372
12.92,1187336
13.02,1185863
13.02,1185468
13.03,1184300
14.27,1183757
14.27,1183548
14.27,1183147
14.30,1183023
14.30,1182143
14.30,1181543
14.30,1181543
14.31,1181278
14.72,1180413
14.73,1180206
14.73,1179570
14.73,1179089
14.73,1178998
14.90,1178926
16.26,1178801
16.26,1178537
17.33,1178431
17.43,1178289
17.59,1177892
17.92,1177743
18.27,1177507
18.56,1176927
18.79,1176797
19.54,1176740
19.54,1176531
21.05,1176479
22.35,1176389
22.35,1176324
23.50,1176273
23.80,1176273
