0.00,9649575
0.01,9612410
0.01,9599660
0.01,9568821
0.01,9559517
0.01,9558989
0.01,9516600
0.01,9475952
0.01,9468574
0.01,9467863
0.01,9459283
0.01,9414869
0.01,9414631
0.01,9385518
0.01,9325761
0.01,9181267
0.01,9176206
0.01,9174457
0.01,9174316
0.01,9146536
0.01,9145456
0.01,9145225
0.01,9112022
0.01,9100789
0.01,9099483
0.01,9041012
0.02,8993288
0.02,8992312
0.02,8979845
0.02,8941027
0.02,8937748
0.02,8927930
0.02,8914601
0.02,8878443
0.02,8840328
0.02,8777162
0.02,8695367
0.02,8687584
0.02,8647976
0.02,8618575
0.02,8546038
0.02,8539836
0.02,8509535
0.02,8498690
0.02,8449922
0.02,8339268
0.02,8328805
0.02,8303138
0.02,8192055
0.02,8187798
0.02,8127512
0.02,8076907
0.02,8032671
0.02,7919135
0.02,7911488
0.02,7908637
0.02,7894513
0.02,7853039
0.02,7832256
0.02,7825844
0.02,7818467
0.02,7817620
0.02,7812783
0.02,7803149
0.03,7794130
0.03,7702882
0.03,7700624
0.03,7637631
0.03,7633706
0.03,7599196
0.03,7568297
0.03,7550805
0.03,7550383
0.03,7546686
0.03,7462965
0.03,7346385
0.03,7271425
0.03,7232488
0.03,7201320
0.03,7201128
0.03,7186473
0.03,7079072
0.03,7042638
0.03,6975889
0.03,6966555
0.03,6957604
0.03,6949903
0.03,6949669
0.04,6938066
0.04,6910401
0.04,6864543
0.04,6849845
0.04,6849014
0.04,6725445
0.04,6722422
0.04,6717683
0.04,6605854
0.04,6605450
0.04,6601500
0.04,6597837
0.04,6595252
0.04,6473387
0.04,6419062
0.04,6410850
0.04,6408182
0.04,6387123
0.04,6294930
0.04,6290454
0.04,6283178
0.04,6282526
0.04,6266272
0.04,6129688
0.04,6116771
0.04,6112910
0.04,6011796
0.04,5994206
0.04,5973790
0.04,5886905
0.04,5660782
0.04,5648755
0.04,5638413
0.04,5637703
0.04,5566722
0.04,5566607
0.04,5473950
0.04,5424740
0.04,5386083
0.04,5275396
0.04,5232195
0.04,5227321
0.04,5226607
0.04,5226491
0.04,5192951
0.04,5163647
0.04,5150899
0.04,5076517
0.04,5075619
0.04,5069038
0.05,5011717
0.05,4968410
0.05,4866299
0.05,4835110
0.05,4820308
0.05,4818253
0.05,4812318
0.05,4736809
0.05,4711802
0.05,4710538
0.05,4706956
0.05,4546483
0.05,4543416
0.05,4528159
0.05,4472702
0.05,4249098
0.05,4244866
0.05,4236243
0.05,4234704
0.05,4226875
0.05,4226657
0.05,4226297
0.05,4191196
0.05,4186943
0.05,4101857
0.05,4100257
0.05,4082794
0.05,4079823
0.05,4078973
0.05,4076148
0.05,3996992
0.05,3982952
0.05,3939332
0.05,3937177
0.05,3912939
0.05,3894863
0.05,3871896
0.05,3858413
0.05,3857192
0.05,3837000
0.05,3832279
0.05,3829169
0.05,3819422
0.05,3816928
0.05,3814612
0.05,3792364
0.05,3792094
0.05,3785857
0.05,3785008
0.05,3768726
0.05,3743813
0.05,3695208
0.05,3685653
0.05,3684853
0.05,3674904
0.05,3653268
0.05,3652608
0.05,3648786
0.05,3648236
0.06,3647309
0.06,3635864
0.06,3630839
0.06,3628742
0.06,3626829
0.06,3625782
0.06,3621646
0.06,3615627
0.06,3576497
0.06,3573448
0.06,3567729
0.06,3439785
0.06,3420066
0.06,3395285
0.06,3391361
0.06,3359826
0.06,3359661
0.06,3336907
0.06,3325495
0.06,3324637
0.06,3281720
0.06,3234106
0.06,3220337
0.06,3185302
0.06,3184422
0.06,3148013
0.06,3147352
0.06,3144283
0.06,3144255
0.06,3081447
0.06,3073421
0.06,3069665
0.06,3066519
0.06,2972156
0.06,2971749
0.06,2963732
0.06,2953329
0.06,2924402
0.06,2919400
0.06,2919390
0.06,2914278
0.06,2909973
0.06,2908355
0.07,2878209
0.07,2876795
0.07,2875175
0.07,2797981
0.07,2771543
0.07,2764018
0.07,2624190
0.07,2623043
0.07,2617130
0.07,2586482
0.07,2586313
0.07,2586270
0.07,2576253
0.07,2560923
0.07,2554713
0.07,2554155
0.07,2551601
0.07,2544237
0.07,2534481
0.07,2525013
0.07,2517477
0.07,2517421
0.07,2516907
0.07,2510052
0.07,2509558
0.07,2494444
0.07,2493680
0.07,2486405
0.07,2482262
0.07,2477844
0.07,2465204
0.07,2457564
0.07,2457223
0.07,2427826
0.07,2426754
0.08,2422319
0.08,2406389
0.08,2391904
0.08,2390079
0.08,2372084
0.08,2343205
0.08,2331767
0.08,2330718
0.08,2317898
0.08,2314753
0.08,2295179
0.08,2276381
0.08,2270510
0.08,2266691
0.08,2264758
0.08,2217090
0.08,2216076
0.08,2216013
0.08,2213273
0.08,2194882
0.08,2188434
0.08,2184762
0.08,2172331
0.08,2171757
0.08,2149460
0.08,2149352
0.08,2140127
0.08,2022783
0.08,2022192
0.08,2021991
0.08,2015749
0.09,2005184
0.09,2002290
0.09,1981966
0.09,1981072
0.09,1981019
0.09,1908946
0.09,1879467
0.09,1856077
0.09,1849117
0.09,1841076
0.09,1833647
0.09,1833041
0.09,1827100
0.09,1819970
0.09,1819368
0.10,1814176
0.10,1809530
0.10,1764803
0.10,1763173
0.10,1763093
0.10,1749918
0.10,1729950
0.10,1726791
0.10,1705092
0.10,1704715
0.10,1701067
0.10,1700539
0.10,1695249
0.10,1693533
0.10,1688727
0.10,1687828
0.10,1687684
0.10,1687583
0.10,1648116
0.10,1645780
0.10,1639352
0.10,1633317
0.11,1630397
0.11,1607732
0.11,1607660
0.11,1607558
0.11,1597098
0.11,1592109
0.11,1590904
0.11,1581955
0.11,1562881
0.11,1560789
0.11,1560761
0.11,1486032
0.12,1484376
0.12,1476783
0.12,1476041
0.12,1475828
0.12,1473883
0.12,1443140
0.12,1442522
0.13,1433941
0.14,1432554
0.14,1432434
0.14,1421304
0.14,1421086
0.14,1421025
0.15,1419801
0.15,1417029
0.15,1409700
0.15,1404066
0.15,1402090
0.15,1401882
0.15,1399737
0.15,1399222
0.16,1399033
0.16,1398753
0.16,1397854
0.16,1397048
0.17,1396842
0.17,1387418
0.18,1385564
0.20,1384315
0.20,1384295
0.20,1383821
0.20,1383660
0.21,1383582
0.21,1383084
0.21,1380431
0.21,1379861
0.22,1378361
0.24,1362167
0.26,1354181
0.26,1354161
0.26,1353657
0.27,1348289
0.28,1348224
0.31,1347183
0.32,1345833
0.34,1344041
0.34,1338553
0.49,1338271
0.50,1330824
0.51,1326019
0.53,1320148
0.71,1319647
0.71,1318961
0.72,1318432
0.73,1317533
1.07,1317460
1.10,1315821
1.12,1294331
1.13,1292751
1.34,1291738
1.51,1289115
1.51,1281809
1.51,1281002
1.52,1260366
1.53,1260208
1.55,1259609
1.94,1259389
1.94,1258458
1.94,1258010
1.95,1256415
1.96,1250845
1.96,1250461
1.96,1248850
1.96,1221426
1.97,1219295
1.97,1216612
1.97,1216082
1.98,1214187
1.99,1213550
1.99,1208630
2.00,1204354
2.01,1203244
2.03,1200815
2.03,1198095
2.03,1197357
2.41,1190706
2.44,1188279
14.62,1180058
14.62,1179553
14.65,1178746
14.66,1176625
14.67,1176151
