0.00,9693271
0.01,9656757
0.01,9580935
0.01,9523225
0.01,9470856
0.01,9453253
0.01,9445505
0.01,9430380
0.01,9407994
0.01,9280756
0.01,9197787
0.01,9167894
0.01,9097032
0.01,9051838
0.01,8917310
0.01,8858085
0.01,8828659
0.01,8795047
0.01,8755221
0.01,8688458
0.01,8682870
0.01,8682538
0.01,8682529
0.01,8681262
0.01,8675447
0.01,8569250
0.01,8505585
0.01,8502800
0.01,8468446
0.01,8274345
0.01,8222524
0.01,8207845
0.01,8138157
0.02,8135165
0.02,8120372
0.02,8119013
0.02,8062608
0.02,7952128
0.02,7935851
0.02,7929144
0.02,7899747
0.02,7841109
0.02,7831854
0.02,7817361
0.02,7813479
0.02,7806947
0.02,7547872
0.02,7544009
0.02,7431862
0.02,7430078
0.02,7365814
0.02,7349123
0.02,7347928
0.02,7328034
0.02,7321490
0.02,7275151
0.02,7183343
0.03,7064973
0.03,7060354
0.03,7058058
0.03,7057875
0.03,6944099
0.03,6899905
0.03,6817272
0.03,6791514
0.03,6742299
0.03,6731573
0.03,6703702
0.03,6691708
0.03,6686665
0.03,6686158
0.03,6685936
0.03,6658679
0.03,6519242
0.03,6496208
0.03,6433539
0.03,6414084
0.03,6382888
0.03,6333379
0.03,6332195
0.03,6329626
0.03,6214507
0.03,6210960
0.03,6035855
0.03,6014441
0.03,6011744
0.03,5937526
0.03,5866742
0.03,5853512
0.03,5738157
0.03,5693295
0.03,5686535
0.03,5661735
0.03,5590513
0.03,5580778
0.03,5529340
0.03,5529253
0.04,5523916
0.04,5457010
0.04,5453324
0.04,5406932
0.04,5299031
0.04,5236689
0.04,5220588
0.04,5180481
0.04,5165422
0.04,5162185
0.04,5083758
0.04,5021642
0.04,5011045
0.04,5010992
0.04,4967996
0.04,4933131
0.04,4919688
0.04,4883340
0.04,4856626
0.04,4830700
0.04,4798814
0.04,4669292
0.04,4667691
0.04,4643845
0.04,4643309
0.04,4643133
0.04,4635356
0.04,4632824
0.04,4597089
0.04,4596652
0.04,4591313
0.04,4517782
0.04,4512741
0.04,4498862
0.04,4446000
0.04,4399273
0.04,4396951
0.04,4394859
0.04,4381231
0.04,4346965
0.04,4345700
0.05,4332991
0.05,4285498
0.05,4284076
0.05,4271823
0.05,4151689
0.05,4149202
0.05,4097775
0.05,4074992
0.05,4074633
0.05,3961456
0.05,3961090
0.05,3949252
0.05,3948492
0.05,3942245
0.05,3940640
0.05,3923996
0.05,3923894
0.05,3916539
0.05,3907093
0.05,3869096
0.05,3868669
0.05,3868309
0.05,3845487
0.05,3828225
0.05,3828092
0.05,3825299
0.05,3825082
0.05,3815962
0.05,3813876
0.05,3790535
0.05,3789641
0.05,3788290
0.05,3769150
0.05,3768680
0.05,3766439
0.05,3687471
0.05,3679879
0.05,3618843
0.05,3604765
0.06,3595306
0.06,3590875
0.06,3590868
0.06,3589880
0.06,3587150
0.06,3585323
0.06,3584752
0.06,3584690
0.06,3583182
0.06,3582613
0.06,3578436
0.06,3503491
0.06,3501351
0.06,3489129
0.06,3475015
0.06,3473537
0.06,3473280
0.06,3448076
0.06,3413666
0.06,3412131
0.06,3402543
0.06,3359750
0.06,3330676
0.06,3310816
0.06,3310646
0.06,3300336
0.06,3298368
0.06,3292417
0.06,3254351
0.06,3252749
0.06,3222524
0.06,3173483
0.06,3172392
0.06,3146964
0.06,3146016
0.06,3136428
0.06,3132787
0.06,3131626
0.06,3125918
0.06,3125609
0.06,3104676
0.06,3098469
0.06,3083890
0.07,3039688
0.07,3023296
0.07,3017638
0.07,3013624
0.07,3007691
0.07,3005472
0.07,3005469
0.07,2988975
0.07,2985045
0.07,2936393
0.07,2934914
0.07,2932459
0.07,2884154
0.07,2881207
0.07,2844023
0.07,2842526
0.07,2842209
0.07,2792806
0.07,2771445
0.07,2771346
0.07,2739127
0.07,2733521
0.07,2726338
0.07,2682018
0.07,2628349
0.07,2565827
0.07,2499592
0.07,2499109
0.07,2495001
0.07,2494440
0.07,2465778
0.07,2465647
0.07,2464172
0.07,2463497
0.07,2458929
0.07,2436899
0.07,2426454
0.08,2376744
0.08,2365295
0.08,2346499
0.08,2340460
0.08,2340451
0.08,2338508
0.08,2332827
0.08,2332403
0.08,2330072
0.08,2326780
0.08,2326693
0.08,2314170
0.08,2312980
0.08,2312504
0.08,2312343
0.08,2308067
0.08,2303056
0.08,2285546
0.08,2277389
0.08,2277353
0.08,2256480
0.08,2228122
0.08,2225636
0.08,2220748
0.08,2219493
0.08,2216455
0.08,2208371
0.08,2192814
0.08,2191223
0.08,2190658
0.08,2186688
0.08,2186120
0.09,2181651
0.09,2176560
0.09,2174780
0.09,2140002
0.09,2134368
0.09,2133334
0.09,2099128
0.09,2094196
0.09,2092443
0.09,2066119
0.09,2065202
0.09,2064710
0.09,2045377
0.09,2039368
0.09,2029587
0.09,2028022
0.09,2025920
0.09,2024549
0.09,1972074
0.09,1956214
0.09,1922116
0.09,1919516
0.09,1918556
0.09,1917023
0.09,1916334
0.09,1911469
0.09,1909546
0.10,1907762
0.10,1907727
0.10,1902088
0.10,1893279
0.10,1887107
0.10,1885084
0.10,1882364
0.10,1843720
0.10,1836575
0.10,1835457
0.10,1824166
0.10,1823222
0.10,1823194
0.10,1775462
0.10,1769430
0.10,1767818
0.10,1766839
0.11,1760768
0.11,1760693
0.11,1759380
0.11,1755690
0.11,1751891
0.11,1747647
0.11,1745323
0.11,1745074
0.11,1743750
0.11,1718517
0.11,1690439
0.12,1688642
0.12,1683791
0.12,1683782
0.12,1610535
0.12,1609728
0.12,1602902
0.12,1601110
0.12,1591596
0.12,1589258
0.13,1587520
0.13,1584740
0.13,1583971
0.13,1583231
0.14,1568337
0.14,1559493
0.14,1528229
0.14,1528150
0.14,1527330
0.14,1516040
0.14,1514975
0.15,1508037
0.15,1505823
0.15,1503688
0.15,1500903
0.15,1463817
0.16,1463162
0.16,1452232
0.16,1451608
0.16,1445856
0.16,1435678
0.17,1434720
0.17,1431160
0.17,1429793
0.17,1429689
0.17,1429253
0.17,1422770
0.17,1422193
0.17,1419403
0.18,1415181
0.18,1399958
0.18,1390470
0.18,1388882
0.18,1385938
0.19,1384929
0.19,1334450
0.19,1332192
0.19,1331620
0.20,1326727
0.20,1316614
0.20,1314178
0.20,1313552
0.21,1309601
0.21,1309129
0.21,1293205
0.21,1292585
0.22,1288987
0.23,1283207
0.24,1283195
0.24,1281519
0.26,1281059
0.27,1281059
0.27,1271458
0.27,1270956
0.28,1265015
0.29,1264209
0.30,1264054
0.30,1263065
0.31,1262229
0.32,1260497
0.32,1258844
0.34,1258419
0.35,1258049
0.37,1257575
0.39,1249392
0.50,1246719
0.50,1245934
0.50,1245718
0.51,1242946
0.51,1242376
0.52,1241776
0.52,1241610
0.53,1240005
0.53,1239774
0.55,1215532
0.56,1215434
0.70,1213706
0.70,1212848
0.71,1211852
0.73,1211113
0.75,1209147
0.75,1209138
0.77,1209136
0.77,1209025
0.77,1208868
0.78,1208530
0.79,1208276
0.80,1207835
0.81,1206856
0.83,1206641
0.84,1206641
0.86,1205318
0.87,1204820
2.65,1201543
2.65,1187410
42.51,1183867
42.53,1183712
42.55,1183287
42.56,1182912
42.58,1182750
42.60,1182699
42.60,1182443
42.61,1180478
98.21,1176569
330.10,1176333
