0.00,9759983
0.01,9698635
0.01,9697521
0.01,9566910
0.01,9564491
0.01,9557551
0.01,9538577
0.01,9479964
0.01,9401632
0.01,9280426
0.01,9189543
0.01,9030106
0.01,9022158
0.01,8997137
0.01,8948448
0.01,8947693
0.01,8928101
0.01,8853284
0.01,8823260
0.01,8797211
0.01,8787460
0.01,8778925
0.01,8776267
0.01,8772509
0.01,8718956
0.02,8696135
0.02,8691494
0.02,8465676
0.02,8444173
0.02,8442921
0.02,8226725
0.02,8198469
0.02,8106004
0.02,8068839
0.02,8016055
0.02,7974096
0.02,7963497
0.02,7831995
0.02,7801359
0.02,7783514
0.02,7637514
0.02,7601632
0.02,7578733
0.02,7549904
0.02,7494114
0.02,7493432
0.02,7463200
0.02,7457482
0.02,7454958
0.02,7435101
0.02,7416336
0.02,7416322
0.02,7415980
0.02,7404788
0.02,7391460
0.02,7368931
0.02,7347417
0.02,7337849
0.02,7332932
0.02,7018538
0.02,7008771
0.02,7007373
0.03,7005998
0.03,6985343
0.03,6932235
0.03,6892249
0.03,6891998
0.03,6854390
0.03,6840225
0.03,6724490
0.03,6720884
0.03,6697587
0.03,6603900
0.03,6543800
0.03,6472820
0.03,6444649
0.03,6443886
0.03,6367910
0.03,6303139
0.03,6301529
0.03,6295304
0.03,6246479
0.03,6182137
0.03,6178505
0.03,5999218
0.03,5958989
0.03,5944295
0.03,5913134
0.03,5910193
0.03,5888831
0.03,5853702
0.04,5829476
0.04,5772950
0.04,5636617
0.04,5633778
0.04,5615953
0.04,5612160
0.04,5582861
0.04,5573342
0.04,5555467
0.04,5551218
0.04,5532428
0.04,5486821
0.04,5452721
0.04,5330251
0.04,5245439
0.04,5088681
0.04,5079545
0.04,5075270
0.04,5062960
0.04,5012767
0.04,5012012
0.04,4989740
0.04,4988568
0.04,4929861
0.04,4820983
0.04,4812365
0.04,4812227
0.04,4794320
0.04,4793812
0.04,4766674
0.04,4761383
0.04,4655279
0.04,4637025
0.04,4620106
0.04,4619260
0.04,4618442
0.04,4616047
0.05,4611614
0.05,4555400
0.05,4546017
0.05,4478919
0.05,4465581
0.05,4463250
0.05,4445345
0.05,4430526
0.05,4370280
0.05,4328670
0.05,4244988
0.05,4244593
0.05,4228395
0.05,4212287
0.05,4192051
0.05,4176975
0.05,4170362
0.05,4156493
0.05,4151717
0.05,4142893
0.05,4121762
0.05,4074933
0.05,4070981
0.05,4068362
0.05,4064401
0.05,4064051
0.05,4056003
0.05,4052081
0.05,4028066
0.05,4019017
0.05,4008496
0.05,4002261
0.05,3962894
0.05,3962768
0.05,3960929
0.05,3952783
0.05,3952518
0.05,3934301
0.05,3927635
0.05,3923167
0.05,3914686
0.05,3912499
0.06,3910406
0.06,3910028
0.06,3907124
0.06,3822435
0.06,3822115
0.06,3729885
0.06,3727458
0.06,3727281
0.06,3724906
0.06,3722673
0.06,3688828
0.06,3677656
0.06,3677117
0.06,3666301
0.06,3643952
0.06,3620922
0.06,3585891
0.06,3581094
0.06,3517952
0.06,3453695
0.06,3390631
0.06,3385029
0.06,3383140
0.06,3363910
0.06,3333997
0.06,3333938
0.06,3332643
0.06,3319427
0.06,3265366
0.06,3262834
0.06,3261164
0.06,3252948
0.06,3249101
0.06,3185578
0.06,3172283
0.06,3156903
0.06,3143245
0.07,3140924
0.07,3129502
0.07,3123140
0.07,3116809
0.07,3101401
0.07,3004731
0.07,3003700
0.07,2998304
0.07,2996943
0.07,2990233
0.07,2987872
0.07,2987546
0.07,2985907
0.07,2974968
0.07,2968678
0.07,2951739
0.07,2951055
0.07,2937985
0.07,2910298
0.07,2908894
0.07,2908006
0.07,2872927
0.07,2872765
0.07,2872063
0.07,2867277
0.07,2863293
0.07,2862301
0.07,2828229
0.07,2803708
0.07,2797164
0.07,2689229
0.07,2658497
0.07,2658462
0.07,2656155
0.07,2655976
0.07,2653896
0.07,2653260
0.07,2652938
0.07,2629514
0.07,2628922
0.07,2628864
0.07,2609552
0.07,2525687
0.07,2524663
0.08,2514336
0.08,2497675
0.08,2463707
0.08,2460960
0.08,2458402
0.08,2398834
0.08,2398798
0.08,2398724
0.08,2381569
0.08,2369608
0.08,2361530
0.08,2357961
0.08,2353509
0.08,2350812
0.09,2278561
0.09,2273766
0.09,2273595
0.09,2268357
0.09,2182877
0.09,2173866
0.09,2119263
0.09,2119127
0.09,2119057
0.09,2118244
0.09,2074449
0.09,2065202
0.09,2059202
0.09,2051745
0.09,2049965
0.09,2049963
0.09,2048271
0.09,2034655
0.09,2017658
0.09,2011602
0.09,2010806
0.09,2006151
0.09,2006089
0.09,2005066
0.09,1991789
0.10,1980401
0.10,1979925
0.10,1977818
0.10,1977369
0.10,1975245
0.10,1966503
0.10,1963454
0.10,1931161
0.10,1929382
0.10,1929241
0.10,1928044
0.10,1888107
0.10,1887955
0.10,1885934
0.10,1883601
0.10,1881514
0.11,1878852
0.11,1855424
0.11,1850564
0.11,1843864
0.11,1794261
0.11,1793448
0.11,1791391
0.11,1790857
0.11,1787314
0.11,1772735
0.11,1770995
0.11,1744144
0.11,1742936
0.11,1697245
0.12,1690937
0.12,1690574
0.12,1681615
0.12,1681387
0.12,1680810
0.12,1674866
0.12,1673956
0.12,1671676
0.12,1657665
0.12,1657231
0.12,1647096
0.13,1646623
0.13,1643244
0.13,1642221
0.13,1637160
0.13,1611869
0.13,1611109
0.13,1608075
0.13,1607481
0.13,1598047
0.14,1578816
0.14,1575053
0.14,1566096
0.14,1562999
0.14,1553939
0.14,1553801
0.15,1553493
0.15,1550195
0.15,1543165
0.15,1526954
0.15,1506558
0.15,1506396
0.15,1497505
0.15,1492655
0.15,1490855
0.15,1489668
0.15,1489063
0.16,1479085
0.16,1470233
0.16,1470208
0.16,1463238
0.16,1460557
0.16,1459808
0.17,1459184
0.17,1458976
0.17,1457395
0.17,1455930
0.18,1453140
0.18,1449297
0.18,1428997
0.18,1419896
0.18,1418251
0.18,1409298
0.19,1401058
0.19,1396942
0.20,1394408
0.20,1387640
0.20,1386012
0.20,1385606
0.20,1384056
0.21,1379496
0.21,1379306
0.21,1375355
0.21,1374857
0.21,1373093
0.21,1372875
0.21,1372667
0.22,1359515
0.23,1359449
0.23,1356856
0.23,1356484
0.24,1356143
0.24,1355936
0.25,1349639
0.26,1347203
0.26,1336644
0.26,1335321
0.30,1334846
0.41,1328381
0.42,1327757
0.42,1323889
0.42,1318996
0.45,1317131
0.48,1317019
0.53,1315808
0.65,1310508
0.66,1303196
0.66,1301331
0.67,1300524
0.68,1297912
0.69,1297800
0.73,1296589
0.82,1292651
0.83,1283551
0.84,1283169
0.84,1282569
0.87,1279333
0.87,1254418
0.88,1235182
0.90,1231383
0.90,1226976
0.91,1225973
4.97,1198651
5.00,1197844
5.31,1196623
12.32,1179800
12.35,1179201
12.36,1179201
88.20,1176861
282.18,1176787
282.19,1176151
