0.06,9717568
0.07,9712883
0.07,9665736
0.07,9631630
0.07,9460479
0.07,9453915
0.07,9448735
0.07,9435308
0.07,9379380
0.07,9377656
0.07,9320424
0.07,9304301
0.07,9299432
0.07,9244286
0.07,8967824
0.07,8916369
0.07,8910458
0.08,8879171
0.08,8808545
0.08,8748413
0.08,8680415
0.08,8594281
0.08,8593537
0.08,8588544
0.08,8570068
0.08,8568879
0.08,8562642
0.08,8321081
0.08,8320723
0.08,8200050
0.08,8200047
0.08,8194713
0.08,8148117
0.09,8023961
0.09,8022033
0.09,7979484
0.09,7839780
0.09,7813921
0.09,7745255
0.09,7735073
0.09,7709925
0.09,7469330
0.09,7213942
0.09,7159541
0.09,7124377
0.09,7117119
0.09,7005275
0.09,7003700
0.09,7001908
0.09,6983260
0.09,6935796
0.09,6901508
0.09,6899908
0.09,6863325
0.09,6842879
0.09,6833702
0.09,6786621
0.09,6784594
0.09,6780157
0.09,6777750
0.09,6774535
0.09,6758511
0.09,6758448
0.09,6708078
0.09,6707839
0.09,6678621
0.09,6674434
0.09,6670702
0.09,6667822
0.09,6664411
0.09,6600853
0.09,6591304
0.09,6547617
0.09,6473755
0.09,6452048
0.09,6263425
0.09,6262187
0.09,6235981
0.09,6094660
0.09,5914881
0.10,5857628
0.10,5843026
0.10,5796977
0.10,5774711
0.10,5773052
0.10,5768730
0.10,5767884
0.10,5720067
0.10,5694980
0.10,5683958
0.10,5633228
0.10,5632286
0.10,5580796
0.10,5562010
0.10,5552423
0.10,5540924
0.10,5534102
0.10,5506687
0.10,5424221
0.10,5417128
0.10,5405119
0.10,5390401
0.10,5382950
0.10,5381996
0.10,5374904
0.10,5373322
0.10,5373169
0.10,5359592
0.10,5329522
0.10,5285069
0.10,5213222
0.10,5177351
0.10,5095088
0.10,5060031
0.10,5056601
0.10,5048847
0.10,4983500
0.10,4979228
0.10,4976910
0.10,4965975
0.10,4873408
0.10,4871572
0.10,4825227
0.10,4704645
0.10,4704449
0.10,4671582
0.11,4562408
0.11,4514967
0.11,4507029
0.11,4503908
0.11,4464908
0.11,4464327
0.11,4458677
0.11,4449539
0.11,4433449
0.11,4431076
0.11,4427266
0.11,4425652
0.11,4367742
0.11,4279144
0.11,4277744
0.11,4258090
0.11,4166407
0.11,4164397
0.11,4160852
0.11,4113028
0.11,4112803
0.11,4075180
0.11,4018679
0.11,3977195
0.11,3950856
0.11,3949535
0.11,3948077
0.11,3920042
0.11,3840951
0.11,3839951
0.11,3835780
0.11,3728691
0.11,3727499
0.11,3708743
0.11,3708282
0.11,3704819
0.11,3704184
0.11,3672109
0.11,3666053
0.11,3659691
0.11,3654105
0.11,3582513
0.11,3476350
0.11,3473647
0.11,3414448
0.11,3409930
0.11,3409688
0.11,3406244
0.11,3402195
0.11,3385831
0.11,3376029
0.11,3372196
0.12,3363535
0.12,3355962
0.12,3354707
0.12,3337318
0.12,3334920
0.12,3334043
0.12,3333907
0.12,3262246
0.12,3245531
0.12,3244598
0.12,3233221
0.12,3233003
0.12,3228224
0.12,3205095
0.12,3192907
0.12,3185111
0.12,3162253
0.12,3150459
0.12,3148178
0.12,3116448
0.12,3083383
0.12,3072405
0.12,3068783
0.12,3058575
0.12,3056886
0.12,3051454
0.12,3047368
0.13,3042614
0.13,3025507
0.13,2967589
0.13,2967444
0.13,2957253
0.13,2946734
0.13,2942571
0.13,2936848
0.13,2936165
0.13,2927399
0.13,2910618
0.13,2906021
0.13,2867840
0.13,2863170
0.13,2826243
0.13,2826065
0.13,2823779
0.13,2820710
0.13,2820210
0.13,2818834
0.13,2818798
0.13,2817503
0.13,2810400
0.13,2807258
0.13,2807083
0.13,2788886
0.13,2739432
0.13,2738839
0.13,2697063
0.13,2673828
0.13,2665963
0.13,2656361
0.13,2653423
0.13,2653348
0.13,2652753
0.13,2643636
0.13,2640145
0.13,2634057
0.13,2629448
0.13,2612851
0.13,2612381
0.13,2560935
0.13,2554464
0.13,2552951
0.13,2549167
0.14,2518155
0.14,2515596
0.14,2515574
0.14,2515201
0.14,2502649
0.14,2483011
0.14,2449250
0.14,2441430
0.14,2439295
0.14,2438190
0.14,2431132
0.14,2427721
0.15,2408456
0.15,2400616
0.15,2375702
0.15,2375661
0.15,2373738
0.15,2366937
0.15,2353468
0.15,2314541
0.15,2305287
0.15,2301305
0.15,2298221
0.15,2291965
0.15,2289034
0.15,2278410
0.16,2270046
0.16,2265840
0.16,2262190
0.16,2247098
0.16,2242178
0.16,2233855
0.16,2221961
0.16,2221505
0.16,2221394
0.16,2209565
0.17,2207789
0.17,2206380
0.18,2201147
0.18,2200641
0.18,2198325
0.18,2197725
0.18,2191081
0.18,2182689
0.18,2157618
0.18,2154977
0.18,2137068
0.18,2128117
0.18,2126244
0.18,2125904
0.18,2124483
0.18,2122777
0.18,2114488
0.18,2074205
0.18,2065548
0.18,2061506
0.18,2055130
0.18,2055007
0.18,2052719
0.18,2051715
0.19,2037572
0.19,2037271
0.19,2019537
0.21,2017752
0.21,2015304
0.21,2002772
0.21,1987236
0.21,1979351
0.21,1968490
0.21,1966973
0.22,1964217
0.22,1960127
0.22,1954952
0.22,1950049
0.22,1947398
0.22,1941535
0.22,1906430
0.22,1904209
0.22,1903962
0.22,1894714
0.22,1893655
0.22,1892132
0.24,1886488
0.24,1872960
0.24,1868467
0.24,1865499
0.24,1858627
0.25,1845204
0.25,1844593
0.25,1842444
0.25,1836039
0.25,1829782
0.25,1828192
0.25,1826432
0.25,1824342
0.25,1798373
0.25,1792841
0.25,1792629
0.25,1792516
0.25,1791416
0.25,1787188
0.25,1778888
0.25,1758771
0.26,1743377
0.26,1737990
0.26,1735950
0.27,1732050
0.27,1730749
0.35,1726623
0.35,1725518
0.35,1723136
0.35,1697977
0.35,1690444
0.36,1660161
0.36,1659776
0.36,1650343
0.36,1625701
0.36,1624184
0.36,1624106
0.81,1623367
0.81,1619278
0.82,1619131
0.82,1611923
0.82,1603070
0.82,1595396
0.82,1589826
0.82,1584796
0.82,1584780
0.82,1584768
0.82,1580876
1.02,1572468
1.50,1567867
1.50,1567547
1.50,1566634
1.50,1561594
1.51,1556774
1.51,1523889
2.07,1523354
2.07,1520987
2.08,1515979
2.08,1511026
2.08,1510358
2.08,1506022
2.08,1505928
2.15,1497825
2.15,1496904
2.15,1496320
2.15,1496157
2.15,1493889
2.15,1493045
2.15,1492115
2.15,1488367
2.15,1487408
2.15,1482899
2.15,1481908
2.15,1478042
2.15,1477647
2.15,1473585
2.54,1466902
2.54,1465919
2.54,1459334
2.78,1457984
2.78,1451711
2.85,1445232
2.85,1443500
2.85,1438676
2.85,1428725
2.91,1418534
2.91,1412136
2.91,1411126
2.91,1408538
2.91,1405042
2.91,1396168
2.91,1393584
3.16,1391164
3.16,1387321
3.16,1386470
3.16,1382544
3.16,1379680
4.33,1379601
4.33,1379451
4.37,1379193
4.53,1378621
4.53,1378551
4.53,1377986
4.53,1366811
4.53,1364627
4.53,1363587
4.53,1363154
4.53,1360116
4.53,1358651
4.53,1355474
4.53,1351313
4.53,1347493
5.01,1341717
5.01,1340140
5.02,1330898
5.02,1330548
5.02,1327481
5.02,1324736
5.08,1320393
5.81,1319415
5.82,1316550
5.82,1316211
5.82,1316201
5.83,1310478
5.83,1310413
5.90,1307715
5.90,1307666
5.90,1307429
5.90,1305579
5.90,1304889
5.90,1304287
5.90,1300850
5.90,1298406
5.90,1296102
5.90,1293108
5.93,1291704
5.93,1288466
5.93,1288211
5.93,1287819
5.93,1281371
5.93,1279033
5.93,1276816
6.27,1274856
6.67,1274109
6.67,1268557
6.70,1260979
6.70,1260834
6.70,1259867
6.70,1259816
6.71,1259344
6.71,1253581
6.71,1251247
6.71,1251185
6.71,1248855
6.71,1248462
6.72,1248191
6.72,1246632
6.72,1245785
6.72,1243831
8.93,1242488
9.38,1242256
9.38,1237523
9.38,1233230
9.59,1232947
9.82,1232557
9.82,1230930
9.82,1227994
9.82,1226414
9.82,1225995
10.21,1225855
10.22,1223785
10.22,1221993
10.22,1221965
10.22,1221722
10.27,1220943
11.01,1216273
11.01,1215572
11.30,1214998
11.35,1214884
11.35,1212963
11.35,1212877
11.35,1212143
11.36,1211764
11.36,1210972
11.42,1210738
11.43,1210004
11.43,1209473
11.43,1205913
11.43,1202425
12.58,1200272
12.60,1198036
12.60,1197866
12.61,1197688
12.61,1197686
12.62,1197221
12.62,1197071
12.79,1197057
12.79,1196648
12.79,1194602
12.80,1193204
14.00,1191602
14.01,1190794
14.01,1190652
14.01,1190652
14.73,1190652
14.73,1190349
14.73,1189995
14.74,1189862
15.01,1188725
15.01,1187157
15.01,1186860
15.02,1186856
15.02,1186357
15.02,1184593
15.64,1184325
15.65,1183704
16.84,1182663
17.28,1181173
17.29,1180858
17.29,1179562
17.29,1179307
18.71,1179261
18.71,1178996
18.71,1178939
18.71,1178703
19.39,1178164
21.61,1177496
21.61,1177496
22.31,1177432
22.32,1177337
23.45,1177239
23.54,1176826
23.79,1176666
23.79,1176664
23.85,1176585
24.02,1176552
24.02,1176343
26.05,1176276
27.06,1176151
