0.00,9812486
0.01,9812452
0.01,9580314
0.01,9580089
0.01,9580053
0.01,9490423
0.01,9462919
0.01,9427591
0.01,9187330
0.01,9110884
0.01,9050913
0.01,8960009
0.01,8930074
0.01,8717943
0.01,8716339
0.01,8553343
0.01,8394611
0.01,8386608
0.01,8363407
0.01,8358301
0.01,8327422
0.01,8269780
0.01,8224669
0.01,8039575
0.01,8037076
0.02,8001416
0.02,8001410
0.02,7947804
0.02,7943916
0.02,7943448
0.02,7941196
0.02,7890946
0.02,7821299
0.02,7750629
0.02,7743646
0.02,7740946
0.02,7737334
0.02,7734941
0.02,7733521
0.02,7694837
0.02,7633618
0.02,7593707
0.02,7543336
0.02,7539918
0.02,7414898
0.02,7313566
0.02,7276962
0.02,7236604
0.02,7231583
0.02,7180223
0.02,7037548
0.02,6891104
0.02,6876934
0.02,6843623
0.02,6829855
0.02,6820657
0.02,6807419
0.02,6645212
0.03,6549943
0.03,6549913
0.03,6507413
0.03,6505172
0.03,6407463
0.03,6245103
0.03,6159261
0.03,6088191
0.03,5985390
0.03,5956218
0.03,5955255
0.03,5951279
0.03,5801830
0.03,5800811
0.03,5800175
0.03,5799369
0.03,5763988
0.03,5750276
0.03,5697434
0.03,5694727
0.03,5682222
0.03,5653125
0.03,5582875
0.03,5571202
0.03,5522140
0.03,5522042
0.03,5471364
0.03,5470555
0.03,5449514
0.03,5395450
0.03,5345137
0.03,5280785
0.03,5270235
0.04,5198267
0.04,5191980
0.04,5111022
0.04,5109565
0.04,5108649
0.04,5102288
0.04,5087896
0.04,5012056
0.04,5004033
0.04,4976745
0.04,4976319
0.04,4972647
0.04,4851669
0.04,4844191
0.04,4841894
0.04,4832726
0.04,4829944
0.04,4824162
0.04,4796930
0.04,4790675
0.04,4782575
0.04,4773867
0.04,4773277
0.04,4742092
0.04,4741051
0.04,4738445
0.04,4735063
0.04,4697598
0.04,4690623
0.04,4688425
0.04,4685168
0.04,4664307
0.04,4609154
0.04,4603729
0.04,4564088
0.04,4458107
0.04,4451110
0.04,4392885
0.04,4391188
0.04,4385975
0.04,4385492
0.04,4346773
0.04,4343739
0.04,4332889
0.04,4326593
0.04,4296827
0.04,4295495
0.04,4167812
0.04,4163111
0.04,4125963
0.04,4107424
0.04,4107187
0.04,4093849
0.04,4052485
0.04,4024967
0.04,4022766
0.04,4019086
0.04,3974725
0.04,3967344
0.04,3959053
0.04,3955246
0.04,3953432
0.05,3952812
0.05,3944450
0.05,3905521
0.05,3905491
0.05,3904619
0.05,3904337
0.05,3875358
0.05,3834837
0.05,3826235
0.05,3825745
0.05,3801092
0.05,3800867
0.05,3797248
0.05,3776209
0.05,3773982
0.05,3773638
0.05,3668376
0.05,3667939
0.05,3665711
0.05,3643234
0.05,3643001
0.05,3641356
0.05,3634580
0.05,3617944
0.05,3543109
0.05,3509509
0.05,3494940
0.05,3494129
0.05,3476247
0.05,3471876
0.05,3471655
0.05,3470661
0.05,3440376
0.05,3420709
0.05,3385880
0.05,3384548
0.05,3381617
0.05,3375359
0.05,3341933
0.05,3320015
0.05,3318797
0.05,3318704
0.05,3311001
0.06,3304991
0.06,3269844
0.06,3268478
0.06,3265851
0.06,3265710
0.06,3265206
0.06,3256525
0.06,3247650
0.06,3247597
0.06,3219027
0.06,3217358
0.06,3212000
0.06,3189434
0.06,3184892
0.06,3112664
0.06,3089774
0.06,3085717
0.06,3070348
0.06,3060904
0.06,3028772
0.06,3011502
0.06,2997940
0.06,2987441
0.06,2935101
0.06,2879613
0.06,2867887
0.06,2861894
0.06,2825633
0.06,2825584
0.06,2818919
0.06,2815637
0.06,2804179
0.06,2797825
0.06,2795416
0.06,2731127
0.06,2701984
0.07,2695827
0.07,2694162
0.07,2693436
0.07,2599007
0.07,2590995
0.07,2589312
0.07,2555687
0.07,2555314
0.07,2542085
0.07,2541446
0.07,2540783
0.07,2539728
0.07,2531578
0.07,2531370
0.07,2525936
0.07,2525823
0.07,2513307
0.07,2512629
0.07,2484680
0.07,2472023
0.07,2421077
0.07,2399325
0.07,2383554
0.07,2312676
0.07,2302339
0.07,2299875
0.08,2298586
0.08,2298126
0.08,2291224
0.08,2290974
0.08,2290616
0.08,2290531
0.08,2290012
0.08,2283934
0.08,2271981
0.08,2249649
0.08,2249383
0.08,2243809
0.08,2230066
0.08,2216286
0.08,2204803
0.08,2202392
0.08,2201239
0.08,2200583
0.08,2200296
0.08,2155887
0.08,2154388
0.08,2147968
0.08,2146357
0.09,2143591
0.09,2136367
0.09,2128405
0.09,2095288
0.09,2094104
0.09,2092793
0.09,2091360
0.09,2055060
0.09,2054700
0.09,2048261
0.09,2044087
0.09,2043909
0.09,2043819
0.09,2031748
0.09,2031541
0.09,2030483
0.09,1995476
0.09,1980756
0.09,1975916
0.10,1971073
0.10,1970658
0.10,1945487
0.10,1924837
0.10,1924522
0.10,1913774
0.10,1913111
0.10,1877350
0.10,1871350
0.10,1853313
0.10,1853311
0.10,1842751
0.10,1832034
0.11,1802790
0.11,1732273
0.11,1732143
0.11,1732045
0.11,1728804
0.11,1725689
0.11,1725640
0.11,1724651
0.11,1717156
0.11,1710522
0.11,1710342
0.11,1703895
0.12,1703723
0.12,1692529
0.12,1674340
0.12,1644594
0.12,1634338
0.12,1632867
0.12,1629233
0.12,1617193
0.12,1615543
0.12,1607808
0.12,1597660
0.12,1596401
0.12,1578505
0.13,1562819
0.13,1558457
0.13,1554845
0.13,1554613
0.13,1554186
0.13,1552848
0.13,1540869
0.13,1538738
0.13,1505983
0.13,1505174
0.14,1502928
0.14,1440594
0.14,1434225
0.14,1415185
0.14,1413700
0.14,1406805
0.14,1405908
0.15,1405565
0.16,1396296
0.16,1395231
0.16,1383334
0.17,1383326
0.17,1377769
0.19,1375624
0.20,1375304
0.20,1364461
0.20,1344853
0.22,1340756
0.23,1339949
0.24,1338439
0.24,1338317
0.24,1307222
0.26,1303004
0.27,1302814
0.27,1300651
0.28,1300176
0.44,1298800
0.46,1297782
0.47,1297471
0.47,1295592
0.48,1289651
0.49,1288752
0.50,1280569
0.52,1274936
0.56,1250694
0.70,1250481
1.28,1239597
1.30,1233726
3.55,1228036
3.58,1227531
3.59,1227244
3.59,1226461
3.60,1226457
3.62,1226299
3.87,1222677
3.87,1222677
3.89,1220812
3.92,1217935
3.93,1216755
3.95,1215236
3.99,1212809
4.02,1212809
7.37,1208206
11.40,1206535
11.40,1206206
11.40,1205997
11.41,1201759
11.41,1197823
11.41,1195627
11.42,1194888
11.43,1193832
11.43,1191767
11.43,1188977
11.44,1183106
11.45,1182766
11.45,1182236
11.45,1182028
11.45,1181991
11.45,1181961
11.46,1181725
11.46,1181519
11.46,1181453
11.47,1181247
11.49,1180654
11.49,1180319
11.50,1178679
11.53,1178569
11.54,1178454
55.68,1177610
55.69,1177081
115.53,1176151
