0.07,10989307
0.07,10868094
0.07,10859579
0.07,10815144
0.07,10811413
0.07,10624106
0.08,10614271
0.08,10589706
0.08,10474803
0.08,10374303
0.08,10286028
0.08,10182027
0.08,10161309
0.08,10151620
0.08,10148414
0.08,10130901
0.08,10112490
0.08,9909451
0.08,9847164
0.08,9746090
0.09,9709110
0.09,9670387
0.09,9594032
0.09,9337965
0.09,9337437
0.09,9308665
0.09,9264803
0.09,9256032
0.09,9236055
0.09,8975507
0.09,8964631
0.09,8963726
0.09,8927328
0.09,8889384
0.09,8867198
0.09,8827994
0.09,8562978
0.09,8356662
0.09,8299638
0.09,8298208
0.09,8183256
0.09,8180590
0.09,8164580
0.09,8163595
0.09,8098185
0.09,8075877
0.09,8050894
0.09,8050813
0.09,8042861
0.09,7897377
0.09,7863938
0.09,7862625
0.09,7860187
0.09,7822082
0.09,7798325
0.09,7781258
0.09,7779676
0.09,7774143
0.10,7629484
0.10,7515155
0.10,7510901
0.10,7502674
0.10,7460569
0.10,7266327
0.10,7256823
0.10,7246623
0.10,7244687
0.10,7232099
0.10,7229436
0.10,7226299
0.10,7181064
0.10,7150382
0.10,7114155
0.10,7073479
0.10,7071966
0.10,7048373
0.10,7026145
0.10,7005450
0.10,6961598
0.10,6945463
0.10,6940168
0.10,6939513
0.10,6933915
0.10,6891259
0.10,6865823
0.10,6766686
0.10,6756453
0.10,6571214
0.10,6537816
0.10,6535292
0.10,6268564
0.10,6267936
0.10,6207715
0.10,6162561
0.10,6077368
0.10,5987192
0.10,5962440
0.10,5952820
0.10,5949687
0.10,5921698
0.10,5874960
0.10,5870714
0.10,5776046
0.10,5767010
0.10,5762208
0.10,5682654
0.11,5670337
0.11,5658622
0.11,5635737
0.11,5609570
0.11,5605684
0.11,5572123
0.11,5461976
0.11,5454148
0.11,5446690
0.11,5435987
0.11,5379179
0.11,5346480
0.11,5345094
0.11,5334586
0.11,5288072
0.11,5283470
0.11,5276424
0.11,5269969
0.11,5266943
0.11,5266435
0.11,5265571
0.11,5249602
0.11,5192078
0.11,5191383
0.11,5188986
0.11,5183934
0.11,5183205
0.11,5165323
0.11,5083376
0.11,5019895
0.11,5015393
0.11,5001416
0.11,4984117
0.11,4979677
0.11,4978967
0.11,4973726
0.11,4948265
0.11,4895100
0.11,4859588
0.11,4813495
0.11,4791139
0.11,4790339
0.11,4731941
0.11,4728681
0.11,4727241
0.11,4722177
0.11,4719806
0.11,4632240
0.11,4605704
0.11,4601792
0.11,4583600
0.11,4581117
0.11,4545394
0.11,4543139
0.11,4505525
0.11,4503919
0.11,4490608
0.11,4484011
0.11,4462765
0.11,4462741
0.11,4458672
0.11,4454183
0.11,4449251
0.11,4438444
0.11,4424237
0.11,4398477
0.11,4391675
0.12,4344995
0.12,4334049
0.12,4329974
0.12,4329382
0.12,4255426
0.12,4254120
0.12,4240603
0.12,4235006
0.12,4221880
0.12,4220818
0.12,4219990
0.12,4218983
0.12,4177007
0.12,4173218
0.12,4107625
0.12,4100758
0.12,3977729
0.12,3957942
0.12,3950995
0.12,3950616
0.12,3948117
0.12,3936891
0.12,3917344
0.12,3903412
0.12,3869851
0.12,3823215
0.12,3822208
0.12,3789557
0.12,3788472
0.12,3784894
0.12,3774438
0.12,3693098
0.12,3648959
0.12,3635026
0.12,3628621
0.12,3617726
0.12,3584037
0.12,3577852
0.12,3571595
0.12,3566888
0.12,3560297
0.12,3524519
0.12,3479453
0.12,3471140
0.13,3455771
0.13,3453438
0.13,3449713
0.13,3415744
0.13,3368940
0.13,3368858
0.13,3360694
0.13,3359074
0.13,3354122
0.13,3325627
0.13,3322683
0.13,3318544
0.13,3315677
0.13,3299646
0.13,3282507
0.13,3276921
0.13,3275432
0.13,3261726
0.13,3238453
0.13,3236327
0.13,3236202
0.13,3235048
0.13,3233329
0.13,3229368
0.13,3228416
0.13,3228219
0.13,3202675
0.13,3201660
0.13,3199398
0.13,3198823
0.13,3172668
0.13,3169544
0.13,3116455
0.14,3104290
0.14,3103907
0.14,3069656
0.14,3069423
0.14,3065350
0.14,3022824
0.14,3022789
0.14,3019523
0.14,2914329
0.14,2914328
0.14,2863050
0.14,2855442
0.14,2851281
0.14,2849797
0.14,2849325
0.14,2847877
0.14,2844576
0.14,2825230
0.14,2824353
0.14,2824253
0.14,2811817
0.14,2799129
0.14,2762240
0.14,2751456
0.14,2732135
0.14,2712420
0.15,2664755
0.15,2661014
0.15,2660725
0.15,2646118
0.15,2636992
0.15,2635842
0.15,2635769
0.15,2622040
0.15,2619270
0.15,2615794
0.15,2614986
0.15,2579564
0.15,2569427
0.15,2552868
0.15,2550563
0.15,2549340
0.15,2537707
0.15,2490714
0.15,2477277
0.15,2463329
0.15,2461978
0.15,2460990
0.15,2454957
0.15,2451070
0.15,2435185
0.15,2433703
0.15,2427342
0.18,2402644
0.18,2381375
0.18,2376941
0.18,2371612
0.18,2369018
0.18,2366011
0.18,2357044
0.18,2355034
0.18,2352948
0.18,2350006
0.18,2347222
0.18,2317774
0.18,2314727
0.19,2314326
0.19,2312441
0.19,2306728
0.19,2304658
0.19,2299474
0.19,2294075
0.19,2290351
0.19,2283639
0.19,2280939
0.19,2275318
0.19,2261543
0.19,2261470
0.20,2260410
0.20,2243046
0.20,2239338
0.20,2229563
0.20,2227459
0.20,2184817
0.21,2181304
0.21,2172951
0.21,2166924
0.21,2152539
0.21,2148178
0.21,2145698
0.21,2115209
0.21,2107907
0.21,2106988
0.21,2105289
0.21,2084602
0.21,2069611
0.21,2068356
0.21,2065643
0.21,2063905
0.21,2059521
0.21,2050893
0.23,2047882
0.23,1977037
0.23,1975705
0.23,1973899
0.23,1968489
0.23,1958005
0.23,1922969
0.26,1906759
0.26,1899550
0.26,1898569
0.26,1893753
0.26,1885463
0.26,1881825
0.26,1874190
0.30,1865867
0.30,1862698
0.30,1846125
0.30,1839194
0.30,1836507
0.30,1834523
0.30,1834412
0.30,1830581
0.30,1828177
0.30,1824591
0.33,1817866
0.33,1815491
0.33,1815224
0.33,1809338
0.33,1808290
0.33,1807439
0.33,1805326
0.33,1805186
0.33,1800528
0.33,1799631
0.33,1795681
0.33,1793631
0.33,1787668
0.33,1779747
0.34,1774811
0.34,1762090
0.34,1761625
0.34,1760681
0.34,1753730
0.34,1751612
0.34,1751443
0.34,1743081
0.35,1732924
0.35,1732924
0.35,1730893
0.35,1727061
0.42,1722283
0.42,1719609
0.42,1713010
0.42,1712290
0.42,1710546
0.42,1700960
0.43,1700035
0.43,1698100
0.43,1691365
0.71,1691250
0.71,1667579
0.71,1664675
0.71,1664138
0.71,1663059
0.72,1654824
0.72,1653435
0.72,1631756
0.72,1631588
0.72,1618430
0.91,1616147
0.91,1615453
0.91,1613318
0.92,1607863
0.92,1604338
0.92,1603214
0.92,1589504
1.43,1583796
1.43,1583663
1.43,1583339
1.43,1581577
1.79,1579628
1.79,1575186
1.79,1567541
1.79,1560506
1.80,1560347
1.80,1539449
1.80,1536083
2.01,1534994
2.01,1533612
2.03,1532963
2.03,1518919
2.03,1509668
2.03,1508028
2.03,1503872
2.03,1503827
2.23,1499756
2.23,1499130
2.23,1498989
2.35,1497706
2.35,1495980
2.35,1480884
2.35,1480834
2.35,1480374
2.35,1472511
2.35,1450175
2.35,1449208
3.29,1449037
3.29,1447666
3.29,1445802
3.29,1445653
3.29,1429967
3.32,1427615
3.32,1425430
3.32,1424783
3.32,1424456
3.32,1421568
3.32,1421567
3.32,1421060
3.32,1420229
3.47,1414495
3.48,1409451
3.48,1407682
3.48,1407040
3.48,1404571
3.48,1402012
3.50,1393428
3.81,1389626
3.82,1386318
3.82,1386156
3.82,1381789
3.82,1378294
3.82,1377576
3.82,1376101
3.82,1373508
3.82,1372954
3.82,1370918
3.82,1367656
3.82,1366226
3.82,1365734
3.82,1363463
3.82,1357676
4.64,1356153
4.64,1345391
4.64,1344274
4.64,1343843
4.64,1339454
4.64,1339316
4.64,1337007
4.64,1336103
4.64,1335852
4.64,1334725
4.64,1331473
4.64,1330572
4.64,1329747
5.49,1328462
5.49,1325916
5.77,1325872
5.79,1321526
5.79,1321318
5.79,1320157
5.79,1317946
5.79,1316937
5.92,1316719
5.92,1312939
5.92,1312256
5.92,1312114
5.92,1310998
5.92,1309528
5.92,1308498
6.28,1294319
6.28,1287941
6.28,1287196
6.29,1286470
6.29,1282069
6.29,1280427
6.29,1275345
6.30,1275195
6.30,1270234
6.89,1267547
6.89,1265639
7.01,1262024
7.01,1261327
7.01,1261156
7.03,1259719
7.10,1259100
7.10,1258208
7.10,1256678
7.10,1253873
7.11,1253154
7.11,1252014
7.90,1249980
7.90,1249059
8.63,1245776
8.63,1245107
8.71,1242476
8.71,1242345
8.71,1242025
8.71,1239696
8.89,1236899
8.90,1236344
8.90,1236201
9.04,1235549
9.04,1235546
9.04,1234733
9.04,1233706
9.04,1233667
9.04,1233271
9.04,1229376
9.04,1229277
9.04,1228953
9.68,1225738
9.68,1222866
10.07,1221618
10.22,1217712
10.23,1217063
10.23,1216964
10.23,1216290
11.13,1215366
11.13,1215364
11.13,1214308
11.14,1211929
11.69,1211712
11.85,1210660
12.03,1210490
12.06,1209793
12.06,1209576
12.06,1207301
12.13,1206801
12.13,1206203
12.13,1206138
12.31,1206107
12.31,1205579
12.45,1204516
12.45,1204186
12.59,1204034
12.60,1200659
12.66,1198282
12.66,1198073
12.66,1197775
12.66,1197519
12.67,1196868
12.67,1196699
12.67,1195634
12.67,1195475
12.67,1193675
12.67,1193663
14.32,1193428
14.36,1192658
14.77,1187768
14.77,1186704
15.99,1184006
15.99,1183864
15.99,1183710
15.99,1183705
16.01,1183029
16.29,1182890
17.59,1182635
17.69,1181873
17.70,1180412
18.18,1180330
18.18,1179494
18.18,1178634
18.19,1178364
19.48,1178350
19.48,1178141
20.80,1177613
21.46,1177333
21.47,1177310
21.74,1177108
23.72,1177062
24.19,1176991
24.24,1176940
24.32,1176849
25.31,1176798
