0.00,9802559
0.01,9731847
0.01,9731658
0.01,9721185
0.01,9567532
0.01,9562020
0.01,9522279
0.01,9449817
0.01,9230692
0.01,9173817
0.01,9083400
0.01,9002011
0.01,8954932
0.01,8936094
0.01,8898167
0.01,8873278
0.01,8788142
0.01,8745360
0.01,8732539
0.01,8731038
0.01,8488248
0.01,8404857
0.01,8402968
0.01,8364982
0.01,8350234
0.01,8319144
0.01,8302545
0.01,8302045
0.01,8266575
0.01,8147416
0.01,8117355
0.01,8105127
0.01,8049542
0.02,7930522
0.02,7805744
0.02,7803399
0.02,7803287
0.02,7544318
0.02,7484217
0.02,7472003
0.02,7448802
0.02,7407388
0.02,7336895
0.02,7192089
0.02,7122616
0.02,7101215
0.02,7099156
0.02,7094947
0.02,7083041
0.02,7026205
0.02,6962732
0.02,6931719
0.03,6927456
0.03,6845427
0.03,6774267
0.03,6772191
0.03,6710712
0.03,6700624
0.03,6694417
0.03,6667323
0.03,6518547
0.03,6502996
0.03,6471563
0.03,6457000
0.03,6340504
0.03,6251849
0.03,6168743
0.03,6130898
0.03,6109212
0.03,6105439
0.03,6091302
0.03,6075184
0.03,6051469
0.03,5901927
0.03,5901587
0.03,5898732
0.03,5815932
0.03,5751590
0.03,5643651
0.03,5576991
0.03,5565678
0.03,5564245
0.03,5564110
0.03,5552342
0.03,5549167
0.03,5543748
0.03,5461622
0.03,5461092
0.03,5460018
0.03,5452515
0.03,5408629
0.03,5342618
0.03,5289583
0.03,5284647
0.03,5278001
0.03,5188352
0.04,5182605
0.04,5067801
0.04,5064990
0.04,5000674
0.04,4928562
0.04,4924074
0.04,4901270
0.04,4894008
0.04,4881778
0.04,4808691
0.04,4803448
0.04,4793279
0.04,4793271
0.04,4781563
0.04,4780847
0.04,4758364
0.04,4756216
0.04,4754286
0.04,4664346
0.04,4661794
0.04,4632415
0.04,4630016
0.04,4570805
0.04,4565768
0.04,4476624
0.04,4441296
0.04,4428939
0.04,4428807
0.04,4419835
0.04,4244014
0.04,4214368
0.04,4148757
0.04,4147497
0.04,3946284
0.04,3936602
0.04,3894617
0.04,3876483
0.04,3848731
0.04,3774786
0.04,3754257
0.04,3741319
0.04,3735111
0.04,3734832
0.04,3689958
0.04,3640423
0.04,3573204
0.04,3525517
0.04,3470706
0.04,3394286
0.04,3383738
0.04,3323538
0.04,3287919
0.04,3224331
0.04,3209096
0.04,3203455
0.04,3167117
0.04,3159159
0.04,3153846
0.04,3131304
0.05,3131293
0.05,3113601
0.05,3106147
0.05,3006218
0.05,2993390
0.05,2903153
0.05,2902977
0.05,2902783
0.05,2865071
0.05,2856641
0.05,2855867
0.05,2840743
0.05,2790733
0.05,2785186
0.05,2784700
0.05,2779324
0.05,2776957
0.05,2774711
0.05,2772013
0.05,2763237
0.06,2728936
0.06,2727500
0.06,2727185
0.06,2702455
0.06,2698182
0.06,2674202
0.06,2659363
0.06,2656023
0.06,2646548
0.06,2628148
0.06,2617239
0.06,2616602
0.06,2613088
0.06,2544378
0.06,2544069
0.06,2464935
0.06,2456651
0.07,2451945
0.07,2449377
0.07,2446262
0.07,2445315
0.07,2444269
0.07,2433405
0.07,2428883
0.07,2392926
0.07,2392301
0.07,2386041
0.07,2384067
0.07,2346889
0.07,2341839
0.07,2341448
0.07,2335409
0.07,2306334
0.07,2297164
0.07,2286412
0.07,2277883
0.07,2277625
0.07,2254740
0.07,2236512
0.07,2224415
0.07,2219288
0.07,2186450
0.07,2174821
0.07,2166780
0.07,2030366
0.07,2029396
0.07,2028102
0.07,2027295
0.07,2014731
0.07,2009741
0.08,2003567
0.08,2003455
0.08,1999362
0.08,1991859
0.08,1991180
0.08,1975908
0.08,1975011
0.08,1973775
0.08,1953606
0.08,1948865
0.08,1947358
0.08,1942131
0.08,1940110
0.08,1936427
0.08,1931719
0.08,1931515
0.08,1926607
0.08,1926021
0.08,1925797
0.08,1923915
0.09,1922704
0.09,1920191
0.09,1911171
0.09,1895465
0.09,1880608
0.09,1878529
0.09,1836647
0.09,1829472
0.09,1829380
0.09,1807738
0.09,1807291
0.09,1788926
0.09,1787854
0.09,1747054
0.10,1707801
0.10,1697499
0.10,1690951
0.10,1681906
0.10,1676811
0.10,1676255
0.10,1674915
0.11,1671434
0.11,1667311
0.11,1658622
0.11,1610796
0.11,1610448
0.11,1599284
0.12,1598838
0.12,1592411
0.12,1592301
0.12,1592290
0.12,1591686
0.12,1591524
0.12,1590643
0.12,1578163
0.12,1575232
0.13,1574953
0.13,1564404
0.13,1544249
0.13,1544014
0.13,1532105
0.13,1525212
0.13,1524384
0.13,1439924
0.14,1436839
0.14,1435194
0.14,1425330
0.14,1419299
0.14,1383255
0.14,1380758
0.14,1365050
0.14,1349467
0.15,1349018
0.15,1347309
0.15,1345899
0.16,1332024
0.16,1325268
0.17,1322348
0.17,1319790
0.17,1314010
0.18,1313035
0.19,1306728
0.20,1303649
0.20,1299771
0.21,1290247
0.21,1287147
0.21,1284853
0.22,1278451
0.22,1275570
0.23,1272780
0.24,1253741
0.25,1248108
0.25,1247459
0.26,1246977
0.27,1244670
0.27,1242995
0.28,1242667
0.29,1218425
0.39,1214546
0.42,1213586
0.42,1197754
0.43,1194317
0.43,1191890
0.45,1191701
0.46,1191226
10.02,1190192
10.02,1188226
10.07,1187971
45.65,1187704
78.80,1186885
78.82,1185195
78.83,1180478
95.51,1179500
95.53,1179279
95.56,1179214
303.51,1178237
308.00,1178115
345.69,1177328
403.71,1177203
