0.06,11094657
0.06,11091744
0.06,11073342
0.06,11017033
0.06,11012561
0.06,10960266
0.06,10959162
0.06,10931394
0.06,10915271
0.06,10914222
0.07,10819455
0.07,10662595
0.07,10655857
0.07,10627326
0.07,10619713
0.07,10596195
0.07,10516871
0.07,10450622
0.07,10430060
0.07,10398806
0.07,10398300
0.07,10214324
0.07,10166675
0.07,10114656
0.07,10039924
0.07,10031376
0.07,9833519
0.08,9805510
0.08,9771316
0.08,9653394
0.08,9614877
0.08,9600061
0.08,9470732
0.08,9470557
0.08,9457792
0.08,9431245
0.08,9422431
0.08,9413581
0.08,9388578
0.08,9388423
0.08,9287397
0.08,9286877
0.08,9275073
0.08,9274943
0.08,9244556
0.08,9155658
0.08,9098650
0.08,9011696
0.08,8846114
0.08,8590656
0.08,8568739
0.08,8517279
0.08,8277083
0.08,8168497
0.08,8128921
0.08,7935849
0.08,7925091
0.08,7669253
0.08,7612210
0.08,7608875
0.08,7465761
0.08,7459785
0.08,7384074
0.08,7376493
0.08,7376276
0.08,7371754
0.08,7367033
0.08,7321571
0.08,7122767
0.08,7051723
0.08,7043212
0.08,7009750
0.08,6983650
0.08,6962182
0.08,6962031
0.08,6932554
0.08,6878732
0.08,6862123
0.08,6856041
0.08,6830005
0.08,6819337
0.08,6798692
0.09,6654763
0.09,6406369
0.09,6380571
0.09,6329685
0.09,6217110
0.09,6200332
0.09,6094012
0.09,6063132
0.09,6038222
0.09,5994423
0.09,5977813
0.09,5974730
0.09,5964171
0.09,5943694
0.09,5907359
0.09,5649018
0.09,5585076
0.09,5533012
0.09,5453380
0.09,5437437
0.09,5432916
0.09,5430577
0.09,5430528
0.09,5339242
0.09,5326577
0.09,5320662
0.09,5317770
0.09,5252814
0.09,5227110
0.09,5185853
0.09,5182726
0.09,5176576
0.09,5143840
0.09,5089798
0.09,5037579
0.09,5029081
0.09,5024240
0.09,5023495
0.09,4983084
0.09,4980848
0.09,4944989
0.09,4939283
0.09,4925406
0.09,4925299
0.09,4915821
0.09,4890382
0.09,4887441
0.09,4874893
0.09,4857661
0.09,4854561
0.09,4845982
0.09,4826657
0.09,4693146
0.09,4654988
0.09,4647615
0.09,4641588
0.09,4619751
0.09,4596300
0.10,4581555
0.10,4553914
0.10,4535460
0.10,4489831
0.10,4451953
0.10,4420194
0.10,4392369
0.10,4278106
0.10,4234756
0.10,4233457
0.10,4161336
0.10,4161312
0.10,4146299
0.10,4142812
0.10,4106643
0.10,4104068
0.10,4102558
0.10,4080790
0.10,4040191
0.10,4020386
0.10,4014922
0.10,4002343
0.10,3992347
0.10,3984486
0.10,3963977
0.10,3954933
0.10,3901296
0.10,3878540
0.10,3877963
0.10,3873973
0.10,3800410
0.10,3760223
0.10,3715100
0.10,3714271
0.10,3712353
0.10,3706037
0.10,3705282
0.10,3679124
0.10,3677676
0.10,3671612
0.10,3667034
0.10,3656092
0.10,3653839
0.10,3646882
0.11,3633221
0.11,3551243
0.11,3550325
0.11,3541192
0.11,3539544
0.11,3536057
0.11,3533063
0.11,3528000
0.11,3486656
0.11,3476739
0.11,3461857
0.11,3460874
0.11,3456342
0.11,3428001
0.11,3427575
0.11,3351337
0.11,3351337
0.11,3314357
0.11,3304383
0.11,3288283
0.11,3170987
0.11,3165963
0.11,3078721
0.11,3074752
0.11,3072707
0.11,3070770
0.11,3064388
0.11,3056630
0.11,3013770
0.11,2980890
0.11,2979162
0.11,2979019
0.11,2965596
0.11,2848637
0.11,2845434
0.11,2842565
0.11,2840183
0.11,2837027
0.11,2824069
0.11,2823505
0.12,2819551
0.12,2809961
0.12,2759999
0.12,2717537
0.12,2717385
0.12,2710691
0.12,2693807
0.12,2685621
0.12,2680200
0.12,2674387
0.12,2668339
0.12,2666265
0.12,2665476
0.12,2600316
0.12,2585339
0.12,2583554
0.13,2560570
0.13,2556616
0.13,2502528
0.13,2481838
0.13,2478907
0.13,2473286
0.13,2471125
0.13,2458049
0.13,2440004
0.13,2433361
0.13,2402048
0.13,2393171
0.13,2391570
0.13,2389348
0.13,2375988
0.13,2357016
0.13,2344264
0.13,2338625
0.13,2335389
0.13,2318595
0.13,2317935
0.13,2303222
0.13,2293829
0.14,2243621
0.14,2241150
0.14,2239047
0.14,2209213
0.14,2208305
0.14,2206715
0.14,2204236
0.14,2200777
0.14,2198560
0.14,2193741
0.14,2193638
0.14,2148684
0.14,2146385
0.14,2143747
0.14,2141293
0.14,2133766
0.14,2133758
0.14,2131270
0.14,2131039
0.15,2114446
0.15,2108378
0.15,2105394
0.15,2100219
0.15,2099364
0.15,2099142
0.15,2078724
0.15,2078103
0.15,2071182
0.15,2070082
0.15,2067383
0.15,2067161
0.15,2065523
0.15,2062904
0.15,1989804
0.15,1987266
0.15,1986943
0.20,1981226
0.20,1978431
0.20,1971380
0.20,1965825
0.21,1963322
0.21,1960214
0.21,1952394
0.21,1937759
0.22,1920251
0.22,1920031
0.22,1918679
0.22,1917221
0.22,1915202
0.22,1915091
0.22,1910551
0.22,1908603
0.22,1908452
0.22,1907131
0.22,1902600
0.22,1895808
0.22,1884472
0.22,1883325
0.22,1881591
0.22,1881501
0.22,1878483
0.23,1873205
0.23,1872198
0.23,1863970
0.23,1862730
0.23,1860322
0.23,1856832
0.23,1849558
0.23,1832655
0.23,1825511
0.23,1820916
0.24,1792592
0.24,1792007
0.24,1789431
0.24,1780043
0.24,1775327
0.25,1768304
0.25,1767790
0.25,1764849
0.44,1756090
0.44,1748559
0.44,1748061
0.44,1744488
0.44,1725684
0.44,1723185
0.45,1709725
0.45,1705575
0.45,1704780
0.45,1696506
0.45,1696167
0.45,1685587
0.45,1684814
0.93,1682882
0.93,1682719
0.93,1681918
0.94,1677706
0.94,1677238
0.94,1671498
0.94,1657458
0.94,1652338
0.95,1650060
0.95,1639409
0.95,1634342
0.95,1632747
0.96,1617654
0.96,1615685
0.96,1614549
0.96,1606705
0.96,1599647
0.96,1599196
0.96,1598796
0.96,1587158
0.96,1585636
0.96,1584475
0.96,1584338
0.96,1580588
0.96,1579121
0.96,1559931
0.96,1554793
0.96,1551975
0.96,1551556
0.96,1550684
0.96,1550588
1.21,1548439
1.21,1544463
1.21,1543601
1.21,1540415
1.21,1540198
1.21,1538056
1.21,1537706
1.21,1536521
1.21,1531573
1.66,1529281
1.66,1526531
1.69,1523742
1.69,1519256
2.34,1500743
2.34,1496858
2.34,1494552
2.34,1493677
2.48,1488517
2.48,1488322
2.48,1482323
2.48,1479075
2.59,1478142
2.59,1476804
2.59,1469980
2.59,1465102
2.81,1460795
2.81,1460316
2.81,1459983
2.81,1452119
2.81,1450497
2.81,1450021
2.81,1449070
2.81,1445979
2.81,1439681
2.81,1438401
2.89,1431211
3.13,1429141
3.13,1415107
3.61,1412384
3.64,1406104
3.64,1401852
3.64,1396513
3.64,1396165
3.64,1385786
3.64,1385699
3.65,1381040
3.66,1378150
3.66,1377587
4.25,1371726
4.62,1370123
4.62,1368835
4.62,1368229
4.62,1365616
4.62,1365615
4.62,1363996
4.62,1361079
4.62,1361064
4.63,1358852
4.63,1354631
4.63,1348932
4.63,1348715
4.63,1345779
4.63,1342892
4.63,1335541
4.63,1332700
4.64,1330153
4.64,1329886
4.64,1329502
4.64,1325405
4.64,1320146
4.64,1320054
4.64,1319586
4.64,1318988
4.68,1316380
4.68,1311931
4.68,1309375
4.72,1307393
4.72,1305080
4.72,1302775
4.72,1301012
4.72,1300225
4.72,1299038
4.72,1294924
4.72,1293903
5.24,1291493
5.25,1283254
5.38,1282423
5.38,1281969
5.38,1278064
5.38,1277969
5.38,1275910
6.15,1272706
6.15,1270555
6.17,1270399
6.17,1265206
6.17,1261720
6.17,1261254
6.17,1259610
6.26,1259471
6.59,1259029
6.59,1259012
6.59,1254512
6.59,1253943
6.59,1253796
6.64,1252659
6.64,1247982
6.64,1247383
6.64,1244617
7.04,1243558
7.06,1239795
7.06,1239673
7.24,1237075
7.24,1236929
7.24,1236457
7.25,1236047
7.54,1234947
7.54,1234830
7.60,1233589
7.60,1224383
7.60,1218840
8.65,1215370
8.65,1214619
8.65,1213399
8.65,1212668
8.65,1212633
8.65,1212530
8.66,1211332
9.11,1210774
9.30,1210321
9.30,1209817
9.30,1209714
9.72,1204503
10.05,1204436
10.05,1204212
10.47,1200691
10.53,1199577
10.53,1198607
10.53,1198604
10.53,1198463
10.53,1198262
10.54,1198181
10.54,1198132
10.54,1197856
10.96,1194832
10.96,1193767
10.96,1193631
10.96,1193566
10.96,1193253
10.96,1192831
10.96,1191898
11.73,1191415
11.73,1191161
11.73,1191030
11.73,1190298
11.73,1190158
12.15,1189766
13.31,1189209
13.31,1188123
13.31,1185855
13.54,1184981
13.54,1184675
13.54,1184412
13.55,1184160
13.55,1183715
13.55,1182241
13.76,1182060
13.77,1182041
14.74,1181446
15.26,1181235
15.26,1180866
15.28,1180481
15.28,1180305
15.30,1180003
15.30,1179779
15.32,1179690
15.32,1179084
17.30,1179001
17.30,1178746
17.31,1178654
17.36,1178305
17.50,1178033
17.91,1178018
18.65,1177654
18.70,1177595
19.19,1177223
20.02,1177214
20.72,1176789
20.72,1176533
20.73,1176531
20.80,1176528
20.81,1176479
20.83,1176273
