0.07,9383213
0.07,9267499
0.07,9265253
0.07,9239249
0.07,9237017
0.08,9183412
0.08,9157345
0.08,9115171
0.08,9110723
0.08,9103856
0.08,9051519
0.08,9051125
0.08,9045915
0.08,8906566
0.08,8881672
0.08,8878982
0.08,8755086
0.08,8751141
0.08,8750185
0.08,8731697
0.09,8592934
0.09,8508100
0.09,8481154
0.09,8480575
0.09,8429178
0.09,8401251
0.09,8395954
0.09,8298428
0.09,8289103
0.09,8289082
0.09,8222861
0.09,8206260
0.09,8146223
0.09,8039879
0.09,7984668
0.09,7980158
0.09,7781892
0.09,7758628
0.09,7753963
0.09,7697286
0.09,7696842
0.09,7695520
0.09,7679470
0.09,7632572
0.09,7627544
0.09,7542909
0.09,7368944
0.09,7349747
0.09,7348091
0.09,7332120
0.09,7326405
0.10,7308852
0.10,7305322
0.10,7286844
0.10,7286234
0.10,7273240
0.10,7167226
0.10,7055883
0.10,7054920
0.10,7047216
0.10,6897027
0.10,6892270
0.10,6834566
0.10,6804114
0.10,6757577
0.10,6734419
0.10,6718858
0.10,6681528
0.10,6631084
0.10,6615703
0.10,6610369
0.10,6609860
0.10,6582171
0.10,6513223
0.10,6387977
0.10,6339709
0.10,6331811
0.10,6257243
0.10,6253712
0.10,6207721
0.10,6200267
0.10,6198542
0.10,6167925
0.11,6154200
0.11,6044214
0.11,6019698
0.11,5975328
0.11,5965394
0.11,5963386
0.11,5956773
0.11,5938839
0.11,5923329
0.11,5918465
0.11,5911625
0.11,5910052
0.11,5892552
0.11,5892538
0.11,5876780
0.11,5866789
0.11,5805865
0.11,5802440
0.11,5669990
0.11,5658882
0.11,5655930
0.11,5651584
0.11,5570804
0.11,5531484
0.11,5504051
0.11,5494651
0.11,5494116
0.11,5481072
0.11,5480626
0.11,5463704
0.11,5425680
0.11,5420988
0.11,5365744
0.11,5364648
0.11,5292525
0.11,5255474
0.11,5247526
0.11,5247165
0.11,5233080
0.11,5145749
0.11,5118357
0.11,5018382
0.11,4940797
0.11,4900470
0.11,4825699
0.11,4818721
0.11,4813498
0.11,4811477
0.11,4785950
0.11,4691629
0.11,4633373
0.12,4621436
0.12,4613080
0.12,4612968
0.12,4580257
0.12,4553714
0.12,4552927
0.12,4534400
0.12,4463420
0.12,4462853
0.12,4271514
0.12,4236307
0.12,4228690
0.12,4135463
0.12,4129179
0.12,4120245
0.12,4096419
0.12,4089614
0.12,4072338
0.12,4065554
0.12,4062527
0.12,3987628
0.12,3957836
0.12,3932105
0.12,3839481
0.12,3836416
0.12,3804909
0.12,3778579
0.12,3758206
0.12,3752230
0.12,3744356
0.12,3731191
0.12,3727750
0.12,3712666
0.12,3710113
0.12,3707917
0.12,3691879
0.12,3684885
0.12,3682837
0.12,3679786
0.12,3678406
0.12,3673566
0.12,3652261
0.12,3616993
0.12,3607963
0.12,3600879
0.13,3590123
0.13,3586835
0.13,3586632
0.13,3558498
0.13,3555772
0.13,3531863
0.13,3518942
0.13,3513703
0.13,3512449
0.13,3426126
0.13,3424333
0.13,3415950
0.13,3414447
0.13,3412311
0.13,3397659
0.13,3366682
0.13,3349044
0.13,3338111
0.13,3333862
0.13,3328329
0.13,3327882
0.13,3320904
0.13,3276268
0.13,3271251
0.13,3242200
0.13,3242034
0.13,3240214
0.13,3168425
0.13,3144859
0.13,3144369
0.13,3124675
0.13,3115698
0.13,3109594
0.13,3087255
0.13,3087061
0.13,3085918
0.13,3056654
0.13,3032990
0.13,3025430
0.13,3022321
0.13,3020233
0.13,3009929
0.14,3001904
0.14,2972495
0.14,2970783
0.14,2967224
0.14,2947840
0.14,2938493
0.14,2931531
0.14,2929916
0.14,2919657
0.14,2900649
0.14,2882190
0.14,2881703
0.14,2881685
0.14,2850924
0.14,2810590
0.14,2798310
0.14,2792628
0.14,2763664
0.14,2758581
0.14,2730067
0.14,2696712
0.14,2671257
0.14,2670357
0.14,2670343
0.14,2668080
0.14,2663695
0.14,2653137
0.14,2620329
0.14,2620184
0.15,2615023
0.15,2612540
0.15,2598910
0.15,2594310
0.15,2593676
0.15,2590958
0.15,2590430
0.15,2586530
0.15,2576427
0.15,2566436
0.15,2566032
0.15,2564342
0.15,2548102
0.15,2539947
0.15,2534170
0.15,2534006
0.15,2532041
0.15,2522771
0.15,2517911
0.15,2515935
0.15,2490202
0.15,2489353
0.15,2489022
0.15,2488721
0.15,2487401
0.15,2479581
0.15,2422695
0.15,2415033
0.15,2408145
0.15,2406981
0.16,2399848
0.16,2370984
0.16,2369002
0.16,2366695
0.16,2363789
0.16,2358251
0.16,2327140
0.16,2320405
0.16,2312167
0.16,2311692
0.16,2310204
0.16,2264960
0.16,2259776
0.16,2246089
0.16,2240739
0.16,2180895
0.16,2165943
0.16,2159026
0.16,2151120
0.17,2130185
0.17,2128003
0.17,2117842
0.18,2116772
0.18,2113368
0.18,2104632
0.18,2102585
0.18,2097933
0.18,2097890
0.18,2095146
0.18,2094096
0.18,2093065
0.18,2092313
0.18,2083105
0.18,2080263
0.18,2077661
0.18,2073291
0.18,2051375
0.18,2048955
0.19,2048823
0.19,2038656
0.19,2030137
0.19,2024353
0.19,2009512
0.19,2008242
0.19,2004085
0.19,1946983
0.19,1939191
0.19,1923193
0.19,1917481
0.19,1908950
0.19,1907815
0.19,1891868
0.20,1884121
0.26,1879875
0.26,1874315
0.26,1861907
0.26,1861673
0.26,1859300
0.26,1857768
0.26,1851463
0.26,1849358
0.26,1846471
0.26,1846214
0.29,1843225
0.29,1843213
0.31,1811176
0.31,1809448
0.31,1803787
0.33,1801057
0.34,1799060
0.34,1798171
0.34,1796704
0.34,1789792
0.46,1771358
0.46,1771146
0.46,1751423
0.46,1750635
0.46,1749765
0.46,1749185
0.46,1747755
0.46,1747358
0.51,1733972
0.77,1720691
0.77,1719305
0.77,1711766
0.77,1703576
0.77,1700242
0.77,1698229
0.80,1679917
0.80,1676050
0.80,1673447
0.80,1670740
0.80,1658851
0.80,1657981
0.80,1655146
0.80,1622886
0.80,1606562
0.80,1603610
0.80,1597141
0.90,1590249
0.90,1582713
0.90,1558299
1.42,1555054
1.42,1553094
1.42,1552718
1.42,1552086
1.42,1550240
1.42,1549680
1.43,1541936
1.69,1540931
1.69,1535764
1.69,1532320
1.69,1527920
1.69,1521562
1.69,1520273
1.76,1492627
1.76,1485806
1.77,1477550
1.77,1476948
2.99,1475525
2.99,1471915
2.99,1467156
3.00,1466392
3.00,1465132
3.00,1463784
3.00,1460590
3.00,1460385
3.38,1442627
3.50,1438506
3.50,1436636
3.50,1436196
3.50,1422478
3.68,1413331
3.77,1404921
3.77,1398901
3.77,1394971
3.77,1388842
4.16,1385484
4.16,1379907
4.16,1379417
4.16,1374329
4.16,1363770
4.16,1363316
4.16,1363131
4.16,1349493
4.16,1333652
4.16,1330399
4.85,1323213
5.54,1315843
5.54,1313985
5.54,1308410
5.55,1306839
5.55,1306832
5.55,1306017
5.55,1303707
5.55,1301462
5.55,1300715
5.55,1300384
5.85,1299159
5.85,1296943
5.85,1293672
5.85,1292019
5.85,1290767
5.85,1289256
5.85,1288776
5.86,1280841
6.87,1280048
6.96,1270450
7.47,1267893
7.47,1266898
7.48,1266487
7.52,1264981
7.52,1263864
7.52,1261859
7.52,1260828
7.52,1252711
7.53,1250984
7.53,1249896
7.69,1249378
7.69,1249205
7.69,1248789
7.70,1247282
7.70,1247270
7.73,1242353
7.73,1241769
7.73,1239046
7.73,1234012
8.31,1233448
8.31,1231747
8.31,1230855
8.31,1229790
9.66,1228014
9.67,1227144
9.68,1227067
9.68,1225610
9.68,1224740
9.68,1223934
9.68,1219852
10.64,1219808
10.64,1219607
10.64,1219110
10.64,1219021
10.88,1218410
10.88,1217546
10.99,1216734
11.05,1215085
11.05,1214129
11.05,1213439
11.70,1211884
11.70,1207166
11.70,1206651
11.70,1205365
12.20,1204218
12.21,1203134
12.21,1202881
12.21,1202408
12.26,1201964
12.26,1201802
12.26,1199577
12.81,1199007
12.81,1196569
12.81,1196173
12.90,1195989
12.90,1195862
13.48,1194701
13.48,1194697
13.48,1193861
13.74,1193436
14.39,1193433
14.39,1192334
14.69,1190505
14.72,1190347
15.04,1188557
15.04,1187868
15.40,1187691
15.40,1187599
15.40,1187472
15.40,1187442
15.41,1187358
15.41,1186821
15.41,1185358
16.06,1184465
16.06,1184259
16.06,1183863
16.06,1181197
17.41,1180939
17.42,1180614
17.48,1180473
18.11,1180395
18.11,1180389
18.11,1180019
18.40,1179804
18.41,1179160
18.76,1178793
19.23,1178726
19.23,1178497
19.23,1178355
20.10,1178283
20.10,1178078
20.11,1177345
20.14,1177218
20.14,1176996
20.16,1176905
20.79,1176889
22.19,1176273
