0.00,9787919
0.01,9787070
0.01,9782836
0.01,9676579
0.01,9675432
0.01,9655440
0.01,9533855
0.01,9428166
0.01,9416737
0.01,9404671
0.01,9361889
0.01,9361879
0.01,9308093
0.01,9277918
0.01,9270252
0.01,9240287
0.01,9219258
0.01,9204686
0.01,9093043
0.01,9031766
0.01,9000291
0.01,8977413
0.01,8973957
0.01,8954576
0.02,8943733
0.02,8694066
0.02,8691876
0.02,8613294
0.02,8608073
0.02,8594204
0.02,8592757
0.02,8586223
0.02,8580965
0.02,8413892
0.02,8359213
0.02,8348966
0.02,8307288
0.02,8303438
0.02,8279705
0.02,8206605
0.02,8191595
0.02,8143828
0.02,8119285
0.02,8118104
0.02,8113261
0.02,8041746
0.02,7994129
0.02,7912467
0.02,7864629
0.02,7846004
0.02,7838569
0.02,7651486
0.02,7650392
0.02,7616299
0.02,7602849
0.03,7590349
0.03,7567917
0.03,7545049
0.03,7508656
0.03,7478344
0.03,7452986
0.03,7452455
0.03,7274901
0.03,7265402
0.03,7259418
0.03,7209073
0.03,7200252
0.03,7187966
0.03,7183300
0.03,7176840
0.03,7175240
0.03,7143336
0.03,7143087
0.03,7119464
0.03,7114999
0.03,7024403
0.03,7015030
0.03,6925205
0.03,6871261
0.03,6848975
0.03,6743894
0.03,6694435
0.03,6694109
0.03,6685402
0.03,6624625
0.03,6623885
0.03,6623003
0.03,6608268
0.04,6564209
0.04,6536708
0.04,6339955
0.04,6199070
0.04,6194761
0.04,6189248
0.04,6121716
0.04,6098698
0.04,6025590
0.04,5942015
0.04,5913438
0.04,5892920
0.04,5888907
0.04,5796336
0.04,5768094
0.04,5765134
0.04,5764316
0.04,5759292
0.04,5591077
0.04,5552909
0.04,5488954
0.04,5469910
0.04,5458568
0.04,5456791
0.04,5448178
0.04,5406653
0.04,5381232
0.04,5377487
0.04,5235293
0.04,5208041
0.04,5109369
0.04,5099805
0.04,5040538
0.04,4998434
0.04,4975970
0.04,4832423
0.04,4805793
0.04,4676058
0.04,4582790
0.04,4578737
0.04,4553479
0.04,4465444
0.04,4456147
0.04,4454736
0.04,4454416
0.04,4453818
0.04,4450773
0.04,4450748
0.04,4430902
0.04,4427744
0.04,4422678
0.04,4420772
0.04,4391855
0.04,4344083
0.04,4341282
0.04,4337910
0.04,4332956
0.04,4322921
0.04,4320608
0.05,4315205
0.05,4278950
0.05,4269336
0.05,4266995
0.05,4221777
0.05,4181621
0.05,4120703
0.05,4118385
0.05,4028580
0.05,4012704
0.05,3996575
0.05,3989417
0.05,3978350
0.05,3975253
0.05,3961658
0.05,3960964
0.05,3960713
0.05,3960184
0.05,3935456
0.05,3822865
0.05,3787307
0.05,3718448
0.05,3707950
0.05,3682016
0.05,3656598
0.05,3653601
0.05,3573781
0.05,3566375
0.05,3543819
0.05,3501666
0.05,3500855
0.05,3459389
0.05,3454093
0.05,3445970
0.05,3418974
0.05,3389869
0.05,3361159
0.05,3357796
0.05,3352307
0.05,3336617
0.05,3335006
0.05,3300556
0.05,3254501
0.05,3230255
0.05,3223381
0.06,3211967
0.06,3202936
0.06,3193020
0.06,3171452
0.06,3168511
0.06,3150118
0.06,3147841
0.06,3146658
0.06,3145119
0.06,3130474
0.06,3130086
0.06,3110109
0.06,3100538
0.06,3076576
0.06,3062686
0.06,3058944
0.06,3056062
0.06,3044105
0.06,3031522
0.06,3017076
0.06,3015321
0.06,3012500
0.06,2985539
0.06,2975239
0.06,2972687
0.06,2969971
0.06,2969251
0.06,2959237
0.06,2958958
0.06,2896344
0.06,2890773
0.06,2888788
0.06,2885985
0.07,2873486
0.07,2859617
0.07,2857940
0.07,2853907
0.07,2825837
0.07,2824323
0.07,2812260
0.07,2805242
0.07,2784635
0.07,2781185
0.07,2781018
0.07,2726107
0.07,2687485
0.07,2687206
0.07,2653208
0.07,2645378
0.07,2631473
0.07,2627180
0.07,2606959
0.07,2605909
0.07,2590256
0.07,2584435
0.07,2579934
0.07,2564330
0.07,2529998
0.07,2529452
0.07,2528433
0.07,2528049
0.07,2527287
0.07,2520880
0.07,2509018
0.08,2504072
0.08,2485248
0.08,2484398
0.08,2483007
0.08,2474849
0.08,2469230
0.08,2438153
0.08,2437752
0.08,2428656
0.08,2423388
0.08,2418455
0.08,2418344
0.08,2412284
0.08,2411048
0.08,2391597
0.08,2386020
0.08,2309129
0.08,2285358
0.08,2224240
0.08,2221948
0.08,2221761
0.08,2215393
0.08,2215175
0.08,2208893
0.08,2207382
0.08,2205608
0.08,2129817
0.08,2126580
0.09,2126529
0.09,2124521
0.09,2110726
0.09,2110083
0.09,2108677
0.09,2100814
0.09,2067444
0.09,2067375
0.09,2058730
0.09,2057086
0.09,2056588
0.09,2031634
0.09,1995120
0.09,1980681
0.09,1975734
0.09,1973184
0.09,1967060
0.09,1964529
0.10,1963424
0.10,1963412
0.10,1961246
0.10,1924320
0.10,1921486
0.10,1920227
0.10,1918637
0.10,1902717
0.10,1902510
0.11,1899717
0.11,1899443
0.11,1882407
0.11,1881769
0.11,1877856
0.11,1877634
0.12,1867763
0.12,1856943
0.12,1854505
0.12,1850827
0.12,1838502
0.12,1834894
0.12,1829501
0.12,1758565
0.12,1757875
0.12,1756999
0.12,1754454
0.12,1746757
0.12,1739806
0.12,1731858
0.13,1704761
0.13,1698624
0.13,1697338
0.13,1666188
0.13,1666185
0.13,1665850
0.13,1660713
0.13,1656270
0.14,1652752
0.14,1633562
0.14,1628370
0.14,1511424
0.14,1507993
0.14,1499556
0.14,1498708
0.14,1496352
0.14,1486033
0.14,1465375
0.14,1463334
0.15,1434975
0.15,1431520
0.15,1430231
0.15,1429606
0.16,1422829
0.71,1420853
0.71,1411584
0.72,1410519
0.72,1410038
0.72,1390430
0.73,1388920
0.73,1387708
0.73,1386579
0.75,1384514
0.75,1379192
0.76,1366656
0.76,1364833
0.77,1355553
0.77,1352901
0.78,1339203
0.80,1338915
0.81,1338577
0.82,1337970
0.82,1333460
0.83,1332950
0.84,1328049
0.84,1326678
2.76,1319291
2.76,1316827
2.77,1313244
2.78,1310373
2.78,1305748
2.78,1297902
2.78,1296825
2.78,1296035
2.79,1288613
2.82,1288556
2.83,1275751
2.83,1275188
2.84,1274564
2.88,1274496
2.91,1274369
2.93,1273562
3.56,1256346
3.56,1251699
3.56,1250646
3.56,1245878
3.58,1245547
3.58,1244911
3.58,1244657
3.58,1244649
3.59,1243719
3.61,1241169
3.61,1239797
3.61,1239412
3.62,1238883
3.63,1238402
3.63,1232593
3.78,1216334
3.78,1216322
3.81,1215724
3.94,1200304
3.94,1179190
3.94,1178794
3.96,1177987
4.00,1177388
73.09,1176862
73.12,1176333
205.91,1176211
346.81,1176151
