0.06,10294324
0.06,10213623
0.06,10202567
0.06,10121852
0.06,9899602
0.06,9772140
0.06,9731846
0.06,9650053
0.06,9563743
0.06,9398419
0.06,9173072
0.06,9172439
0.06,9160681
0.06,9153211
0.06,9142689
0.06,9140262
0.06,9110940
0.07,9045269
0.07,8989072
0.07,8961726
0.07,8867646
0.07,8616788
0.07,8616057
0.07,8519426
0.07,8512104
0.07,8508823
0.07,8504778
0.07,8363675
0.07,8347255
0.07,8293577
0.07,8293050
0.07,8271160
0.07,8221937
0.07,8211816
0.07,8180454
0.07,8130937
0.07,8127684
0.07,8118156
0.08,8029079
0.08,8015392
0.08,8015193
0.08,7984174
0.08,7958935
0.08,7953045
0.08,7937728
0.08,7881030
0.08,7851875
0.08,7833118
0.08,7820357
0.08,7814903
0.08,7763496
0.08,7511688
0.08,7495426
0.08,7474004
0.08,7456884
0.08,7407960
0.08,7328959
0.08,7287915
0.08,7277478
0.08,7230929
0.08,7202802
0.08,7201199
0.08,7195387
0.08,7172881
0.08,7167697
0.08,7145363
0.08,7126841
0.08,7125774
0.08,7079356
0.08,6984741
0.08,6836471
0.08,6834980
0.08,6719843
0.08,6719336
0.08,6715697
0.08,6662751
0.08,6611927
0.08,6599930
0.08,6593980
0.08,6560678
0.08,6549357
0.08,6486684
0.08,6478189
0.08,6427642
0.08,6374889
0.08,6340099
0.08,6320263
0.09,6316616
0.09,6316603
0.09,6309594
0.09,6308380
0.09,6298115
0.09,6277607
0.09,6271335
0.09,6203141
0.09,6183859
0.09,6110142
0.09,6106238
0.09,6100266
0.09,6091031
0.09,6085270
0.09,5994589
0.09,5992177
0.09,5989006
0.09,5966582
0.09,5845474
0.09,5718654
0.09,5716024
0.09,5706608
0.09,5660743
0.09,5635301
0.09,5633676
0.09,5588652
0.09,5582608
0.09,5446661
0.09,5428907
0.09,5395608
0.09,5390044
0.09,5382524
0.09,5368366
0.09,5360449
0.09,5343171
0.09,5323858
0.09,5321677
0.09,5292765
0.09,5286773
0.09,5286760
0.09,5281132
0.09,5274235
0.09,5265400
0.09,5263246
0.09,5238044
0.09,5237123
0.09,5232338
0.09,5230090
0.09,5224756
0.09,5182023
0.09,5107727
0.09,5105875
0.09,5105131
0.09,5103042
0.09,5086826
0.09,5069155
0.09,5068568
0.09,5018909
0.09,4976187
0.09,4895944
0.09,4853451
0.09,4852616
0.09,4689767
0.09,4670752
0.09,4655527
0.09,4601849
0.10,4597127
0.10,4570176
0.10,4562758
0.10,4561923
0.10,4553788
0.10,4496938
0.10,4488299
0.10,4455761
0.10,4379293
0.10,4378132
0.10,4370585
0.10,4364509
0.10,4352267
0.10,4246194
0.10,4207065
0.10,4200894
0.10,4199837
0.10,4197737
0.10,4195489
0.10,4113791
0.10,3959769
0.10,3950107
0.10,3913265
0.10,3903229
0.10,3902467
0.10,3861300
0.10,3861191
0.10,3851791
0.10,3802203
0.10,3786890
0.10,3784967
0.10,3780841
0.10,3765059
0.10,3756019
0.10,3753705
0.10,3753690
0.10,3746351
0.10,3726740
0.10,3712044
0.10,3692078
0.10,3691424
0.10,3688964
0.10,3686691
0.10,3686218
0.10,3669142
0.10,3638688
0.10,3624763
0.10,3622503
0.10,3622391
0.10,3619325
0.10,3581079
0.11,3555508
0.11,3518197
0.11,3502789
0.11,3480606
0.11,3472541
0.11,3439407
0.11,3438888
0.11,3435439
0.11,3429164
0.11,3351354
0.11,3338062
0.11,3333085
0.11,3317645
0.11,3265991
0.11,3262773
0.11,3261261
0.11,3259934
0.11,3259404
0.11,3250665
0.11,3249259
0.11,3234887
0.11,3180793
0.11,3179873
0.11,3173490
0.11,3166495
0.11,3096975
0.11,3084465
0.11,3063553
0.11,3057676
0.11,3038117
0.11,3030983
0.11,3023826
0.11,3020696
0.11,3006189
0.11,3003881
0.11,3001390
0.11,2992784
0.11,2987382
0.11,2986348
0.11,2954037
0.11,2949440
0.11,2940862
0.11,2937612
0.11,2892281
0.12,2890283
0.12,2880250
0.12,2858080
0.12,2845055
0.12,2835195
0.12,2833045
0.12,2827533
0.12,2826585
0.12,2809416
0.12,2806880
0.12,2742222
0.12,2719914
0.12,2716756
0.12,2673617
0.12,2655428
0.12,2650486
0.12,2649292
0.12,2643543
0.12,2603965
0.12,2591407
0.12,2588675
0.12,2583112
0.12,2581202
0.12,2580451
0.12,2564654
0.12,2512871
0.12,2456558
0.12,2456256
0.12,2405594
0.12,2404794
0.12,2404633
0.12,2404403
0.12,2403213
0.12,2401695
0.12,2397937
0.12,2394788
0.12,2394317
0.12,2384445
0.13,2344351
0.13,2313749
0.13,2308089
0.13,2289221
0.13,2284004
0.13,2282542
0.13,2281162
0.13,2279372
0.13,2276523
0.13,2276023
0.13,2250887
0.13,2248812
0.13,2246380
0.13,2245732
0.13,2242737
0.13,2241256
0.13,2235594
0.13,2216257
0.13,2216091
0.13,2211970
0.13,2203400
0.13,2200340
0.13,2190174
0.14,2178465
0.14,2173008
0.14,2169388
0.14,2161029
0.14,2157654
0.14,2157515
0.14,2121106
0.15,2115464
0.15,2110617
0.15,2062800
0.15,2062501
0.15,2060660
0.15,2055925
0.15,2026972
0.15,2024643
0.18,2015167
0.18,1976586
0.18,1976031
0.18,1971899
0.18,1970156
0.18,1933564
0.18,1914799
0.18,1903380
0.18,1901377
0.18,1893129
0.18,1890331
0.18,1870018
0.18,1863537
0.18,1863326
0.18,1857204
0.18,1844856
0.18,1843098
0.18,1827914
0.18,1827516
0.18,1826416
0.18,1815971
0.20,1810599
0.20,1808571
0.20,1807544
0.20,1802751
0.20,1794105
0.20,1791304
0.20,1791283
0.20,1790219
0.20,1785050
0.20,1783696
0.20,1774765
0.21,1764248
0.21,1762593
0.21,1755486
0.21,1747799
0.21,1747729
0.22,1743689
0.22,1741858
0.22,1734247
0.22,1727943
0.22,1718294
0.22,1713640
0.22,1712900
0.22,1705537
0.22,1704950
0.22,1704762
0.22,1702211
0.22,1699493
0.22,1693521
0.22,1690134
0.22,1689599
0.22,1688565
0.22,1687564
0.22,1686878
0.22,1674093
0.22,1672450
0.22,1671904
0.22,1669101
0.26,1642935
0.26,1631765
0.26,1629846
0.26,1624960
0.26,1621075
0.26,1617726
0.26,1617398
0.26,1613721
0.26,1602834
0.26,1592938
0.26,1589532
0.26,1589531
0.35,1588872
0.35,1571343
0.35,1569304
0.36,1566896
0.36,1543361
0.36,1533809
0.36,1531459
0.36,1531357
0.36,1530487
0.36,1529947
0.36,1521463
0.99,1516178
0.99,1512037
1.62,1511919
1.62,1508071
1.62,1504479
1.62,1499504
1.62,1494487
1.62,1493758
1.62,1492787
1.62,1491612
1.62,1487019
1.62,1486397
1.62,1479559
1.62,1475575
1.62,1475291
1.62,1474173
1.62,1473323
1.62,1464934
1.62,1454181
1.63,1452670
2.29,1444460
2.29,1440148
2.29,1435918
2.29,1435631
2.30,1429755
2.30,1424134
2.80,1417139
2.80,1416620
2.80,1414620
2.80,1407460
2.80,1407459
2.80,1403953
2.80,1400765
2.80,1396397
2.80,1391695
3.49,1390198
3.49,1387830
3.49,1377959
3.49,1377798
3.49,1376079
3.49,1375921
3.49,1375769
3.49,1373637
3.49,1373088
3.49,1365571
3.49,1363603
3.49,1358071
3.49,1356643
4.35,1351031
4.35,1350647
4.35,1348230
4.35,1340359
4.35,1339552
4.35,1336057
4.36,1335430
4.36,1330166
4.37,1330090
4.37,1329564
4.37,1324790
4.37,1320698
4.37,1319314
4.38,1314860
4.38,1311605
4.38,1311480
4.38,1307200
4.69,1301969
4.69,1300732
4.69,1295944
4.72,1293237
4.95,1293012
4.95,1291913
4.95,1288494
4.95,1284362
6.34,1271716
6.34,1271157
6.35,1270175
6.35,1266664
6.35,1265944
6.35,1262460
6.36,1262093
6.36,1261860
6.43,1261506
6.43,1261143
6.43,1260834
6.44,1259462
6.44,1253043
6.44,1252961
6.44,1251297
6.44,1250344
6.72,1247987
6.77,1244059
6.77,1243952
6.77,1242462
6.77,1240724
6.77,1237096
6.77,1235919
6.77,1235427
6.77,1234401
6.77,1232893
7.06,1232279
7.87,1228172
7.87,1227925
7.94,1227524
7.94,1221220
7.94,1220572
7.94,1219972
8.25,1218518
9.21,1213925
9.21,1212544
9.31,1212280
9.31,1210933
9.38,1208687
9.80,1207675
9.80,1205534
10.71,1205087
10.73,1203947
10.73,1203290
10.73,1202902
11.07,1201254
11.07,1200836
11.09,1200226
11.09,1200113
11.09,1199845
11.09,1198780
11.09,1198318
11.22,1196217
11.22,1195816
11.23,1195000
11.23,1193408
11.23,1193012
12.41,1192784
12.41,1192223
12.41,1191723
12.42,1191499
12.42,1191293
12.50,1190799
12.50,1190501
12.50,1190121
13.22,1190113
13.22,1189459
13.22,1189391
13.22,1187787
13.23,1185750
13.23,1185335
13.24,1183940
13.49,1183560
13.50,1183511
13.50,1183210
13.50,1183120
14.46,1182122
14.84,1181860
15.10,1179277
15.67,1178600
15.67,1178526
15.68,1177273
15.68,1177102
15.68,1177051
15.68,1177047
19.30,1176984
19.30,1176984
19.45,1176967
19.46,1176659
19.81,1176626
20.29,1176561
21.09,1176482
21.09,1176276
22.86,1176211
22.97,1176211
