0.06,10319992
0.06,10304150
0.06,10293961
0.06,10291418
0.06,10276308
0.06,10272187
0.07,10267820
0.07,10181708
0.07,10118501
0.07,10007447
0.07,9995696
0.07,9928579
0.07,9909167
0.07,9807416
0.07,9804781
0.07,9753546
0.07,9591089
0.07,9389427
0.07,9385857
0.07,9336494
0.07,9327069
0.07,9327067
0.08,9254030
0.08,9243371
0.08,9138351
0.08,8949745
0.08,8900238
0.08,8688584
0.08,8649170
0.08,8599941
0.08,8538499
0.08,8534357
0.08,8427542
0.08,8426893
0.08,8424593
0.08,8258287
0.08,8205628
0.08,8198889
0.08,8131530
0.08,8088505
0.08,8035624
0.08,8017450
0.08,7976987
0.08,7916361
0.08,7784399
0.08,7723977
0.08,7714151
0.08,7561649
0.08,7458038
0.08,7456853
0.08,7455868
0.08,7425541
0.08,7389193
0.08,7387519
0.08,7375713
0.08,7374552
0.08,7338698
0.08,7336586
0.08,7331362
0.08,7328289
0.08,7313357
0.08,7299750
0.08,7295763
0.08,7204915
0.08,7099936
0.08,7096800
0.08,7039025
0.08,6803030
0.08,6801282
0.09,6754463
0.09,6693233
0.09,6692979
0.09,6652092
0.09,6650575
0.09,6609608
0.09,6536292
0.09,6468265
0.09,6462100
0.09,6257942
0.09,6100198
0.09,6096272
0.09,6096128
0.09,6034314
0.09,5891340
0.09,5858162
0.09,5722181
0.09,5719943
0.09,5713151
0.09,5682398
0.09,5676144
0.09,5576439
0.09,5573603
0.09,5561277
0.09,5522585
0.09,5522154
0.09,5464592
0.09,5434355
0.09,5375115
0.09,5361160
0.09,5358684
0.09,5314341
0.09,5312583
0.09,5309239
0.09,5270600
0.09,5183202
0.09,5062064
0.09,5034056
0.09,4972762
0.09,4941227
0.09,4906895
0.09,4842378
0.09,4821637
0.09,4821542
0.09,4802761
0.09,4780755
0.09,4749242
0.09,4736008
0.09,4707680
0.09,4683186
0.09,4683121
0.09,4680243
0.09,4678152
0.09,4674489
0.09,4646339
0.09,4633970
0.09,4534483
0.09,4461186
0.10,4346943
0.10,4329922
0.10,4305126
0.10,4279614
0.10,4275499
0.10,4259123
0.10,4257106
0.10,4152970
0.10,4148921
0.10,4143023
0.10,4130377
0.10,4092326
0.10,4088315
0.10,4065420
0.10,4057545
0.10,4013663
0.10,4003329
0.10,3987526
0.10,3986948
0.10,3986892
0.10,3986786
0.10,3976475
0.10,3972190
0.10,3949391
0.10,3917358
0.10,3915078
0.10,3913393
0.10,3847758
0.10,3832727
0.10,3832260
0.10,3823824
0.10,3813314
0.10,3756564
0.10,3737371
0.10,3699284
0.10,3657180
0.10,3655325
0.10,3651333
0.10,3629147
0.10,3622941
0.10,3597970
0.10,3530468
0.10,3513431
0.10,3508538
0.10,3491960
0.10,3458754
0.10,3456493
0.10,3431194
0.10,3409572
0.10,3401684
0.10,3385377
0.10,3384461
0.10,3381807
0.11,3319657
0.11,3317172
0.11,3308132
0.11,3308026
0.11,3302376
0.11,3271843
0.11,3234533
0.11,3191570
0.11,3155708
0.11,3155660
0.11,3141378
0.11,3095469
0.11,3087997
0.11,3075501
0.11,3062934
0.11,3053772
0.11,3039000
0.11,3037867
0.11,3028334
0.12,2995437
0.12,2965630
0.12,2953585
0.12,2952988
0.12,2941689
0.12,2914060
0.12,2905902
0.12,2900724
0.12,2893840
0.12,2890450
0.12,2888687
0.12,2886535
0.12,2882594
0.12,2880557
0.12,2880244
0.12,2784914
0.12,2758892
0.12,2728607
0.12,2726251
0.12,2698430
0.13,2679985
0.13,2654640
0.13,2650903
0.13,2645784
0.13,2645448
0.13,2637429
0.13,2630027
0.13,2623018
0.13,2599059
0.13,2588194
0.13,2565141
0.13,2559663
0.13,2556259
0.13,2549185
0.13,2540895
0.13,2501045
0.13,2479663
0.13,2470797
0.13,2469398
0.13,2457890
0.13,2454296
0.13,2444298
0.13,2442629
0.13,2442549
0.14,2440228
0.14,2422857
0.14,2412244
0.14,2406423
0.14,2406302
0.14,2377115
0.14,2377083
0.14,2375241
0.14,2356232
0.14,2353172
0.14,2348073
0.14,2347673
0.14,2346012
0.14,2344844
0.14,2344749
0.14,2325154
0.14,2317214
0.14,2282773
0.14,2282303
0.14,2282030
0.14,2271670
0.14,2269569
0.14,2268968
0.15,2247765
0.15,2229734
0.15,2225994
0.15,2225591
0.15,2221062
0.15,2215537
0.15,2207207
0.15,2196642
0.15,2192457
0.15,2191097
0.15,2188011
0.15,2183768
0.15,2183600
0.15,2179379
0.15,2172138
0.15,2131394
0.15,2129893
0.15,2090055
0.15,2088786
0.15,2087515
0.15,2080643
0.15,2071985
0.15,2071981
0.15,2056175
0.16,2047028
0.16,2046695
0.16,2042125
0.16,2026542
0.16,2001535
0.16,1983708
0.16,1983683
0.16,1979838
0.16,1976816
0.17,1967043
0.17,1954730
0.17,1952791
0.17,1948320
0.17,1947438
0.17,1947326
0.17,1946905
0.17,1945301
0.17,1938922
0.17,1930881
0.17,1928966
0.18,1922601
0.23,1920712
0.23,1913176
0.23,1901288
0.23,1892301
0.23,1891724
0.23,1890190
0.23,1888213
0.23,1881466
0.23,1877314
0.23,1875416
0.29,1871668
0.29,1871408
0.29,1856795
0.29,1853801
0.29,1826899
0.29,1826022
0.29,1821063
0.29,1812142
0.29,1810611
0.29,1807452
0.29,1802647
0.36,1793184
0.36,1792377
0.36,1786864
0.37,1780567
0.37,1758089
0.38,1750473
0.38,1749981
0.38,1749913
0.38,1748825
0.38,1742382
0.38,1717925
0.38,1703375
0.39,1680950
0.39,1680782
0.39,1680231
0.39,1679133
0.39,1637916
0.39,1633926
0.39,1627539
0.39,1625065
0.40,1618176
0.56,1617683
0.56,1617344
0.56,1616036
0.56,1615678
0.56,1607536
0.56,1606710
0.57,1603478
0.57,1600435
0.92,1599847
0.92,1595805
0.92,1591483
0.93,1584981
0.94,1578202
0.94,1575706
0.94,1570739
0.94,1569312
0.94,1567346
0.94,1551509
0.94,1548972
0.94,1548654
1.52,1548221
1.52,1546220
1.52,1538466
1.52,1535745
1.52,1516492
1.52,1512367
1.52,1495310
1.52,1492898
1.52,1492319
1.52,1480575
1.52,1479643
1.52,1477378
1.54,1469994
1.54,1468009
1.54,1465133
2.88,1459866
2.95,1458092
2.95,1457870
2.95,1451966
2.95,1442967
2.95,1437900
2.95,1437874
2.95,1433822
2.95,1432955
2.95,1430012
2.95,1426885
2.95,1426605
3.61,1422176
3.61,1418455
3.61,1415661
3.75,1415055
3.75,1407252
3.75,1406102
3.75,1405901
3.75,1404408
3.75,1401268
3.75,1400071
3.75,1399709
3.75,1388847
3.75,1379621
3.75,1372305
3.75,1371219
3.75,1371037
3.75,1368439
3.75,1364327
4.21,1363881
4.21,1362072
4.21,1360106
4.21,1359518
4.21,1356053
4.21,1350589
4.21,1346360
4.48,1345956
4.58,1325871
4.58,1325789
4.58,1324824
4.78,1322427
4.78,1322352
4.78,1320905
4.78,1314663
4.79,1312560
4.79,1311558
4.79,1305969
4.79,1303295
4.79,1303142
4.79,1302276
4.79,1297984
4.79,1296525
4.79,1291777
4.79,1288982
4.79,1288070
6.33,1284607
6.33,1279709
6.33,1279041
6.33,1276170
6.45,1274801
6.45,1273036
6.45,1272248
6.45,1270742
6.45,1270161
6.45,1269714
6.84,1269243
6.84,1265315
6.84,1262634
6.84,1261749
6.84,1254045
7.56,1253092
7.57,1248829
7.57,1248288
7.57,1246091
8.59,1244153
8.60,1241981
8.60,1238087
8.60,1237624
8.60,1234719
8.60,1233834
8.60,1233258
8.61,1232968
8.68,1232650
8.69,1231258
8.69,1231209
8.69,1228294
8.69,1226697
8.69,1224552
8.69,1224521
9.03,1223250
9.03,1221717
9.03,1217619
9.04,1216821
10.21,1215813
10.22,1210929
10.23,1209757
10.24,1205112
10.27,1200411
12.06,1200407
12.06,1200192
12.06,1197968
12.06,1195771
12.08,1194197
12.08,1193558
13.71,1191629
13.71,1191332
13.86,1191073
14.72,1190254
14.74,1189702
14.74,1189538
14.74,1189140
14.74,1188923
14.74,1186047
14.74,1185494
15.42,1183917
15.44,1181624
16.65,1180948
17.23,1180856
17.37,1180810
17.37,1180604
17.80,1180576
17.80,1180498
17.80,1180102
17.81,1179948
18.74,1179909
18.74,1178616
18.75,1178550
18.76,1178439
18.77,1178310
18.78,1178150
18.78,1178103
19.32,1177587
19.32,1177089
21.04,1177078
21.74,1176986
22.28,1176986
22.29,1176780
22.99,1176771
22.99,1176645
23.51,1176615
23.59,1176534
23.95,1176409
24.30,1176387
24.35,1176262
24.43,1176211
