0.06,10585175
0.07,10490770
0.07,10311203
0.07,10180302
0.07,10167706
0.07,10107181
0.07,10026336
0.07,9987270
0.07,9950519
0.07,9864930
0.07,9862332
0.07,9856688
0.07,9663638
0.07,9562158
0.07,9559528
0.07,9552598
0.07,9550610
0.07,9528830
0.07,9528178
0.07,9485962
0.07,9356724
0.08,9349103
0.08,9237866
0.08,9233769
0.08,9222340
0.08,9222241
0.08,9187912
0.08,9141238
0.08,9082191
0.08,9066511
0.08,8922332
0.08,8921875
0.08,8672993
0.08,8588851
0.08,8569549
0.08,8525268
0.08,8515748
0.08,8515325
0.08,8406258
0.08,8371527
0.08,8345856
0.08,8168872
0.08,8097601
0.08,8091658
0.08,8084872
0.08,8026727
0.08,7999103
0.08,7693142
0.08,7686630
0.08,7593194
0.08,7506768
0.08,7425446
0.08,7413575
0.08,7389947
0.08,7309805
0.09,7239092
0.09,7130031
0.09,7126018
0.09,6973279
0.09,6957884
0.09,6955288
0.09,6909659
0.09,6902768
0.09,6902170
0.09,6892463
0.09,6841853
0.09,6833456
0.09,6789434
0.09,6784870
0.09,6780298
0.09,6708587
0.09,6708546
0.09,6706305
0.09,6676054
0.09,6595308
0.09,6575486
0.09,6571292
0.09,6543173
0.09,6541128
0.09,6531950
0.09,6452172
0.09,6428849
0.09,6287887
0.09,6153885
0.09,6105533
0.09,6105524
0.09,5984431
0.09,5983645
0.09,5841004
0.09,5840295
0.09,5808041
0.09,5601744
0.09,5582934
0.09,5570418
0.09,5565563
0.09,5564845
0.09,5503797
0.09,5478966
0.09,5403497
0.09,5402553
0.09,5401983
0.09,5392081
0.09,5370999
0.09,5367938
0.10,5362951
0.10,5361114
0.10,5352392
0.10,5344492
0.10,5339432
0.10,5282104
0.10,5219683
0.10,5218311
0.10,5180835
0.10,5180419
0.10,5178694
0.10,5083812
0.10,4990281
0.10,4977809
0.10,4912566
0.10,4909231
0.10,4837253
0.10,4820728
0.10,4802369
0.10,4796177
0.10,4784682
0.10,4767144
0.10,4746426
0.10,4746400
0.10,4736313
0.10,4732422
0.10,4680059
0.10,4638347
0.10,4625173
0.10,4624069
0.10,4592165
0.10,4582552
0.10,4580751
0.10,4519130
0.10,4508801
0.10,4493828
0.10,4490645
0.10,4489799
0.10,4488675
0.10,4351628
0.10,4245884
0.10,4236111
0.10,4195639
0.10,4174959
0.10,4130716
0.10,4130493
0.10,4121605
0.10,4043957
0.10,4043933
0.10,3890308
0.10,3876180
0.10,3869931
0.10,3850750
0.10,3850211
0.10,3849902
0.11,3849127
0.11,3849079
0.11,3814923
0.11,3793675
0.11,3707907
0.11,3707797
0.11,3604860
0.11,3603447
0.11,3599512
0.11,3549247
0.11,3537107
0.11,3527241
0.11,3453044
0.11,3445304
0.11,3443039
0.11,3442498
0.11,3398046
0.11,3395788
0.11,3391495
0.11,3389795
0.11,3386449
0.11,3366164
0.11,3365253
0.11,3331662
0.11,3328607
0.11,3324484
0.11,3303562
0.12,3280715
0.12,3278145
0.12,3274749
0.12,3274641
0.12,3261307
0.12,3240613
0.12,3194218
0.12,3191983
0.12,3190875
0.12,3185112
0.12,3179585
0.12,3170379
0.12,3122064
0.12,3116387
0.12,3115886
0.12,3085106
0.12,3080345
0.12,3080168
0.12,3062767
0.12,3046431
0.12,3040285
0.12,3034401
0.12,3028327
0.12,2995105
0.13,2980096
0.13,2967385
0.13,2960877
0.13,2920554
0.13,2920173
0.13,2891879
0.13,2881520
0.13,2800727
0.13,2780468
0.13,2779250
0.13,2777625
0.13,2774009
0.13,2678405
0.13,2636037
0.13,2611342
0.13,2606550
0.13,2601139
0.13,2564295
0.13,2556364
0.13,2554460
0.14,2535401
0.14,2530632
0.14,2527681
0.14,2527618
0.14,2522313
0.14,2521999
0.14,2519576
0.14,2519443
0.14,2513714
0.14,2505061
0.14,2505023
0.14,2503879
0.14,2503525
0.14,2497527
0.14,2497442
0.14,2489542
0.14,2488368
0.14,2485552
0.14,2455043
0.14,2430887
0.14,2428446
0.14,2425847
0.14,2402201
0.14,2396055
0.14,2389847
0.14,2381519
0.15,2354738
0.15,2319800
0.15,2308904
0.15,2308189
0.15,2255005
0.15,2248853
0.15,2248125
0.15,2227051
0.15,2222095
0.15,2212933
0.15,2209194
0.15,2208690
0.15,2194168
0.15,2191873
0.15,2174894
0.15,2170929
0.15,2161149
0.15,2153850
0.16,2124661
0.16,2124292
0.16,2108026
0.16,2106052
0.16,2093339
0.16,2090496
0.16,2060949
0.17,2060771
0.17,2058707
0.17,2030476
0.17,2020488
0.17,2019890
0.17,2018059
0.17,2017818
0.17,2013995
0.18,2013040
0.18,2011870
0.18,2002811
0.18,1998550
0.18,1992416
0.18,1992338
0.18,1983851
0.18,1974435
0.18,1973316
0.18,1971839
0.18,1958760
0.18,1951668
0.19,1945714
0.19,1942080
0.19,1941821
0.19,1928708
0.19,1928676
0.19,1927609
0.19,1917575
0.19,1916599
0.19,1907185
0.26,1897700
0.26,1869682
0.26,1860479
0.26,1854456
0.26,1832102
0.26,1814564
0.26,1813870
0.27,1806413
0.27,1792740
0.27,1791990
0.27,1789306
0.27,1787694
0.27,1786297
0.27,1783183
0.27,1780397
0.28,1769189
0.28,1764951
0.28,1760045
0.34,1758155
0.34,1756966
0.34,1753294
0.34,1752787
0.34,1746311
0.34,1732986
0.43,1719906
0.43,1704910
0.43,1693941
0.43,1692700
0.43,1690997
0.43,1690152
0.43,1688845
0.43,1688730
0.43,1688562
0.43,1687295
0.43,1681342
0.44,1678328
0.44,1676388
0.44,1668966
0.91,1663346
0.91,1660919
0.91,1658982
0.91,1658862
0.93,1658681
0.93,1645054
0.94,1644784
0.94,1644243
0.94,1638478
0.94,1637127
0.94,1637046
0.94,1633037
0.95,1632404
0.95,1625604
1.00,1623002
1.00,1617769
1.00,1614938
1.00,1608088
1.00,1604749
1.00,1603623
1.21,1599556
1.21,1599293
1.21,1599234
1.21,1592778
1.21,1587212
1.65,1585977
1.65,1580284
1.65,1567029
1.66,1564234
1.71,1564115
1.71,1563474
1.71,1560123
1.71,1550949
1.71,1545126
1.71,1544787
1.74,1540229
1.74,1538407
1.74,1538270
1.74,1534106
1.74,1533302
1.74,1523754
1.74,1522346
1.75,1519568
1.75,1512624
1.75,1506091
1.75,1505491
1.75,1503793
1.75,1493564
1.75,1491133
1.75,1487094
1.75,1468231
1.75,1468231
1.93,1464553
1.93,1454168
3.39,1442078
3.39,1434462
3.39,1413349
3.39,1412074
3.39,1411031
3.39,1405017
3.45,1402559
3.45,1400548
3.46,1396308
3.46,1395650
3.46,1378210
4.35,1378182
4.35,1377612
4.35,1371524
4.35,1367792
4.35,1367386
4.75,1365242
4.76,1363732
4.76,1363496
5.18,1352193
5.19,1348211
5.19,1347899
5.19,1336659
5.23,1335758
5.23,1335194
5.24,1324473
5.24,1324029
5.24,1322234
5.24,1320751
5.24,1319502
5.24,1318483
5.24,1318297
5.24,1314588
5.25,1307372
5.25,1306849
5.25,1306430
5.43,1301189
5.43,1300745
5.45,1298688
5.45,1298217
6.14,1298056
6.14,1292653
6.14,1292177
6.14,1288685
6.14,1286487
6.14,1284045
6.14,1281228
6.46,1272180
6.46,1270334
6.46,1266987
6.76,1255316
6.82,1253840
6.83,1253604
6.83,1250511
6.83,1249491
6.83,1249076
6.83,1246552
6.84,1243733
8.14,1243726
8.15,1241754
8.15,1241634
8.15,1239476
8.34,1233668
8.34,1232680
8.37,1232056
8.44,1232036
8.44,1231384
8.44,1221736
9.29,1220780
9.68,1218998
9.68,1215741
10.87,1215005
10.87,1213506
11.21,1211926
11.27,1209730
11.27,1209499
11.27,1209456
11.27,1209444
11.27,1209029
11.27,1207964
12.11,1205835
12.11,1205798
12.48,1203276
12.49,1202932
12.49,1200912
12.49,1200910
12.71,1200058
12.71,1199493
12.71,1199275
12.72,1196613
12.72,1196314
13.41,1195569
13.41,1195470
13.41,1195331
13.41,1194694
13.81,1194551
13.83,1193249
13.83,1192110
13.83,1190879
14.07,1190297
14.07,1190043
14.07,1189273
14.84,1188026
14.84,1187387
14.84,1187186
14.85,1186103
14.85,1185283
14.85,1184866
14.85,1184446
14.85,1184409
16.64,1184038
16.64,1184036
16.87,1184030
16.87,1183613
16.88,1183562
16.88,1183390
16.88,1183069
16.89,1182899
17.38,1181854
17.42,1181754
18.03,1180815
18.03,1179926
18.70,1179896
18.70,1179498
18.70,1179157
19.13,1177673
19.13,1177266
22.05,1176940
23.33,1176849
24.17,1176849
24.39,1176798
