0.00,9729143
0.01,9726321
0.01,9724721
0.01,9470470
0.01,9437936
0.01,9429226
0.01,9372461
0.01,9347715
0.01,9307917
0.01,9298292
0.01,9298242
0.01,9289392
0.01,9259565
0.01,9246765
0.01,9200178
0.01,9189737
0.02,9121854
0.02,8922282
0.02,8875154
0.02,8731587
0.02,8727694
0.02,8715942
0.02,8708280
0.02,8671820
0.02,8600106
0.02,8555406
0.02,8551694
0.02,8543257
0.02,8543137
0.02,8499459
0.02,8465654
0.02,8349261
0.02,8238809
0.02,8226015
0.02,8225887
0.02,8212984
0.02,8207943
0.02,8179128
0.02,8134656
0.02,8134068
0.02,8099976
0.02,8048695
0.03,8034776
0.03,8034458
0.03,8007783
0.03,7945987
0.03,7895760
0.03,7710004
0.03,7707656
0.03,7707302
0.03,7648771
0.03,7647000
0.03,7507412
0.03,7439350
0.03,7359290
0.03,7260781
0.03,7249858
0.04,7242947
0.04,7242153
0.04,7242024
0.04,7151854
0.04,7136120
0.04,7135442
0.04,7100096
0.04,7098898
0.04,7084744
0.04,7002694
0.04,6961097
0.04,6908912
0.04,6752954
0.04,6749194
0.04,6739569
0.04,6738790
0.04,6731701
0.04,6719669
0.04,6691668
0.04,6621039
0.04,6605273
0.04,6601857
0.04,6600708
0.05,6590145
0.05,6588867
0.05,6563596
0.05,6551197
0.05,6530554
0.05,6470761
0.05,6469713
0.05,6366063
0.05,6353524
0.05,6351077
0.05,6327613
0.05,6321390
0.05,6253691
0.05,6251497
0.05,6208518
0.05,6208132
0.05,6194679
0.05,6128861
0.05,6113981
0.05,6113157
0.05,5932069
0.05,5929949
0.05,5892889
0.05,5806676
0.05,5791843
0.05,5766438
0.05,5754994
0.05,5730034
0.05,5673646
0.05,5602104
0.05,5558485
0.05,5539958
0.05,5488106
0.05,5473578
0.05,5472340
0.05,5471204
0.06,5450983
0.06,5409983
0.06,5409025
0.06,5392799
0.06,5391652
0.06,5385211
0.06,5383602
0.06,5305613
0.06,5269263
0.06,5154757
0.06,5154506
0.06,5150567
0.06,5150072
0.06,5136544
0.06,5122749
0.06,5069838
0.06,5040375
0.06,4999167
0.06,4987982
0.06,4987751
0.06,4984887
0.06,4968685
0.06,4967741
0.06,4964397
0.06,4960408
0.06,4954058
0.06,4952660
0.06,4823456
0.06,4758050
0.06,4756227
0.06,4755768
0.06,4748304
0.06,4735994
0.06,4735264
0.06,4732821
0.06,4710216
0.06,4710180
0.06,4710149
0.06,4709059
0.06,4701186
0.06,4603580
0.07,4597788
0.07,4586004
0.07,4581765
0.07,4573341
0.07,4566090
0.07,4565868
0.07,4564321
0.07,4554917
0.07,4554334
0.07,4477741
0.07,4477529
0.07,4473880
0.07,4386974
0.07,4378256
0.07,4344077
0.07,4242988
0.07,4241579
0.07,4231711
0.07,4231670
0.07,4215716
0.07,4207299
0.07,4205096
0.07,4183116
0.07,4176756
0.07,4176643
0.07,4171966
0.07,4161262
0.07,4159075
0.07,4132049
0.07,4131310
0.07,4129137
0.07,4127813
0.07,4114554
0.07,4109151
0.07,4015369
0.07,4014521
0.07,3985289
0.07,3950360
0.08,3948425
0.08,3923058
0.08,3921524
0.08,3918224
0.08,3912347
0.08,3908876
0.08,3889130
0.08,3814417
0.08,3801846
0.08,3801791
0.08,3799399
0.08,3793849
0.08,3786979
0.08,3773497
0.08,3738832
0.08,3711820
0.08,3707815
0.08,3704674
0.08,3691659
0.08,3674380
0.08,3655625
0.08,3651797
0.08,3645666
0.08,3594318
0.08,3579377
0.08,3568346
0.08,3563448
0.08,3546466
0.08,3524092
0.09,3514252
0.09,3442174
0.09,3437641
0.09,3434975
0.09,3420303
0.09,3414318
0.09,3399243
0.09,3310689
0.09,3304914
0.09,3259364
0.09,3248865
0.09,3245973
0.09,3240473
0.09,3192138
0.09,3191097
0.09,3189288
0.09,3188744
0.09,3182854
0.09,3090257
0.09,3089766
0.09,3010215
0.09,3010208
0.09,3009335
0.09,3008950
0.10,3003826
0.10,2999774
0.10,2999429
0.10,2921819
0.10,2878408
0.10,2867478
0.10,2845419
0.10,2844395
0.10,2844346
0.10,2839343
0.10,2832417
0.10,2832095
0.10,2829915
0.10,2793315
0.10,2789934
0.10,2778971
0.10,2778314
0.10,2762631
0.10,2760188
0.10,2754610
0.10,2753396
0.10,2731194
0.10,2721528
0.10,2710157
0.10,2710088
0.10,2704682
0.10,2693996
0.10,2690806
0.10,2646449
0.10,2640585
0.10,2639714
0.10,2638838
0.10,2631762
0.10,2625003
0.10,2616469
0.10,2593583
0.11,2566805
0.11,2551678
0.11,2547824
0.11,2439110
0.11,2434164
0.11,2427130
0.11,2418703
0.11,2418533
0.11,2413887
0.11,2410375
0.11,2404726
0.11,2390112
0.11,2389713
0.11,2388418
0.11,2342991
0.11,2340610
0.11,2340241
0.11,2338472
0.11,2335460
0.11,2301264
0.11,2285566
0.11,2217028
0.11,2214066
0.11,2213774
0.11,2197490
0.11,2196881
0.11,2195162
0.11,2183412
0.11,2167562
0.12,2150090
0.12,2149604
0.12,2141794
0.12,2092294
0.12,2089773
0.12,2089444
0.12,2080245
0.12,2075538
0.12,2069865
0.12,2069840
0.12,2068300
0.12,2018021
0.12,1992804
0.12,1992676
0.12,1991268
0.12,1978686
0.12,1976394
0.12,1971748
0.12,1971085
0.12,1968658
0.12,1954432
0.12,1953018
0.12,1950506
0.12,1945361
0.12,1945297
0.12,1940418
0.12,1935418
0.12,1933580
0.12,1928144
0.12,1928025
0.12,1927381
0.12,1892420
0.12,1892300
0.13,1845220
0.13,1839049
0.13,1838191
0.13,1834281
0.13,1831407
0.13,1828320
0.13,1802324
0.13,1802276
0.13,1802139
0.13,1791579
0.13,1782897
0.13,1782033
0.13,1780936
0.13,1775764
0.13,1773943
0.14,1773738
0.14,1773575
0.14,1772975
0.14,1757621
0.14,1754501
0.14,1753498
0.14,1753319
0.14,1748915
0.14,1743225
0.14,1738561
0.14,1736355
0.14,1733896
0.14,1725459
0.14,1725317
0.15,1723532
0.15,1722393
0.15,1721568
0.15,1720947
0.15,1682282
0.15,1677928
0.15,1677860
0.15,1677703
0.16,1677618
0.16,1677236
0.16,1676274
0.16,1676203
0.16,1663342
0.16,1661318
0.16,1660628
0.17,1659848
0.17,1657241
0.17,1643791
0.17,1642432
0.17,1640861
0.17,1640490
0.17,1638288
0.17,1638215
0.18,1634767
0.18,1629318
0.18,1629137
0.18,1577365
0.18,1577352
0.18,1565453
0.18,1553951
0.18,1547288
0.18,1546608
0.19,1543010
0.19,1541544
0.19,1525788
0.19,1515279
0.20,1514389
0.20,1512704
0.20,1502588
0.20,1483073
0.20,1481113
0.20,1481009
0.20,1474916
0.21,1474871
0.21,1473807
0.21,1473187
0.21,1471402
0.21,1471395
0.21,1466812
0.21,1466660
0.22,1459889
0.22,1456456
0.22,1402550
0.23,1401316
0.23,1390737
0.23,1379761
0.23,1378684
0.23,1376515
0.23,1348633
0.23,1343828
0.24,1343652
0.24,1340221
0.25,1340004
0.25,1332149
0.25,1329751
0.25,1329458
0.25,1328382
0.26,1327425
0.27,1322556
0.27,1321426
0.28,1320371
0.28,1310259
0.29,1300363
0.29,1290228
0.29,1285621
0.29,1283828
0.29,1275982
0.31,1274818
0.31,1271438
0.32,1268931
0.32,1268460
0.32,1268448
0.34,1267644
0.36,1258699
0.37,1255908
0.37,1255904
0.38,1255687
0.43,1255511
0.56,1254788
0.57,1254788
0.58,1252542
0.58,1251561
0.58,1251512
0.60,1250148
0.62,1247679
0.63,1247527
0.65,1245837
0.92,1236900
0.93,1235440
0.93,1233844
0.93,1209601
0.94,1209469
0.95,1207481
0.96,1207440
0.96,1206274
0.97,1205685
0.97,1205049
15.96,1200254
15.96,1199654
15.97,1197689
16.14,1196633
19.13,1181152
19.15,1180976
19.17,1176569
232.53,1176211
573.77,1176151
