0.06,9853468
0.06,9739367
0.06,9726328
0.06,9673605
0.06,9591467
0.06,9590035
0.07,9587621
0.07,9512322
0.07,9508793
0.07,9413958
0.07,9371510
0.07,9361303
0.07,9187220
0.07,9148425
0.07,9116513
0.07,9009127
0.07,8893378
0.07,8866227
0.07,8860719
0.07,8740494
0.07,8727585
0.07,8724160
0.07,8722868
0.08,8687580
0.08,8607713
0.08,8566385
0.08,8501892
0.08,8400359
0.08,8396063
0.08,8359464
0.08,8354485
0.08,8261494
0.08,8235661
0.08,8064938
0.08,8057459
0.08,8011946
0.08,8011338
0.08,7999707
0.08,7993859
0.08,7936968
0.08,7935610
0.08,7930617
0.08,7928721
0.08,7891675
0.08,7869145
0.08,7814352
0.08,7808289
0.08,7804001
0.08,7701568
0.08,7640202
0.08,7631076
0.08,7442839
0.08,7337760
0.08,7246421
0.08,7211455
0.08,7208972
0.08,7207003
0.08,7191315
0.08,7178642
0.08,7155590
0.08,7147850
0.08,6855602
0.08,6854354
0.08,6801795
0.08,6773086
0.08,6756404
0.08,6746587
0.09,6686753
0.09,6679750
0.09,6602021
0.09,6578898
0.09,6563180
0.09,6467004
0.09,6398964
0.09,6387256
0.09,6376300
0.09,6325105
0.09,6251820
0.09,6232149
0.09,6227332
0.09,6227051
0.09,6221101
0.09,6156947
0.09,6147501
0.09,6142228
0.09,6055091
0.09,6053475
0.09,5959131
0.09,5940808
0.09,5933064
0.09,5907537
0.09,5899801
0.09,5880670
0.09,5863989
0.09,5863009
0.09,5853056
0.09,5848245
0.09,5845250
0.09,5779051
0.09,5745741
0.09,5740092
0.09,5732947
0.09,5722524
0.09,5700893
0.09,5649021
0.09,5585806
0.09,5577134
0.09,5575798
0.09,5568735
0.09,5540087
0.09,5536104
0.09,5518404
0.09,5513298
0.09,5507553
0.09,5454796
0.09,5426664
0.09,5380734
0.09,5303891
0.09,5268483
0.09,5227131
0.09,5192954
0.09,5190429
0.09,5185541
0.09,5145987
0.09,5096395
0.09,5094231
0.09,5093382
0.09,5074990
0.10,5058715
0.10,5040280
0.10,5006052
0.10,5004218
0.10,4983537
0.10,4959772
0.10,4959629
0.10,4935716
0.10,4852731
0.10,4814911
0.10,4804822
0.10,4798105
0.10,4781984
0.10,4697868
0.10,4695867
0.10,4693397
0.10,4679490
0.10,4676795
0.10,4651643
0.10,4651639
0.10,4586941
0.10,4580440
0.10,4574491
0.10,4565632
0.10,4563575
0.10,4476423
0.10,4396125
0.10,4392195
0.10,4382665
0.10,4382635
0.10,4380954
0.10,4370126
0.10,4346752
0.10,4345041
0.10,4340868
0.10,4329102
0.10,4295579
0.10,4265600
0.10,4230246
0.10,4163445
0.10,4157724
0.10,4131691
0.10,4113453
0.10,4083708
0.10,4071252
0.10,3988222
0.10,3978139
0.10,3974323
0.10,3968513
0.10,3882727
0.10,3853792
0.10,3850460
0.10,3833626
0.10,3831334
0.10,3829166
0.10,3795868
0.11,3774756
0.11,3762687
0.11,3760771
0.11,3756717
0.11,3748218
0.11,3745953
0.11,3745609
0.11,3745340
0.11,3724555
0.11,3698820
0.11,3691348
0.11,3690771
0.11,3644854
0.11,3637932
0.11,3637442
0.11,3605859
0.11,3563252
0.11,3563045
0.11,3546888
0.11,3544888
0.11,3525032
0.11,3460228
0.11,3455872
0.11,3449587
0.11,3447973
0.11,3440184
0.11,3428349
0.11,3427803
0.11,3365374
0.11,3338973
0.11,3289013
0.11,3284718
0.11,3243229
0.11,3228516
0.11,3208016
0.12,3190630
0.12,3187147
0.12,3106035
0.12,3103815
0.12,3098510
0.12,3087395
0.12,3067382
0.12,3065387
0.12,3064960
0.12,3061566
0.12,3053937
0.12,3049680
0.12,3042908
0.12,3042559
0.12,3039607
0.12,3034793
0.12,3005098
0.12,2989267
0.12,2938724
0.12,2918187
0.12,2850362
0.12,2796239
0.12,2794194
0.12,2778710
0.13,2769399
0.13,2695951
0.13,2648825
0.13,2640432
0.13,2637836
0.13,2633399
0.13,2632190
0.13,2630940
0.13,2630859
0.13,2628763
0.13,2584079
0.13,2554060
0.13,2541067
0.13,2534066
0.13,2508981
0.13,2497936
0.13,2497053
0.13,2475127
0.13,2463985
0.13,2457403
0.13,2454605
0.13,2446220
0.14,2445886
0.14,2441495
0.14,2437851
0.14,2422396
0.14,2421982
0.14,2419983
0.14,2408075
0.14,2402490
0.14,2359311
0.14,2353338
0.14,2346923
0.14,2346480
0.14,2340657
0.14,2337681
0.14,2335434
0.15,2331592
0.15,2326756
0.15,2320926
0.15,2318929
0.15,2295269
0.15,2290937
0.15,2284998
0.15,2258441
0.15,2257576
0.15,2242989
0.15,2211802
0.15,2209384
0.16,2197852
0.16,2194361
0.16,2192062
0.16,2191888
0.16,2191878
0.16,2190602
0.16,2179459
0.16,2175677
0.16,2174378
0.16,2161438
0.16,2155902
0.16,2146269
0.16,2144455
0.16,2143790
0.16,2125283
0.16,2124117
0.16,2106842
0.16,2096184
0.16,2063307
0.16,2062644
0.16,2058957
0.16,2049907
0.16,2036449
0.16,2006795
0.16,1943943
0.16,1935044
0.17,1932706
0.17,1908702
0.17,1907285
0.17,1866269
0.17,1866117
0.17,1866021
0.18,1856191
0.18,1836681
0.18,1830750
0.19,1828826
0.19,1772236
0.19,1772007
0.19,1766901
0.19,1765836
0.21,1755180
0.22,1751686
0.22,1751388
0.22,1750745
0.23,1750180
0.23,1746527
0.23,1735449
0.24,1733878
0.24,1726121
0.24,1715208
0.24,1711969
0.24,1710460
0.61,1708737
0.61,1706121
0.61,1704274
0.61,1701082
0.61,1691636
0.61,1686756
0.61,1686679
0.69,1682907
0.69,1682767
0.69,1680762
0.69,1678069
0.69,1662383
0.70,1640992
0.70,1638687
0.70,1637753
0.70,1633082
0.70,1621736
0.70,1618249
0.70,1614267
1.04,1610422
1.04,1610024
1.05,1606395
1.08,1595922
1.08,1594642
1.09,1592931
1.09,1580977
1.69,1573309
1.69,1572919
1.70,1570192
1.70,1553234
1.70,1549911
1.70,1548448
1.70,1548447
1.70,1545452
1.70,1539200
1.70,1537264
1.71,1534975
1.71,1531508
1.77,1528981
1.77,1524262
1.77,1523455
1.77,1507375
1.81,1475250
1.81,1473242
1.81,1470767
2.18,1467455
2.18,1462498
2.45,1457248
2.45,1454613
2.45,1454403
2.45,1452081
2.45,1450494
2.45,1449445
2.45,1448162
2.45,1447945
2.46,1446297
2.46,1445300
2.46,1439666
2.87,1432853
2.87,1432405
2.87,1427182
2.87,1426680
2.88,1422404
2.88,1422020
2.88,1418658
2.88,1415504
2.88,1410492
2.88,1406952
2.88,1405778
2.88,1404206
2.89,1403070
3.01,1395258
3.02,1392309
3.04,1390840
3.04,1388550
3.04,1385274
3.04,1384998
3.04,1376153
3.04,1374696
3.04,1374534
4.48,1373925
4.48,1368398
4.48,1363812
4.48,1360841
4.48,1360701
4.48,1355668
4.93,1354947
4.93,1350737
4.93,1346427
4.93,1346283
4.94,1334284
4.94,1327571
6.36,1327558
6.36,1327128
6.39,1324234
6.39,1324221
6.39,1323464
6.39,1323217
6.39,1319933
6.39,1317808
6.39,1313249
6.39,1310664
6.40,1303724
6.40,1299860
6.40,1299226
6.40,1297905
6.91,1297297
6.91,1295243
7.02,1291502
7.49,1290471
7.49,1288801
7.49,1287782
7.49,1286531
7.49,1286015
7.49,1284814
7.49,1284608
7.49,1284391
7.53,1283673
7.53,1283630
7.53,1283160
7.54,1282895
7.54,1282789
7.54,1279954
7.54,1275824
7.54,1266698
7.54,1265366
7.54,1264499
7.56,1258113
7.56,1257330
7.56,1255957
7.97,1252319
7.97,1252282
7.97,1246063
7.97,1244096
7.98,1243999
8.51,1241977
8.51,1241857
8.54,1240478
8.58,1238010
8.67,1237946
8.67,1235513
8.67,1230558
8.67,1229130
8.67,1227647
8.67,1221269
9.86,1216958
11.34,1215167
11.34,1215039
11.49,1212232
11.49,1212211
11.49,1210917
11.49,1209264
11.78,1208539
11.78,1208431
12.07,1206821
12.07,1202716
12.07,1201860
12.08,1201306
12.08,1199826
12.85,1199041
12.86,1198551
12.86,1198345
12.86,1198250
12.86,1197395
12.86,1196753
12.86,1193748
12.87,1193259
13.86,1192000
13.86,1191799
13.88,1191422
13.88,1189920
13.89,1189524
13.89,1189440
13.89,1188633
13.89,1188004
15.26,1186042
15.26,1185841
15.27,1185557
15.28,1185532
15.29,1185315
16.20,1184377
16.20,1184077
16.43,1182507
16.43,1181269
17.36,1180406
18.35,1179542
18.36,1178821
18.36,1178412
18.36,1178346
20.01,1177781
20.47,1177705
20.48,1177529
20.48,1177387
20.48,1177078
21.12,1176902
21.12,1176851
21.13,1176789
21.13,1176672
21.88,1176644
22.72,1176626
22.73,1176417
23.08,1176416
23.09,1176211
