0.00,9797044
0.01,9751931
0.01,9712665
0.01,9667260
0.01,9343475
0.01,9310834
0.01,9302276
0.01,9301457
0.01,9255350
0.01,9253347
0.01,9210057
0.01,9119497
0.01,9090319
0.01,9071972
0.01,9071971
0.01,9055327
0.01,9025303
0.01,9009698
0.01,9007880
0.01,8993112
0.01,8886778
0.01,8864992
0.01,8752157
0.01,8729522
0.01,8549836
0.01,8362387
0.01,8111395
0.01,8086794
0.01,8074958
0.01,8009599
0.01,7977136
0.01,7944206
0.01,7942601
0.01,7916114
0.01,7911316
0.01,7889457
0.01,7882933
0.01,7847345
0.02,7777005
0.02,7776971
0.02,7768192
0.02,7746123
0.02,7723064
0.02,7722122
0.02,7680972
0.02,7652421
0.02,7628766
0.02,7606481
0.02,7590830
0.02,7513898
0.02,7424153
0.02,7388463
0.02,7376552
0.02,7362336
0.02,7353526
0.02,7348874
0.02,7341339
0.02,7338595
0.02,7335936
0.03,7201188
0.03,7189294
0.03,7159345
0.03,7156599
0.03,6989439
0.03,6986862
0.03,6986861
0.03,6985834
0.03,6907145
0.03,6907071
0.03,6905053
0.03,6848337
0.03,6830417
0.03,6830193
0.03,6820336
0.03,6820296
0.03,6812823
0.03,6755843
0.03,6651033
0.03,6640657
0.03,6636382
0.03,6624777
0.03,6588401
0.03,6515131
0.03,6443197
0.03,6413239
0.03,6357338
0.03,6305459
0.03,6302885
0.03,6245451
0.03,6245417
0.03,6245291
0.03,6241720
0.03,6122228
0.03,6110169
0.03,6042784
0.03,5996925
0.03,5995620
0.03,5919625
0.03,5882974
0.03,5848288
0.03,5828313
0.03,5792870
0.03,5748230
0.03,5602137
0.04,5541182
0.04,5540212
0.04,5513294
0.04,5421185
0.04,5402167
0.04,5280439
0.04,5238357
0.04,5235163
0.04,5166331
0.04,5159104
0.04,5135325
0.04,5112229
0.04,5060274
0.04,5046281
0.04,5037054
0.04,5023157
0.04,4987045
0.04,4912091
0.04,4900831
0.04,4897950
0.04,4836616
0.04,4834852
0.04,4832806
0.04,4828558
0.04,4827796
0.04,4817849
0.04,4817751
0.04,4711604
0.04,4711400
0.04,4697178
0.04,4695564
0.04,4695385
0.04,4692662
0.04,4692475
0.04,4687301
0.04,4571608
0.04,4568229
0.04,4538500
0.04,4509992
0.04,4500136
0.04,4430295
0.04,4411916
0.04,4408289
0.04,4370677
0.04,4359449
0.04,4328272
0.04,4279155
0.04,4247527
0.04,4243860
0.04,4241585
0.04,4234509
0.04,4208104
0.04,4207442
0.04,4204711
0.04,4152378
0.04,4147222
0.04,4038267
0.04,4020274
0.04,3973605
0.04,3971938
0.05,3958911
0.05,3958114
0.05,3865476
0.05,3853392
0.05,3820761
0.05,3820161
0.05,3796878
0.05,3752487
0.05,3745702
0.05,3744483
0.05,3737730
0.05,3737593
0.05,3736356
0.05,3733972
0.05,3730524
0.05,3722844
0.05,3648259
0.05,3644200
0.05,3644121
0.05,3644004
0.05,3612207
0.05,3600665
0.05,3599140
0.05,3596741
0.05,3596359
0.05,3588158
0.05,3582811
0.05,3575468
0.05,3575144
0.05,3563405
0.05,3561625
0.05,3559596
0.05,3519440
0.05,3502909
0.06,3421656
0.06,3418445
0.06,3418039
0.06,3415869
0.06,3413338
0.06,3412132
0.06,3391588
0.06,3390064
0.06,3285304
0.06,3284288
0.06,3219303
0.06,3216424
0.06,3211613
0.06,3210746
0.06,3209087
0.06,3163795
0.06,3157363
0.06,3130108
0.06,3127834
0.06,3127180
0.06,3126690
0.06,3126533
0.06,3119840
0.06,3116761
0.06,3105639
0.06,3091252
0.06,3084125
0.06,3083687
0.06,3081198
0.06,3059494
0.06,3054702
0.06,3025670
0.06,3018059
0.06,3012884
0.06,3012403
0.06,3011572
0.06,3008922
0.06,2946066
0.06,2934636
0.06,2915378
0.06,2899468
0.06,2895724
0.06,2884615
0.07,2819496
0.07,2784287
0.07,2783782
0.07,2782562
0.07,2780242
0.07,2779666
0.07,2733134
0.07,2719542
0.07,2715617
0.07,2711462
0.07,2707455
0.07,2707023
0.07,2698907
0.07,2694112
0.07,2655416
0.07,2653991
0.07,2649867
0.07,2649577
0.07,2642687
0.07,2574455
0.07,2528955
0.07,2480481
0.07,2480440
0.07,2479589
0.07,2474701
0.07,2462498
0.07,2457523
0.07,2378188
0.07,2371033
0.07,2370943
0.07,2369952
0.07,2361871
0.07,2359776
0.07,2343187
0.07,2340880
0.08,2340647
0.08,2331535
0.08,2324512
0.08,2322383
0.08,2322086
0.08,2254182
0.08,2241689
0.08,2240500
0.08,2218887
0.08,2218310
0.08,2215558
0.08,2213144
0.08,2212716
0.08,2203475
0.08,2202170
0.08,2186395
0.08,2185961
0.08,2181705
0.08,2162620
0.08,2158636
0.08,2154782
0.08,2129162
0.08,2124542
0.08,2119093
0.08,2107662
0.08,2093580
0.08,2064984
0.08,2063118
0.08,2058795
0.08,2051570
0.08,2049914
0.08,2049914
0.08,2046199
0.09,2043578
0.09,2041380
0.09,2040158
0.09,2038953
0.09,2022279
0.09,2022161
0.09,2021664
0.09,2021507
0.09,2015129
0.09,2009574
0.09,1995959
0.09,1995049
0.09,1994425
0.09,1991483
0.09,1986901
0.09,1986895
0.09,1973697
0.09,1967696
0.10,1966183
0.10,1951236
0.10,1949738
0.10,1944166
0.10,1943698
0.10,1924838
0.10,1917256
0.10,1882696
0.10,1882592
0.10,1881475
0.10,1867223
0.10,1866523
0.10,1861227
0.11,1845022
0.11,1844934
0.11,1837758
0.11,1819018
0.11,1818334
0.11,1817281
0.11,1812951
0.11,1797188
0.12,1792363
0.12,1791142
0.12,1765850
0.12,1765715
0.12,1759262
0.12,1756342
0.12,1753355
0.12,1749813
0.12,1748738
0.12,1748597
0.13,1748317
0.13,1744857
0.13,1744808
0.13,1744784
0.13,1743586
0.13,1743079
0.13,1723972
0.14,1722596
0.14,1715921
0.14,1715294
0.14,1712865
0.14,1698087
0.14,1697925
0.14,1692547
0.14,1690187
0.14,1687780
0.15,1687564
0.15,1669756
0.15,1669755
0.15,1623614
0.15,1580827
0.15,1577113
0.15,1569362
0.15,1562668
0.15,1554542
0.15,1539627
0.15,1535231
0.16,1529590
0.16,1526772
0.16,1507315
0.16,1489046
0.16,1486916
0.17,1482147
0.17,1477253
0.17,1476647
0.17,1475076
0.17,1475025
0.18,1427293
0.18,1427224
0.18,1426933
0.18,1416366
0.18,1415272
0.18,1414985
0.18,1414038
0.18,1412857
0.19,1408525
0.19,1400503
0.19,1398940
0.19,1397795
0.20,1396730
0.20,1394210
0.20,1393909
0.20,1392946
0.21,1387475
0.21,1365449
0.21,1365426
0.21,1363043
0.22,1362915
0.22,1361463
0.22,1361143
0.23,1360841
0.23,1360330
0.23,1360159
0.23,1356845
0.23,1356038
0.24,1354921
0.24,1354431
0.25,1354289
0.26,1353566
0.26,1351927
0.26,1351782
0.27,1351498
0.27,1351161
0.27,1350712
0.27,1348531
0.28,1346883
0.28,1346446
0.28,1346167
0.29,1345994
0.30,1344808
0.30,1344157
0.30,1338574
0.30,1338500
0.31,1338199
0.31,1338172
0.32,1337536
0.35,1337059
0.36,1337055
0.38,1335766
0.39,1335439
0.44,1332508
0.60,1322879
0.61,1321021
0.62,1300036
0.62,1297661
0.62,1297121
0.63,1294875
0.63,1276783
0.63,1271031
0.63,1270980
0.64,1270241
0.65,1267721
0.67,1265755
3.33,1258497
4.28,1255611
5.16,1254269
5.17,1254127
5.82,1247903
6.01,1245794
6.09,1241386
6.09,1240708
6.12,1240233
6.21,1226773
6.22,1226571
6.23,1225461
6.24,1225087
6.24,1223259
6.25,1222409
6.26,1222173
6.27,1221966
6.43,1220248
6.43,1219606
6.46,1218944
6.46,1218865
6.47,1218183
6.47,1218032
6.48,1217661
6.48,1216832
6.48,1216425
6.49,1216281
6.65,1198927
6.66,1196962
6.68,1196362
6.85,1195395
8.66,1193963
8.67,1187327
8.68,1177494
8.68,1177096
65.55,1176745
65.55,1176569
261.84,1176211
