0.06,10487568
0.07,10470664
0.07,10339557
0.07,10272108
0.07,10258294
0.07,10255462
0.07,10247080
0.07,10237850
0.07,10074651
0.07,10032312
0.07,10028642
0.07,10020894
0.07,9823957
0.08,9812184
0.08,9791790
0.08,9781079
0.08,9765702
0.08,9762626
0.08,9720560
0.08,9711887
0.08,9707583
0.08,9657907
0.08,9648702
0.08,9609921
0.08,9603543
0.08,9578221
0.08,9576426
0.08,9547106
0.08,9540868
0.08,9468652
0.08,9346222
0.08,9208189
0.08,9158820
0.08,9101575
0.08,9094719
0.08,9089652
0.08,9025850
0.08,8996353
0.08,8985846
0.08,8971556
0.08,8737424
0.08,8647501
0.08,8592063
0.08,8547146
0.09,8544900
0.09,8534709
0.09,8503665
0.09,8495446
0.09,8408163
0.09,8376250
0.09,8330552
0.09,8319996
0.09,8266264
0.09,8153356
0.09,8031618
0.09,7772821
0.09,7761773
0.09,7738386
0.09,7650207
0.09,7648972
0.09,7574096
0.09,7485852
0.09,7442826
0.09,7420539
0.09,7398750
0.09,7394365
0.09,7343106
0.09,7298739
0.09,7288776
0.09,7263326
0.09,7221106
0.09,7217996
0.09,7195981
0.10,7181856
0.10,7155047
0.10,7111576
0.10,7090353
0.10,7051338
0.10,6976229
0.10,6923548
0.10,6851809
0.10,6826915
0.10,6825625
0.10,6824107
0.10,6705894
0.10,6551209
0.10,6420606
0.10,6420234
0.10,6400666
0.10,6391195
0.10,6348343
0.10,6300268
0.10,6181660
0.10,6162924
0.10,6100389
0.10,5968983
0.10,5967737
0.10,5905970
0.10,5855799
0.10,5835505
0.10,5829013
0.10,5820710
0.10,5820684
0.10,5775561
0.10,5741294
0.10,5730227
0.10,5640061
0.10,5610296
0.10,5599632
0.10,5514647
0.10,5465726
0.10,5464725
0.10,5351807
0.10,5351742
0.10,5348485
0.10,5326740
0.10,5326261
0.10,5321476
0.10,5319223
0.10,5315817
0.10,5315626
0.10,5273639
0.10,5260784
0.10,5207038
0.10,5195972
0.10,5195747
0.10,5177169
0.10,5176117
0.11,5021894
0.11,5018029
0.11,4944013
0.11,4915739
0.11,4907769
0.11,4907298
0.11,4894882
0.11,4892229
0.11,4891292
0.11,4681322
0.11,4668352
0.11,4661665
0.11,4660004
0.11,4651977
0.11,4650203
0.11,4628261
0.11,4617095
0.11,4615953
0.11,4607970
0.11,4572131
0.11,4565855
0.11,4496485
0.11,4496462
0.11,4394252
0.11,4394163
0.11,4384566
0.11,4374701
0.11,4357707
0.11,4355229
0.11,4295099
0.11,4264309
0.11,4260767
0.11,4257414
0.11,4252431
0.11,4229286
0.11,4224895
0.11,4223357
0.11,4215961
0.11,4158012
0.11,4036120
0.11,4027408
0.11,4026509
0.11,4011382
0.11,3951710
0.11,3926415
0.11,3894366
0.11,3872225
0.11,3852685
0.11,3839674
0.11,3790597
0.11,3784824
0.11,3776390
0.11,3755556
0.11,3751024
0.11,3732547
0.12,3650073
0.12,3637676
0.12,3608031
0.12,3562505
0.12,3556222
0.12,3546912
0.12,3506658
0.12,3499337
0.12,3496165
0.12,3479090
0.12,3477510
0.12,3477074
0.12,3468060
0.12,3461143
0.12,3456161
0.12,3350005
0.12,3276681
0.12,3244403
0.12,3226276
0.12,3225415
0.12,3224298
0.12,3141001
0.12,3138293
0.12,3135409
0.12,3128244
0.12,3117385
0.12,3104460
0.12,3067036
0.12,3066957
0.12,3057560
0.12,3048936
0.12,3043814
0.12,3043808
0.12,3043538
0.12,3034556
0.12,3006100
0.12,3004295
0.12,2963482
0.12,2962118
0.13,2955561
0.13,2954763
0.13,2948715
0.13,2881990
0.13,2881408
0.13,2871517
0.13,2868425
0.13,2863681
0.13,2858259
0.13,2829446
0.13,2812316
0.13,2808902
0.13,2786054
0.13,2775725
0.13,2769331
0.13,2762431
0.13,2762022
0.13,2759191
0.13,2750977
0.13,2749162
0.13,2748739
0.13,2741363
0.13,2738539
0.13,2738392
0.13,2738236
0.13,2735481
0.13,2710666
0.13,2709049
0.13,2683987
0.13,2664491
0.13,2663294
0.13,2647429
0.13,2645284
0.13,2644943
0.13,2632543
0.14,2580619
0.14,2580221
0.14,2575046
0.14,2561438
0.14,2554652
0.14,2527405
0.14,2526656
0.14,2522148
0.14,2515439
0.14,2513754
0.14,2512760
0.14,2469079
0.14,2433648
0.14,2423299
0.14,2421487
0.14,2415727
0.14,2385986
0.14,2373916
0.14,2363628
0.14,2360974
0.14,2357923
0.14,2353143
0.14,2351877
0.14,2337361
0.14,2323992
0.15,2290671
0.15,2282795
0.15,2282173
0.15,2271681
0.15,2270312
0.15,2265998
0.15,2264266
0.16,2263440
0.16,2259994
0.16,2230978
0.16,2224951
0.16,2185866
0.16,2175344
0.16,2172601
0.17,2171326
0.17,2170823
0.17,2169838
0.17,2148893
0.17,2139957
0.17,2105660
0.17,2101375
0.17,2093257
0.17,2092020
0.17,2071764
0.17,2070970
0.17,2068523
0.17,2050823
0.17,2041800
0.17,1995259
0.17,1980430
0.18,1952350
0.18,1940989
0.18,1936507
0.18,1935421
0.18,1927086
0.24,1917721
0.24,1917334
0.24,1910832
0.24,1909237
0.24,1908991
0.24,1901801
0.25,1896936
0.25,1882487
0.25,1879259
0.25,1870936
0.25,1856521
0.28,1852002
0.28,1848269
0.28,1844280
0.28,1839379
0.28,1837700
0.28,1831391
0.28,1796197
0.28,1793602
0.28,1791540
0.28,1780974
0.28,1780167
0.28,1766101
0.28,1762005
0.31,1760697
0.31,1760154
0.31,1758746
0.31,1757525
0.31,1756406
0.31,1750226
0.34,1730929
0.34,1729680
0.34,1728798
0.34,1727695
0.34,1727671
0.34,1724095
0.35,1717666
0.35,1715409
0.35,1697820
0.35,1696865
0.35,1676069
0.47,1669644
0.47,1655018
0.48,1644236
0.60,1642159
0.60,1635907
0.60,1633439
0.61,1633035
0.61,1632219
0.93,1629383
0.93,1625170
0.93,1615122
0.93,1608712
0.93,1606748
0.93,1606403
0.93,1605192
0.96,1596381
0.96,1592225
0.96,1588118
0.96,1587813
0.97,1580218
0.97,1579410
0.97,1576501
0.97,1573496
1.35,1565682
1.73,1555309
1.73,1554766
1.74,1552501
1.74,1551746
1.74,1546611
1.74,1544093
1.74,1543877
1.74,1542255
1.74,1542010
1.74,1541791
1.74,1537721
1.77,1533010
1.77,1518883
1.94,1515268
1.94,1485296
1.94,1484237
1.94,1483233
1.94,1478977
1.94,1478298
1.95,1478137
1.95,1477290
1.95,1474931
1.95,1473571
1.95,1473103
1.95,1469045
1.95,1469036
1.95,1466809
1.95,1466532
1.95,1462488
1.95,1457025
2.15,1455203
2.15,1453463
2.15,1453415
3.11,1452218
3.13,1448707
3.13,1446771
3.13,1444512
3.19,1443051
3.19,1441339
3.19,1433556
3.29,1429272
3.29,1425477
3.29,1421701
3.29,1417158
3.51,1415178
3.51,1407388
3.51,1404987
3.51,1403699
3.51,1389556
3.51,1389019
3.51,1387134
3.51,1377882
3.51,1366276
3.52,1363794
3.52,1359317
3.70,1356892
4.46,1356468
4.46,1347733
4.46,1342738
4.72,1342545
4.73,1340760
4.73,1339694
4.73,1333709
4.73,1333437
4.73,1333065
4.89,1332232
4.89,1331744
4.89,1326731
4.96,1321719
4.96,1321065
4.96,1318603
6.00,1313621
6.00,1306740
6.01,1306575
6.01,1305287
6.01,1302135
6.01,1301170
6.01,1294442
6.01,1293236
6.01,1292351
6.01,1291257
6.01,1290160
6.01,1285092
6.01,1284837
6.01,1284539
6.01,1279849
6.04,1275227
6.04,1274414
7.50,1272126
7.50,1269541
8.08,1268788
8.08,1268304
8.08,1267455
8.08,1266522
8.08,1264780
8.08,1264514
8.08,1258580
8.10,1258149
8.10,1257932
8.10,1257029
8.11,1250455
8.24,1249760
8.24,1244280
8.33,1241397
8.45,1239759
8.64,1238514
8.67,1237440
8.67,1237069
8.89,1233308
8.89,1233263
8.89,1227771
8.89,1225435
8.89,1223170
8.89,1223137
8.89,1222878
8.89,1218570
8.91,1214821
10.94,1213727
10.94,1211822
10.94,1211224
10.94,1209462
10.95,1209154
10.95,1208790
11.44,1207427
11.44,1206719
11.44,1206468
11.44,1206420
11.46,1205401
11.46,1205243
11.47,1204775
12.01,1204117
12.04,1203675
12.09,1202501
12.10,1202313
12.10,1200448
12.37,1200420
12.37,1200128
12.99,1199620
13.29,1199093
13.31,1198858
13.31,1198506
13.31,1197699
13.31,1196759
13.31,1195075
13.31,1194987
13.31,1194646
13.31,1194405
13.32,1191150
13.32,1189518
13.32,1187401
13.32,1187154
14.22,1186756
15.06,1184985
15.06,1181034
15.07,1180894
15.07,1180830
17.40,1179449
17.40,1179383
18.64,1178067
18.64,1177926
18.68,1177895
18.68,1177733
18.98,1177652
18.99,1177443
20.20,1177085
21.95,1176849
21.95,1176708
21.96,1176531
22.19,1176471
23.74,1176408
23.81,1176202
