0.00,9774155
0.01,9655702
0.01,9572340
0.01,9519446
0.01,9474692
0.01,9447299
0.01,9360941
0.01,9344025
0.01,9161820
0.01,9157596
0.01,9127651
0.01,9093154
0.01,9038110
0.01,9034744
0.01,9012273
0.01,9010726
0.01,9009859
0.01,8995804
0.01,8989971
0.01,8919769
0.01,8893804
0.01,8873387
0.01,8869765
0.01,8863268
0.01,8823350
0.01,8706113
0.01,8690069
0.01,8623073
0.01,8621711
0.01,8599581
0.01,8595259
0.02,8513247
0.02,8465801
0.02,8395545
0.02,8391333
0.02,8356774
0.02,8261070
0.02,8255992
0.02,8109964
0.02,8102429
0.02,8088694
0.02,7933247
0.02,7927745
0.02,7885225
0.02,7875171
0.02,7855541
0.02,7834339
0.02,7765859
0.02,7731934
0.02,7731243
0.02,7726302
0.02,7724958
0.02,7724266
0.02,7694524
0.02,7588958
0.02,7587656
0.02,7580271
0.02,7532148
0.02,7510753
0.02,7432736
0.03,7420542
0.03,7384159
0.03,7237880
0.03,7236481
0.03,7031957
0.03,7030355
0.03,6908144
0.03,6883998
0.03,6839901
0.03,6826937
0.03,6798379
0.03,6774928
0.03,6714789
0.03,6576110
0.03,6575097
0.03,6551358
0.03,6453345
0.03,6321732
0.03,6321289
0.03,6317088
0.03,6317074
0.03,6313820
0.03,6313035
0.03,6230431
0.03,6221245
0.04,6216466
0.04,6173777
0.04,6127756
0.04,5981560
0.04,5945856
0.04,5935432
0.04,5934402
0.04,5821146
0.04,5719857
0.04,5679737
0.04,5678862
0.04,5673385
0.04,5602436
0.04,5597653
0.04,5467736
0.04,5461831
0.04,5438099
0.04,5435931
0.04,5433965
0.04,5432649
0.04,5393079
0.04,5375885
0.04,5373799
0.04,5345182
0.04,5323116
0.04,5298148
0.04,5256431
0.04,5250793
0.04,5242674
0.04,5231874
0.04,5201841
0.04,5131335
0.04,5129226
0.04,5127444
0.04,5048571
0.04,5044224
0.04,5025710
0.04,5022341
0.04,5020216
0.04,4953776
0.04,4950595
0.04,4936965
0.04,4925227
0.04,4865293
0.04,4863531
0.04,4826937
0.04,4821961
0.04,4818029
0.04,4813701
0.04,4671506
0.04,4662165
0.04,4652615
0.04,4590030
0.05,4579997
0.05,4578628
0.05,4463705
0.05,4463584
0.05,4320126
0.05,4275856
0.05,4263755
0.05,4196743
0.05,4184757
0.05,4158391
0.05,4101646
0.05,4024781
0.05,3989851
0.05,3969919
0.05,3963052
0.05,3960972
0.05,3919077
0.05,3875598
0.05,3872392
0.05,3871709
0.05,3871628
0.05,3867141
0.05,3857673
0.05,3809236
0.05,3808709
0.05,3806002
0.05,3731536
0.05,3668753
0.05,3650434
0.05,3574424
0.05,3496788
0.05,3423607
0.05,3422671
0.05,3420642
0.05,3380357
0.05,3364362
0.05,3341888
0.05,3329381
0.05,3329282
0.05,3326810
0.05,3326099
0.05,3253471
0.05,3210179
0.05,3206287
0.05,3204074
0.06,3192010
0.06,3183477
0.06,3178672
0.06,3173581
0.06,3172708
0.06,3162073
0.06,3161503
0.06,3151230
0.06,3139870
0.06,3120122
0.06,3115373
0.06,3106077
0.06,3105229
0.06,3105146
0.06,3099810
0.06,3098784
0.06,3096609
0.06,3088774
0.06,3088496
0.06,3086152
0.06,3043918
0.06,3041822
0.06,3037929
0.06,3013605
0.06,2984033
0.06,2983704
0.06,2979485
0.06,2973064
0.06,2945502
0.06,2896376
0.06,2831386
0.06,2831153
0.06,2819333
0.06,2818040
0.06,2817242
0.06,2815612
0.06,2799677
0.06,2787215
0.06,2755530
0.06,2754388
0.06,2754205
0.07,2745765
0.07,2734132
0.07,2691868
0.07,2642841
0.07,2641131
0.07,2632297
0.07,2630651
0.07,2610419
0.07,2605852
0.07,2540330
0.07,2538214
0.07,2503609
0.07,2502211
0.07,2501724
0.07,2498472
0.07,2498257
0.07,2494484
0.07,2489618
0.07,2482693
0.07,2478743
0.07,2477374
0.08,2464448
0.08,2458507
0.08,2439969
0.08,2439166
0.08,2424288
0.08,2420578
0.08,2418110
0.08,2410767
0.08,2400452
0.08,2395132
0.08,2384158
0.08,2382245
0.08,2376287
0.08,2360428
0.08,2359137
0.08,2336514
0.08,2317377
0.08,2292027
0.08,2289953
0.08,2287269
0.09,2281713
0.09,2269724
0.09,2269620
0.09,2238389
0.09,2237254
0.09,2232558
0.09,2227916
0.09,2219534
0.09,2219179
0.09,2215748
0.09,2198160
0.09,2197666
0.09,2182077
0.09,2170716
0.09,2135427
0.09,2132315
0.09,2113647
0.09,2113402
0.09,2111624
0.09,2111554
0.09,2102346
0.09,2101620
0.09,2097998
0.09,2095919
0.09,2072370
0.09,2055239
0.09,2053360
0.09,2052139
0.09,2048778
0.09,2041519
0.09,2041193
0.09,2037470
0.09,2027842
0.09,2023020
0.09,2022801
0.09,2017799
0.09,2013199
0.09,2011960
0.09,2010987
0.09,2001340
0.10,1995860
0.10,1992429
0.10,1977628
0.10,1976163
0.10,1973641
0.10,1950582
0.10,1949658
0.10,1946304
0.10,1943160
0.10,1942631
0.10,1942424
0.10,1936339
0.11,1931657
0.11,1927911
0.11,1923689
0.11,1923260
0.11,1921468
0.11,1921402
0.11,1906536
0.11,1902916
0.11,1902339
0.11,1886757
0.11,1870085
0.11,1827196
0.11,1825526
0.12,1825123
0.12,1824543
0.12,1808706
0.12,1803073
0.12,1799530
0.12,1799324
0.12,1773865
0.12,1773334
0.12,1772849
0.12,1750523
0.12,1746124
0.13,1745374
0.13,1737250
0.13,1736717
0.13,1729827
0.13,1729573
0.13,1689376
0.14,1680454
0.14,1678042
0.14,1676601
0.14,1674236
0.14,1671729
0.14,1671288
0.14,1666091
0.14,1665284
0.14,1662511
0.14,1662286
0.15,1653373
0.15,1639054
0.15,1634747
0.15,1621595
0.15,1619931
0.16,1587049
0.16,1586806
0.16,1499877
0.16,1499868
0.16,1498940
0.16,1491579
0.16,1470688
0.16,1470145
0.17,1432960
0.17,1428627
0.17,1426588
0.17,1416626
0.17,1407948
0.17,1402032
0.17,1395722
0.18,1395594
0.18,1386326
0.19,1384050
0.19,1383766
0.19,1362660
0.20,1356420
0.20,1356235
0.20,1355838
0.21,1355268
0.22,1355220
0.22,1353347
0.22,1353023
0.23,1352996
0.23,1350848
0.23,1350755
0.23,1349273
0.24,1346845
0.25,1346159
0.25,1344547
0.26,1344332
0.27,1343834
0.27,1343490
0.27,1341941
0.28,1340504
0.29,1340347
0.30,1310490
0.33,1309498
0.34,1308088
0.34,1307445
0.35,1307303
0.35,1306055
0.38,1305833
0.47,1304781
0.48,1303901
0.49,1289767
0.49,1289737
0.51,1285921
0.52,1284124
0.52,1281603
0.79,1281258
0.80,1280005
0.83,1280005
1.19,1278846
1.19,1278846
1.20,1278781
1.22,1278769
1.24,1278466
1.26,1278302
1.30,1277495
1.46,1276005
1.46,1273800
1.46,1273163
1.47,1273011
1.47,1273001
1.48,1272973
1.48,1272767
1.48,1272028
1.50,1257081
1.51,1240957
1.54,1240735
1.66,1239045
1.67,1233695
1.68,1231748
1.69,1231122
1.70,1227149
1.72,1227057
1.72,1226640
1.74,1226614
1.74,1226584
1.75,1225042
5.02,1223477
5.03,1198800
5.17,1185376
5.21,1179505
15.86,1178886
31.31,1178478
222.61,1178278
263.39,1178089
272.37,1177317
272.41,1177266
272.58,1176211
545.11,1176151
