0.00,9771940
0.01,9771547
0.01,9763024
0.01,9735077
0.01,9699679
0.01,9699633
0.01,9694029
0.01,9691511
0.01,9677406
0.01,9574712
0.01,9555089
0.01,9554099
0.01,9483587
0.01,9478292
0.01,9344032
0.01,9295343
0.01,9231253
0.01,9073735
0.01,8937969
0.01,8937139
0.01,8929551
0.01,8917451
0.01,8878491
0.01,8552879
0.01,8547451
0.01,8536300
0.01,8529353
0.01,8502690
0.01,8396387
0.01,8384486
0.01,8285350
0.02,8143764
0.02,7968932
0.02,7902058
0.02,7887122
0.02,7886055
0.02,7814177
0.02,7636591
0.02,7564459
0.02,7548852
0.02,7547754
0.02,7432019
0.02,7311859
0.02,7283749
0.02,7239031
0.02,7210005
0.02,7209980
0.02,7209481
0.02,7208326
0.02,7195155
0.02,7163526
0.02,7155834
0.02,7149034
0.02,7128090
0.02,7055994
0.02,6975278
0.02,6920303
0.02,6891835
0.02,6820540
0.02,6615823
0.03,6609670
0.03,6585601
0.03,6500938
0.03,6499068
0.03,6498283
0.03,6490181
0.03,6488305
0.03,6477548
0.03,6466665
0.03,6414898
0.03,6412859
0.03,6384828
0.03,6364509
0.03,6346168
0.03,6341858
0.03,6226457
0.03,6226293
0.03,6222193
0.03,6217553
0.03,6214135
0.03,6066750
0.03,6066470
0.03,6050921
0.03,6048652
0.03,6028224
0.03,5941536
0.03,5830302
0.03,5828715
0.03,5797875
0.03,5797736
0.03,5769612
0.03,5762453
0.03,5753586
0.03,5719087
0.03,5715753
0.03,5570497
0.03,5568974
0.03,5527228
0.03,5484854
0.03,5377983
0.03,5354555
0.03,5350906
0.03,5350054
0.04,5311765
0.04,5307719
0.04,5220388
0.04,5197965
0.04,5196173
0.04,5150072
0.04,5082163
0.04,5081275
0.04,5080363
0.04,5076281
0.04,5056187
0.04,4998142
0.04,4954044
0.04,4893573
0.04,4861537
0.04,4859035
0.04,4843849
0.04,4816463
0.04,4814857
0.04,4814625
0.04,4812846
0.04,4808393
0.04,4806972
0.04,4784511
0.04,4779063
0.04,4777255
0.04,4742753
0.04,4740964
0.04,4685495
0.04,4681554
0.04,4659627
0.04,4659218
0.04,4651077
0.04,4591162
0.04,4581349
0.04,4560563
0.04,4519482
0.04,4490408
0.04,4478942
0.04,4475115
0.04,4473585
0.04,4472649
0.04,4283934
0.04,4280143
0.04,4229809
0.04,4226818
0.04,4200397
0.04,4197323
0.04,4156456
0.04,4152128
0.04,4066140
0.04,4062732
0.04,4053186
0.04,4027399
0.04,4026135
0.04,4024706
0.04,3996664
0.04,3937879
0.04,3916302
0.04,3901525
0.05,3896610
0.05,3888237
0.05,3862283
0.05,3849534
0.05,3847223
0.05,3845933
0.05,3783295
0.05,3769637
0.05,3766623
0.05,3758633
0.05,3744462
0.05,3740147
0.05,3740124
0.05,3733726
0.05,3720875
0.05,3650137
0.05,3649326
0.05,3645165
0.05,3641298
0.05,3621390
0.05,3617676
0.05,3616710
0.05,3438557
0.05,3436452
0.05,3419019
0.05,3418456
0.05,3416581
0.05,3410623
0.05,3409336
0.05,3364862
0.05,3342114
0.05,3337057
0.05,3332619
0.05,3328085
0.05,3325265
0.05,3309637
0.05,3309378
0.05,3309062
0.05,3300174
0.05,3288210
0.05,3201567
0.05,3198942
0.05,3191087
0.05,3187350
0.05,3166188
0.05,3133582
0.05,3104181
0.05,3104071
0.05,3069406
0.05,3061283
0.05,3060458
0.05,3053446
0.06,3053132
0.06,3050424
0.06,3048690
0.06,3044032
0.06,3040435
0.06,2965272
0.06,2963702
0.06,2941187
0.06,2931168
0.06,2888915
0.06,2887303
0.06,2877334
0.06,2871305
0.06,2868907
0.06,2862547
0.06,2858587
0.06,2855961
0.06,2855895
0.06,2849969
0.06,2749935
0.06,2746776
0.06,2743983
0.06,2741274
0.06,2727963
0.06,2727072
0.06,2720135
0.06,2719892
0.06,2718691
0.07,2644516
0.07,2627922
0.07,2619723
0.07,2616285
0.07,2572798
0.07,2569939
0.07,2569272
0.07,2524629
0.07,2519226
0.07,2517012
0.07,2505096
0.07,2439951
0.07,2438898
0.07,2428561
0.07,2361723
0.07,2359076
0.07,2358583
0.07,2332011
0.07,2329898
0.07,2329597
0.07,2313798
0.07,2312771
0.07,2312600
0.07,2295504
0.07,2277092
0.07,2271967
0.07,2271648
0.07,2267131
0.07,2262381
0.07,2248462
0.08,2245314
0.08,2244401
0.08,2235623
0.08,2216729
0.08,2204973
0.08,2201677
0.08,2183427
0.08,2181533
0.08,2179655
0.08,2178698
0.08,2178372
0.08,2176285
0.08,2146539
0.08,2143104
0.08,2143086
0.08,2134426
0.08,2112400
0.08,2050891
0.08,1976960
0.08,1975166
0.08,1968060
0.09,1967833
0.09,1955528
0.09,1954587
0.09,1954575
0.09,1921377
0.09,1920900
0.09,1891141
0.09,1890706
0.09,1888075
0.09,1884290
0.09,1883810
0.09,1869079
0.09,1862193
0.09,1861810
0.09,1858244
0.09,1787905
0.09,1759739
0.09,1751622
0.10,1747187
0.10,1666452
0.10,1664931
0.10,1658228
0.10,1643103
0.10,1641138
0.10,1640220
0.10,1639203
0.10,1639152
0.11,1638461
0.11,1628725
0.11,1621176
0.11,1619788
0.11,1619555
0.11,1618350
0.11,1608866
0.11,1600727
0.11,1591302
0.11,1591018
0.11,1590762
0.12,1590315
0.12,1581552
0.12,1580525
0.12,1552033
0.12,1532000
0.12,1531832
0.12,1525891
0.12,1521540
0.13,1512515
0.13,1506044
0.13,1457113
0.14,1445042
0.14,1444569
0.15,1444140
0.15,1441619
0.16,1441228
0.16,1440545
0.16,1440018
0.17,1439587
0.17,1439041
0.17,1438564
0.17,1438349
0.18,1438052
0.18,1438041
0.18,1437883
0.18,1427040
0.18,1424949
0.18,1424874
0.19,1423551
0.19,1406911
0.19,1402159
0.20,1390200
0.20,1388196
0.20,1386819
0.20,1380366
0.20,1379077
0.21,1376105
0.21,1364208
0.22,1357806
0.22,1356636
0.22,1334718
0.23,1305243
0.24,1302741
0.25,1302357
0.25,1301758
0.27,1301217
0.27,1295048
0.27,1293409
0.28,1292602
0.32,1292602
0.35,1266106
0.37,1262307
0.38,1258317
0.39,1257987
0.40,1257266
0.40,1255203
0.43,1255093
0.46,1254979
0.58,1245432
0.58,1245308
0.58,1242063
2.85,1219398
2.87,1217432
4.76,1210376
4.78,1210234
4.80,1197430
4.82,1196623
6.83,1195288
6.85,1195133
6.86,1194708
6.88,1194338
6.90,1193864
16.21,1193448
16.22,1192268
16.22,1190181
16.22,1190177
16.23,1189432
16.24,1187287
20.49,1180344
32.33,1178325
32.36,1177219
188.25,1176357
188.28,1176151
