0.00,9716977
0.01,9446637
0.01,9172319
0.01,8913500
0.01,8842266
0.01,8726146
0.01,8655675
0.01,8652450
0.01,8631095
0.01,8631077
0.01,8619311
0.01,8618646
0.01,8594832
0.01,8586965
0.01,8543440
0.01,8539560
0.01,8539280
0.01,8525367
0.01,8422320
0.01,8230500
0.01,8222929
0.01,8210715
0.01,8196202
0.01,8113160
0.02,8111846
0.02,7949880
0.02,7765194
0.02,7760206
0.02,7743065
0.02,7743014
0.02,7591368
0.02,7483646
0.02,7475761
0.02,7474761
0.02,7457008
0.02,7456832
0.02,7434834
0.02,7383452
0.02,7360433
0.02,7337502
0.02,7308074
0.02,7304652
0.02,7013368
0.02,6998612
0.02,6987683
0.02,6951169
0.02,6944460
0.02,6888032
0.02,6883890
0.02,6766872
0.02,6671845
0.02,6664566
0.02,6604906
0.03,6548634
0.03,6526644
0.03,6519543
0.03,6507111
0.03,6501199
0.03,6495089
0.03,6484373
0.03,6483609
0.03,6258596
0.03,6247805
0.03,6220094
0.03,6215674
0.03,6079448
0.03,6072129
0.03,6055042
0.03,6044972
0.03,6043738
0.03,6032126
0.03,6027327
0.03,6001661
0.03,5969191
0.03,5968124
0.03,5933758
0.03,5919769
0.03,5871808
0.03,5837118
0.03,5836896
0.03,5794328
0.03,5729322
0.03,5649058
0.03,5590387
0.03,5477373
0.03,5412851
0.03,5401481
0.03,5134885
0.03,5119493
0.03,5118969
0.03,5083141
0.03,5080553
0.03,5062783
0.03,5055228
0.03,5012504
0.03,4978671
0.03,4978016
0.04,4976397
0.04,4840707
0.04,4759014
0.04,4742817
0.04,4735407
0.04,4714386
0.04,4709274
0.04,4662413
0.04,4659886
0.04,4544335
0.04,4487758
0.04,4456291
0.04,4455937
0.04,4404021
0.04,4390137
0.04,4389585
0.04,4389525
0.04,4318597
0.04,4305478
0.04,4300934
0.04,4275515
0.04,4260391
0.04,4244415
0.04,4195549
0.04,4185960
0.04,4162461
0.04,4161060
0.04,4140100
0.04,4109191
0.04,4108802
0.04,4107825
0.04,4099922
0.04,4097698
0.04,4097467
0.04,4090077
0.04,4080278
0.04,4074968
0.04,4071162
0.04,4057994
0.04,4057501
0.04,4023579
0.04,3976711
0.04,3972039
0.04,3913650
0.04,3913191
0.04,3898061
0.04,3898040
0.04,3878271
0.04,3874172
0.04,3873737
0.04,3868771
0.04,3856553
0.04,3854949
0.04,3853463
0.04,3850615
0.04,3848432
0.04,3836222
0.04,3825056
0.04,3803167
0.04,3797416
0.04,3785287
0.05,3740540
0.05,3725581
0.05,3715638
0.05,3697311
0.05,3697130
0.05,3695783
0.05,3654503
0.05,3652534
0.05,3645903
0.05,3645580
0.05,3644354
0.05,3639632
0.05,3601782
0.05,3596861
0.05,3560516
0.05,3558285
0.05,3519743
0.05,3483909
0.05,3478542
0.05,3473113
0.05,3472487
0.05,3469428
0.05,3464710
0.05,3367823
0.05,3334010
0.05,3331677
0.05,3323990
0.05,3315979
0.05,3309655
0.05,3309625
0.05,3298174
0.05,3279088
0.05,3274043
0.05,3271179
0.05,3265252
0.05,3256945
0.05,3192729
0.05,3162871
0.05,3146070
0.05,3129155
0.05,3124224
0.05,3102116
0.05,3097411
0.05,3068223
0.05,3068218
0.05,3031471
0.05,2952129
0.05,2948457
0.05,2944331
0.05,2943933
0.05,2916402
0.05,2853934
0.05,2846878
0.05,2846805
0.05,2841778
0.06,2839380
0.06,2790199
0.06,2740887
0.06,2735037
0.06,2729714
0.06,2727319
0.06,2712099
0.06,2690585
0.06,2673216
0.06,2603605
0.06,2596305
0.06,2594986
0.06,2594247
0.06,2589530
0.06,2581945
0.06,2579703
0.06,2577591
0.06,2569727
0.06,2560369
0.06,2560307
0.06,2558327
0.06,2558324
0.06,2523737
0.06,2523728
0.06,2510445
0.06,2505323
0.06,2504373
0.06,2473180
0.06,2461359
0.07,2460598
0.07,2459826
0.07,2452747
0.07,2402656
0.07,2399618
0.07,2394475
0.07,2372505
0.07,2370906
0.07,2369403
0.07,2360193
0.07,2263531
0.07,2261633
0.07,2225994
0.07,2225937
0.07,2221091
0.07,2218248
0.07,2201585
0.07,2141786
0.07,2140654
0.07,2135587
0.07,2132804
0.07,2081160
0.07,2080690
0.08,2080179
0.08,2069337
0.08,2066390
0.08,2033193
0.08,2032147
0.08,2031710
0.08,2021365
0.08,2017475
0.08,2004688
0.08,1938354
0.08,1918245
0.08,1913509
0.08,1911343
0.08,1905121
0.08,1889630
0.08,1889101
0.08,1887461
0.08,1886524
0.08,1885105
0.08,1881358
0.08,1807457
0.08,1807284
0.08,1806973
0.09,1766249
0.09,1761858
0.09,1761330
0.09,1757914
0.09,1746611
0.09,1744966
0.09,1743830
0.09,1743722
0.09,1743246
0.09,1737474
0.09,1722870
0.09,1722426
0.09,1721094
0.09,1719481
0.09,1708743
0.09,1708347
0.09,1680103
0.09,1679760
0.09,1678050
0.09,1633703
0.09,1552615
0.09,1552446
0.10,1538975
0.10,1538648
0.10,1508286
0.10,1495434
0.10,1490145
0.10,1479334
0.10,1476824
0.10,1476618
0.10,1475812
0.10,1475521
0.10,1475490
0.10,1474712
0.10,1473631
0.10,1473631
0.10,1472043
0.11,1467240
0.11,1463496
0.11,1442164
0.11,1442012
0.11,1437918
0.12,1437219
0.12,1435354
0.12,1435212
0.12,1435091
0.12,1424313
0.12,1407312
0.13,1406894
0.13,1404689
0.13,1403870
0.14,1398151
0.14,1392211
0.14,1381726
0.15,1381572
0.16,1362057
0.16,1357959
0.17,1352863
0.18,1352798
0.19,1350008
0.23,1346711
0.30,1326254
0.32,1324772
0.32,1324506
0.34,1317595
0.36,1308642
0.37,1307430
0.94,1306032
0.94,1305749
0.95,1301531
1.06,1300012
1.07,1299911
1.07,1299908
1.08,1298410
1.09,1298361
1.09,1296924
1.10,1296886
1.10,1296772
1.11,1296150
1.11,1294431
1.12,1294195
1.12,1293988
1.13,1292600
1.13,1292574
1.15,1292574
1.16,1292556
1.16,1291810
1.16,1291810
1.18,1290268
1.70,1280881
1.70,1280768
1.73,1278438
1.73,1277226
1.87,1272330
1.87,1264577
1.88,1263465
1.89,1260745
1.91,1260270
1.91,1244407
1.92,1244009
1.94,1241133
1.95,1241059
1.97,1239058
1.99,1236375
2.01,1235269
2.01,1235269
2.17,1230553
2.18,1230542
2.53,1216308
2.53,1206781
2.53,1204377
2.55,1202725
3.55,1202287
3.55,1202287
3.57,1201663
3.57,1200633
3.59,1192787
30.32,1183349
30.34,1181383
30.35,1178956
56.43,1177266
115.90,1177163
444.68,1176569
