0.00,9811143
0.01,9734334
0.01,9658658
0.01,9658549
0.01,9570061
0.01,9530540
0.01,9515058
0.01,9477405
0.01,9470787
0.01,9470685
0.01,9423557
0.01,9417386
0.01,9405645
0.01,9375426
0.01,9356733
0.01,9203474
0.01,9175627
0.01,9166321
0.01,8956584
0.01,8954099
0.01,8857170
0.01,8807040
0.01,8736985
0.01,8734530
0.01,8705651
0.01,8702039
0.01,8700737
0.02,8687956
0.02,8618621
0.02,8531737
0.02,8509542
0.02,8376654
0.02,8373874
0.02,8371959
0.02,8177858
0.02,8163847
0.02,8081530
0.02,7999128
0.02,7984894
0.02,7981013
0.02,7962600
0.02,7959740
0.02,7926942
0.02,7669517
0.02,7668048
0.02,7667904
0.02,7632047
0.02,7613289
0.02,7612116
0.02,7600799
0.02,7592774
0.02,7589270
0.02,7577554
0.02,7519500
0.02,7493809
0.02,7489277
0.03,7445255
0.03,7440961
0.03,7436154
0.03,7409749
0.03,7381295
0.03,7275090
0.03,7182760
0.03,7176248
0.03,7136714
0.03,7133432
0.03,7062720
0.03,7039883
0.03,7016228
0.03,6989428
0.03,6962605
0.03,6957154
0.03,6922872
0.03,6919632
0.03,6800734
0.03,6652419
0.03,6652397
0.03,6650827
0.03,6647828
0.03,6614852
0.03,6614375
0.03,6571364
0.03,6564377
0.03,6543462
0.03,6472530
0.03,6361212
0.03,6351739
0.03,6351027
0.03,6341996
0.03,6338958
0.03,6330853
0.03,6312632
0.03,6281404
0.03,6133691
0.03,6062007
0.03,6051980
0.03,6041675
0.04,6041591
0.04,5992841
0.04,5992799
0.04,5889592
0.04,5880014
0.04,5843337
0.04,5843228
0.04,5707459
0.04,5697725
0.04,5684790
0.04,5664588
0.04,5614770
0.04,5614454
0.04,5613229
0.04,5607196
0.04,5604991
0.04,5541883
0.04,5540247
0.04,5457167
0.04,5450509
0.04,5387177
0.04,5380794
0.04,5331098
0.04,5317860
0.04,5310923
0.04,5309961
0.04,5308934
0.04,5306500
0.04,5294800
0.04,5234452
0.04,5228230
0.04,5225122
0.04,5169122
0.04,5168804
0.04,5120942
0.04,5070594
0.04,5056512
0.04,5049700
0.04,5049566
0.04,4970517
0.04,4967428
0.04,4966517
0.04,4965813
0.04,4943651
0.04,4933091
0.04,4931692
0.04,4921791
0.04,4921046
0.04,4861436
0.04,4857908
0.04,4851323
0.04,4815742
0.04,4688223
0.04,4666408
0.04,4664160
0.04,4562987
0.04,4562511
0.04,4556863
0.04,4508173
0.04,4495346
0.04,4484971
0.04,4483666
0.04,4480587
0.05,4479477
0.05,4441927
0.05,4440795
0.05,4440178
0.05,4434649
0.05,4430021
0.05,4417451
0.05,4375655
0.05,4375613
0.05,4339000
0.05,4322657
0.05,4219877
0.05,4206098
0.05,4199576
0.05,4194998
0.05,4191330
0.05,4154253
0.05,4151842
0.05,4151812
0.05,4119685
0.05,4110642
0.05,4109971
0.05,4107748
0.05,4102745
0.05,4091978
0.05,4090213
0.05,4060261
0.05,4054433
0.05,4043608
0.05,4039862
0.05,4005740
0.05,3970612
0.05,3924799
0.05,3924436
0.05,3918599
0.05,3886816
0.05,3881049
0.05,3873748
0.05,3819441
0.06,3684995
0.06,3677434
0.06,3674300
0.06,3672730
0.06,3564363
0.06,3524103
0.06,3508959
0.06,3498142
0.06,3446015
0.06,3443476
0.06,3379608
0.06,3376639
0.06,3375206
0.06,3375110
0.06,3371502
0.06,3351304
0.06,3329542
0.06,3307250
0.06,3305348
0.06,3297970
0.06,3282208
0.06,3281545
0.06,3261177
0.06,3257743
0.06,3254426
0.06,3236345
0.06,3235441
0.06,3214095
0.06,3187295
0.06,3169155
0.07,3167398
0.07,3165975
0.07,3132089
0.07,3129507
0.07,3118664
0.07,3046466
0.07,3045555
0.07,3040461
0.07,3039422
0.07,3032785
0.07,3028230
0.07,3027094
0.07,3022940
0.07,3014583
0.07,2951170
0.07,2947294
0.07,2945406
0.07,2931377
0.07,2899160
0.07,2893760
0.07,2883932
0.07,2882583
0.08,2851695
0.08,2848814
0.08,2799876
0.08,2796337
0.08,2787490
0.08,2786652
0.08,2786028
0.08,2780276
0.08,2764730
0.08,2758498
0.08,2757945
0.08,2685034
0.08,2650366
0.08,2630624
0.08,2627682
0.08,2623731
0.08,2604194
0.08,2601863
0.08,2599359
0.08,2595766
0.08,2577762
0.08,2518147
0.08,2501347
0.08,2500863
0.08,2403138
0.08,2398734
0.08,2393065
0.09,2393053
0.09,2368983
0.09,2358535
0.09,2354061
0.09,2351695
0.09,2341794
0.09,2341743
0.09,2339368
0.09,2325345
0.09,2315894
0.09,2305311
0.09,2304839
0.09,2303431
0.09,2289255
0.09,2287544
0.09,2239888
0.09,2239478
0.09,2198510
0.09,2194906
0.09,2191975
0.09,2188813
0.09,2148819
0.09,2144852
0.09,2124586
0.09,2114740
0.09,2110441
0.09,2093411
0.09,2088708
0.09,2072784
0.09,2050894
0.09,2034027
0.09,2033780
0.10,1999359
0.10,1996569
0.10,1995142
0.10,1991265
0.10,1990323
0.10,1984598
0.10,1981857
0.10,1976635
0.10,1974110
0.10,1955534
0.10,1951228
0.10,1925768
0.10,1915677
0.10,1912381
0.10,1911287
0.10,1850081
0.10,1847340
0.10,1846325
0.10,1842558
0.10,1840394
0.10,1834016
0.10,1830148
0.11,1826662
0.11,1815474
0.11,1810584
0.11,1810272
0.11,1807645
0.11,1803493
0.11,1795310
0.11,1781222
0.11,1770444
0.11,1770399
0.11,1769597
0.11,1752702
0.11,1747545
0.11,1739303
0.11,1739024
0.12,1738918
0.12,1736318
0.12,1731336
0.12,1727591
0.12,1723943
0.12,1708348
0.12,1707794
0.12,1693932
0.12,1693777
0.12,1671974
0.12,1669662
0.12,1669592
0.12,1667615
0.13,1647102
0.13,1646650
0.13,1645534
0.13,1588728
0.13,1587352
0.13,1567870
0.13,1567870
0.13,1564470
0.13,1562424
0.13,1561824
0.14,1559319
0.14,1559293
0.15,1550875
0.15,1548222
0.15,1547891
0.15,1543386
0.16,1542697
0.16,1494097
0.16,1493781
0.16,1493356
0.16,1493055
0.16,1492900
0.17,1490581
0.17,1484947
0.17,1469022
0.17,1459910
0.18,1459326
0.18,1459245
0.18,1458356
0.19,1438054
0.19,1436576
0.19,1436392
0.19,1436016
0.19,1435391
0.19,1431936
0.19,1431129
0.20,1430921
0.20,1430799
0.20,1428860
0.20,1426984
0.21,1421813
0.21,1409025
0.21,1408772
0.21,1408323
0.22,1408216
0.23,1405789
0.23,1404918
0.23,1396931
0.23,1394141
0.23,1394063
0.23,1389373
0.24,1388377
0.24,1387896
0.25,1386132
0.25,1370124
0.25,1368070
0.25,1364085
0.25,1359283
0.26,1353515
0.31,1347602
0.35,1346978
0.50,1327934
0.51,1323374
0.52,1323371
0.52,1311200
0.52,1310701
0.54,1309873
0.55,1308505
0.56,1308472
0.56,1308406
0.60,1308153
0.65,1308149
0.65,1307821
0.74,1307245
0.74,1304102
0.75,1303917
0.75,1291812
0.76,1291363
0.77,1289699
0.77,1282787
0.78,1282258
0.81,1282021
0.83,1282021
1.16,1272002
1.16,1270137
1.16,1266743
1.17,1265991
1.17,1265055
1.17,1263703
1.17,1262867
1.18,1261493
1.18,1259670
1.19,1257394
1.19,1256365
1.24,1256197
1.24,1251288
1.24,1239881
1.26,1239800
1.26,1238248
1.29,1233481
1.29,1232865
1.29,1231133
1.29,1230535
1.29,1230505
1.29,1230437
1.30,1229800
1.30,1229510
1.30,1229468
1.30,1228018
1.31,1227787
1.33,1227689
1.33,1227640
1.34,1226269
1.35,1223661
1.43,1221677
1.46,1221136
1.57,1215885
1.57,1215561
1.57,1214863
1.57,1214595
1.60,1214451
1.61,1213952
1.62,1211866
1.64,1210635
1.66,1210336
1.68,1210266
1.72,1209120
13.15,1208098
13.16,1205724
13.17,1204986
16.04,1204172
16.05,1202371
16.08,1183451
16.08,1181485
16.12,1179340
51.01,1178444
51.03,1178268
51.19,1177991
51.19,1177584
62.83,1177439
94.67,1176479
94.68,1176273
300.73,1176273
466.59,1176151
