0.00,9784634
0.01,9737107
0.01,9727220
0.01,9726888
0.01,9604689
0.01,9589684
0.01,9432381
0.01,9376907
0.01,9361872
0.01,9240308
0.01,9235643
0.01,9223539
0.01,9189693
0.01,9106651
0.01,9105500
0.01,9091657
0.01,9010203
0.01,9008840
0.01,8969408
0.01,8953566
0.01,8951349
0.01,8913848
0.01,8865412
0.01,8820919
0.01,8813529
0.01,8812818
0.01,8776357
0.01,8775230
0.01,8773708
0.01,8773175
0.01,8752081
0.01,8667672
0.02,8620065
0.02,8618112
0.02,8579996
0.02,8575683
0.02,8544796
0.02,8519191
0.02,8513971
0.02,8509871
0.02,8496788
0.02,8435319
0.02,8407115
0.02,8349404
0.02,8348630
0.02,8348176
0.02,8338458
0.02,8334644
0.02,8218704
0.02,8215200
0.02,8199412
0.02,8110915
0.02,8090163
0.02,8052053
0.02,8051215
0.02,8034511
0.02,8032243
0.02,8030912
0.02,8027950
0.02,7998761
0.02,7998599
0.03,7854566
0.03,7714849
0.03,7561052
0.03,7560261
0.03,7471630
0.03,7470127
0.03,7464786
0.03,7419570
0.03,7412786
0.03,7358377
0.03,7355010
0.03,7287019
0.03,7280469
0.03,7237287
0.03,7134151
0.03,7133823
0.03,7132942
0.03,7123322
0.03,7075264
0.03,7045941
0.03,6986431
0.03,6979754
0.03,6936330
0.03,6933129
0.03,6921613
0.03,6908291
0.03,6800291
0.04,6772387
0.04,6749172
0.04,6737217
0.04,6704508
0.04,6679815
0.04,6664983
0.04,6664820
0.04,6662368
0.04,6636605
0.04,6633792
0.04,6592766
0.04,6520862
0.04,6511649
0.04,6509359
0.04,6505805
0.04,6491887
0.04,6368813
0.04,6278988
0.04,6268018
0.04,6218531
0.04,6213797
0.04,6211413
0.04,6201976
0.04,6197975
0.04,6179362
0.04,6172459
0.04,6168379
0.04,6165272
0.04,6163931
0.04,6051117
0.04,6032714
0.04,5977455
0.04,5827070
0.04,5826050
0.04,5819686
0.04,5706426
0.04,5696820
0.04,5661201
0.04,5661130
0.04,5660676
0.04,5564513
0.04,5377995
0.04,5348692
0.04,5329572
0.04,5309533
0.04,5308939
0.04,5248159
0.04,5243098
0.04,5240731
0.04,5171552
0.04,5115887
0.04,5115373
0.04,5028335
0.04,4990966
0.04,4976999
0.04,4974203
0.04,4921408
0.04,4911254
0.04,4908864
0.04,4900835
0.04,4854166
0.04,4837797
0.04,4807797
0.05,4802452
0.05,4790530
0.05,4703017
0.05,4663184
0.05,4662075
0.05,4624838
0.05,4616896
0.05,4598902
0.05,4574436
0.05,4573162
0.05,4515476
0.05,4511144
0.05,4500566
0.05,4497529
0.05,4482110
0.05,4481943
0.05,4479703
0.05,4429968
0.05,4414854
0.05,4401701
0.05,4383855
0.05,4382985
0.05,4332574
0.05,4330260
0.05,4329655
0.05,4313810
0.05,4279300
0.05,4263494
0.05,4261082
0.05,4259408
0.05,4195113
0.05,4194416
0.05,4185416
0.05,4181339
0.05,4171045
0.05,4165064
0.05,4165028
0.05,4161840
0.05,4113208
0.05,4110493
0.05,4037763
0.05,3993158
0.05,3991357
0.05,3989732
0.05,3987013
0.05,3969266
0.05,3963850
0.05,3962226
0.05,3947928
0.05,3945336
0.05,3938983
0.05,3922270
0.05,3903694
0.05,3844703
0.05,3844562
0.05,3838801
0.05,3836943
0.05,3812102
0.05,3794841
0.05,3751711
0.05,3750134
0.05,3721799
0.05,3707339
0.05,3702708
0.05,3694253
0.05,3686269
0.05,3685026
0.05,3684273
0.05,3665929
0.05,3610336
0.06,3610002
0.06,3603530
0.06,3602666
0.06,3592355
0.06,3592227
0.06,3591869
0.06,3590860
0.06,3587017
0.06,3584196
0.06,3561041
0.06,3549501
0.06,3548981
0.06,3548919
0.06,3470720
0.06,3469936
0.06,3434333
0.06,3432954
0.06,3426143
0.06,3424961
0.06,3385870
0.06,3383424
0.06,3376745
0.06,3375902
0.06,3351506
0.06,3339552
0.06,3339505
0.06,3338499
0.06,3331565
0.06,3289601
0.06,3287013
0.06,3279908
0.06,3257653
0.06,3251048
0.06,3246182
0.06,3244635
0.06,3217079
0.06,3216293
0.06,3187425
0.06,3157757
0.06,3156976
0.07,3154879
0.07,3153629
0.07,3145752
0.07,3144796
0.07,3143701
0.07,3121370
0.07,3106848
0.07,3072730
0.07,3057375
0.07,3010963
0.07,3003956
0.07,2969550
0.07,2926789
0.07,2926395
0.07,2925085
0.07,2923949
0.07,2918121
0.07,2913989
0.07,2910432
0.07,2909928
0.07,2868863
0.07,2860408
0.07,2859342
0.07,2858821
0.07,2809771
0.07,2804875
0.07,2772418
0.07,2769024
0.07,2765198
0.07,2764774
0.07,2759722
0.07,2757262
0.07,2735835
0.07,2726929
0.07,2726018
0.07,2625438
0.07,2624087
0.07,2623389
0.07,2618159
0.07,2617362
0.07,2613262
0.07,2588078
0.07,2561656
0.07,2544400
0.07,2543982
0.07,2531706
0.07,2519865
0.07,2519587
0.08,2509181
0.08,2493416
0.08,2491732
0.08,2487083
0.08,2430009
0.08,2414359
0.08,2406238
0.08,2355522
0.08,2348018
0.08,2325303
0.08,2315331
0.08,2309988
0.08,2304777
0.08,2302032
0.08,2290355
0.08,2241066
0.08,2195900
0.08,2195255
0.08,2195047
0.08,2190700
0.08,2189093
0.08,2188069
0.08,2186694
0.08,2176684
0.08,2125639
0.08,2111970
0.08,2106985
0.08,2106958
0.09,2104552
0.09,2102294
0.09,2101362
0.09,2100220
0.09,2099921
0.09,2090339
0.09,2085929
0.09,2085859
0.09,2083827
0.09,2080377
0.09,2079189
0.09,2078808
0.09,2078524
0.09,2078500
0.09,2077986
0.09,2008586
0.09,2008271
0.09,1931774
0.09,1925853
0.09,1918044
0.09,1908211
0.09,1884661
0.09,1881056
0.09,1875482
0.09,1865316
0.09,1865210
0.09,1864170
0.10,1859377
0.10,1859374
0.10,1856558
0.10,1856473
0.10,1852312
0.10,1852217
0.10,1786982
0.10,1780214
0.10,1779184
0.10,1778163
0.10,1753213
0.10,1751100
0.10,1746259
0.10,1744015
0.10,1743900
0.11,1743425
0.11,1725717
0.11,1725590
0.11,1705054
0.11,1702874
0.11,1692005
0.11,1685648
0.12,1685556
0.12,1679919
0.12,1660954
0.12,1660954
0.12,1640922
0.12,1613861
0.12,1613025
0.12,1588113
0.13,1583842
0.13,1583723
0.13,1581649
0.13,1571573
0.14,1571100
0.14,1564340
0.14,1557868
0.14,1553075
0.14,1550166
0.14,1500527
0.14,1498406
0.15,1497821
0.15,1497017
0.15,1483541
0.15,1483334
0.15,1483295
0.15,1482813
0.15,1480273
0.15,1478920
0.15,1478893
0.15,1477725
0.16,1470809
0.16,1460249
0.16,1456455
0.16,1455904
0.16,1450466
0.16,1448037
0.17,1442404
0.17,1442294
0.17,1417344
0.17,1411511
0.17,1410101
0.17,1407324
0.19,1403437
0.19,1403295
0.20,1399509
0.20,1375267
0.21,1374368
0.21,1373373
0.21,1365262
0.22,1343337
0.24,1329303
0.25,1328914
0.26,1326142
0.26,1316292
0.30,1300550
0.42,1288535
0.42,1285429
0.44,1273851
0.44,1271013
0.45,1266794
0.48,1266165
0.58,1263708
0.59,1263656
0.60,1263314
0.61,1262780
0.61,1261793
0.65,1261264
0.87,1253293
0.87,1252486
0.88,1244371
0.99,1238917
1.00,1236624
1.01,1225151
1.01,1204553
1.31,1204095
1.47,1203774
1.54,1194977
1.57,1189107
1.58,1189107
17.95,1184789
17.95,1182823
39.72,1181726
39.73,1181651
39.73,1181221
39.74,1180698
39.77,1180594
39.80,1180004
39.80,1179587
39.80,1179313
39.83,1178808
39.84,1178032
39.84,1177688
87.37,1176569
265.05,1176211
