0.06,9975379
0.07,9958814
0.07,9957125
0.07,9951434
0.07,9944842
0.07,9943874
0.07,9935441
0.07,9908901
0.07,9905162
0.07,9894639
0.07,9824932
0.07,9811842
0.07,9767468
0.07,9767407
0.07,9647419
0.07,9569140
0.07,9459459
0.07,9454924
0.07,9453698
0.08,9376150
0.08,9340699
0.08,9294623
0.08,9285526
0.08,9221074
0.08,9212862
0.08,9090174
0.08,9058495
0.08,8813797
0.08,8741145
0.08,8740274
0.08,8667660
0.08,8661146
0.08,8660099
0.08,8523643
0.08,8472292
0.08,8340830
0.08,8340432
0.08,8278799
0.08,8276063
0.08,8196532
0.08,8115018
0.08,8113324
0.08,8086241
0.08,8076326
0.08,7962017
0.09,7955511
0.09,7950228
0.09,7812082
0.09,7789671
0.09,7773999
0.09,7767893
0.09,7739266
0.09,7738699
0.09,7692423
0.09,7640229
0.09,7597782
0.09,7569868
0.09,7525719
0.09,7521966
0.09,7478996
0.09,7442474
0.09,7442436
0.09,7163181
0.09,7157057
0.09,7154367
0.09,7118001
0.09,7116802
0.09,6779036
0.09,6775984
0.09,6722758
0.09,6678654
0.09,6671862
0.09,6565780
0.09,6487847
0.09,6321954
0.09,6319184
0.09,6306278
0.09,6278553
0.09,6136606
0.09,6117886
0.09,5936091
0.09,5842777
0.09,5823715
0.09,5806728
0.09,5767527
0.09,5751255
0.09,5746866
0.09,5719395
0.09,5686246
0.09,5643845
0.09,5570628
0.10,5553180
0.10,5525843
0.10,5483315
0.10,5477341
0.10,5476471
0.10,5455005
0.10,5356725
0.10,5355931
0.10,5320131
0.10,5318583
0.10,5201711
0.10,5176353
0.10,5175458
0.10,5163742
0.10,5060571
0.10,5059156
0.10,5056918
0.10,5030366
0.10,4792285
0.10,4745375
0.10,4743068
0.10,4742052
0.10,4723702
0.10,4694463
0.10,4664736
0.10,4606835
0.10,4605983
0.10,4567029
0.10,4563229
0.10,4534143
0.10,4532834
0.10,4514185
0.10,4430152
0.10,4414373
0.10,4396631
0.10,4393375
0.10,4307297
0.10,4294450
0.10,4289348
0.10,4289106
0.10,4288460
0.10,4259553
0.10,4248793
0.10,4244215
0.10,4220555
0.10,4207598
0.10,4204049
0.10,4203800
0.10,4202424
0.10,4185656
0.10,4156069
0.10,4153451
0.10,4150432
0.11,4133726
0.11,4088534
0.11,4085117
0.11,4082601
0.11,4081676
0.11,4078992
0.11,4077443
0.11,4073471
0.11,4068338
0.11,4059046
0.11,4048437
0.11,4041136
0.11,4014473
0.11,3976842
0.11,3923999
0.11,3922554
0.11,3912299
0.11,3893395
0.11,3891186
0.11,3877902
0.11,3843508
0.11,3838026
0.11,3828207
0.11,3810191
0.11,3802015
0.11,3801825
0.11,3801761
0.11,3798409
0.11,3796604
0.11,3787582
0.11,3784077
0.11,3782482
0.11,3770186
0.11,3722345
0.11,3670797
0.11,3641506
0.11,3637778
0.11,3624774
0.11,3515358
0.11,3514526
0.11,3513721
0.11,3491843
0.11,3490970
0.11,3454572
0.11,3451176
0.11,3410922
0.11,3409934
0.11,3409862
0.12,3405291
0.12,3401639
0.12,3400771
0.12,3385138
0.12,3384819
0.12,3382862
0.12,3335474
0.12,3258085
0.12,3257785
0.12,3233375
0.12,3232624
0.12,3229947
0.12,3212634
0.12,3193809
0.12,3192929
0.12,3170976
0.12,3167270
0.12,3132370
0.12,3132151
0.12,3118060
0.12,3107276
0.12,3071013
0.12,3070967
0.12,3055677
0.12,3045049
0.12,3014831
0.12,3014359
0.12,3013355
0.12,2967347
0.12,2957361
0.12,2957290
0.12,2930329
0.12,2930010
0.12,2911629
0.13,2908114
0.13,2906855
0.13,2900004
0.13,2899629
0.13,2899543
0.13,2897993
0.13,2897297
0.13,2879944
0.13,2875518
0.13,2872481
0.13,2857795
0.13,2844428
0.13,2843804
0.13,2827105
0.13,2824697
0.13,2801726
0.13,2784189
0.13,2759490
0.13,2705528
0.13,2702979
0.13,2698375
0.13,2695796
0.13,2686403
0.13,2685712
0.13,2592972
0.13,2592630
0.13,2585564
0.13,2573453
0.13,2549989
0.13,2549411
0.13,2543910
0.13,2533847
0.13,2529683
0.13,2527314
0.13,2522918
0.14,2513763
0.14,2505188
0.14,2486636
0.14,2484352
0.14,2479133
0.14,2477800
0.14,2477050
0.14,2476591
0.14,2467545
0.14,2466135
0.14,2459772
0.14,2459370
0.14,2438755
0.14,2434905
0.14,2432185
0.14,2430808
0.14,2421943
0.14,2420232
0.14,2404144
0.14,2403745
0.14,2401017
0.14,2383437
0.15,2363536
0.15,2359622
0.15,2354009
0.15,2340842
0.15,2340023
0.15,2303979
0.15,2300482
0.15,2300138
0.15,2244001
0.15,2243345
0.15,2235092
0.15,2233822
0.15,2233676
0.15,2233504
0.15,2232818
0.15,2229014
0.15,2215636
0.15,2213746
0.15,2208482
0.15,2189449
0.15,2188557
0.15,2162042
0.15,2158229
0.15,2152712
0.15,2152099
0.15,2145893
0.15,2145803
0.15,2130823
0.18,2120405
0.18,2116439
0.18,2114823
0.18,2079995
0.18,2078157
0.18,2075258
0.18,2014321
0.18,1957303
0.18,1952284
0.18,1948234
0.18,1945376
0.18,1944848
0.18,1944444
0.18,1927936
0.18,1925840
0.19,1918934
0.19,1907505
0.19,1901612
0.19,1900168
0.19,1894228
0.19,1882452
0.19,1865554
0.19,1864710
0.19,1862973
0.19,1857348
0.19,1834215
0.19,1830915
0.19,1824176
0.19,1823353
0.19,1819521
0.19,1814601
0.19,1795932
0.21,1777505
0.21,1776156
0.21,1773940
0.21,1770163
0.21,1766062
0.21,1765937
0.21,1758326
0.21,1756141
0.21,1755840
0.21,1755840
0.21,1744502
0.21,1730086
0.22,1728978
0.24,1728523
0.24,1713096
0.24,1712047
0.24,1711718
0.25,1705757
0.25,1703303
0.25,1690334
0.25,1689177
0.25,1689097
0.26,1689039
0.26,1685286
0.26,1668922
0.26,1668403
0.26,1666733
0.27,1652446
0.27,1639128
0.27,1631630
0.27,1628785
0.27,1626865
0.27,1619849
0.27,1605858
0.27,1605616
0.27,1599806
0.27,1585922
0.27,1578147
0.27,1569824
0.27,1569337
1.73,1555186
1.76,1554895
1.76,1543190
1.76,1537991
1.76,1533296
1.76,1533151
1.76,1522643
1.76,1512439
1.76,1510421
2.31,1501852
2.31,1501658
2.31,1501615
2.31,1495890
2.31,1495275
2.31,1493516
2.31,1492876
2.31,1491787
2.31,1471084
2.31,1467898
2.32,1452159
2.32,1446373
2.32,1441170
2.62,1436339
2.62,1436205
3.28,1434975
3.28,1430264
3.28,1427520
3.28,1426713
3.28,1425626
3.28,1423313
3.28,1418698
3.39,1412765
3.49,1407739
3.49,1406781
3.82,1406190
3.82,1402919
3.82,1399975
3.85,1396312
4.10,1395261
4.10,1394263
4.10,1392059
4.18,1386811
4.19,1385885
4.19,1380225
4.19,1370700
4.19,1366514
4.19,1365711
4.19,1365560
4.19,1360382
4.20,1359298
4.20,1359024
4.20,1356006
4.20,1354786
4.32,1350602
4.32,1349647
4.32,1348716
4.32,1345087
4.32,1338777
4.32,1334336
4.32,1326690
4.32,1316920
4.38,1316356
4.38,1312853
4.39,1310554
4.53,1306472
4.54,1303211
4.71,1300102
4.72,1293275
6.08,1286407
6.10,1286142
6.10,1286083
6.10,1284893
6.17,1282826
6.17,1281070
6.17,1278778
6.18,1276745
6.18,1275861
6.18,1273049
6.18,1269742
6.18,1266786
6.18,1266014
6.21,1262124
6.21,1261841
6.22,1260056
6.22,1260052
6.22,1249625
6.22,1245150
6.22,1243601
6.22,1242255
7.44,1241177
7.44,1240156
7.48,1238915
7.59,1235951
7.59,1233234
7.59,1230974
7.59,1228516
7.59,1228201
7.59,1221964
9.06,1221344
9.27,1221150
9.27,1218104
9.39,1216307
10.07,1214948
10.07,1214552
10.07,1212600
10.07,1212126
10.07,1211909
11.55,1209791
11.56,1208304
11.56,1206773
11.56,1205938
11.56,1205737
11.56,1205318
11.56,1204654
12.16,1201935
12.16,1198713
12.16,1198023
12.16,1196054
12.17,1195914
12.24,1194492
12.44,1193856
12.47,1193571
12.79,1193545
12.80,1193500
12.80,1191359
12.80,1190178
13.08,1189463
13.84,1189312
13.84,1188873
13.84,1188323
13.84,1187966
15.02,1187872
15.82,1185405
15.98,1182472
17.44,1182361
17.53,1182073
17.53,1181341
17.60,1181064
17.60,1180568
18.09,1180403
18.09,1179850
18.09,1178965
18.64,1178475
20.06,1178429
20.72,1178309
20.73,1178287
20.73,1178070
20.73,1177571
21.62,1177021
22.43,1176708
22.44,1176593
24.33,1176534
24.34,1176420
24.81,1176276
25.51,1176216
25.87,1176151
