0.00,9679238
0.01,9673901
0.01,9642821
0.01,9617295
0.01,9470670
0.01,9453328
0.01,9383446
0.01,9381531
0.01,9361579
0.01,9252422
0.01,9204896
0.01,9195102
0.01,9184735
0.01,9062704
0.01,9043247
0.01,8805886
0.01,8661276
0.01,8639012
0.01,8630325
0.01,8615453
0.01,8613489
0.01,8606881
0.02,8596809
0.02,8594897
0.02,8512142
0.02,8491393
0.02,8491255
0.02,8490832
0.02,8365796
0.02,8361553
0.02,8321430
0.02,8259338
0.02,8237562
0.02,8210189
0.02,8198831
0.02,8171599
0.02,8158678
0.02,8123572
0.02,8109718
0.02,8105011
0.02,8011890
0.02,7992419
0.02,7929024
0.02,7910071
0.02,7876547
0.03,7656685
0.03,7650740
0.03,7586614
0.03,7581095
0.03,7578446
0.03,7577214
0.03,7511578
0.03,7478826
0.04,7413502
0.04,7365488
0.04,7271590
0.04,7010843
0.04,6944179
0.05,6910967
0.05,6907186
0.05,6906608
0.05,6893114
0.05,6873767
0.05,6862280
0.05,6834901
0.05,6645686
0.05,6638641
0.05,6626632
0.05,6591839
0.05,6573659
0.05,6557799
0.05,6556272
0.05,6546470
0.05,6533259
0.05,6474457
0.05,6454034
0.05,6424683
0.05,6423334
0.05,6418693
0.05,6409104
0.05,6392581
0.05,6391164
0.05,6371579
0.05,6237692
0.05,6234057
0.05,6210948
0.05,6208855
0.05,6206986
0.05,6206872
0.05,6198605
0.05,6198586
0.05,6176955
0.05,6171121
0.05,6166276
0.05,6064805
0.05,6047075
0.05,6022595
0.05,6017475
0.05,5993222
0.05,5956734
0.05,5910431
0.05,5869460
0.05,5863481
0.05,5837450
0.05,5834240
0.05,5817183
0.05,5812605
0.05,5766539
0.05,5750057
0.05,5730338
0.05,5719764
0.06,5710466
0.06,5707331
0.06,5687263
0.06,5686800
0.06,5673766
0.06,5670331
0.06,5657465
0.06,5588545
0.06,5482989
0.06,5377661
0.06,5311291
0.06,5309212
0.06,5268116
0.06,5267481
0.06,5264746
0.06,5263831
0.06,5260793
0.06,5160569
0.06,5157785
0.06,5117122
0.06,5096557
0.06,5095516
0.06,5078874
0.06,5069481
0.06,5054210
0.06,5035444
0.06,4977626
0.06,4972622
0.06,4970931
0.06,4934145
0.06,4932603
0.06,4918952
0.06,4866074
0.06,4832960
0.06,4705578
0.06,4513086
0.06,4497919
0.06,4497669
0.06,4474254
0.06,4472614
0.06,4470970
0.06,4442208
0.06,4373872
0.06,4336954
0.06,4336511
0.06,4304912
0.06,4218628
0.06,4209461
0.06,4205278
0.06,4201891
0.06,4193874
0.06,4187123
0.06,4123751
0.06,4121367
0.07,4117482
0.07,4113585
0.07,4106654
0.07,4077355
0.07,4075444
0.07,4052913
0.07,4047021
0.07,4031002
0.07,4026920
0.07,3986003
0.07,3983958
0.07,3983339
0.07,3979265
0.07,3963764
0.07,3930679
0.07,3918768
0.07,3890678
0.07,3885651
0.07,3884719
0.07,3884596
0.07,3826785
0.07,3777597
0.07,3760142
0.07,3717688
0.07,3667803
0.07,3667300
0.07,3661819
0.07,3661482
0.07,3657692
0.07,3656961
0.07,3656618
0.07,3644037
0.07,3642884
0.07,3642729
0.07,3616850
0.07,3610649
0.07,3609689
0.07,3599343
0.07,3577634
0.07,3575701
0.07,3553179
0.07,3489574
0.07,3489386
0.08,3475539
0.08,3460615
0.08,3383085
0.08,3382203
0.08,3289254
0.08,3289175
0.08,3283460
0.08,3279255
0.08,3269804
0.08,3245769
0.08,3219590
0.08,3219363
0.08,3218432
0.08,3202748
0.08,3202362
0.08,3102780
0.08,3101414
0.08,3098007
0.08,3081136
0.08,3011734
0.08,3002566
0.08,2983849
0.08,2980571
0.08,2979794
0.08,2963335
0.08,2962766
0.08,2961948
0.08,2961780
0.09,2961128
0.09,2956556
0.09,2949951
0.09,2880163
0.09,2848718
0.09,2848691
0.09,2848419
0.09,2836859
0.09,2829318
0.09,2816759
0.09,2802597
0.09,2784386
0.09,2781647
0.09,2735901
0.09,2734754
0.09,2706303
0.09,2705220
0.09,2703060
0.09,2688795
0.09,2688414
0.09,2612887
0.10,2612623
0.10,2605893
0.10,2549015
0.10,2526110
0.10,2520021
0.10,2454245
0.10,2453111
0.10,2450824
0.10,2450210
0.10,2397611
0.10,2396772
0.10,2396310
0.11,2382517
0.11,2379031
0.11,2368928
0.11,2367586
0.11,2364490
0.11,2356139
0.11,2355478
0.11,2342868
0.11,2339994
0.11,2339696
0.11,2334451
0.11,2324063
0.11,2321962
0.11,2307319
0.11,2296844
0.11,2296469
0.12,2281357
0.12,2273077
0.12,2269134
0.12,2266067
0.12,2263264
0.12,2261583
0.12,2261353
0.12,2261144
0.12,2255107
0.12,2215279
0.12,2214783
0.12,2209201
0.12,2187640
0.12,2181964
0.12,2172954
0.12,2165059
0.12,2164845
0.13,2144660
0.13,2138869
0.13,2128642
0.13,2121438
0.13,2115382
0.13,2095833
0.13,2059763
0.13,2053685
0.13,2053518
0.13,2048388
0.13,2047520
0.13,2046676
0.13,2035993
0.13,2027514
0.13,2023586
0.13,2009006
0.13,2008275
0.13,2007509
0.13,2005034
0.13,2004196
0.13,2002680
0.13,1981501
0.13,1980445
0.13,1943684
0.14,1943558
0.14,1941355
0.14,1903580
0.14,1901435
0.14,1899818
0.14,1899178
0.14,1890356
0.14,1888622
0.14,1888452
0.14,1884808
0.14,1883884
0.15,1877502
0.15,1877009
0.15,1876799
0.15,1873622
0.15,1867593
0.15,1863469
0.15,1862363
0.15,1862300
0.15,1854924
0.15,1852330
0.15,1845149
0.15,1799874
0.15,1796962
0.15,1779178
0.16,1778904
0.16,1768936
0.16,1759831
0.16,1714331
0.16,1713237
0.17,1707952
0.17,1707243
0.17,1701303
0.17,1701233
0.17,1700894
0.18,1691626
0.18,1673286
0.18,1673080
0.18,1670750
0.18,1670709
0.18,1665625
0.18,1655493
0.19,1653654
0.19,1652884
0.19,1647014
0.19,1646553
0.19,1643380
0.20,1639538
0.20,1639061
0.20,1635984
0.21,1635660
0.21,1614715
0.21,1607218
0.21,1600410
0.22,1599993
0.22,1599555
0.22,1588058
0.22,1586976
0.22,1570463
0.23,1565934
0.23,1556654
0.23,1556281
0.23,1550156
0.23,1547730
0.23,1542198
0.23,1539478
0.23,1523825
0.23,1513168
0.24,1512283
0.24,1492177
0.25,1492014
0.25,1491052
0.25,1479092
0.25,1448421
0.27,1448311
0.27,1448164
0.27,1446220
0.28,1441450
0.28,1439092
0.28,1430298
0.29,1429296
0.30,1424881
0.30,1381138
0.30,1370579
0.31,1362396
0.31,1325020
0.32,1324615
0.33,1323026
0.34,1322219
0.36,1320253
0.36,1311300
0.40,1311186
0.40,1311044
0.41,1311044
0.42,1301604
0.44,1299108
0.45,1298911
0.45,1295227
0.46,1293191
0.47,1291649
0.47,1291561
0.48,1290397
0.51,1289133
0.56,1288686
0.79,1285592
0.85,1285421
0.86,1284522
1.06,1284476
1.08,1282621
1.08,1281565
1.09,1280573
1.11,1279509
1.11,1279245
1.12,1276304
1.13,1276175
1.13,1275888
1.15,1275251
1.18,1272978
1.21,1270188
1.22,1269336
1.26,1267882
1.47,1264268
1.49,1260163
1.53,1259357
1.61,1259283
2.21,1256402
2.21,1251117
2.22,1247662
2.23,1241526
2.27,1239381
2.50,1221413
2.50,1220565
2.51,1220539
2.54,1220397
2.55,1218890
2.60,1218825
4.25,1218551
4.25,1218515
4.26,1217733
4.26,1214099
4.27,1193694
4.28,1193690
4.29,1193586
4.33,1189596
4.33,1188752
4.33,1187760
4.35,1187669
4.36,1186869
4.36,1185545
4.38,1184024
4.39,1182959
4.41,1182631
4.42,1182631
4.44,1182301
4.45,1181995
4.46,1181562
4.48,1181001
4.48,1180850
4.53,1180649
4.85,1177503
4.87,1177388
154.82,1177143
376.04,1176946
376.04,1176740
376.08,1176211
376.12,1176211
