0.06,10201331
0.06,10177323
0.06,10105682
0.06,10030707
0.06,10030536
0.06,9947571
0.06,9934282
0.06,9925452
0.06,9827684
0.06,9825248
0.06,9815959
0.06,9812546
0.07,9807338
0.07,9806984
0.07,9803917
0.07,9732230
0.07,9716965
0.07,9706233
0.07,9669851
0.07,9651604
0.07,9637128
0.07,9517913
0.07,9501654
0.07,9461616
0.07,9461566
0.07,9389811
0.07,9285411
0.07,9224522
0.07,9211875
0.07,9102314
0.07,9100929
0.07,9100266
0.08,9091481
0.08,9044396
0.08,9025021
0.08,9009171
0.08,8994431
0.08,8948110
0.08,8881681
0.08,8868267
0.08,8864484
0.08,8659487
0.08,8658996
0.08,8593877
0.08,8593010
0.08,8580724
0.08,8515352
0.08,8460042
0.08,8451084
0.08,8424005
0.08,8377475
0.08,8319715
0.08,8267499
0.08,8076975
0.08,8076883
0.08,8063840
0.08,8063423
0.08,8051668
0.08,8042389
0.08,8000562
0.08,7951516
0.08,7851559
0.08,7774255
0.08,7773042
0.08,7704764
0.08,7627950
0.08,7621580
0.08,7568873
0.08,7545418
0.08,7528974
0.08,7525661
0.08,7410383
0.08,7298715
0.08,7190437
0.08,7188703
0.08,7138867
0.08,7138013
0.08,7108060
0.08,7085890
0.08,7083677
0.08,7027664
0.08,7020879
0.08,6904655
0.08,6899103
0.09,6892003
0.09,6779034
0.09,6751195
0.09,6674646
0.09,6659896
0.09,6639137
0.09,6589072
0.09,6583703
0.09,6563988
0.09,6539088
0.09,6537492
0.09,6537044
0.09,6510646
0.09,6500299
0.09,6481866
0.09,6480466
0.09,6398619
0.09,6161454
0.09,6153649
0.09,6144783
0.09,6018250
0.09,6010052
0.09,5998802
0.09,5988505
0.09,5981525
0.09,5981457
0.09,5966463
0.09,5958376
0.09,5949969
0.09,5813285
0.09,5771365
0.09,5765677
0.09,5733328
0.09,5696835
0.09,5653599
0.09,5650093
0.09,5631141
0.09,5577671
0.09,5568425
0.09,5517749
0.09,5499468
0.09,5401060
0.09,5388535
0.09,5301981
0.09,5297547
0.09,5243399
0.09,5235566
0.09,5205829
0.09,5166398
0.09,5150975
0.09,5148083
0.09,5138004
0.09,5133343
0.09,5130341
0.09,5101298
0.09,5025349
0.09,5023442
0.09,5010033
0.09,5003509
0.09,4993862
0.09,4983927
0.09,4966181
0.09,4948152
0.09,4947742
0.09,4946406
0.09,4939431
0.09,4900931
0.09,4892149
0.09,4881000
0.09,4859339
0.09,4853539
0.09,4811839
0.09,4679180
0.09,4678129
0.10,4666234
0.10,4648647
0.10,4626720
0.10,4604892
0.10,4563266
0.10,4518548
0.10,4511100
0.10,4499447
0.10,4473327
0.10,4341599
0.10,4316166
0.10,4311630
0.10,4281109
0.10,4273126
0.10,4256744
0.10,4189547
0.10,4183747
0.10,4177657
0.10,4176028
0.10,4174466
0.10,4173848
0.10,4169550
0.10,4164764
0.10,4119071
0.10,4117926
0.10,4059693
0.10,4053194
0.10,4052069
0.10,4041839
0.10,3968055
0.10,3960447
0.10,3955678
0.10,3955046
0.10,3914620
0.10,3914447
0.10,3914302
0.10,3913045
0.10,3911922
0.10,3910798
0.10,3909731
0.10,3853632
0.10,3812638
0.10,3762031
0.10,3759010
0.10,3758015
0.10,3701559
0.10,3698615
0.10,3675136
0.10,3630205
0.10,3605479
0.10,3602535
0.10,3601797
0.10,3598670
0.10,3528204
0.10,3493283
0.10,3476709
0.10,3475540
0.10,3473597
0.10,3467371
0.10,3428683
0.10,3416106
0.10,3412772
0.10,3407254
0.10,3403143
0.10,3391298
0.10,3383093
0.11,3383081
0.11,3378680
0.11,3376387
0.11,3375457
0.11,3372738
0.11,3294808
0.11,3278072
0.11,3191844
0.11,3183994
0.11,3174202
0.11,3172737
0.11,3172686
0.11,3170469
0.11,3161997
0.11,3096149
0.11,3061072
0.11,3029784
0.11,3026091
0.11,3015904
0.11,3004060
0.11,3000239
0.11,2998400
0.11,2968194
0.11,2962590
0.11,2901354
0.11,2899690
0.11,2888160
0.11,2885091
0.11,2876859
0.11,2822998
0.11,2761620
0.11,2758189
0.11,2748609
0.11,2717627
0.11,2701509
0.11,2608776
0.11,2588270
0.11,2569851
0.12,2563348
0.12,2533228
0.12,2518073
0.12,2517188
0.12,2516240
0.12,2514878
0.12,2472407
0.12,2471612
0.12,2469866
0.12,2469461
0.12,2433055
0.12,2423149
0.12,2371617
0.12,2370249
0.12,2364325
0.12,2350677
0.12,2348688
0.12,2332653
0.12,2310124
0.12,2304670
0.12,2281342
0.12,2273364
0.12,2272454
0.12,2272190
0.12,2264611
0.12,2257029
0.12,2234700
0.12,2221887
0.12,2208075
0.12,2207834
0.12,2207409
0.13,2205913
0.13,2198898
0.13,2196762
0.13,2188076
0.13,2185189
0.13,2184418
0.13,2183551
0.13,2176510
0.13,2165138
0.13,2164606
0.13,2163923
0.13,2163240
0.13,2157580
0.13,2154932
0.13,2154031
0.13,2153077
0.13,2151148
0.13,2150171
0.13,2149808
0.14,2120980
0.14,2114720
0.14,2099675
0.14,2088243
0.14,2086377
0.14,2077035
0.14,2075993
0.14,2074734
0.14,2071131
0.14,2070992
0.14,2035143
0.14,2032508
0.15,2023865
0.15,2023330
0.15,2019731
0.15,1988805
0.15,1986157
0.15,1984870
0.15,1982556
0.16,1970173
0.20,1965072
0.20,1961459
0.20,1944701
0.20,1930853
0.21,1925992
0.21,1923847
0.21,1921215
0.21,1903842
0.21,1902142
0.22,1874507
0.22,1866387
0.22,1858354
0.22,1856376
0.26,1838090
0.26,1835747
0.26,1827485
0.26,1826111
0.26,1824679
0.26,1810154
0.26,1806845
0.26,1801996
0.26,1797333
0.26,1795068
0.26,1794502
0.26,1792588
0.26,1790196
0.26,1782076
0.26,1780134
0.26,1774146
0.26,1721649
0.26,1721466
0.26,1719626
0.27,1704840
0.27,1702440
0.31,1668889
0.32,1665605
0.32,1653816
0.32,1632484
0.32,1623842
0.32,1617594
0.32,1609262
0.32,1605746
0.32,1605579
0.76,1598601
0.76,1593452
0.76,1592258
0.76,1590448
0.76,1589706
0.76,1588617
0.77,1587524
0.78,1586855
0.78,1585199
0.78,1572815
0.78,1570551
0.79,1568259
0.79,1553989
0.79,1536784
0.79,1536553
0.91,1514551
0.91,1512947
0.92,1512451
0.92,1511914
0.92,1508540
1.25,1497079
1.25,1495856
1.25,1495550
1.25,1487529
2.09,1484226
2.09,1483906
2.35,1482495
2.35,1481692
2.35,1479542
2.35,1474688
2.36,1473052
2.36,1472629
2.36,1469551
2.36,1469498
2.36,1469108
2.36,1452218
2.36,1451396
2.36,1442250
2.36,1434190
2.36,1425436
2.36,1423948
2.37,1411104
2.37,1410837
2.39,1405374
3.12,1394434
3.19,1391226
3.19,1389550
3.19,1389070
3.19,1385393
3.32,1383185
3.32,1378153
3.32,1372544
3.32,1371678
3.32,1371568
3.68,1368953
3.69,1366479
3.69,1366451
3.70,1365392
3.70,1364325
3.70,1363496
3.70,1361442
3.70,1357696
3.70,1356752
4.00,1338627
4.18,1335904
4.18,1335278
4.18,1333496
4.18,1329062
4.18,1320157
4.18,1313496
4.18,1313089
4.80,1311645
4.80,1307807
4.80,1306774
4.80,1306730
4.80,1300153
4.80,1295893
4.80,1295401
5.08,1293865
5.11,1291328
5.11,1291085
5.14,1289055
5.14,1288555
5.14,1286410
5.14,1285203
5.14,1278487
5.14,1276764
5.14,1271194
5.51,1269663
5.53,1265421
5.53,1261735
6.40,1260270
6.70,1257135
6.78,1250974
7.07,1250834
7.09,1248273
7.09,1244215
7.09,1244043
7.09,1238679
7.09,1238328
7.09,1237667
7.09,1232817
7.49,1230389
7.50,1227460
7.51,1224839
7.80,1223849
7.80,1222725
7.80,1222382
7.80,1217974
8.64,1217808
8.64,1217391
8.64,1217233
8.64,1214482
8.64,1213448
8.65,1212535
8.65,1212002
8.78,1210874
8.78,1209678
9.56,1209608
9.56,1208848
9.56,1206627
9.61,1206623
9.61,1206487
9.61,1206279
9.61,1204927
9.82,1203488
10.52,1203358
10.52,1202316
10.78,1201625
10.78,1201383
10.78,1201368
10.95,1200324
10.95,1200212
10.95,1199815
11.29,1199536
11.58,1198910
11.72,1198109
11.78,1196568
11.78,1191254
11.78,1189652
11.78,1189511
11.78,1187785
12.24,1187754
12.24,1187348
12.24,1187139
12.25,1186769
12.84,1185111
13.50,1183181
14.31,1181984
15.55,1180398
15.76,1180086
15.76,1179865
15.76,1179007
15.77,1178995
15.77,1178575
15.77,1178448
15.98,1178433
16.00,1177926
18.21,1177883
18.23,1177832
18.23,1176996
18.26,1176916
19.01,1176831
19.01,1176262
22.37,1176211
