0.00,9771656
0.01,9686474
0.01,9447677
0.01,9443544
0.01,9442765
0.01,9366319
0.01,9348522
0.01,9332783
0.01,9310409
0.01,9298643
0.01,9077375
0.01,9009646
0.01,8949297
0.01,8939423
0.01,8890525
0.01,8856623
0.01,8795250
0.01,8790845
0.01,8782147
0.01,8730123
0.01,8685991
0.01,8664040
0.01,8643329
0.01,8639203
0.01,8592518
0.01,8520236
0.01,8441218
0.01,8353254
0.01,8353104
0.01,8339237
0.01,8284994
0.01,8284293
0.01,8273496
0.01,8191670
0.01,8189063
0.01,8151298
0.02,8144833
0.02,8125212
0.02,8124348
0.02,8094858
0.02,8047671
0.02,7956432
0.02,7950667
0.02,7930262
0.02,7802576
0.02,7752416
0.02,7733522
0.02,7685930
0.02,7672441
0.02,7583620
0.02,7568985
0.02,7319602
0.02,7296771
0.02,7295362
0.02,7282048
0.02,7192025
0.02,7175656
0.03,7173925
0.03,7151895
0.03,7125810
0.03,7125277
0.03,7093388
0.03,7089984
0.03,7029961
0.03,7019808
0.03,7011705
0.03,7010175
0.03,6924158
0.03,6771281
0.03,6705675
0.03,6672902
0.03,6618526
0.03,6597925
0.03,6592672
0.03,6578565
0.03,6509330
0.03,6506599
0.03,6456623
0.03,6452919
0.03,6446639
0.03,6404156
0.03,6396378
0.03,6390843
0.03,6356510
0.03,6347445
0.03,6317715
0.03,6151448
0.03,6050510
0.03,6040927
0.03,6030642
0.03,6013173
0.03,6000440
0.03,5999621
0.03,5935845
0.03,5916784
0.03,5899643
0.03,5854926
0.03,5819934
0.03,5766256
0.03,5756772
0.03,5714782
0.03,5710545
0.03,5707732
0.03,5703596
0.03,5701671
0.03,5627067
0.03,5560737
0.03,5555033
0.03,5546829
0.03,5544374
0.03,5543918
0.03,5543439
0.04,5473286
0.04,5466904
0.04,5403141
0.04,5402193
0.04,5357660
0.04,5349168
0.04,5288233
0.04,5286142
0.04,5284190
0.04,5283172
0.04,5261851
0.04,5261436
0.04,5256202
0.04,5181171
0.04,5041185
0.04,4964646
0.04,4964616
0.04,4946025
0.04,4943097
0.04,4930018
0.04,4922608
0.04,4922325
0.04,4921443
0.04,4898672
0.04,4815002
0.04,4810558
0.04,4807362
0.04,4803841
0.04,4774185
0.04,4774136
0.04,4752046
0.04,4648695
0.04,4648406
0.04,4618024
0.04,4539820
0.04,4530516
0.04,4528043
0.04,4519396
0.04,4469486
0.04,4439221
0.04,4392162
0.04,4390914
0.04,4389804
0.04,4345506
0.04,4301912
0.04,4295643
0.04,4294140
0.04,4293482
0.04,4244182
0.04,4193312
0.04,4189742
0.04,4177094
0.04,4136995
0.04,4128955
0.04,4122642
0.04,4119680
0.04,4115652
0.04,4086893
0.04,4077442
0.04,4035372
0.04,4022477
0.04,4020520
0.04,3997903
0.04,3996873
0.04,3936152
0.05,3935427
0.05,3935422
0.05,3867661
0.05,3864130
0.05,3842235
0.05,3840298
0.05,3793088
0.05,3779862
0.05,3721077
0.05,3688685
0.05,3677709
0.05,3671776
0.05,3666513
0.05,3665220
0.05,3641866
0.05,3641182
0.05,3636822
0.05,3636585
0.05,3614265
0.05,3603425
0.05,3584191
0.05,3573409
0.05,3561396
0.05,3478035
0.05,3477796
0.05,3438717
0.05,3438568
0.05,3392333
0.05,3362183
0.05,3346919
0.05,3333393
0.05,3299901
0.05,3273529
0.05,3265516
0.05,3195939
0.05,3126794
0.05,3126518
0.05,3118858
0.05,3099653
0.05,3052898
0.05,3039764
0.05,3038316
0.05,3034789
0.05,2964439
0.05,2961924
0.05,2957231
0.05,2923750
0.05,2923031
0.05,2920670
0.05,2913557
0.05,2910519
0.05,2907919
0.05,2901814
0.05,2895050
0.05,2894950
0.06,2891763
0.06,2829673
0.06,2829525
0.06,2820744
0.06,2818058
0.06,2784108
0.06,2770240
0.06,2768949
0.06,2750693
0.06,2748144
0.06,2746058
0.06,2735482
0.06,2729165
0.06,2725021
0.06,2706518
0.06,2685109
0.06,2670732
0.06,2670406
0.06,2670121
0.06,2659922
0.06,2657883
0.06,2651006
0.06,2640645
0.06,2605682
0.06,2470852
0.06,2451507
0.06,2440213
0.06,2428263
0.06,2366217
0.06,2363433
0.06,2286122
0.06,2278029
0.06,2274608
0.06,2260860
0.06,2252534
0.06,2249457
0.06,2245285
0.06,2233902
0.06,2219154
0.06,2218948
0.06,2214193
0.06,2205565
0.07,2202968
0.07,2202226
0.07,2201958
0.07,2201070
0.07,2199312
0.07,2187931
0.07,2187807
0.07,2186262
0.07,2166695
0.07,2166102
0.07,2140989
0.07,2122752
0.07,2111171
0.07,2109480
0.07,2101704
0.07,2087769
0.07,2086433
0.07,2083021
0.07,2021242
0.07,2015670
0.07,2015113
0.07,1993934
0.07,1992710
0.07,1992631
0.07,1990778
0.08,1990517
0.08,1983888
0.08,1977972
0.08,1964173
0.08,1963853
0.08,1944664
0.08,1944030
0.08,1934761
0.08,1917052
0.08,1876220
0.08,1873418
0.08,1868795
0.08,1860534
0.08,1858556
0.08,1858358
0.08,1836062
0.08,1832999
0.08,1832952
0.08,1806421
0.09,1797315
0.09,1788174
0.09,1779966
0.09,1772140
0.09,1771462
0.09,1770316
0.09,1770314
0.09,1761214
0.09,1756187
0.09,1753131
0.10,1753019
0.10,1748779
0.10,1748652
0.10,1679097
0.10,1678261
0.11,1677521
0.11,1677496
0.11,1677436
0.11,1630236
0.11,1628358
0.11,1627285
0.11,1623412
0.11,1593807
0.11,1582621
0.11,1582285
0.11,1577717
0.11,1577179
0.11,1574638
0.11,1565698
0.11,1565680
0.12,1532871
0.12,1530064
0.12,1529937
0.12,1529220
0.12,1513300
0.12,1513243
0.12,1510249
0.12,1504468
0.13,1459446
0.13,1458957
0.13,1458302
0.13,1457890
0.13,1457543
0.13,1411607
0.13,1409109
0.13,1405031
0.14,1403823
0.14,1403674
0.14,1400945
0.14,1386911
0.15,1385846
0.15,1382758
0.15,1382758
0.15,1379962
0.15,1379015
0.15,1378337
0.15,1375959
0.16,1364314
0.16,1362903
0.16,1362111
0.17,1361369
0.17,1351715
0.17,1348188
0.17,1347007
0.17,1332704
0.17,1331337
0.17,1329508
0.17,1329367
0.17,1325053
0.18,1324898
0.18,1324647
0.18,1318687
0.18,1318088
0.18,1313843
0.18,1313418
0.18,1313042
0.19,1312575
0.19,1306172
0.19,1305915
0.19,1287187
0.19,1285133
0.20,1275934
0.20,1268088
0.20,1265943
0.21,1261959
0.21,1247825
0.22,1247189
0.22,1244942
0.22,1237860
0.23,1226714
0.23,1226309
0.23,1207733
0.23,1207526
0.24,1207364
0.24,1183371
0.24,1183033
0.24,1182778
0.25,1181748
0.26,1181406
0.26,1180083
0.28,1178117
0.32,1178066
0.71,1177746
10.80,1177096
10.93,1176739
