0.08,10523404
0.08,10451184
0.08,10448032
0.08,10280927
0.08,10213964
0.08,10170043
0.08,10168412
0.09,10159146
0.09,10158573
0.09,10084764
0.09,10001695
0.09,9998843
0.09,9844695
0.09,9841276
0.09,9766640
0.09,9761640
0.09,9728386
0.09,9620653
0.09,9489490
0.09,9341265
0.10,9183120
0.10,9159069
0.10,9124034
0.10,9008763
0.10,8985193
0.10,8981256
0.10,8979538
0.10,8710417
0.10,8460110
0.10,8373257
0.10,8366709
0.10,8270448
0.10,8029418
0.10,8027697
0.10,7959152
0.10,7939436
0.10,7918065
0.10,7897607
0.10,7881869
0.10,7875789
0.10,7797598
0.10,7769150
0.10,7719580
0.10,7693836
0.10,7685549
0.10,7636553
0.10,7635828
0.10,7627908
0.10,7550745
0.10,7542385
0.10,7383590
0.10,7289924
0.10,7265694
0.10,7233936
0.10,7223234
0.10,7186027
0.10,7184315
0.10,7139316
0.10,7044056
0.11,6939648
0.11,6922812
0.11,6913100
0.11,6907290
0.11,6901308
0.11,6898160
0.11,6876671
0.11,6846570
0.11,6846359
0.11,6836905
0.11,6814421
0.11,6808925
0.11,6788094
0.11,6696052
0.11,6682918
0.11,6606210
0.11,6598939
0.11,6423914
0.11,6308250
0.11,6278791
0.11,6242041
0.11,6135071
0.11,6132750
0.11,6113714
0.11,6106409
0.11,6103521
0.11,6094506
0.11,6093022
0.11,6080986
0.11,6056950
0.11,6027379
0.11,5995688
0.11,5918368
0.11,5812568
0.11,5811185
0.11,5647188
0.11,5644478
0.11,5631154
0.11,5604281
0.11,5604016
0.11,5600150
0.11,5548833
0.11,5501244
0.11,5498178
0.11,5494328
0.12,5247211
0.12,5207836
0.12,5132846
0.12,5129609
0.12,5062919
0.12,5037030
0.12,4969403
0.12,4969233
0.12,4965725
0.12,4943594
0.12,4881275
0.12,4877535
0.12,4813948
0.12,4773781
0.12,4766378
0.12,4765029
0.12,4720501
0.12,4720116
0.12,4719717
0.12,4702660
0.12,4701009
0.12,4601495
0.12,4569376
0.12,4568128
0.12,4533057
0.12,4481258
0.12,4447637
0.12,4408926
0.12,4376322
0.12,4322414
0.12,4321055
0.12,4316004
0.12,4301024
0.12,4216581
0.12,4199896
0.12,4167201
0.12,4089418
0.12,4088794
0.12,4046232
0.12,4045361
0.12,3976890
0.12,3931910
0.13,3899985
0.13,3896049
0.13,3885095
0.13,3825402
0.13,3796837
0.13,3787038
0.13,3782977
0.13,3780690
0.13,3775758
0.13,3775718
0.13,3770445
0.13,3752975
0.13,3725572
0.13,3725252
0.13,3709600
0.13,3706145
0.13,3683687
0.13,3600317
0.13,3594543
0.13,3527109
0.13,3511875
0.13,3505492
0.13,3505259
0.13,3449171
0.13,3440921
0.13,3408535
0.13,3392821
0.13,3390673
0.13,3302638
0.13,3301944
0.13,3283205
0.13,3279622
0.13,3253063
0.13,3182815
0.13,3182467
0.13,3162820
0.13,3053673
0.13,3031024
0.13,3030363
0.13,3025777
0.13,3025627
0.14,3020923
0.14,2995187
0.14,2995037
0.14,2974264
0.14,2974076
0.14,2962778
0.14,2954377
0.14,2949000
0.14,2888364
0.14,2855599
0.14,2853444
0.14,2840731
0.14,2801337
0.14,2793984
0.14,2793821
0.14,2793798
0.14,2778875
0.14,2777426
0.14,2772718
0.14,2771026
0.14,2719730
0.14,2705481
0.14,2703261
0.14,2672296
0.14,2662823
0.14,2660450
0.14,2647330
0.15,2645562
0.15,2585727
0.15,2577249
0.15,2576587
0.15,2575699
0.15,2571510
0.15,2533044
0.15,2528008
0.15,2512046
0.15,2507755
0.15,2506857
0.15,2506294
0.15,2500970
0.15,2490004
0.15,2488476
0.15,2485352
0.15,2451236
0.15,2441099
0.15,2438607
0.15,2437812
0.15,2428245
0.15,2427692
0.15,2423990
0.15,2399237
0.15,2399109
0.15,2391063
0.15,2386167
0.15,2370999
0.15,2370906
0.15,2349619
0.15,2347703
0.15,2324987
0.15,2324945
0.15,2324402
0.15,2314778
0.15,2314213
0.15,2301326
0.15,2296807
0.15,2293655
0.15,2287256
0.16,2287060
0.16,2277865
0.16,2270284
0.16,2256696
0.16,2248265
0.16,2233381
0.16,2230453
0.16,2223637
0.16,2221432
0.16,2217059
0.16,2196205
0.16,2195421
0.16,2194557
0.16,2181183
0.17,2180837
0.17,2178263
0.17,2169822
0.17,2169318
0.17,2153909
0.17,2150222
0.17,2142428
0.17,2141708
0.17,2141145
0.17,2135423
0.18,2132687
0.18,2122884
0.18,2122733
0.18,2122597
0.18,2115555
0.18,2113221
0.18,2109501
0.18,2109045
0.18,2108272
0.19,2092167
0.19,2085124
0.19,2080304
0.19,2080144
0.19,2066366
0.19,2064073
0.19,2061106
0.19,2060356
0.19,2055799
0.19,2055291
0.19,2045475
0.19,2038851
0.19,2013973
0.19,2005348
0.19,1994143
0.19,1989419
0.19,1988503
0.19,1987451
0.20,1981869
0.20,1981808
0.20,1978035
0.20,1977198
0.20,1976282
0.20,1945359
0.20,1942147
0.20,1935050
0.20,1933577
0.20,1927079
0.20,1912981
0.20,1903099
0.20,1898669
0.20,1887018
0.20,1885278
0.20,1879595
0.21,1861753
0.21,1861585
0.21,1858310
0.21,1854699
0.21,1851711
0.21,1848660
0.21,1832951
0.21,1831950
0.21,1830570
0.21,1829514
0.21,1818694
0.21,1783006
0.21,1778905
0.22,1774996
0.22,1774491
0.27,1766486
0.27,1762889
0.27,1751145
0.27,1747978
0.28,1743700
0.28,1733147
0.28,1732980
0.28,1731555
0.29,1723006
0.29,1711362
0.29,1710935
0.33,1706891
0.34,1686653
0.34,1686054
0.34,1678147
0.34,1674458
0.34,1657178
0.34,1654413
0.34,1653656
0.35,1651373
0.35,1641852
0.36,1618276
0.36,1618187
1.38,1614277
1.38,1612697
1.38,1607964
1.38,1605728
1.38,1599888
1.38,1594895
1.38,1594237
1.38,1591737
1.38,1590979
1.38,1582608
1.38,1582298
1.39,1581490
1.39,1578294
1.40,1576510
1.40,1574901
1.40,1568901
1.40,1566545
1.40,1563334
1.40,1560416
1.40,1548121
1.40,1547383
1.62,1545585
1.62,1538983
1.63,1537026
1.63,1534631
1.63,1533752
1.63,1533690
1.63,1533094
1.63,1530818
1.63,1526801
1.63,1519142
1.63,1516244
1.93,1511028
1.93,1501897
2.28,1498625
2.28,1492646
2.28,1488808
2.28,1487121
2.28,1484516
2.28,1479608
2.82,1470251
2.82,1456725
2.83,1451430
2.83,1450461
2.83,1450454
2.83,1450236
2.83,1448428
2.83,1447492
2.83,1443673
2.85,1443166
2.99,1436856
2.99,1436596
2.99,1435832
2.99,1428747
2.99,1427552
2.99,1426904
2.99,1422799
2.99,1417458
3.00,1410378
3.00,1409986
3.01,1407812
3.20,1403631
3.20,1400610
3.24,1399553
3.24,1393881
3.24,1393646
3.24,1392469
4.05,1381522
4.05,1381445
4.05,1381306
4.33,1380262
4.33,1379644
4.33,1376343
4.33,1372532
4.33,1372193
4.33,1370035
4.33,1369791
4.33,1369387
4.33,1366681
4.33,1364823
4.33,1364395
4.33,1363798
4.34,1362205
4.35,1360742
4.35,1355636
4.35,1353297
4.35,1351316
4.36,1350923
4.36,1349511
4.88,1346975
5.01,1344037
5.01,1343829
5.01,1335527
5.01,1335282
5.03,1334732
5.03,1334374
5.03,1332877
5.03,1330970
5.07,1329240
5.33,1324744
5.33,1324332
5.33,1324019
5.33,1323864
5.33,1318209
5.34,1317884
5.34,1316461
5.34,1315937
5.95,1308776
5.95,1296411
5.97,1293087
5.97,1291618
5.97,1291304
5.97,1290957
6.32,1290343
6.32,1289448
6.32,1286210
6.32,1284811
6.32,1282140
6.32,1277844
6.36,1271456
6.36,1271411
6.75,1246612
6.75,1245029
7.07,1244224
8.19,1243387
8.19,1243194
8.19,1242924
8.19,1242453
8.28,1242034
8.28,1240841
8.28,1237713
8.60,1236020
8.60,1232328
9.07,1231891
9.07,1230439
9.07,1229346
9.07,1228241
9.07,1227742
9.07,1227638
9.93,1227023
9.93,1226715
9.93,1225907
9.94,1224795
9.94,1224772
10.01,1219732
10.02,1219107
10.02,1219037
10.02,1217364
10.02,1216557
10.02,1215260
10.02,1215232
10.02,1214989
10.02,1214809
10.03,1214690
10.19,1214371
10.19,1210046
10.19,1210039
10.46,1208247
10.46,1205036
10.46,1203783
11.44,1202758
12.24,1202234
12.24,1201866
12.24,1201660
12.24,1199640
12.24,1197876
12.27,1196962
12.27,1195223
12.27,1194804
13.31,1189862
13.31,1189263
13.31,1188448
13.31,1188349
13.31,1187841
13.32,1187167
13.32,1185519
15.21,1184610
16.03,1182458
16.04,1182367
16.44,1182258
16.44,1182125
16.44,1181013
17.09,1180925
17.11,1179863
17.11,1179389
17.11,1179152
17.11,1178757
17.11,1178633
17.12,1178353
19.19,1178313
19.19,1178104
19.20,1177721
19.20,1177656
19.20,1177157
19.20,1176558
21.71,1176549
24.40,1176499
24.40,1176360
24.41,1176357
24.78,1176267
24.85,1176216
25.85,1176151
