0.00,9802344
0.01,9686418
0.01,9514134
0.01,9469085
0.01,9465698
0.01,9461607
0.01,9222360
0.01,9152764
0.01,9009707
0.01,8951532
0.01,8907806
0.01,8907616
0.01,8898041
0.01,8848845
0.01,8799031
0.01,8774149
0.01,8736044
0.01,8695304
0.01,8693964
0.01,8675316
0.01,8663016
0.01,8657795
0.01,8614565
0.01,8602323
0.01,8559734
0.01,8541712
0.01,8404863
0.01,8401499
0.01,8383805
0.01,8363344
0.01,8330669
0.01,8161580
0.01,8142076
0.02,7936607
0.02,7927608
0.02,7927565
0.02,7918534
0.02,7892934
0.02,7793833
0.02,7751563
0.02,7751254
0.02,7734660
0.02,7727125
0.02,7707211
0.02,7660351
0.02,7588901
0.02,7525009
0.02,7512900
0.02,7512286
0.02,7508887
0.02,7483993
0.02,7364911
0.02,7350706
0.02,7250786
0.03,7239197
0.03,7234603
0.03,7213746
0.03,7207064
0.03,7200102
0.03,7197707
0.03,7197681
0.03,7196869
0.03,7176647
0.03,7018821
0.03,6911058
0.03,6910210
0.03,6904384
0.03,6900846
0.03,6900636
0.03,6879646
0.03,6878287
0.03,6816879
0.03,6803137
0.03,6801162
0.03,6751876
0.03,6707159
0.03,6648388
0.03,6645228
0.03,6643354
0.03,6605232
0.03,6577841
0.03,6510223
0.03,6401698
0.03,6347729
0.03,6223316
0.03,6210872
0.03,6202888
0.03,6198956
0.03,6196970
0.03,6195523
0.03,6195451
0.03,6119252
0.03,6109978
0.03,6069832
0.03,6058857
0.03,6031640
0.03,6025001
0.03,6023910
0.03,6015261
0.04,6013423
0.04,6004273
0.04,5929643
0.04,5772300
0.04,5735040
0.04,5726132
0.04,5716198
0.04,5582238
0.04,5369740
0.04,5298231
0.04,5275705
0.04,5252027
0.04,5246724
0.04,5233934
0.04,5167259
0.04,5111661
0.04,5103406
0.04,5067517
0.04,5045426
0.04,5044654
0.04,5004813
0.04,4991086
0.04,4987339
0.04,4983361
0.04,4966510
0.04,4944742
0.04,4889732
0.04,4819759
0.04,4809096
0.04,4807271
0.04,4762532
0.04,4761172
0.04,4760397
0.04,4759648
0.04,4727148
0.04,4714078
0.04,4709080
0.04,4619810
0.04,4617565
0.04,4617300
0.04,4603877
0.04,4601435
0.04,4517672
0.04,4517358
0.04,4462477
0.04,4462402
0.04,4440061
0.04,4438871
0.04,4438609
0.04,4423105
0.05,4302080
0.05,4287979
0.05,4251756
0.05,4250709
0.05,4249059
0.05,4236123
0.05,4236007
0.05,4191411
0.05,4121539
0.05,4120965
0.05,4117944
0.05,4116957
0.05,4072653
0.05,4071835
0.05,4027580
0.05,4010968
0.05,3987572
0.05,3967052
0.05,3895666
0.05,3895161
0.05,3887490
0.05,3882991
0.05,3875878
0.05,3874513
0.05,3870747
0.05,3809963
0.05,3757702
0.05,3740430
0.05,3739798
0.05,3739756
0.05,3719298
0.05,3716544
0.05,3691343
0.05,3643429
0.05,3642264
0.05,3637540
0.05,3619393
0.05,3618445
0.05,3593159
0.05,3589350
0.05,3588897
0.05,3587089
0.05,3566260
0.05,3553450
0.05,3553143
0.05,3543754
0.05,3541792
0.05,3529984
0.05,3529522
0.05,3527420
0.05,3462908
0.05,3459404
0.05,3428848
0.05,3428475
0.05,3330248
0.06,3301665
0.06,3298990
0.06,3279904
0.06,3273029
0.06,3267459
0.06,3262493
0.06,3255924
0.06,3242417
0.06,3241328
0.06,3223319
0.06,3166268
0.06,3165864
0.06,3163704
0.06,3139622
0.06,3139188
0.06,3134221
0.06,3132679
0.06,3114063
0.06,3113168
0.06,3106864
0.06,3093315
0.06,3088663
0.06,3084255
0.06,2985281
0.06,2975114
0.06,2966750
0.06,2960008
0.06,2887893
0.06,2856056
0.06,2832578
0.06,2829775
0.06,2822786
0.06,2817779
0.06,2748437
0.06,2718793
0.06,2712828
0.06,2675833
0.06,2654684
0.06,2651155
0.06,2642132
0.06,2636834
0.06,2636306
0.06,2635983
0.06,2595868
0.07,2586676
0.07,2585853
0.07,2578043
0.07,2564802
0.07,2521714
0.07,2454820
0.07,2433116
0.07,2419543
0.07,2418219
0.07,2385693
0.07,2379485
0.07,2368309
0.07,2356805
0.07,2350510
0.07,2350203
0.07,2342906
0.07,2323939
0.07,2322976
0.07,2317262
0.08,2307033
0.08,2291896
0.08,2279106
0.08,2269713
0.08,2229742
0.08,2179333
0.08,2164256
0.08,2155031
0.08,2143952
0.08,2137986
0.08,2130876
0.08,2129835
0.08,2128651
0.08,2120432
0.08,2120189
0.08,2115763
0.08,2111794
0.08,2071466
0.08,2071298
0.08,2011945
0.08,2010554
0.08,2007614
0.08,2006660
0.08,1999549
0.08,1970847
0.08,1969827
0.09,1967711
0.09,1967654
0.09,1945851
0.09,1945771
0.09,1943147
0.09,1942545
0.09,1941155
0.09,1936959
0.09,1936356
0.09,1896491
0.09,1895374
0.09,1876094
0.09,1863704
0.09,1862801
0.09,1833169
0.09,1833169
0.09,1829912
0.09,1829853
0.09,1828850
0.09,1824409
0.09,1823992
0.09,1817207
0.10,1815490
0.10,1814879
0.10,1792911
0.10,1790473
0.10,1785049
0.10,1781879
0.11,1775834
0.11,1773101
0.11,1772431
0.11,1763420
0.11,1761595
0.11,1761378
0.11,1756860
0.11,1756190
0.11,1752274
0.11,1697951
0.11,1697793
0.11,1695816
0.11,1684384
0.12,1678885
0.12,1638359
0.12,1637209
0.12,1632566
0.13,1632480
0.13,1585585
0.13,1580028
0.13,1559728
0.13,1558781
0.13,1558517
0.13,1541878
0.13,1540144
0.13,1539587
0.13,1539254
0.13,1524222
0.13,1523894
0.13,1518893
0.14,1518560
0.14,1502539
0.14,1500059
0.14,1494118
0.15,1493463
0.15,1493360
0.16,1483713
0.16,1481056
0.16,1479345
0.17,1478825
0.17,1476738
0.17,1475931
0.17,1474984
0.18,1458310
0.18,1455239
0.18,1454257
0.19,1453991
0.19,1422579
0.19,1421743
0.20,1381966
0.21,1380327
0.21,1379823
0.21,1375800
0.23,1369930
0.24,1340280
0.25,1338951
0.25,1328550
0.27,1328167
0.27,1324569
0.27,1324557
0.30,1319136
0.31,1315052
0.32,1314838
0.32,1314465
0.33,1313176
0.34,1304966
0.35,1304607
0.35,1304607
0.36,1302931
0.37,1298183
0.40,1291806
0.44,1269590
2.24,1256764
2.27,1255957
2.36,1254132
2.37,1252209
2.37,1247520
2.38,1247392
2.38,1244739
2.39,1244649
2.40,1244565
2.41,1241896
2.42,1241180
2.43,1235547
2.44,1211304
2.46,1208392
2.48,1207232
19.92,1190485
19.95,1189678
20.54,1186016
20.54,1185278
60.25,1179505
69.35,1177081
362.25,1176211
