0.00,9787186
0.01,9745796
0.01,9673865
0.01,9590472
0.01,9505754
0.01,9382588
0.01,9381206
0.01,9249218
0.01,9219857
0.01,9219855
0.01,9134856
0.01,9033761
0.01,8787602
0.01,8785431
0.01,8785056
0.01,8698843
0.01,8698782
0.01,8648227
0.01,8642217
0.01,8639910
0.01,8534800
0.01,8525389
0.01,8513541
0.01,8458862
0.01,8453345
0.01,8352655
0.01,8197058
0.01,8145274
0.01,8144744
0.01,8132786
0.01,8114762
0.01,8042368
0.01,8002687
0.02,7937291
0.02,7898331
0.02,7897254
0.02,7895803
0.02,7663661
0.02,7645263
0.02,7565956
0.02,7530112
0.02,7446277
0.02,7302879
0.02,7294863
0.02,7267690
0.02,7207519
0.02,7162116
0.02,7140000
0.02,7124025
0.02,7087169
0.02,7086293
0.02,7085955
0.02,7066532
0.02,6918585
0.02,6909320
0.02,6877163
0.02,6822473
0.03,6814934
0.03,6813650
0.03,6811972
0.03,6796734
0.03,6756873
0.03,6745716
0.03,6711614
0.03,6706011
0.03,6691318
0.03,6667839
0.03,6660660
0.03,6659882
0.03,6659732
0.03,6621958
0.03,6587323
0.03,6586649
0.03,6478912
0.03,6468628
0.03,6423423
0.03,6405967
0.03,6291575
0.03,6291201
0.03,6193295
0.03,6191048
0.03,6179516
0.03,6178841
0.03,6168621
0.03,6166163
0.03,6066920
0.03,6049761
0.03,6033208
0.03,6007913
0.03,6001035
0.03,5991710
0.03,5939689
0.03,5938400
0.03,5931217
0.03,5921042
0.03,5916071
0.03,5839490
0.03,5839411
0.03,5832606
0.03,5829758
0.03,5786854
0.03,5781348
0.04,5764099
0.04,5760552
0.04,5759046
0.04,5750393
0.04,5693478
0.04,5671282
0.04,5670794
0.04,5666878
0.04,5659513
0.04,5627625
0.04,5494705
0.04,5491214
0.04,5489503
0.04,5419724
0.04,5408776
0.04,5406856
0.04,5406331
0.04,5373924
0.04,5371342
0.04,5343112
0.04,5331279
0.04,5330237
0.04,5330066
0.04,5308220
0.04,5257043
0.04,5236083
0.04,5231372
0.04,5213225
0.04,5184464
0.04,5176438
0.04,5174956
0.04,5143058
0.04,5120877
0.04,5103768
0.04,5096002
0.04,5085955
0.04,5081709
0.04,5006391
0.04,4891206
0.04,4883831
0.04,4867020
0.04,4831696
0.04,4803065
0.04,4791668
0.04,4776116
0.05,4648934
0.05,4644231
0.05,4572264
0.05,4486517
0.05,4481086
0.05,4461270
0.05,4460712
0.05,4455293
0.05,4454909
0.05,4451971
0.05,4451900
0.05,4443560
0.05,4416855
0.05,4416344
0.05,4409177
0.05,4405068
0.05,4358241
0.05,4319268
0.05,4314312
0.05,4310363
0.05,4305862
0.05,4257750
0.05,4205545
0.05,4124837
0.05,4124364
0.05,4118280
0.05,4095653
0.05,4054153
0.05,4053644
0.05,4007047
0.05,3955207
0.05,3954885
0.05,3937268
0.05,3920586
0.05,3907885
0.05,3904137
0.05,3840034
0.05,3835882
0.05,3834244
0.05,3829961
0.05,3826139
0.05,3750637
0.05,3743320
0.05,3737452
0.05,3722879
0.05,3690431
0.05,3687060
0.05,3605892
0.05,3605098
0.05,3571635
0.05,3567766
0.05,3528646
0.05,3512734
0.05,3507677
0.05,3501929
0.05,3497320
0.05,3493877
0.05,3493671
0.05,3441256
0.05,3438453
0.05,3382539
0.05,3377740
0.05,3375474
0.06,3299738
0.06,3297906
0.06,3294458
0.06,3292659
0.06,3283599
0.06,3282522
0.06,3250028
0.06,3209946
0.06,3179451
0.06,3167217
0.06,3164666
0.06,3141939
0.06,3139866
0.06,3135877
0.06,3130874
0.06,3123349
0.06,3115518
0.06,3112265
0.06,3085708
0.06,3015118
0.06,3009769
0.06,3006227
0.06,3006177
0.06,3004917
0.06,2960093
0.06,2912540
0.06,2868535
0.06,2868175
0.06,2867889
0.06,2867456
0.06,2856699
0.06,2835532
0.06,2822475
0.06,2814371
0.07,2806484
0.07,2794681
0.07,2792688
0.07,2751708
0.07,2743670
0.07,2742647
0.07,2741513
0.07,2737592
0.07,2737589
0.07,2736014
0.07,2701376
0.07,2698080
0.07,2668996
0.07,2617219
0.07,2616191
0.07,2614851
0.07,2586055
0.07,2569899
0.07,2569290
0.07,2501437
0.07,2500746
0.07,2496203
0.07,2491116
0.07,2478344
0.08,2477507
0.08,2476467
0.08,2460357
0.08,2460306
0.08,2455939
0.08,2444245
0.08,2377523
0.08,2377306
0.08,2376566
0.08,2376044
0.08,2372414
0.08,2369817
0.08,2369071
0.08,2363349
0.08,2361142
0.08,2361139
0.08,2337057
0.08,2336794
0.08,2329714
0.08,2328277
0.08,2327785
0.08,2327449
0.08,2316631
0.08,2316396
0.08,2300272
0.08,2299497
0.08,2299036
0.08,2298997
0.08,2298624
0.08,2293437
0.08,2283787
0.08,2283592
0.09,2283341
0.09,2283206
0.09,2282908
0.09,2279041
0.09,2277301
0.09,2276668
0.09,2275565
0.09,2266376
0.09,2255144
0.09,2239981
0.09,2223912
0.09,2223417
0.09,2145059
0.09,2139445
0.09,2131551
0.09,2104629
0.09,2104106
0.10,2081332
0.10,2081324
0.10,2080306
0.10,2069891
0.10,2062264
0.10,2053614
0.10,2039096
0.10,2037189
0.10,2036991
0.10,2033560
0.10,2026693
0.10,2025497
0.10,1982709
0.10,1982085
0.10,1979985
0.10,1978821
0.10,1977359
0.10,1976405
0.10,1976375
0.10,1968176
0.10,1958651
0.10,1944361
0.10,1939608
0.10,1937040
0.10,1920062
0.11,1914219
0.11,1909413
0.11,1902861
0.11,1892500
0.11,1881849
0.11,1807200
0.11,1794001
0.11,1792275
0.11,1791632
0.11,1789503
0.11,1788547
0.11,1746283
0.11,1738377
0.11,1737532
0.11,1737030
0.12,1736346
0.12,1726903
0.12,1726405
0.12,1725486
0.12,1725189
0.12,1696124
0.12,1688073
0.12,1687505
0.12,1663310
0.12,1603706
0.12,1587475
0.12,1585565
0.12,1583101
0.12,1579355
0.12,1578530
0.13,1577232
0.13,1576996
0.13,1553810
0.13,1553776
0.13,1549191
0.13,1548591
0.13,1542992
0.13,1538505
0.13,1537982
0.13,1537905
0.13,1516702
0.14,1513776
0.14,1513211
0.14,1511084
0.14,1495062
0.14,1474132
0.14,1465257
0.14,1465103
0.14,1464923
0.14,1464771
0.15,1462976
0.15,1462661
0.15,1442774
0.15,1403957
0.15,1403502
0.15,1402955
0.15,1402621
0.15,1399923
0.16,1398258
0.16,1389414
0.16,1371717
0.16,1371661
0.16,1368730
0.16,1366857
0.16,1366825
0.16,1366141
0.16,1365715
0.17,1364809
0.17,1363142
0.18,1358519
0.18,1351191
0.18,1336266
0.18,1335479
0.18,1329385
0.18,1324391
0.18,1322426
0.19,1322352
0.19,1321956
0.19,1313969
0.19,1312599
0.19,1309169
0.20,1309008
0.20,1308401
0.21,1307383
0.22,1307324
0.23,1306178
0.24,1305898
0.26,1305898
0.28,1305841
0.29,1304875
0.31,1304333
0.31,1304294
0.32,1303332
0.33,1302483
0.33,1302339
0.34,1301857
0.68,1301780
0.69,1301442
0.70,1298652
0.71,1287746
0.71,1286764
0.71,1286626
0.73,1285857
0.96,1284743
0.96,1284522
0.99,1283783
1.11,1279917
1.12,1270697
1.13,1268897
1.14,1266752
1.36,1266258
1.36,1261264
1.36,1255572
1.38,1252696
1.38,1250331
1.38,1248330
1.39,1244467
1.39,1244418
3.66,1228874
3.67,1228067
3.70,1226900
3.70,1226466
3.70,1224063
3.70,1223658
3.70,1221643
3.71,1221437
3.73,1221433
3.76,1221105
3.79,1220443
3.80,1217547
3.80,1217114
3.80,1216892
3.81,1216691
3.84,1216577
8.38,1216486
8.38,1216372
14.58,1203560
14.58,1200481
14.59,1179368
14.63,1178561
14.71,1177715
14.73,1177715
14.76,1177514
14.78,1177399
49.33,1177380
49.34,1177314
49.35,1177022
49.35,1177018
49.35,1176691
49.50,1176569
324.76,1176333
