0.06,10457558
0.06,10329953
0.06,10136072
0.06,10134807
0.06,10045811
0.06,10019654
0.06,10008460
0.06,9995698
0.06,9969130
0.06,9883637
0.06,9826803
0.06,9766506
0.07,9690396
0.07,9551239
0.07,9511967
0.07,9457737
0.07,9444568
0.07,9391698
0.07,9321025
0.07,9312580
0.07,9078893
0.07,8783353
0.07,8761653
0.07,8654060
0.07,8567974
0.07,8525321
0.07,8442768
0.07,8352729
0.07,8330957
0.07,8303538
0.08,8298500
0.08,8102095
0.08,8101613
0.08,8056048
0.08,8055019
0.08,8054110
0.08,8051966
0.08,8048084
0.08,8023276
0.08,7951058
0.08,7949748
0.08,7635840
0.08,7594446
0.08,7565800
0.08,7564955
0.08,7563525
0.08,7423611
0.08,7388761
0.08,7386802
0.08,7351721
0.08,7346444
0.08,7259287
0.08,7250961
0.08,7217027
0.08,7163828
0.08,7157354
0.08,7132805
0.08,6990932
0.08,6978826
0.08,6896885
0.08,6889611
0.08,6846021
0.08,6827091
0.08,6810506
0.08,6803161
0.08,6799268
0.08,6775960
0.08,6601595
0.08,6599517
0.08,6597666
0.08,6592158
0.08,6592037
0.08,6581734
0.08,6516575
0.08,6515648
0.08,6498951
0.08,6253440
0.09,6253312
0.09,6247734
0.09,6200321
0.09,6156665
0.09,6149818
0.09,6057958
0.09,6025289
0.09,6017448
0.09,5967494
0.09,5954636
0.09,5804764
0.09,5804390
0.09,5787887
0.09,5751995
0.09,5701845
0.09,5701457
0.09,5695599
0.09,5621677
0.09,5588879
0.09,5581867
0.09,5580717
0.09,5555555
0.09,5519699
0.09,5507005
0.09,5428232
0.09,5399051
0.09,5349180
0.09,5348927
0.09,5316867
0.09,5314346
0.09,5312507
0.09,5242638
0.09,5234001
0.09,5147128
0.09,5144694
0.09,5138997
0.09,5107800
0.09,5105127
0.09,5104057
0.09,5101061
0.09,5098847
0.09,5039069
0.09,4921077
0.09,4891413
0.09,4862702
0.09,4861861
0.09,4854920
0.09,4853860
0.09,4843536
0.09,4810296
0.09,4649776
0.09,4574305
0.09,4563393
0.09,4563392
0.09,4556787
0.09,4552066
0.09,4508837
0.10,4464519
0.10,4261649
0.10,4258536
0.10,4254489
0.10,4237772
0.10,4220892
0.10,4220172
0.10,4192420
0.10,4188736
0.10,4180078
0.10,4179433
0.10,4114430
0.10,4101983
0.10,4095690
0.10,4090337
0.10,4061629
0.10,3997187
0.10,3982715
0.10,3976923
0.10,3962399
0.10,3959136
0.10,3958947
0.10,3942887
0.10,3940136
0.10,3921679
0.10,3917732
0.10,3884983
0.10,3884099
0.10,3842993
0.10,3825694
0.10,3822028
0.10,3803548
0.10,3647878
0.10,3643928
0.10,3643766
0.11,3630512
0.11,3622485
0.11,3621591
0.11,3621202
0.11,3617325
0.11,3616847
0.11,3583171
0.11,3571818
0.11,3568127
0.11,3548364
0.11,3456946
0.11,3445270
0.11,3434355
0.11,3374357
0.11,3374324
0.11,3347395
0.11,3312204
0.11,3309428
0.11,3296533
0.11,3294039
0.11,3291576
0.11,3283908
0.11,3251720
0.11,3195860
0.11,3190448
0.11,3180666
0.11,3136147
0.11,3124753
0.11,3112705
0.11,3063983
0.11,3039069
0.11,3017429
0.11,2998525
0.12,2956676
0.12,2941641
0.12,2884870
0.12,2884335
0.12,2881858
0.12,2826309
0.12,2814000
0.12,2754926
0.12,2751905
0.12,2751809
0.12,2745861
0.12,2737364
0.12,2733339
0.12,2733137
0.12,2732963
0.12,2724089
0.12,2723706
0.12,2718561
0.12,2718516
0.12,2705183
0.12,2700008
0.12,2671216
0.12,2670335
0.12,2649696
0.12,2636034
0.12,2606623
0.12,2604394
0.12,2576156
0.13,2544779
0.13,2543769
0.13,2541302
0.13,2538860
0.13,2534472
0.13,2534302
0.13,2473380
0.13,2444149
0.13,2423798
0.13,2407647
0.13,2406039
0.13,2367182
0.13,2347535
0.13,2345005
0.13,2343792
0.13,2324096
0.13,2315252
0.13,2296644
0.13,2290663
0.14,2288306
0.14,2287192
0.14,2284275
0.14,2277142
0.14,2271046
0.14,2262542
0.14,2221445
0.14,2209981
0.14,2209521
0.15,2208864
0.15,2206342
0.15,2143321
0.15,2140935
0.15,2137620
0.15,2133083
0.15,2132956
0.15,2132022
0.16,2121309
0.16,2119714
0.16,2092012
0.16,2081962
0.16,2079887
0.16,2068770
0.16,2064338
0.16,2057342
0.16,2005387
0.16,1972836
0.16,1971234
0.16,1971207
0.16,1967239
0.16,1955243
0.16,1947033
0.16,1933026
0.16,1897269
0.16,1890178
0.16,1879335
0.16,1872432
0.28,1870710
0.28,1863278
0.28,1863250
0.28,1861371
0.28,1849345
0.28,1845748
0.29,1840697
0.29,1838302
0.29,1829675
0.29,1829195
0.29,1808464
0.29,1803051
0.29,1786332
0.29,1784439
0.30,1772954
0.30,1762421
0.30,1761821
0.30,1755943
0.30,1755485
0.31,1751917
0.31,1751528
0.31,1738250
0.43,1737964
0.63,1716209
0.63,1714362
0.63,1713943
0.63,1708908
0.63,1705039
0.65,1700245
0.65,1697425
0.72,1687002
0.72,1680267
0.72,1678742
0.73,1674843
0.78,1667097
0.78,1663622
0.78,1643817
0.78,1637805
0.78,1633435
0.78,1632556
0.78,1631462
0.78,1631270
0.94,1618812
0.94,1615977
0.94,1615851
0.95,1609426
0.95,1608074
0.95,1607723
0.95,1606752
0.95,1596888
0.95,1596503
0.95,1595710
0.95,1582278
0.95,1576375
0.95,1575324
0.95,1575177
0.95,1573907
0.99,1570300
0.99,1565597
1.00,1562052
1.11,1548117
1.11,1546293
1.11,1545315
1.11,1538954
1.11,1535321
1.11,1533489
1.11,1531264
1.11,1531184
1.11,1531180
1.11,1517340
1.11,1498706
1.11,1498625
1.11,1498484
1.12,1491379
1.13,1490100
1.57,1489431
1.57,1485742
2.01,1481578
2.02,1480358
2.02,1459471
2.57,1457606
2.57,1457121
2.57,1455267
2.57,1455201
2.58,1451128
2.58,1445394
2.58,1445271
2.58,1434785
2.58,1433882
2.58,1433713
2.64,1424785
2.65,1422917
2.65,1416335
2.66,1412010
2.66,1408453
2.66,1407861
2.66,1391081
2.66,1388979
2.66,1386858
2.66,1378506
3.52,1374764
3.52,1374371
3.52,1372215
3.52,1367161
3.61,1357401
3.61,1356618
3.61,1356579
3.61,1355343
3.61,1354244
3.61,1353144
3.87,1352092
3.87,1348172
4.10,1346872
4.16,1345789
4.18,1344184
4.19,1340779
4.19,1340110
4.19,1338517
4.19,1338337
4.36,1325947
4.36,1324433
4.36,1324377
4.36,1316485
5.00,1313760
5.00,1312611
5.00,1293191
5.00,1290943
5.00,1290767
5.00,1289555
5.00,1271858
5.96,1270626
5.96,1270501
5.96,1267889
5.96,1266152
5.96,1262753
5.96,1260994
5.97,1257560
5.97,1253258
5.97,1247387
5.97,1244167
5.97,1236522
5.97,1229361
7.18,1228595
7.18,1225286
8.02,1222588
8.02,1220856
8.02,1219957
8.63,1217862
8.63,1213687
8.63,1212311
8.63,1211657
8.63,1211181
9.10,1209937
9.10,1208433
9.10,1206760
10.14,1206694
10.14,1206465
10.15,1206184
10.15,1205830
10.15,1205036
10.15,1204849
10.56,1204093
10.56,1202160
10.56,1200470
10.56,1199770
10.57,1199756
10.57,1198159
12.15,1193451
12.15,1192797
12.15,1192145
12.15,1191738
12.15,1191138
12.15,1190962
12.17,1190135
12.17,1189836
12.17,1189374
12.17,1188738
12.17,1187989
12.18,1187673
12.18,1187388
12.32,1187114
12.32,1186945
13.15,1186690
13.15,1185513
13.15,1184948
13.16,1184205
13.16,1183205
13.16,1182788
13.51,1182530
14.08,1182021
14.76,1181237
14.76,1180295
16.28,1179589
16.28,1179401
16.94,1179269
16.97,1178517
17.19,1177674
17.53,1177475
17.73,1177240
18.13,1177042
19.44,1177008
19.44,1176943
19.63,1176690
20.52,1176392
20.71,1176267
21.54,1176211
21.99,1176202
22.21,1176151
