0.06,709811
0.06,702861
0.06,686902
0.06,673234
0.06,669019
0.06,663987
0.06,663763
0.07,663757
0.07,662796
0.07,661259
0.07,655471
0.08,655400
0.08,655074
0.08,652605
0.08,652562
0.08,635509
0.08,633239
0.08,632173
0.08,631855
0.08,621580
0.08,621562
0.08,603450
0.08,602223
0.08,598718
0.08,596444
0.08,595354
0.08,592183
0.09,586005
0.09,585657
0.09,582081
0.09,572080
0.09,571060
0.09,569979
0.13,568255
0.13,567115
0.13,566903
0.13,562698
0.18,561433
0.23,558552
0.23,555161
0.23,552919
0.42,548730
0.42,548608
0.42,542039
0.42,541064
0.42,536922
0.42,535353
0.42,534209
0.43,533853
0.50,533539
0.58,532779
0.58,532550
0.84,529748
1.10,529468
1.10,526914
1.10,526254
1.10,523961
1.10,522992
1.10,522703
1.10,519880
1.10,519622
1.10,519540
1.10,517494
1.10,517155
1.92,516149
1.92,509558
1.92,507656
1.92,503140
2.37,502497
2.37,498219
2.52,498039
2.52,498006
2.52,496492
2.52,495647
3.33,491621
3.33,488663
3.33,487170
4.10,486523
4.11,482728
4.11,473672
4.11,473122
4.11,472328
4.11,471877
4.37,468745
4.37,466612
4.37,466415
4.37,464579
4.83,454691
4.83,454667
4.83,448364
4.83,448254
4.83,446129
4.83,444398
5.56,443708
5.56,443425
5.56,441882
5.56,441772
5.56,439525
5.56,437640
5.56,435977
5.56,434523
5.56,427858
5.56,419662
5.56,419388
5.56,414818
7.33,413748
7.33,413469
7.33,410207
7.33,410180
7.33,409191
8.25,408891
8.25,408301
8.25,404411
8.25,401934
8.25,400740
8.25,399812
8.40,399566
8.63,399069
8.63,398080
8.63,394539
8.63,393729
8.63,393430
8.63,393364
8.63,391531
8.63,389866
8.63,388031
8.63,387474
8.63,387031
8.87,377637
8.87,376961
8.87,375739
8.89,374954
8.89,372063
8.89,371881
8.89,370247
8.89,368993
8.89,367216
9.70,364199
9.71,363983
9.71,363514
9.71,360370
9.71,358964
10.33,357124
10.71,353826
10.93,352883
10.94,352698
10.94,352581
10.94,352277
10.94,349830
10.94,349819
10.94,347904
10.94,344843
10.94,344612
10.94,343995
10.94,343542
10.94,342185
10.94,340684
11.11,340566
11.11,339746
11.34,338348
11.43,338202
11.65,338016
11.66,336791
11.66,335816
11.66,333679
11.66,333058
11.66,330369
11.66,328087
11.66,327645
11.66,324802
11.66,319975
11.66,319240
11.66,317088
11.66,315637
12.09,315470
12.09,315447
12.09,314893
12.11,312382
12.11,312242
12.11,310773
12.52,308322
12.52,308134
12.52,305294
12.52,303696
12.55,300316
12.55,297381
12.55,296890
12.55,295634
12.55,295418
13.32,295000
13.40,294408
13.40,294204
13.44,293575
13.44,292168
13.44,292127
13.44,290611
13.44,289404
13.44,289065
13.44,285720
13.44,283298
13.44,281637
13.44,278988
13.44,278376
13.44,277819
14.07,275121
14.07,274776
14.07,272587
14.07,272207
14.07,271579
14.08,271322
14.33,270476
14.33,267233
14.56,266453
14.56,266413
14.56,262975
14.79,262519
14.79,261943
14.82,260909
14.82,260334
14.82,258014
14.82,257662
14.82,256755
14.82,256713
14.83,254817
14.83,252582
14.83,248247
15.55,245902
15.82,245315
15.82,244566
15.82,244336
15.82,243271
15.82,242309
15.82,241685
15.82,241249
15.82,241244
15.82,240390
15.84,239182
15.84,238747
15.88,236767
15.88,234652
15.88,233847
15.88,233659
15.88,232564
15.89,230363
15.89,230081
16.09,230068
16.09,229073
16.09,228588
16.09,228331
16.09,228243
16.10,227380
16.10,226113
16.10,225535
16.10,224634
16.10,221432
16.10,218682
16.39,218630
16.39,217549
16.39,216879
16.39,215075
16.39,214891
16.78,214786
16.78,214779
16.78,213470
16.78,212192
16.78,211586
17.34,211194
17.34,211038
17.37,210905
17.37,210609
17.37,209908
17.37,209123
17.38,207137
17.38,206005
17.38,204218
17.38,203846
17.38,201105
17.38,200370
17.38,198699
17.38,196918
18.13,196487
18.13,196375
18.13,196044
18.13,195652
18.13,195302
18.13,195207
18.13,193301
18.13,192655
18.13,192449
18.13,191962
18.13,190196
18.35,189463
18.35,189135
18.35,187469
18.35,185942
18.45,185723
18.45,185363
18.45,184737
18.45,183249
18.45,183212
18.45,181368
18.45,181117
18.86,180234
18.86,179892
18.86,177965
18.86,177748
18.89,175205
19.13,174861
19.13,174178
19.13,173886
19.13,173192
19.13,170501
19.69,170092
19.69,169881
19.69,168941
19.78,168850
19.78,168047
19.78,167767
20.02,166581
20.03,166179
20.03,165781
20.04,164900
20.18,164795
20.18,164772
20.18,163215
20.18,162252
20.18,162167
20.19,162167
20.19,161689
20.33,161570
20.33,161342
20.33,161211
20.33,160676
20.33,160580
20.93,160560
20.93,160379
21.05,160027
21.05,159366
21.05,159204
21.05,158369
21.05,157759
21.05,157301
21.05,156540
21.06,155997
21.06,155715
21.06,155630
21.06,155348
21.06,155005
21.06,153935
21.25,153575
21.25,153419
21.27,152148
21.49,152075
21.49,151767
21.49,151513
21.49,151498
21.49,151147
21.94,150798
21.94,150648
21.94,149928
21.94,149766
21.95,149491
21.95,148733
21.96,148229
21.96,147954
22.18,147627
22.18,147416
22.19,147388
22.26,146506
22.26,146241
22.26,146110
22.26,146048
22.82,145700
22.82,145373
22.83,144389
22.83,144335
22.83,143967
22.83,143933
22.83,142958
22.89,142937
22.90,142856
22.98,142590
23.23,141186
23.23,140577
23.23,140064
23.23,139606
23.24,139043
23.27,138861
24.63,138404
24.63,138391
24.64,138199
24.64,138163
24.65,137998
24.65,137715
24.82,136780
24.82,136637
24.94,136560
25.12,136278
25.34,135245
25.35,135205
25.58,135187
25.58,134997
25.85,134690
25.86,134660
25.87,134561
26.32,134519
26.36,134411
26.37,133963
26.37,133643
26.37,133458
26.68,133338
