0.06,730061
0.07,720284
0.07,710976
0.07,707591
0.07,707564
0.07,707404
0.07,705577
0.07,703021
0.07,702585
0.07,694812
0.07,694199
0.07,691855
0.08,689241
0.08,686886
0.08,686879
0.08,683069
0.08,672031
0.08,670473
0.08,670429
0.08,669386
0.08,668700
0.08,662463
0.08,661545
0.08,660371
0.08,655588
0.08,652078
0.08,645631
0.08,641617
0.08,635380
0.08,635210
0.09,634447
0.09,632422
0.09,631969
0.09,629363
0.09,621215
0.10,620426
0.10,613771
0.10,607575
0.10,605417
0.10,601508
0.10,600610
0.10,595449
0.10,594329
0.10,588306
0.10,587200
0.10,586489
0.10,581318
0.11,573667
0.11,569723
0.11,568049
0.11,564675
0.11,562913
0.11,560352
0.11,558568
0.15,554201
0.15,549962
0.15,546367
0.43,541995
0.49,540892
0.49,538501
0.49,537209
0.49,536119
0.49,535131
0.49,531689
0.50,529062
0.50,527297
0.50,523130
0.50,520062
0.50,519650
0.50,517895
1.48,509465
1.48,508472
1.48,508461
1.48,508417
1.69,507998
1.69,504546
2.04,500637
2.04,497616
2.04,489982
2.04,488138
2.04,485881
2.04,484967
3.90,484449
3.90,473232
3.90,472322
3.90,465784
3.90,465670
3.90,464941
4.52,462450
4.52,461300
4.52,460628
4.52,459649
4.52,457820
4.52,457159
4.52,457135
5.16,456083
5.16,454920
5.84,452450
5.84,452346
5.84,450928
5.84,447920
6.11,446851
6.11,435633
6.11,432051
6.86,431334
6.86,430685
6.87,427604
6.87,427490
7.28,424164
7.28,421590
7.72,416918
7.72,415445
7.72,414644
7.72,414053
7.72,405996
8.11,404612
8.11,402607
8.11,401809
8.67,397624
8.82,395172
8.82,393962
8.82,392329
8.99,391924
8.99,388543
8.99,385954
8.99,383964
8.99,380730
9.29,379570
9.42,378457
9.42,377001
9.42,374503
9.42,373828
9.42,373425
9.42,372038
9.42,371465
9.42,369694
9.42,369066
9.42,368245
9.60,368229
9.60,366164
9.60,362386
9.61,360412
9.61,360059
9.61,357730
9.61,357074
9.61,356492
9.61,354488
10.78,352130
10.78,351505
10.78,349696
10.86,346238
10.86,342190
10.86,340913
10.86,340816
10.86,336781
10.86,334105
10.86,331619
10.86,330977
10.86,324083
10.86,320191
12.12,314983
12.12,312870
12.12,312716
12.48,311017
12.48,310983
12.48,309665
12.48,309466
12.48,309209
13.05,308818
13.09,308587
13.09,308108
13.09,305964
13.13,304536
13.13,300393
13.13,300342
13.13,300295
13.13,295211
13.13,293950
13.13,291000
13.13,290242
13.13,289198
13.13,288593
13.13,285722
13.13,284662
13.13,280666
13.14,279905
13.14,279473
13.64,279062
13.64,277436
13.64,274751
13.64,273866
13.64,273237
13.64,272729
14.36,270991
14.36,270209
14.36,268581
14.36,265899
14.56,265176
14.56,264755
14.56,264243
14.60,264113
14.60,260912
14.60,258643
14.60,256929
14.88,256855
15.14,256662
15.14,256342
15.14,256044
15.14,255862
15.15,255342
15.15,255136
15.15,254782
15.51,253550
15.51,253084
15.51,252765
15.51,249328
15.51,248815
15.51,248611
15.51,248081
15.51,247797
15.51,247323
15.51,247282
15.53,242704
15.53,240822
15.58,240357
15.58,239069
15.83,237054
15.83,236034
15.83,236015
15.83,235613
15.83,234303
16.03,233429
16.03,232891
16.03,232876
16.08,232010
16.08,230930
16.23,229093
16.23,228947
16.23,228786
16.42,227097
16.59,224399
16.59,224298
16.59,223575
16.59,223542
16.59,223128
16.77,222651
16.77,221680
16.77,221159
16.77,217698
16.77,217324
16.77,216880
16.77,215704
17.34,214654
17.34,213306
17.42,210538
17.42,209961
17.46,209956
17.46,209493
17.56,208577
17.69,206425
17.69,206227
17.69,205849
17.69,205046
17.70,204287
17.70,204167
17.70,204099
17.70,204037
17.71,203925
17.71,202867
17.72,200175
17.72,199919
17.72,199771
17.72,198920
17.72,198765
17.72,197188
17.72,196505
17.85,195968
17.85,194305
17.85,193635
18.04,193317
18.04,190925
18.04,189833
18.04,189319
18.04,188665
18.57,188616
18.57,188479
18.57,188331
18.57,188324
18.57,187795
18.57,187779
18.57,187421
18.57,187384
18.57,187062
18.57,184168
18.57,183883
18.57,183448
18.57,183042
18.57,182389
18.57,181013
18.57,180708
18.57,180279
18.58,179270
18.58,178563
19.42,178204
19.49,177731
19.49,177710
19.49,176870
19.49,175968
19.49,175781
19.49,174868
19.49,174807
19.70,174649
19.70,173965
19.98,172752
19.98,172681
19.98,171880
19.98,171814
19.98,170852
19.98,170057
19.98,169661
19.98,168725
19.98,168562
19.98,168030
19.98,167948
19.98,167775
19.98,167597
20.18,165631
20.18,164566
20.18,164060
20.67,164053
20.67,162592
20.70,161915
20.70,161809
21.20,161776
21.20,161329
21.20,161237
21.21,160832
21.21,160605
21.21,159853
21.22,159644
21.22,159617
21.22,159424
21.22,158576
21.43,157510
21.43,155974
21.44,155710
21.44,153822
21.44,153515
21.44,152820
21.44,152726
21.44,152571
21.44,152440
21.44,151217
22.17,151132
22.17,150813
22.23,150271
22.23,149065
22.59,148278
22.59,148091
22.60,148078
22.60,148048
22.60,147145
22.60,146216
22.61,146049
22.63,145695
22.65,145322
22.66,144653
22.66,144341
22.66,144221
22.66,144088
22.66,144074
22.98,143653
22.98,143488
22.98,143176
23.28,142875
23.28,142694
23.31,141953
23.32,141825
23.32,141324
23.82,141322
23.82,141196
23.82,140969
23.82,140877
23.82,140299
23.82,140176
23.83,140046
23.83,140012
23.83,139353
23.95,139326
24.56,139193
24.59,139008
24.59,138993
24.59,138699
25.30,138373
25.30,138172
25.30,137335
25.36,136749
25.36,136725
25.36,136439
25.36,135590
25.37,135551
25.60,135437
25.61,134972
26.46,134933
26.46,134884
26.47,134835
26.49,134415
26.79,134280
26.94,134263
27.11,133911
27.15,133744
27.34,133723
27.39,133679
27.39,133485
27.43,133300
27.74,133033
27.77,132979
29.01,132928
29.02,132879
