0.06,739274
0.06,729447
0.06,727963
0.06,724383
0.06,721558
0.06,716322
0.06,716163
0.06,715299
0.07,712711
0.07,711925
0.07,711706
0.07,699258
0.07,697522
0.07,693672
0.07,691585
0.07,691338
0.07,688248
0.07,687822
0.07,684675
0.07,680285
0.07,680233
0.07,677911
0.07,671310
0.08,664797
0.08,660035
0.08,658419
0.08,656375
0.08,656294
0.08,656126
0.08,654616
0.08,651728
0.08,649557
0.08,648738
0.08,644804
0.08,638113
0.09,631476
0.09,629388
0.09,622635
0.09,620126
0.09,617824
0.09,608419
0.09,607943
0.09,603789
0.10,603738
0.10,603146
0.10,603123
0.10,599265
0.11,594094
0.15,585088
0.15,584408
0.15,584088
0.15,582900
0.15,582057
0.15,573631
0.15,570704
0.15,562673
0.20,553789
0.20,551882
0.20,550852
0.20,542768
0.20,541367
0.21,539526
0.28,539287
0.28,539161
0.28,522386
0.28,520334
0.28,519934
1.34,517978
1.83,506618
1.83,505648
1.96,496994
3.15,496012
3.15,495935
3.15,495443
3.15,493889
3.24,489199
3.24,488111
3.24,487563
3.24,484691
3.98,482537
3.98,480592
4.39,479508
4.39,476371
4.39,475870
4.54,472189
5.35,469482
5.35,465753
5.35,465722
5.35,464020
5.35,464012
5.35,461947
5.35,459602
5.35,453220
6.09,452224
6.09,449666
6.09,447558
6.09,447364
6.09,445919
6.09,445654
6.09,444683
6.09,441017
6.09,440522
6.09,431956
6.09,431865
6.09,428839
6.09,427662
6.09,425808
6.09,422407
7.51,420097
7.51,419929
7.84,419810
7.84,416309
7.84,411728
7.84,411401
7.84,406909
7.84,404108
7.84,404022
7.84,403443
7.89,400485
7.89,399067
7.89,397261
7.89,389971
7.89,389435
8.20,388046
9.01,379904
9.01,379112
9.01,377050
9.01,376234
9.01,376039
9.01,375710
9.01,375163
9.65,374003
9.94,371513
9.94,368283
9.94,368196
9.94,364811
9.94,362191
9.94,362187
9.94,361432
10.00,353223
10.27,353000
10.27,352743
10.27,352575
10.59,349036
10.59,347901
10.59,344653
10.59,344541
10.59,339837
10.59,338363
10.59,336803
10.59,334828
10.59,334747
10.59,327533
10.59,325450
11.44,324746
11.44,322990
11.44,319333
11.44,317780
11.87,317262
11.93,316116
12.35,315761
12.35,315088
12.35,313404
12.35,311307
12.35,310961
12.35,309093
12.50,308128
12.50,305989
12.53,305891
12.53,303340
12.53,302423
12.54,301986
12.54,301175
13.11,298009
13.11,291634
13.16,289609
13.20,289517
13.20,288410
13.20,288047
13.20,286159
13.20,284713
13.20,283204
13.20,282051
13.20,281149
13.20,279886
13.20,278027
13.20,277605
13.20,274769
13.20,272947
13.20,272912
13.91,271858
13.91,269692
13.91,262821
13.91,261561
14.19,259679
14.19,259383
14.55,259032
14.55,256806
14.55,255808
14.55,255084
14.87,254654
14.87,253311
14.87,249678
15.24,248723
15.35,245932
15.36,245321
15.36,244751
15.36,241555
15.36,241241
15.36,240955
15.36,240790
15.36,238822
15.36,238180
15.36,237276
15.36,236164
15.36,235864
15.36,234183
15.79,233290
15.79,232621
15.79,231601
15.79,227962
15.81,227040
15.81,225753
16.27,225707
16.27,224119
16.27,223795
16.27,222851
16.28,221652
16.28,219722
16.28,218824
16.28,215100
16.28,214869
16.28,214780
16.71,210388
17.03,209836
17.03,208870
17.46,208244
17.46,207944
17.46,207438
17.46,206770
17.46,205202
17.46,203023
17.46,199672
17.46,199258
17.46,199171
17.46,196099
17.46,195254
17.97,194674
17.97,193033
18.14,192031
18.14,191043
18.14,190726
18.41,186405
18.41,186234
18.41,185566
18.41,183830
18.41,183026
18.41,182818
18.41,182643
18.42,182128
18.77,181540
18.77,180473
18.77,180055
18.77,179761
18.77,179668
18.77,179027
18.77,178958
18.77,178480
18.77,176853
18.77,175204
18.77,173084
19.62,172230
19.62,171828
19.64,171039
19.64,169663
19.82,169620
19.82,169565
19.83,169414
19.83,168707
19.83,168646
20.30,167941
20.30,166492
20.30,165609
20.30,164821
20.30,164036
20.30,162615
20.31,161958
20.31,161476
20.31,160866
20.31,160639
20.31,160506
20.81,160263
20.81,159478
20.81,159021
21.03,157915
21.03,157852
21.03,157545
21.03,157243
21.03,157215
21.03,157152
21.03,157081
21.30,156939
21.30,156864
21.30,156505
21.30,156466
21.35,156398
21.36,154418
21.36,153330
21.36,152390
21.36,151909
21.37,151828
21.37,151105
21.37,151100
21.37,150413
21.37,149470
21.37,148928
21.37,148798
22.07,148051
22.26,148021
22.27,147958
22.27,146669
22.27,146220
22.27,145998
22.27,145654
22.27,145326
22.28,144372
23.15,144360
23.26,144297
23.29,144151
23.29,143896
23.29,143712
23.30,143514
23.30,142818
23.32,142630
23.32,142622
23.32,142059
23.44,141795
23.44,140822
23.55,140766
23.55,140551
23.75,140253
23.75,140068
23.75,139357
23.76,139008
23.76,138497
24.29,138379
24.29,138352
24.99,138218
24.99,137687
25.08,137062
25.08,136826
25.08,136787
25.09,136704
25.09,136624
25.09,136570
25.46,136442
25.46,136440
25.47,135948
25.47,135763
26.14,135425
26.15,134911
26.15,134727
26.15,134466
26.50,134422
26.53,134326
26.53,134208
26.53,134043
27.14,133958
27.15,133774
27.16,133751
27.38,133738
27.40,133661
27.83,133648
27.83,133448
27.83,133379
28.05,133351
28.55,133182
