0.00,691242
0.01,677679
0.01,669937
0.01,664281
0.01,661270
0.01,661268
0.01,656080
0.01,656030
0.01,655961
0.01,655573
0.01,652422
0.01,645161
0.01,644468
0.01,639198
0.01,638904
0.01,638652
0.01,634420
0.01,627946
0.01,618433
0.01,616074
0.02,612917
0.02,611242
0.02,610099
0.02,607788
0.02,601801
0.02,600770
0.02,596437
0.02,594860
0.02,594301
0.02,590679
0.02,588116
0.02,587660
0.02,587349
0.02,586907
0.02,585342
0.02,584568
0.02,583535
0.02,581345
0.02,580860
0.02,580820
0.02,579919
0.02,578400
0.02,577275
0.02,574148
0.02,570300
0.02,566457
0.02,566309
0.02,562811
0.02,556551
0.02,555343
0.02,553651
0.02,551872
0.02,549026
0.02,546074
0.02,544702
0.02,540811
0.03,540635
0.03,540117
0.03,539664
0.03,537317
0.03,533007
0.03,526767
0.03,520799
0.03,515610
0.03,510852
0.03,503954
0.03,502506
0.03,500846
0.03,499298
0.03,498232
0.03,495722
0.03,492612
0.03,492463
0.03,484162
0.03,483312
0.03,481921
0.03,481045
0.03,476261
0.03,470449
0.03,457933
0.03,455326
0.03,453722
0.03,453247
0.03,451390
0.03,450640
0.03,449591
0.03,442268
0.03,442187
0.03,442172
0.03,441856
0.04,439580
0.04,437236
0.04,436761
0.04,435359
0.04,434635
0.04,433202
0.04,429447
0.04,427717
0.04,426625
0.04,426587
0.04,421170
0.04,421084
0.04,418608
0.04,418173
0.04,417466
0.04,416643
0.04,414888
0.04,413740
0.04,413549
0.04,412650
0.04,408632
0.04,408316
0.04,407661
0.04,405637
0.04,404536
0.04,400875
0.04,396725
0.04,395854
0.04,395730
0.04,394489
0.04,392933
0.04,383144
0.04,381506
0.04,379536
0.04,379279
0.04,378806
0.05,377533
0.05,377420
0.05,373513
0.05,372020
0.05,369658
0.05,368216
0.05,366425
0.05,366237
0.05,365897
0.05,365580
0.05,365221
0.05,364056
0.05,363654
0.05,361320
0.05,361062
0.05,359438
0.05,353032
0.05,352041
0.05,350243
0.05,348063
0.05,343813
0.05,343684
0.05,341994
0.05,341399
0.05,339348
0.05,337948
0.05,336812
0.05,335274
0.05,334841
0.05,332200
0.05,331379
0.05,328471
0.05,326853
0.05,325124
0.05,325037
0.05,325028
0.06,323941
0.06,321545
0.06,320517
0.06,314497
0.06,313642
0.06,313120
0.06,312118
0.06,311925
0.06,307765
0.06,307279
0.06,305976
0.06,305297
0.06,304851
0.06,304743
0.06,304128
0.06,301876
0.06,300905
0.06,298249
0.06,298066
0.06,294980
0.06,294488
0.06,293580
0.06,292894
0.06,291641
0.06,291103
0.06,278128
0.06,277523
0.06,276885
0.06,276776
0.06,275492
0.07,274811
0.07,272444
0.07,271879
0.07,271571
0.07,271549
0.07,270838
0.07,270488
0.07,268754
0.07,264436
0.07,263880
0.07,263048
0.07,262418
0.07,261680
0.07,257280
0.07,257249
0.07,256792
0.07,254530
0.07,252720
0.07,251707
0.07,250726
0.07,250181
0.07,249196
0.07,249110
0.07,246862
0.07,245507
0.07,245477
0.07,243785
0.07,242287
0.07,241898
0.07,241380
0.07,239641
0.07,238066
0.08,235812
0.08,233511
0.08,232442
0.08,231922
0.08,230116
0.08,229989
0.08,227478
0.08,226833
0.08,226807
0.08,226255
0.08,226176
0.08,225242
0.08,224836
0.08,224828
0.08,223675
0.08,222298
0.08,221190
0.08,220188
0.08,219832
0.08,219318
0.08,218767
0.09,218497
0.09,217457
0.09,217389
0.09,215232
0.09,214903
0.09,214788
0.09,198781
0.09,196285
0.09,196069
0.09,194240
0.09,193189
0.09,192463
0.09,191227
0.09,190571
0.09,190221
0.09,190149
0.09,190139
0.10,189404
0.10,187114
0.10,186807
0.10,184466
0.10,184080
0.10,183900
0.10,183481
0.10,183299
0.10,183209
0.10,182401
0.10,181269
0.10,180223
0.10,179961
0.10,179841
0.10,179345
0.11,178892
0.11,178814
0.11,176197
0.11,175373
0.11,174881
0.11,174170
0.11,173890
0.11,172510
0.11,171410
0.12,170604
0.12,170589
0.12,170207
0.12,168825
0.12,168757
0.12,168313
0.12,167375
0.13,165720
0.13,165142
0.13,165123
0.13,164883
0.13,164811
0.13,164719
0.13,164717
0.13,164302
0.13,163114
0.14,162749
0.14,162184
0.14,162118
0.15,162064
0.15,161044
0.15,160612
0.15,160084
0.15,159371
0.15,159024
0.16,158885
0.16,158479
0.16,158406
0.16,158207
0.16,157925
0.16,157755
0.16,155942
0.16,155942
0.17,154494
0.17,153212
0.17,153169
0.17,152824
0.17,152824
0.17,152594
0.18,150952
0.18,149815
0.18,149095
0.19,149002
0.19,148992
0.19,148340
0.20,145416
0.20,143497
0.20,143454
0.20,140745
0.20,139941
0.21,139278
0.22,138662
0.24,138125
0.27,137175
0.30,137035
0.30,136896
0.33,136890
0.34,136274
0.37,136205
14.13,136033
28.52,135782
43.87,135645
44.06,135324
89.52,135058
89.53,134339
109.78,134229
109.81,134229
412.19,133750
412.20,133681
412.23,133571
