0.00,681755
0.01,673774
0.01,672432
0.01,669923
0.01,666744
0.01,666716
0.01,662199
0.01,661893
0.01,660936
0.01,649814
0.01,649279
0.01,646720
0.01,645212
0.01,642095
0.01,640659
0.01,638403
0.01,636978
0.01,629216
0.02,619642
0.02,617998
0.02,612703
0.02,610839
0.02,609618
0.02,609368
0.02,608076
0.02,606050
0.02,604706
0.02,598255
0.02,596895
0.02,596165
0.02,596016
0.02,592544
0.02,590526
0.02,582426
0.02,579901
0.02,578526
0.02,577387
0.02,576255
0.02,573980
0.02,572743
0.02,570250
0.02,569999
0.02,567462
0.02,565397
0.02,563778
0.02,561750
0.02,560937
0.02,560261
0.02,559065
0.02,558006
0.03,554414
0.03,543622
0.03,542381
0.03,541763
0.03,541447
0.03,540782
0.03,533179
0.03,527058
0.03,523931
0.03,522483
0.03,522479
0.03,518313
0.03,517718
0.03,516664
0.03,515383
0.03,515114
0.03,515034
0.03,510208
0.03,508697
0.03,508081
0.03,507441
0.03,503896
0.03,503098
0.03,502879
0.03,501315
0.03,501245
0.03,500645
0.03,499703
0.03,495101
0.03,491609
0.04,487284
0.04,486169
0.04,480440
0.04,478754
0.04,477114
0.04,476255
0.04,475411
0.04,475037
0.04,471542
0.04,467969
0.04,467949
0.04,467842
0.04,466116
0.04,465950
0.04,464734
0.04,462511
0.04,462026
0.04,456607
0.04,452610
0.04,452609
0.04,451286
0.04,451065
0.04,450168
0.04,446977
0.04,446873
0.04,443211
0.04,442832
0.04,442616
0.04,440950
0.04,440339
0.04,439721
0.04,438792
0.05,437267
0.05,434732
0.05,429737
0.05,426091
0.05,424421
0.05,423467
0.05,423096
0.05,418930
0.05,417450
0.05,416697
0.05,415213
0.05,412862
0.05,410959
0.05,409083
0.05,403602
0.05,403111
0.05,401532
0.05,400490
0.05,399489
0.05,399468
0.05,398846
0.05,397701
0.05,397370
0.05,396033
0.05,393115
0.05,391947
0.05,385930
0.05,385915
0.05,384538
0.05,377627
0.05,377577
0.05,375499
0.05,374892
0.05,372439
0.05,372158
0.05,371325
0.05,371284
0.05,370106
0.05,368443
0.05,366290
0.05,363078
0.05,360921
0.05,359404
0.05,358683
0.05,357200
0.06,354957
0.06,352468
0.06,351077
0.06,350841
0.06,350339
0.06,347831
0.06,347188
0.06,339399
0.06,339061
0.06,337718
0.06,336666
0.06,335800
0.06,335249
0.06,334032
0.07,333662
0.07,333486
0.07,333327
0.07,332359
0.07,330785
0.07,330508
0.07,328680
0.07,328407
0.07,327012
0.07,323737
0.07,322964
0.07,321445
0.07,321054
0.07,320029
0.07,319375
0.07,318974
0.07,318530
0.07,317470
0.07,316503
0.07,316301
0.07,311904
0.07,309494
0.07,309258
0.07,309075
0.07,308340
0.07,308169
0.07,308111
0.07,307222
0.07,306555
0.07,305276
0.07,304454
0.07,304199
0.07,300774
0.08,295921
0.08,295473
0.08,295160
0.08,293855
0.08,292794
0.08,291245
0.08,290851
0.08,289614
0.08,288479
0.08,288309
0.08,286055
0.08,284848
0.08,281579
0.08,279669
0.08,279482
0.08,278612
0.08,278546
0.08,278105
0.08,276596
0.08,275655
0.08,274984
0.08,273340
0.08,273002
0.08,271531
0.08,268984
0.08,268772
0.08,268070
0.08,267806
0.08,267275
0.08,266524
0.09,264656
0.09,263845
0.09,258097
0.09,255667
0.09,255164
0.09,254641
0.09,253670
0.09,252841
0.09,248774
0.09,248505
0.09,247326
0.09,246954
0.09,244352
0.09,244226
0.09,244025
0.09,231111
0.09,230985
0.09,230882
0.09,227932
0.09,226910
0.09,226631
0.09,224804
0.09,222328
0.09,222152
0.10,221544
0.10,221250
0.10,218514
0.10,218458
0.10,218333
0.10,218005
0.10,215964
0.10,214228
0.10,213920
0.10,212596
0.10,212563
0.10,212417
0.10,211788
0.10,211390
0.11,210199
0.11,209312
0.11,208953
0.11,207006
0.11,206382
0.11,203829
0.11,202407
0.11,202283
0.11,200072
0.11,198918
0.11,193931
0.11,193806
0.11,190413
0.11,190388
0.11,190328
0.11,189622
0.11,189552
0.11,189488
0.11,188274
0.11,188265
0.11,187615
0.12,187212
0.12,186387
0.12,184948
0.12,183998
0.12,183571
0.12,182877
0.12,180251
0.12,178635
0.12,178104
0.12,176564
0.12,175892
0.12,175866
0.12,174859
0.12,174858
0.12,174720
0.12,173938
0.12,173587
0.12,173497
0.12,173334
0.13,170581
0.13,169693
0.13,169145
0.13,166871
0.13,166690
0.13,165741
0.14,165415
0.14,165341
0.14,164664
0.14,164136
0.15,162490
0.15,161260
0.15,161155
0.15,159700
0.15,158206
0.15,157129
0.15,157085
0.16,157010
0.16,156915
0.16,156770
0.16,156243
0.17,155970
0.17,155584
0.17,155086
0.17,154611
0.18,152457
0.18,152267
0.18,151420
0.18,151237
0.19,150818
0.19,150106
0.20,147680
0.20,146103
0.21,145900
0.22,145864
0.22,145341
0.22,145022
0.23,144146
0.24,143849
0.25,143842
0.26,143436
0.27,143366
0.27,143046
0.28,142944
0.30,142594
0.31,142256
0.44,142166
0.48,140613
1.99,140054
2.01,140054
2.02,139675
2.04,139579
4.30,139220
4.32,139172
4.33,138449
7.40,138328
7.41,137792
10.77,137284
14.48,137239
14.49,137212
14.53,137133
14.53,137131
17.46,137012
17.77,136951
17.77,135746
17.79,135663
48.85,135436
48.85,135071
48.85,134990
48.87,134844
89.38,134762
89.38,134759
89.39,134243
211.63,134126
256.64,134125
