0.00,689798
0.01,689791
0.01,684115
0.01,681646
0.01,680789
0.01,679432
0.01,675995
0.01,670153
0.01,666842
0.01,664971
0.01,658469
0.01,657557
0.01,650015
0.01,648066
0.01,648037
0.01,647004
0.01,639769
0.01,639684
0.01,639581
0.01,639409
0.01,636753
0.01,634725
0.01,628985
0.02,627188
0.02,618818
0.02,617220
0.02,594475
0.02,594033
0.02,593726
0.02,591503
0.02,589340
0.02,589059
0.02,588476
0.02,587536
0.02,584736
0.02,584204
0.02,580514
0.02,579778
0.02,575948
0.02,574918
0.02,574252
0.02,572802
0.02,567339
0.02,566080
0.02,565453
0.02,554502
0.02,554497
0.02,553258
0.02,550354
0.02,543540
0.02,538782
0.03,535796
0.03,534371
0.03,532225
0.03,530605
0.03,523840
0.03,522902
0.03,519259
0.03,516199
0.03,515225
0.03,515116
0.03,512669
0.03,510092
0.03,498287
0.03,497427
0.03,495479
0.03,494898
0.03,493511
0.03,488470
0.03,488066
0.03,487739
0.04,487189
0.04,483732
0.04,483560
0.04,481258
0.04,473109
0.04,468039
0.04,464132
0.04,463606
0.04,461908
0.04,460660
0.04,459392
0.04,458220
0.04,456426
0.04,452421
0.04,442555
0.04,441436
0.04,439801
0.04,439461
0.04,439345
0.04,437641
0.04,436133
0.04,433114
0.04,432433
0.04,429629
0.04,428086
0.04,427864
0.04,427769
0.04,427049
0.04,426057
0.04,425463
0.04,423928
0.04,421997
0.04,419329
0.04,419294
0.04,417586
0.05,415640
0.05,411320
0.05,410935
0.05,410027
0.05,408065
0.05,406134
0.05,399235
0.05,398310
0.05,396407
0.05,395834
0.05,395351
0.05,394938
0.05,390109
0.05,386129
0.05,385039
0.05,383182
0.05,381973
0.05,380845
0.05,373745
0.05,368309
0.05,367265
0.05,366760
0.05,366054
0.05,366026
0.05,362089
0.05,362084
0.05,359326
0.05,355513
0.05,353197
0.05,353009
0.05,350541
0.05,343807
0.05,342698
0.05,341042
0.05,334681
0.05,334392
0.05,332374
0.05,331851
0.05,331272
0.05,328134
0.05,326557
0.05,323912
0.06,321418
0.06,321100
0.06,320877
0.06,320761
0.06,320733
0.06,320405
0.06,320289
0.06,319440
0.06,311192
0.06,311192
0.06,310118
0.06,309724
0.06,309062
0.06,308502
0.06,308496
0.06,307568
0.06,306625
0.06,304350
0.06,303038
0.06,301661
0.06,301336
0.06,301172
0.06,300411
0.06,298205
0.06,297851
0.06,297068
0.06,296951
0.06,296931
0.06,296491
0.06,296166
0.06,293484
0.07,293230
0.07,293217
0.07,292561
0.07,292361
0.07,292175
0.07,290058
0.07,289235
0.07,288518
0.07,285473
0.07,280360
0.07,280074
0.07,278052
0.07,277939
0.07,275427
0.07,275090
0.07,274349
0.07,271526
0.07,271170
0.07,266388
0.07,265662
0.07,265474
0.07,264250
0.07,263451
0.07,261716
0.08,261692
0.08,261510
0.08,260121
0.08,259358
0.08,259171
0.08,259005
0.08,256193
0.08,256099
0.08,253801
0.08,253088
0.08,253086
0.08,250775
0.08,250639
0.08,250605
0.08,250371
0.08,248383
0.08,247309
0.08,246397
0.08,244407
0.08,244303
0.08,243975
0.08,243695
0.08,241632
0.08,240933
0.09,230082
0.09,228173
0.09,227508
0.09,227090
0.09,226410
0.09,226073
0.09,226008
0.09,225292
0.09,225249
0.09,222742
0.09,222551
0.09,222336
0.09,221755
0.09,221049
0.09,221000
0.09,219937
0.10,219795
0.10,217448
0.10,217378
0.10,216852
0.10,216120
0.10,216007
0.10,215536
0.10,214301
0.10,214241
0.10,207651
0.10,204616
0.11,201729
0.11,201050
0.11,200602
0.11,200189
0.11,199596
0.11,197806
0.11,197646
0.11,197557
0.11,197373
0.11,197273
0.11,196849
0.11,196443
0.11,195610
0.11,195594
0.11,195307
0.11,195190
0.11,193878
0.11,190836
0.11,190783
0.12,190036
0.12,189994
0.12,189465
0.12,188330
0.12,188326
0.12,188320
0.12,187861
0.12,187234
0.12,187093
0.12,186478
0.12,186180
0.12,185990
0.13,185373
0.13,185292
0.13,184335
0.13,184191
0.13,184003
0.13,183954
0.13,183838
0.14,183303
0.14,182692
0.14,182394
0.14,182207
0.15,181394
0.15,180441
0.15,179892
0.15,179014
0.15,178493
0.15,177959
0.16,177595
0.16,177528
0.16,176323
0.16,175488
0.16,173842
0.16,173155
0.16,171946
0.16,171720
0.16,170292
0.16,169933
0.17,169185
0.17,166975
0.17,166810
0.17,166793
0.17,165010
0.17,163824
0.17,163667
0.18,162660
0.18,162076
0.18,161908
0.18,158677
0.18,158521
0.19,158087
0.19,154050
0.19,153798
0.19,153691
0.19,153414
0.19,151611
0.20,150548
0.21,149946
0.21,149719
0.21,149534
0.22,149175
0.22,149146
0.22,148791
0.23,148573
0.25,148301
0.26,148123
0.31,147937
0.31,145511
0.33,145511
0.48,144778
0.50,144043
0.51,143849
0.51,143490
0.52,143347
0.52,142624
0.52,142567
0.53,141682
0.53,140662
0.83,140216
0.84,139465
0.86,138874
1.14,137264
1.15,136751
1.31,136686
1.52,135830
1.55,135631
10.16,135426
59.94,135296
65.61,135024
85.06,134522
85.09,134438
85.09,134146
118.64,133969
360.95,133841
360.95,133730
360.96,133533
360.99,133108
