0.00,683854
0.01,682947
0.01,676393
0.01,674247
0.01,664125
0.01,656972
0.01,656530
0.01,653294
0.01,651789
0.01,651648
0.01,644863
0.01,639623
0.01,639226
0.01,638835
0.01,632804
0.01,632493
0.01,629544
0.01,620812
0.01,620308
0.02,619371
0.02,618219
0.02,616458
0.02,611826
0.02,607226
0.02,604638
0.02,604624
0.02,603621
0.02,596130
0.02,585852
0.02,585739
0.02,584549
0.02,584302
0.02,570565
0.02,569053
0.02,567587
0.02,561148
0.02,560925
0.02,556818
0.02,554419
0.02,545526
0.02,543745
0.02,541622
0.02,541279
0.02,539338
0.02,539044
0.02,537487
0.02,533424
0.02,527027
0.02,526152
0.03,518935
0.03,517938
0.03,517529
0.03,516488
0.03,507968
0.03,504010
0.03,501676
0.03,500158
0.03,498705
0.03,497183
0.03,494574
0.03,494327
0.03,493613
0.03,493320
0.03,484239
0.03,483952
0.03,479944
0.03,476256
0.03,474914
0.03,468833
0.03,467268
0.03,466467
0.03,466286
0.03,462175
0.03,461866
0.03,461850
0.03,459700
0.03,454425
0.03,448235
0.03,446089
0.03,445538
0.03,444625
0.03,444232
0.03,443071
0.03,439593
0.03,439104
0.03,438026
0.03,437325
0.03,437236
0.03,437177
0.03,437159
0.04,436459
0.04,435760
0.04,431618
0.04,424827
0.04,424742
0.04,423284
0.04,418178
0.04,417432
0.04,412416
0.04,411799
0.04,411491
0.04,404818
0.04,397050
0.04,396637
0.04,395480
0.04,395216
0.04,392871
0.04,389512
0.04,389381
0.04,389155
0.04,389026
0.04,388085
0.04,386529
0.04,381575
0.04,379982
0.04,379014
0.04,374149
0.04,370279
0.04,368028
0.04,368021
0.04,366579
0.04,362896
0.05,361494
0.05,360424
0.05,359624
0.05,359344
0.05,358362
0.05,358181
0.05,358063
0.05,357021
0.05,356684
0.05,354216
0.05,352351
0.05,349326
0.05,349047
0.05,347373
0.05,345019
0.05,342846
0.05,342430
0.05,337923
0.05,337327
0.05,335637
0.05,333925
0.05,333747
0.05,329950
0.05,328787
0.05,328216
0.05,328005
0.05,327185
0.05,324212
0.05,323325
0.05,313313
0.05,313104
0.05,312973
0.05,312965
0.05,312477
0.05,310674
0.05,310101
0.05,308870
0.06,308252
0.06,307611
0.06,307299
0.06,305215
0.06,305196
0.06,304904
0.06,304865
0.06,304825
0.06,304367
0.06,304079
0.06,303508
0.06,302055
0.06,301815
0.06,301813
0.06,300397
0.06,300361
0.06,300289
0.06,299343
0.06,293953
0.06,293633
0.06,293133
0.06,292004
0.06,291770
0.06,291676
0.06,289625
0.06,289419
0.06,288722
0.06,288683
0.06,287296
0.06,286148
0.06,283556
0.06,281905
0.06,281627
0.07,281347
0.07,280781
0.07,279441
0.07,279079
0.07,277982
0.07,276343
0.07,273586
0.07,273050
0.07,267097
0.07,267086
0.07,267010
0.07,266216
0.07,265476
0.07,265018
0.07,264051
0.07,262834
0.07,262125
0.07,261235
0.07,261203
0.07,260545
0.07,259479
0.07,259249
0.07,259108
0.07,257627
0.07,257131
0.07,256259
0.08,255823
0.08,255424
0.08,254083
0.08,254001
0.08,253775
0.08,253159
0.08,252553
0.08,252377
0.08,250070
0.08,249281
0.08,247421
0.08,246774
0.08,246580
0.08,245908
0.08,244519
0.08,244516
0.08,243243
0.08,238538
0.08,237796
0.08,236904
0.09,235317
0.09,235244
0.09,235099
0.09,234712
0.09,234641
0.09,234581
0.09,234116
0.09,233936
0.09,218747
0.09,218368
0.09,216985
0.09,215449
0.09,215401
0.09,213099
0.09,211743
0.09,210910
0.10,202415
0.10,202322
0.10,202206
0.10,200513
0.10,199433
0.10,199276
0.10,198147
0.10,196956
0.10,196427
0.10,195878
0.10,193453
0.10,192231
0.10,191692
0.11,191620
0.11,191581
0.11,190068
0.11,189946
0.11,189879
0.11,189319
0.11,189222
0.11,188401
0.11,188120
0.11,187894
0.11,187329
0.11,186832
0.11,186391
0.12,182480
0.12,182082
0.12,180755
0.12,178407
0.12,177744
0.12,176622
0.12,174886
0.12,174312
0.12,172154
0.12,172099
0.13,171953
0.13,171113
0.13,170897
0.13,170601
0.13,170376
0.13,169604
0.13,169231
0.13,169048
0.14,169026
0.14,167948
0.14,166890
0.14,166236
0.14,165396
0.14,163790
0.14,163508
0.14,162717
0.15,162668
0.15,161604
0.15,160580
0.16,159517
0.17,159129
0.17,159092
0.17,159036
0.17,158725
0.17,158463
0.17,158097
0.18,154854
0.18,154762
0.18,154578
0.18,154196
0.18,153987
0.19,153535
0.19,151724
0.20,151304
0.20,150577
0.20,150478
0.21,150175
0.21,150175
0.21,150018
0.21,149515
0.24,149209
0.24,148884
0.24,148111
0.25,147096
0.25,146468
0.26,146350
0.26,146330
0.26,144760
0.26,144615
0.28,143793
0.29,141738
0.30,140138
0.33,139920
0.33,139783
0.33,138306
0.34,138231
0.35,137838
0.36,137692
0.37,137460
0.39,137001
0.39,135290
15.90,134587
15.90,134538
16.11,134342
16.13,133919
104.34,133781
104.36,133581
