0.00,688683
0.01,673764
0.01,667727
0.01,666565
0.01,665036
0.01,662850
0.01,657794
0.01,656892
0.01,653345
0.02,651480
0.02,650365
0.02,644798
0.02,643546
0.02,640978
0.02,640762
0.02,638628
0.02,629114
0.02,626888
0.02,626566
0.02,615244
0.02,612874
0.02,606955
0.02,602564
0.02,598483
0.02,592545
0.03,592241
0.03,590211
0.03,587829
0.03,587699
0.03,583073
0.03,581164
0.03,578728
0.03,576637
0.03,574423
0.03,574023
0.03,569223
0.03,559441
0.03,557216
0.03,554672
0.03,553945
0.03,550494
0.03,549601
0.03,546996
0.03,542144
0.03,534681
0.03,532080
0.03,527000
0.04,526327
0.04,512252
0.04,509542
0.04,503580
0.04,502573
0.04,501740
0.04,500282
0.04,500252
0.04,499753
0.04,498863
0.04,490830
0.04,490282
0.04,487358
0.04,487012
0.04,486561
0.04,482029
0.04,474372
0.04,474270
0.04,472664
0.04,470960
0.04,470253
0.04,470100
0.05,469696
0.05,466957
0.05,466731
0.05,466484
0.05,452070
0.05,452050
0.05,450752
0.05,450306
0.05,449798
0.05,448525
0.05,447144
0.05,446984
0.05,443902
0.05,436403
0.05,426573
0.05,421928
0.05,419919
0.05,419542
0.05,419098
0.05,418722
0.05,415102
0.05,413345
0.05,411034
0.05,410691
0.05,408430
0.05,405786
0.05,402076
0.06,399169
0.06,398548
0.06,397668
0.06,397085
0.06,396263
0.06,394220
0.06,394033
0.06,393452
0.06,392150
0.06,389606
0.06,389297
0.06,388650
0.06,387206
0.06,385355
0.06,382280
0.06,381402
0.06,380621
0.06,380229
0.06,380061
0.06,378614
0.06,375626
0.06,373631
0.06,360130
0.06,357988
0.06,357984
0.06,356073
0.06,355438
0.06,352152
0.06,352151
0.06,349526
0.06,348595
0.06,347870
0.06,347024
0.06,346439
0.06,345738
0.07,343496
0.07,341656
0.07,340612
0.07,340341
0.07,335314
0.07,334621
0.07,332874
0.07,330823
0.07,330622
0.07,330605
0.07,330433
0.07,324486
0.07,323864
0.07,319324
0.07,319099
0.07,319059
0.07,317353
0.07,314297
0.07,313697
0.07,312761
0.07,310059
0.07,309301
0.08,309080
0.08,308062
0.08,300898
0.08,300768
0.08,299208
0.08,299011
0.08,297364
0.08,296719
0.08,293142
0.08,292832
0.08,291153
0.08,290397
0.13,287320
0.13,287163
0.13,285813
0.13,285528
0.13,282811
0.13,282489
0.13,282283
0.13,279787
0.13,279692
0.13,277371
0.13,277107
0.13,276476
0.13,274812
0.13,273446
0.13,273406
0.13,271370
0.13,269553
0.13,268568
0.14,268027
0.14,267484
0.14,267082
0.14,266375
0.14,265158
0.14,263982
0.14,261881
0.14,260949
0.14,260405
0.14,259228
0.14,257813
0.14,256954
0.15,256667
0.15,255038
0.15,254712
0.15,254080
0.15,252277
0.15,251933
0.15,251589
0.15,249605
0.15,249253
0.15,248325
0.15,245477
0.16,244782
0.16,244756
0.16,242557
0.16,242320
0.16,242169
0.16,241104
0.16,239922
0.16,239377
0.16,239168
0.16,238548
0.16,237901
0.16,236253
0.16,234917
0.16,232804
0.16,232382
0.16,231539
0.16,230696
0.16,230489
0.16,230245
0.16,229808
0.17,227627
0.17,227008
0.17,220639
0.17,218222
0.17,216955
0.17,216724
0.18,216638
0.18,216105
0.19,215405
0.20,214216
0.20,212963
0.20,212563
0.20,212446
0.20,211720
0.20,211548
0.20,210818
0.20,210254
0.20,208702
0.20,208246
0.20,207879
0.20,206655
0.20,206564
0.20,205522
0.20,205300
0.22,204708
0.22,200853
0.22,200425
0.22,199991
0.24,199740
0.24,198934
0.25,198411
0.25,198234
0.25,198048
0.25,197297
0.25,196271
0.25,195619
0.25,191742
0.25,187508
0.26,187508
0.26,187269
0.26,186920
0.26,186375
0.26,186250
0.26,186087
0.26,185966
0.26,185341
0.27,185013
0.28,183767
0.28,183638
0.28,182372
0.29,182263
0.30,171639
0.31,171425
0.31,171203
0.31,171057
0.32,168117
0.32,168102
0.32,168071
0.32,167713
0.32,167142
0.32,163456
0.32,162812
0.33,162602
0.33,162542
0.33,161617
0.33,159144
0.33,159079
0.34,158885
0.34,158645
0.34,157893
0.34,157397
0.35,157308
0.35,156828
0.35,156291
0.36,153429
0.36,153387
0.37,152380
0.37,152225
0.37,152026
0.38,149995
0.40,149914
0.40,149761
0.41,149758
0.42,149719
0.42,148863
0.42,148688
0.43,148411
0.44,148411
0.44,147649
0.45,147547
0.65,145280
0.66,144993
0.69,144991
0.70,144798
1.03,144457
1.04,144139
1.04,142078
1.05,141913
1.06,140499
1.08,140389
1.08,140177
1.10,140158
1.11,140158
3.57,139691
3.58,139514
3.62,139227
6.28,138943
6.28,137964
6.28,137352
6.28,137135
6.29,137052
6.30,136537
6.30,136024
6.31,135955
6.31,135771
6.32,135478
42.68,134585
42.69,134537
42.72,134246
42.81,133711
42.84,133711
42.86,133642
