0.06,801056
0.06,793415
0.06,791143
0.06,779570
0.06,773164
0.06,768941
0.06,767696
0.06,767466
0.06,764886
0.07,761770
0.07,758502
0.07,757337
0.07,756769
0.07,750493
0.07,744332
0.07,742234
0.07,739983
0.07,734095
0.07,733216
0.07,730403
0.07,726437
0.07,725045
0.07,720538
0.07,713142
0.07,710161
0.07,706868
0.08,696486
0.08,696005
0.08,695259
0.08,694417
0.08,692525
0.08,689694
0.08,686242
0.08,685205
0.08,673841
0.08,666109
0.08,654920
0.08,652850
0.08,644807
0.08,641203
0.08,636874
0.08,632675
0.08,632149
0.08,628921
0.08,627065
0.08,612169
0.08,610373
0.10,609533
0.10,602199
0.10,602177
0.10,598028
0.10,570832
0.10,566744
0.10,565377
0.17,561733
0.17,561056
0.17,557992
0.17,545875
0.24,536120
0.24,533753
0.24,533328
0.32,523079
1.33,520005
1.33,516900
1.33,513781
1.33,511069
1.33,505461
1.33,496638
2.82,488696
2.82,483197
3.87,480866
3.87,480215
3.87,478880
3.87,477119
3.87,466961
3.87,465117
3.87,464262
4.38,463572
4.38,458879
5.99,457926
5.99,457807
6.17,457406
6.17,453950
6.56,451121
6.56,447180
6.56,444862
6.60,444177
6.60,439866
6.61,438611
6.61,437965
6.61,436164
6.61,435031
6.61,435026
6.61,431271
6.61,430956
6.61,428901
6.61,426476
6.85,424892
6.85,422063
7.07,418979
7.07,418102
7.07,415295
7.69,413161
7.77,411438
7.77,409215
7.77,408295
7.77,404116
7.98,403835
7.98,403332
7.98,403261
7.98,399806
7.98,399673
7.98,398401
7.98,398401
8.66,396130
8.66,394653
8.66,393600
8.66,393453
8.66,393238
8.66,388612
8.66,388045
8.66,387411
8.66,386975
8.66,385048
8.66,381800
8.66,380901
9.29,380680
9.30,374376
9.30,373986
9.30,370074
9.30,369906
9.30,364697
9.30,363345
9.97,362514
9.97,361944
9.97,361806
9.97,357546
9.97,356970
10.34,352460
10.40,350543
10.40,349198
10.88,347530
10.88,347320
10.96,345689
10.96,345389
10.96,344755
10.96,343510
11.25,342165
11.25,341667
11.25,341216
11.25,339439
11.40,338177
11.40,336417
11.40,334166
11.40,333635
11.40,333327
11.40,332744
11.40,330357
11.41,329105
11.48,326792
11.48,324479
11.48,317994
11.48,317177
11.48,316904
11.48,313106
12.24,312496
12.35,312141
12.35,304273
12.35,303855
12.35,303502
12.56,301472
12.56,300933
12.56,299199
12.94,297175
12.94,296561
12.94,294303
12.94,289932
12.94,289621
12.94,289407
12.94,288603
12.97,287879
12.97,286966
12.97,286414
12.97,285555
12.97,283539
12.97,282718
12.97,280286
13.54,279953
13.54,279894
13.54,279803
13.54,278709
13.94,277802
13.94,276493
13.94,276229
13.94,275947
13.95,268590
13.95,268047
13.95,266570
13.95,266202
13.95,265763
13.95,265534
13.95,265503
13.95,264781
13.95,263888
14.49,263650
14.49,263472
14.49,261964
14.49,258929
14.49,255950
14.49,254962
14.49,254789
14.49,254122
15.12,251438
15.12,247075
15.12,244959
15.12,242006
15.12,240167
15.12,240044
15.12,238610
15.12,237951
15.73,237114
15.73,236108
15.80,235917
15.80,234854
15.80,232718
15.82,231706
15.82,231029
15.92,229205
15.92,228831
15.92,227813
15.92,227201
15.92,226863
15.92,223839
15.92,222314
15.92,220610
15.92,219531
16.63,219220
16.63,219114
16.63,217530
16.63,217504
16.63,217320
16.68,216316
16.68,215938
16.68,215298
16.68,214387
16.68,213821
16.68,211826
16.68,211643
16.68,210999
17.03,210949
17.03,210678
17.03,208870
17.03,208709
17.03,208355
17.03,207972
17.03,204392
17.03,201168
17.03,201114
17.31,200544
17.32,200247
17.32,199256
18.06,199135
18.06,198900
18.06,198709
18.07,197627
18.07,197514
18.07,196690
18.07,196660
18.07,195754
18.08,194848
18.08,194706
18.08,193456
18.08,192793
18.08,192379
18.09,191943
18.10,191838
18.10,191518
18.10,191156
18.10,190653
18.10,187726
18.10,186414
18.33,186245
18.33,185777
18.33,185567
18.33,184436
18.33,182353
18.33,181468
19.12,180690
19.12,178154
19.14,177580
19.14,177156
19.14,176591
19.16,175075
19.16,174948
19.16,173547
19.16,172036
19.16,170477
19.16,170420
19.44,169995
19.44,168843
19.44,166953
19.44,165431
19.44,165358
19.45,164892
20.90,161975
20.90,161301
20.90,161060
20.90,160259
20.90,159573
20.91,159302
20.92,159246
20.92,158671
20.92,158508
20.92,158403
21.25,157848
21.25,157815
21.25,157783
21.25,157363
21.25,156917
21.25,156427
21.25,156321
21.25,155767
21.25,155099
21.25,154928
21.26,154459
21.26,154431
21.26,154153
21.26,153912
21.26,153514
21.26,153197
21.26,152959
21.26,152940
21.27,152561
21.43,152089
21.43,151821
21.43,150844
21.44,150398
21.44,150181
21.89,149986
21.89,149109
21.89,148259
21.89,148235
21.90,148047
21.90,147630
21.90,147506
21.90,146817
21.90,146802
21.90,146641
22.33,145673
22.34,145565
22.61,145308
22.82,144834
22.82,144706
23.04,144194
23.04,143796
23.08,142996
23.14,142366
23.14,141701
23.14,140840
23.14,140453
23.37,140014
23.82,139423
23.83,139352
23.86,139295
23.87,139159
23.87,138285
23.87,137977
23.88,137798
23.88,137422
23.88,137349
23.88,136929
23.90,136756
23.90,136182
25.12,136175
25.12,135796
25.12,135534
25.12,135453
25.23,135396
25.23,135212
25.61,135204
26.06,135013
26.06,134749
26.06,134643
26.06,134416
26.07,134131
26.07,133947
26.07,133720
26.07,133569
26.10,133435
26.10,133355
26.13,133280
26.14,133106
29.59,133099
30.06,133082
30.14,132951
31.82,132951
