0.06,686204
0.06,683554
0.06,680543
0.06,677739
0.07,675964
0.07,674559
0.07,672901
0.07,672562
0.07,671559
0.07,665868
0.07,665522
0.07,661114
0.07,655634
0.07,655444
0.07,653335
0.07,648187
0.07,647675
0.08,647116
0.08,646554
0.08,644299
0.08,636286
0.09,630067
0.09,629760
0.09,624679
0.09,624203
0.10,621387
0.10,618796
0.10,617275
0.11,616545
0.11,616044
0.11,612855
0.11,612849
0.11,612664
0.11,610910
0.11,607473
0.11,604975
0.11,594398
0.12,592080
0.12,587306
0.12,582403
0.12,581769
0.12,580759
0.12,578195
0.17,573941
0.21,569679
0.21,566372
0.21,565488
0.21,563750
0.21,560556
0.21,557739
0.26,556281
0.28,552846
0.28,543573
0.50,543424
0.53,541818
0.53,534769
0.74,534347
0.74,533109
0.74,526068
1.26,526009
1.30,525047
1.30,517682
1.32,516355
1.32,515510
1.32,512910
1.32,508573
1.32,508330
1.32,499987
1.32,499982
1.32,498902
1.32,497295
2.81,496676
2.81,493431
3.37,483173
3.38,479627
3.38,476981
3.38,474890
4.94,474669
4.94,471117
4.94,468165
4.94,465429
5.06,464575
5.06,462752
5.06,460115
5.14,457224
5.14,450294
5.14,450139
5.29,448863
5.29,448547
5.62,446953
5.62,439001
5.62,438511
5.62,438475
5.62,430801
5.62,429762
7.50,424137
7.50,423022
7.50,416940
7.50,412183
7.50,411857
7.50,410127
7.50,409182
7.50,407125
7.50,399993
7.50,398822
7.50,396949
7.50,395472
8.16,395192
8.16,395190
8.16,394270
8.17,388269
8.17,386213
9.48,385408
9.48,384699
9.48,384106
9.53,383803
9.53,383511
9.53,382214
9.53,379488
9.53,378533
9.53,375880
9.53,373695
9.53,372912
9.53,372537
9.53,371905
9.53,366551
9.53,366434
9.88,365525
9.88,364917
9.88,362272
9.88,361142
10.64,360475
10.68,359604
10.68,359428
10.72,357110
10.72,354652
10.72,354065
10.72,353903
10.75,351860
10.98,351582
10.98,350861
11.14,350183
11.14,348011
11.14,347559
11.14,346892
11.14,344949
11.14,343527
11.14,341483
11.49,336899
11.49,336724
11.59,336482
11.59,335333
11.59,332158
11.60,330931
11.60,330494
11.60,329918
11.60,321779
11.60,321644
11.93,321063
11.93,321001
11.93,319081
11.93,316747
11.93,312479
11.93,311767
11.93,311509
11.93,311507
11.93,311455
11.93,310064
11.93,308523
11.94,306870
12.65,305373
12.81,303911
12.81,303040
12.81,302089
12.81,298710
12.81,297442
13.24,294004
13.24,293733
13.24,293317
13.24,293016
13.24,288605
13.43,286910
13.43,284821
13.43,284377
13.62,277291
13.62,276313
13.62,276133
13.62,275376
13.62,274934
13.62,273151
13.62,269915
13.62,269506
13.79,267398
13.79,266114
13.97,265584
13.98,264710
13.98,264190
13.98,263375
13.98,261999
13.98,261131
13.98,260896
14.33,260667
14.33,258927
14.33,258100
14.33,257381
14.33,257136
14.33,256798
14.33,256300
14.84,255129
14.90,254005
14.90,253897
14.90,253047
14.90,252221
14.90,251386
14.90,249278
14.90,249119
14.90,248523
14.90,248445
14.90,245886
14.90,245469
14.90,245066
14.90,243907
14.91,242094
14.91,241746
14.91,241697
15.64,241675
15.64,241663
15.95,240233
15.95,239504
15.96,239372
15.97,239365
16.02,239319
16.12,238078
16.31,237598
16.31,235670
16.31,234677
16.50,234593
16.51,234445
16.51,233798
16.51,233074
16.51,232370
16.51,229830
16.51,228072
16.70,227868
16.70,227662
16.70,227351
16.80,225808
16.80,225797
16.81,225679
16.81,224968
16.81,222681
16.81,222101
16.81,219886
16.81,219028
16.81,218636
16.81,218414
17.15,217077
17.15,216392
17.15,213632
17.17,212553
17.17,211447
17.39,210424
17.42,210391
17.42,208419
17.42,207724
17.42,207686
17.42,207436
17.43,206867
17.43,205886
17.43,205406
17.43,204972
17.43,202938
17.58,202210
17.58,202024
17.85,201696
17.89,201339
17.89,201317
17.89,200749
17.89,199166
17.89,199037
17.89,198821
17.89,197673
17.89,197615
18.02,197066
18.02,196681
18.02,196116
18.26,195612
18.26,194996
18.27,194377
18.27,193338
18.27,193144
18.27,192786
18.27,192726
18.27,192606
18.27,191879
18.27,191487
18.27,191474
18.27,191112
18.35,190453
18.35,190378
18.35,189950
18.35,188758
18.36,188458
18.47,188276
18.47,186686
18.47,186453
18.48,185747
18.48,185309
18.48,184638
18.62,183506
18.63,182144
18.63,181997
18.63,181593
18.66,181350
18.66,180015
18.66,179873
18.66,179206
18.66,178357
18.85,177035
19.27,174687
19.27,174489
19.29,173503
19.29,172540
19.30,171943
19.32,171756
19.32,171467
20.14,170446
20.14,169727
20.14,169340
20.15,168761
20.15,167642
20.15,166994
20.15,166848
20.19,165800
20.19,165614
20.19,165261
20.68,165069
20.68,164736
20.69,163492
20.69,162926
20.69,162881
21.03,160600
21.03,160311
21.03,160006
21.03,159976
21.05,159808
21.06,159091
21.06,159077
21.32,158633
21.32,158388
21.32,158097
21.32,157538
21.32,157446
21.32,156837
21.32,156510
21.32,155752
21.51,154509
21.51,154338
21.51,153794
21.53,153701
21.55,153166
21.55,152159
21.55,151564
21.56,150635
21.56,150619
21.56,150571
21.59,149933
21.59,149930
21.76,149111
21.98,149098
22.76,149018
22.76,148697
22.76,148606
22.80,148505
22.82,148359
22.83,148228
22.83,148005
22.92,147595
22.93,147329
22.93,146637
22.93,145985
23.02,145982
23.02,144672
23.03,144541
23.03,144455
23.03,143780
23.03,143160
23.03,142632
23.03,142631
23.09,142521
23.09,142179
23.10,141700
23.10,141517
23.72,141425
23.74,141326
23.74,141239
23.74,141103
23.75,141023
23.75,140990
23.75,140950
23.77,140900
23.80,140811
23.80,140550
23.81,139663
23.81,139219
23.81,139017
23.81,138923
23.82,138851
23.82,138569
23.82,137487
23.83,137325
24.47,136976
25.79,136537
25.79,136337
25.80,135613
25.80,135531
25.83,135508
27.04,135491
27.06,135155
27.19,135137
27.68,135128
27.69,134865
27.69,134857
28.55,134852
28.56,134607
28.56,134605
28.57,134466
