0.00,691110
0.01,688360
0.01,677389
0.01,670733
0.01,669206
0.01,664681
0.01,662858
0.01,656871
0.01,655230
0.01,650992
0.01,647831
0.01,647456
0.01,647383
0.01,646931
0.01,644222
0.01,640607
0.01,638604
0.01,637092
0.01,632186
0.01,624568
0.02,622557
0.02,621204
0.02,620012
0.02,617206
0.02,615800
0.02,613959
0.02,613034
0.02,610105
0.02,604602
0.02,600402
0.02,600127
0.02,599048
0.02,596902
0.02,595807
0.02,592584
0.02,586894
0.02,584568
0.02,578459
0.02,572237
0.02,569156
0.02,564328
0.02,558494
0.02,557175
0.02,556310
0.02,554385
0.02,550251
0.02,549637
0.02,546532
0.02,541951
0.03,537446
0.03,532081
0.03,526065
0.03,525147
0.03,524099
0.06,518328
0.06,517966
0.06,517511
0.06,517418
0.06,505620
0.06,500647
0.06,498371
0.06,497470
0.06,496883
0.06,488703
0.06,488131
0.06,487790
0.06,486412
0.06,485115
0.06,483232
0.06,482861
0.06,480839
0.06,480637
0.06,471441
0.06,466846
0.06,466801
0.06,463319
0.06,463063
0.06,462297
0.06,459344
0.07,457093
0.07,456072
0.07,454375
0.07,449419
0.07,447735
0.07,445887
0.07,442166
0.07,441086
0.07,440778
0.07,436963
0.07,435558
0.07,434715
0.07,433819
0.07,433298
0.07,428409
0.07,419046
0.07,409112
0.07,407238
0.07,400732
0.07,397626
0.07,396804
0.07,396185
0.07,396045
0.07,395670
0.07,395445
0.07,391889
0.07,391326
0.07,390702
0.07,386812
0.09,384117
0.09,381779
0.09,381364
0.09,380851
0.09,380300
0.09,377950
0.09,376217
0.09,375654
0.09,374104
0.09,373106
0.09,370773
0.09,370200
0.09,359465
0.10,359201
0.10,357518
0.10,354652
0.10,354337
0.10,353247
0.10,352587
0.10,352145
0.10,351880
0.10,350956
0.10,350056
0.10,348503
0.10,346039
0.10,344374
0.10,340640
0.10,340464
0.10,339965
0.10,337046
0.10,336045
0.10,335566
0.10,335509
0.10,333521
0.10,330196
0.10,329878
0.10,329836
0.10,329630
0.10,329071
0.10,328415
0.10,327751
0.10,326784
0.10,325170
0.10,324896
0.10,321743
0.11,321042
0.11,320485
0.11,320478
0.11,318960
0.11,317061
0.11,316725
0.11,314828
0.11,313376
0.11,312179
0.11,311671
0.11,311023
0.11,310093
0.11,309148
0.17,309071
0.17,304683
0.17,302923
0.17,301082
0.17,299342
0.17,299067
0.17,281976
0.17,281617
0.17,281397
0.17,281208
0.17,280966
0.17,273772
0.17,272652
0.17,272532
0.17,270423
0.17,270221
0.17,268939
0.17,267725
0.17,267688
0.17,265435
0.18,262609
0.18,260727
0.18,259336
0.18,259335
0.18,258614
0.18,258518
0.18,253451
0.18,253304
0.18,249845
0.18,247972
0.18,246284
0.18,246220
0.18,245469
0.18,240947
0.18,240483
0.18,240327
0.18,240276
0.18,238864
0.18,238502
0.18,234037
0.18,233667
0.18,233462
0.18,233129
0.18,232248
0.18,230800
0.18,230456
0.18,230264
0.18,230135
0.19,229805
0.19,222256
0.19,222098
0.19,222002
0.19,221970
0.19,221949
0.19,221658
0.19,220972
0.20,219184
0.20,218972
0.20,218298
0.20,216462
0.20,215106
0.20,214927
0.20,213698
0.20,212879
0.20,212588
0.20,208958
0.20,208537
0.20,208466
0.20,208079
0.20,207529
0.20,205925
0.20,205657
0.20,204879
0.20,204076
0.21,203200
0.21,202506
0.21,202320
0.21,201609
0.21,198758
0.21,198579
0.21,198269
0.21,197071
0.21,197053
0.22,197049
0.22,196850
0.22,196178
0.22,195235
0.22,194597
0.22,193972
0.22,193826
0.22,191556
0.23,191517
0.23,191270
0.23,190877
0.23,190323
0.23,189562
0.23,185556
0.23,185531
0.23,185350
0.23,182190
0.23,180847
0.23,179864
0.23,178886
0.23,178806
0.23,178384
0.23,178315
0.24,176286
0.24,174861
0.24,174442
0.24,173905
0.24,173678
0.24,172261
0.25,170870
0.25,168065
0.25,167492
0.25,166486
0.25,163605
0.26,163525
0.26,163501
0.26,163162
0.26,162970
0.26,161725
0.26,161597
0.28,160328
0.28,160232
0.28,158686
0.29,158600
0.29,158190
0.30,157200
0.30,156741
0.30,156442
0.31,156399
0.31,153648
0.31,153225
0.31,152878
0.31,152693
0.31,152474
0.32,152126
0.32,151690
0.32,151439
0.32,149975
0.33,149959
0.33,149805
0.33,149378
0.34,147534
0.34,147505
0.34,147322
0.34,147176
0.34,147176
0.36,147040
0.37,146814
0.38,145955
0.38,145581
0.39,145527
0.40,145474
0.41,145416
0.42,144975
0.42,144845
0.43,144741
1.66,144740
1.67,144627
1.70,144204
1.72,143665
1.76,143267
2.03,142342
2.05,142261
2.07,142116
2.09,141777
2.37,141376
2.39,141062
2.42,141062
2.43,140314
2.76,139752
2.77,138789
6.13,138489
6.13,138198
6.26,137819
6.27,137475
6.27,137238
6.28,137226
6.31,136727
6.35,136564
6.37,136425
6.48,136323
6.49,136218
6.52,135532
6.53,135504
6.53,135311
80.78,134329
278.58,133768
278.61,133768
390.14,133696
