0.06,732589
0.06,732513
0.06,730040
0.06,725190
0.06,719576
0.06,719064
0.06,717721
0.07,704234
0.07,703602
0.07,703477
0.07,702207
0.07,699779
0.07,696929
0.08,696543
0.08,696535
0.08,696253
0.08,692116
0.08,685999
0.08,683182
0.08,670111
0.08,669427
0.08,665135
0.08,659971
0.09,643271
0.09,643186
0.09,640042
0.09,637660
0.09,632323
0.09,631027
0.09,629329
0.09,627356
0.09,621231
0.09,618677
0.09,614561
0.09,613921
0.09,613310
0.09,609588
0.09,609052
0.09,608998
0.09,607783
0.10,598686
0.10,598211
0.10,595925
0.10,595384
0.10,592281
0.10,592230
0.10,591661
0.10,585630
0.10,584075
0.10,578753
0.10,574311
0.18,573594
0.18,572077
0.18,571878
0.18,570699
0.18,568283
0.18,567500
0.18,565373
0.18,562107
0.18,561498
0.18,551238
0.23,542594
0.24,534858
0.59,534724
0.59,534555
0.59,531242
0.59,528795
1.07,527639
1.07,527418
1.07,520411
1.07,515960
1.61,513968
1.61,513542
2.81,513157
2.81,512078
2.81,511498
2.81,507370
2.81,500973
3.04,500768
3.04,499704
3.04,497973
3.04,496382
3.04,493698
3.04,487691
3.04,487384
3.04,484465
3.26,481190
3.26,477787
3.26,476753
3.26,476229
4.37,475290
4.37,468384
4.37,467707
4.37,467689
4.72,463458
4.72,462117
5.00,460362
5.00,460227
5.01,459944
5.01,452171
5.35,450324
5.35,448956
5.35,447473
5.35,446398
5.35,445046
6.26,444501
6.73,442152
6.92,441585
6.92,441145
6.92,439189
6.92,438720
6.92,437804
7.01,436950
7.01,430887
7.01,429812
7.01,426217
7.01,423835
7.61,421741
7.61,420476
7.61,418560
7.61,416575
7.61,410293
7.61,407813
7.61,407233
7.97,405403
7.97,404178
7.97,403679
8.18,403633
8.18,402186
8.18,401675
8.18,401645
8.18,398956
8.18,397570
9.07,397108
9.16,396029
9.17,395632
9.17,388651
9.17,388529
9.17,384259
9.17,383154
9.17,379687
9.56,379353
9.56,378714
9.56,378334
9.56,376873
9.56,374123
9.56,373987
9.57,370708
9.57,369520
9.57,369088
10.00,368882
10.00,368162
10.00,366071
10.00,363137
10.00,362086
10.00,361939
10.00,359368
10.00,357866
10.07,357064
10.54,355625
10.54,355124
10.54,354091
10.54,354001
10.54,351639
10.54,351102
10.54,348941
10.80,347652
10.80,347622
10.80,344792
10.80,342324
10.80,341830
10.80,341700
11.38,336744
11.38,333898
11.66,333743
11.66,333725
11.66,333207
11.66,333161
11.66,332891
11.66,331661
11.68,329247
11.68,328565
11.68,326188
11.68,325351
11.68,323148
11.68,322930
11.68,322690
11.68,322254
11.68,320705
12.22,320230
12.25,319372
12.25,317679
12.25,317537
12.25,316165
12.25,316003
12.35,315509
12.35,315442
12.43,313511
12.43,310765
12.48,309951
12.48,308806
12.48,308284
12.48,307847
12.68,307055
12.68,305111
12.68,304702
12.68,304675
12.68,304372
12.68,303697
12.68,301648
12.68,300914
12.68,297402
12.68,296716
12.68,296619
12.68,292945
12.68,292918
13.15,292800
13.15,291173
13.15,289561
13.15,283186
13.15,282966
13.15,281280
13.15,281153
13.15,279800
13.15,278458
13.15,278446
13.15,277165
13.15,276224
13.15,272011
13.25,271958
13.25,271940
13.25,271763
13.25,267934
13.25,266010
13.25,264198
14.56,264162
14.79,262538
14.79,262446
14.90,261867
14.90,260757
14.90,259408
14.90,259168
14.90,258504
14.90,254452
14.90,253771
14.90,253107
14.90,251338
15.29,250662
15.29,250080
15.30,249211
15.30,248567
15.30,247378
15.30,246242
15.53,246054
15.54,244055
15.54,243053
15.54,241229
15.54,240128
15.54,239610
15.54,238514
15.54,237823
15.78,237696
15.92,237311
15.92,237111
15.97,236264
15.97,235186
15.97,234463
15.97,234138
15.97,233821
15.99,233652
15.99,230536
15.99,227032
15.99,227005
16.23,226959
16.23,223943
16.23,223409
16.23,221816
16.23,218742
16.23,217622
16.23,217192
16.23,217185
16.23,216663
16.23,215402
16.67,213761
16.67,213231
16.67,213188
16.67,211963
16.67,211878
16.67,209966
16.67,209912
16.67,209710
16.81,207075
16.81,206197
16.81,205358
16.81,204013
16.81,203948
16.81,202652
16.81,202611
17.71,199852
17.71,199023
17.71,198684
17.93,197954
17.93,197396
17.93,197264
17.93,195279
17.93,194500
17.94,194444
17.94,194220
17.94,193762
17.94,192901
17.94,191830
17.94,191482
17.94,191454
17.94,191199
17.94,190347
17.94,189714
17.94,188649
18.82,188034
18.89,186752
18.89,185868
18.89,185407
18.89,184788
18.89,184162
18.89,184046
18.90,183288
18.90,182965
18.90,182947
18.90,181676
18.90,180985
18.90,180527
18.90,180165
18.90,180042
19.11,179310
19.11,178668
19.11,178203
19.12,177737
19.34,176807
19.64,176366
19.64,175765
19.64,175074
19.64,174983
19.64,174597
20.01,174464
20.01,173618
20.01,173482
20.01,173300
20.01,171982
20.02,171209
20.02,171042
20.02,170898
20.02,169890
20.02,169197
20.03,169030
20.05,167845
20.05,167790
20.05,166990
20.06,166110
20.06,165916
20.06,165008
20.06,164891
20.06,164632
20.21,164520
20.21,163057
20.21,161921
20.66,161889
20.66,161650
20.66,161475
20.66,161394
20.66,160473
20.88,160265
20.88,160045
20.88,159639
20.88,158972
20.88,158753
20.89,157959
21.12,157038
21.12,156478
21.68,156407
21.68,155693
21.68,155588
21.68,155257
21.70,155108
21.70,154107
21.71,153979
21.71,153932
21.71,152699
21.81,152680
21.81,152488
22.03,151996
22.03,151982
22.03,151865
22.04,151623
22.04,151521
22.04,150501
22.04,149797
22.04,149346
22.26,149237
22.34,148762
22.34,148626
22.34,147563
22.34,147139
22.34,147027
22.34,146832
22.34,146662
22.34,146623
22.34,146035
22.35,145877
22.35,145333
23.10,144310
23.13,144043
23.13,143973
23.13,143746
23.13,143602
23.13,143487
23.13,142659
23.14,142265
23.14,142238
23.28,142217
23.28,142118
23.28,142064
23.28,141882
23.28,141845
23.28,141661
23.44,141517
23.44,141332
23.45,141177
23.45,141087
23.45,140151
23.45,139812
23.46,139392
23.46,138952
23.46,138840
23.47,138574
23.47,138314
23.47,137482
23.47,137311
23.47,137027
25.01,136937
25.01,136888
25.03,136425
25.03,136371
25.04,136369
25.04,135923
25.04,135656
25.39,135551
26.27,135442
26.27,135435
26.57,135138
26.60,135099
26.60,134914
26.61,134866
26.63,134687
26.63,134685
26.64,134535
26.64,133997
26.87,133909
26.87,133716
27.75,133558
27.75,133430
27.83,133298
28.97,133162
29.89,133122
30.27,133044
