0.06,777182
0.06,773413
0.06,772922
0.06,764239
0.06,752406
0.06,750870
0.06,746079
0.06,742453
0.06,739736
0.07,734063
0.07,732720
0.07,732233
0.07,731586
0.07,731504
0.07,731189
0.07,727244
0.07,726248
0.07,716700
0.07,712657
0.07,712500
0.07,709906
0.07,701840
0.07,695316
0.08,695189
0.08,684310
0.08,679114
0.08,674506
0.08,673901
0.08,673734
0.08,666205
0.08,665984
0.08,665745
0.08,662037
0.08,661285
0.08,657431
0.08,651632
0.08,641914
0.08,641672
0.08,638197
0.08,630955
0.09,630697
0.09,626460
0.09,625572
0.09,625383
0.09,619502
0.09,614096
0.09,603163
0.09,598032
0.09,595057
0.09,594139
0.09,591803
0.09,591185
0.09,590341
0.09,589580
0.09,588007
0.09,585912
0.09,583550
0.09,583222
0.09,582160
0.12,576115
0.12,575835
0.12,571858
0.12,570219
0.12,564769
0.12,563771
0.12,562497
0.12,561297
0.12,560567
0.12,559831
0.12,556756
0.12,555841
0.12,550513
0.12,548302
0.12,534495
0.12,532472
0.12,530739
0.12,526702
0.12,521349
0.12,518917
0.12,517377
0.12,513153
0.12,511079
0.12,507474
0.12,503590
0.12,502938
3.04,502240
3.04,500350
3.04,498783
3.04,496699
3.04,495687
3.04,492553
3.04,492055
3.04,475790
3.04,474117
4.52,470605
4.52,468475
4.52,466963
4.52,466252
5.52,451039
5.52,448949
6.33,444202
6.33,444114
6.33,443897
6.33,439952
6.33,438460
6.86,434653
6.97,433889
6.97,432910
6.99,431876
6.99,430551
7.12,420441
7.12,420305
7.12,418983
7.12,418717
7.39,417680
7.39,416844
7.39,415110
7.39,413681
7.79,413451
7.79,407525
8.48,401798
8.48,400795
8.48,400596
8.48,400176
8.79,395420
8.79,394772
9.26,390099
9.26,388687
9.26,388657
9.26,388546
9.26,384358
9.26,382800
9.26,380585
9.29,376935
9.29,375714
9.29,375181
9.29,372900
9.29,369398
9.29,366799
9.29,361203
9.29,360160
10.37,359591
10.98,358551
10.98,354884
10.98,347813
10.98,346356
10.98,345220
11.34,341105
11.34,330004
11.59,329213
11.59,329081
11.59,327809
11.66,326461
11.66,324521
11.66,324015
11.66,322016
11.66,320720
11.66,319722
11.66,319538
11.66,319307
11.67,319185
11.79,313123
11.79,310513
11.79,309704
11.79,308889
11.79,308473
11.79,307473
11.79,305825
11.79,305467
12.61,305271
12.97,304470
12.97,303063
12.97,302958
12.97,302282
12.97,300994
12.97,298986
12.97,298856
12.98,296997
12.98,295028
12.98,293297
12.98,292014
12.98,291075
12.98,290862
13.18,290237
13.18,288595
13.18,287951
13.52,286906
13.57,285508
13.57,284977
13.66,281423
13.66,280745
13.66,280678
13.66,280393
13.66,280246
13.66,279877
13.66,279863
13.86,275728
13.86,275630
13.86,274796
13.86,273460
13.86,270677
13.86,269820
13.86,268827
13.86,268543
14.34,266853
14.34,265156
14.34,260703
14.35,258884
14.42,258111
14.42,256054
14.42,255693
14.42,253765
14.42,253031
14.67,252300
14.67,251869
14.67,250685
14.67,248550
14.67,245122
15.53,244702
15.53,244334
15.53,242157
15.53,242014
15.53,240315
15.53,236714
15.53,235767
15.53,235037
15.53,234581
15.53,234296
15.81,233520
15.81,233209
15.81,233081
15.81,231638
15.81,229870
15.90,229221
15.90,228884
15.90,228689
16.13,228618
16.15,228480
16.15,227343
16.15,226964
16.15,226221
16.15,225719
16.15,223119
16.68,222050
16.68,219776
16.75,219741
16.89,217905
16.92,217374
16.92,217147
16.92,217092
16.92,216908
16.92,216261
16.92,214166
16.92,212749
16.92,212041
16.92,211358
16.92,210963
16.92,208893
16.92,205133
16.92,204383
17.42,204123
17.42,204092
17.42,201662
17.59,200723
17.59,200268
17.93,200091
17.93,198311
17.93,197479
17.93,197058
17.93,196425
17.93,196137
17.93,194780
18.26,194283
18.26,194056
18.26,192902
18.26,192765
18.45,190077
18.45,187408
18.45,187336
18.73,186649
18.73,186570
18.73,186302
18.73,186264
18.73,185519
18.73,185263
18.73,185253
18.73,184806
18.73,183718
18.73,183023
18.73,181141
18.73,180865
19.10,180552
19.10,180248
19.10,180201
19.10,178577
19.10,178251
19.10,178236
19.10,177833
19.10,176906
19.10,176591
19.10,176148
19.12,174962
19.12,174287
19.13,173866
19.13,173360
19.13,171799
19.13,171773
19.13,171311
19.13,169668
19.80,169478
19.80,167115
19.80,166970
19.80,166171
19.80,165844
19.80,165470
19.80,165398
19.80,165045
19.81,164974
19.81,164693
19.81,164270
20.52,163918
20.52,163859
20.52,163828
20.55,163420
20.55,163288
20.64,162947
20.64,162504
20.64,162326
20.64,162126
20.64,161717
20.64,161344
20.65,161142
20.65,160734
20.65,159743
20.65,159132
21.19,158825
21.47,158722
21.52,158047
21.52,157675
21.52,157211
21.52,157054
21.52,156849
21.52,156683
21.52,156252
21.52,155762
21.89,155540
21.89,155169
21.89,154475
21.90,154329
22.07,154249
22.09,154201
22.13,153960
22.14,153503
22.14,153390
22.14,152911
22.14,152441
22.14,152410
22.14,152346
22.14,152257
22.15,152137
22.15,151968
22.15,151400
22.15,151062
22.16,151018
22.16,151008
22.28,150859
22.28,149916
22.29,149584
22.29,149347
22.29,148705
22.29,148647
22.30,147843
22.30,147221
22.61,147184
22.61,147176
22.61,147118
22.66,147082
22.66,146529
22.66,146458
22.67,144996
23.25,144539
23.26,144449
23.26,144016
23.26,143504
23.26,143416
23.26,143410
23.39,143166
23.57,143080
23.57,142959
23.57,142663
23.58,142253
23.58,141882
23.58,141309
23.58,141082
23.58,140980
23.83,140912
23.84,140863
23.84,140600
23.84,140521
24.84,140220
24.85,139726
24.86,139654
24.92,138829
24.92,138416
25.72,138401
25.72,138114
25.72,137874
25.73,137752
25.75,137299
25.90,137024
25.90,136845
25.90,136660
25.94,136515
25.95,136494
25.95,136348
25.95,136056
25.97,136020
25.97,136013
26.03,135439
26.08,135226
26.33,135060
26.33,134242
26.33,134067
26.34,133875
26.34,133510
26.34,133335
26.34,133150
27.57,133076
28.35,133053
28.43,133024
28.43,132839
28.44,132839
28.46,132770
