0.06,719343
0.07,717963
0.07,705264
0.07,702660
0.07,697509
0.07,696665
0.07,696630
0.07,694186
0.07,687798
0.07,679889
0.07,678815
0.07,668933
0.07,665788
0.07,660533
0.07,660183
0.07,658751
0.07,651285
0.07,649314
0.08,646878
0.08,645939
0.08,644539
0.08,643622
0.08,643518
0.08,632264
0.08,631929
0.08,631052
0.08,626659
0.08,622798
0.08,622146
0.08,622042
0.08,621271
0.08,619117
0.08,616931
0.08,616458
0.08,616391
0.08,616353
0.08,615724
0.08,615282
0.08,614863
0.09,614367
0.09,610971
0.10,609110
0.10,605590
0.11,604464
0.11,602735
0.11,598393
0.12,588952
0.12,587634
0.12,586314
0.12,575517
0.12,575045
0.12,572926
0.12,571852
0.12,567932
0.12,563045
0.12,555541
0.14,553446
0.26,552738
0.26,548331
0.26,533042
0.26,531000
0.26,530075
0.26,524159
1.99,522173
1.99,515832
2.23,515207
2.23,514870
2.23,513808
2.57,509050
2.57,506347
2.57,503084
2.57,498150
2.57,497227
2.57,496800
3.00,493815
3.00,493173
3.11,490704
3.11,489285
3.11,487751
3.11,486134
3.96,484700
3.96,484428
3.96,473792
3.96,472813
3.96,469886
3.96,467194
3.96,467180
5.43,464966
5.43,460760
5.43,460336
5.48,457507
5.48,449021
6.01,441593
6.76,440534
6.76,438869
6.76,430695
6.76,430614
6.76,428449
6.76,427368
7.17,427065
7.17,426919
7.17,425140
7.17,424018
7.17,422552
7.17,420154
7.17,417469
7.17,417431
7.70,416282
7.70,412250
7.70,412067
7.70,411087
7.91,408962
8.10,407832
8.10,407385
8.10,406557
8.10,406292
8.10,406120
8.10,405085
8.21,401203
8.37,399635
8.37,395301
8.59,393870
8.59,392787
8.59,392567
8.59,392406
8.91,391977
8.91,390415
8.91,389378
9.07,388205
9.07,386054
9.39,385774
9.47,381496
9.47,380904
9.47,378617
9.68,378330
9.68,378306
9.68,377447
9.68,375546
9.68,373636
9.68,373214
9.68,370778
9.90,368066
10.37,367999
10.38,365484
10.38,365428
10.38,365332
10.38,364748
10.38,364036
10.38,363148
10.38,362897
10.48,359825
10.48,355665
10.49,355621
10.49,351349
10.53,348744
10.53,347655
10.53,344157
11.03,343954
11.03,338298
11.03,328478
11.03,326210
11.51,324643
11.51,323868
11.51,316548
11.51,315926
11.51,315290
11.51,314680
11.51,314507
11.51,314465
11.51,311540
11.51,310211
11.51,308586
12.56,307384
12.56,305951
12.73,305587
12.74,305534
12.74,303152
12.74,302203
12.74,300122
12.76,299956
12.76,299899
12.96,297425
12.96,294958
12.96,294529
12.96,294437
12.96,293979
12.96,293300
12.96,292975
12.96,292888
12.96,292202
12.96,291923
12.97,290470
12.97,290171
12.97,289228
13.24,288914
13.24,287731
13.24,287035
13.24,284607
13.30,283931
13.30,282554
13.30,282308
13.54,281937
13.54,280914
13.54,278381
13.54,277061
13.54,276189
13.54,275517
13.54,274287
13.54,272093
13.54,271788
13.54,268898
13.54,268209
13.54,268179
13.54,267979
13.54,267750
13.54,266585
13.54,266493
13.54,264732
13.54,263546
14.35,262042
14.35,260953
14.35,259935
14.61,259272
14.61,259061
14.61,258436
14.61,257417
14.61,257395
14.61,256458
14.61,256324
14.61,253476
14.61,252858
14.61,250849
14.61,250818
14.61,249804
14.90,249699
14.90,249641
15.21,248290
15.21,245731
15.40,245569
15.40,243742
15.40,242313
15.56,241000
15.56,240930
15.56,240588
15.56,240493
15.56,240455
15.56,239655
15.56,235442
15.56,234764
15.57,233268
15.66,232894
15.66,232412
15.66,230996
15.66,230559
15.67,230123
15.67,228803
15.67,228493
15.67,226199
15.67,225264
16.06,224888
16.06,224865
16.08,224503
16.08,223674
16.23,223288
16.23,222444
16.23,222276
16.23,220436
16.23,219504
16.23,217672
16.23,215434
16.23,213757
16.43,213542
16.57,211496
16.57,210001
16.57,209832
16.57,209720
16.57,207990
16.57,207213
16.57,207150
16.89,206971
16.89,206862
16.89,206651
16.89,206612
16.89,206027
16.89,205804
16.89,205292
16.89,205250
16.89,205246
16.89,204718
16.99,204295
16.99,204095
16.99,203794
17.38,203548
17.38,202247
17.38,201711
17.39,201419
17.39,201329
17.39,198813
17.39,198564
17.39,198444
17.43,198386
17.43,198210
17.43,198187
17.43,197249
17.49,197083
17.49,194933
17.49,193469
17.49,193048
17.49,192763
17.69,192685
17.69,191590
17.69,191072
17.69,190501
17.69,189642
17.69,189108
17.70,188383
17.70,185436
18.34,183670
18.34,182693
18.34,181173
18.34,181039
18.34,180418
18.34,179798
18.34,179504
18.34,179418
18.34,178736
18.34,178353
19.39,177866
19.41,177563
19.41,177518
19.41,177093
19.41,175860
19.41,175760
19.41,175527
19.41,175453
19.41,174952
19.41,173924
19.55,173850
19.55,172705
19.64,172663
19.64,172498
19.64,172392
19.64,171832
19.64,171076
19.67,169655
19.68,169399
19.68,168862
19.68,168511
19.68,167911
20.07,167852
20.26,167739
20.26,167677
20.26,167124
20.26,166424
20.27,165748
20.27,165727
20.30,165072
20.30,164625
20.30,164469
20.30,163703
20.30,162847
20.31,162632
20.31,162541
20.31,162336
20.31,161541
20.33,161389
20.33,161279
20.33,161174
20.33,160840
20.33,160105
20.33,159949
20.33,158894
20.33,158882
20.33,158559
20.34,158329
20.34,158050
21.04,157786
21.05,157021
21.05,156930
21.05,155018
21.05,154105
21.05,153566
21.05,153380
21.05,153299
21.05,151839
21.77,150063
21.77,148798
21.77,148455
22.10,147606
22.31,147530
22.31,147253
22.31,146342
22.31,146199
22.32,145222
22.77,145173
22.77,144996
23.04,144709
23.04,144527
23.09,143976
23.10,143490
23.10,142180
23.10,142075
23.10,141999
23.10,141486
23.10,141457
23.11,141212
23.11,139835
23.68,139696
23.68,139648
23.68,139095
23.68,139074
23.70,139006
23.70,138497
23.92,138482
23.92,138223
23.93,137811
23.93,137700
24.73,137592
24.73,137398
24.73,137264
24.75,137047
24.75,136826
24.75,136263
24.76,136235
25.41,136140
25.41,135593
25.42,135357
25.42,135229
25.59,135092
25.70,135076
25.70,135028
25.70,134843
25.81,134787
25.82,134402
25.94,134011
25.94,133937
25.95,133793
25.97,133752
25.98,133671
25.98,133560
27.57,133497
27.57,133270
27.57,133142
27.61,133109
28.19,133063
28.19,132879
28.44,132811
28.63,132751
28.64,132733
30.74,132733
