0.06,762180
0.07,756527
0.07,755798
0.07,753926
0.07,747636
0.07,745355
0.07,739330
0.07,736019
0.07,735277
0.07,734927
0.07,733338
0.07,731864
0.07,729776
0.07,719605
0.07,710523
0.08,701892
0.08,695217
0.08,694173
0.08,687535
0.08,684505
0.08,682470
0.08,678828
0.08,675409
0.08,674122
0.08,673665
0.08,670234
0.08,665777
0.08,664505
0.08,654597
0.08,652032
0.08,650399
0.08,636696
0.09,636276
0.09,634963
0.09,616338
0.09,612875
0.09,607777
0.09,607491
0.09,595158
0.09,591973
0.09,589019
0.09,587800
0.10,583477
0.10,579155
0.10,578394
0.10,570459
0.10,568400
0.10,561397
0.10,559915
0.10,556059
0.10,543353
0.10,542078
0.10,540322
0.10,539634
0.10,539366
0.98,538627
0.98,534170
0.98,533178
0.98,531584
0.98,519670
1.54,514044
1.54,513472
1.54,508653
1.54,507749
1.54,504474
1.54,499606
1.54,497703
1.54,494703
1.54,493744
1.54,491100
2.29,489401
2.29,486813
3.26,484657
3.26,477192
4.02,475417
4.28,472803
4.40,472177
4.40,469357
4.88,469220
4.88,466220
5.17,465160
5.17,463345
5.17,463257
5.17,456477
5.17,454969
5.17,452754
5.17,452500
5.17,450380
5.17,450162
5.18,447966
6.14,447715
6.21,444062
6.24,443206
6.47,437119
6.47,429618
6.47,429253
7.06,427613
7.31,427092
7.31,426982
7.31,426576
7.31,425614
7.31,425330
7.31,420987
7.52,419576
7.52,417463
7.52,416239
7.52,415029
7.52,413938
7.73,413904
7.73,406370
7.73,405646
7.73,404730
7.73,403787
7.73,402392
8.12,398746
8.12,398292
8.13,398126
8.13,395840
8.93,394851
8.93,394427
8.97,394046
8.97,390844
8.97,387243
8.97,386491
8.97,384428
8.97,384358
8.97,383557
8.97,381558
8.97,379816
8.97,373865
9.66,370150
9.94,369129
10.42,368722
10.42,368522
10.42,367190
10.42,367054
10.44,365154
10.44,363923
10.44,363122
10.44,363112
10.44,358761
10.44,357322
10.72,354849
10.72,353046
10.92,351214
10.92,349707
10.92,345752
10.92,345041
10.92,344050
10.92,342930
11.07,341994
11.07,338985
11.35,337568
11.35,336459
11.35,335760
11.36,334445
11.36,334303
11.36,334102
11.36,331482
11.36,330669
11.36,329714
11.36,328806
11.36,328435
11.36,327812
11.36,327507
11.36,327299
11.65,324275
12.26,321720
12.26,320255
12.27,318534
12.27,315223
12.27,315023
12.27,313660
12.27,312701
12.27,312446
12.27,310467
12.27,309913
12.27,309165
12.27,307930
12.27,305893
12.28,304411
12.73,304150
12.73,304050
12.87,302880
12.87,302034
12.87,300867
12.87,300188
12.87,299478
12.94,298754
12.94,298264
12.94,297345
12.94,293304
12.94,291593
13.13,290690
13.13,289372
13.13,288927
13.18,288240
13.18,286624
13.27,285338
13.27,284214
13.33,282314
13.55,281667
13.62,277749
13.67,276817
13.80,273928
13.80,273234
13.80,270313
13.80,270274
13.80,269704
13.80,268873
13.80,268018
13.80,267463
13.81,267102
13.81,265149
13.81,261269
13.81,256135
14.14,255801
14.14,254204
14.94,252590
14.94,252059
14.94,251829
14.99,249428
15.12,248413
15.12,248119
15.12,246894
15.12,245869
15.12,243060
15.12,240264
15.12,240094
15.80,239464
15.81,238655
15.87,238390
15.87,235892
15.87,235527
15.87,235160
15.88,234874
15.88,234138
15.88,232976
15.88,229211
15.88,221790
15.88,220528
15.88,218794
15.88,214621
16.34,214001
16.34,212875
16.34,211473
17.15,211414
17.20,210517
17.20,209270
17.20,208318
17.20,207028
17.20,206339
17.20,205001
17.20,204761
17.20,204737
17.34,204505
17.34,204279
17.34,204182
17.34,203145
17.34,202940
17.82,200742
18.03,199326
18.03,198870
18.03,198128
18.03,197634
18.03,196282
18.03,195505
18.03,195278
18.04,194743
18.04,194326
18.04,191575
18.04,190912
18.34,189560
18.34,189013
18.34,187921
18.34,187671
18.34,186530
18.34,186029
18.34,185260
18.34,184648
18.34,184156
18.86,181837
18.86,181709
18.86,180922
18.86,180007
18.86,179580
18.86,179173
18.90,179076
18.91,178961
18.91,178933
18.91,177877
19.32,177861
19.32,177632
19.32,176860
19.32,176674
19.32,176316
19.32,174968
19.32,174452
19.32,173980
19.32,173100
19.33,173077
19.33,172710
19.33,172362
19.33,172202
19.33,171773
19.33,171524
19.65,171499
19.65,170998
20.04,170300
20.04,169828
20.04,169486
20.04,169486
20.04,168142
20.04,166144
20.04,165287
20.04,164571
20.65,164007
20.65,162172
20.65,162029
20.65,161518
20.65,160623
20.66,160015
20.66,159116
20.69,158758
20.69,158416
20.69,157079
20.84,156686
20.84,154951
20.84,153977
20.84,153791
21.15,152857
21.15,152037
21.32,151558
21.32,151318
21.85,150244
21.85,149586
21.85,149561
21.85,148098
21.87,147999
21.87,147754
21.87,147638
22.40,147151
22.40,147093
22.40,146781
22.47,146402
22.47,146194
22.47,146073
22.97,145493
23.00,144577
23.01,144539
23.01,144491
23.01,144307
23.01,144118
23.01,144050
23.03,143963
23.03,143402
23.03,143321
23.03,143195
23.34,141822
23.35,141658
23.36,141440
23.36,141052
23.36,140929
23.88,140656
24.35,140424
24.35,140392
24.49,139678
24.49,139609
24.49,139598
24.49,139262
24.50,139234
24.88,138624
24.88,138196
24.90,138085
24.90,137697
25.20,137547
25.62,137319
25.63,136903
26.11,136819
26.12,136637
26.12,136360
27.35,136334
27.35,136130
27.35,135936
27.37,135923
27.39,135900
27.39,135898
27.40,135744
27.44,135555
27.45,135468
27.46,135451
27.46,135237
27.46,135235
27.47,135132
27.50,134934
28.44,134926
28.45,134857
29.21,134851
29.23,134735
30.89,134666
