0.00,689415
0.01,688111
0.01,687412
0.01,683055
0.01,681448
0.01,681249
0.01,679394
0.01,666649
0.01,666283
0.01,664348
0.01,664200
0.01,662111
0.01,660547
0.01,659494
0.01,657961
0.01,652176
0.01,651920
0.01,639320
0.01,636456
0.01,636289
0.01,631854
0.01,631722
0.02,628246
0.02,625308
0.02,621815
0.02,620893
0.02,620550
0.02,608245
0.02,602325
0.02,600591
0.02,596093
0.02,592402
0.02,589490
0.02,588363
0.02,586880
0.02,583923
0.02,580510
0.02,579276
0.02,578623
0.02,571862
0.02,569573
0.02,569082
0.02,568962
0.02,565755
0.02,564212
0.02,558333
0.02,557082
0.02,556824
0.02,552187
0.02,551616
0.02,551375
0.02,549776
0.02,544415
0.02,543864
0.02,542439
0.02,541103
0.02,531732
0.03,530863
0.03,530180
0.03,525808
0.03,524806
0.03,524181
0.03,523978
0.03,520824
0.03,520782
0.03,517320
0.03,516402
0.03,510362
0.03,510181
0.03,508464
0.03,507890
0.03,506936
0.03,505664
0.03,504442
0.03,497863
0.03,497045
0.03,496345
0.03,496317
0.03,496176
0.03,491874
0.03,488860
0.03,487169
0.03,486290
0.03,485262
0.03,484448
0.03,484396
0.03,481676
0.03,474365
0.03,472075
0.03,465209
0.03,458018
0.04,457404
0.04,456485
0.04,455608
0.04,451525
0.04,448216
0.04,447310
0.04,447224
0.04,446705
0.04,446452
0.04,442832
0.04,441326
0.04,441066
0.04,421202
0.04,419434
0.04,414628
0.04,414187
0.04,413780
0.04,413554
0.04,413301
0.04,410333
0.04,409353
0.04,408371
0.04,407798
0.04,407030
0.04,406843
0.04,406687
0.04,406212
0.04,406026
0.04,405422
0.04,402500
0.04,399258
0.05,399053
0.05,399041
0.05,398213
0.05,397180
0.05,396210
0.05,395812
0.05,391955
0.05,389202
0.05,387118
0.05,385688
0.05,372036
0.05,371782
0.05,371512
0.05,368804
0.05,363247
0.05,361561
0.05,357627
0.05,357365
0.05,354444
0.05,347913
0.05,347907
0.05,347551
0.05,345705
0.05,344406
0.05,344363
0.05,344279
0.05,334744
0.05,333150
0.05,332541
0.06,332523
0.06,326437
0.06,321255
0.06,319795
0.06,319657
0.06,319439
0.06,317026
0.06,317019
0.06,313863
0.06,311798
0.06,308273
0.06,308110
0.06,305534
0.06,305526
0.06,305094
0.06,304620
0.06,304460
0.06,297237
0.06,296805
0.06,293441
0.06,293300
0.06,292012
0.06,291569
0.06,288956
0.06,287535
0.06,285818
0.06,285203
0.06,284130
0.06,281748
0.06,281034
0.06,277768
0.07,277379
0.07,276588
0.07,276578
0.07,276312
0.07,275836
0.07,275068
0.07,270273
0.07,266363
0.07,266225
0.07,266178
0.07,265982
0.07,251672
0.07,250920
0.07,250850
0.07,250327
0.07,244321
0.07,244062
0.07,241797
0.07,241272
0.08,240427
0.08,237432
0.08,236269
0.08,236131
0.08,234688
0.08,234686
0.08,234288
0.08,232675
0.08,232048
0.08,231360
0.08,231066
0.08,229767
0.08,229603
0.08,228359
0.08,228071
0.08,228067
0.08,227115
0.08,226703
0.08,225824
0.08,225346
0.09,224879
0.09,223106
0.09,221941
0.09,221230
0.09,221055
0.09,220946
0.09,220250
0.09,219966
0.09,218108
0.09,216887
0.09,215943
0.09,214668
0.09,214093
0.09,212184
0.10,211949
0.10,211471
0.10,209264
0.10,208575
0.10,208517
0.10,206584
0.10,205331
0.10,203864
0.10,202605
0.10,201698
0.10,201629
0.10,200013
0.10,198055
0.10,197478
0.10,197334
0.10,196007
0.10,194380
0.11,193339
0.11,192627
0.11,192350
0.11,190685
0.11,190243
0.11,189833
0.11,189466
0.11,189354
0.11,188895
0.11,188595
0.12,188306
0.12,188173
0.12,187428
0.12,182667
0.12,182330
0.12,182305
0.12,178463
0.12,177324
0.12,177235
0.12,175270
0.13,175004
0.13,174903
0.13,174879
0.13,174822
0.13,174349
0.13,174133
0.13,173271
0.13,172488
0.13,172027
0.13,171896
0.14,170590
0.14,170396
0.14,166798
0.14,166760
0.14,166611
0.15,165964
0.15,165765
0.15,165753
0.15,165409
0.15,164990
0.15,164753
0.15,164180
0.15,163707
0.15,163687
0.15,162839
0.16,162461
0.16,162167
0.16,161805
0.16,161370
0.17,161300
0.17,161194
0.17,161135
0.17,161047
0.18,159797
0.18,158489
0.18,158489
0.18,158314
0.18,157684
0.18,156681
0.19,156516
0.19,155308
0.19,155302
0.19,155114
0.20,154189
0.20,153165
0.20,153054
0.20,152836
0.20,152294
0.20,151715
0.20,151402
0.21,149472
0.21,149370
0.22,149321
0.22,148921
0.22,148408
0.22,148216
0.22,148039
0.23,147822
0.25,147787
0.26,145375
0.27,145317
0.27,145131
0.27,145113
0.28,144786
0.29,142360
0.29,142047
0.29,141621
0.31,139693
0.32,139441
0.33,137841
0.48,137592
0.51,136516
0.53,136332
4.30,136327
28.22,136219
28.23,136170
28.40,136055
28.94,135758
29.03,135229
70.29,134474
