0.06,784939
0.06,778868
0.06,775121
0.06,765882
0.06,763408
0.06,762464
0.06,754865
0.07,750552
0.07,749659
0.07,746393
0.07,743118
0.07,741187
0.07,731611
0.07,730114
0.07,725541
0.07,717251
0.07,716494
0.07,714891
0.07,709655
0.07,706534
0.07,704600
0.08,700149
0.08,699445
0.08,695552
0.08,693718
0.08,687157
0.08,674293
0.08,673590
0.08,669327
0.08,668589
0.08,667695
0.08,664720
0.08,664359
0.08,657502
0.08,657470
0.08,656221
0.08,650730
0.08,637356
0.08,633945
0.08,616142
0.09,615188
0.09,611218
0.09,610319
0.09,610070
0.09,609895
0.09,601105
0.09,600545
0.09,599041
0.09,593493
0.09,591850
0.09,588094
0.09,584305
0.09,583560
0.09,582201
0.09,579994
0.09,578050
0.09,576223
0.11,574847
0.11,573028
0.11,561160
0.11,559578
0.17,557179
0.38,556325
0.38,555912
0.38,551812
0.38,547100
0.38,535605
1.09,534509
1.10,533900
1.10,531902
1.10,529043
1.47,525603
1.47,517580
1.91,515472
2.33,514587
2.33,513994
2.62,512964
2.78,508773
2.78,508632
2.78,504696
2.78,499713
2.94,497633
2.94,493938
2.94,489323
2.94,485578
2.94,485072
3.34,478634
3.34,477574
3.34,477572
3.34,477487
3.34,474362
3.34,473122
3.34,469891
5.12,467983
5.12,466920
5.12,464598
5.12,464077
5.12,462282
5.12,460507
5.25,457993
5.25,457272
5.25,452787
5.25,451908
5.25,451904
5.62,446598
5.65,445498
5.65,444278
5.65,442546
5.65,441854
5.65,438295
5.65,438157
5.65,437037
6.33,435068
6.33,434944
6.33,433259
6.68,430963
6.68,430014
7.34,427607
7.34,427161
7.34,426215
7.34,425454
7.34,425417
7.34,421601
7.34,421517
7.34,411093
7.40,408530
7.40,408320
7.40,399784
8.18,399051
8.64,395916
8.64,395746
8.64,390989
8.64,390764
8.64,386754
8.64,385715
8.64,383371
8.64,383023
8.64,382315
8.64,379857
8.64,376391
8.64,375571
8.64,374947
9.37,374194
9.37,372192
9.37,371374
9.37,371234
9.37,370358
9.37,369667
9.37,368900
9.37,368842
9.37,366337
9.37,360581
10.33,360251
10.33,359390
10.33,356509
10.33,354006
10.33,351517
10.33,350660
10.33,350102
10.33,343505
10.33,342511
11.05,340934
11.05,339113
11.05,338222
11.05,336903
11.05,336840
11.05,330486
11.34,327960
11.89,327221
12.36,323835
12.36,323182
12.36,321965
12.36,320922
12.36,318563
12.36,317122
12.36,315509
12.36,313016
12.36,312056
12.36,307283
12.36,307112
12.36,305254
12.36,304749
12.36,304410
12.41,303384
12.41,303163
12.41,302944
12.41,299275
12.41,298864
12.41,297509
12.41,293715
12.41,293653
12.86,292853
12.86,292262
12.86,291568
12.86,291335
12.86,290662
12.86,286518
12.86,285759
12.86,285223
13.32,283973
13.32,283612
13.70,280515
13.70,279689
13.92,278990
13.99,278044
13.99,277451
13.99,277055
14.00,276376
14.13,271010
14.13,268098
14.13,267811
14.13,267073
14.30,265363
14.30,265035
14.30,263585
14.30,262026
14.30,262009
14.30,261778
14.30,261566
14.30,260599
14.35,260140
14.35,258836
14.35,258045
14.35,257583
14.35,257365
14.35,256220
14.35,256164
14.49,254226
14.49,253168
14.49,250634
14.49,249618
14.96,249340
14.96,248404
14.96,246646
15.25,245740
15.64,245654
15.64,245517
15.64,244025
15.64,243909
15.64,242921
15.64,241214
15.65,239293
15.67,238916
15.67,238846
15.67,238642
15.82,237251
15.82,235975
15.82,235916
15.82,234163
15.82,234051
15.82,233591
15.82,233188
15.82,232329
15.82,231691
15.90,231198
15.90,230800
15.90,229498
16.02,227358
16.02,227265
16.02,226452
16.02,226059
16.24,225435
16.24,225297
16.24,224668
16.24,223836
16.32,222977
16.32,220189
16.65,216296
16.65,216216
16.65,215155
16.65,212258
16.93,210888
17.00,208506
17.00,207971
17.00,207386
17.00,206669
17.00,204368
17.01,203920
17.01,203364
17.01,203358
17.01,202141
17.01,201243
17.01,200396
17.01,199982
17.01,196851
17.01,193551
17.87,192571
17.87,192497
17.87,192225
17.87,190629
17.97,190434
17.97,190283
17.97,190243
17.98,190145
17.98,190104
17.98,189701
17.98,189538
18.41,189266
18.41,188064
18.41,187330
18.49,187144
18.49,186700
18.61,186408
18.61,185602
18.61,185216
18.61,184877
18.61,184738
18.61,184721
18.61,184390
18.61,184023
18.63,183960
18.63,183797
18.63,183124
18.63,182484
18.63,181303
18.63,180611
18.63,180462
18.63,179575
18.63,179343
18.63,179070
18.64,178912
18.65,177494
18.65,177476
18.65,176780
18.65,176500
18.92,176239
18.92,176204
18.92,175801
19.20,175548
19.21,175374
19.21,175372
19.21,174514
19.21,173961
19.21,173235
19.39,172924
19.41,172255
19.41,172228
19.41,170954
19.41,169244
19.41,167753
19.41,167619
19.41,167331
19.47,167034
19.47,167033
19.47,167027
19.47,166367
20.16,163785
20.16,162944
20.16,162906
20.55,162613
20.55,162286
20.55,160850
20.55,160773
20.55,159841
20.55,159762
20.55,158192
20.55,158181
20.56,156846
20.56,156731
20.56,156024
20.57,155902
20.77,155168
20.77,154435
20.77,154299
20.77,154207
20.82,152971
20.82,152196
20.82,152132
21.62,152103
21.62,151525
21.77,151129
21.77,150968
21.77,150892
21.78,149757
21.78,149712
21.78,149561
21.78,148712
21.78,148115
21.79,146692
21.79,146556
21.79,146507
21.79,146290
21.79,145535
22.75,144972
22.75,144968
22.75,144831
22.75,144829
22.75,144683
22.75,144527
22.75,144280
22.75,142693
22.75,142681
23.09,142662
23.09,142643
23.09,142348
23.09,142215
23.09,141968
23.14,141810
23.14,141082
23.14,141035
23.14,139699
23.14,138734
23.99,138399
23.99,138174
23.99,137891
23.99,137699
24.00,137499
24.00,136887
24.39,136675
24.39,136649
24.46,136643
24.46,136329
24.89,136103
24.90,135915
24.91,135858
24.91,135810
25.79,135809
25.79,134898
25.79,134817
26.31,134580
26.72,134520
26.74,134461
26.74,134315
26.90,133858
27.06,133776
27.06,133333
27.07,133288
27.08,133274
27.17,133268
27.33,132770
