0.00,686514
0.01,686227
0.01,684013
0.01,682359
0.01,677991
0.01,674010
0.01,670627
0.01,660207
0.01,649592
0.01,647963
0.01,647141
0.01,645122
0.01,641630
0.01,635072
0.01,630482
0.01,617028
0.01,613634
0.01,610001
0.01,607597
0.01,607285
0.01,599207
0.02,597952
0.02,597016
0.02,596118
0.02,595099
0.02,594957
0.02,594401
0.02,593258
0.02,590022
0.02,582040
0.02,579821
0.02,576659
0.02,569783
0.02,567313
0.02,567307
0.02,545512
0.02,544097
0.02,543958
0.02,541502
0.02,537696
0.02,535838
0.02,533438
0.02,533156
0.02,508696
0.02,505843
0.02,502737
0.02,501650
0.02,499894
0.02,499243
0.02,495590
0.02,495414
0.02,493322
0.02,488226
0.03,485751
0.03,485489
0.03,485221
0.03,485016
0.03,483019
0.03,482878
0.03,482309
0.03,481475
0.03,480685
0.03,477615
0.03,477255
0.03,475011
0.03,471006
0.03,460320
0.03,460191
0.03,459254
0.03,453696
0.03,447713
0.03,443480
0.03,441793
0.03,441783
0.03,441329
0.03,440941
0.03,440846
0.03,434898
0.03,434244
0.03,432854
0.03,423502
0.03,422974
0.03,421351
0.03,417416
0.03,415944
0.03,414848
0.03,413216
0.04,411699
0.04,410565
0.04,404710
0.04,404684
0.04,400192
0.04,399595
0.04,399569
0.04,397215
0.04,396797
0.04,396008
0.04,395940
0.04,394255
0.04,390631
0.04,388790
0.04,388023
0.04,387891
0.04,387852
0.04,386550
0.04,386513
0.04,383739
0.04,383148
0.04,382534
0.04,382352
0.04,379424
0.04,379290
0.04,369457
0.04,367465
0.04,366257
0.04,363047
0.04,362887
0.04,362407
0.04,362262
0.04,361374
0.05,360508
0.05,359311
0.05,357686
0.05,353542
0.05,352934
0.05,351861
0.05,351436
0.05,351060
0.05,347157
0.05,344645
0.05,343296
0.05,343291
0.05,343011
0.05,341775
0.05,340555
0.05,339449
0.05,338590
0.05,335254
0.05,333883
0.05,327106
0.05,323884
0.05,321443
0.05,320768
0.05,317991
0.05,317806
0.05,307983
0.05,307665
0.05,306662
0.05,306231
0.05,304527
0.05,303725
0.05,302666
0.05,289841
0.05,289053
0.05,288484
0.05,285760
0.05,285256
0.05,285224
0.06,282701
0.06,282402
0.06,280328
0.06,276876
0.06,275968
0.06,274810
0.06,272231
0.06,271993
0.06,271637
0.06,271608
0.06,271578
0.06,270398
0.06,269348
0.06,268948
0.06,267471
0.06,267255
0.06,267143
0.06,266827
0.06,265149
0.06,264676
0.06,263956
0.06,260902
0.06,258880
0.06,257546
0.06,257311
0.06,256203
0.06,255227
0.06,254413
0.06,250826
0.07,249759
0.07,247370
0.07,245022
0.07,243407
0.07,243107
0.07,242667
0.07,240950
0.07,240703
0.07,236786
0.07,236784
0.07,236419
0.07,235324
0.07,233570
0.07,233449
0.07,232322
0.07,230644
0.07,230399
0.07,229599
0.07,229387
0.08,228782
0.08,225030
0.08,224612
0.08,224157
0.08,223839
0.08,223682
0.08,223500
0.08,223041
0.08,222572
0.08,221789
0.08,220638
0.08,220319
0.08,218501
0.08,218063
0.08,217949
0.08,217844
0.08,216179
0.08,215644
0.08,214139
0.08,213887
0.08,209735
0.08,209323
0.08,208503
0.09,207611
0.09,207422
0.09,206641
0.09,205764
0.09,203604
0.09,203501
0.09,202984
0.09,202312
0.09,201713
0.09,201550
0.09,201467
0.09,201439
0.09,200602
0.09,199437
0.09,198950
0.09,198584
0.09,196053
0.09,196038
0.09,194362
0.09,192663
0.10,191533
0.10,190095
0.10,188677
0.10,187664
0.10,187500
0.10,187233
0.10,186707
0.10,186457
0.10,184772
0.10,184207
0.11,183924
0.11,183471
0.11,183450
0.11,182902
0.11,182308
0.11,179672
0.11,179593
0.11,179184
0.11,179090
0.11,177232
0.11,177001
0.11,176774
0.11,176306
0.11,176226
0.12,176171
0.12,175160
0.12,175024
0.12,173685
0.12,173233
0.12,172874
0.12,171758
0.12,171448
0.12,171340
0.12,170644
0.12,170208
0.13,168291
0.13,168196
0.13,167555
0.13,166942
0.13,166678
0.13,165930
0.13,165703
0.14,164850
0.14,163509
0.14,163063
0.14,161932
0.14,160881
0.14,160244
0.14,159794
0.14,158970
0.14,155769
0.14,155377
0.15,154315
0.15,154249
0.15,154010
0.15,153986
0.15,153482
0.15,153034
0.16,152928
0.16,152658
0.16,152568
0.16,151992
0.16,151902
0.17,151899
0.17,151862
0.17,151850
0.17,151232
0.17,150682
0.17,149253
0.17,149018
0.18,148632
0.18,147105
0.18,146456
0.18,146387
0.19,146386
0.20,146136
0.20,146018
0.21,145995
0.21,144926
0.21,144700
0.22,144158
0.22,143831
0.24,143517
0.25,143253
0.39,143023
0.39,142733
0.40,142334
0.41,141270
0.42,141181
0.43,140436
0.48,140224
0.64,139656
1.39,139591
1.40,139011
1.43,138950
1.43,138950
1.44,138728
1.44,138435
1.93,138388
2.08,138001
2.09,138001
2.14,137952
4.82,137859
4.86,137859
6.11,136637
6.12,136453
6.15,136325
6.27,135657
6.29,135430
6.81,135109
6.82,134998
6.85,134894
9.51,134819
207.24,134591
284.51,134329
383.76,134295
383.78,133908
383.78,133908
383.78,133717
580.87,133401
580.90,133401
