0.00,690759
0.01,689701
0.01,687948
0.01,687192
0.01,685184
0.01,682659
0.01,680288
0.01,677021
0.01,672663
0.01,668958
0.01,659198
0.01,646092
0.01,645694
0.01,643172
0.01,636944
0.02,636085
0.02,635924
0.02,635345
0.02,633651
0.02,630001
0.02,628770
0.02,628296
0.02,623011
0.02,621353
0.02,619725
0.02,606896
0.02,606100
0.02,605995
0.02,605362
0.02,604010
0.02,598420
0.02,593806
0.02,590799
0.02,590015
0.02,588663
0.02,581226
0.02,564201
0.02,561377
0.02,558658
0.02,558425
0.02,555116
0.02,552384
0.02,551655
0.02,550205
0.02,549932
0.02,547535
0.02,546788
0.02,542743
0.03,542319
0.03,540495
0.03,538776
0.03,537105
0.03,529800
0.03,529413
0.03,528078
0.03,527739
0.03,527696
0.03,523729
0.03,523297
0.03,519477
0.03,519388
0.03,517131
0.03,515050
0.03,514428
0.03,514302
0.03,513526
0.03,511525
0.03,509754
0.03,496039
0.03,493530
0.03,491701
0.03,490288
0.03,489412
0.03,486102
0.03,484687
0.04,484286
0.04,483132
0.04,482436
0.04,482177
0.04,481947
0.04,478741
0.04,477519
0.04,473307
0.04,473073
0.04,470244
0.04,461342
0.04,461205
0.04,460789
0.04,460709
0.04,458400
0.04,458234
0.04,456509
0.04,456376
0.04,455713
0.04,454881
0.04,449933
0.04,447985
0.04,447748
0.04,444547
0.04,443299
0.04,442912
0.04,442762
0.04,442732
0.04,440176
0.04,439745
0.04,438113
0.04,438036
0.04,437973
0.04,437728
0.04,436415
0.04,435456
0.04,434859
0.04,433936
0.04,422831
0.04,420926
0.04,420437
0.05,414515
0.05,411060
0.05,411012
0.05,410344
0.05,408717
0.05,407767
0.05,403066
0.05,400928
0.05,399550
0.05,399192
0.05,399166
0.05,397833
0.05,396965
0.05,395753
0.05,395171
0.05,394121
0.05,391089
0.05,388093
0.05,386889
0.05,386876
0.05,386841
0.05,386667
0.05,385533
0.05,384952
0.05,384113
0.05,383876
0.05,383253
0.05,382607
0.05,379599
0.05,377384
0.05,374244
0.05,372940
0.05,369789
0.05,369176
0.05,368710
0.05,368527
0.05,366433
0.05,364753
0.05,363709
0.05,361963
0.05,361552
0.05,360450
0.05,358072
0.06,356371
0.06,351756
0.06,351607
0.06,350122
0.06,348862
0.06,348804
0.06,348743
0.06,348218
0.06,346606
0.06,345807
0.06,343144
0.06,341904
0.06,335529
0.06,334967
0.06,333469
0.06,332639
0.06,332544
0.06,332040
0.06,330477
0.06,328506
0.06,328112
0.06,328055
0.06,326213
0.06,325177
0.06,324852
0.06,313779
0.06,311839
0.06,311720
0.06,304857
0.07,304705
0.07,304228
0.07,304109
0.07,302995
0.07,302569
0.07,301798
0.07,301643
0.07,300535
0.07,299634
0.07,298699
0.07,298374
0.07,295862
0.07,295225
0.07,294638
0.07,294536
0.07,293626
0.07,292886
0.07,291776
0.07,289448
0.07,289205
0.07,289119
0.07,287101
0.07,284490
0.07,283712
0.07,283427
0.07,274509
0.07,274168
0.07,272099
0.08,266371
0.08,264314
0.08,260605
0.08,260480
0.08,257703
0.08,257665
0.08,255137
0.08,253855
0.08,253813
0.08,253340
0.08,253072
0.08,252378
0.08,252275
0.08,250964
0.08,250623
0.08,250238
0.08,249484
0.08,249350
0.08,248898
0.08,246636
0.08,246142
0.09,245566
0.09,243009
0.09,242981
0.09,242494
0.09,242082
0.09,240514
0.09,240072
0.09,239368
0.09,236226
0.09,235610
0.09,234092
0.09,233525
0.09,233298
0.09,233028
0.09,228879
0.09,227867
0.09,225518
0.09,225281
0.09,225163
0.10,225048
0.10,222961
0.10,219033
0.10,218950
0.10,217210
0.10,216657
0.10,216521
0.10,216492
0.10,214082
0.10,212989
0.10,212684
0.10,212448
0.10,210128
0.10,209552
0.11,209334
0.11,207799
0.11,206822
0.11,203667
0.11,203485
0.11,203335
0.11,202144
0.11,201778
0.11,201503
0.11,201042
0.11,200914
0.11,199707
0.11,199208
0.12,199027
0.12,198481
0.12,197934
0.12,181272
0.12,180327
0.12,179206
0.12,179030
0.12,178962
0.12,178576
0.12,177098
0.13,173436
0.13,173184
0.13,172523
0.13,172131
0.13,172083
0.13,171671
0.13,170208
0.13,169692
0.13,169117
0.13,168488
0.13,167879
0.13,167879
0.14,166473
0.14,165972
0.15,165008
0.15,163889
0.15,163842
0.15,162781
0.15,162698
0.15,162623
0.16,161272
0.16,161126
0.16,160428
0.16,156179
0.16,155723
0.16,153821
0.17,153674
0.17,153401
0.18,153255
0.18,153043
0.19,152068
0.19,150647
0.19,150561
0.21,148275
0.21,146986
0.24,146934
0.24,146670
0.25,146521
0.25,146410
0.25,146344
0.25,146219
0.26,145159
0.27,145023
0.28,144824
0.29,144545
0.30,143823
0.30,143734
0.35,143635
0.52,143616
0.54,143092
0.54,142981
0.55,142638
0.59,142205
1.14,141584
1.15,140179
1.17,139959
1.20,138822
1.23,138822
1.49,138558
1.49,138478
1.53,138392
2.39,137840
2.39,137672
2.39,137380
2.41,136857
2.44,136808
3.81,136497
3.83,136497
3.84,135398
3.88,135349
16.02,134863
16.03,134536
16.04,134223
62.91,134021
62.93,133701
