0.06,780777
0.06,780280
0.06,775620
0.06,774692
0.06,773927
0.06,758084
0.06,750542
0.06,741885
0.07,730340
0.07,725155
0.07,721055
0.07,720984
0.07,716792
0.07,715848
0.07,711516
0.07,710329
0.07,708119
0.07,707365
0.07,700688
0.07,694031
0.07,693729
0.07,692081
0.07,691889
0.07,684679
0.07,683690
0.07,681524
0.07,675535
0.07,675008
0.08,674486
0.08,674238
0.08,672525
0.08,670154
0.08,664006
0.08,661647
0.08,657901
0.08,657677
0.08,656842
0.08,642788
0.08,642682
0.08,642359
0.08,641283
0.08,640996
0.09,638937
0.09,638303
0.09,637426
0.09,637299
0.09,634245
0.09,630845
0.09,630517
0.09,629077
0.09,627246
0.09,616183
0.09,612234
0.09,608053
0.09,604201
0.09,602774
0.09,602763
0.09,599178
0.09,598492
0.09,592906
0.09,591315
0.10,584618
0.10,574856
0.10,566404
0.10,565525
0.10,558293
0.10,557679
0.10,555683
0.21,555444
0.21,553155
0.21,549595
0.21,548461
0.21,547079
0.21,544211
0.59,542729
0.59,542659
0.59,539160
0.59,537623
0.59,534755
0.64,531959
0.64,530262
0.64,530146
0.64,519698
1.52,518750
1.52,517672
1.55,516332
1.55,516152
1.55,513500
1.55,512264
1.64,506929
1.64,501623
1.64,498357
1.64,496786
1.64,494570
3.06,493906
3.19,493132
3.19,487906
3.19,486590
3.19,483390
3.72,482320
3.72,481923
3.72,476889
3.72,476135
3.72,475783
3.72,467570
3.72,464412
3.72,462280
5.48,460998
5.72,460032
5.72,457385
5.93,456513
5.93,453666
5.93,451352
6.31,450777
6.31,448404
6.31,444192
6.31,443440
6.31,442882
6.31,433863
6.31,433567
6.31,432605
6.31,432532
6.31,429609
6.32,420083
7.58,415050
7.58,413540
7.58,412828
7.58,411320
7.58,410191
7.58,407927
7.58,407676
8.10,407508
8.10,405817
8.10,401264
8.10,401244
8.24,393583
9.05,390147
9.34,387741
9.34,384081
9.34,379585
9.55,378368
9.59,377090
9.59,376680
9.59,375520
9.59,371596
9.70,368714
9.70,366577
9.70,366510
9.70,364618
9.70,361777
9.70,361533
9.70,360976
9.70,359824
9.70,359801
9.70,359780
9.70,359490
9.70,354670
9.70,353972
9.70,353197
10.42,350486
10.42,346686
10.71,345611
11.30,342330
11.30,340615
11.34,334059
11.34,333485
11.34,333016
11.34,332547
11.34,331686
11.34,329676
11.34,327479
11.34,326344
11.34,326282
11.34,325635
11.34,325269
11.34,324950
11.34,322426
11.34,318942
11.34,318891
11.34,317548
11.34,314234
12.34,312826
12.34,309375
12.34,308483
12.44,307181
12.44,301404
12.44,296797
12.44,296512
13.25,295325
13.25,292632
13.25,292517
13.45,291683
13.45,291064
13.46,289093
13.46,288378
13.46,287542
13.46,286349
13.46,283959
13.46,283796
13.46,281958
13.46,281736
13.48,281662
13.48,280108
13.48,279728
13.48,279143
13.48,278679
13.48,277486
13.48,276759
14.17,274721
14.26,273565
14.26,273272
14.26,271731
14.26,269004
14.26,268695
14.32,266050
14.32,265992
14.32,265943
14.32,262140
14.32,261351
14.32,260024
14.32,259891
14.32,259032
14.51,258953
14.51,258943
14.51,258446
14.51,258177
14.52,258151
14.52,258142
14.99,257751
15.01,257058
15.01,257042
15.02,256249
15.02,255116
15.02,253751
15.02,252891
15.02,252847
15.02,251999
15.02,251495
15.02,250975
15.02,250189
15.02,249765
15.02,246975
15.02,246242
15.02,245616
15.02,244758
15.02,242718
15.02,241650
15.02,240366
15.19,238503
15.19,238302
15.19,236230
15.19,235524
15.19,234643
15.19,233049
16.00,232916
16.00,230879
16.00,229993
16.00,229978
16.00,229159
16.00,229022
16.00,225603
16.14,224306
16.14,223871
16.14,223364
16.44,222973
16.44,219899
16.44,219784
16.44,219594
16.44,215598
16.44,215165
16.90,214381
16.99,213937
17.04,213911
17.05,213058
17.05,211829
17.05,211083
17.11,210094
17.20,208263
17.56,206348
17.56,205892
17.57,204934
17.57,204568
17.57,204468
17.57,204201
17.57,200991
17.57,199668
17.99,199330
18.05,199299
18.06,198971
18.07,198538
18.07,197974
18.07,197863
18.07,197500
18.07,197023
18.12,195446
18.12,192620
18.12,192262
18.12,192105
18.16,190984
18.16,190286
18.16,188162
18.64,186076
18.64,185785
18.64,184404
18.64,183956
18.64,183200
18.65,178836
19.17,178537
19.17,176195
19.17,176055
19.17,175185
19.17,172385
19.93,170937
19.94,170448
19.94,170317
19.94,169964
19.94,169823
19.94,167716
20.03,166142
20.33,163985
20.33,163869
20.33,163600
20.33,163307
20.33,162700
20.33,162054
20.33,162049
20.33,162033
20.33,161973
20.33,161390
20.33,161388
20.64,160200
20.64,159554
20.64,159485
20.64,158727
21.14,158585
21.19,158460
21.19,157633
21.46,157610
21.46,157530
21.46,157163
21.46,156220
21.46,156050
21.46,155882
21.46,155602
21.46,155311
21.46,155066
21.46,154706
21.46,154318
21.47,154272
21.47,153803
21.50,152821
21.50,152649
21.50,152040
21.55,152031
22.27,151700
22.27,151224
22.27,151096
22.27,151027
22.27,150837
22.27,149541
22.29,149050
22.29,147931
22.29,146973
22.30,146460
22.30,146412
22.30,145636
22.44,144224
22.44,144121
22.45,143755
22.45,143100
22.99,142316
23.00,142313
23.00,142237
23.00,141419
23.00,140996
23.01,140198
23.01,139910
23.01,139848
23.01,139275
23.08,139272
23.08,138006
23.08,137957
23.83,137756
24.25,137397
24.25,136788
24.25,136604
24.90,136509
24.91,136381
24.91,135265
24.91,135092
24.91,134875
25.54,134874
25.54,134580
25.54,134353
26.60,134184
26.61,133685
26.61,133657
26.61,133329
27.79,133163
27.82,133116
28.52,133072
28.54,133048
28.54,132967
28.54,132839
29.42,132780
30.10,132751
31.09,132733
