0.00,685440
0.01,683430
0.01,681945
0.01,678282
0.01,677556
0.01,666624
0.01,665070
0.01,661455
0.01,661287
0.01,660288
0.01,659289
0.01,659177
0.01,650116
0.01,648731
0.01,633894
0.01,631638
0.01,630855
0.01,630440
0.01,630118
0.01,628105
0.01,628076
0.01,627316
0.01,620640
0.02,620532
0.02,617323
0.02,614861
0.02,609398
0.02,604869
0.02,604812
0.02,604382
0.02,596737
0.02,594012
0.02,586361
0.02,577267
0.02,573715
0.02,573584
0.02,568242
0.02,565893
0.02,565403
0.02,565318
0.02,561467
0.02,558964
0.02,552970
0.02,552038
0.02,547314
0.02,544464
0.02,537090
0.02,536016
0.02,531403
0.02,531249
0.02,525070
0.02,522445
0.02,514956
0.02,512746
0.02,510321
0.02,509885
0.02,509256
0.02,508793
0.02,507616
0.02,500885
0.02,500692
0.02,497419
0.03,496270
0.03,496208
0.03,493585
0.03,492582
0.03,491831
0.03,491737
0.03,488091
0.03,486109
0.03,484828
0.03,482444
0.03,481880
0.03,480942
0.03,478034
0.03,475983
0.03,475573
0.03,474208
0.03,473946
0.03,472153
0.03,471219
0.03,456538
0.03,454891
0.03,451500
0.03,450944
0.03,450049
0.03,448926
0.03,448182
0.03,447458
0.03,445954
0.03,443876
0.03,441209
0.03,439245
0.03,439015
0.04,438746
0.04,435668
0.04,435527
0.04,431605
0.04,430513
0.04,426151
0.04,423207
0.04,420025
0.04,419502
0.04,419432
0.04,417409
0.04,416874
0.04,404233
0.04,402219
0.04,399729
0.04,399179
0.04,398649
0.04,392750
0.04,392734
0.04,391637
0.04,385623
0.04,385009
0.04,384943
0.04,384285
0.04,381948
0.04,380416
0.04,380175
0.04,379470
0.04,379111
0.04,379070
0.04,376700
0.04,374435
0.04,363677
0.04,363493
0.04,360527
0.05,360400
0.05,359618
0.05,359589
0.05,359092
0.05,359085
0.05,357063
0.05,356457
0.05,354874
0.05,353523
0.05,351142
0.05,335250
0.05,334643
0.05,334393
0.05,334068
0.05,333093
0.05,332852
0.05,332849
0.05,332348
0.05,331491
0.05,330362
0.05,329497
0.05,328871
0.05,328539
0.05,327957
0.05,327093
0.05,327047
0.05,326437
0.05,326258
0.05,325993
0.05,323262
0.05,322934
0.05,320795
0.05,318568
0.05,316552
0.05,315308
0.06,314935
0.06,314775
0.06,313978
0.06,313057
0.06,312362
0.06,311663
0.06,310814
0.06,310724
0.06,310686
0.06,310397
0.06,310365
0.06,309987
0.06,305235
0.06,303652
0.06,303177
0.06,302364
0.06,298834
0.06,297251
0.06,297179
0.06,294776
0.06,292570
0.06,288191
0.06,288161
0.06,287656
0.06,287463
0.06,287140
0.06,284312
0.06,283586
0.07,283120
0.07,282269
0.07,282018
0.07,281604
0.07,281273
0.07,281183
0.07,281090
0.07,280745
0.07,280272
0.07,276675
0.07,275603
0.07,274954
0.07,272870
0.07,271858
0.07,270977
0.07,270812
0.07,270544
0.07,268005
0.07,265235
0.07,264417
0.07,264412
0.07,263044
0.07,259916
0.07,258841
0.07,256080
0.07,250033
0.08,249690
0.08,249580
0.08,249126
0.08,249087
0.08,248661
0.08,248433
0.08,248215
0.08,247564
0.08,247470
0.08,246487
0.08,243280
0.08,243211
0.08,241189
0.08,241134
0.08,239679
0.08,236974
0.08,236672
0.08,234961
0.08,232374
0.08,232166
0.08,228510
0.08,228161
0.08,224812
0.08,223113
0.08,223081
0.08,222984
0.08,222901
0.09,222064
0.09,220990
0.09,219617
0.09,218621
0.09,218326
0.09,218060
0.09,217974
0.09,216901
0.09,216639
0.09,216141
0.09,215559
0.09,214951
0.09,214467
0.09,214261
0.09,213782
0.09,212964
0.09,196302
0.09,196214
0.09,196102
0.09,196029
0.09,195640
0.09,194724
0.09,194011
0.09,193986
0.09,193730
0.09,193178
0.09,192619
0.09,192146
0.10,192030
0.10,191553
0.10,188573
0.10,187955
0.10,187372
0.10,187152
0.10,187148
0.10,186941
0.10,184190
0.10,183777
0.10,183759
0.10,179882
0.10,179765
0.10,179267
0.11,178457
0.11,178181
0.11,177496
0.11,177305
0.11,175785
0.11,173595
0.11,173450
0.11,173363
0.11,171881
0.11,171496
0.11,171470
0.12,170668
0.12,169841
0.12,169814
0.12,169686
0.12,168812
0.12,167089
0.13,165448
0.13,163565
0.13,163466
0.13,163191
0.14,161983
0.14,161288
0.14,160997
0.14,160887
0.14,160000
0.14,159192
0.15,159173
0.15,159114
0.15,158549
0.15,158501
0.15,158126
0.16,157975
0.16,157915
0.16,157591
0.16,157323
0.16,157212
0.16,157033
0.16,156950
0.17,156485
0.17,155790
0.18,155043
0.19,155022
0.19,154459
0.21,154459
0.21,154222
0.21,154069
0.22,153256
0.22,152506
0.22,152451
0.22,151947
0.23,151618
0.24,150799
0.25,150342
0.25,149690
0.45,148870
0.46,148311
0.57,145586
0.58,145351
0.58,145306
0.59,142450
0.60,140857
0.63,140379
0.63,140015
0.63,139974
0.64,139457
0.66,138640
0.68,137926
1.37,137737
3.23,137588
3.47,136972
3.50,135873
3.53,135824
3.64,134880
3.66,134587
3.68,134162
3.68,134144
3.83,133997
3.84,133874
3.85,133476
