0.06,779028
0.06,778843
0.06,775536
0.06,771751
0.07,770084
0.07,768901
0.07,768433
0.07,766761
0.07,756962
0.07,750700
0.07,750454
0.07,745739
0.07,743487
0.07,740716
0.07,739946
0.07,731676
0.08,729578
0.08,726275
0.08,720805
0.08,720126
0.08,719206
0.08,717481
0.08,717404
0.08,714618
0.08,714162
0.08,713770
0.08,711732
0.08,706686
0.08,703981
0.08,701034
0.08,700579
0.08,699090
0.08,698217
0.08,696577
0.08,691205
0.08,688346
0.08,679734
0.08,677151
0.08,676785
0.08,672111
0.08,659918
0.08,654627
0.08,651268
0.08,648348
0.09,648018
0.09,646532
0.09,646378
0.09,639149
0.09,635805
0.09,635104
0.09,633234
0.10,624000
0.10,623839
0.10,615839
0.10,615350
0.10,608570
0.10,606321
0.10,604173
0.10,603220
0.10,601443
0.10,597389
0.10,587788
0.10,587605
0.10,583791
0.10,582312
0.10,580691
0.10,580072
0.10,579533
0.10,577544
0.11,576771
0.11,575626
0.12,572898
0.12,570225
0.12,569669
0.12,568979
0.12,563019
0.12,557793
0.12,549707
0.12,546229
0.32,544667
0.33,538239
0.33,536642
0.33,533069
0.33,527740
0.33,526808
0.33,525484
0.33,518882
0.33,516625
0.33,512527
0.33,511041
0.33,507608
0.33,507145
2.38,506854
2.38,506369
2.38,506218
3.05,505615
3.05,504523
3.05,502830
3.13,501528
3.31,495303
3.67,493283
3.67,487526
3.67,487030
3.67,486578
3.67,485003
4.24,484732
4.24,484023
4.24,483960
4.24,482344
4.51,481041
4.59,479819
4.59,477576
4.59,476669
4.59,469160
4.59,466706
5.16,463168
5.16,462578
5.57,452403
6.09,451671
6.22,450303
6.60,449601
6.81,449531
6.81,448659
6.81,447119
6.81,447004
6.81,445750
6.81,442708
6.81,441934
6.81,438965
6.82,436095
6.82,435419
6.82,433061
7.20,431083
7.20,430913
7.20,427651
7.20,427042
7.20,422655
7.20,421366
7.38,421310
7.38,420792
7.61,419145
7.61,418680
7.61,416297
7.61,415946
7.62,411449
7.62,410754
8.19,409055
8.19,402165
8.41,401304
8.74,401283
8.74,396898
8.75,394987
8.75,391809
8.75,390837
8.75,389153
8.75,384027
8.75,381687
8.94,380820
9.45,379943
9.45,379689
9.98,376481
9.98,375892
9.98,375799
10.00,372745
10.00,372433
10.05,368401
10.05,367688
10.14,365896
10.14,365314
10.14,363659
10.14,362349
10.14,360804
10.14,357462
10.14,355838
10.14,355686
10.14,355431
10.14,355430
10.70,351057
10.95,350851
10.95,349849
10.95,347669
10.95,347609
10.95,346446
10.95,344935
10.95,343793
10.95,343384
10.95,343007
10.95,336902
10.95,329296
11.56,326984
11.56,326288
11.56,325920
11.84,323524
11.84,320468
11.84,318606
12.51,317196
12.51,317027
12.51,312656
12.51,308356
12.85,307624
12.85,305854
12.85,302045
12.85,299653
12.87,298317
12.89,296412
12.89,294472
12.89,293043
12.89,292364
12.89,292334
12.90,288029
12.90,287946
12.90,286245
12.90,285365
12.90,283075
12.90,282930
12.90,280195
12.90,280069
12.90,278261
12.90,275036
13.97,275024
13.97,271405
13.97,271224
13.97,270670
13.97,268453
13.98,268298
14.46,267474
14.46,266484
14.46,262199
14.46,258528
14.46,256943
14.46,256780
14.46,255013
14.46,254354
15.05,252024
15.05,251096
15.05,250352
15.05,250013
15.21,249752
15.21,249526
15.36,248839
15.36,248816
15.36,248502
15.38,246483
15.38,246411
15.38,245852
15.50,245681
15.50,245578
15.50,243192
15.50,242606
15.68,242570
15.84,242433
15.84,241497
15.87,239953
15.87,239421
15.87,238080
15.87,236538
16.07,236503
16.24,234962
16.24,234834
16.24,232994
16.40,232144
16.41,231457
16.42,230214
16.42,229194
16.42,229077
16.42,224511
16.42,223800
16.55,223770
16.56,221596
16.56,221540
16.56,220174
16.56,218773
16.56,218343
16.56,217527
16.57,213535
16.57,213425
16.57,211092
17.17,210410
17.17,208390
17.17,208003
17.34,207173
17.34,206171
17.74,205452
17.74,205380
17.74,205285
17.74,204387
17.74,204290
17.74,202936
17.90,202822
17.90,201721
17.90,201295
17.90,199589
17.90,197739
17.90,197495
17.96,196824
17.96,196475
17.96,194833
17.96,194291
17.96,194280
17.96,193704
18.48,193188
18.72,191937
18.72,191398
18.72,190838
18.72,189978
18.73,187802
18.73,187683
18.73,187498
18.84,186053
19.01,185888
19.01,185147
19.01,184747
19.01,184430
19.01,184118
19.01,183565
19.01,183292
19.01,183068
19.01,182713
19.01,182029
19.01,181446
19.01,180935
19.18,179656
19.18,179519
19.19,178318
19.19,178004
19.19,177854
19.19,177783
19.19,177684
19.19,176162
19.19,175672
19.19,174969
19.19,172327
19.19,171271
19.19,171196
19.75,170351
19.75,169765
20.26,168998
20.27,168880
20.27,168833
20.27,168497
20.27,167477
20.28,166632
20.28,165530
20.28,165312
20.28,163799
20.71,163610
20.71,163590
20.71,160999
20.71,160771
20.71,160656
20.71,159887
20.78,159605
20.78,158456
20.78,157318
20.78,156847
21.29,156019
21.29,154358
21.29,154217
21.90,153722
21.90,153331
21.96,153183
22.02,152797
22.02,152143
22.02,151743
22.02,151589
22.03,150381
22.03,150256
22.16,150045
22.17,149627
22.19,149498
22.19,149032
22.19,148135
22.19,147217
22.19,146940
22.71,146679
22.87,146223
22.95,146220
22.95,145660
22.95,145417
23.00,145167
23.01,144839
23.07,144416
23.08,143927
23.08,143594
23.08,142962
23.09,142942
23.09,142687
23.09,141966
23.09,141406
23.44,141375
23.44,141206
23.44,140816
23.44,140797
23.45,140282
23.46,139469
24.68,139403
24.69,139222
24.69,138432
24.69,138324
24.70,138321
25.23,138316
25.32,138096
25.33,138079
25.33,138043
25.33,137847
25.33,137620
25.33,137571
25.33,137078
25.34,136955
25.34,136948
25.34,136444
25.34,136405
26.55,136391
26.56,136356
26.67,136105
26.70,135629
27.19,135058
27.20,134962
27.21,134937
27.22,134876
27.22,134737
27.33,134671
27.33,134643
27.45,134638
27.47,134490
27.61,134009
