0.00,692165
0.01,690709
0.01,683531
0.01,683115
0.01,679474
0.01,676738
0.01,674173
0.01,673253
0.01,673101
0.01,670811
0.01,651633
0.01,650666
0.01,646590
0.01,635911
0.01,635772
0.01,633981
0.01,633183
0.01,630354
0.02,629602
0.02,629070
0.02,625844
0.02,624865
0.02,624331
0.02,619307
0.02,617565
0.02,614300
0.02,613670
0.02,610787
0.02,605694
0.02,604268
0.02,602281
0.02,597624
0.02,597280
0.02,596131
0.02,595539
0.02,592463
0.02,586267
0.02,585967
0.02,585236
0.02,584755
0.02,579909
0.03,574478
0.03,573994
0.03,569327
0.03,563866
0.03,563688
0.03,557445
0.03,556579
0.03,552640
0.03,552017
0.03,548000
0.03,542654
0.03,542646
0.03,541477
0.03,538569
0.03,536237
0.03,530809
0.03,526407
0.03,524375
0.03,517422
0.03,516968
0.03,510531
0.03,509164
0.03,508609
0.03,494488
0.03,493842
0.03,493275
0.03,492890
0.03,492749
0.03,488683
0.03,486505
0.03,486078
0.03,485883
0.03,485618
0.04,472024
0.04,457324
0.04,451519
0.04,445371
0.04,431232
0.04,429896
0.06,422790
0.06,421472
0.06,420724
0.06,418474
0.06,418222
0.06,416337
0.06,415707
0.06,413972
0.06,412366
0.06,412003
0.06,410249
0.06,403467
0.06,403127
0.06,400133
0.07,400062
0.07,396362
0.07,393140
0.07,390599
0.07,390500
0.07,390254
0.07,389602
0.07,388755
0.07,387083
0.07,384967
0.07,378284
0.07,377368
0.07,374771
0.07,372820
0.07,372717
0.07,372346
0.07,368332
0.07,367974
0.07,363292
0.07,362939
0.07,362052
0.07,360005
0.07,357903
0.07,356157
0.07,351313
0.07,350990
0.07,349745
0.07,349216
0.07,349206
0.07,348291
0.07,347447
0.07,345290
0.08,345170
0.08,342895
0.08,342645
0.08,342282
0.08,337974
0.08,337948
0.08,337410
0.08,335837
0.08,334590
0.08,333636
0.08,332547
0.08,332362
0.09,332123
0.09,331150
0.09,330431
0.09,328620
0.09,321109
0.09,320596
0.09,319173
0.09,319036
0.09,318823
0.09,316963
0.09,315558
0.09,314175
0.09,310874
0.09,310122
0.09,310043
0.09,305908
0.09,305824
0.09,305571
0.09,304761
0.09,302812
0.09,302691
0.09,301763
0.09,299572
0.09,296307
0.09,296241
0.09,293480
0.09,291253
0.09,291077
0.10,289545
0.10,289460
0.10,288237
0.10,288049
0.10,287998
0.10,286272
0.10,284341
0.10,281846
0.10,281829
0.10,279431
0.10,279158
0.10,272889
0.10,272677
0.10,272621
0.10,272557
0.10,271978
0.10,271051
0.10,267846
0.10,267816
0.10,267041
0.10,266412
0.10,266295
0.10,259207
0.10,258322
0.11,257891
0.11,256753
0.11,256435
0.11,255792
0.11,255241
0.11,251891
0.13,251212
0.13,249770
0.13,249419
0.13,248159
0.13,247399
0.13,247319
0.13,246346
0.13,245124
0.13,244359
0.14,243940
0.15,243343
0.15,243102
0.15,242635
0.15,241045
0.15,238625
0.15,235375
0.15,234585
0.15,232490
0.15,232429
0.15,232003
0.16,230681
0.16,230558
0.16,230403
0.16,222884
0.16,221651
0.16,221489
0.16,221381
0.16,221306
0.16,220738
0.16,220436
0.16,219690
0.16,218433
0.16,218307
0.16,218170
0.17,217985
0.17,217373
0.17,217045
0.17,211291
0.17,210141
0.17,208161
0.17,208014
0.17,207802
0.17,207779
0.17,206904
0.17,206329
0.17,206102
0.18,205990
0.18,205926
0.19,205272
0.19,203967
0.19,203133
0.20,203124
0.20,202577
0.21,201548
0.21,200047
0.21,189423
0.21,188699
0.21,188596
0.21,187255
0.21,185891
0.21,185792
0.22,184484
0.22,184314
0.22,184028
0.22,183925
0.22,183877
0.22,183825
0.22,183307
0.22,181818
0.22,181665
0.22,181323
0.23,180449
0.23,180446
0.23,180395
0.23,180320
0.23,180075
0.23,179771
0.23,178203
0.23,178126
0.23,177908
0.23,177657
0.24,176838
0.24,175213
0.24,174849
0.25,174651
0.25,173075
0.25,172099
0.25,172004
0.26,171241
0.26,169848
0.27,164496
0.27,161994
0.27,161012
0.27,160516
0.27,160367
0.28,159644
0.29,159487
0.29,159414
0.29,156809
0.29,156144
0.29,154387
0.30,153495
0.31,152580
0.32,151694
0.32,151152
0.32,150794
0.32,150429
0.33,150191
0.34,150097
0.34,149745
0.35,148695
0.36,148443
0.37,147749
0.37,147603
0.37,147414
0.38,147314
0.39,146867
0.39,145601
0.40,145017
0.40,144321
0.41,143616
0.42,142485
0.42,141348
0.44,140768
0.47,140007
0.50,139608
1.89,139564
1.90,139515
1.91,137013
1.92,136829
2.03,136819
4.91,136738
4.95,136449
4.97,136228
4.99,135885
16.73,135529
16.74,135460
16.74,135406
16.75,135212
16.79,134983
33.09,134318
33.11,134269
90.13,134019
401.05,134014
