0.00,692454
0.01,691239
0.01,685211
0.01,684603
0.01,683483
0.01,674932
0.01,664786
0.01,663953
0.01,661141
0.01,660553
0.01,654673
0.01,654403
0.01,653100
0.01,650295
0.01,650009
0.01,638546
0.01,633695
0.02,626642
0.02,624569
0.02,624320
0.02,621621
0.02,615797
0.02,612518
0.02,611954
0.02,607218
0.02,607188
0.02,606783
0.02,602419
0.02,600053
0.02,599399
0.02,595335
0.02,594528
0.02,591970
0.02,590909
0.02,586516
0.02,584884
0.02,575728
0.02,570246
0.02,568710
0.02,568690
0.02,530848
0.02,527414
0.02,524919
0.02,523665
0.02,521885
0.02,517988
0.04,515042
0.04,515007
0.04,512962
0.04,512911
0.04,511945
0.04,510522
0.04,509572
0.04,505228
0.04,502581
0.04,498396
0.04,492027
0.04,486767
0.04,486110
0.04,485999
0.04,467402
0.04,465933
0.04,456179
0.04,451146
0.04,450904
0.04,448924
0.04,446961
0.04,446814
0.04,446336
0.04,446145
0.04,445810
0.07,444179
0.07,442757
0.07,441043
0.07,438360
0.07,432895
0.07,428460
0.08,427655
0.08,426708
0.08,425066
0.08,424871
0.08,423291
0.08,422187
0.08,421871
0.08,420030
0.08,419385
0.08,418321
0.08,411124
0.08,409750
0.08,408850
0.08,408006
0.08,401204
0.08,400542
0.08,398800
0.08,396539
0.08,396534
0.08,396342
0.08,396168
0.08,391975
0.08,391456
0.08,389729
0.08,389450
0.08,386881
0.08,386708
0.09,385370
0.09,381381
0.09,380448
0.09,379251
0.09,378310
0.09,377608
0.09,377070
0.09,375920
0.09,375190
0.09,374370
0.09,372948
0.09,370469
0.09,363406
0.09,360461
0.09,359129
0.09,358115
0.09,357960
0.09,357419
0.09,354433
0.09,354432
0.09,353109
0.09,350099
0.09,349792
0.09,348395
0.10,345818
0.10,344832
0.10,344391
0.10,344064
0.10,344059
0.10,343075
0.10,338448
0.10,337643
0.10,336324
0.10,334323
0.10,333591
0.10,332081
0.10,330817
0.10,328100
0.10,327998
0.10,325757
0.10,325261
0.10,324311
0.10,321608
0.10,320862
0.10,318066
0.10,317502
0.10,316506
0.10,314334
0.10,314215
0.11,312666
0.11,312086
0.11,310965
0.11,309884
0.11,309559
0.11,309160
0.11,308567
0.11,308556
0.11,308402
0.11,308041
0.11,299789
0.11,297001
0.12,293717
0.12,288475
0.12,283619
0.12,283308
0.12,283211
0.12,282018
0.12,282005
0.12,280885
0.12,279829
0.12,279322
0.12,278509
0.12,278271
0.12,277598
0.12,276886
0.12,275135
0.12,274289
0.12,274164
0.12,271658
0.12,269794
0.12,269075
0.12,268717
0.12,268584
0.12,268549
0.12,267063
0.12,265457
0.12,264239
0.12,262925
0.13,261815
0.13,258677
0.13,257218
0.13,251699
0.13,241968
0.13,241901
0.13,240541
0.13,239870
0.13,238026
0.13,237936
0.13,236720
0.13,236717
0.13,235975
0.13,234229
0.13,233666
0.13,233325
0.13,231517
0.13,231494
0.13,231402
0.13,230692
0.13,228007
0.13,227975
0.13,227530
0.13,225958
0.13,225650
0.14,223223
0.14,221889
0.14,220393
0.14,219687
0.14,219024
0.14,218977
0.14,218802
0.14,218751
0.14,218561
0.14,217689
0.14,215481
0.14,215361
0.15,214269
0.15,212845
0.15,210199
0.15,209914
0.15,206815
0.15,206456
0.15,206357
0.15,206324
0.15,206018
0.15,205807
0.15,205566
0.15,205531
0.15,201636
0.15,200863
0.15,200222
0.16,198131
0.16,197863
0.16,197505
0.16,196574
0.16,196190
0.16,193959
0.16,191827
0.16,191744
0.16,191679
0.16,191271
0.16,190609
0.16,190495
0.16,189899
0.16,189596
0.17,188899
0.17,185812
0.17,184672
0.17,182213
0.17,181995
0.17,179524
0.17,179523
0.17,179444
0.18,176851
0.18,175018
0.18,174684
0.18,174067
0.18,173047
0.19,173014
0.19,172192
0.19,171907
0.19,171250
0.19,169549
0.21,169430
0.21,169177
0.22,169102
0.22,168496
0.22,168269
0.22,166662
0.23,165950
0.23,164750
0.23,163965
0.24,163237
0.24,163002
0.24,162174
0.25,161642
0.25,161207
0.25,160671
0.25,160591
0.25,156533
0.27,155999
0.27,155655
0.28,155551
0.29,155259
0.30,154776
0.30,154738
0.32,154305
0.32,153860
0.33,153703
0.34,153518
0.34,153407
0.35,153188
0.35,152911
0.35,152347
0.36,152323
0.38,152073
0.40,151997
0.41,151894
0.43,151069
0.43,150985
0.45,150663
0.48,150472
0.49,150460
0.53,150351
0.54,150124
0.56,149946
0.72,149796
0.72,149796
0.73,149499
0.73,148877
0.74,148765
0.74,148550
0.76,148012
0.76,147641
0.78,146792
0.78,146777
0.80,146757
0.84,146426
1.03,146319
1.04,146206
1.14,146142
1.14,146124
1.14,145739
1.17,145187
1.18,144448
1.18,144124
1.18,143161
1.22,143092
1.23,143092
1.35,141332
1.35,141284
1.36,140898
1.38,140370
1.39,140351
1.51,139689
1.53,139620
1.67,138093
1.68,137328
1.72,136500
12.53,136153
12.54,135990
12.57,135638
12.59,135444
12.62,135151
22.53,135089
22.54,134385
22.54,134058
22.56,133806
22.58,133492
